[2024-11-05T04:35:44.183+0000] {local_task_job_runner.py:123} INFO - ::group::Pre task execution logs
[2024-11-05T04:35:44.206+0000] {taskinstance.py:2612} INFO - Dependencies all met for dep_context=non-requeueable deps ti=<TaskInstance: marketvol.tmp_move_AAPL manual__2024-11-05T04:35:25.224185+00:00 [queued]>
[2024-11-05T04:35:44.218+0000] {taskinstance.py:2612} INFO - Dependencies all met for dep_context=requeueable deps ti=<TaskInstance: marketvol.tmp_move_AAPL manual__2024-11-05T04:35:25.224185+00:00 [queued]>
[2024-11-05T04:35:44.219+0000] {taskinstance.py:2865} INFO - Starting attempt 1 of 3
[2024-11-05T04:35:44.251+0000] {taskinstance.py:2888} INFO - Executing <Task(BashOperator): tmp_move_AAPL> on 2024-11-05 04:35:25.224185+00:00
[2024-11-05T04:35:44.259+0000] {warnings.py:112} WARNING - /home/***/.local/lib/python3.12/site-packages/***/task/task_runner/standard_task_runner.py:70: DeprecationWarning: This process (pid=224) is multi-threaded, use of fork() may lead to deadlocks in the child.
  pid = os.fork()

[2024-11-05T04:35:44.261+0000] {standard_task_runner.py:72} INFO - Started process 229 to run task
[2024-11-05T04:35:44.262+0000] {standard_task_runner.py:104} INFO - Running: ['***', 'tasks', 'run', 'marketvol', 'tmp_move_AAPL', 'manual__2024-11-05T04:35:25.224185+00:00', '--job-id', '9', '--raw', '--subdir', 'DAGS_FOLDER/Airflow_Miniproj.py', '--cfg-path', '/tmp/tmpf8ewf0ph']
[2024-11-05T04:35:44.263+0000] {standard_task_runner.py:105} INFO - Job 9: Subtask tmp_move_AAPL
[2024-11-05T04:35:44.327+0000] {task_command.py:467} INFO - Running <TaskInstance: marketvol.tmp_move_AAPL manual__2024-11-05T04:35:25.224185+00:00 [running]> on host 86283349870f
[2024-11-05T04:35:44.448+0000] {taskinstance.py:3131} INFO - Exporting env vars: AIRFLOW_CTX_DAG_OWNER='Margaret' AIRFLOW_CTX_DAG_ID='marketvol' AIRFLOW_CTX_TASK_ID='tmp_move_AAPL' AIRFLOW_CTX_EXECUTION_DATE='2024-11-05T04:35:25.224185+00:00' AIRFLOW_CTX_TRY_NUMBER='1' AIRFLOW_CTX_DAG_RUN_ID='manual__2024-11-05T04:35:25.224185+00:00'
[2024-11-05T04:35:44.450+0000] {logging_mixin.py:190} INFO - Task instance is in running state
[2024-11-05T04:35:44.451+0000] {logging_mixin.py:190} INFO -  Previous state of the Task instance: queued
[2024-11-05T04:35:44.452+0000] {logging_mixin.py:190} INFO - Current task name:tmp_move_AAPL state:running start_date:2024-11-05 04:35:44.207400+00:00
[2024-11-05T04:35:44.453+0000] {logging_mixin.py:190} INFO - Dag name:marketvol and current dag run status:running
[2024-11-05T04:35:44.453+0000] {taskinstance.py:731} INFO - ::endgroup::
[2024-11-05T04:35:44.455+0000] {subprocess.py:63} INFO - Tmp dir root location: /tmp
[2024-11-05T04:35:44.457+0000] {subprocess.py:75} INFO - Running command: ['/usr/bin/bash', '-c', 'mv /opt/***/AAPL_data.csv /tmp/data/2024-11-05/']
[2024-11-05T04:35:44.469+0000] {subprocess.py:86} INFO - Output:
[2024-11-05T04:35:44.476+0000] {subprocess.py:97} INFO - Command exited with return code 0
[2024-11-05T04:35:44.515+0000] {taskinstance.py:340} INFO - ::group::Post task execution logs
[2024-11-05T04:35:44.516+0000] {taskinstance.py:352} INFO - Marking task as SUCCESS. dag_id=marketvol, task_id=tmp_move_AAPL, run_id=manual__2024-11-05T04:35:25.224185+00:00, execution_date=20241105T043525, start_date=20241105T043544, end_date=20241105T043544
[2024-11-05T04:35:44.542+0000] {logging_mixin.py:190} INFO - Task instance in success state
[2024-11-05T04:35:44.543+0000] {logging_mixin.py:190} INFO -  Previous state of the Task instance: running
[2024-11-05T04:35:44.544+0000] {logging_mixin.py:190} INFO - Dag name:marketvol queued_at:2024-11-05 04:35:25.247674+00:00
[2024-11-05T04:35:44.544+0000] {logging_mixin.py:190} INFO - Task hostname:86283349870f operator:BashOperator
[2024-11-05T04:35:44.597+0000] {local_task_job_runner.py:266} INFO - Task exited with return code 0
[2024-11-05T04:35:44.631+0000] {taskinstance.py:3900} INFO - 1 downstream tasks scheduled from follow-on schedule check
[2024-11-05T04:35:44.651+0000] {local_task_job_runner.py:245} INFO - ::endgroup::
