[2024-11-04T23:53:36.634+0000] {local_task_job_runner.py:123} INFO - ::group::Pre task execution logs
[2024-11-04T23:53:36.656+0000] {taskinstance.py:2612} INFO - Dependencies all met for dep_context=non-requeueable deps ti=<TaskInstance: marketvol.get_data_AAPL manual__2024-11-04T23:53:26.624508+00:00 [queued]>
[2024-11-04T23:53:36.666+0000] {taskinstance.py:2612} INFO - Dependencies all met for dep_context=requeueable deps ti=<TaskInstance: marketvol.get_data_AAPL manual__2024-11-04T23:53:26.624508+00:00 [queued]>
[2024-11-04T23:53:36.666+0000] {taskinstance.py:2865} INFO - Starting attempt 1 of 3
[2024-11-04T23:53:36.683+0000] {taskinstance.py:2888} INFO - Executing <Task(PythonOperator): get_data_AAPL> on 2024-11-04 23:53:26.624508+00:00
[2024-11-04T23:53:36.689+0000] {warnings.py:112} WARNING - /home/***/.local/lib/python3.12/site-packages/***/task/task_runner/standard_task_runner.py:70: DeprecationWarning: This process (pid=15835) is multi-threaded, use of fork() may lead to deadlocks in the child.
  pid = os.fork()

[2024-11-04T23:53:36.691+0000] {standard_task_runner.py:72} INFO - Started process 15846 to run task
[2024-11-04T23:53:36.692+0000] {standard_task_runner.py:104} INFO - Running: ['***', 'tasks', 'run', 'marketvol', 'get_data_AAPL', 'manual__2024-11-04T23:53:26.624508+00:00', '--job-id', '5', '--raw', '--subdir', 'DAGS_FOLDER/Airflow_Miniproj.py', '--cfg-path', '/tmp/tmpce20l79m']
[2024-11-04T23:53:36.694+0000] {standard_task_runner.py:105} INFO - Job 5: Subtask get_data_AAPL
[2024-11-04T23:53:36.749+0000] {task_command.py:467} INFO - Running <TaskInstance: marketvol.get_data_AAPL manual__2024-11-04T23:53:26.624508+00:00 [running]> on host 2e0e50a1433f
[2024-11-04T23:53:36.871+0000] {taskinstance.py:3131} INFO - Exporting env vars: AIRFLOW_CTX_DAG_OWNER='Margaret' AIRFLOW_CTX_DAG_ID='marketvol' AIRFLOW_CTX_TASK_ID='get_data_AAPL' AIRFLOW_CTX_EXECUTION_DATE='2024-11-04T23:53:26.624508+00:00' AIRFLOW_CTX_TRY_NUMBER='1' AIRFLOW_CTX_DAG_RUN_ID='manual__2024-11-04T23:53:26.624508+00:00'
[2024-11-04T23:53:36.872+0000] {logging_mixin.py:190} INFO - Task instance is in running state
[2024-11-04T23:53:36.873+0000] {logging_mixin.py:190} INFO -  Previous state of the Task instance: queued
[2024-11-04T23:53:36.874+0000] {logging_mixin.py:190} INFO - Current task name:get_data_AAPL state:running start_date:2024-11-04 23:53:36.656908+00:00
[2024-11-04T23:53:36.874+0000] {logging_mixin.py:190} INFO - Dag name:marketvol and current dag run status:running
[2024-11-04T23:53:36.875+0000] {taskinstance.py:731} INFO - ::endgroup::
[2024-11-04T23:53:37.596+0000] {logging_mixin.py:190} WARNING - [*********************100%***********************]  1 of 1 completed
[2024-11-04T23:53:37.637+0000] {python.py:240} INFO - Done. Returned value was: None
[2024-11-04T23:53:37.660+0000] {taskinstance.py:340} INFO - ::group::Post task execution logs
[2024-11-04T23:53:37.661+0000] {taskinstance.py:352} INFO - Marking task as SUCCESS. dag_id=marketvol, task_id=get_data_AAPL, run_id=manual__2024-11-04T23:53:26.624508+00:00, execution_date=20241104T235326, start_date=20241104T235336, end_date=20241104T235337
[2024-11-04T23:53:37.700+0000] {logging_mixin.py:190} INFO - Task instance in success state
[2024-11-04T23:53:37.700+0000] {logging_mixin.py:190} INFO -  Previous state of the Task instance: running
[2024-11-04T23:53:37.701+0000] {logging_mixin.py:190} INFO - Dag name:marketvol queued_at:2024-11-04 23:53:26.683633+00:00
[2024-11-04T23:53:37.702+0000] {logging_mixin.py:190} INFO - Task hostname:2e0e50a1433f operator:PythonOperator
[2024-11-04T23:53:37.751+0000] {local_task_job_runner.py:266} INFO - Task exited with return code 0
[2024-11-04T23:53:37.768+0000] {local_task_job_runner.py:245} INFO - ::endgroup::
