[2024-11-05T04:35:43.090+0000] {local_task_job_runner.py:123} INFO - ::group::Pre task execution logs
[2024-11-05T04:35:43.115+0000] {taskinstance.py:2612} INFO - Dependencies all met for dep_context=non-requeueable deps ti=<TaskInstance: marketvol.tmp_move_TSLA manual__2024-11-05T04:35:25.224185+00:00 [queued]>
[2024-11-05T04:35:43.130+0000] {taskinstance.py:2612} INFO - Dependencies all met for dep_context=requeueable deps ti=<TaskInstance: marketvol.tmp_move_TSLA manual__2024-11-05T04:35:25.224185+00:00 [queued]>
[2024-11-05T04:35:43.133+0000] {taskinstance.py:2865} INFO - Starting attempt 1 of 3
[2024-11-05T04:35:43.158+0000] {taskinstance.py:2888} INFO - Executing <Task(BashOperator): tmp_move_TSLA> on 2024-11-05 04:35:25.224185+00:00
[2024-11-05T04:35:43.170+0000] {warnings.py:112} WARNING - /home/***/.local/lib/python3.12/site-packages/***/task/task_runner/standard_task_runner.py:70: DeprecationWarning: This process (pid=222) is multi-threaded, use of fork() may lead to deadlocks in the child.
  pid = os.fork()

[2024-11-05T04:35:43.172+0000] {standard_task_runner.py:72} INFO - Started process 226 to run task
[2024-11-05T04:35:43.173+0000] {standard_task_runner.py:104} INFO - Running: ['***', 'tasks', 'run', 'marketvol', 'tmp_move_TSLA', 'manual__2024-11-05T04:35:25.224185+00:00', '--job-id', '8', '--raw', '--subdir', 'DAGS_FOLDER/Airflow_Miniproj.py', '--cfg-path', '/tmp/tmpvpky9kkt']
[2024-11-05T04:35:43.175+0000] {standard_task_runner.py:105} INFO - Job 8: Subtask tmp_move_TSLA
[2024-11-05T04:35:43.246+0000] {task_command.py:467} INFO - Running <TaskInstance: marketvol.tmp_move_TSLA manual__2024-11-05T04:35:25.224185+00:00 [running]> on host 86283349870f
[2024-11-05T04:35:43.407+0000] {taskinstance.py:3131} INFO - Exporting env vars: AIRFLOW_CTX_DAG_OWNER='Margaret' AIRFLOW_CTX_DAG_ID='marketvol' AIRFLOW_CTX_TASK_ID='tmp_move_TSLA' AIRFLOW_CTX_EXECUTION_DATE='2024-11-05T04:35:25.224185+00:00' AIRFLOW_CTX_TRY_NUMBER='1' AIRFLOW_CTX_DAG_RUN_ID='manual__2024-11-05T04:35:25.224185+00:00'
[2024-11-05T04:35:43.409+0000] {logging_mixin.py:190} INFO - Task instance is in running state
[2024-11-05T04:35:43.410+0000] {logging_mixin.py:190} INFO -  Previous state of the Task instance: queued
[2024-11-05T04:35:43.413+0000] {logging_mixin.py:190} INFO - Current task name:tmp_move_TSLA state:running start_date:2024-11-05 04:35:43.116828+00:00
[2024-11-05T04:35:43.414+0000] {logging_mixin.py:190} INFO - Dag name:marketvol and current dag run status:running
[2024-11-05T04:35:43.415+0000] {taskinstance.py:731} INFO - ::endgroup::
[2024-11-05T04:35:43.417+0000] {subprocess.py:63} INFO - Tmp dir root location: /tmp
[2024-11-05T04:35:43.419+0000] {subprocess.py:75} INFO - Running command: ['/usr/bin/bash', '-c', 'mv /opt/***/TSLA_data.csv /tmp/data/2024-11-05/']
[2024-11-05T04:35:43.436+0000] {subprocess.py:86} INFO - Output:
[2024-11-05T04:35:43.445+0000] {subprocess.py:97} INFO - Command exited with return code 0
[2024-11-05T04:35:43.483+0000] {taskinstance.py:340} INFO - ::group::Post task execution logs
[2024-11-05T04:35:43.484+0000] {taskinstance.py:352} INFO - Marking task as SUCCESS. dag_id=marketvol, task_id=tmp_move_TSLA, run_id=manual__2024-11-05T04:35:25.224185+00:00, execution_date=20241105T043525, start_date=20241105T043543, end_date=20241105T043543
[2024-11-05T04:35:43.499+0000] {logging_mixin.py:190} INFO - Task instance in success state
[2024-11-05T04:35:43.500+0000] {logging_mixin.py:190} INFO -  Previous state of the Task instance: running
[2024-11-05T04:35:43.501+0000] {logging_mixin.py:190} INFO - Dag name:marketvol queued_at:2024-11-05 04:35:25.247674+00:00
[2024-11-05T04:35:43.501+0000] {logging_mixin.py:190} INFO - Task hostname:86283349870f operator:BashOperator
[2024-11-05T04:35:43.551+0000] {local_task_job_runner.py:266} INFO - Task exited with return code 0
[2024-11-05T04:35:43.588+0000] {taskinstance.py:3900} INFO - 0 downstream tasks scheduled from follow-on schedule check
[2024-11-05T04:35:43.593+0000] {local_task_job_runner.py:245} INFO - ::endgroup::
