[2024-11-06T19:18:01.321-0500] {local_task_job_runner.py:123} INFO - ::group::Pre task execution logs
[2024-11-06T19:18:01.362-0500] {taskinstance.py:2612} INFO - Dependencies all met for dep_context=non-requeueable deps ti=<TaskInstance: marketvol.tmp_move_AAPL scheduled__2024-11-05T18:00:00+00:00 [queued]>
[2024-11-06T19:18:01.377-0500] {taskinstance.py:2612} INFO - Dependencies all met for dep_context=requeueable deps ti=<TaskInstance: marketvol.tmp_move_AAPL scheduled__2024-11-05T18:00:00+00:00 [queued]>
[2024-11-06T19:18:01.378-0500] {taskinstance.py:2865} INFO - Starting attempt 1 of 3
[2024-11-06T19:18:01.426-0500] {taskinstance.py:2888} INFO - Executing <Task(BashOperator): tmp_move_AAPL> on 2024-11-05 18:00:00+00:00
[2024-11-06T19:18:01.435-0500] {warnings.py:112} WARNING - /home/***/.local/lib/python3.12/site-packages/***/task/task_runner/standard_task_runner.py:70: DeprecationWarning: This process (pid=79) is multi-threaded, use of fork() may lead to deadlocks in the child.
  pid = os.fork()

[2024-11-06T19:18:01.438-0500] {standard_task_runner.py:72} INFO - Started process 84 to run task
[2024-11-06T19:18:01.440-0500] {standard_task_runner.py:104} INFO - Running: ['***', 'tasks', 'run', 'marketvol', 'tmp_move_AAPL', 'scheduled__2024-11-05T18:00:00+00:00', '--job-id', '14', '--raw', '--subdir', 'DAGS_FOLDER/Airflow_Miniproj.py', '--cfg-path', '/tmp/tmpuspidaz6']
[2024-11-06T19:18:01.442-0500] {standard_task_runner.py:105} INFO - Job 14: Subtask tmp_move_AAPL
[2024-11-06T19:18:01.517-0500] {task_command.py:467} INFO - Running <TaskInstance: marketvol.tmp_move_AAPL scheduled__2024-11-05T18:00:00+00:00 [running]> on host a88b4f89c887
[2024-11-06T19:18:01.674-0500] {taskinstance.py:3131} INFO - Exporting env vars: AIRFLOW_CTX_DAG_OWNER='Margaret' AIRFLOW_CTX_DAG_ID='marketvol' AIRFLOW_CTX_TASK_ID='tmp_move_AAPL' AIRFLOW_CTX_EXECUTION_DATE='2024-11-05T18:00:00+00:00' AIRFLOW_CTX_TRY_NUMBER='1' AIRFLOW_CTX_DAG_RUN_ID='scheduled__2024-11-05T18:00:00+00:00'
[2024-11-06T19:18:01.676-0500] {logging_mixin.py:190} INFO - Task instance is in running state
[2024-11-06T19:18:01.677-0500] {logging_mixin.py:190} INFO -  Previous state of the Task instance: queued
[2024-11-06T19:18:01.677-0500] {logging_mixin.py:190} INFO - Current task name:tmp_move_AAPL state:running start_date:2024-11-07 00:18:01.363653+00:00
[2024-11-06T19:18:01.678-0500] {logging_mixin.py:190} INFO - Dag name:marketvol and current dag run status:running
[2024-11-06T19:18:01.679-0500] {taskinstance.py:731} INFO - ::endgroup::
[2024-11-06T19:18:01.680-0500] {subprocess.py:63} INFO - Tmp dir root location: /tmp
[2024-11-06T19:18:01.681-0500] {subprocess.py:75} INFO - Running command: ['/usr/bin/bash', '-c', 'mv /opt/***/AAPL_data.csv /tmp/data/2024-11-05/']
[2024-11-06T19:18:01.696-0500] {subprocess.py:86} INFO - Output:
[2024-11-06T19:18:01.701-0500] {subprocess.py:97} INFO - Command exited with return code 0
[2024-11-06T19:18:01.742-0500] {taskinstance.py:340} INFO - ::group::Post task execution logs
[2024-11-06T19:18:01.743-0500] {taskinstance.py:352} INFO - Marking task as SUCCESS. dag_id=marketvol, task_id=tmp_move_AAPL, run_id=scheduled__2024-11-05T18:00:00+00:00, execution_date=20241105T180000, start_date=20241107T001801, end_date=20241107T001801
[2024-11-06T19:18:01.758-0500] {logging_mixin.py:190} INFO - Task instance in success state
[2024-11-06T19:18:01.759-0500] {logging_mixin.py:190} INFO -  Previous state of the Task instance: running
[2024-11-06T19:18:01.759-0500] {logging_mixin.py:190} INFO - Dag name:marketvol queued_at:2024-11-07 00:17:43.735885+00:00
[2024-11-06T19:18:01.760-0500] {logging_mixin.py:190} INFO - Task hostname:a88b4f89c887 operator:BashOperator
[2024-11-06T19:18:01.776-0500] {local_task_job_runner.py:266} INFO - Task exited with return code 0
[2024-11-06T19:18:01.790-0500] {local_task_job_runner.py:245} INFO - ::endgroup::
