[2024-11-05T01:03:50.968-0500] {local_task_job_runner.py:123} INFO - ::group::Pre task execution logs
[2024-11-05T01:03:51.005-0500] {taskinstance.py:2612} INFO - Dependencies all met for dep_context=non-requeueable deps ti=<TaskInstance: marketvol.query manual__2024-11-05T06:03:33.987465+00:00 [queued]>
[2024-11-05T01:03:51.021-0500] {taskinstance.py:2612} INFO - Dependencies all met for dep_context=requeueable deps ti=<TaskInstance: marketvol.query manual__2024-11-05T06:03:33.987465+00:00 [queued]>
[2024-11-05T01:03:51.022-0500] {taskinstance.py:2865} INFO - Starting attempt 1 of 3
[2024-11-05T01:03:51.050-0500] {taskinstance.py:2888} INFO - Executing <Task(PythonOperator): query> on 2024-11-05 06:03:33.987465+00:00
[2024-11-05T01:03:51.060-0500] {warnings.py:112} WARNING - /home/***/.local/lib/python3.12/site-packages/***/task/task_runner/standard_task_runner.py:70: DeprecationWarning: This process (pid=377) is multi-threaded, use of fork() may lead to deadlocks in the child.
  pid = os.fork()

[2024-11-05T01:03:51.063-0500] {standard_task_runner.py:72} INFO - Started process 379 to run task
[2024-11-05T01:03:51.065-0500] {standard_task_runner.py:104} INFO - Running: ['***', 'tasks', 'run', 'marketvol', 'query', 'manual__2024-11-05T06:03:33.987465+00:00', '--job-id', '8', '--raw', '--subdir', 'DAGS_FOLDER/Airflow_Miniproj.py', '--cfg-path', '/tmp/tmpr_teix01']
[2024-11-05T01:03:51.067-0500] {standard_task_runner.py:105} INFO - Job 8: Subtask query
[2024-11-05T01:03:51.153-0500] {task_command.py:467} INFO - Running <TaskInstance: marketvol.query manual__2024-11-05T06:03:33.987465+00:00 [running]> on host a88b4f89c887
[2024-11-05T01:03:51.294-0500] {taskinstance.py:3131} INFO - Exporting env vars: AIRFLOW_CTX_DAG_OWNER='Margaret' AIRFLOW_CTX_DAG_ID='marketvol' AIRFLOW_CTX_TASK_ID='query' AIRFLOW_CTX_EXECUTION_DATE='2024-11-05T06:03:33.987465+00:00' AIRFLOW_CTX_TRY_NUMBER='1' AIRFLOW_CTX_DAG_RUN_ID='manual__2024-11-05T06:03:33.987465+00:00'
[2024-11-05T01:03:51.297-0500] {logging_mixin.py:190} INFO - Task instance is in running state
[2024-11-05T01:03:51.298-0500] {logging_mixin.py:190} INFO -  Previous state of the Task instance: queued
[2024-11-05T01:03:51.299-0500] {logging_mixin.py:190} INFO - Current task name:query state:running start_date:2024-11-05 06:03:51.006002+00:00
[2024-11-05T01:03:51.300-0500] {logging_mixin.py:190} INFO - Dag name:marketvol and current dag run status:running
[2024-11-05T01:03:51.301-0500] {taskinstance.py:731} INFO - ::endgroup::
[2024-11-05T01:03:51.310-0500] {logging_mixin.py:190} INFO - Sample AAPL data
[2024-11-05T01:03:51.342-0500] {logging_mixin.py:190} INFO -    2024-11-04 14:30:00+00:00  222.00999450683594  ...  221.01199340820312.1  2164941
0  2024-11-04 14:31:00+00:00          221.529999  ...            221.960007   292805
1  2024-11-04 14:32:00+00:00          220.830093  ...            221.529999   268455
2  2024-11-04 14:33:00+00:00          221.360001  ...            220.860001   221273
3  2024-11-04 14:34:00+00:00          220.664993  ...            221.312607   168013
4  2024-11-04 14:35:00+00:00          220.178696  ...            220.679993   230314

[5 rows x 7 columns]
[2024-11-05T01:03:51.348-0500] {logging_mixin.py:190} INFO - Sample TSLA data
[2024-11-05T01:03:51.373-0500] {logging_mixin.py:190} INFO -    2024-11-04 14:30:00+00:00  244.55999755859375  ...  244.50999450683594  3887099
0  2024-11-04 14:31:00+00:00          242.990005  ...          244.692505   748756
1  2024-11-04 14:32:00+00:00          242.009995  ...          242.999893   661055
2  2024-11-04 14:33:00+00:00          241.585007  ...          242.009995   556079
3  2024-11-04 14:34:00+00:00          241.677399  ...          241.600006   468337
4  2024-11-04 14:35:00+00:00          240.919998  ...          241.720001   679752

[5 rows x 7 columns]
[2024-11-05T01:03:51.373-0500] {python.py:240} INFO - Done. Returned value was: None
[2024-11-05T01:03:51.394-0500] {taskinstance.py:340} INFO - ::group::Post task execution logs
[2024-11-05T01:03:51.395-0500] {taskinstance.py:352} INFO - Marking task as SUCCESS. dag_id=marketvol, task_id=query, run_id=manual__2024-11-05T06:03:33.987465+00:00, execution_date=20241105T060333, start_date=20241105T060351, end_date=20241105T060351
[2024-11-05T01:03:51.420-0500] {logging_mixin.py:190} INFO - Task instance in success state
[2024-11-05T01:03:51.421-0500] {logging_mixin.py:190} INFO -  Previous state of the Task instance: running
[2024-11-05T01:03:51.422-0500] {logging_mixin.py:190} INFO - Dag name:marketvol queued_at:2024-11-05 06:03:34.014739+00:00
[2024-11-05T01:03:51.423-0500] {logging_mixin.py:190} INFO - Task hostname:a88b4f89c887 operator:PythonOperator
[2024-11-05T01:03:51.442-0500] {local_task_job_runner.py:266} INFO - Task exited with return code 0
[2024-11-05T01:03:51.471-0500] {taskinstance.py:3900} INFO - 0 downstream tasks scheduled from follow-on schedule check
[2024-11-05T01:03:51.485-0500] {local_task_job_runner.py:245} INFO - ::endgroup::
