[2024-11-05T04:35:32.953+0000] {local_task_job_runner.py:123} INFO - ::group::Pre task execution logs
[2024-11-05T04:35:32.989+0000] {taskinstance.py:2612} INFO - Dependencies all met for dep_context=non-requeueable deps ti=<TaskInstance: marketvol.temp_dir manual__2024-11-05T04:35:25.224185+00:00 [queued]>
[2024-11-05T04:35:33.005+0000] {taskinstance.py:2612} INFO - Dependencies all met for dep_context=requeueable deps ti=<TaskInstance: marketvol.temp_dir manual__2024-11-05T04:35:25.224185+00:00 [queued]>
[2024-11-05T04:35:33.006+0000] {taskinstance.py:2865} INFO - Starting attempt 1 of 3
[2024-11-05T04:35:33.040+0000] {taskinstance.py:2888} INFO - Executing <Task(BashOperator): temp_dir> on 2024-11-05 04:35:25.224185+00:00
[2024-11-05T04:35:33.056+0000] {warnings.py:112} WARNING - /home/***/.local/lib/python3.12/site-packages/***/task/task_runner/standard_task_runner.py:70: DeprecationWarning: This process (pid=200) is multi-threaded, use of fork() may lead to deadlocks in the child.
  pid = os.fork()

[2024-11-05T04:35:33.061+0000] {standard_task_runner.py:104} INFO - Running: ['***', 'tasks', 'run', 'marketvol', 'temp_dir', 'manual__2024-11-05T04:35:25.224185+00:00', '--job-id', '5', '--raw', '--subdir', 'DAGS_FOLDER/Airflow_Miniproj.py', '--cfg-path', '/tmp/tmp4aoz2wdq']
[2024-11-05T04:35:33.064+0000] {standard_task_runner.py:72} INFO - Started process 209 to run task
[2024-11-05T04:35:33.064+0000] {standard_task_runner.py:105} INFO - Job 5: Subtask temp_dir
[2024-11-05T04:35:33.181+0000] {task_command.py:467} INFO - Running <TaskInstance: marketvol.temp_dir manual__2024-11-05T04:35:25.224185+00:00 [running]> on host 86283349870f
[2024-11-05T04:35:33.397+0000] {taskinstance.py:3131} INFO - Exporting env vars: AIRFLOW_CTX_DAG_OWNER='Margaret' AIRFLOW_CTX_DAG_ID='marketvol' AIRFLOW_CTX_TASK_ID='temp_dir' AIRFLOW_CTX_EXECUTION_DATE='2024-11-05T04:35:25.224185+00:00' AIRFLOW_CTX_TRY_NUMBER='1' AIRFLOW_CTX_DAG_RUN_ID='manual__2024-11-05T04:35:25.224185+00:00'
[2024-11-05T04:35:33.401+0000] {logging_mixin.py:190} INFO - Task instance is in running state
[2024-11-05T04:35:33.407+0000] {logging_mixin.py:190} INFO -  Previous state of the Task instance: queued
[2024-11-05T04:35:33.408+0000] {logging_mixin.py:190} INFO - Current task name:temp_dir state:running start_date:2024-11-05 04:35:32.990741+00:00
[2024-11-05T04:35:33.409+0000] {logging_mixin.py:190} INFO - Dag name:marketvol and current dag run status:running
[2024-11-05T04:35:33.410+0000] {taskinstance.py:731} INFO - ::endgroup::
[2024-11-05T04:35:33.413+0000] {subprocess.py:63} INFO - Tmp dir root location: /tmp
[2024-11-05T04:35:33.415+0000] {subprocess.py:75} INFO - Running command: ['/usr/bin/bash', '-c', 'mkdir -p /tmp/data/2024-11-05']
[2024-11-05T04:35:33.451+0000] {subprocess.py:86} INFO - Output:
[2024-11-05T04:35:33.461+0000] {subprocess.py:97} INFO - Command exited with return code 0
[2024-11-05T04:35:33.519+0000] {taskinstance.py:340} INFO - ::group::Post task execution logs
[2024-11-05T04:35:33.520+0000] {taskinstance.py:352} INFO - Marking task as SUCCESS. dag_id=marketvol, task_id=temp_dir, run_id=manual__2024-11-05T04:35:25.224185+00:00, execution_date=20241105T043525, start_date=20241105T043532, end_date=20241105T043533
[2024-11-05T04:35:33.546+0000] {logging_mixin.py:190} INFO - Task instance in success state
[2024-11-05T04:35:33.548+0000] {logging_mixin.py:190} INFO -  Previous state of the Task instance: running
[2024-11-05T04:35:33.549+0000] {logging_mixin.py:190} INFO - Dag name:marketvol queued_at:2024-11-05 04:35:25.247674+00:00
[2024-11-05T04:35:33.550+0000] {logging_mixin.py:190} INFO - Task hostname:86283349870f operator:BashOperator
[2024-11-05T04:35:33.611+0000] {local_task_job_runner.py:266} INFO - Task exited with return code 0
[2024-11-05T04:35:33.685+0000] {taskinstance.py:3900} INFO - 2 downstream tasks scheduled from follow-on schedule check
[2024-11-05T04:35:33.692+0000] {local_task_job_runner.py:245} INFO - ::endgroup::
