[2024-11-05T01:03:39.371-0500] {local_task_job_runner.py:123} INFO - ::group::Pre task execution logs
[2024-11-05T01:03:39.399-0500] {taskinstance.py:2612} INFO - Dependencies all met for dep_context=non-requeueable deps ti=<TaskInstance: marketvol.temp_dir manual__2024-11-05T06:03:33.987465+00:00 [queued]>
[2024-11-05T01:03:39.412-0500] {taskinstance.py:2612} INFO - Dependencies all met for dep_context=requeueable deps ti=<TaskInstance: marketvol.temp_dir manual__2024-11-05T06:03:33.987465+00:00 [queued]>
[2024-11-05T01:03:39.413-0500] {taskinstance.py:2865} INFO - Starting attempt 1 of 3
[2024-11-05T01:03:39.437-0500] {taskinstance.py:2888} INFO - Executing <Task(BashOperator): temp_dir> on 2024-11-05 06:03:33.987465+00:00
[2024-11-05T01:03:39.448-0500] {warnings.py:112} WARNING - /home/***/.local/lib/python3.12/site-packages/***/task/task_runner/standard_task_runner.py:70: DeprecationWarning: This process (pid=345) is multi-threaded, use of fork() may lead to deadlocks in the child.
  pid = os.fork()

[2024-11-05T01:03:39.452-0500] {standard_task_runner.py:72} INFO - Started process 347 to run task
[2024-11-05T01:03:39.452-0500] {standard_task_runner.py:104} INFO - Running: ['***', 'tasks', 'run', 'marketvol', 'temp_dir', 'manual__2024-11-05T06:03:33.987465+00:00', '--job-id', '3', '--raw', '--subdir', 'DAGS_FOLDER/Airflow_Miniproj.py', '--cfg-path', '/tmp/tmp2o5eawls']
[2024-11-05T01:03:39.455-0500] {standard_task_runner.py:105} INFO - Job 3: Subtask temp_dir
[2024-11-05T01:03:39.547-0500] {task_command.py:467} INFO - Running <TaskInstance: marketvol.temp_dir manual__2024-11-05T06:03:33.987465+00:00 [running]> on host a88b4f89c887
[2024-11-05T01:03:39.692-0500] {taskinstance.py:3131} INFO - Exporting env vars: AIRFLOW_CTX_DAG_OWNER='Margaret' AIRFLOW_CTX_DAG_ID='marketvol' AIRFLOW_CTX_TASK_ID='temp_dir' AIRFLOW_CTX_EXECUTION_DATE='2024-11-05T06:03:33.987465+00:00' AIRFLOW_CTX_TRY_NUMBER='1' AIRFLOW_CTX_DAG_RUN_ID='manual__2024-11-05T06:03:33.987465+00:00'
[2024-11-05T01:03:39.694-0500] {logging_mixin.py:190} INFO - Task instance is in running state
[2024-11-05T01:03:39.695-0500] {logging_mixin.py:190} INFO -  Previous state of the Task instance: queued
[2024-11-05T01:03:39.696-0500] {logging_mixin.py:190} INFO - Current task name:temp_dir state:running start_date:2024-11-05 06:03:39.400873+00:00
[2024-11-05T01:03:39.696-0500] {logging_mixin.py:190} INFO - Dag name:marketvol and current dag run status:running
[2024-11-05T01:03:39.697-0500] {taskinstance.py:731} INFO - ::endgroup::
[2024-11-05T01:03:39.698-0500] {subprocess.py:63} INFO - Tmp dir root location: /tmp
[2024-11-05T01:03:39.699-0500] {subprocess.py:75} INFO - Running command: ['/usr/bin/bash', '-c', 'mkdir -p /tmp/data/2024-11-05']
[2024-11-05T01:03:39.715-0500] {subprocess.py:86} INFO - Output:
[2024-11-05T01:03:39.722-0500] {subprocess.py:97} INFO - Command exited with return code 0
[2024-11-05T01:03:39.759-0500] {taskinstance.py:340} INFO - ::group::Post task execution logs
[2024-11-05T01:03:39.760-0500] {taskinstance.py:352} INFO - Marking task as SUCCESS. dag_id=marketvol, task_id=temp_dir, run_id=manual__2024-11-05T06:03:33.987465+00:00, execution_date=20241105T060333, start_date=20241105T060339, end_date=20241105T060339
[2024-11-05T01:03:39.777-0500] {logging_mixin.py:190} INFO - Task instance in success state
[2024-11-05T01:03:39.778-0500] {logging_mixin.py:190} INFO -  Previous state of the Task instance: running
[2024-11-05T01:03:39.779-0500] {logging_mixin.py:190} INFO - Dag name:marketvol queued_at:2024-11-05 06:03:34.014739+00:00
[2024-11-05T01:03:39.779-0500] {logging_mixin.py:190} INFO - Task hostname:a88b4f89c887 operator:BashOperator
[2024-11-05T01:03:39.792-0500] {local_task_job_runner.py:266} INFO - Task exited with return code 0
[2024-11-05T01:03:39.832-0500] {taskinstance.py:3900} INFO - 2 downstream tasks scheduled from follow-on schedule check
[2024-11-05T01:03:39.837-0500] {local_task_job_runner.py:245} INFO - ::endgroup::
