[2024-11-03T05:29:22.360+0000] {processor.py:186} INFO - Started process (PID=203) to work on /opt/airflow/dags/Airflow_Miniproj.py
[2024-11-03T05:29:22.362+0000] {processor.py:914} INFO - Processing file /opt/airflow/dags/Airflow_Miniproj.py for tasks to queue
[2024-11-03T05:29:22.366+0000] {logging_mixin.py:190} INFO - [2024-11-03T05:29:22.366+0000] {dagbag.py:588} INFO - Filling up the DagBag from /opt/airflow/dags/Airflow_Miniproj.py
[2024-11-03T05:29:22.410+0000] {logging_mixin.py:190} INFO - [2024-11-03T05:29:22.403+0000] {dagbag.py:387} ERROR - Failed to import: /opt/airflow/dags/Airflow_Miniproj.py
Traceback (most recent call last):
  File "/home/airflow/.local/lib/python3.12/site-packages/airflow/models/dagbag.py", line 383, in parse
    loader.exec_module(new_module)
  File "<frozen importlib._bootstrap_external>", line 995, in exec_module
  File "<frozen importlib._bootstrap>", line 488, in _call_with_frames_removed
  File "/opt/airflow/dags/Airflow_Miniproj.py", line 6, in <module>
    import yfinance as yf
ModuleNotFoundError: No module named 'yfinance'
[2024-11-03T05:29:22.414+0000] {processor.py:927} WARNING - No viable dags retrieved from /opt/airflow/dags/Airflow_Miniproj.py
[2024-11-03T05:29:22.481+0000] {processor.py:208} INFO - Processing /opt/airflow/dags/Airflow_Miniproj.py took 0.130 seconds
[2024-11-03T05:29:52.913+0000] {processor.py:186} INFO - Started process (PID=494) to work on /opt/airflow/dags/Airflow_Miniproj.py
[2024-11-03T05:29:52.914+0000] {processor.py:914} INFO - Processing file /opt/airflow/dags/Airflow_Miniproj.py for tasks to queue
[2024-11-03T05:29:52.918+0000] {logging_mixin.py:190} INFO - [2024-11-03T05:29:52.918+0000] {dagbag.py:588} INFO - Filling up the DagBag from /opt/airflow/dags/Airflow_Miniproj.py
[2024-11-03T05:29:52.947+0000] {logging_mixin.py:190} INFO - [2024-11-03T05:29:52.941+0000] {dagbag.py:387} ERROR - Failed to import: /opt/airflow/dags/Airflow_Miniproj.py
Traceback (most recent call last):
  File "/home/airflow/.local/lib/python3.12/site-packages/airflow/models/dagbag.py", line 383, in parse
    loader.exec_module(new_module)
  File "<frozen importlib._bootstrap_external>", line 995, in exec_module
  File "<frozen importlib._bootstrap>", line 488, in _call_with_frames_removed
  File "/opt/airflow/dags/Airflow_Miniproj.py", line 6, in <module>
    import yfinance as yf
ModuleNotFoundError: No module named 'yfinance'
[2024-11-03T05:29:52.949+0000] {processor.py:927} WARNING - No viable dags retrieved from /opt/airflow/dags/Airflow_Miniproj.py
[2024-11-03T05:29:52.984+0000] {processor.py:208} INFO - Processing /opt/airflow/dags/Airflow_Miniproj.py took 0.079 seconds
[2024-11-03T05:30:23.403+0000] {processor.py:186} INFO - Started process (PID=785) to work on /opt/airflow/dags/Airflow_Miniproj.py
[2024-11-03T05:30:23.404+0000] {processor.py:914} INFO - Processing file /opt/airflow/dags/Airflow_Miniproj.py for tasks to queue
[2024-11-03T05:30:23.407+0000] {logging_mixin.py:190} INFO - [2024-11-03T05:30:23.407+0000] {dagbag.py:588} INFO - Filling up the DagBag from /opt/airflow/dags/Airflow_Miniproj.py
[2024-11-03T05:30:23.428+0000] {logging_mixin.py:190} INFO - [2024-11-03T05:30:23.425+0000] {dagbag.py:387} ERROR - Failed to import: /opt/airflow/dags/Airflow_Miniproj.py
Traceback (most recent call last):
  File "/home/airflow/.local/lib/python3.12/site-packages/airflow/models/dagbag.py", line 383, in parse
    loader.exec_module(new_module)
  File "<frozen importlib._bootstrap_external>", line 995, in exec_module
  File "<frozen importlib._bootstrap>", line 488, in _call_with_frames_removed
  File "/opt/airflow/dags/Airflow_Miniproj.py", line 6, in <module>
    import yfinance as yf
ModuleNotFoundError: No module named 'yfinance'
[2024-11-03T05:30:23.430+0000] {processor.py:927} WARNING - No viable dags retrieved from /opt/airflow/dags/Airflow_Miniproj.py
[2024-11-03T05:30:23.453+0000] {processor.py:208} INFO - Processing /opt/airflow/dags/Airflow_Miniproj.py took 0.056 seconds
[2024-11-03T05:30:53.913+0000] {processor.py:186} INFO - Started process (PID=1076) to work on /opt/airflow/dags/Airflow_Miniproj.py
[2024-11-03T05:30:53.914+0000] {processor.py:914} INFO - Processing file /opt/airflow/dags/Airflow_Miniproj.py for tasks to queue
[2024-11-03T05:30:53.917+0000] {logging_mixin.py:190} INFO - [2024-11-03T05:30:53.917+0000] {dagbag.py:588} INFO - Filling up the DagBag from /opt/airflow/dags/Airflow_Miniproj.py
[2024-11-03T05:30:53.937+0000] {logging_mixin.py:190} INFO - [2024-11-03T05:30:53.933+0000] {dagbag.py:387} ERROR - Failed to import: /opt/airflow/dags/Airflow_Miniproj.py
Traceback (most recent call last):
  File "/home/airflow/.local/lib/python3.12/site-packages/airflow/models/dagbag.py", line 383, in parse
    loader.exec_module(new_module)
  File "<frozen importlib._bootstrap_external>", line 995, in exec_module
  File "<frozen importlib._bootstrap>", line 488, in _call_with_frames_removed
  File "/opt/airflow/dags/Airflow_Miniproj.py", line 6, in <module>
    import yfinance as yf
ModuleNotFoundError: No module named 'yfinance'
[2024-11-03T05:30:53.938+0000] {processor.py:927} WARNING - No viable dags retrieved from /opt/airflow/dags/Airflow_Miniproj.py
[2024-11-03T05:30:53.960+0000] {processor.py:208} INFO - Processing /opt/airflow/dags/Airflow_Miniproj.py took 0.054 seconds
[2024-11-03T05:31:24.550+0000] {processor.py:186} INFO - Started process (PID=1367) to work on /opt/airflow/dags/Airflow_Miniproj.py
[2024-11-03T05:31:24.551+0000] {processor.py:914} INFO - Processing file /opt/airflow/dags/Airflow_Miniproj.py for tasks to queue
[2024-11-03T05:31:24.553+0000] {logging_mixin.py:190} INFO - [2024-11-03T05:31:24.553+0000] {dagbag.py:588} INFO - Filling up the DagBag from /opt/airflow/dags/Airflow_Miniproj.py
[2024-11-03T05:31:24.572+0000] {logging_mixin.py:190} INFO - [2024-11-03T05:31:24.569+0000] {dagbag.py:387} ERROR - Failed to import: /opt/airflow/dags/Airflow_Miniproj.py
Traceback (most recent call last):
  File "/home/airflow/.local/lib/python3.12/site-packages/airflow/models/dagbag.py", line 383, in parse
    loader.exec_module(new_module)
  File "<frozen importlib._bootstrap_external>", line 995, in exec_module
  File "<frozen importlib._bootstrap>", line 488, in _call_with_frames_removed
  File "/opt/airflow/dags/Airflow_Miniproj.py", line 6, in <module>
    import yfinance as yf
ModuleNotFoundError: No module named 'yfinance'
[2024-11-03T05:31:24.573+0000] {processor.py:927} WARNING - No viable dags retrieved from /opt/airflow/dags/Airflow_Miniproj.py
[2024-11-03T05:31:24.596+0000] {processor.py:208} INFO - Processing /opt/airflow/dags/Airflow_Miniproj.py took 0.052 seconds
[2024-11-03T05:31:55.328+0000] {processor.py:186} INFO - Started process (PID=1658) to work on /opt/airflow/dags/Airflow_Miniproj.py
[2024-11-03T05:31:55.328+0000] {processor.py:914} INFO - Processing file /opt/airflow/dags/Airflow_Miniproj.py for tasks to queue
[2024-11-03T05:31:55.331+0000] {logging_mixin.py:190} INFO - [2024-11-03T05:31:55.331+0000] {dagbag.py:588} INFO - Filling up the DagBag from /opt/airflow/dags/Airflow_Miniproj.py
[2024-11-03T05:31:55.352+0000] {logging_mixin.py:190} INFO - [2024-11-03T05:31:55.349+0000] {dagbag.py:387} ERROR - Failed to import: /opt/airflow/dags/Airflow_Miniproj.py
Traceback (most recent call last):
  File "/home/airflow/.local/lib/python3.12/site-packages/airflow/models/dagbag.py", line 383, in parse
    loader.exec_module(new_module)
  File "<frozen importlib._bootstrap_external>", line 995, in exec_module
  File "<frozen importlib._bootstrap>", line 488, in _call_with_frames_removed
  File "/opt/airflow/dags/Airflow_Miniproj.py", line 6, in <module>
    import yfinance as yf
ModuleNotFoundError: No module named 'yfinance'
[2024-11-03T05:31:55.354+0000] {processor.py:927} WARNING - No viable dags retrieved from /opt/airflow/dags/Airflow_Miniproj.py
[2024-11-03T05:31:55.375+0000] {processor.py:208} INFO - Processing /opt/airflow/dags/Airflow_Miniproj.py took 0.054 seconds
[2024-11-03T05:32:26.110+0000] {processor.py:186} INFO - Started process (PID=1949) to work on /opt/airflow/dags/Airflow_Miniproj.py
[2024-11-03T05:32:26.112+0000] {processor.py:914} INFO - Processing file /opt/airflow/dags/Airflow_Miniproj.py for tasks to queue
[2024-11-03T05:32:26.117+0000] {logging_mixin.py:190} INFO - [2024-11-03T05:32:26.116+0000] {dagbag.py:588} INFO - Filling up the DagBag from /opt/airflow/dags/Airflow_Miniproj.py
[2024-11-03T05:32:26.141+0000] {logging_mixin.py:190} INFO - [2024-11-03T05:32:26.137+0000] {dagbag.py:387} ERROR - Failed to import: /opt/airflow/dags/Airflow_Miniproj.py
Traceback (most recent call last):
  File "/home/airflow/.local/lib/python3.12/site-packages/airflow/models/dagbag.py", line 383, in parse
    loader.exec_module(new_module)
  File "<frozen importlib._bootstrap_external>", line 995, in exec_module
  File "<frozen importlib._bootstrap>", line 488, in _call_with_frames_removed
  File "/opt/airflow/dags/Airflow_Miniproj.py", line 6, in <module>
    import yfinance as yf
ModuleNotFoundError: No module named 'yfinance'
[2024-11-03T05:32:26.143+0000] {processor.py:927} WARNING - No viable dags retrieved from /opt/airflow/dags/Airflow_Miniproj.py
[2024-11-03T05:32:26.171+0000] {processor.py:208} INFO - Processing /opt/airflow/dags/Airflow_Miniproj.py took 0.068 seconds
[2024-11-03T05:32:56.232+0000] {processor.py:186} INFO - Started process (PID=2241) to work on /opt/airflow/dags/Airflow_Miniproj.py
[2024-11-03T05:32:56.232+0000] {processor.py:914} INFO - Processing file /opt/airflow/dags/Airflow_Miniproj.py for tasks to queue
[2024-11-03T05:32:56.235+0000] {logging_mixin.py:190} INFO - [2024-11-03T05:32:56.235+0000] {dagbag.py:588} INFO - Filling up the DagBag from /opt/airflow/dags/Airflow_Miniproj.py
[2024-11-03T05:32:56.258+0000] {logging_mixin.py:190} INFO - [2024-11-03T05:32:56.253+0000] {dagbag.py:387} ERROR - Failed to import: /opt/airflow/dags/Airflow_Miniproj.py
Traceback (most recent call last):
  File "/home/airflow/.local/lib/python3.12/site-packages/airflow/models/dagbag.py", line 383, in parse
    loader.exec_module(new_module)
  File "<frozen importlib._bootstrap_external>", line 995, in exec_module
  File "<frozen importlib._bootstrap>", line 488, in _call_with_frames_removed
  File "/opt/airflow/dags/Airflow_Miniproj.py", line 6, in <module>
    import yfinance as yf
ModuleNotFoundError: No module named 'yfinance'
[2024-11-03T05:32:56.260+0000] {processor.py:927} WARNING - No viable dags retrieved from /opt/airflow/dags/Airflow_Miniproj.py
[2024-11-03T05:32:56.281+0000] {processor.py:208} INFO - Processing /opt/airflow/dags/Airflow_Miniproj.py took 0.056 seconds
[2024-11-03T05:33:27.015+0000] {processor.py:186} INFO - Started process (PID=2532) to work on /opt/airflow/dags/Airflow_Miniproj.py
[2024-11-03T05:33:27.017+0000] {processor.py:914} INFO - Processing file /opt/airflow/dags/Airflow_Miniproj.py for tasks to queue
[2024-11-03T05:33:27.019+0000] {logging_mixin.py:190} INFO - [2024-11-03T05:33:27.019+0000] {dagbag.py:588} INFO - Filling up the DagBag from /opt/airflow/dags/Airflow_Miniproj.py
[2024-11-03T05:33:27.036+0000] {logging_mixin.py:190} INFO - [2024-11-03T05:33:27.032+0000] {dagbag.py:387} ERROR - Failed to import: /opt/airflow/dags/Airflow_Miniproj.py
Traceback (most recent call last):
  File "/home/airflow/.local/lib/python3.12/site-packages/airflow/models/dagbag.py", line 383, in parse
    loader.exec_module(new_module)
  File "<frozen importlib._bootstrap_external>", line 995, in exec_module
  File "<frozen importlib._bootstrap>", line 488, in _call_with_frames_removed
  File "/opt/airflow/dags/Airflow_Miniproj.py", line 6, in <module>
    import yfinance as yf
ModuleNotFoundError: No module named 'yfinance'
[2024-11-03T05:33:27.037+0000] {processor.py:927} WARNING - No viable dags retrieved from /opt/airflow/dags/Airflow_Miniproj.py
[2024-11-03T05:33:27.059+0000] {processor.py:208} INFO - Processing /opt/airflow/dags/Airflow_Miniproj.py took 0.050 seconds
[2024-11-03T05:33:57.743+0000] {processor.py:186} INFO - Started process (PID=2823) to work on /opt/airflow/dags/Airflow_Miniproj.py
[2024-11-03T05:33:57.744+0000] {processor.py:914} INFO - Processing file /opt/airflow/dags/Airflow_Miniproj.py for tasks to queue
[2024-11-03T05:33:57.748+0000] {logging_mixin.py:190} INFO - [2024-11-03T05:33:57.748+0000] {dagbag.py:588} INFO - Filling up the DagBag from /opt/airflow/dags/Airflow_Miniproj.py
[2024-11-03T05:33:57.774+0000] {logging_mixin.py:190} INFO - [2024-11-03T05:33:57.768+0000] {dagbag.py:387} ERROR - Failed to import: /opt/airflow/dags/Airflow_Miniproj.py
Traceback (most recent call last):
  File "/home/airflow/.local/lib/python3.12/site-packages/airflow/models/dagbag.py", line 383, in parse
    loader.exec_module(new_module)
  File "<frozen importlib._bootstrap_external>", line 995, in exec_module
  File "<frozen importlib._bootstrap>", line 488, in _call_with_frames_removed
  File "/opt/airflow/dags/Airflow_Miniproj.py", line 6, in <module>
    import yfinance as yf
ModuleNotFoundError: No module named 'yfinance'
[2024-11-03T05:33:57.776+0000] {processor.py:927} WARNING - No viable dags retrieved from /opt/airflow/dags/Airflow_Miniproj.py
[2024-11-03T05:33:57.802+0000] {processor.py:208} INFO - Processing /opt/airflow/dags/Airflow_Miniproj.py took 0.066 seconds
[2024-11-03T05:34:28.248+0000] {processor.py:186} INFO - Started process (PID=3114) to work on /opt/airflow/dags/Airflow_Miniproj.py
[2024-11-03T05:34:28.249+0000] {processor.py:914} INFO - Processing file /opt/airflow/dags/Airflow_Miniproj.py for tasks to queue
[2024-11-03T05:34:28.251+0000] {logging_mixin.py:190} INFO - [2024-11-03T05:34:28.251+0000] {dagbag.py:588} INFO - Filling up the DagBag from /opt/airflow/dags/Airflow_Miniproj.py
[2024-11-03T05:34:28.267+0000] {logging_mixin.py:190} INFO - [2024-11-03T05:34:28.264+0000] {dagbag.py:387} ERROR - Failed to import: /opt/airflow/dags/Airflow_Miniproj.py
Traceback (most recent call last):
  File "/home/airflow/.local/lib/python3.12/site-packages/airflow/models/dagbag.py", line 383, in parse
    loader.exec_module(new_module)
  File "<frozen importlib._bootstrap_external>", line 995, in exec_module
  File "<frozen importlib._bootstrap>", line 488, in _call_with_frames_removed
  File "/opt/airflow/dags/Airflow_Miniproj.py", line 6, in <module>
    import yfinance as yf
ModuleNotFoundError: No module named 'yfinance'
[2024-11-03T05:34:28.268+0000] {processor.py:927} WARNING - No viable dags retrieved from /opt/airflow/dags/Airflow_Miniproj.py
[2024-11-03T05:34:28.289+0000] {processor.py:208} INFO - Processing /opt/airflow/dags/Airflow_Miniproj.py took 0.049 seconds
[2024-11-03T05:34:58.918+0000] {processor.py:186} INFO - Started process (PID=3405) to work on /opt/airflow/dags/Airflow_Miniproj.py
[2024-11-03T05:34:58.919+0000] {processor.py:914} INFO - Processing file /opt/airflow/dags/Airflow_Miniproj.py for tasks to queue
[2024-11-03T05:34:58.922+0000] {logging_mixin.py:190} INFO - [2024-11-03T05:34:58.921+0000] {dagbag.py:588} INFO - Filling up the DagBag from /opt/airflow/dags/Airflow_Miniproj.py
[2024-11-03T05:34:58.943+0000] {logging_mixin.py:190} INFO - [2024-11-03T05:34:58.939+0000] {dagbag.py:387} ERROR - Failed to import: /opt/airflow/dags/Airflow_Miniproj.py
Traceback (most recent call last):
  File "/home/airflow/.local/lib/python3.12/site-packages/airflow/models/dagbag.py", line 383, in parse
    loader.exec_module(new_module)
  File "<frozen importlib._bootstrap_external>", line 995, in exec_module
  File "<frozen importlib._bootstrap>", line 488, in _call_with_frames_removed
  File "/opt/airflow/dags/Airflow_Miniproj.py", line 6, in <module>
    import yfinance as yf
ModuleNotFoundError: No module named 'yfinance'
[2024-11-03T05:34:58.945+0000] {processor.py:927} WARNING - No viable dags retrieved from /opt/airflow/dags/Airflow_Miniproj.py
[2024-11-03T05:34:58.973+0000] {processor.py:208} INFO - Processing /opt/airflow/dags/Airflow_Miniproj.py took 0.063 seconds
[2024-11-03T05:35:29.637+0000] {processor.py:186} INFO - Started process (PID=3696) to work on /opt/airflow/dags/Airflow_Miniproj.py
[2024-11-03T05:35:29.638+0000] {processor.py:914} INFO - Processing file /opt/airflow/dags/Airflow_Miniproj.py for tasks to queue
[2024-11-03T05:35:29.640+0000] {logging_mixin.py:190} INFO - [2024-11-03T05:35:29.640+0000] {dagbag.py:588} INFO - Filling up the DagBag from /opt/airflow/dags/Airflow_Miniproj.py
[2024-11-03T05:35:29.657+0000] {logging_mixin.py:190} INFO - [2024-11-03T05:35:29.654+0000] {dagbag.py:387} ERROR - Failed to import: /opt/airflow/dags/Airflow_Miniproj.py
Traceback (most recent call last):
  File "/home/airflow/.local/lib/python3.12/site-packages/airflow/models/dagbag.py", line 383, in parse
    loader.exec_module(new_module)
  File "<frozen importlib._bootstrap_external>", line 995, in exec_module
  File "<frozen importlib._bootstrap>", line 488, in _call_with_frames_removed
  File "/opt/airflow/dags/Airflow_Miniproj.py", line 6, in <module>
    import yfinance as yf
ModuleNotFoundError: No module named 'yfinance'
[2024-11-03T05:35:29.658+0000] {processor.py:927} WARNING - No viable dags retrieved from /opt/airflow/dags/Airflow_Miniproj.py
[2024-11-03T05:35:29.678+0000] {processor.py:208} INFO - Processing /opt/airflow/dags/Airflow_Miniproj.py took 0.047 seconds
[2024-11-03T05:36:00.203+0000] {processor.py:186} INFO - Started process (PID=3987) to work on /opt/airflow/dags/Airflow_Miniproj.py
[2024-11-03T05:36:00.204+0000] {processor.py:914} INFO - Processing file /opt/airflow/dags/Airflow_Miniproj.py for tasks to queue
[2024-11-03T05:36:00.207+0000] {logging_mixin.py:190} INFO - [2024-11-03T05:36:00.206+0000] {dagbag.py:588} INFO - Filling up the DagBag from /opt/airflow/dags/Airflow_Miniproj.py
[2024-11-03T05:36:00.226+0000] {logging_mixin.py:190} INFO - [2024-11-03T05:36:00.222+0000] {dagbag.py:387} ERROR - Failed to import: /opt/airflow/dags/Airflow_Miniproj.py
Traceback (most recent call last):
  File "/home/airflow/.local/lib/python3.12/site-packages/airflow/models/dagbag.py", line 383, in parse
    loader.exec_module(new_module)
  File "<frozen importlib._bootstrap_external>", line 995, in exec_module
  File "<frozen importlib._bootstrap>", line 488, in _call_with_frames_removed
  File "/opt/airflow/dags/Airflow_Miniproj.py", line 6, in <module>
    import yfinance as yf
ModuleNotFoundError: No module named 'yfinance'
[2024-11-03T05:36:00.227+0000] {processor.py:927} WARNING - No viable dags retrieved from /opt/airflow/dags/Airflow_Miniproj.py
[2024-11-03T05:36:00.249+0000] {processor.py:208} INFO - Processing /opt/airflow/dags/Airflow_Miniproj.py took 0.052 seconds
[2024-11-03T05:36:31.194+0000] {processor.py:186} INFO - Started process (PID=4278) to work on /opt/airflow/dags/Airflow_Miniproj.py
[2024-11-03T05:36:31.195+0000] {processor.py:914} INFO - Processing file /opt/airflow/dags/Airflow_Miniproj.py for tasks to queue
[2024-11-03T05:36:31.198+0000] {logging_mixin.py:190} INFO - [2024-11-03T05:36:31.197+0000] {dagbag.py:588} INFO - Filling up the DagBag from /opt/airflow/dags/Airflow_Miniproj.py
[2024-11-03T05:36:31.216+0000] {logging_mixin.py:190} INFO - [2024-11-03T05:36:31.213+0000] {dagbag.py:387} ERROR - Failed to import: /opt/airflow/dags/Airflow_Miniproj.py
Traceback (most recent call last):
  File "/home/airflow/.local/lib/python3.12/site-packages/airflow/models/dagbag.py", line 383, in parse
    loader.exec_module(new_module)
  File "<frozen importlib._bootstrap_external>", line 995, in exec_module
  File "<frozen importlib._bootstrap>", line 488, in _call_with_frames_removed
  File "/opt/airflow/dags/Airflow_Miniproj.py", line 6, in <module>
    import yfinance as yf
ModuleNotFoundError: No module named 'yfinance'
[2024-11-03T05:36:31.217+0000] {processor.py:927} WARNING - No viable dags retrieved from /opt/airflow/dags/Airflow_Miniproj.py
[2024-11-03T05:36:31.239+0000] {processor.py:208} INFO - Processing /opt/airflow/dags/Airflow_Miniproj.py took 0.051 seconds
[2024-11-03T05:37:01.368+0000] {processor.py:186} INFO - Started process (PID=4569) to work on /opt/airflow/dags/Airflow_Miniproj.py
[2024-11-03T05:37:01.369+0000] {processor.py:914} INFO - Processing file /opt/airflow/dags/Airflow_Miniproj.py for tasks to queue
[2024-11-03T05:37:01.371+0000] {logging_mixin.py:190} INFO - [2024-11-03T05:37:01.371+0000] {dagbag.py:588} INFO - Filling up the DagBag from /opt/airflow/dags/Airflow_Miniproj.py
[2024-11-03T05:37:01.388+0000] {logging_mixin.py:190} INFO - [2024-11-03T05:37:01.385+0000] {dagbag.py:387} ERROR - Failed to import: /opt/airflow/dags/Airflow_Miniproj.py
Traceback (most recent call last):
  File "/home/airflow/.local/lib/python3.12/site-packages/airflow/models/dagbag.py", line 383, in parse
    loader.exec_module(new_module)
  File "<frozen importlib._bootstrap_external>", line 995, in exec_module
  File "<frozen importlib._bootstrap>", line 488, in _call_with_frames_removed
  File "/opt/airflow/dags/Airflow_Miniproj.py", line 6, in <module>
    import yfinance as yf
ModuleNotFoundError: No module named 'yfinance'
[2024-11-03T05:37:01.389+0000] {processor.py:927} WARNING - No viable dags retrieved from /opt/airflow/dags/Airflow_Miniproj.py
[2024-11-03T05:37:01.410+0000] {processor.py:208} INFO - Processing /opt/airflow/dags/Airflow_Miniproj.py took 0.048 seconds
[2024-11-03T05:37:31.723+0000] {processor.py:186} INFO - Started process (PID=4860) to work on /opt/airflow/dags/Airflow_Miniproj.py
[2024-11-03T05:37:31.724+0000] {processor.py:914} INFO - Processing file /opt/airflow/dags/Airflow_Miniproj.py for tasks to queue
[2024-11-03T05:37:31.726+0000] {logging_mixin.py:190} INFO - [2024-11-03T05:37:31.726+0000] {dagbag.py:588} INFO - Filling up the DagBag from /opt/airflow/dags/Airflow_Miniproj.py
[2024-11-03T05:37:31.746+0000] {logging_mixin.py:190} INFO - [2024-11-03T05:37:31.743+0000] {dagbag.py:387} ERROR - Failed to import: /opt/airflow/dags/Airflow_Miniproj.py
Traceback (most recent call last):
  File "/home/airflow/.local/lib/python3.12/site-packages/airflow/models/dagbag.py", line 383, in parse
    loader.exec_module(new_module)
  File "<frozen importlib._bootstrap_external>", line 995, in exec_module
  File "<frozen importlib._bootstrap>", line 488, in _call_with_frames_removed
  File "/opt/airflow/dags/Airflow_Miniproj.py", line 6, in <module>
    import yfinance as yf
ModuleNotFoundError: No module named 'yfinance'
[2024-11-03T05:37:31.748+0000] {processor.py:927} WARNING - No viable dags retrieved from /opt/airflow/dags/Airflow_Miniproj.py
[2024-11-03T05:37:31.779+0000] {processor.py:208} INFO - Processing /opt/airflow/dags/Airflow_Miniproj.py took 0.062 seconds
[2024-11-03T05:38:02.111+0000] {processor.py:186} INFO - Started process (PID=5151) to work on /opt/airflow/dags/Airflow_Miniproj.py
[2024-11-03T05:38:02.112+0000] {processor.py:914} INFO - Processing file /opt/airflow/dags/Airflow_Miniproj.py for tasks to queue
[2024-11-03T05:38:02.114+0000] {logging_mixin.py:190} INFO - [2024-11-03T05:38:02.114+0000] {dagbag.py:588} INFO - Filling up the DagBag from /opt/airflow/dags/Airflow_Miniproj.py
[2024-11-03T05:38:02.131+0000] {logging_mixin.py:190} INFO - [2024-11-03T05:38:02.128+0000] {dagbag.py:387} ERROR - Failed to import: /opt/airflow/dags/Airflow_Miniproj.py
Traceback (most recent call last):
  File "/home/airflow/.local/lib/python3.12/site-packages/airflow/models/dagbag.py", line 383, in parse
    loader.exec_module(new_module)
  File "<frozen importlib._bootstrap_external>", line 995, in exec_module
  File "<frozen importlib._bootstrap>", line 488, in _call_with_frames_removed
  File "/opt/airflow/dags/Airflow_Miniproj.py", line 6, in <module>
    import yfinance as yf
ModuleNotFoundError: No module named 'yfinance'
[2024-11-03T05:38:02.133+0000] {processor.py:927} WARNING - No viable dags retrieved from /opt/airflow/dags/Airflow_Miniproj.py
[2024-11-03T05:38:02.154+0000] {processor.py:208} INFO - Processing /opt/airflow/dags/Airflow_Miniproj.py took 0.049 seconds
[2024-11-03T05:38:32.997+0000] {processor.py:186} INFO - Started process (PID=5442) to work on /opt/airflow/dags/Airflow_Miniproj.py
[2024-11-03T05:38:32.998+0000] {processor.py:914} INFO - Processing file /opt/airflow/dags/Airflow_Miniproj.py for tasks to queue
[2024-11-03T05:38:33.001+0000] {logging_mixin.py:190} INFO - [2024-11-03T05:38:33.001+0000] {dagbag.py:588} INFO - Filling up the DagBag from /opt/airflow/dags/Airflow_Miniproj.py
[2024-11-03T05:38:33.018+0000] {logging_mixin.py:190} INFO - [2024-11-03T05:38:33.015+0000] {dagbag.py:387} ERROR - Failed to import: /opt/airflow/dags/Airflow_Miniproj.py
Traceback (most recent call last):
  File "/home/airflow/.local/lib/python3.12/site-packages/airflow/models/dagbag.py", line 383, in parse
    loader.exec_module(new_module)
  File "<frozen importlib._bootstrap_external>", line 995, in exec_module
  File "<frozen importlib._bootstrap>", line 488, in _call_with_frames_removed
  File "/opt/airflow/dags/Airflow_Miniproj.py", line 6, in <module>
    import yfinance as yf
ModuleNotFoundError: No module named 'yfinance'
[2024-11-03T05:38:33.019+0000] {processor.py:927} WARNING - No viable dags retrieved from /opt/airflow/dags/Airflow_Miniproj.py
[2024-11-03T05:38:33.040+0000] {processor.py:208} INFO - Processing /opt/airflow/dags/Airflow_Miniproj.py took 0.049 seconds
[2024-11-03T05:39:03.386+0000] {processor.py:186} INFO - Started process (PID=5733) to work on /opt/airflow/dags/Airflow_Miniproj.py
[2024-11-03T05:39:03.387+0000] {processor.py:914} INFO - Processing file /opt/airflow/dags/Airflow_Miniproj.py for tasks to queue
[2024-11-03T05:39:03.389+0000] {logging_mixin.py:190} INFO - [2024-11-03T05:39:03.389+0000] {dagbag.py:588} INFO - Filling up the DagBag from /opt/airflow/dags/Airflow_Miniproj.py
[2024-11-03T05:39:03.407+0000] {logging_mixin.py:190} INFO - [2024-11-03T05:39:03.404+0000] {dagbag.py:387} ERROR - Failed to import: /opt/airflow/dags/Airflow_Miniproj.py
Traceback (most recent call last):
  File "/home/airflow/.local/lib/python3.12/site-packages/airflow/models/dagbag.py", line 383, in parse
    loader.exec_module(new_module)
  File "<frozen importlib._bootstrap_external>", line 995, in exec_module
  File "<frozen importlib._bootstrap>", line 488, in _call_with_frames_removed
  File "/opt/airflow/dags/Airflow_Miniproj.py", line 6, in <module>
    import yfinance as yf
ModuleNotFoundError: No module named 'yfinance'
[2024-11-03T05:39:03.408+0000] {processor.py:927} WARNING - No viable dags retrieved from /opt/airflow/dags/Airflow_Miniproj.py
[2024-11-03T05:39:03.430+0000] {processor.py:208} INFO - Processing /opt/airflow/dags/Airflow_Miniproj.py took 0.051 seconds
[2024-11-03T05:39:33.885+0000] {processor.py:186} INFO - Started process (PID=6024) to work on /opt/airflow/dags/Airflow_Miniproj.py
[2024-11-03T05:39:33.886+0000] {processor.py:914} INFO - Processing file /opt/airflow/dags/Airflow_Miniproj.py for tasks to queue
[2024-11-03T05:39:33.889+0000] {logging_mixin.py:190} INFO - [2024-11-03T05:39:33.888+0000] {dagbag.py:588} INFO - Filling up the DagBag from /opt/airflow/dags/Airflow_Miniproj.py
[2024-11-03T05:39:33.906+0000] {logging_mixin.py:190} INFO - [2024-11-03T05:39:33.903+0000] {dagbag.py:387} ERROR - Failed to import: /opt/airflow/dags/Airflow_Miniproj.py
Traceback (most recent call last):
  File "/home/airflow/.local/lib/python3.12/site-packages/airflow/models/dagbag.py", line 383, in parse
    loader.exec_module(new_module)
  File "<frozen importlib._bootstrap_external>", line 995, in exec_module
  File "<frozen importlib._bootstrap>", line 488, in _call_with_frames_removed
  File "/opt/airflow/dags/Airflow_Miniproj.py", line 6, in <module>
    import yfinance as yf
ModuleNotFoundError: No module named 'yfinance'
[2024-11-03T05:39:33.907+0000] {processor.py:927} WARNING - No viable dags retrieved from /opt/airflow/dags/Airflow_Miniproj.py
[2024-11-03T05:39:33.927+0000] {processor.py:208} INFO - Processing /opt/airflow/dags/Airflow_Miniproj.py took 0.048 seconds
[2024-11-03T05:40:04.273+0000] {processor.py:186} INFO - Started process (PID=6315) to work on /opt/airflow/dags/Airflow_Miniproj.py
[2024-11-03T05:40:04.274+0000] {processor.py:914} INFO - Processing file /opt/airflow/dags/Airflow_Miniproj.py for tasks to queue
[2024-11-03T05:40:04.277+0000] {logging_mixin.py:190} INFO - [2024-11-03T05:40:04.276+0000] {dagbag.py:588} INFO - Filling up the DagBag from /opt/airflow/dags/Airflow_Miniproj.py
[2024-11-03T05:40:04.294+0000] {logging_mixin.py:190} INFO - [2024-11-03T05:40:04.291+0000] {dagbag.py:387} ERROR - Failed to import: /opt/airflow/dags/Airflow_Miniproj.py
Traceback (most recent call last):
  File "/home/airflow/.local/lib/python3.12/site-packages/airflow/models/dagbag.py", line 383, in parse
    loader.exec_module(new_module)
  File "<frozen importlib._bootstrap_external>", line 995, in exec_module
  File "<frozen importlib._bootstrap>", line 488, in _call_with_frames_removed
  File "/opt/airflow/dags/Airflow_Miniproj.py", line 6, in <module>
    import yfinance as yf
ModuleNotFoundError: No module named 'yfinance'
[2024-11-03T05:40:04.295+0000] {processor.py:927} WARNING - No viable dags retrieved from /opt/airflow/dags/Airflow_Miniproj.py
[2024-11-03T05:40:04.318+0000] {processor.py:208} INFO - Processing /opt/airflow/dags/Airflow_Miniproj.py took 0.052 seconds
[2024-11-03T05:40:34.514+0000] {processor.py:186} INFO - Started process (PID=6606) to work on /opt/airflow/dags/Airflow_Miniproj.py
[2024-11-03T05:40:34.520+0000] {processor.py:914} INFO - Processing file /opt/airflow/dags/Airflow_Miniproj.py for tasks to queue
[2024-11-03T05:40:34.525+0000] {logging_mixin.py:190} INFO - [2024-11-03T05:40:34.524+0000] {dagbag.py:588} INFO - Filling up the DagBag from /opt/airflow/dags/Airflow_Miniproj.py
[2024-11-03T05:40:34.549+0000] {logging_mixin.py:190} INFO - [2024-11-03T05:40:34.544+0000] {dagbag.py:387} ERROR - Failed to import: /opt/airflow/dags/Airflow_Miniproj.py
Traceback (most recent call last):
  File "/home/airflow/.local/lib/python3.12/site-packages/airflow/models/dagbag.py", line 383, in parse
    loader.exec_module(new_module)
  File "<frozen importlib._bootstrap_external>", line 995, in exec_module
  File "<frozen importlib._bootstrap>", line 488, in _call_with_frames_removed
  File "/opt/airflow/dags/Airflow_Miniproj.py", line 6, in <module>
    import yfinance as yf
ModuleNotFoundError: No module named 'yfinance'
[2024-11-03T05:40:34.551+0000] {processor.py:927} WARNING - No viable dags retrieved from /opt/airflow/dags/Airflow_Miniproj.py
[2024-11-03T05:40:34.583+0000] {processor.py:208} INFO - Processing /opt/airflow/dags/Airflow_Miniproj.py took 0.084 seconds
[2024-11-03T05:41:05.263+0000] {processor.py:186} INFO - Started process (PID=6897) to work on /opt/airflow/dags/Airflow_Miniproj.py
[2024-11-03T05:41:05.264+0000] {processor.py:914} INFO - Processing file /opt/airflow/dags/Airflow_Miniproj.py for tasks to queue
[2024-11-03T05:41:05.267+0000] {logging_mixin.py:190} INFO - [2024-11-03T05:41:05.267+0000] {dagbag.py:588} INFO - Filling up the DagBag from /opt/airflow/dags/Airflow_Miniproj.py
[2024-11-03T05:41:05.287+0000] {logging_mixin.py:190} INFO - [2024-11-03T05:41:05.284+0000] {dagbag.py:387} ERROR - Failed to import: /opt/airflow/dags/Airflow_Miniproj.py
Traceback (most recent call last):
  File "/home/airflow/.local/lib/python3.12/site-packages/airflow/models/dagbag.py", line 383, in parse
    loader.exec_module(new_module)
  File "<frozen importlib._bootstrap_external>", line 995, in exec_module
  File "<frozen importlib._bootstrap>", line 488, in _call_with_frames_removed
  File "/opt/airflow/dags/Airflow_Miniproj.py", line 6, in <module>
    import yfinance as yf
ModuleNotFoundError: No module named 'yfinance'
[2024-11-03T05:41:05.288+0000] {processor.py:927} WARNING - No viable dags retrieved from /opt/airflow/dags/Airflow_Miniproj.py
[2024-11-03T05:41:05.309+0000] {processor.py:208} INFO - Processing /opt/airflow/dags/Airflow_Miniproj.py took 0.051 seconds
[2024-11-03T05:41:36.005+0000] {processor.py:186} INFO - Started process (PID=7188) to work on /opt/airflow/dags/Airflow_Miniproj.py
[2024-11-03T05:41:36.006+0000] {processor.py:914} INFO - Processing file /opt/airflow/dags/Airflow_Miniproj.py for tasks to queue
[2024-11-03T05:41:36.009+0000] {logging_mixin.py:190} INFO - [2024-11-03T05:41:36.008+0000] {dagbag.py:588} INFO - Filling up the DagBag from /opt/airflow/dags/Airflow_Miniproj.py
[2024-11-03T05:41:36.039+0000] {logging_mixin.py:190} INFO - [2024-11-03T05:41:36.032+0000] {dagbag.py:387} ERROR - Failed to import: /opt/airflow/dags/Airflow_Miniproj.py
Traceback (most recent call last):
  File "/home/airflow/.local/lib/python3.12/site-packages/airflow/models/dagbag.py", line 383, in parse
    loader.exec_module(new_module)
  File "<frozen importlib._bootstrap_external>", line 995, in exec_module
  File "<frozen importlib._bootstrap>", line 488, in _call_with_frames_removed
  File "/opt/airflow/dags/Airflow_Miniproj.py", line 6, in <module>
    import yfinance as yf
ModuleNotFoundError: No module named 'yfinance'
[2024-11-03T05:41:36.043+0000] {processor.py:927} WARNING - No viable dags retrieved from /opt/airflow/dags/Airflow_Miniproj.py
[2024-11-03T05:41:36.066+0000] {processor.py:208} INFO - Processing /opt/airflow/dags/Airflow_Miniproj.py took 0.072 seconds
[2024-11-03T05:42:06.357+0000] {processor.py:186} INFO - Started process (PID=7479) to work on /opt/airflow/dags/Airflow_Miniproj.py
[2024-11-03T05:42:06.358+0000] {processor.py:914} INFO - Processing file /opt/airflow/dags/Airflow_Miniproj.py for tasks to queue
[2024-11-03T05:42:06.361+0000] {logging_mixin.py:190} INFO - [2024-11-03T05:42:06.360+0000] {dagbag.py:588} INFO - Filling up the DagBag from /opt/airflow/dags/Airflow_Miniproj.py
[2024-11-03T05:42:06.381+0000] {logging_mixin.py:190} INFO - [2024-11-03T05:42:06.378+0000] {dagbag.py:387} ERROR - Failed to import: /opt/airflow/dags/Airflow_Miniproj.py
Traceback (most recent call last):
  File "/home/airflow/.local/lib/python3.12/site-packages/airflow/models/dagbag.py", line 383, in parse
    loader.exec_module(new_module)
  File "<frozen importlib._bootstrap_external>", line 995, in exec_module
  File "<frozen importlib._bootstrap>", line 488, in _call_with_frames_removed
  File "/opt/airflow/dags/Airflow_Miniproj.py", line 6, in <module>
    import yfinance as yf
ModuleNotFoundError: No module named 'yfinance'
[2024-11-03T05:42:06.382+0000] {processor.py:927} WARNING - No viable dags retrieved from /opt/airflow/dags/Airflow_Miniproj.py
[2024-11-03T05:42:06.406+0000] {processor.py:208} INFO - Processing /opt/airflow/dags/Airflow_Miniproj.py took 0.055 seconds
[2024-11-03T05:42:36.573+0000] {processor.py:186} INFO - Started process (PID=7771) to work on /opt/airflow/dags/Airflow_Miniproj.py
[2024-11-03T05:42:36.574+0000] {processor.py:914} INFO - Processing file /opt/airflow/dags/Airflow_Miniproj.py for tasks to queue
[2024-11-03T05:42:36.576+0000] {logging_mixin.py:190} INFO - [2024-11-03T05:42:36.576+0000] {dagbag.py:588} INFO - Filling up the DagBag from /opt/airflow/dags/Airflow_Miniproj.py
[2024-11-03T05:42:36.595+0000] {logging_mixin.py:190} INFO - [2024-11-03T05:42:36.591+0000] {dagbag.py:387} ERROR - Failed to import: /opt/airflow/dags/Airflow_Miniproj.py
Traceback (most recent call last):
  File "/home/airflow/.local/lib/python3.12/site-packages/airflow/models/dagbag.py", line 383, in parse
    loader.exec_module(new_module)
  File "<frozen importlib._bootstrap_external>", line 995, in exec_module
  File "<frozen importlib._bootstrap>", line 488, in _call_with_frames_removed
  File "/opt/airflow/dags/Airflow_Miniproj.py", line 6, in <module>
    import yfinance as yf
ModuleNotFoundError: No module named 'yfinance'
[2024-11-03T05:42:36.596+0000] {processor.py:927} WARNING - No viable dags retrieved from /opt/airflow/dags/Airflow_Miniproj.py
[2024-11-03T05:42:36.619+0000] {processor.py:208} INFO - Processing /opt/airflow/dags/Airflow_Miniproj.py took 0.052 seconds
[2024-11-03T05:43:07.129+0000] {processor.py:186} INFO - Started process (PID=8062) to work on /opt/airflow/dags/Airflow_Miniproj.py
[2024-11-03T05:43:07.130+0000] {processor.py:914} INFO - Processing file /opt/airflow/dags/Airflow_Miniproj.py for tasks to queue
[2024-11-03T05:43:07.132+0000] {logging_mixin.py:190} INFO - [2024-11-03T05:43:07.132+0000] {dagbag.py:588} INFO - Filling up the DagBag from /opt/airflow/dags/Airflow_Miniproj.py
[2024-11-03T05:43:07.147+0000] {logging_mixin.py:190} INFO - [2024-11-03T05:43:07.144+0000] {dagbag.py:387} ERROR - Failed to import: /opt/airflow/dags/Airflow_Miniproj.py
Traceback (most recent call last):
  File "/home/airflow/.local/lib/python3.12/site-packages/airflow/models/dagbag.py", line 383, in parse
    loader.exec_module(new_module)
  File "<frozen importlib._bootstrap_external>", line 995, in exec_module
  File "<frozen importlib._bootstrap>", line 488, in _call_with_frames_removed
  File "/opt/airflow/dags/Airflow_Miniproj.py", line 6, in <module>
    import yfinance as yf
ModuleNotFoundError: No module named 'yfinance'
[2024-11-03T05:43:07.148+0000] {processor.py:927} WARNING - No viable dags retrieved from /opt/airflow/dags/Airflow_Miniproj.py
[2024-11-03T05:43:07.168+0000] {processor.py:208} INFO - Processing /opt/airflow/dags/Airflow_Miniproj.py took 0.046 seconds
[2024-11-03T05:43:37.309+0000] {processor.py:186} INFO - Started process (PID=8353) to work on /opt/airflow/dags/Airflow_Miniproj.py
[2024-11-03T05:43:37.310+0000] {processor.py:914} INFO - Processing file /opt/airflow/dags/Airflow_Miniproj.py for tasks to queue
[2024-11-03T05:43:37.312+0000] {logging_mixin.py:190} INFO - [2024-11-03T05:43:37.312+0000] {dagbag.py:588} INFO - Filling up the DagBag from /opt/airflow/dags/Airflow_Miniproj.py
[2024-11-03T05:43:37.329+0000] {logging_mixin.py:190} INFO - [2024-11-03T05:43:37.326+0000] {dagbag.py:387} ERROR - Failed to import: /opt/airflow/dags/Airflow_Miniproj.py
Traceback (most recent call last):
  File "/home/airflow/.local/lib/python3.12/site-packages/airflow/models/dagbag.py", line 383, in parse
    loader.exec_module(new_module)
  File "<frozen importlib._bootstrap_external>", line 995, in exec_module
  File "<frozen importlib._bootstrap>", line 488, in _call_with_frames_removed
  File "/opt/airflow/dags/Airflow_Miniproj.py", line 6, in <module>
    import yfinance as yf
ModuleNotFoundError: No module named 'yfinance'
[2024-11-03T05:43:37.330+0000] {processor.py:927} WARNING - No viable dags retrieved from /opt/airflow/dags/Airflow_Miniproj.py
[2024-11-03T05:43:37.353+0000] {processor.py:208} INFO - Processing /opt/airflow/dags/Airflow_Miniproj.py took 0.051 seconds
[2024-11-03T05:44:07.607+0000] {processor.py:186} INFO - Started process (PID=8644) to work on /opt/airflow/dags/Airflow_Miniproj.py
[2024-11-03T05:44:07.608+0000] {processor.py:914} INFO - Processing file /opt/airflow/dags/Airflow_Miniproj.py for tasks to queue
[2024-11-03T05:44:07.611+0000] {logging_mixin.py:190} INFO - [2024-11-03T05:44:07.610+0000] {dagbag.py:588} INFO - Filling up the DagBag from /opt/airflow/dags/Airflow_Miniproj.py
[2024-11-03T05:44:07.630+0000] {logging_mixin.py:190} INFO - [2024-11-03T05:44:07.627+0000] {dagbag.py:387} ERROR - Failed to import: /opt/airflow/dags/Airflow_Miniproj.py
Traceback (most recent call last):
  File "/home/airflow/.local/lib/python3.12/site-packages/airflow/models/dagbag.py", line 383, in parse
    loader.exec_module(new_module)
  File "<frozen importlib._bootstrap_external>", line 995, in exec_module
  File "<frozen importlib._bootstrap>", line 488, in _call_with_frames_removed
  File "/opt/airflow/dags/Airflow_Miniproj.py", line 6, in <module>
    import yfinance as yf
ModuleNotFoundError: No module named 'yfinance'
[2024-11-03T05:44:07.631+0000] {processor.py:927} WARNING - No viable dags retrieved from /opt/airflow/dags/Airflow_Miniproj.py
[2024-11-03T05:44:07.655+0000] {processor.py:208} INFO - Processing /opt/airflow/dags/Airflow_Miniproj.py took 0.053 seconds
[2024-11-03T05:44:37.874+0000] {processor.py:186} INFO - Started process (PID=8935) to work on /opt/airflow/dags/Airflow_Miniproj.py
[2024-11-03T05:44:37.875+0000] {processor.py:914} INFO - Processing file /opt/airflow/dags/Airflow_Miniproj.py for tasks to queue
[2024-11-03T05:44:37.877+0000] {logging_mixin.py:190} INFO - [2024-11-03T05:44:37.876+0000] {dagbag.py:588} INFO - Filling up the DagBag from /opt/airflow/dags/Airflow_Miniproj.py
[2024-11-03T05:44:37.893+0000] {logging_mixin.py:190} INFO - [2024-11-03T05:44:37.889+0000] {dagbag.py:387} ERROR - Failed to import: /opt/airflow/dags/Airflow_Miniproj.py
Traceback (most recent call last):
  File "/home/airflow/.local/lib/python3.12/site-packages/airflow/models/dagbag.py", line 383, in parse
    loader.exec_module(new_module)
  File "<frozen importlib._bootstrap_external>", line 995, in exec_module
  File "<frozen importlib._bootstrap>", line 488, in _call_with_frames_removed
  File "/opt/airflow/dags/Airflow_Miniproj.py", line 6, in <module>
    import yfinance as yf
ModuleNotFoundError: No module named 'yfinance'
[2024-11-03T05:44:37.894+0000] {processor.py:927} WARNING - No viable dags retrieved from /opt/airflow/dags/Airflow_Miniproj.py
[2024-11-03T05:44:37.914+0000] {processor.py:208} INFO - Processing /opt/airflow/dags/Airflow_Miniproj.py took 0.047 seconds
[2024-11-03T05:45:08.133+0000] {processor.py:186} INFO - Started process (PID=9226) to work on /opt/airflow/dags/Airflow_Miniproj.py
[2024-11-03T05:45:08.134+0000] {processor.py:914} INFO - Processing file /opt/airflow/dags/Airflow_Miniproj.py for tasks to queue
[2024-11-03T05:45:08.137+0000] {logging_mixin.py:190} INFO - [2024-11-03T05:45:08.136+0000] {dagbag.py:588} INFO - Filling up the DagBag from /opt/airflow/dags/Airflow_Miniproj.py
[2024-11-03T05:45:08.153+0000] {logging_mixin.py:190} INFO - [2024-11-03T05:45:08.149+0000] {dagbag.py:387} ERROR - Failed to import: /opt/airflow/dags/Airflow_Miniproj.py
Traceback (most recent call last):
  File "/home/airflow/.local/lib/python3.12/site-packages/airflow/models/dagbag.py", line 383, in parse
    loader.exec_module(new_module)
  File "<frozen importlib._bootstrap_external>", line 995, in exec_module
  File "<frozen importlib._bootstrap>", line 488, in _call_with_frames_removed
  File "/opt/airflow/dags/Airflow_Miniproj.py", line 6, in <module>
    import yfinance as yf
ModuleNotFoundError: No module named 'yfinance'
[2024-11-03T05:45:08.155+0000] {processor.py:927} WARNING - No viable dags retrieved from /opt/airflow/dags/Airflow_Miniproj.py
[2024-11-03T05:45:08.176+0000] {processor.py:208} INFO - Processing /opt/airflow/dags/Airflow_Miniproj.py took 0.049 seconds
[2024-11-03T05:45:38.427+0000] {processor.py:186} INFO - Started process (PID=9517) to work on /opt/airflow/dags/Airflow_Miniproj.py
[2024-11-03T05:45:38.428+0000] {processor.py:914} INFO - Processing file /opt/airflow/dags/Airflow_Miniproj.py for tasks to queue
[2024-11-03T05:45:38.431+0000] {logging_mixin.py:190} INFO - [2024-11-03T05:45:38.431+0000] {dagbag.py:588} INFO - Filling up the DagBag from /opt/airflow/dags/Airflow_Miniproj.py
[2024-11-03T05:45:38.447+0000] {logging_mixin.py:190} INFO - [2024-11-03T05:45:38.444+0000] {dagbag.py:387} ERROR - Failed to import: /opt/airflow/dags/Airflow_Miniproj.py
Traceback (most recent call last):
  File "/home/airflow/.local/lib/python3.12/site-packages/airflow/models/dagbag.py", line 383, in parse
    loader.exec_module(new_module)
  File "<frozen importlib._bootstrap_external>", line 995, in exec_module
  File "<frozen importlib._bootstrap>", line 488, in _call_with_frames_removed
  File "/opt/airflow/dags/Airflow_Miniproj.py", line 6, in <module>
    import yfinance as yf
ModuleNotFoundError: No module named 'yfinance'
[2024-11-03T05:45:38.448+0000] {processor.py:927} WARNING - No viable dags retrieved from /opt/airflow/dags/Airflow_Miniproj.py
[2024-11-03T05:45:38.468+0000] {processor.py:208} INFO - Processing /opt/airflow/dags/Airflow_Miniproj.py took 0.047 seconds
[2024-11-03T05:46:08.739+0000] {processor.py:186} INFO - Started process (PID=9808) to work on /opt/airflow/dags/Airflow_Miniproj.py
[2024-11-03T05:46:08.740+0000] {processor.py:914} INFO - Processing file /opt/airflow/dags/Airflow_Miniproj.py for tasks to queue
[2024-11-03T05:46:08.742+0000] {logging_mixin.py:190} INFO - [2024-11-03T05:46:08.742+0000] {dagbag.py:588} INFO - Filling up the DagBag from /opt/airflow/dags/Airflow_Miniproj.py
[2024-11-03T05:46:08.760+0000] {logging_mixin.py:190} INFO - [2024-11-03T05:46:08.757+0000] {dagbag.py:387} ERROR - Failed to import: /opt/airflow/dags/Airflow_Miniproj.py
Traceback (most recent call last):
  File "/home/airflow/.local/lib/python3.12/site-packages/airflow/models/dagbag.py", line 383, in parse
    loader.exec_module(new_module)
  File "<frozen importlib._bootstrap_external>", line 995, in exec_module
  File "<frozen importlib._bootstrap>", line 488, in _call_with_frames_removed
  File "/opt/airflow/dags/Airflow_Miniproj.py", line 6, in <module>
    import yfinance as yf
ModuleNotFoundError: No module named 'yfinance'
[2024-11-03T05:46:08.761+0000] {processor.py:927} WARNING - No viable dags retrieved from /opt/airflow/dags/Airflow_Miniproj.py
[2024-11-03T05:46:08.788+0000] {processor.py:208} INFO - Processing /opt/airflow/dags/Airflow_Miniproj.py took 0.057 seconds
[2024-11-03T05:46:38.984+0000] {processor.py:186} INFO - Started process (PID=10099) to work on /opt/airflow/dags/Airflow_Miniproj.py
[2024-11-03T05:46:38.985+0000] {processor.py:914} INFO - Processing file /opt/airflow/dags/Airflow_Miniproj.py for tasks to queue
[2024-11-03T05:46:38.987+0000] {logging_mixin.py:190} INFO - [2024-11-03T05:46:38.987+0000] {dagbag.py:588} INFO - Filling up the DagBag from /opt/airflow/dags/Airflow_Miniproj.py
[2024-11-03T05:46:39.004+0000] {logging_mixin.py:190} INFO - [2024-11-03T05:46:39.001+0000] {dagbag.py:387} ERROR - Failed to import: /opt/airflow/dags/Airflow_Miniproj.py
Traceback (most recent call last):
  File "/home/airflow/.local/lib/python3.12/site-packages/airflow/models/dagbag.py", line 383, in parse
    loader.exec_module(new_module)
  File "<frozen importlib._bootstrap_external>", line 995, in exec_module
  File "<frozen importlib._bootstrap>", line 488, in _call_with_frames_removed
  File "/opt/airflow/dags/Airflow_Miniproj.py", line 6, in <module>
    import yfinance as yf
ModuleNotFoundError: No module named 'yfinance'
[2024-11-03T05:46:39.005+0000] {processor.py:927} WARNING - No viable dags retrieved from /opt/airflow/dags/Airflow_Miniproj.py
[2024-11-03T05:46:39.034+0000] {processor.py:208} INFO - Processing /opt/airflow/dags/Airflow_Miniproj.py took 0.057 seconds
[2024-11-03T05:47:09.275+0000] {processor.py:186} INFO - Started process (PID=10390) to work on /opt/airflow/dags/Airflow_Miniproj.py
[2024-11-03T05:47:09.276+0000] {processor.py:914} INFO - Processing file /opt/airflow/dags/Airflow_Miniproj.py for tasks to queue
[2024-11-03T05:47:09.278+0000] {logging_mixin.py:190} INFO - [2024-11-03T05:47:09.278+0000] {dagbag.py:588} INFO - Filling up the DagBag from /opt/airflow/dags/Airflow_Miniproj.py
[2024-11-03T05:47:09.295+0000] {logging_mixin.py:190} INFO - [2024-11-03T05:47:09.292+0000] {dagbag.py:387} ERROR - Failed to import: /opt/airflow/dags/Airflow_Miniproj.py
Traceback (most recent call last):
  File "/home/airflow/.local/lib/python3.12/site-packages/airflow/models/dagbag.py", line 383, in parse
    loader.exec_module(new_module)
  File "<frozen importlib._bootstrap_external>", line 995, in exec_module
  File "<frozen importlib._bootstrap>", line 488, in _call_with_frames_removed
  File "/opt/airflow/dags/Airflow_Miniproj.py", line 6, in <module>
    import yfinance as yf
ModuleNotFoundError: No module named 'yfinance'
[2024-11-03T05:47:09.296+0000] {processor.py:927} WARNING - No viable dags retrieved from /opt/airflow/dags/Airflow_Miniproj.py
[2024-11-03T05:47:09.318+0000] {processor.py:208} INFO - Processing /opt/airflow/dags/Airflow_Miniproj.py took 0.048 seconds
[2024-11-03T05:47:39.774+0000] {processor.py:186} INFO - Started process (PID=10681) to work on /opt/airflow/dags/Airflow_Miniproj.py
[2024-11-03T05:47:39.775+0000] {processor.py:914} INFO - Processing file /opt/airflow/dags/Airflow_Miniproj.py for tasks to queue
[2024-11-03T05:47:39.778+0000] {logging_mixin.py:190} INFO - [2024-11-03T05:47:39.777+0000] {dagbag.py:588} INFO - Filling up the DagBag from /opt/airflow/dags/Airflow_Miniproj.py
[2024-11-03T05:47:39.800+0000] {logging_mixin.py:190} INFO - [2024-11-03T05:47:39.795+0000] {dagbag.py:387} ERROR - Failed to import: /opt/airflow/dags/Airflow_Miniproj.py
Traceback (most recent call last):
  File "/home/airflow/.local/lib/python3.12/site-packages/airflow/models/dagbag.py", line 383, in parse
    loader.exec_module(new_module)
  File "<frozen importlib._bootstrap_external>", line 995, in exec_module
  File "<frozen importlib._bootstrap>", line 488, in _call_with_frames_removed
  File "/opt/airflow/dags/Airflow_Miniproj.py", line 6, in <module>
    import yfinance as yf
ModuleNotFoundError: No module named 'yfinance'
[2024-11-03T05:47:39.801+0000] {processor.py:927} WARNING - No viable dags retrieved from /opt/airflow/dags/Airflow_Miniproj.py
[2024-11-03T05:47:39.823+0000] {processor.py:208} INFO - Processing /opt/airflow/dags/Airflow_Miniproj.py took 0.055 seconds
[2024-11-03T05:48:10.087+0000] {processor.py:186} INFO - Started process (PID=10972) to work on /opt/airflow/dags/Airflow_Miniproj.py
[2024-11-03T05:48:10.087+0000] {processor.py:914} INFO - Processing file /opt/airflow/dags/Airflow_Miniproj.py for tasks to queue
[2024-11-03T05:48:10.090+0000] {logging_mixin.py:190} INFO - [2024-11-03T05:48:10.089+0000] {dagbag.py:588} INFO - Filling up the DagBag from /opt/airflow/dags/Airflow_Miniproj.py
[2024-11-03T05:48:10.107+0000] {logging_mixin.py:190} INFO - [2024-11-03T05:48:10.104+0000] {dagbag.py:387} ERROR - Failed to import: /opt/airflow/dags/Airflow_Miniproj.py
Traceback (most recent call last):
  File "/home/airflow/.local/lib/python3.12/site-packages/airflow/models/dagbag.py", line 383, in parse
    loader.exec_module(new_module)
  File "<frozen importlib._bootstrap_external>", line 995, in exec_module
  File "<frozen importlib._bootstrap>", line 488, in _call_with_frames_removed
  File "/opt/airflow/dags/Airflow_Miniproj.py", line 6, in <module>
    import yfinance as yf
ModuleNotFoundError: No module named 'yfinance'
[2024-11-03T05:48:10.108+0000] {processor.py:927} WARNING - No viable dags retrieved from /opt/airflow/dags/Airflow_Miniproj.py
[2024-11-03T05:48:10.130+0000] {processor.py:208} INFO - Processing /opt/airflow/dags/Airflow_Miniproj.py took 0.050 seconds
[2024-11-03T05:48:40.230+0000] {processor.py:186} INFO - Started process (PID=11263) to work on /opt/airflow/dags/Airflow_Miniproj.py
[2024-11-03T05:48:40.231+0000] {processor.py:914} INFO - Processing file /opt/airflow/dags/Airflow_Miniproj.py for tasks to queue
[2024-11-03T05:48:40.234+0000] {logging_mixin.py:190} INFO - [2024-11-03T05:48:40.233+0000] {dagbag.py:588} INFO - Filling up the DagBag from /opt/airflow/dags/Airflow_Miniproj.py
[2024-11-03T05:48:40.251+0000] {logging_mixin.py:190} INFO - [2024-11-03T05:48:40.248+0000] {dagbag.py:387} ERROR - Failed to import: /opt/airflow/dags/Airflow_Miniproj.py
Traceback (most recent call last):
  File "/home/airflow/.local/lib/python3.12/site-packages/airflow/models/dagbag.py", line 383, in parse
    loader.exec_module(new_module)
  File "<frozen importlib._bootstrap_external>", line 995, in exec_module
  File "<frozen importlib._bootstrap>", line 488, in _call_with_frames_removed
  File "/opt/airflow/dags/Airflow_Miniproj.py", line 6, in <module>
    import yfinance as yf
ModuleNotFoundError: No module named 'yfinance'
[2024-11-03T05:48:40.253+0000] {processor.py:927} WARNING - No viable dags retrieved from /opt/airflow/dags/Airflow_Miniproj.py
[2024-11-03T05:48:40.275+0000] {processor.py:208} INFO - Processing /opt/airflow/dags/Airflow_Miniproj.py took 0.051 seconds
[2024-11-03T05:49:10.354+0000] {processor.py:186} INFO - Started process (PID=11554) to work on /opt/airflow/dags/Airflow_Miniproj.py
[2024-11-03T05:49:10.355+0000] {processor.py:914} INFO - Processing file /opt/airflow/dags/Airflow_Miniproj.py for tasks to queue
[2024-11-03T05:49:10.357+0000] {logging_mixin.py:190} INFO - [2024-11-03T05:49:10.357+0000] {dagbag.py:588} INFO - Filling up the DagBag from /opt/airflow/dags/Airflow_Miniproj.py
[2024-11-03T05:49:10.374+0000] {logging_mixin.py:190} INFO - [2024-11-03T05:49:10.370+0000] {dagbag.py:387} ERROR - Failed to import: /opt/airflow/dags/Airflow_Miniproj.py
Traceback (most recent call last):
  File "/home/airflow/.local/lib/python3.12/site-packages/airflow/models/dagbag.py", line 383, in parse
    loader.exec_module(new_module)
  File "<frozen importlib._bootstrap_external>", line 995, in exec_module
  File "<frozen importlib._bootstrap>", line 488, in _call_with_frames_removed
  File "/opt/airflow/dags/Airflow_Miniproj.py", line 6, in <module>
    import yfinance as yf
ModuleNotFoundError: No module named 'yfinance'
[2024-11-03T05:49:10.376+0000] {processor.py:927} WARNING - No viable dags retrieved from /opt/airflow/dags/Airflow_Miniproj.py
[2024-11-03T05:49:10.401+0000] {processor.py:208} INFO - Processing /opt/airflow/dags/Airflow_Miniproj.py took 0.054 seconds
[2024-11-03T05:49:40.797+0000] {processor.py:186} INFO - Started process (PID=11845) to work on /opt/airflow/dags/Airflow_Miniproj.py
[2024-11-03T05:49:40.798+0000] {processor.py:914} INFO - Processing file /opt/airflow/dags/Airflow_Miniproj.py for tasks to queue
[2024-11-03T05:49:40.800+0000] {logging_mixin.py:190} INFO - [2024-11-03T05:49:40.800+0000] {dagbag.py:588} INFO - Filling up the DagBag from /opt/airflow/dags/Airflow_Miniproj.py
[2024-11-03T05:49:40.819+0000] {logging_mixin.py:190} INFO - [2024-11-03T05:49:40.815+0000] {dagbag.py:387} ERROR - Failed to import: /opt/airflow/dags/Airflow_Miniproj.py
Traceback (most recent call last):
  File "/home/airflow/.local/lib/python3.12/site-packages/airflow/models/dagbag.py", line 383, in parse
    loader.exec_module(new_module)
  File "<frozen importlib._bootstrap_external>", line 995, in exec_module
  File "<frozen importlib._bootstrap>", line 488, in _call_with_frames_removed
  File "/opt/airflow/dags/Airflow_Miniproj.py", line 6, in <module>
    import yfinance as yf
ModuleNotFoundError: No module named 'yfinance'
[2024-11-03T05:49:40.821+0000] {processor.py:927} WARNING - No viable dags retrieved from /opt/airflow/dags/Airflow_Miniproj.py
[2024-11-03T05:49:40.849+0000] {processor.py:208} INFO - Processing /opt/airflow/dags/Airflow_Miniproj.py took 0.059 seconds
[2024-11-03T05:50:11.450+0000] {processor.py:186} INFO - Started process (PID=12136) to work on /opt/airflow/dags/Airflow_Miniproj.py
[2024-11-03T05:50:11.451+0000] {processor.py:914} INFO - Processing file /opt/airflow/dags/Airflow_Miniproj.py for tasks to queue
[2024-11-03T05:50:11.454+0000] {logging_mixin.py:190} INFO - [2024-11-03T05:50:11.453+0000] {dagbag.py:588} INFO - Filling up the DagBag from /opt/airflow/dags/Airflow_Miniproj.py
[2024-11-03T05:50:11.469+0000] {logging_mixin.py:190} INFO - [2024-11-03T05:50:11.466+0000] {dagbag.py:387} ERROR - Failed to import: /opt/airflow/dags/Airflow_Miniproj.py
Traceback (most recent call last):
  File "/home/airflow/.local/lib/python3.12/site-packages/airflow/models/dagbag.py", line 383, in parse
    loader.exec_module(new_module)
  File "<frozen importlib._bootstrap_external>", line 995, in exec_module
  File "<frozen importlib._bootstrap>", line 488, in _call_with_frames_removed
  File "/opt/airflow/dags/Airflow_Miniproj.py", line 6, in <module>
    import yfinance as yf
ModuleNotFoundError: No module named 'yfinance'
[2024-11-03T05:50:11.470+0000] {processor.py:927} WARNING - No viable dags retrieved from /opt/airflow/dags/Airflow_Miniproj.py
[2024-11-03T05:50:11.492+0000] {processor.py:208} INFO - Processing /opt/airflow/dags/Airflow_Miniproj.py took 0.048 seconds
[2024-11-03T05:50:41.951+0000] {processor.py:186} INFO - Started process (PID=12427) to work on /opt/airflow/dags/Airflow_Miniproj.py
[2024-11-03T05:50:41.952+0000] {processor.py:914} INFO - Processing file /opt/airflow/dags/Airflow_Miniproj.py for tasks to queue
[2024-11-03T05:50:41.954+0000] {logging_mixin.py:190} INFO - [2024-11-03T05:50:41.954+0000] {dagbag.py:588} INFO - Filling up the DagBag from /opt/airflow/dags/Airflow_Miniproj.py
[2024-11-03T05:50:41.970+0000] {logging_mixin.py:190} INFO - [2024-11-03T05:50:41.967+0000] {dagbag.py:387} ERROR - Failed to import: /opt/airflow/dags/Airflow_Miniproj.py
Traceback (most recent call last):
  File "/home/airflow/.local/lib/python3.12/site-packages/airflow/models/dagbag.py", line 383, in parse
    loader.exec_module(new_module)
  File "<frozen importlib._bootstrap_external>", line 995, in exec_module
  File "<frozen importlib._bootstrap>", line 488, in _call_with_frames_removed
  File "/opt/airflow/dags/Airflow_Miniproj.py", line 6, in <module>
    import yfinance as yf
ModuleNotFoundError: No module named 'yfinance'
[2024-11-03T05:50:41.971+0000] {processor.py:927} WARNING - No viable dags retrieved from /opt/airflow/dags/Airflow_Miniproj.py
[2024-11-03T05:50:41.992+0000] {processor.py:208} INFO - Processing /opt/airflow/dags/Airflow_Miniproj.py took 0.047 seconds
[2024-11-03T05:51:12.561+0000] {processor.py:186} INFO - Started process (PID=12718) to work on /opt/airflow/dags/Airflow_Miniproj.py
[2024-11-03T05:51:12.562+0000] {processor.py:914} INFO - Processing file /opt/airflow/dags/Airflow_Miniproj.py for tasks to queue
[2024-11-03T05:51:12.564+0000] {logging_mixin.py:190} INFO - [2024-11-03T05:51:12.564+0000] {dagbag.py:588} INFO - Filling up the DagBag from /opt/airflow/dags/Airflow_Miniproj.py
[2024-11-03T05:51:12.581+0000] {logging_mixin.py:190} INFO - [2024-11-03T05:51:12.578+0000] {dagbag.py:387} ERROR - Failed to import: /opt/airflow/dags/Airflow_Miniproj.py
Traceback (most recent call last):
  File "/home/airflow/.local/lib/python3.12/site-packages/airflow/models/dagbag.py", line 383, in parse
    loader.exec_module(new_module)
  File "<frozen importlib._bootstrap_external>", line 995, in exec_module
  File "<frozen importlib._bootstrap>", line 488, in _call_with_frames_removed
  File "/opt/airflow/dags/Airflow_Miniproj.py", line 6, in <module>
    import yfinance as yf
ModuleNotFoundError: No module named 'yfinance'
[2024-11-03T05:51:12.583+0000] {processor.py:927} WARNING - No viable dags retrieved from /opt/airflow/dags/Airflow_Miniproj.py
[2024-11-03T05:51:12.606+0000] {processor.py:208} INFO - Processing /opt/airflow/dags/Airflow_Miniproj.py took 0.052 seconds
[2024-11-03T05:52:49.228+0000] {processor.py:186} INFO - Started process (PID=178) to work on /opt/airflow/dags/Airflow_Miniproj.py
[2024-11-03T05:52:49.230+0000] {processor.py:914} INFO - Processing file /opt/airflow/dags/Airflow_Miniproj.py for tasks to queue
[2024-11-03T05:52:49.233+0000] {logging_mixin.py:190} INFO - [2024-11-03T05:52:49.232+0000] {dagbag.py:588} INFO - Filling up the DagBag from /opt/airflow/dags/Airflow_Miniproj.py
[2024-11-03T05:52:49.253+0000] {logging_mixin.py:190} INFO - [2024-11-03T05:52:49.248+0000] {dagbag.py:387} ERROR - Failed to import: /opt/airflow/dags/Airflow_Miniproj.py
Traceback (most recent call last):
  File "/home/airflow/.local/lib/python3.12/site-packages/airflow/models/dagbag.py", line 383, in parse
    loader.exec_module(new_module)
  File "<frozen importlib._bootstrap_external>", line 995, in exec_module
  File "<frozen importlib._bootstrap>", line 488, in _call_with_frames_removed
  File "/opt/airflow/dags/Airflow_Miniproj.py", line 6, in <module>
    import yfinance as yf
ModuleNotFoundError: No module named 'yfinance'
[2024-11-03T05:52:49.257+0000] {processor.py:927} WARNING - No viable dags retrieved from /opt/airflow/dags/Airflow_Miniproj.py
[2024-11-03T05:52:49.289+0000] {processor.py:208} INFO - Processing /opt/airflow/dags/Airflow_Miniproj.py took 0.068 seconds
[2024-11-03T05:53:19.345+0000] {processor.py:186} INFO - Started process (PID=469) to work on /opt/airflow/dags/Airflow_Miniproj.py
[2024-11-03T05:53:19.346+0000] {processor.py:914} INFO - Processing file /opt/airflow/dags/Airflow_Miniproj.py for tasks to queue
[2024-11-03T05:53:19.349+0000] {logging_mixin.py:190} INFO - [2024-11-03T05:53:19.349+0000] {dagbag.py:588} INFO - Filling up the DagBag from /opt/airflow/dags/Airflow_Miniproj.py
[2024-11-03T05:53:19.362+0000] {logging_mixin.py:190} INFO - [2024-11-03T05:53:19.359+0000] {dagbag.py:387} ERROR - Failed to import: /opt/airflow/dags/Airflow_Miniproj.py
Traceback (most recent call last):
  File "/home/airflow/.local/lib/python3.12/site-packages/airflow/models/dagbag.py", line 383, in parse
    loader.exec_module(new_module)
  File "<frozen importlib._bootstrap_external>", line 995, in exec_module
  File "<frozen importlib._bootstrap>", line 488, in _call_with_frames_removed
  File "/opt/airflow/dags/Airflow_Miniproj.py", line 6, in <module>
    import yfinance as yf
ModuleNotFoundError: No module named 'yfinance'
[2024-11-03T05:53:19.364+0000] {processor.py:927} WARNING - No viable dags retrieved from /opt/airflow/dags/Airflow_Miniproj.py
[2024-11-03T05:53:19.394+0000] {processor.py:208} INFO - Processing /opt/airflow/dags/Airflow_Miniproj.py took 0.055 seconds
[2024-11-03T05:53:49.941+0000] {processor.py:186} INFO - Started process (PID=766) to work on /opt/airflow/dags/Airflow_Miniproj.py
[2024-11-03T05:53:49.942+0000] {processor.py:914} INFO - Processing file /opt/airflow/dags/Airflow_Miniproj.py for tasks to queue
[2024-11-03T05:53:49.945+0000] {logging_mixin.py:190} INFO - [2024-11-03T05:53:49.945+0000] {dagbag.py:588} INFO - Filling up the DagBag from /opt/airflow/dags/Airflow_Miniproj.py
[2024-11-03T05:53:49.962+0000] {logging_mixin.py:190} INFO - [2024-11-03T05:53:49.958+0000] {dagbag.py:387} ERROR - Failed to import: /opt/airflow/dags/Airflow_Miniproj.py
Traceback (most recent call last):
  File "/home/airflow/.local/lib/python3.12/site-packages/airflow/models/dagbag.py", line 383, in parse
    loader.exec_module(new_module)
  File "<frozen importlib._bootstrap_external>", line 995, in exec_module
  File "<frozen importlib._bootstrap>", line 488, in _call_with_frames_removed
  File "/opt/airflow/dags/Airflow_Miniproj.py", line 6, in <module>
    import yfinance as yf
ModuleNotFoundError: No module named 'yfinance'
[2024-11-03T05:53:49.963+0000] {processor.py:927} WARNING - No viable dags retrieved from /opt/airflow/dags/Airflow_Miniproj.py
[2024-11-03T05:53:49.984+0000] {processor.py:208} INFO - Processing /opt/airflow/dags/Airflow_Miniproj.py took 0.049 seconds
[2024-11-03T05:54:20.225+0000] {processor.py:186} INFO - Started process (PID=1057) to work on /opt/airflow/dags/Airflow_Miniproj.py
[2024-11-03T05:54:20.226+0000] {processor.py:914} INFO - Processing file /opt/airflow/dags/Airflow_Miniproj.py for tasks to queue
[2024-11-03T05:54:20.228+0000] {logging_mixin.py:190} INFO - [2024-11-03T05:54:20.228+0000] {dagbag.py:588} INFO - Filling up the DagBag from /opt/airflow/dags/Airflow_Miniproj.py
[2024-11-03T05:54:20.243+0000] {logging_mixin.py:190} INFO - [2024-11-03T05:54:20.240+0000] {dagbag.py:387} ERROR - Failed to import: /opt/airflow/dags/Airflow_Miniproj.py
Traceback (most recent call last):
  File "/home/airflow/.local/lib/python3.12/site-packages/airflow/models/dagbag.py", line 383, in parse
    loader.exec_module(new_module)
  File "<frozen importlib._bootstrap_external>", line 995, in exec_module
  File "<frozen importlib._bootstrap>", line 488, in _call_with_frames_removed
  File "/opt/airflow/dags/Airflow_Miniproj.py", line 6, in <module>
    import yfinance as yf
ModuleNotFoundError: No module named 'yfinance'
[2024-11-03T05:54:20.244+0000] {processor.py:927} WARNING - No viable dags retrieved from /opt/airflow/dags/Airflow_Miniproj.py
[2024-11-03T05:54:20.266+0000] {processor.py:208} INFO - Processing /opt/airflow/dags/Airflow_Miniproj.py took 0.047 seconds
[2024-11-03T05:54:50.578+0000] {processor.py:186} INFO - Started process (PID=1348) to work on /opt/airflow/dags/Airflow_Miniproj.py
[2024-11-03T05:54:50.580+0000] {processor.py:914} INFO - Processing file /opt/airflow/dags/Airflow_Miniproj.py for tasks to queue
[2024-11-03T05:54:50.583+0000] {logging_mixin.py:190} INFO - [2024-11-03T05:54:50.582+0000] {dagbag.py:588} INFO - Filling up the DagBag from /opt/airflow/dags/Airflow_Miniproj.py
[2024-11-03T05:54:50.601+0000] {logging_mixin.py:190} INFO - [2024-11-03T05:54:50.597+0000] {dagbag.py:387} ERROR - Failed to import: /opt/airflow/dags/Airflow_Miniproj.py
Traceback (most recent call last):
  File "/home/airflow/.local/lib/python3.12/site-packages/airflow/models/dagbag.py", line 383, in parse
    loader.exec_module(new_module)
  File "<frozen importlib._bootstrap_external>", line 995, in exec_module
  File "<frozen importlib._bootstrap>", line 488, in _call_with_frames_removed
  File "/opt/airflow/dags/Airflow_Miniproj.py", line 6, in <module>
    import yfinance as yf
ModuleNotFoundError: No module named 'yfinance'
[2024-11-03T05:54:50.603+0000] {processor.py:927} WARNING - No viable dags retrieved from /opt/airflow/dags/Airflow_Miniproj.py
[2024-11-03T05:54:50.626+0000] {processor.py:208} INFO - Processing /opt/airflow/dags/Airflow_Miniproj.py took 0.054 seconds
[2024-11-03T05:57:14.361+0000] {processor.py:186} INFO - Started process (PID=178) to work on /opt/airflow/dags/Airflow_Miniproj.py
[2024-11-03T05:57:14.362+0000] {processor.py:914} INFO - Processing file /opt/airflow/dags/Airflow_Miniproj.py for tasks to queue
[2024-11-03T05:57:14.365+0000] {logging_mixin.py:190} INFO - [2024-11-03T05:57:14.364+0000] {dagbag.py:588} INFO - Filling up the DagBag from /opt/airflow/dags/Airflow_Miniproj.py
[2024-11-03T05:57:14.379+0000] {logging_mixin.py:190} INFO - [2024-11-03T05:57:14.375+0000] {dagbag.py:387} ERROR - Failed to import: /opt/airflow/dags/Airflow_Miniproj.py
Traceback (most recent call last):
  File "/home/airflow/.local/lib/python3.12/site-packages/airflow/models/dagbag.py", line 383, in parse
    loader.exec_module(new_module)
  File "<frozen importlib._bootstrap_external>", line 995, in exec_module
  File "<frozen importlib._bootstrap>", line 488, in _call_with_frames_removed
  File "/opt/airflow/dags/Airflow_Miniproj.py", line 6, in <module>
    import yfinance as yf
ModuleNotFoundError: No module named 'yfinance'
[2024-11-03T05:57:14.381+0000] {processor.py:927} WARNING - No viable dags retrieved from /opt/airflow/dags/Airflow_Miniproj.py
[2024-11-03T05:57:14.409+0000] {processor.py:208} INFO - Processing /opt/airflow/dags/Airflow_Miniproj.py took 0.055 seconds
[2024-11-03T05:57:44.896+0000] {processor.py:186} INFO - Started process (PID=475) to work on /opt/airflow/dags/Airflow_Miniproj.py
[2024-11-03T05:57:44.897+0000] {processor.py:914} INFO - Processing file /opt/airflow/dags/Airflow_Miniproj.py for tasks to queue
[2024-11-03T05:57:44.901+0000] {logging_mixin.py:190} INFO - [2024-11-03T05:57:44.900+0000] {dagbag.py:588} INFO - Filling up the DagBag from /opt/airflow/dags/Airflow_Miniproj.py
[2024-11-03T05:57:44.919+0000] {logging_mixin.py:190} INFO - [2024-11-03T05:57:44.914+0000] {dagbag.py:387} ERROR - Failed to import: /opt/airflow/dags/Airflow_Miniproj.py
Traceback (most recent call last):
  File "/home/airflow/.local/lib/python3.12/site-packages/airflow/models/dagbag.py", line 383, in parse
    loader.exec_module(new_module)
  File "<frozen importlib._bootstrap_external>", line 995, in exec_module
  File "<frozen importlib._bootstrap>", line 488, in _call_with_frames_removed
  File "/opt/airflow/dags/Airflow_Miniproj.py", line 6, in <module>
    import yfinance as yf
ModuleNotFoundError: No module named 'yfinance'
[2024-11-03T05:57:44.920+0000] {processor.py:927} WARNING - No viable dags retrieved from /opt/airflow/dags/Airflow_Miniproj.py
[2024-11-03T05:57:44.944+0000] {processor.py:208} INFO - Processing /opt/airflow/dags/Airflow_Miniproj.py took 0.055 seconds
[2024-11-03T05:58:15.421+0000] {processor.py:186} INFO - Started process (PID=766) to work on /opt/airflow/dags/Airflow_Miniproj.py
[2024-11-03T05:58:15.422+0000] {processor.py:914} INFO - Processing file /opt/airflow/dags/Airflow_Miniproj.py for tasks to queue
[2024-11-03T05:58:15.425+0000] {logging_mixin.py:190} INFO - [2024-11-03T05:58:15.424+0000] {dagbag.py:588} INFO - Filling up the DagBag from /opt/airflow/dags/Airflow_Miniproj.py
[2024-11-03T05:58:15.443+0000] {logging_mixin.py:190} INFO - [2024-11-03T05:58:15.440+0000] {dagbag.py:387} ERROR - Failed to import: /opt/airflow/dags/Airflow_Miniproj.py
Traceback (most recent call last):
  File "/home/airflow/.local/lib/python3.12/site-packages/airflow/models/dagbag.py", line 383, in parse
    loader.exec_module(new_module)
  File "<frozen importlib._bootstrap_external>", line 995, in exec_module
  File "<frozen importlib._bootstrap>", line 488, in _call_with_frames_removed
  File "/opt/airflow/dags/Airflow_Miniproj.py", line 6, in <module>
    import yfinance as yf
ModuleNotFoundError: No module named 'yfinance'
[2024-11-03T05:58:15.444+0000] {processor.py:927} WARNING - No viable dags retrieved from /opt/airflow/dags/Airflow_Miniproj.py
[2024-11-03T05:58:15.467+0000] {processor.py:208} INFO - Processing /opt/airflow/dags/Airflow_Miniproj.py took 0.052 seconds
[2024-11-03T05:58:45.683+0000] {processor.py:186} INFO - Started process (PID=1057) to work on /opt/airflow/dags/Airflow_Miniproj.py
[2024-11-03T05:58:45.684+0000] {processor.py:914} INFO - Processing file /opt/airflow/dags/Airflow_Miniproj.py for tasks to queue
[2024-11-03T05:58:45.686+0000] {logging_mixin.py:190} INFO - [2024-11-03T05:58:45.686+0000] {dagbag.py:588} INFO - Filling up the DagBag from /opt/airflow/dags/Airflow_Miniproj.py
[2024-11-03T05:58:45.704+0000] {logging_mixin.py:190} INFO - [2024-11-03T05:58:45.700+0000] {dagbag.py:387} ERROR - Failed to import: /opt/airflow/dags/Airflow_Miniproj.py
Traceback (most recent call last):
  File "/home/airflow/.local/lib/python3.12/site-packages/airflow/models/dagbag.py", line 383, in parse
    loader.exec_module(new_module)
  File "<frozen importlib._bootstrap_external>", line 995, in exec_module
  File "<frozen importlib._bootstrap>", line 488, in _call_with_frames_removed
  File "/opt/airflow/dags/Airflow_Miniproj.py", line 6, in <module>
    import yfinance as yf
ModuleNotFoundError: No module named 'yfinance'
[2024-11-03T05:58:45.706+0000] {processor.py:927} WARNING - No viable dags retrieved from /opt/airflow/dags/Airflow_Miniproj.py
[2024-11-03T05:58:45.727+0000] {processor.py:208} INFO - Processing /opt/airflow/dags/Airflow_Miniproj.py took 0.050 seconds
[2024-11-03T05:59:16.688+0000] {processor.py:186} INFO - Started process (PID=1348) to work on /opt/airflow/dags/Airflow_Miniproj.py
[2024-11-03T05:59:16.689+0000] {processor.py:914} INFO - Processing file /opt/airflow/dags/Airflow_Miniproj.py for tasks to queue
[2024-11-03T05:59:16.691+0000] {logging_mixin.py:190} INFO - [2024-11-03T05:59:16.691+0000] {dagbag.py:588} INFO - Filling up the DagBag from /opt/airflow/dags/Airflow_Miniproj.py
[2024-11-03T05:59:16.709+0000] {logging_mixin.py:190} INFO - [2024-11-03T05:59:16.706+0000] {dagbag.py:387} ERROR - Failed to import: /opt/airflow/dags/Airflow_Miniproj.py
Traceback (most recent call last):
  File "/home/airflow/.local/lib/python3.12/site-packages/airflow/models/dagbag.py", line 383, in parse
    loader.exec_module(new_module)
  File "<frozen importlib._bootstrap_external>", line 995, in exec_module
  File "<frozen importlib._bootstrap>", line 488, in _call_with_frames_removed
  File "/opt/airflow/dags/Airflow_Miniproj.py", line 6, in <module>
    import yfinance as yf
ModuleNotFoundError: No module named 'yfinance'
[2024-11-03T05:59:16.710+0000] {processor.py:927} WARNING - No viable dags retrieved from /opt/airflow/dags/Airflow_Miniproj.py
[2024-11-03T05:59:16.739+0000] {processor.py:208} INFO - Processing /opt/airflow/dags/Airflow_Miniproj.py took 0.058 seconds
[2024-11-03T05:59:47.693+0000] {processor.py:186} INFO - Started process (PID=1639) to work on /opt/airflow/dags/Airflow_Miniproj.py
[2024-11-03T05:59:47.694+0000] {processor.py:914} INFO - Processing file /opt/airflow/dags/Airflow_Miniproj.py for tasks to queue
[2024-11-03T05:59:47.696+0000] {logging_mixin.py:190} INFO - [2024-11-03T05:59:47.696+0000] {dagbag.py:588} INFO - Filling up the DagBag from /opt/airflow/dags/Airflow_Miniproj.py
[2024-11-03T05:59:47.714+0000] {logging_mixin.py:190} INFO - [2024-11-03T05:59:47.711+0000] {dagbag.py:387} ERROR - Failed to import: /opt/airflow/dags/Airflow_Miniproj.py
Traceback (most recent call last):
  File "/home/airflow/.local/lib/python3.12/site-packages/airflow/models/dagbag.py", line 383, in parse
    loader.exec_module(new_module)
  File "<frozen importlib._bootstrap_external>", line 995, in exec_module
  File "<frozen importlib._bootstrap>", line 488, in _call_with_frames_removed
  File "/opt/airflow/dags/Airflow_Miniproj.py", line 6, in <module>
    import yfinance as yf
ModuleNotFoundError: No module named 'yfinance'
[2024-11-03T05:59:47.715+0000] {processor.py:927} WARNING - No viable dags retrieved from /opt/airflow/dags/Airflow_Miniproj.py
[2024-11-03T05:59:47.738+0000] {processor.py:208} INFO - Processing /opt/airflow/dags/Airflow_Miniproj.py took 0.051 seconds
[2024-11-03T06:00:18.124+0000] {processor.py:186} INFO - Started process (PID=1930) to work on /opt/airflow/dags/Airflow_Miniproj.py
[2024-11-03T06:00:18.125+0000] {processor.py:914} INFO - Processing file /opt/airflow/dags/Airflow_Miniproj.py for tasks to queue
[2024-11-03T06:00:18.128+0000] {logging_mixin.py:190} INFO - [2024-11-03T06:00:18.128+0000] {dagbag.py:588} INFO - Filling up the DagBag from /opt/airflow/dags/Airflow_Miniproj.py
[2024-11-03T06:00:18.150+0000] {logging_mixin.py:190} INFO - [2024-11-03T06:00:18.145+0000] {dagbag.py:387} ERROR - Failed to import: /opt/airflow/dags/Airflow_Miniproj.py
Traceback (most recent call last):
  File "/home/airflow/.local/lib/python3.12/site-packages/airflow/models/dagbag.py", line 383, in parse
    loader.exec_module(new_module)
  File "<frozen importlib._bootstrap_external>", line 995, in exec_module
  File "<frozen importlib._bootstrap>", line 488, in _call_with_frames_removed
  File "/opt/airflow/dags/Airflow_Miniproj.py", line 6, in <module>
    import yfinance as yf
ModuleNotFoundError: No module named 'yfinance'
[2024-11-03T06:00:18.151+0000] {processor.py:927} WARNING - No viable dags retrieved from /opt/airflow/dags/Airflow_Miniproj.py
[2024-11-03T06:00:18.177+0000] {processor.py:208} INFO - Processing /opt/airflow/dags/Airflow_Miniproj.py took 0.059 seconds
[2024-11-03T06:06:51.844+0000] {processor.py:186} INFO - Started process (PID=202) to work on /opt/airflow/dags/Airflow_Miniproj.py
[2024-11-03T06:06:51.845+0000] {processor.py:914} INFO - Processing file /opt/airflow/dags/Airflow_Miniproj.py for tasks to queue
[2024-11-03T06:06:51.847+0000] {logging_mixin.py:190} INFO - [2024-11-03T06:06:51.847+0000] {dagbag.py:588} INFO - Filling up the DagBag from /opt/airflow/dags/Airflow_Miniproj.py
[2024-11-03T06:06:51.861+0000] {logging_mixin.py:190} INFO - [2024-11-03T06:06:51.857+0000] {dagbag.py:387} ERROR - Failed to import: /opt/airflow/dags/Airflow_Miniproj.py
Traceback (most recent call last):
  File "/home/airflow/.local/lib/python3.12/site-packages/airflow/models/dagbag.py", line 383, in parse
    loader.exec_module(new_module)
  File "<frozen importlib._bootstrap_external>", line 995, in exec_module
  File "<frozen importlib._bootstrap>", line 488, in _call_with_frames_removed
  File "/opt/airflow/dags/Airflow_Miniproj.py", line 6, in <module>
    import yfinance as yf
ModuleNotFoundError: No module named 'yfinance'
[2024-11-03T06:06:51.862+0000] {processor.py:927} WARNING - No viable dags retrieved from /opt/airflow/dags/Airflow_Miniproj.py
[2024-11-03T06:06:51.888+0000] {processor.py:208} INFO - Processing /opt/airflow/dags/Airflow_Miniproj.py took 0.050 seconds
[2024-11-03T06:07:21.945+0000] {processor.py:186} INFO - Started process (PID=493) to work on /opt/airflow/dags/Airflow_Miniproj.py
[2024-11-03T06:07:21.946+0000] {processor.py:914} INFO - Processing file /opt/airflow/dags/Airflow_Miniproj.py for tasks to queue
[2024-11-03T06:07:21.948+0000] {logging_mixin.py:190} INFO - [2024-11-03T06:07:21.948+0000] {dagbag.py:588} INFO - Filling up the DagBag from /opt/airflow/dags/Airflow_Miniproj.py
[2024-11-03T06:07:21.966+0000] {logging_mixin.py:190} INFO - [2024-11-03T06:07:21.963+0000] {dagbag.py:387} ERROR - Failed to import: /opt/airflow/dags/Airflow_Miniproj.py
Traceback (most recent call last):
  File "/home/airflow/.local/lib/python3.12/site-packages/airflow/models/dagbag.py", line 383, in parse
    loader.exec_module(new_module)
  File "<frozen importlib._bootstrap_external>", line 995, in exec_module
  File "<frozen importlib._bootstrap>", line 488, in _call_with_frames_removed
  File "/opt/airflow/dags/Airflow_Miniproj.py", line 6, in <module>
    import yfinance as yf
ModuleNotFoundError: No module named 'yfinance'
[2024-11-03T06:07:21.968+0000] {processor.py:927} WARNING - No viable dags retrieved from /opt/airflow/dags/Airflow_Miniproj.py
[2024-11-03T06:07:21.990+0000] {processor.py:208} INFO - Processing /opt/airflow/dags/Airflow_Miniproj.py took 0.050 seconds
[2024-11-03T06:07:52.514+0000] {processor.py:186} INFO - Started process (PID=784) to work on /opt/airflow/dags/Airflow_Miniproj.py
[2024-11-03T06:07:52.515+0000] {processor.py:914} INFO - Processing file /opt/airflow/dags/Airflow_Miniproj.py for tasks to queue
[2024-11-03T06:07:52.517+0000] {logging_mixin.py:190} INFO - [2024-11-03T06:07:52.517+0000] {dagbag.py:588} INFO - Filling up the DagBag from /opt/airflow/dags/Airflow_Miniproj.py
[2024-11-03T06:07:52.535+0000] {logging_mixin.py:190} INFO - [2024-11-03T06:07:52.531+0000] {dagbag.py:387} ERROR - Failed to import: /opt/airflow/dags/Airflow_Miniproj.py
Traceback (most recent call last):
  File "/home/airflow/.local/lib/python3.12/site-packages/airflow/models/dagbag.py", line 383, in parse
    loader.exec_module(new_module)
  File "<frozen importlib._bootstrap_external>", line 995, in exec_module
  File "<frozen importlib._bootstrap>", line 488, in _call_with_frames_removed
  File "/opt/airflow/dags/Airflow_Miniproj.py", line 6, in <module>
    import yfinance as yf
ModuleNotFoundError: No module named 'yfinance'
[2024-11-03T06:07:52.536+0000] {processor.py:927} WARNING - No viable dags retrieved from /opt/airflow/dags/Airflow_Miniproj.py
[2024-11-03T06:07:52.558+0000] {processor.py:208} INFO - Processing /opt/airflow/dags/Airflow_Miniproj.py took 0.051 seconds
[2024-11-03T06:10:46.194+0000] {processor.py:186} INFO - Started process (PID=191) to work on /opt/airflow/dags/Airflow_Miniproj.py
[2024-11-03T06:10:46.196+0000] {processor.py:914} INFO - Processing file /opt/airflow/dags/Airflow_Miniproj.py for tasks to queue
[2024-11-03T06:10:46.200+0000] {logging_mixin.py:190} INFO - [2024-11-03T06:10:46.199+0000] {dagbag.py:588} INFO - Filling up the DagBag from /opt/airflow/dags/Airflow_Miniproj.py
[2024-11-03T06:10:46.223+0000] {logging_mixin.py:190} INFO - [2024-11-03T06:10:46.217+0000] {dagbag.py:387} ERROR - Failed to import: /opt/airflow/dags/Airflow_Miniproj.py
Traceback (most recent call last):
  File "/home/airflow/.local/lib/python3.12/site-packages/airflow/models/dagbag.py", line 383, in parse
    loader.exec_module(new_module)
  File "<frozen importlib._bootstrap_external>", line 995, in exec_module
  File "<frozen importlib._bootstrap>", line 488, in _call_with_frames_removed
  File "/opt/airflow/dags/Airflow_Miniproj.py", line 6, in <module>
    import yfinance as yf
ModuleNotFoundError: No module named 'yfinance'
[2024-11-03T06:10:46.225+0000] {processor.py:927} WARNING - No viable dags retrieved from /opt/airflow/dags/Airflow_Miniproj.py
[2024-11-03T06:10:46.259+0000] {processor.py:208} INFO - Processing /opt/airflow/dags/Airflow_Miniproj.py took 0.077 seconds
[2024-11-03T06:11:16.539+0000] {processor.py:186} INFO - Started process (PID=482) to work on /opt/airflow/dags/Airflow_Miniproj.py
[2024-11-03T06:11:16.539+0000] {processor.py:914} INFO - Processing file /opt/airflow/dags/Airflow_Miniproj.py for tasks to queue
[2024-11-03T06:11:16.542+0000] {logging_mixin.py:190} INFO - [2024-11-03T06:11:16.542+0000] {dagbag.py:588} INFO - Filling up the DagBag from /opt/airflow/dags/Airflow_Miniproj.py
[2024-11-03T06:11:16.559+0000] {logging_mixin.py:190} INFO - [2024-11-03T06:11:16.556+0000] {dagbag.py:387} ERROR - Failed to import: /opt/airflow/dags/Airflow_Miniproj.py
Traceback (most recent call last):
  File "/home/airflow/.local/lib/python3.12/site-packages/airflow/models/dagbag.py", line 383, in parse
    loader.exec_module(new_module)
  File "<frozen importlib._bootstrap_external>", line 995, in exec_module
  File "<frozen importlib._bootstrap>", line 488, in _call_with_frames_removed
  File "/opt/airflow/dags/Airflow_Miniproj.py", line 6, in <module>
    import yfinance as yf
ModuleNotFoundError: No module named 'yfinance'
[2024-11-03T06:11:16.560+0000] {processor.py:927} WARNING - No viable dags retrieved from /opt/airflow/dags/Airflow_Miniproj.py
[2024-11-03T06:11:16.584+0000] {processor.py:208} INFO - Processing /opt/airflow/dags/Airflow_Miniproj.py took 0.052 seconds
[2024-11-03T06:11:46.999+0000] {processor.py:186} INFO - Started process (PID=779) to work on /opt/airflow/dags/Airflow_Miniproj.py
[2024-11-03T06:11:47.000+0000] {processor.py:914} INFO - Processing file /opt/airflow/dags/Airflow_Miniproj.py for tasks to queue
[2024-11-03T06:11:47.002+0000] {logging_mixin.py:190} INFO - [2024-11-03T06:11:47.002+0000] {dagbag.py:588} INFO - Filling up the DagBag from /opt/airflow/dags/Airflow_Miniproj.py
[2024-11-03T06:11:47.019+0000] {logging_mixin.py:190} INFO - [2024-11-03T06:11:47.015+0000] {dagbag.py:387} ERROR - Failed to import: /opt/airflow/dags/Airflow_Miniproj.py
Traceback (most recent call last):
  File "/home/airflow/.local/lib/python3.12/site-packages/airflow/models/dagbag.py", line 383, in parse
    loader.exec_module(new_module)
  File "<frozen importlib._bootstrap_external>", line 995, in exec_module
  File "<frozen importlib._bootstrap>", line 488, in _call_with_frames_removed
  File "/opt/airflow/dags/Airflow_Miniproj.py", line 6, in <module>
    import yfinance as yf
ModuleNotFoundError: No module named 'yfinance'
[2024-11-03T06:11:47.021+0000] {processor.py:927} WARNING - No viable dags retrieved from /opt/airflow/dags/Airflow_Miniproj.py
[2024-11-03T06:11:47.043+0000] {processor.py:208} INFO - Processing /opt/airflow/dags/Airflow_Miniproj.py took 0.053 seconds
[2024-11-03T06:12:17.741+0000] {processor.py:186} INFO - Started process (PID=1070) to work on /opt/airflow/dags/Airflow_Miniproj.py
[2024-11-03T06:12:17.742+0000] {processor.py:914} INFO - Processing file /opt/airflow/dags/Airflow_Miniproj.py for tasks to queue
[2024-11-03T06:12:17.745+0000] {logging_mixin.py:190} INFO - [2024-11-03T06:12:17.745+0000] {dagbag.py:588} INFO - Filling up the DagBag from /opt/airflow/dags/Airflow_Miniproj.py
[2024-11-03T06:12:17.767+0000] {logging_mixin.py:190} INFO - [2024-11-03T06:12:17.762+0000] {dagbag.py:387} ERROR - Failed to import: /opt/airflow/dags/Airflow_Miniproj.py
Traceback (most recent call last):
  File "/home/airflow/.local/lib/python3.12/site-packages/airflow/models/dagbag.py", line 383, in parse
    loader.exec_module(new_module)
  File "<frozen importlib._bootstrap_external>", line 995, in exec_module
  File "<frozen importlib._bootstrap>", line 488, in _call_with_frames_removed
  File "/opt/airflow/dags/Airflow_Miniproj.py", line 6, in <module>
    import yfinance as yf
ModuleNotFoundError: No module named 'yfinance'
[2024-11-03T06:12:17.769+0000] {processor.py:927} WARNING - No viable dags retrieved from /opt/airflow/dags/Airflow_Miniproj.py
[2024-11-03T06:12:17.795+0000] {processor.py:208} INFO - Processing /opt/airflow/dags/Airflow_Miniproj.py took 0.065 seconds
[2024-11-03T06:12:48.632+0000] {processor.py:186} INFO - Started process (PID=1361) to work on /opt/airflow/dags/Airflow_Miniproj.py
[2024-11-03T06:12:48.633+0000] {processor.py:914} INFO - Processing file /opt/airflow/dags/Airflow_Miniproj.py for tasks to queue
[2024-11-03T06:12:48.636+0000] {logging_mixin.py:190} INFO - [2024-11-03T06:12:48.636+0000] {dagbag.py:588} INFO - Filling up the DagBag from /opt/airflow/dags/Airflow_Miniproj.py
[2024-11-03T06:12:48.656+0000] {logging_mixin.py:190} INFO - [2024-11-03T06:12:48.652+0000] {dagbag.py:387} ERROR - Failed to import: /opt/airflow/dags/Airflow_Miniproj.py
Traceback (most recent call last):
  File "/home/airflow/.local/lib/python3.12/site-packages/airflow/models/dagbag.py", line 383, in parse
    loader.exec_module(new_module)
  File "<frozen importlib._bootstrap_external>", line 995, in exec_module
  File "<frozen importlib._bootstrap>", line 488, in _call_with_frames_removed
  File "/opt/airflow/dags/Airflow_Miniproj.py", line 6, in <module>
    import yfinance as yf
ModuleNotFoundError: No module named 'yfinance'
[2024-11-03T06:12:48.658+0000] {processor.py:927} WARNING - No viable dags retrieved from /opt/airflow/dags/Airflow_Miniproj.py
[2024-11-03T06:12:48.686+0000] {processor.py:208} INFO - Processing /opt/airflow/dags/Airflow_Miniproj.py took 0.063 seconds
[2024-11-03T06:13:19.359+0000] {processor.py:186} INFO - Started process (PID=1652) to work on /opt/airflow/dags/Airflow_Miniproj.py
[2024-11-03T06:13:19.361+0000] {processor.py:914} INFO - Processing file /opt/airflow/dags/Airflow_Miniproj.py for tasks to queue
[2024-11-03T06:13:19.364+0000] {logging_mixin.py:190} INFO - [2024-11-03T06:13:19.364+0000] {dagbag.py:588} INFO - Filling up the DagBag from /opt/airflow/dags/Airflow_Miniproj.py
[2024-11-03T06:13:19.383+0000] {logging_mixin.py:190} INFO - [2024-11-03T06:13:19.379+0000] {dagbag.py:387} ERROR - Failed to import: /opt/airflow/dags/Airflow_Miniproj.py
Traceback (most recent call last):
  File "/home/airflow/.local/lib/python3.12/site-packages/airflow/models/dagbag.py", line 383, in parse
    loader.exec_module(new_module)
  File "<frozen importlib._bootstrap_external>", line 995, in exec_module
  File "<frozen importlib._bootstrap>", line 488, in _call_with_frames_removed
  File "/opt/airflow/dags/Airflow_Miniproj.py", line 6, in <module>
    import yfinance as yf
ModuleNotFoundError: No module named 'yfinance'
[2024-11-03T06:13:19.385+0000] {processor.py:927} WARNING - No viable dags retrieved from /opt/airflow/dags/Airflow_Miniproj.py
[2024-11-03T06:13:19.409+0000] {processor.py:208} INFO - Processing /opt/airflow/dags/Airflow_Miniproj.py took 0.059 seconds
[2024-11-03T06:13:49.685+0000] {processor.py:186} INFO - Started process (PID=1943) to work on /opt/airflow/dags/Airflow_Miniproj.py
[2024-11-03T06:13:49.686+0000] {processor.py:914} INFO - Processing file /opt/airflow/dags/Airflow_Miniproj.py for tasks to queue
[2024-11-03T06:13:49.690+0000] {logging_mixin.py:190} INFO - [2024-11-03T06:13:49.690+0000] {dagbag.py:588} INFO - Filling up the DagBag from /opt/airflow/dags/Airflow_Miniproj.py
[2024-11-03T06:13:49.710+0000] {logging_mixin.py:190} INFO - [2024-11-03T06:13:49.705+0000] {dagbag.py:387} ERROR - Failed to import: /opt/airflow/dags/Airflow_Miniproj.py
Traceback (most recent call last):
  File "/home/airflow/.local/lib/python3.12/site-packages/airflow/models/dagbag.py", line 383, in parse
    loader.exec_module(new_module)
  File "<frozen importlib._bootstrap_external>", line 995, in exec_module
  File "<frozen importlib._bootstrap>", line 488, in _call_with_frames_removed
  File "/opt/airflow/dags/Airflow_Miniproj.py", line 6, in <module>
    import yfinance as yf
ModuleNotFoundError: No module named 'yfinance'
[2024-11-03T06:13:49.712+0000] {processor.py:927} WARNING - No viable dags retrieved from /opt/airflow/dags/Airflow_Miniproj.py
[2024-11-03T06:13:49.735+0000] {processor.py:208} INFO - Processing /opt/airflow/dags/Airflow_Miniproj.py took 0.058 seconds
[2024-11-03T06:14:19.787+0000] {processor.py:186} INFO - Started process (PID=2234) to work on /opt/airflow/dags/Airflow_Miniproj.py
[2024-11-03T06:14:19.788+0000] {processor.py:914} INFO - Processing file /opt/airflow/dags/Airflow_Miniproj.py for tasks to queue
[2024-11-03T06:14:19.791+0000] {logging_mixin.py:190} INFO - [2024-11-03T06:14:19.790+0000] {dagbag.py:588} INFO - Filling up the DagBag from /opt/airflow/dags/Airflow_Miniproj.py
[2024-11-03T06:14:19.805+0000] {logging_mixin.py:190} INFO - [2024-11-03T06:14:19.803+0000] {dagbag.py:387} ERROR - Failed to import: /opt/airflow/dags/Airflow_Miniproj.py
Traceback (most recent call last):
  File "/home/airflow/.local/lib/python3.12/site-packages/airflow/models/dagbag.py", line 383, in parse
    loader.exec_module(new_module)
  File "<frozen importlib._bootstrap_external>", line 995, in exec_module
  File "<frozen importlib._bootstrap>", line 488, in _call_with_frames_removed
  File "/opt/airflow/dags/Airflow_Miniproj.py", line 6, in <module>
    import yfinance as yf
ModuleNotFoundError: No module named 'yfinance'
[2024-11-03T06:14:19.807+0000] {processor.py:927} WARNING - No viable dags retrieved from /opt/airflow/dags/Airflow_Miniproj.py
[2024-11-03T06:14:19.828+0000] {processor.py:208} INFO - Processing /opt/airflow/dags/Airflow_Miniproj.py took 0.047 seconds
