[2024-11-06T19:17:52.576-0500] {local_task_job_runner.py:123} INFO - ::group::Pre task execution logs
[2024-11-06T19:17:52.611-0500] {taskinstance.py:2612} INFO - Dependencies all met for dep_context=non-requeueable deps ti=<TaskInstance: marketvol.temp_dir scheduled__2024-11-05T18:00:00+00:00 [queued]>
[2024-11-06T19:17:52.625-0500] {taskinstance.py:2612} INFO - Dependencies all met for dep_context=requeueable deps ti=<TaskInstance: marketvol.temp_dir scheduled__2024-11-05T18:00:00+00:00 [queued]>
[2024-11-06T19:17:52.627-0500] {taskinstance.py:2865} INFO - Starting attempt 1 of 3
[2024-11-06T19:17:52.653-0500] {taskinstance.py:2888} INFO - Executing <Task(BashOperator): temp_dir> on 2024-11-05 18:00:00+00:00
[2024-11-06T19:17:52.663-0500] {warnings.py:112} WARNING - /home/***/.local/lib/python3.12/site-packages/***/task/task_runner/standard_task_runner.py:70: DeprecationWarning: This process (pid=63) is multi-threaded, use of fork() may lead to deadlocks in the child.
  pid = os.fork()

[2024-11-06T19:17:52.666-0500] {standard_task_runner.py:72} INFO - Started process 65 to run task
[2024-11-06T19:17:52.665-0500] {standard_task_runner.py:104} INFO - Running: ['***', 'tasks', 'run', 'marketvol', 'temp_dir', 'scheduled__2024-11-05T18:00:00+00:00', '--job-id', '11', '--raw', '--subdir', 'DAGS_FOLDER/Airflow_Miniproj.py', '--cfg-path', '/tmp/tmpwaix3dy5']
[2024-11-06T19:17:52.667-0500] {standard_task_runner.py:105} INFO - Job 11: Subtask temp_dir
[2024-11-06T19:17:52.758-0500] {task_command.py:467} INFO - Running <TaskInstance: marketvol.temp_dir scheduled__2024-11-05T18:00:00+00:00 [running]> on host a88b4f89c887
[2024-11-06T19:17:52.939-0500] {taskinstance.py:3131} INFO - Exporting env vars: AIRFLOW_CTX_DAG_OWNER='Margaret' AIRFLOW_CTX_DAG_ID='marketvol' AIRFLOW_CTX_TASK_ID='temp_dir' AIRFLOW_CTX_EXECUTION_DATE='2024-11-05T18:00:00+00:00' AIRFLOW_CTX_TRY_NUMBER='1' AIRFLOW_CTX_DAG_RUN_ID='scheduled__2024-11-05T18:00:00+00:00'
[2024-11-06T19:17:52.946-0500] {logging_mixin.py:190} INFO - Task instance is in running state
[2024-11-06T19:17:52.947-0500] {logging_mixin.py:190} INFO -  Previous state of the Task instance: queued
[2024-11-06T19:17:52.948-0500] {logging_mixin.py:190} INFO - Current task name:temp_dir state:running start_date:2024-11-07 00:17:52.612004+00:00
[2024-11-06T19:17:52.949-0500] {logging_mixin.py:190} INFO - Dag name:marketvol and current dag run status:running
[2024-11-06T19:17:52.951-0500] {taskinstance.py:731} INFO - ::endgroup::
[2024-11-06T19:17:52.952-0500] {subprocess.py:63} INFO - Tmp dir root location: /tmp
[2024-11-06T19:17:52.954-0500] {subprocess.py:75} INFO - Running command: ['/usr/bin/bash', '-c', 'mkdir -p /tmp/data/2024-11-05']
[2024-11-06T19:17:52.974-0500] {subprocess.py:86} INFO - Output:
[2024-11-06T19:17:52.981-0500] {subprocess.py:97} INFO - Command exited with return code 0
[2024-11-06T19:17:53.035-0500] {taskinstance.py:340} INFO - ::group::Post task execution logs
[2024-11-06T19:17:53.037-0500] {taskinstance.py:352} INFO - Marking task as SUCCESS. dag_id=marketvol, task_id=temp_dir, run_id=scheduled__2024-11-05T18:00:00+00:00, execution_date=20241105T180000, start_date=20241107T001752, end_date=20241107T001753
[2024-11-06T19:17:53.075-0500] {logging_mixin.py:190} INFO - Task instance in success state
[2024-11-06T19:17:53.077-0500] {logging_mixin.py:190} INFO -  Previous state of the Task instance: running
[2024-11-06T19:17:53.078-0500] {logging_mixin.py:190} INFO - Dag name:marketvol queued_at:2024-11-07 00:17:43.735885+00:00
[2024-11-06T19:17:53.079-0500] {logging_mixin.py:190} INFO - Task hostname:a88b4f89c887 operator:BashOperator
[2024-11-06T19:17:53.128-0500] {local_task_job_runner.py:266} INFO - Task exited with return code 0
[2024-11-06T19:17:53.217-0500] {taskinstance.py:3900} INFO - 0 downstream tasks scheduled from follow-on schedule check
[2024-11-06T19:17:53.229-0500] {local_task_job_runner.py:245} INFO - ::endgroup::
