[2024-11-05T05:23:39.392+0000] {local_task_job_runner.py:123} INFO - ::group::Pre task execution logs
[2024-11-05T05:23:39.426+0000] {taskinstance.py:2612} INFO - Dependencies all met for dep_context=non-requeueable deps ti=<TaskInstance: marketvol.tmp_move_AAPL manual__2024-11-05T05:23:28.342650+00:00 [queued]>
[2024-11-05T05:23:39.446+0000] {taskinstance.py:2612} INFO - Dependencies all met for dep_context=requeueable deps ti=<TaskInstance: marketvol.tmp_move_AAPL manual__2024-11-05T05:23:28.342650+00:00 [queued]>
[2024-11-05T05:23:39.447+0000] {taskinstance.py:2865} INFO - Starting attempt 1 of 3
[2024-11-05T05:23:39.479+0000] {taskinstance.py:2888} INFO - Executing <Task(BashOperator): tmp_move_AAPL> on 2024-11-05 05:23:28.342650+00:00
[2024-11-05T05:23:39.492+0000] {warnings.py:112} WARNING - /home/***/.local/lib/python3.12/site-packages/***/task/task_runner/standard_task_runner.py:70: DeprecationWarning: This process (pid=957) is multi-threaded, use of fork() may lead to deadlocks in the child.
  pid = os.fork()

[2024-11-05T05:23:39.499+0000] {standard_task_runner.py:72} INFO - Started process 963 to run task
[2024-11-05T05:23:39.496+0000] {standard_task_runner.py:104} INFO - Running: ['***', 'tasks', 'run', 'marketvol', 'tmp_move_AAPL', 'manual__2024-11-05T05:23:28.342650+00:00', '--job-id', '39', '--raw', '--subdir', 'DAGS_FOLDER/Airflow_Miniproj.py', '--cfg-path', '/tmp/tmp4vtkmi3c']
[2024-11-05T05:23:39.500+0000] {standard_task_runner.py:105} INFO - Job 39: Subtask tmp_move_AAPL
[2024-11-05T05:23:39.589+0000] {task_command.py:467} INFO - Running <TaskInstance: marketvol.tmp_move_AAPL manual__2024-11-05T05:23:28.342650+00:00 [running]> on host 86283349870f
[2024-11-05T05:23:39.756+0000] {taskinstance.py:3131} INFO - Exporting env vars: AIRFLOW_CTX_DAG_OWNER='Margaret' AIRFLOW_CTX_DAG_ID='marketvol' AIRFLOW_CTX_TASK_ID='tmp_move_AAPL' AIRFLOW_CTX_EXECUTION_DATE='2024-11-05T05:23:28.342650+00:00' AIRFLOW_CTX_TRY_NUMBER='1' AIRFLOW_CTX_DAG_RUN_ID='manual__2024-11-05T05:23:28.342650+00:00'
[2024-11-05T05:23:39.758+0000] {logging_mixin.py:190} INFO - Task instance is in running state
[2024-11-05T05:23:39.759+0000] {logging_mixin.py:190} INFO -  Previous state of the Task instance: queued
[2024-11-05T05:23:39.759+0000] {logging_mixin.py:190} INFO - Current task name:tmp_move_AAPL state:running start_date:2024-11-05 05:23:39.427019+00:00
[2024-11-05T05:23:39.760+0000] {logging_mixin.py:190} INFO - Dag name:marketvol and current dag run status:running
[2024-11-05T05:23:39.761+0000] {taskinstance.py:731} INFO - ::endgroup::
[2024-11-05T05:23:39.763+0000] {subprocess.py:63} INFO - Tmp dir root location: /tmp
[2024-11-05T05:23:39.765+0000] {subprocess.py:75} INFO - Running command: ['/usr/bin/bash', '-c', 'mv /opt/***/AAPL_data.csv /tmp/data/2024-11-05/']
[2024-11-05T05:23:39.778+0000] {subprocess.py:86} INFO - Output:
[2024-11-05T05:23:39.783+0000] {subprocess.py:97} INFO - Command exited with return code 0
[2024-11-05T05:23:39.838+0000] {taskinstance.py:340} INFO - ::group::Post task execution logs
[2024-11-05T05:23:39.839+0000] {taskinstance.py:352} INFO - Marking task as SUCCESS. dag_id=marketvol, task_id=tmp_move_AAPL, run_id=manual__2024-11-05T05:23:28.342650+00:00, execution_date=20241105T052328, start_date=20241105T052339, end_date=20241105T052339
[2024-11-05T05:23:39.871+0000] {logging_mixin.py:190} INFO - Task instance in success state
[2024-11-05T05:23:39.871+0000] {logging_mixin.py:190} INFO -  Previous state of the Task instance: running
[2024-11-05T05:23:39.872+0000] {logging_mixin.py:190} INFO - Dag name:marketvol queued_at:2024-11-05 05:23:28.374394+00:00
[2024-11-05T05:23:39.872+0000] {logging_mixin.py:190} INFO - Task hostname:86283349870f operator:BashOperator
[2024-11-05T05:23:39.918+0000] {local_task_job_runner.py:266} INFO - Task exited with return code 0
[2024-11-05T05:23:39.930+0000] {local_task_job_runner.py:245} INFO - ::endgroup::
