[2024-11-06T19:17:56.358-0500] {local_task_job_runner.py:123} INFO - ::group::Pre task execution logs
[2024-11-06T19:17:56.388-0500] {taskinstance.py:2612} INFO - Dependencies all met for dep_context=non-requeueable deps ti=<TaskInstance: marketvol.get_data_TSLA scheduled__2024-11-05T18:00:00+00:00 [queued]>
[2024-11-06T19:17:56.404-0500] {taskinstance.py:2612} INFO - Dependencies all met for dep_context=requeueable deps ti=<TaskInstance: marketvol.get_data_TSLA scheduled__2024-11-05T18:00:00+00:00 [queued]>
[2024-11-06T19:17:56.405-0500] {taskinstance.py:2865} INFO - Starting attempt 1 of 3
[2024-11-06T19:17:56.435-0500] {taskinstance.py:2888} INFO - Executing <Task(PythonOperator): get_data_TSLA> on 2024-11-05 18:00:00+00:00
[2024-11-06T19:17:56.449-0500] {warnings.py:112} WARNING - /home/***/.local/lib/python3.12/site-packages/***/task/task_runner/standard_task_runner.py:70: DeprecationWarning: This process (pid=69) is multi-threaded, use of fork() may lead to deadlocks in the child.
  pid = os.fork()

[2024-11-06T19:17:56.454-0500] {standard_task_runner.py:72} INFO - Started process 72 to run task
[2024-11-06T19:17:56.451-0500] {standard_task_runner.py:104} INFO - Running: ['***', 'tasks', 'run', 'marketvol', 'get_data_TSLA', 'scheduled__2024-11-05T18:00:00+00:00', '--job-id', '12', '--raw', '--subdir', 'DAGS_FOLDER/Airflow_Miniproj.py', '--cfg-path', '/tmp/tmpf2evkche']
[2024-11-06T19:17:56.465-0500] {standard_task_runner.py:105} INFO - Job 12: Subtask get_data_TSLA
[2024-11-06T19:17:56.639-0500] {task_command.py:467} INFO - Running <TaskInstance: marketvol.get_data_TSLA scheduled__2024-11-05T18:00:00+00:00 [running]> on host a88b4f89c887
[2024-11-06T19:17:57.111-0500] {taskinstance.py:3131} INFO - Exporting env vars: AIRFLOW_CTX_DAG_OWNER='Margaret' AIRFLOW_CTX_DAG_ID='marketvol' AIRFLOW_CTX_TASK_ID='get_data_TSLA' AIRFLOW_CTX_EXECUTION_DATE='2024-11-05T18:00:00+00:00' AIRFLOW_CTX_TRY_NUMBER='1' AIRFLOW_CTX_DAG_RUN_ID='scheduled__2024-11-05T18:00:00+00:00'
[2024-11-06T19:17:57.116-0500] {logging_mixin.py:190} INFO - Task instance is in running state
[2024-11-06T19:17:57.117-0500] {logging_mixin.py:190} INFO -  Previous state of the Task instance: queued
[2024-11-06T19:17:57.118-0500] {logging_mixin.py:190} INFO - Current task name:get_data_TSLA state:running start_date:2024-11-07 00:17:56.388845+00:00
[2024-11-06T19:17:57.119-0500] {logging_mixin.py:190} INFO - Dag name:marketvol and current dag run status:running
[2024-11-06T19:17:57.120-0500] {taskinstance.py:731} INFO - ::endgroup::
[2024-11-06T19:17:57.979-0500] {logging_mixin.py:190} WARNING - [*********************100%***********************]  1 of 1 completed
[2024-11-06T19:17:58.033-0500] {python.py:240} INFO - Done. Returned value was: None
[2024-11-06T19:17:58.055-0500] {taskinstance.py:340} INFO - ::group::Post task execution logs
[2024-11-06T19:17:58.057-0500] {taskinstance.py:352} INFO - Marking task as SUCCESS. dag_id=marketvol, task_id=get_data_TSLA, run_id=scheduled__2024-11-05T18:00:00+00:00, execution_date=20241105T180000, start_date=20241107T001756, end_date=20241107T001758
[2024-11-06T19:17:58.093-0500] {logging_mixin.py:190} INFO - Task instance in success state
[2024-11-06T19:17:58.094-0500] {logging_mixin.py:190} INFO -  Previous state of the Task instance: running
[2024-11-06T19:17:58.095-0500] {logging_mixin.py:190} INFO - Dag name:marketvol queued_at:2024-11-07 00:17:43.735885+00:00
[2024-11-06T19:17:58.096-0500] {logging_mixin.py:190} INFO - Task hostname:a88b4f89c887 operator:PythonOperator
[2024-11-06T19:17:58.135-0500] {local_task_job_runner.py:266} INFO - Task exited with return code 0
[2024-11-06T19:17:58.189-0500] {taskinstance.py:3900} INFO - 1 downstream tasks scheduled from follow-on schedule check
[2024-11-06T19:17:58.193-0500] {local_task_job_runner.py:245} INFO - ::endgroup::
