[2024-11-05T05:11:15.351+0000] {local_task_job_runner.py:123} INFO - ::group::Pre task execution logs
[2024-11-05T05:11:15.386+0000] {taskinstance.py:2612} INFO - Dependencies all met for dep_context=non-requeueable deps ti=<TaskInstance: marketvol.get_data_TSLA manual__2024-11-05T05:11:08.089700+00:00 [queued]>
[2024-11-05T05:11:15.400+0000] {taskinstance.py:2612} INFO - Dependencies all met for dep_context=requeueable deps ti=<TaskInstance: marketvol.get_data_TSLA manual__2024-11-05T05:11:08.089700+00:00 [queued]>
[2024-11-05T05:11:15.402+0000] {taskinstance.py:2865} INFO - Starting attempt 1 of 3
[2024-11-05T05:11:15.433+0000] {taskinstance.py:2888} INFO - Executing <Task(PythonOperator): get_data_TSLA> on 2024-11-05 05:11:08.089700+00:00
[2024-11-05T05:11:15.442+0000] {warnings.py:112} WARNING - /home/***/.local/lib/python3.12/site-packages/***/task/task_runner/standard_task_runner.py:70: DeprecationWarning: This process (pid=756) is multi-threaded, use of fork() may lead to deadlocks in the child.
  pid = os.fork()

[2024-11-05T05:11:15.444+0000] {standard_task_runner.py:72} INFO - Started process 769 to run task
[2024-11-05T05:11:15.445+0000] {standard_task_runner.py:104} INFO - Running: ['***', 'tasks', 'run', 'marketvol', 'get_data_TSLA', 'manual__2024-11-05T05:11:08.089700+00:00', '--job-id', '29', '--raw', '--subdir', 'DAGS_FOLDER/Airflow_Miniproj.py', '--cfg-path', '/tmp/tmp1pfj6jdr']
[2024-11-05T05:11:15.448+0000] {standard_task_runner.py:105} INFO - Job 29: Subtask get_data_TSLA
[2024-11-05T05:11:15.535+0000] {task_command.py:467} INFO - Running <TaskInstance: marketvol.get_data_TSLA manual__2024-11-05T05:11:08.089700+00:00 [running]> on host 86283349870f
[2024-11-05T05:11:15.704+0000] {taskinstance.py:3131} INFO - Exporting env vars: AIRFLOW_CTX_DAG_OWNER='Margaret' AIRFLOW_CTX_DAG_ID='marketvol' AIRFLOW_CTX_TASK_ID='get_data_TSLA' AIRFLOW_CTX_EXECUTION_DATE='2024-11-05T05:11:08.089700+00:00' AIRFLOW_CTX_TRY_NUMBER='1' AIRFLOW_CTX_DAG_RUN_ID='manual__2024-11-05T05:11:08.089700+00:00'
[2024-11-05T05:11:15.708+0000] {logging_mixin.py:190} INFO - Task instance is in running state
[2024-11-05T05:11:15.709+0000] {logging_mixin.py:190} INFO -  Previous state of the Task instance: queued
[2024-11-05T05:11:15.710+0000] {logging_mixin.py:190} INFO - Current task name:get_data_TSLA state:running start_date:2024-11-05 05:11:15.387451+00:00
[2024-11-05T05:11:15.711+0000] {logging_mixin.py:190} INFO - Dag name:marketvol and current dag run status:running
[2024-11-05T05:11:15.712+0000] {taskinstance.py:731} INFO - ::endgroup::
[2024-11-05T05:11:16.110+0000] {logging_mixin.py:190} WARNING - [*********************100%***********************]  1 of 1 completed
[2024-11-05T05:11:16.140+0000] {python.py:240} INFO - Done. Returned value was: None
[2024-11-05T05:11:16.162+0000] {taskinstance.py:340} INFO - ::group::Post task execution logs
[2024-11-05T05:11:16.164+0000] {taskinstance.py:352} INFO - Marking task as SUCCESS. dag_id=marketvol, task_id=get_data_TSLA, run_id=manual__2024-11-05T05:11:08.089700+00:00, execution_date=20241105T051108, start_date=20241105T051115, end_date=20241105T051116
[2024-11-05T05:11:16.186+0000] {logging_mixin.py:190} INFO - Task instance in success state
[2024-11-05T05:11:16.190+0000] {logging_mixin.py:190} INFO -  Previous state of the Task instance: running
[2024-11-05T05:11:16.191+0000] {logging_mixin.py:190} INFO - Dag name:marketvol queued_at:2024-11-05 05:11:08.113228+00:00
[2024-11-05T05:11:16.192+0000] {logging_mixin.py:190} INFO - Task hostname:86283349870f operator:PythonOperator
[2024-11-05T05:11:16.226+0000] {local_task_job_runner.py:266} INFO - Task exited with return code 0
[2024-11-05T05:11:16.252+0000] {local_task_job_runner.py:245} INFO - ::endgroup::
