[2024-11-05T05:05:23.878+0000] {local_task_job_runner.py:123} INFO - ::group::Pre task execution logs
[2024-11-05T05:05:23.943+0000] {taskinstance.py:2612} INFO - Dependencies all met for dep_context=non-requeueable deps ti=<TaskInstance: marketvol.tmp_move_AAPL manual__2024-11-05T05:05:09.099339+00:00 [queued]>
[2024-11-05T05:05:23.971+0000] {taskinstance.py:2612} INFO - Dependencies all met for dep_context=requeueable deps ti=<TaskInstance: marketvol.tmp_move_AAPL manual__2024-11-05T05:05:09.099339+00:00 [queued]>
[2024-11-05T05:05:23.972+0000] {taskinstance.py:2865} INFO - Starting attempt 1 of 3
[2024-11-05T05:05:24.007+0000] {taskinstance.py:2888} INFO - Executing <Task(BashOperator): tmp_move_AAPL> on 2024-11-05 05:05:09.099339+00:00
[2024-11-05T05:05:24.022+0000] {warnings.py:112} WARNING - /home/***/.local/lib/python3.12/site-packages/***/task/task_runner/standard_task_runner.py:70: DeprecationWarning: This process (pid=660) is multi-threaded, use of fork() may lead to deadlocks in the child.
  pid = os.fork()

[2024-11-05T05:05:24.026+0000] {standard_task_runner.py:72} INFO - Started process 665 to run task
[2024-11-05T05:05:24.027+0000] {standard_task_runner.py:104} INFO - Running: ['***', 'tasks', 'run', 'marketvol', 'tmp_move_AAPL', 'manual__2024-11-05T05:05:09.099339+00:00', '--job-id', '23', '--raw', '--subdir', 'DAGS_FOLDER/Airflow_Miniproj.py', '--cfg-path', '/tmp/tmpzxeamga6']
[2024-11-05T05:05:24.030+0000] {standard_task_runner.py:105} INFO - Job 23: Subtask tmp_move_AAPL
[2024-11-05T05:05:24.155+0000] {task_command.py:467} INFO - Running <TaskInstance: marketvol.tmp_move_AAPL manual__2024-11-05T05:05:09.099339+00:00 [running]> on host 86283349870f
[2024-11-05T05:05:24.333+0000] {taskinstance.py:3131} INFO - Exporting env vars: AIRFLOW_CTX_DAG_OWNER='Margaret' AIRFLOW_CTX_DAG_ID='marketvol' AIRFLOW_CTX_TASK_ID='tmp_move_AAPL' AIRFLOW_CTX_EXECUTION_DATE='2024-11-05T05:05:09.099339+00:00' AIRFLOW_CTX_TRY_NUMBER='1' AIRFLOW_CTX_DAG_RUN_ID='manual__2024-11-05T05:05:09.099339+00:00'
[2024-11-05T05:05:24.334+0000] {logging_mixin.py:190} INFO - Task instance is in running state
[2024-11-05T05:05:24.335+0000] {logging_mixin.py:190} INFO -  Previous state of the Task instance: queued
[2024-11-05T05:05:24.336+0000] {logging_mixin.py:190} INFO - Current task name:tmp_move_AAPL state:running start_date:2024-11-05 05:05:23.944643+00:00
[2024-11-05T05:05:24.337+0000] {logging_mixin.py:190} INFO - Dag name:marketvol and current dag run status:running
[2024-11-05T05:05:24.339+0000] {taskinstance.py:731} INFO - ::endgroup::
[2024-11-05T05:05:24.340+0000] {subprocess.py:63} INFO - Tmp dir root location: /tmp
[2024-11-05T05:05:24.341+0000] {subprocess.py:75} INFO - Running command: ['/usr/bin/bash', '-c', 'mv /opt/***/AAPL_data.csv /tmp/data/2024-11-05/']
[2024-11-05T05:05:24.358+0000] {subprocess.py:86} INFO - Output:
[2024-11-05T05:05:24.363+0000] {subprocess.py:97} INFO - Command exited with return code 0
[2024-11-05T05:05:24.408+0000] {taskinstance.py:340} INFO - ::group::Post task execution logs
[2024-11-05T05:05:24.410+0000] {taskinstance.py:352} INFO - Marking task as SUCCESS. dag_id=marketvol, task_id=tmp_move_AAPL, run_id=manual__2024-11-05T05:05:09.099339+00:00, execution_date=20241105T050509, start_date=20241105T050523, end_date=20241105T050524
[2024-11-05T05:05:24.434+0000] {logging_mixin.py:190} INFO - Task instance in success state
[2024-11-05T05:05:24.435+0000] {logging_mixin.py:190} INFO -  Previous state of the Task instance: running
[2024-11-05T05:05:24.437+0000] {logging_mixin.py:190} INFO - Dag name:marketvol queued_at:2024-11-05 05:05:09.124001+00:00
[2024-11-05T05:05:24.437+0000] {logging_mixin.py:190} INFO - Task hostname:86283349870f operator:BashOperator
[2024-11-05T05:05:24.452+0000] {local_task_job_runner.py:266} INFO - Task exited with return code 0
[2024-11-05T05:05:24.490+0000] {taskinstance.py:3900} INFO - 1 downstream tasks scheduled from follow-on schedule check
[2024-11-05T05:05:24.501+0000] {local_task_job_runner.py:245} INFO - ::endgroup::
