[2024-11-05T01:03:46.192-0500] {local_task_job_runner.py:123} INFO - ::group::Pre task execution logs
[2024-11-05T01:03:46.221-0500] {taskinstance.py:2612} INFO - Dependencies all met for dep_context=non-requeueable deps ti=<TaskInstance: marketvol.tmp_move_TSLA manual__2024-11-05T06:03:33.987465+00:00 [queued]>
[2024-11-05T01:03:46.235-0500] {taskinstance.py:2612} INFO - Dependencies all met for dep_context=requeueable deps ti=<TaskInstance: marketvol.tmp_move_TSLA manual__2024-11-05T06:03:33.987465+00:00 [queued]>
[2024-11-05T01:03:46.236-0500] {taskinstance.py:2865} INFO - Starting attempt 1 of 3
[2024-11-05T01:03:46.260-0500] {taskinstance.py:2888} INFO - Executing <Task(BashOperator): tmp_move_TSLA> on 2024-11-05 06:03:33.987465+00:00
[2024-11-05T01:03:46.270-0500] {warnings.py:112} WARNING - /home/***/.local/lib/python3.12/site-packages/***/task/task_runner/standard_task_runner.py:70: DeprecationWarning: This process (pid=360) is multi-threaded, use of fork() may lead to deadlocks in the child.
  pid = os.fork()

[2024-11-05T01:03:46.274-0500] {standard_task_runner.py:72} INFO - Started process 371 to run task
[2024-11-05T01:03:46.274-0500] {standard_task_runner.py:104} INFO - Running: ['***', 'tasks', 'run', 'marketvol', 'tmp_move_TSLA', 'manual__2024-11-05T06:03:33.987465+00:00', '--job-id', '7', '--raw', '--subdir', 'DAGS_FOLDER/Airflow_Miniproj.py', '--cfg-path', '/tmp/tmpfz1nxcef']
[2024-11-05T01:03:46.276-0500] {standard_task_runner.py:105} INFO - Job 7: Subtask tmp_move_TSLA
[2024-11-05T01:03:46.356-0500] {task_command.py:467} INFO - Running <TaskInstance: marketvol.tmp_move_TSLA manual__2024-11-05T06:03:33.987465+00:00 [running]> on host a88b4f89c887
[2024-11-05T01:03:46.507-0500] {taskinstance.py:3131} INFO - Exporting env vars: AIRFLOW_CTX_DAG_OWNER='Margaret' AIRFLOW_CTX_DAG_ID='marketvol' AIRFLOW_CTX_TASK_ID='tmp_move_TSLA' AIRFLOW_CTX_EXECUTION_DATE='2024-11-05T06:03:33.987465+00:00' AIRFLOW_CTX_TRY_NUMBER='1' AIRFLOW_CTX_DAG_RUN_ID='manual__2024-11-05T06:03:33.987465+00:00'
[2024-11-05T01:03:46.509-0500] {logging_mixin.py:190} INFO - Task instance is in running state
[2024-11-05T01:03:46.509-0500] {logging_mixin.py:190} INFO -  Previous state of the Task instance: queued
[2024-11-05T01:03:46.510-0500] {logging_mixin.py:190} INFO - Current task name:tmp_move_TSLA state:running start_date:2024-11-05 06:03:46.222723+00:00
[2024-11-05T01:03:46.511-0500] {logging_mixin.py:190} INFO - Dag name:marketvol and current dag run status:running
[2024-11-05T01:03:46.511-0500] {taskinstance.py:731} INFO - ::endgroup::
[2024-11-05T01:03:46.512-0500] {subprocess.py:63} INFO - Tmp dir root location: /tmp
[2024-11-05T01:03:46.513-0500] {subprocess.py:75} INFO - Running command: ['/usr/bin/bash', '-c', 'mv /opt/***/TSLA_data.csv /tmp/data/2024-11-05/']
[2024-11-05T01:03:46.529-0500] {subprocess.py:86} INFO - Output:
[2024-11-05T01:03:46.539-0500] {subprocess.py:97} INFO - Command exited with return code 0
[2024-11-05T01:03:46.596-0500] {taskinstance.py:340} INFO - ::group::Post task execution logs
[2024-11-05T01:03:46.597-0500] {taskinstance.py:352} INFO - Marking task as SUCCESS. dag_id=marketvol, task_id=tmp_move_TSLA, run_id=manual__2024-11-05T06:03:33.987465+00:00, execution_date=20241105T060333, start_date=20241105T060346, end_date=20241105T060346
[2024-11-05T01:03:46.621-0500] {logging_mixin.py:190} INFO - Task instance in success state
[2024-11-05T01:03:46.622-0500] {logging_mixin.py:190} INFO -  Previous state of the Task instance: running
[2024-11-05T01:03:46.624-0500] {logging_mixin.py:190} INFO - Dag name:marketvol queued_at:2024-11-05 06:03:34.014739+00:00
[2024-11-05T01:03:46.625-0500] {logging_mixin.py:190} INFO - Task hostname:a88b4f89c887 operator:BashOperator
[2024-11-05T01:03:46.651-0500] {local_task_job_runner.py:266} INFO - Task exited with return code 0
[2024-11-05T01:03:46.672-0500] {local_task_job_runner.py:245} INFO - ::endgroup::
