[2024-11-05T05:23:31.333+0000] {local_task_job_runner.py:123} INFO - ::group::Pre task execution logs
[2024-11-05T05:23:31.354+0000] {taskinstance.py:2612} INFO - Dependencies all met for dep_context=non-requeueable deps ti=<TaskInstance: marketvol.temp_dir manual__2024-11-05T05:23:28.342650+00:00 [queued]>
[2024-11-05T05:23:31.366+0000] {taskinstance.py:2612} INFO - Dependencies all met for dep_context=requeueable deps ti=<TaskInstance: marketvol.temp_dir manual__2024-11-05T05:23:28.342650+00:00 [queued]>
[2024-11-05T05:23:31.367+0000] {taskinstance.py:2865} INFO - Starting attempt 1 of 3
[2024-11-05T05:23:31.392+0000] {taskinstance.py:2888} INFO - Executing <Task(BashOperator): temp_dir> on 2024-11-05 05:23:28.342650+00:00
[2024-11-05T05:23:31.399+0000] {warnings.py:112} WARNING - /home/***/.local/lib/python3.12/site-packages/***/task/task_runner/standard_task_runner.py:70: DeprecationWarning: This process (pid=942) is multi-threaded, use of fork() may lead to deadlocks in the child.
  pid = os.fork()

[2024-11-05T05:23:31.401+0000] {standard_task_runner.py:72} INFO - Started process 944 to run task
[2024-11-05T05:23:31.402+0000] {standard_task_runner.py:104} INFO - Running: ['***', 'tasks', 'run', 'marketvol', 'temp_dir', 'manual__2024-11-05T05:23:28.342650+00:00', '--job-id', '35', '--raw', '--subdir', 'DAGS_FOLDER/Airflow_Miniproj.py', '--cfg-path', '/tmp/tmp7ai7jzxg']
[2024-11-05T05:23:31.403+0000] {standard_task_runner.py:105} INFO - Job 35: Subtask temp_dir
[2024-11-05T05:23:31.464+0000] {task_command.py:467} INFO - Running <TaskInstance: marketvol.temp_dir manual__2024-11-05T05:23:28.342650+00:00 [running]> on host 86283349870f
[2024-11-05T05:23:31.591+0000] {taskinstance.py:3131} INFO - Exporting env vars: AIRFLOW_CTX_DAG_OWNER='Margaret' AIRFLOW_CTX_DAG_ID='marketvol' AIRFLOW_CTX_TASK_ID='temp_dir' AIRFLOW_CTX_EXECUTION_DATE='2024-11-05T05:23:28.342650+00:00' AIRFLOW_CTX_TRY_NUMBER='1' AIRFLOW_CTX_DAG_RUN_ID='manual__2024-11-05T05:23:28.342650+00:00'
[2024-11-05T05:23:31.593+0000] {logging_mixin.py:190} INFO - Task instance is in running state
[2024-11-05T05:23:31.594+0000] {logging_mixin.py:190} INFO -  Previous state of the Task instance: queued
[2024-11-05T05:23:31.594+0000] {logging_mixin.py:190} INFO - Current task name:temp_dir state:running start_date:2024-11-05 05:23:31.355361+00:00
[2024-11-05T05:23:31.595+0000] {logging_mixin.py:190} INFO - Dag name:marketvol and current dag run status:running
[2024-11-05T05:23:31.596+0000] {taskinstance.py:731} INFO - ::endgroup::
[2024-11-05T05:23:31.597+0000] {subprocess.py:63} INFO - Tmp dir root location: /tmp
[2024-11-05T05:23:31.599+0000] {subprocess.py:75} INFO - Running command: ['/usr/bin/bash', '-c', 'mkdir -p /tmp/data/2024-11-05']
[2024-11-05T05:23:31.612+0000] {subprocess.py:86} INFO - Output:
[2024-11-05T05:23:31.617+0000] {subprocess.py:97} INFO - Command exited with return code 0
[2024-11-05T05:23:31.665+0000] {taskinstance.py:340} INFO - ::group::Post task execution logs
[2024-11-05T05:23:31.666+0000] {taskinstance.py:352} INFO - Marking task as SUCCESS. dag_id=marketvol, task_id=temp_dir, run_id=manual__2024-11-05T05:23:28.342650+00:00, execution_date=20241105T052328, start_date=20241105T052331, end_date=20241105T052331
[2024-11-05T05:23:31.686+0000] {logging_mixin.py:190} INFO - Task instance in success state
[2024-11-05T05:23:31.687+0000] {logging_mixin.py:190} INFO -  Previous state of the Task instance: running
[2024-11-05T05:23:31.688+0000] {logging_mixin.py:190} INFO - Dag name:marketvol queued_at:2024-11-05 05:23:28.374394+00:00
[2024-11-05T05:23:31.689+0000] {logging_mixin.py:190} INFO - Task hostname:86283349870f operator:BashOperator
[2024-11-05T05:23:31.738+0000] {local_task_job_runner.py:266} INFO - Task exited with return code 0
[2024-11-05T05:23:31.789+0000] {taskinstance.py:3900} INFO - 2 downstream tasks scheduled from follow-on schedule check
[2024-11-05T05:23:31.795+0000] {local_task_job_runner.py:245} INFO - ::endgroup::
