[2024-11-05T05:05:19.438+0000] {local_task_job_runner.py:123} INFO - ::group::Pre task execution logs
[2024-11-05T05:05:19.466+0000] {taskinstance.py:2612} INFO - Dependencies all met for dep_context=non-requeueable deps ti=<TaskInstance: marketvol.get_data_TSLA manual__2024-11-05T05:05:09.099339+00:00 [queued]>
[2024-11-05T05:05:19.501+0000] {taskinstance.py:2612} INFO - Dependencies all met for dep_context=requeueable deps ti=<TaskInstance: marketvol.get_data_TSLA manual__2024-11-05T05:05:09.099339+00:00 [queued]>
[2024-11-05T05:05:19.503+0000] {taskinstance.py:2865} INFO - Starting attempt 1 of 3
[2024-11-05T05:05:19.539+0000] {taskinstance.py:2888} INFO - Executing <Task(PythonOperator): get_data_TSLA> on 2024-11-05 05:05:09.099339+00:00
[2024-11-05T05:05:19.548+0000] {warnings.py:112} WARNING - /home/***/.local/lib/python3.12/site-packages/***/task/task_runner/standard_task_runner.py:70: DeprecationWarning: This process (pid=649) is multi-threaded, use of fork() may lead to deadlocks in the child.
  pid = os.fork()

[2024-11-05T05:05:19.550+0000] {standard_task_runner.py:72} INFO - Started process 653 to run task
[2024-11-05T05:05:19.551+0000] {standard_task_runner.py:104} INFO - Running: ['***', 'tasks', 'run', 'marketvol', 'get_data_TSLA', 'manual__2024-11-05T05:05:09.099339+00:00', '--job-id', '20', '--raw', '--subdir', 'DAGS_FOLDER/Airflow_Miniproj.py', '--cfg-path', '/tmp/tmp7vd5ij67']
[2024-11-05T05:05:19.554+0000] {standard_task_runner.py:105} INFO - Job 20: Subtask get_data_TSLA
[2024-11-05T05:05:19.660+0000] {task_command.py:467} INFO - Running <TaskInstance: marketvol.get_data_TSLA manual__2024-11-05T05:05:09.099339+00:00 [running]> on host 86283349870f
[2024-11-05T05:05:19.879+0000] {taskinstance.py:3131} INFO - Exporting env vars: AIRFLOW_CTX_DAG_OWNER='Margaret' AIRFLOW_CTX_DAG_ID='marketvol' AIRFLOW_CTX_TASK_ID='get_data_TSLA' AIRFLOW_CTX_EXECUTION_DATE='2024-11-05T05:05:09.099339+00:00' AIRFLOW_CTX_TRY_NUMBER='1' AIRFLOW_CTX_DAG_RUN_ID='manual__2024-11-05T05:05:09.099339+00:00'
[2024-11-05T05:05:19.881+0000] {logging_mixin.py:190} INFO - Task instance is in running state
[2024-11-05T05:05:19.882+0000] {logging_mixin.py:190} INFO -  Previous state of the Task instance: queued
[2024-11-05T05:05:19.882+0000] {logging_mixin.py:190} INFO - Current task name:get_data_TSLA state:running start_date:2024-11-05 05:05:19.468010+00:00
[2024-11-05T05:05:19.884+0000] {logging_mixin.py:190} INFO - Dag name:marketvol and current dag run status:running
[2024-11-05T05:05:19.885+0000] {taskinstance.py:731} INFO - ::endgroup::
[2024-11-05T05:05:20.190+0000] {logging_mixin.py:190} WARNING - [*********************100%***********************]  1 of 1 completed
[2024-11-05T05:05:20.192+0000] {multi.py:174} ERROR - 
1 Failed download:
[2024-11-05T05:05:20.193+0000] {multi.py:187} ERROR - ['TSLA']: YFPricesMissingError('$%ticker%: possibly delisted; no price data found  (1m 2024-11-05 -> 2024-11-06)')
[2024-11-05T05:05:20.218+0000] {python.py:240} INFO - Done. Returned value was: None
[2024-11-05T05:05:20.233+0000] {taskinstance.py:340} INFO - ::group::Post task execution logs
[2024-11-05T05:05:20.234+0000] {taskinstance.py:352} INFO - Marking task as SUCCESS. dag_id=marketvol, task_id=get_data_TSLA, run_id=manual__2024-11-05T05:05:09.099339+00:00, execution_date=20241105T050509, start_date=20241105T050519, end_date=20241105T050520
[2024-11-05T05:05:20.256+0000] {logging_mixin.py:190} INFO - Task instance in success state
[2024-11-05T05:05:20.257+0000] {logging_mixin.py:190} INFO -  Previous state of the Task instance: running
[2024-11-05T05:05:20.258+0000] {logging_mixin.py:190} INFO - Dag name:marketvol queued_at:2024-11-05 05:05:09.124001+00:00
[2024-11-05T05:05:20.259+0000] {logging_mixin.py:190} INFO - Task hostname:86283349870f operator:PythonOperator
[2024-11-05T05:05:20.293+0000] {local_task_job_runner.py:266} INFO - Task exited with return code 0
[2024-11-05T05:05:20.346+0000] {taskinstance.py:3900} INFO - 1 downstream tasks scheduled from follow-on schedule check
[2024-11-05T05:05:20.352+0000] {local_task_job_runner.py:245} INFO - ::endgroup::
