[2024-11-05T05:01:17.591+0000] {local_task_job_runner.py:123} INFO - ::group::Pre task execution logs
[2024-11-05T05:01:17.621+0000] {taskinstance.py:2612} INFO - Dependencies all met for dep_context=non-requeueable deps ti=<TaskInstance: marketvol.get_data_TSLA manual__2024-11-05T05:01:10.865380+00:00 [queued]>
[2024-11-05T05:01:17.637+0000] {taskinstance.py:2612} INFO - Dependencies all met for dep_context=requeueable deps ti=<TaskInstance: marketvol.get_data_TSLA manual__2024-11-05T05:01:10.865380+00:00 [queued]>
[2024-11-05T05:01:17.638+0000] {taskinstance.py:2865} INFO - Starting attempt 1 of 3
[2024-11-05T05:01:17.666+0000] {taskinstance.py:2888} INFO - Executing <Task(PythonOperator): get_data_TSLA> on 2024-11-05 05:01:10.865380+00:00
[2024-11-05T05:01:17.676+0000] {warnings.py:112} WARNING - /home/***/.local/lib/python3.12/site-packages/***/task/task_runner/standard_task_runner.py:70: DeprecationWarning: This process (pid=572) is multi-threaded, use of fork() may lead to deadlocks in the child.
  pid = os.fork()

[2024-11-05T05:01:17.678+0000] {standard_task_runner.py:72} INFO - Started process 576 to run task
[2024-11-05T05:01:17.679+0000] {standard_task_runner.py:104} INFO - Running: ['***', 'tasks', 'run', 'marketvol', 'get_data_TSLA', 'manual__2024-11-05T05:01:10.865380+00:00', '--job-id', '15', '--raw', '--subdir', 'DAGS_FOLDER/Airflow_Miniproj.py', '--cfg-path', '/tmp/tmpgr5u938t']
[2024-11-05T05:01:17.682+0000] {standard_task_runner.py:105} INFO - Job 15: Subtask get_data_TSLA
[2024-11-05T05:01:17.768+0000] {task_command.py:467} INFO - Running <TaskInstance: marketvol.get_data_TSLA manual__2024-11-05T05:01:10.865380+00:00 [running]> on host 86283349870f
[2024-11-05T05:01:17.941+0000] {taskinstance.py:3131} INFO - Exporting env vars: AIRFLOW_CTX_DAG_OWNER='Margaret' AIRFLOW_CTX_DAG_ID='marketvol' AIRFLOW_CTX_TASK_ID='get_data_TSLA' AIRFLOW_CTX_EXECUTION_DATE='2024-11-05T05:01:10.865380+00:00' AIRFLOW_CTX_TRY_NUMBER='1' AIRFLOW_CTX_DAG_RUN_ID='manual__2024-11-05T05:01:10.865380+00:00'
[2024-11-05T05:01:17.944+0000] {logging_mixin.py:190} INFO - Task instance is in running state
[2024-11-05T05:01:17.944+0000] {logging_mixin.py:190} INFO -  Previous state of the Task instance: queued
[2024-11-05T05:01:17.945+0000] {logging_mixin.py:190} INFO - Current task name:get_data_TSLA state:running start_date:2024-11-05 05:01:17.621964+00:00
[2024-11-05T05:01:17.946+0000] {logging_mixin.py:190} INFO - Dag name:marketvol and current dag run status:running
[2024-11-05T05:01:17.947+0000] {taskinstance.py:731} INFO - ::endgroup::
[2024-11-05T05:01:18.260+0000] {logging_mixin.py:190} WARNING - [*********************100%***********************]  1 of 1 completed
[2024-11-05T05:01:18.261+0000] {multi.py:174} ERROR - 
1 Failed download:
[2024-11-05T05:01:18.263+0000] {multi.py:187} ERROR - ['TSLA']: YFPricesMissingError('$%ticker%: possibly delisted; no price data found  (1m 2024-11-05 -> 2024-11-06)')
[2024-11-05T05:01:18.286+0000] {python.py:240} INFO - Done. Returned value was: None
[2024-11-05T05:01:18.301+0000] {taskinstance.py:340} INFO - ::group::Post task execution logs
[2024-11-05T05:01:18.302+0000] {taskinstance.py:352} INFO - Marking task as SUCCESS. dag_id=marketvol, task_id=get_data_TSLA, run_id=manual__2024-11-05T05:01:10.865380+00:00, execution_date=20241105T050110, start_date=20241105T050117, end_date=20241105T050118
[2024-11-05T05:01:18.318+0000] {logging_mixin.py:190} INFO - Task instance in success state
[2024-11-05T05:01:18.319+0000] {logging_mixin.py:190} INFO -  Previous state of the Task instance: running
[2024-11-05T05:01:18.320+0000] {logging_mixin.py:190} INFO - Dag name:marketvol queued_at:2024-11-05 05:01:10.902209+00:00
[2024-11-05T05:01:18.320+0000] {logging_mixin.py:190} INFO - Task hostname:86283349870f operator:PythonOperator
[2024-11-05T05:01:18.338+0000] {local_task_job_runner.py:266} INFO - Task exited with return code 0
[2024-11-05T05:01:18.383+0000] {taskinstance.py:3900} INFO - 1 downstream tasks scheduled from follow-on schedule check
[2024-11-05T05:01:18.386+0000] {local_task_job_runner.py:245} INFO - ::endgroup::
