[2024-11-06T19:18:01.323-0500] {local_task_job_runner.py:123} INFO - ::group::Pre task execution logs
[2024-11-06T19:18:01.357-0500] {taskinstance.py:2612} INFO - Dependencies all met for dep_context=non-requeueable deps ti=<TaskInstance: marketvol.tmp_move_TSLA scheduled__2024-11-05T18:00:00+00:00 [queued]>
[2024-11-06T19:18:01.372-0500] {taskinstance.py:2612} INFO - Dependencies all met for dep_context=requeueable deps ti=<TaskInstance: marketvol.tmp_move_TSLA scheduled__2024-11-05T18:00:00+00:00 [queued]>
[2024-11-06T19:18:01.373-0500] {taskinstance.py:2865} INFO - Starting attempt 1 of 3
[2024-11-06T19:18:01.406-0500] {taskinstance.py:2888} INFO - Executing <Task(BashOperator): tmp_move_TSLA> on 2024-11-05 18:00:00+00:00
[2024-11-06T19:18:01.413-0500] {warnings.py:112} WARNING - /home/***/.local/lib/python3.12/site-packages/***/task/task_runner/standard_task_runner.py:70: DeprecationWarning: This process (pid=78) is multi-threaded, use of fork() may lead to deadlocks in the child.
  pid = os.fork()

[2024-11-06T19:18:01.415-0500] {standard_task_runner.py:72} INFO - Started process 82 to run task
[2024-11-06T19:18:01.416-0500] {standard_task_runner.py:104} INFO - Running: ['***', 'tasks', 'run', 'marketvol', 'tmp_move_TSLA', 'scheduled__2024-11-05T18:00:00+00:00', '--job-id', '15', '--raw', '--subdir', 'DAGS_FOLDER/Airflow_Miniproj.py', '--cfg-path', '/tmp/tmpnfqpmc6l']
[2024-11-06T19:18:01.418-0500] {standard_task_runner.py:105} INFO - Job 15: Subtask tmp_move_TSLA
[2024-11-06T19:18:01.496-0500] {task_command.py:467} INFO - Running <TaskInstance: marketvol.tmp_move_TSLA scheduled__2024-11-05T18:00:00+00:00 [running]> on host a88b4f89c887
[2024-11-06T19:18:01.623-0500] {taskinstance.py:3131} INFO - Exporting env vars: AIRFLOW_CTX_DAG_OWNER='Margaret' AIRFLOW_CTX_DAG_ID='marketvol' AIRFLOW_CTX_TASK_ID='tmp_move_TSLA' AIRFLOW_CTX_EXECUTION_DATE='2024-11-05T18:00:00+00:00' AIRFLOW_CTX_TRY_NUMBER='1' AIRFLOW_CTX_DAG_RUN_ID='scheduled__2024-11-05T18:00:00+00:00'
[2024-11-06T19:18:01.627-0500] {logging_mixin.py:190} INFO - Task instance is in running state
[2024-11-06T19:18:01.628-0500] {logging_mixin.py:190} INFO -  Previous state of the Task instance: queued
[2024-11-06T19:18:01.629-0500] {logging_mixin.py:190} INFO - Current task name:tmp_move_TSLA state:running start_date:2024-11-07 00:18:01.358250+00:00
[2024-11-06T19:18:01.629-0500] {logging_mixin.py:190} INFO - Dag name:marketvol and current dag run status:running
[2024-11-06T19:18:01.630-0500] {taskinstance.py:731} INFO - ::endgroup::
[2024-11-06T19:18:01.632-0500] {subprocess.py:63} INFO - Tmp dir root location: /tmp
[2024-11-06T19:18:01.633-0500] {subprocess.py:75} INFO - Running command: ['/usr/bin/bash', '-c', 'mv /opt/***/TSLA_data.csv /tmp/data/2024-11-05/']
[2024-11-06T19:18:01.654-0500] {subprocess.py:86} INFO - Output:
[2024-11-06T19:18:01.663-0500] {subprocess.py:97} INFO - Command exited with return code 0
[2024-11-06T19:18:01.699-0500] {taskinstance.py:340} INFO - ::group::Post task execution logs
[2024-11-06T19:18:01.700-0500] {taskinstance.py:352} INFO - Marking task as SUCCESS. dag_id=marketvol, task_id=tmp_move_TSLA, run_id=scheduled__2024-11-05T18:00:00+00:00, execution_date=20241105T180000, start_date=20241107T001801, end_date=20241107T001801
[2024-11-06T19:18:01.715-0500] {logging_mixin.py:190} INFO - Task instance in success state
[2024-11-06T19:18:01.717-0500] {logging_mixin.py:190} INFO -  Previous state of the Task instance: running
[2024-11-06T19:18:01.717-0500] {logging_mixin.py:190} INFO - Dag name:marketvol queued_at:2024-11-07 00:17:43.735885+00:00
[2024-11-06T19:18:01.718-0500] {logging_mixin.py:190} INFO - Task hostname:a88b4f89c887 operator:BashOperator
[2024-11-06T19:18:01.752-0500] {local_task_job_runner.py:266} INFO - Task exited with return code 0
[2024-11-06T19:18:01.782-0500] {taskinstance.py:3900} INFO - 1 downstream tasks scheduled from follow-on schedule check
[2024-11-06T19:18:01.793-0500] {local_task_job_runner.py:245} INFO - ::endgroup::
