[2024-11-03T05:29:26.895+0000] {processor.py:186} INFO - Started process (PID=276) to work on /home/airflow/.local/lib/python3.12/site-packages/airflow/example_dags/example_branch_operator.py
[2024-11-03T05:29:26.896+0000] {processor.py:914} INFO - Processing file /home/airflow/.local/lib/python3.12/site-packages/airflow/example_dags/example_branch_operator.py for tasks to queue
[2024-11-03T05:29:26.900+0000] {logging_mixin.py:190} INFO - [2024-11-03T05:29:26.899+0000] {dagbag.py:588} INFO - Filling up the DagBag from /home/airflow/.local/lib/python3.12/site-packages/airflow/example_dags/example_branch_operator.py
[2024-11-03T05:29:26.930+0000] {processor.py:925} INFO - DAG(s) 'example_branch_operator' retrieved from /home/airflow/.local/lib/python3.12/site-packages/airflow/example_dags/example_branch_operator.py
[2024-11-03T05:29:27.127+0000] {logging_mixin.py:190} INFO - [2024-11-03T05:29:27.127+0000] {override.py:1900} INFO - Created Permission View: can delete on DAG:example_branch_operator
[2024-11-03T05:29:27.143+0000] {logging_mixin.py:190} INFO - [2024-11-03T05:29:27.143+0000] {override.py:1900} INFO - Created Permission View: can edit on DAG:example_branch_operator
[2024-11-03T05:29:27.156+0000] {logging_mixin.py:190} INFO - [2024-11-03T05:29:27.155+0000] {override.py:1900} INFO - Created Permission View: can read on DAG:example_branch_operator
[2024-11-03T05:29:27.180+0000] {logging_mixin.py:190} INFO - [2024-11-03T05:29:27.180+0000] {override.py:1900} INFO - Created Permission View: can delete on DAG Run:example_branch_operator
[2024-11-03T05:29:27.192+0000] {logging_mixin.py:190} INFO - [2024-11-03T05:29:27.192+0000] {override.py:1900} INFO - Created Permission View: menu access on DAG Run:example_branch_operator
[2024-11-03T05:29:27.205+0000] {logging_mixin.py:190} INFO - [2024-11-03T05:29:27.204+0000] {override.py:1900} INFO - Created Permission View: can create on DAG Run:example_branch_operator
[2024-11-03T05:29:27.215+0000] {logging_mixin.py:190} INFO - [2024-11-03T05:29:27.215+0000] {override.py:1900} INFO - Created Permission View: can read on DAG Run:example_branch_operator
[2024-11-03T05:29:27.216+0000] {logging_mixin.py:190} INFO - [2024-11-03T05:29:27.216+0000] {dag.py:3239} INFO - Sync 1 DAGs
[2024-11-03T05:29:27.235+0000] {logging_mixin.py:190} INFO - [2024-11-03T05:29:27.234+0000] {dag.py:3262} INFO - Creating ORM DAG for example_branch_operator
[2024-11-03T05:29:27.251+0000] {logging_mixin.py:190} INFO - [2024-11-03T05:29:27.251+0000] {dag.py:4180} INFO - Setting next_dagrun for example_branch_operator to 2024-11-02 00:00:00+00:00, run_after=2024-11-03 00:00:00+00:00
[2024-11-03T05:29:27.282+0000] {processor.py:208} INFO - Processing /home/airflow/.local/lib/python3.12/site-packages/airflow/example_dags/example_branch_operator.py took 0.395 seconds
[2024-11-03T05:29:57.704+0000] {processor.py:186} INFO - Started process (PID=569) to work on /home/airflow/.local/lib/python3.12/site-packages/airflow/example_dags/example_branch_operator.py
[2024-11-03T05:29:57.705+0000] {processor.py:914} INFO - Processing file /home/airflow/.local/lib/python3.12/site-packages/airflow/example_dags/example_branch_operator.py for tasks to queue
[2024-11-03T05:29:57.708+0000] {logging_mixin.py:190} INFO - [2024-11-03T05:29:57.708+0000] {dagbag.py:588} INFO - Filling up the DagBag from /home/airflow/.local/lib/python3.12/site-packages/airflow/example_dags/example_branch_operator.py
[2024-11-03T05:29:57.735+0000] {processor.py:925} INFO - DAG(s) 'example_branch_operator' retrieved from /home/airflow/.local/lib/python3.12/site-packages/airflow/example_dags/example_branch_operator.py
[2024-11-03T05:29:57.785+0000] {logging_mixin.py:190} INFO - [2024-11-03T05:29:57.785+0000] {dag.py:3239} INFO - Sync 1 DAGs
[2024-11-03T05:29:57.831+0000] {logging_mixin.py:190} INFO - [2024-11-03T05:29:57.830+0000] {dag.py:4180} INFO - Setting next_dagrun for example_branch_operator to 2024-11-02 00:00:00+00:00, run_after=2024-11-03 00:00:00+00:00
[2024-11-03T05:29:57.871+0000] {processor.py:208} INFO - Processing /home/airflow/.local/lib/python3.12/site-packages/airflow/example_dags/example_branch_operator.py took 0.178 seconds
[2024-11-03T05:30:28.666+0000] {processor.py:186} INFO - Started process (PID=860) to work on /home/airflow/.local/lib/python3.12/site-packages/airflow/example_dags/example_branch_operator.py
[2024-11-03T05:30:28.667+0000] {processor.py:914} INFO - Processing file /home/airflow/.local/lib/python3.12/site-packages/airflow/example_dags/example_branch_operator.py for tasks to queue
[2024-11-03T05:30:28.670+0000] {logging_mixin.py:190} INFO - [2024-11-03T05:30:28.669+0000] {dagbag.py:588} INFO - Filling up the DagBag from /home/airflow/.local/lib/python3.12/site-packages/airflow/example_dags/example_branch_operator.py
[2024-11-03T05:30:28.689+0000] {processor.py:925} INFO - DAG(s) 'example_branch_operator' retrieved from /home/airflow/.local/lib/python3.12/site-packages/airflow/example_dags/example_branch_operator.py
[2024-11-03T05:30:28.722+0000] {logging_mixin.py:190} INFO - [2024-11-03T05:30:28.722+0000] {dag.py:3239} INFO - Sync 1 DAGs
[2024-11-03T05:30:28.748+0000] {logging_mixin.py:190} INFO - [2024-11-03T05:30:28.748+0000] {dag.py:4180} INFO - Setting next_dagrun for example_branch_operator to 2024-11-02 00:00:00+00:00, run_after=2024-11-03 00:00:00+00:00
[2024-11-03T05:30:28.773+0000] {processor.py:208} INFO - Processing /home/airflow/.local/lib/python3.12/site-packages/airflow/example_dags/example_branch_operator.py took 0.113 seconds
[2024-11-03T05:30:59.224+0000] {processor.py:186} INFO - Started process (PID=1151) to work on /home/airflow/.local/lib/python3.12/site-packages/airflow/example_dags/example_branch_operator.py
[2024-11-03T05:30:59.226+0000] {processor.py:914} INFO - Processing file /home/airflow/.local/lib/python3.12/site-packages/airflow/example_dags/example_branch_operator.py for tasks to queue
[2024-11-03T05:30:59.229+0000] {logging_mixin.py:190} INFO - [2024-11-03T05:30:59.229+0000] {dagbag.py:588} INFO - Filling up the DagBag from /home/airflow/.local/lib/python3.12/site-packages/airflow/example_dags/example_branch_operator.py
[2024-11-03T05:30:59.250+0000] {processor.py:925} INFO - DAG(s) 'example_branch_operator' retrieved from /home/airflow/.local/lib/python3.12/site-packages/airflow/example_dags/example_branch_operator.py
[2024-11-03T05:30:59.290+0000] {logging_mixin.py:190} INFO - [2024-11-03T05:30:59.289+0000] {dag.py:3239} INFO - Sync 1 DAGs
[2024-11-03T05:30:59.316+0000] {logging_mixin.py:190} INFO - [2024-11-03T05:30:59.315+0000] {dag.py:4180} INFO - Setting next_dagrun for example_branch_operator to 2024-11-02 00:00:00+00:00, run_after=2024-11-03 00:00:00+00:00
[2024-11-03T05:30:59.344+0000] {processor.py:208} INFO - Processing /home/airflow/.local/lib/python3.12/site-packages/airflow/example_dags/example_branch_operator.py took 0.126 seconds
[2024-11-03T05:31:29.776+0000] {processor.py:186} INFO - Started process (PID=1440) to work on /home/airflow/.local/lib/python3.12/site-packages/airflow/example_dags/example_branch_operator.py
[2024-11-03T05:31:29.777+0000] {processor.py:914} INFO - Processing file /home/airflow/.local/lib/python3.12/site-packages/airflow/example_dags/example_branch_operator.py for tasks to queue
[2024-11-03T05:31:29.780+0000] {logging_mixin.py:190} INFO - [2024-11-03T05:31:29.779+0000] {dagbag.py:588} INFO - Filling up the DagBag from /home/airflow/.local/lib/python3.12/site-packages/airflow/example_dags/example_branch_operator.py
[2024-11-03T05:31:29.798+0000] {processor.py:925} INFO - DAG(s) 'example_branch_operator' retrieved from /home/airflow/.local/lib/python3.12/site-packages/airflow/example_dags/example_branch_operator.py
[2024-11-03T05:31:29.831+0000] {logging_mixin.py:190} INFO - [2024-11-03T05:31:29.831+0000] {dag.py:3239} INFO - Sync 1 DAGs
[2024-11-03T05:31:29.865+0000] {logging_mixin.py:190} INFO - [2024-11-03T05:31:29.865+0000] {dag.py:4180} INFO - Setting next_dagrun for example_branch_operator to 2024-11-02 00:00:00+00:00, run_after=2024-11-03 00:00:00+00:00
[2024-11-03T05:31:29.898+0000] {processor.py:208} INFO - Processing /home/airflow/.local/lib/python3.12/site-packages/airflow/example_dags/example_branch_operator.py took 0.129 seconds
[2024-11-03T05:32:00.641+0000] {processor.py:186} INFO - Started process (PID=1731) to work on /home/airflow/.local/lib/python3.12/site-packages/airflow/example_dags/example_branch_operator.py
[2024-11-03T05:32:00.642+0000] {processor.py:914} INFO - Processing file /home/airflow/.local/lib/python3.12/site-packages/airflow/example_dags/example_branch_operator.py for tasks to queue
[2024-11-03T05:32:00.645+0000] {logging_mixin.py:190} INFO - [2024-11-03T05:32:00.645+0000] {dagbag.py:588} INFO - Filling up the DagBag from /home/airflow/.local/lib/python3.12/site-packages/airflow/example_dags/example_branch_operator.py
[2024-11-03T05:32:00.673+0000] {processor.py:925} INFO - DAG(s) 'example_branch_operator' retrieved from /home/airflow/.local/lib/python3.12/site-packages/airflow/example_dags/example_branch_operator.py
[2024-11-03T05:32:00.725+0000] {logging_mixin.py:190} INFO - [2024-11-03T05:32:00.725+0000] {dag.py:3239} INFO - Sync 1 DAGs
[2024-11-03T05:32:00.763+0000] {logging_mixin.py:190} INFO - [2024-11-03T05:32:00.763+0000] {dag.py:4180} INFO - Setting next_dagrun for example_branch_operator to 2024-11-02 00:00:00+00:00, run_after=2024-11-03 00:00:00+00:00
[2024-11-03T05:32:00.788+0000] {processor.py:208} INFO - Processing /home/airflow/.local/lib/python3.12/site-packages/airflow/example_dags/example_branch_operator.py took 0.154 seconds
[2024-11-03T05:32:31.739+0000] {processor.py:186} INFO - Started process (PID=2022) to work on /home/airflow/.local/lib/python3.12/site-packages/airflow/example_dags/example_branch_operator.py
[2024-11-03T05:32:31.741+0000] {processor.py:914} INFO - Processing file /home/airflow/.local/lib/python3.12/site-packages/airflow/example_dags/example_branch_operator.py for tasks to queue
[2024-11-03T05:32:31.743+0000] {logging_mixin.py:190} INFO - [2024-11-03T05:32:31.743+0000] {dagbag.py:588} INFO - Filling up the DagBag from /home/airflow/.local/lib/python3.12/site-packages/airflow/example_dags/example_branch_operator.py
[2024-11-03T05:32:31.775+0000] {processor.py:925} INFO - DAG(s) 'example_branch_operator' retrieved from /home/airflow/.local/lib/python3.12/site-packages/airflow/example_dags/example_branch_operator.py
[2024-11-03T05:32:31.816+0000] {logging_mixin.py:190} INFO - [2024-11-03T05:32:31.816+0000] {dag.py:3239} INFO - Sync 1 DAGs
[2024-11-03T05:32:31.849+0000] {logging_mixin.py:190} INFO - [2024-11-03T05:32:31.849+0000] {dag.py:4180} INFO - Setting next_dagrun for example_branch_operator to 2024-11-02 00:00:00+00:00, run_after=2024-11-03 00:00:00+00:00
[2024-11-03T05:32:31.886+0000] {processor.py:208} INFO - Processing /home/airflow/.local/lib/python3.12/site-packages/airflow/example_dags/example_branch_operator.py took 0.157 seconds
[2024-11-03T05:33:02.876+0000] {processor.py:186} INFO - Started process (PID=2314) to work on /home/airflow/.local/lib/python3.12/site-packages/airflow/example_dags/example_branch_operator.py
[2024-11-03T05:33:02.878+0000] {processor.py:914} INFO - Processing file /home/airflow/.local/lib/python3.12/site-packages/airflow/example_dags/example_branch_operator.py for tasks to queue
[2024-11-03T05:33:02.881+0000] {logging_mixin.py:190} INFO - [2024-11-03T05:33:02.880+0000] {dagbag.py:588} INFO - Filling up the DagBag from /home/airflow/.local/lib/python3.12/site-packages/airflow/example_dags/example_branch_operator.py
[2024-11-03T05:33:02.912+0000] {processor.py:925} INFO - DAG(s) 'example_branch_operator' retrieved from /home/airflow/.local/lib/python3.12/site-packages/airflow/example_dags/example_branch_operator.py
[2024-11-03T05:33:02.960+0000] {logging_mixin.py:190} INFO - [2024-11-03T05:33:02.960+0000] {dag.py:3239} INFO - Sync 1 DAGs
[2024-11-03T05:33:02.992+0000] {logging_mixin.py:190} INFO - [2024-11-03T05:33:02.992+0000] {dag.py:4180} INFO - Setting next_dagrun for example_branch_operator to 2024-11-02 00:00:00+00:00, run_after=2024-11-03 00:00:00+00:00
[2024-11-03T05:33:03.026+0000] {processor.py:208} INFO - Processing /home/airflow/.local/lib/python3.12/site-packages/airflow/example_dags/example_branch_operator.py took 0.160 seconds
[2024-11-03T05:33:33.361+0000] {processor.py:186} INFO - Started process (PID=2607) to work on /home/airflow/.local/lib/python3.12/site-packages/airflow/example_dags/example_branch_operator.py
[2024-11-03T05:33:33.362+0000] {processor.py:914} INFO - Processing file /home/airflow/.local/lib/python3.12/site-packages/airflow/example_dags/example_branch_operator.py for tasks to queue
[2024-11-03T05:33:33.365+0000] {logging_mixin.py:190} INFO - [2024-11-03T05:33:33.364+0000] {dagbag.py:588} INFO - Filling up the DagBag from /home/airflow/.local/lib/python3.12/site-packages/airflow/example_dags/example_branch_operator.py
[2024-11-03T05:33:33.385+0000] {processor.py:925} INFO - DAG(s) 'example_branch_operator' retrieved from /home/airflow/.local/lib/python3.12/site-packages/airflow/example_dags/example_branch_operator.py
[2024-11-03T05:33:33.419+0000] {logging_mixin.py:190} INFO - [2024-11-03T05:33:33.419+0000] {dag.py:3239} INFO - Sync 1 DAGs
[2024-11-03T05:33:33.446+0000] {logging_mixin.py:190} INFO - [2024-11-03T05:33:33.446+0000] {dag.py:4180} INFO - Setting next_dagrun for example_branch_operator to 2024-11-02 00:00:00+00:00, run_after=2024-11-03 00:00:00+00:00
[2024-11-03T05:33:33.475+0000] {processor.py:208} INFO - Processing /home/airflow/.local/lib/python3.12/site-packages/airflow/example_dags/example_branch_operator.py took 0.121 seconds
[2024-11-03T05:34:04.103+0000] {processor.py:186} INFO - Started process (PID=2898) to work on /home/airflow/.local/lib/python3.12/site-packages/airflow/example_dags/example_branch_operator.py
[2024-11-03T05:34:04.104+0000] {processor.py:914} INFO - Processing file /home/airflow/.local/lib/python3.12/site-packages/airflow/example_dags/example_branch_operator.py for tasks to queue
[2024-11-03T05:34:04.107+0000] {logging_mixin.py:190} INFO - [2024-11-03T05:34:04.107+0000] {dagbag.py:588} INFO - Filling up the DagBag from /home/airflow/.local/lib/python3.12/site-packages/airflow/example_dags/example_branch_operator.py
[2024-11-03T05:34:04.127+0000] {processor.py:925} INFO - DAG(s) 'example_branch_operator' retrieved from /home/airflow/.local/lib/python3.12/site-packages/airflow/example_dags/example_branch_operator.py
[2024-11-03T05:34:04.163+0000] {logging_mixin.py:190} INFO - [2024-11-03T05:34:04.163+0000] {dag.py:3239} INFO - Sync 1 DAGs
[2024-11-03T05:34:04.191+0000] {logging_mixin.py:190} INFO - [2024-11-03T05:34:04.191+0000] {dag.py:4180} INFO - Setting next_dagrun for example_branch_operator to 2024-11-02 00:00:00+00:00, run_after=2024-11-03 00:00:00+00:00
[2024-11-03T05:34:04.223+0000] {processor.py:208} INFO - Processing /home/airflow/.local/lib/python3.12/site-packages/airflow/example_dags/example_branch_operator.py took 0.126 seconds
[2024-11-03T05:34:34.619+0000] {processor.py:186} INFO - Started process (PID=3187) to work on /home/airflow/.local/lib/python3.12/site-packages/airflow/example_dags/example_branch_operator.py
[2024-11-03T05:34:34.631+0000] {processor.py:914} INFO - Processing file /home/airflow/.local/lib/python3.12/site-packages/airflow/example_dags/example_branch_operator.py for tasks to queue
[2024-11-03T05:34:34.636+0000] {logging_mixin.py:190} INFO - [2024-11-03T05:34:34.635+0000] {dagbag.py:588} INFO - Filling up the DagBag from /home/airflow/.local/lib/python3.12/site-packages/airflow/example_dags/example_branch_operator.py
[2024-11-03T05:34:34.717+0000] {processor.py:925} INFO - DAG(s) 'example_branch_operator' retrieved from /home/airflow/.local/lib/python3.12/site-packages/airflow/example_dags/example_branch_operator.py
[2024-11-03T05:34:34.868+0000] {logging_mixin.py:190} INFO - [2024-11-03T05:34:34.867+0000] {dag.py:3239} INFO - Sync 1 DAGs
[2024-11-03T05:34:35.016+0000] {logging_mixin.py:190} INFO - [2024-11-03T05:34:35.015+0000] {dag.py:4180} INFO - Setting next_dagrun for example_branch_operator to 2024-11-02 00:00:00+00:00, run_after=2024-11-03 00:00:00+00:00
[2024-11-03T05:34:35.090+0000] {processor.py:208} INFO - Processing /home/airflow/.local/lib/python3.12/site-packages/airflow/example_dags/example_branch_operator.py took 0.486 seconds
[2024-11-03T05:35:05.668+0000] {processor.py:186} INFO - Started process (PID=3478) to work on /home/airflow/.local/lib/python3.12/site-packages/airflow/example_dags/example_branch_operator.py
[2024-11-03T05:35:05.669+0000] {processor.py:914} INFO - Processing file /home/airflow/.local/lib/python3.12/site-packages/airflow/example_dags/example_branch_operator.py for tasks to queue
[2024-11-03T05:35:05.672+0000] {logging_mixin.py:190} INFO - [2024-11-03T05:35:05.671+0000] {dagbag.py:588} INFO - Filling up the DagBag from /home/airflow/.local/lib/python3.12/site-packages/airflow/example_dags/example_branch_operator.py
[2024-11-03T05:35:05.702+0000] {processor.py:925} INFO - DAG(s) 'example_branch_operator' retrieved from /home/airflow/.local/lib/python3.12/site-packages/airflow/example_dags/example_branch_operator.py
[2024-11-03T05:35:05.752+0000] {logging_mixin.py:190} INFO - [2024-11-03T05:35:05.752+0000] {dag.py:3239} INFO - Sync 1 DAGs
[2024-11-03T05:35:05.797+0000] {logging_mixin.py:190} INFO - [2024-11-03T05:35:05.797+0000] {dag.py:4180} INFO - Setting next_dagrun for example_branch_operator to 2024-11-02 00:00:00+00:00, run_after=2024-11-03 00:00:00+00:00
[2024-11-03T05:35:05.854+0000] {processor.py:208} INFO - Processing /home/airflow/.local/lib/python3.12/site-packages/airflow/example_dags/example_branch_operator.py took 0.194 seconds
[2024-11-03T05:35:36.548+0000] {processor.py:186} INFO - Started process (PID=3769) to work on /home/airflow/.local/lib/python3.12/site-packages/airflow/example_dags/example_branch_operator.py
[2024-11-03T05:35:36.549+0000] {processor.py:914} INFO - Processing file /home/airflow/.local/lib/python3.12/site-packages/airflow/example_dags/example_branch_operator.py for tasks to queue
[2024-11-03T05:35:36.551+0000] {logging_mixin.py:190} INFO - [2024-11-03T05:35:36.550+0000] {dagbag.py:588} INFO - Filling up the DagBag from /home/airflow/.local/lib/python3.12/site-packages/airflow/example_dags/example_branch_operator.py
[2024-11-03T05:35:36.570+0000] {processor.py:925} INFO - DAG(s) 'example_branch_operator' retrieved from /home/airflow/.local/lib/python3.12/site-packages/airflow/example_dags/example_branch_operator.py
[2024-11-03T05:35:36.602+0000] {logging_mixin.py:190} INFO - [2024-11-03T05:35:36.602+0000] {dag.py:3239} INFO - Sync 1 DAGs
[2024-11-03T05:35:36.634+0000] {logging_mixin.py:190} INFO - [2024-11-03T05:35:36.633+0000] {dag.py:4180} INFO - Setting next_dagrun for example_branch_operator to 2024-11-02 00:00:00+00:00, run_after=2024-11-03 00:00:00+00:00
[2024-11-03T05:35:36.662+0000] {processor.py:208} INFO - Processing /home/airflow/.local/lib/python3.12/site-packages/airflow/example_dags/example_branch_operator.py took 0.120 seconds
[2024-11-03T05:36:07.292+0000] {processor.py:186} INFO - Started process (PID=4060) to work on /home/airflow/.local/lib/python3.12/site-packages/airflow/example_dags/example_branch_operator.py
[2024-11-03T05:36:07.293+0000] {processor.py:914} INFO - Processing file /home/airflow/.local/lib/python3.12/site-packages/airflow/example_dags/example_branch_operator.py for tasks to queue
[2024-11-03T05:36:07.295+0000] {logging_mixin.py:190} INFO - [2024-11-03T05:36:07.295+0000] {dagbag.py:588} INFO - Filling up the DagBag from /home/airflow/.local/lib/python3.12/site-packages/airflow/example_dags/example_branch_operator.py
[2024-11-03T05:36:07.314+0000] {processor.py:925} INFO - DAG(s) 'example_branch_operator' retrieved from /home/airflow/.local/lib/python3.12/site-packages/airflow/example_dags/example_branch_operator.py
[2024-11-03T05:36:07.345+0000] {logging_mixin.py:190} INFO - [2024-11-03T05:36:07.344+0000] {dag.py:3239} INFO - Sync 1 DAGs
[2024-11-03T05:36:07.371+0000] {logging_mixin.py:190} INFO - [2024-11-03T05:36:07.371+0000] {dag.py:4180} INFO - Setting next_dagrun for example_branch_operator to 2024-11-02 00:00:00+00:00, run_after=2024-11-03 00:00:00+00:00
[2024-11-03T05:36:07.394+0000] {processor.py:208} INFO - Processing /home/airflow/.local/lib/python3.12/site-packages/airflow/example_dags/example_branch_operator.py took 0.109 seconds
[2024-11-03T05:36:38.241+0000] {processor.py:186} INFO - Started process (PID=4351) to work on /home/airflow/.local/lib/python3.12/site-packages/airflow/example_dags/example_branch_operator.py
[2024-11-03T05:36:38.242+0000] {processor.py:914} INFO - Processing file /home/airflow/.local/lib/python3.12/site-packages/airflow/example_dags/example_branch_operator.py for tasks to queue
[2024-11-03T05:36:38.244+0000] {logging_mixin.py:190} INFO - [2024-11-03T05:36:38.244+0000] {dagbag.py:588} INFO - Filling up the DagBag from /home/airflow/.local/lib/python3.12/site-packages/airflow/example_dags/example_branch_operator.py
[2024-11-03T05:36:38.267+0000] {processor.py:925} INFO - DAG(s) 'example_branch_operator' retrieved from /home/airflow/.local/lib/python3.12/site-packages/airflow/example_dags/example_branch_operator.py
[2024-11-03T05:36:38.299+0000] {logging_mixin.py:190} INFO - [2024-11-03T05:36:38.299+0000] {dag.py:3239} INFO - Sync 1 DAGs
[2024-11-03T05:36:38.327+0000] {logging_mixin.py:190} INFO - [2024-11-03T05:36:38.326+0000] {dag.py:4180} INFO - Setting next_dagrun for example_branch_operator to 2024-11-02 00:00:00+00:00, run_after=2024-11-03 00:00:00+00:00
[2024-11-03T05:36:38.360+0000] {processor.py:208} INFO - Processing /home/airflow/.local/lib/python3.12/site-packages/airflow/example_dags/example_branch_operator.py took 0.125 seconds
[2024-11-03T05:37:08.570+0000] {processor.py:186} INFO - Started process (PID=4642) to work on /home/airflow/.local/lib/python3.12/site-packages/airflow/example_dags/example_branch_operator.py
[2024-11-03T05:37:08.571+0000] {processor.py:914} INFO - Processing file /home/airflow/.local/lib/python3.12/site-packages/airflow/example_dags/example_branch_operator.py for tasks to queue
[2024-11-03T05:37:08.574+0000] {logging_mixin.py:190} INFO - [2024-11-03T05:37:08.574+0000] {dagbag.py:588} INFO - Filling up the DagBag from /home/airflow/.local/lib/python3.12/site-packages/airflow/example_dags/example_branch_operator.py
[2024-11-03T05:37:08.593+0000] {processor.py:925} INFO - DAG(s) 'example_branch_operator' retrieved from /home/airflow/.local/lib/python3.12/site-packages/airflow/example_dags/example_branch_operator.py
[2024-11-03T05:37:08.625+0000] {logging_mixin.py:190} INFO - [2024-11-03T05:37:08.625+0000] {dag.py:3239} INFO - Sync 1 DAGs
[2024-11-03T05:37:08.650+0000] {logging_mixin.py:190} INFO - [2024-11-03T05:37:08.650+0000] {dag.py:4180} INFO - Setting next_dagrun for example_branch_operator to 2024-11-02 00:00:00+00:00, run_after=2024-11-03 00:00:00+00:00
[2024-11-03T05:37:08.674+0000] {processor.py:208} INFO - Processing /home/airflow/.local/lib/python3.12/site-packages/airflow/example_dags/example_branch_operator.py took 0.110 seconds
[2024-11-03T05:37:38.987+0000] {processor.py:186} INFO - Started process (PID=4933) to work on /home/airflow/.local/lib/python3.12/site-packages/airflow/example_dags/example_branch_operator.py
[2024-11-03T05:37:38.988+0000] {processor.py:914} INFO - Processing file /home/airflow/.local/lib/python3.12/site-packages/airflow/example_dags/example_branch_operator.py for tasks to queue
[2024-11-03T05:37:38.992+0000] {logging_mixin.py:190} INFO - [2024-11-03T05:37:38.991+0000] {dagbag.py:588} INFO - Filling up the DagBag from /home/airflow/.local/lib/python3.12/site-packages/airflow/example_dags/example_branch_operator.py
[2024-11-03T05:37:39.031+0000] {processor.py:925} INFO - DAG(s) 'example_branch_operator' retrieved from /home/airflow/.local/lib/python3.12/site-packages/airflow/example_dags/example_branch_operator.py
[2024-11-03T05:37:39.092+0000] {logging_mixin.py:190} INFO - [2024-11-03T05:37:39.092+0000] {dag.py:3239} INFO - Sync 1 DAGs
[2024-11-03T05:37:39.134+0000] {logging_mixin.py:190} INFO - [2024-11-03T05:37:39.134+0000] {dag.py:4180} INFO - Setting next_dagrun for example_branch_operator to 2024-11-02 00:00:00+00:00, run_after=2024-11-03 00:00:00+00:00
[2024-11-03T05:37:39.172+0000] {processor.py:208} INFO - Processing /home/airflow/.local/lib/python3.12/site-packages/airflow/example_dags/example_branch_operator.py took 0.193 seconds
[2024-11-03T05:38:09.287+0000] {processor.py:186} INFO - Started process (PID=5221) to work on /home/airflow/.local/lib/python3.12/site-packages/airflow/example_dags/example_branch_operator.py
[2024-11-03T05:38:09.288+0000] {processor.py:914} INFO - Processing file /home/airflow/.local/lib/python3.12/site-packages/airflow/example_dags/example_branch_operator.py for tasks to queue
[2024-11-03T05:38:09.291+0000] {logging_mixin.py:190} INFO - [2024-11-03T05:38:09.290+0000] {dagbag.py:588} INFO - Filling up the DagBag from /home/airflow/.local/lib/python3.12/site-packages/airflow/example_dags/example_branch_operator.py
[2024-11-03T05:38:09.309+0000] {processor.py:925} INFO - DAG(s) 'example_branch_operator' retrieved from /home/airflow/.local/lib/python3.12/site-packages/airflow/example_dags/example_branch_operator.py
[2024-11-03T05:38:09.340+0000] {logging_mixin.py:190} INFO - [2024-11-03T05:38:09.340+0000] {dag.py:3239} INFO - Sync 1 DAGs
[2024-11-03T05:38:09.369+0000] {logging_mixin.py:190} INFO - [2024-11-03T05:38:09.368+0000] {dag.py:4180} INFO - Setting next_dagrun for example_branch_operator to 2024-11-02 00:00:00+00:00, run_after=2024-11-03 00:00:00+00:00
[2024-11-03T05:38:09.391+0000] {processor.py:208} INFO - Processing /home/airflow/.local/lib/python3.12/site-packages/airflow/example_dags/example_branch_operator.py took 0.110 seconds
[2024-11-03T05:38:40.178+0000] {processor.py:186} INFO - Started process (PID=5515) to work on /home/airflow/.local/lib/python3.12/site-packages/airflow/example_dags/example_branch_operator.py
[2024-11-03T05:38:40.179+0000] {processor.py:914} INFO - Processing file /home/airflow/.local/lib/python3.12/site-packages/airflow/example_dags/example_branch_operator.py for tasks to queue
[2024-11-03T05:38:40.182+0000] {logging_mixin.py:190} INFO - [2024-11-03T05:38:40.182+0000] {dagbag.py:588} INFO - Filling up the DagBag from /home/airflow/.local/lib/python3.12/site-packages/airflow/example_dags/example_branch_operator.py
[2024-11-03T05:38:40.213+0000] {processor.py:925} INFO - DAG(s) 'example_branch_operator' retrieved from /home/airflow/.local/lib/python3.12/site-packages/airflow/example_dags/example_branch_operator.py
[2024-11-03T05:38:40.265+0000] {logging_mixin.py:190} INFO - [2024-11-03T05:38:40.265+0000] {dag.py:3239} INFO - Sync 1 DAGs
[2024-11-03T05:38:40.315+0000] {logging_mixin.py:190} INFO - [2024-11-03T05:38:40.315+0000] {dag.py:4180} INFO - Setting next_dagrun for example_branch_operator to 2024-11-02 00:00:00+00:00, run_after=2024-11-03 00:00:00+00:00
[2024-11-03T05:38:40.352+0000] {processor.py:208} INFO - Processing /home/airflow/.local/lib/python3.12/site-packages/airflow/example_dags/example_branch_operator.py took 0.184 seconds
[2024-11-03T05:39:10.605+0000] {processor.py:186} INFO - Started process (PID=5806) to work on /home/airflow/.local/lib/python3.12/site-packages/airflow/example_dags/example_branch_operator.py
[2024-11-03T05:39:10.606+0000] {processor.py:914} INFO - Processing file /home/airflow/.local/lib/python3.12/site-packages/airflow/example_dags/example_branch_operator.py for tasks to queue
[2024-11-03T05:39:10.610+0000] {logging_mixin.py:190} INFO - [2024-11-03T05:39:10.609+0000] {dagbag.py:588} INFO - Filling up the DagBag from /home/airflow/.local/lib/python3.12/site-packages/airflow/example_dags/example_branch_operator.py
[2024-11-03T05:39:10.628+0000] {processor.py:925} INFO - DAG(s) 'example_branch_operator' retrieved from /home/airflow/.local/lib/python3.12/site-packages/airflow/example_dags/example_branch_operator.py
[2024-11-03T05:39:10.659+0000] {logging_mixin.py:190} INFO - [2024-11-03T05:39:10.659+0000] {dag.py:3239} INFO - Sync 1 DAGs
[2024-11-03T05:39:10.686+0000] {logging_mixin.py:190} INFO - [2024-11-03T05:39:10.685+0000] {dag.py:4180} INFO - Setting next_dagrun for example_branch_operator to 2024-11-02 00:00:00+00:00, run_after=2024-11-03 00:00:00+00:00
[2024-11-03T05:39:10.719+0000] {processor.py:208} INFO - Processing /home/airflow/.local/lib/python3.12/site-packages/airflow/example_dags/example_branch_operator.py took 0.121 seconds
[2024-11-03T05:39:41.160+0000] {processor.py:186} INFO - Started process (PID=6097) to work on /home/airflow/.local/lib/python3.12/site-packages/airflow/example_dags/example_branch_operator.py
[2024-11-03T05:39:41.161+0000] {processor.py:914} INFO - Processing file /home/airflow/.local/lib/python3.12/site-packages/airflow/example_dags/example_branch_operator.py for tasks to queue
[2024-11-03T05:39:41.163+0000] {logging_mixin.py:190} INFO - [2024-11-03T05:39:41.163+0000] {dagbag.py:588} INFO - Filling up the DagBag from /home/airflow/.local/lib/python3.12/site-packages/airflow/example_dags/example_branch_operator.py
[2024-11-03T05:39:41.181+0000] {processor.py:925} INFO - DAG(s) 'example_branch_operator' retrieved from /home/airflow/.local/lib/python3.12/site-packages/airflow/example_dags/example_branch_operator.py
[2024-11-03T05:39:41.213+0000] {logging_mixin.py:190} INFO - [2024-11-03T05:39:41.213+0000] {dag.py:3239} INFO - Sync 1 DAGs
[2024-11-03T05:39:41.239+0000] {logging_mixin.py:190} INFO - [2024-11-03T05:39:41.239+0000] {dag.py:4180} INFO - Setting next_dagrun for example_branch_operator to 2024-11-02 00:00:00+00:00, run_after=2024-11-03 00:00:00+00:00
[2024-11-03T05:39:41.261+0000] {processor.py:208} INFO - Processing /home/airflow/.local/lib/python3.12/site-packages/airflow/example_dags/example_branch_operator.py took 0.108 seconds
[2024-11-03T05:40:11.561+0000] {processor.py:186} INFO - Started process (PID=6388) to work on /home/airflow/.local/lib/python3.12/site-packages/airflow/example_dags/example_branch_operator.py
[2024-11-03T05:40:11.562+0000] {processor.py:914} INFO - Processing file /home/airflow/.local/lib/python3.12/site-packages/airflow/example_dags/example_branch_operator.py for tasks to queue
[2024-11-03T05:40:11.565+0000] {logging_mixin.py:190} INFO - [2024-11-03T05:40:11.565+0000] {dagbag.py:588} INFO - Filling up the DagBag from /home/airflow/.local/lib/python3.12/site-packages/airflow/example_dags/example_branch_operator.py
[2024-11-03T05:40:11.585+0000] {processor.py:925} INFO - DAG(s) 'example_branch_operator' retrieved from /home/airflow/.local/lib/python3.12/site-packages/airflow/example_dags/example_branch_operator.py
[2024-11-03T05:40:11.624+0000] {logging_mixin.py:190} INFO - [2024-11-03T05:40:11.624+0000] {dag.py:3239} INFO - Sync 1 DAGs
[2024-11-03T05:40:11.669+0000] {logging_mixin.py:190} INFO - [2024-11-03T05:40:11.669+0000] {dag.py:4180} INFO - Setting next_dagrun for example_branch_operator to 2024-11-02 00:00:00+00:00, run_after=2024-11-03 00:00:00+00:00
[2024-11-03T05:40:11.693+0000] {processor.py:208} INFO - Processing /home/airflow/.local/lib/python3.12/site-packages/airflow/example_dags/example_branch_operator.py took 0.142 seconds
[2024-11-03T05:40:42.009+0000] {processor.py:186} INFO - Started process (PID=6679) to work on /home/airflow/.local/lib/python3.12/site-packages/airflow/example_dags/example_branch_operator.py
[2024-11-03T05:40:42.013+0000] {processor.py:914} INFO - Processing file /home/airflow/.local/lib/python3.12/site-packages/airflow/example_dags/example_branch_operator.py for tasks to queue
[2024-11-03T05:40:42.017+0000] {logging_mixin.py:190} INFO - [2024-11-03T05:40:42.017+0000] {dagbag.py:588} INFO - Filling up the DagBag from /home/airflow/.local/lib/python3.12/site-packages/airflow/example_dags/example_branch_operator.py
[2024-11-03T05:40:42.080+0000] {processor.py:925} INFO - DAG(s) 'example_branch_operator' retrieved from /home/airflow/.local/lib/python3.12/site-packages/airflow/example_dags/example_branch_operator.py
[2024-11-03T05:40:42.190+0000] {logging_mixin.py:190} INFO - [2024-11-03T05:40:42.189+0000] {dag.py:3239} INFO - Sync 1 DAGs
[2024-11-03T05:40:42.290+0000] {logging_mixin.py:190} INFO - [2024-11-03T05:40:42.290+0000] {dag.py:4180} INFO - Setting next_dagrun for example_branch_operator to 2024-11-02 00:00:00+00:00, run_after=2024-11-03 00:00:00+00:00
[2024-11-03T05:40:42.383+0000] {processor.py:208} INFO - Processing /home/airflow/.local/lib/python3.12/site-packages/airflow/example_dags/example_branch_operator.py took 0.394 seconds
[2024-11-03T05:41:12.557+0000] {processor.py:186} INFO - Started process (PID=6967) to work on /home/airflow/.local/lib/python3.12/site-packages/airflow/example_dags/example_branch_operator.py
[2024-11-03T05:41:12.559+0000] {processor.py:914} INFO - Processing file /home/airflow/.local/lib/python3.12/site-packages/airflow/example_dags/example_branch_operator.py for tasks to queue
[2024-11-03T05:41:12.562+0000] {logging_mixin.py:190} INFO - [2024-11-03T05:41:12.561+0000] {dagbag.py:588} INFO - Filling up the DagBag from /home/airflow/.local/lib/python3.12/site-packages/airflow/example_dags/example_branch_operator.py
[2024-11-03T05:41:12.582+0000] {processor.py:925} INFO - DAG(s) 'example_branch_operator' retrieved from /home/airflow/.local/lib/python3.12/site-packages/airflow/example_dags/example_branch_operator.py
[2024-11-03T05:41:12.617+0000] {logging_mixin.py:190} INFO - [2024-11-03T05:41:12.616+0000] {dag.py:3239} INFO - Sync 1 DAGs
[2024-11-03T05:41:12.644+0000] {logging_mixin.py:190} INFO - [2024-11-03T05:41:12.644+0000] {dag.py:4180} INFO - Setting next_dagrun for example_branch_operator to 2024-11-02 00:00:00+00:00, run_after=2024-11-03 00:00:00+00:00
[2024-11-03T05:41:12.665+0000] {processor.py:208} INFO - Processing /home/airflow/.local/lib/python3.12/site-packages/airflow/example_dags/example_branch_operator.py took 0.115 seconds
[2024-11-03T05:41:43.200+0000] {processor.py:186} INFO - Started process (PID=7258) to work on /home/airflow/.local/lib/python3.12/site-packages/airflow/example_dags/example_branch_operator.py
[2024-11-03T05:41:43.202+0000] {processor.py:914} INFO - Processing file /home/airflow/.local/lib/python3.12/site-packages/airflow/example_dags/example_branch_operator.py for tasks to queue
[2024-11-03T05:41:43.204+0000] {logging_mixin.py:190} INFO - [2024-11-03T05:41:43.204+0000] {dagbag.py:588} INFO - Filling up the DagBag from /home/airflow/.local/lib/python3.12/site-packages/airflow/example_dags/example_branch_operator.py
[2024-11-03T05:41:43.221+0000] {processor.py:925} INFO - DAG(s) 'example_branch_operator' retrieved from /home/airflow/.local/lib/python3.12/site-packages/airflow/example_dags/example_branch_operator.py
[2024-11-03T05:41:43.253+0000] {logging_mixin.py:190} INFO - [2024-11-03T05:41:43.253+0000] {dag.py:3239} INFO - Sync 1 DAGs
[2024-11-03T05:41:43.278+0000] {logging_mixin.py:190} INFO - [2024-11-03T05:41:43.278+0000] {dag.py:4180} INFO - Setting next_dagrun for example_branch_operator to 2024-11-02 00:00:00+00:00, run_after=2024-11-03 00:00:00+00:00
[2024-11-03T05:41:43.301+0000] {processor.py:208} INFO - Processing /home/airflow/.local/lib/python3.12/site-packages/airflow/example_dags/example_branch_operator.py took 0.106 seconds
[2024-11-03T05:42:13.556+0000] {processor.py:186} INFO - Started process (PID=7549) to work on /home/airflow/.local/lib/python3.12/site-packages/airflow/example_dags/example_branch_operator.py
[2024-11-03T05:42:13.557+0000] {processor.py:914} INFO - Processing file /home/airflow/.local/lib/python3.12/site-packages/airflow/example_dags/example_branch_operator.py for tasks to queue
[2024-11-03T05:42:13.559+0000] {logging_mixin.py:190} INFO - [2024-11-03T05:42:13.559+0000] {dagbag.py:588} INFO - Filling up the DagBag from /home/airflow/.local/lib/python3.12/site-packages/airflow/example_dags/example_branch_operator.py
[2024-11-03T05:42:13.577+0000] {processor.py:925} INFO - DAG(s) 'example_branch_operator' retrieved from /home/airflow/.local/lib/python3.12/site-packages/airflow/example_dags/example_branch_operator.py
[2024-11-03T05:42:13.609+0000] {logging_mixin.py:190} INFO - [2024-11-03T05:42:13.609+0000] {dag.py:3239} INFO - Sync 1 DAGs
[2024-11-03T05:42:13.634+0000] {logging_mixin.py:190} INFO - [2024-11-03T05:42:13.634+0000] {dag.py:4180} INFO - Setting next_dagrun for example_branch_operator to 2024-11-02 00:00:00+00:00, run_after=2024-11-03 00:00:00+00:00
[2024-11-03T05:42:13.655+0000] {processor.py:208} INFO - Processing /home/airflow/.local/lib/python3.12/site-packages/airflow/example_dags/example_branch_operator.py took 0.107 seconds
[2024-11-03T05:42:44.194+0000] {processor.py:186} INFO - Started process (PID=7841) to work on /home/airflow/.local/lib/python3.12/site-packages/airflow/example_dags/example_branch_operator.py
[2024-11-03T05:42:44.195+0000] {processor.py:914} INFO - Processing file /home/airflow/.local/lib/python3.12/site-packages/airflow/example_dags/example_branch_operator.py for tasks to queue
[2024-11-03T05:42:44.197+0000] {logging_mixin.py:190} INFO - [2024-11-03T05:42:44.197+0000] {dagbag.py:588} INFO - Filling up the DagBag from /home/airflow/.local/lib/python3.12/site-packages/airflow/example_dags/example_branch_operator.py
[2024-11-03T05:42:44.216+0000] {processor.py:925} INFO - DAG(s) 'example_branch_operator' retrieved from /home/airflow/.local/lib/python3.12/site-packages/airflow/example_dags/example_branch_operator.py
[2024-11-03T05:42:44.247+0000] {logging_mixin.py:190} INFO - [2024-11-03T05:42:44.247+0000] {dag.py:3239} INFO - Sync 1 DAGs
[2024-11-03T05:42:44.274+0000] {logging_mixin.py:190} INFO - [2024-11-03T05:42:44.274+0000] {dag.py:4180} INFO - Setting next_dagrun for example_branch_operator to 2024-11-02 00:00:00+00:00, run_after=2024-11-03 00:00:00+00:00
[2024-11-03T05:42:44.297+0000] {processor.py:208} INFO - Processing /home/airflow/.local/lib/python3.12/site-packages/airflow/example_dags/example_branch_operator.py took 0.109 seconds
[2024-11-03T05:43:15.190+0000] {processor.py:186} INFO - Started process (PID=8132) to work on /home/airflow/.local/lib/python3.12/site-packages/airflow/example_dags/example_branch_operator.py
[2024-11-03T05:43:15.191+0000] {processor.py:914} INFO - Processing file /home/airflow/.local/lib/python3.12/site-packages/airflow/example_dags/example_branch_operator.py for tasks to queue
[2024-11-03T05:43:15.194+0000] {logging_mixin.py:190} INFO - [2024-11-03T05:43:15.194+0000] {dagbag.py:588} INFO - Filling up the DagBag from /home/airflow/.local/lib/python3.12/site-packages/airflow/example_dags/example_branch_operator.py
[2024-11-03T05:43:15.212+0000] {processor.py:925} INFO - DAG(s) 'example_branch_operator' retrieved from /home/airflow/.local/lib/python3.12/site-packages/airflow/example_dags/example_branch_operator.py
[2024-11-03T05:43:15.244+0000] {logging_mixin.py:190} INFO - [2024-11-03T05:43:15.244+0000] {dag.py:3239} INFO - Sync 1 DAGs
[2024-11-03T05:43:15.269+0000] {logging_mixin.py:190} INFO - [2024-11-03T05:43:15.269+0000] {dag.py:4180} INFO - Setting next_dagrun for example_branch_operator to 2024-11-02 00:00:00+00:00, run_after=2024-11-03 00:00:00+00:00
[2024-11-03T05:43:15.291+0000] {processor.py:208} INFO - Processing /home/airflow/.local/lib/python3.12/site-packages/airflow/example_dags/example_branch_operator.py took 0.107 seconds
[2024-11-03T05:43:45.461+0000] {processor.py:186} INFO - Started process (PID=8423) to work on /home/airflow/.local/lib/python3.12/site-packages/airflow/example_dags/example_branch_operator.py
[2024-11-03T05:43:45.462+0000] {processor.py:914} INFO - Processing file /home/airflow/.local/lib/python3.12/site-packages/airflow/example_dags/example_branch_operator.py for tasks to queue
[2024-11-03T05:43:45.465+0000] {logging_mixin.py:190} INFO - [2024-11-03T05:43:45.465+0000] {dagbag.py:588} INFO - Filling up the DagBag from /home/airflow/.local/lib/python3.12/site-packages/airflow/example_dags/example_branch_operator.py
[2024-11-03T05:43:45.486+0000] {processor.py:925} INFO - DAG(s) 'example_branch_operator' retrieved from /home/airflow/.local/lib/python3.12/site-packages/airflow/example_dags/example_branch_operator.py
[2024-11-03T05:43:45.521+0000] {logging_mixin.py:190} INFO - [2024-11-03T05:43:45.521+0000] {dag.py:3239} INFO - Sync 1 DAGs
[2024-11-03T05:43:45.548+0000] {logging_mixin.py:190} INFO - [2024-11-03T05:43:45.548+0000] {dag.py:4180} INFO - Setting next_dagrun for example_branch_operator to 2024-11-02 00:00:00+00:00, run_after=2024-11-03 00:00:00+00:00
[2024-11-03T05:43:45.570+0000] {processor.py:208} INFO - Processing /home/airflow/.local/lib/python3.12/site-packages/airflow/example_dags/example_branch_operator.py took 0.116 seconds
[2024-11-03T05:44:15.835+0000] {processor.py:186} INFO - Started process (PID=8714) to work on /home/airflow/.local/lib/python3.12/site-packages/airflow/example_dags/example_branch_operator.py
[2024-11-03T05:44:15.836+0000] {processor.py:914} INFO - Processing file /home/airflow/.local/lib/python3.12/site-packages/airflow/example_dags/example_branch_operator.py for tasks to queue
[2024-11-03T05:44:15.838+0000] {logging_mixin.py:190} INFO - [2024-11-03T05:44:15.838+0000] {dagbag.py:588} INFO - Filling up the DagBag from /home/airflow/.local/lib/python3.12/site-packages/airflow/example_dags/example_branch_operator.py
[2024-11-03T05:44:15.860+0000] {processor.py:925} INFO - DAG(s) 'example_branch_operator' retrieved from /home/airflow/.local/lib/python3.12/site-packages/airflow/example_dags/example_branch_operator.py
[2024-11-03T05:44:15.897+0000] {logging_mixin.py:190} INFO - [2024-11-03T05:44:15.897+0000] {dag.py:3239} INFO - Sync 1 DAGs
[2024-11-03T05:44:15.925+0000] {logging_mixin.py:190} INFO - [2024-11-03T05:44:15.925+0000] {dag.py:4180} INFO - Setting next_dagrun for example_branch_operator to 2024-11-02 00:00:00+00:00, run_after=2024-11-03 00:00:00+00:00
[2024-11-03T05:44:15.947+0000] {processor.py:208} INFO - Processing /home/airflow/.local/lib/python3.12/site-packages/airflow/example_dags/example_branch_operator.py took 0.119 seconds
[2024-11-03T05:44:46.185+0000] {processor.py:186} INFO - Started process (PID=9005) to work on /home/airflow/.local/lib/python3.12/site-packages/airflow/example_dags/example_branch_operator.py
[2024-11-03T05:44:46.187+0000] {processor.py:914} INFO - Processing file /home/airflow/.local/lib/python3.12/site-packages/airflow/example_dags/example_branch_operator.py for tasks to queue
[2024-11-03T05:44:46.189+0000] {logging_mixin.py:190} INFO - [2024-11-03T05:44:46.189+0000] {dagbag.py:588} INFO - Filling up the DagBag from /home/airflow/.local/lib/python3.12/site-packages/airflow/example_dags/example_branch_operator.py
[2024-11-03T05:44:46.216+0000] {processor.py:925} INFO - DAG(s) 'example_branch_operator' retrieved from /home/airflow/.local/lib/python3.12/site-packages/airflow/example_dags/example_branch_operator.py
[2024-11-03T05:44:46.249+0000] {logging_mixin.py:190} INFO - [2024-11-03T05:44:46.248+0000] {dag.py:3239} INFO - Sync 1 DAGs
[2024-11-03T05:44:46.275+0000] {logging_mixin.py:190} INFO - [2024-11-03T05:44:46.275+0000] {dag.py:4180} INFO - Setting next_dagrun for example_branch_operator to 2024-11-02 00:00:00+00:00, run_after=2024-11-03 00:00:00+00:00
[2024-11-03T05:44:46.297+0000] {processor.py:208} INFO - Processing /home/airflow/.local/lib/python3.12/site-packages/airflow/example_dags/example_branch_operator.py took 0.120 seconds
[2024-11-03T05:45:16.334+0000] {processor.py:186} INFO - Started process (PID=9296) to work on /home/airflow/.local/lib/python3.12/site-packages/airflow/example_dags/example_branch_operator.py
[2024-11-03T05:45:16.335+0000] {processor.py:914} INFO - Processing file /home/airflow/.local/lib/python3.12/site-packages/airflow/example_dags/example_branch_operator.py for tasks to queue
[2024-11-03T05:45:16.337+0000] {logging_mixin.py:190} INFO - [2024-11-03T05:45:16.337+0000] {dagbag.py:588} INFO - Filling up the DagBag from /home/airflow/.local/lib/python3.12/site-packages/airflow/example_dags/example_branch_operator.py
[2024-11-03T05:45:16.355+0000] {processor.py:925} INFO - DAG(s) 'example_branch_operator' retrieved from /home/airflow/.local/lib/python3.12/site-packages/airflow/example_dags/example_branch_operator.py
[2024-11-03T05:45:16.386+0000] {logging_mixin.py:190} INFO - [2024-11-03T05:45:16.386+0000] {dag.py:3239} INFO - Sync 1 DAGs
[2024-11-03T05:45:16.410+0000] {logging_mixin.py:190} INFO - [2024-11-03T05:45:16.410+0000] {dag.py:4180} INFO - Setting next_dagrun for example_branch_operator to 2024-11-02 00:00:00+00:00, run_after=2024-11-03 00:00:00+00:00
[2024-11-03T05:45:16.431+0000] {processor.py:208} INFO - Processing /home/airflow/.local/lib/python3.12/site-packages/airflow/example_dags/example_branch_operator.py took 0.103 seconds
[2024-11-03T05:45:46.795+0000] {processor.py:186} INFO - Started process (PID=9587) to work on /home/airflow/.local/lib/python3.12/site-packages/airflow/example_dags/example_branch_operator.py
[2024-11-03T05:45:46.796+0000] {processor.py:914} INFO - Processing file /home/airflow/.local/lib/python3.12/site-packages/airflow/example_dags/example_branch_operator.py for tasks to queue
[2024-11-03T05:45:46.799+0000] {logging_mixin.py:190} INFO - [2024-11-03T05:45:46.798+0000] {dagbag.py:588} INFO - Filling up the DagBag from /home/airflow/.local/lib/python3.12/site-packages/airflow/example_dags/example_branch_operator.py
[2024-11-03T05:45:46.817+0000] {processor.py:925} INFO - DAG(s) 'example_branch_operator' retrieved from /home/airflow/.local/lib/python3.12/site-packages/airflow/example_dags/example_branch_operator.py
[2024-11-03T05:45:46.850+0000] {logging_mixin.py:190} INFO - [2024-11-03T05:45:46.849+0000] {dag.py:3239} INFO - Sync 1 DAGs
[2024-11-03T05:45:46.875+0000] {logging_mixin.py:190} INFO - [2024-11-03T05:45:46.874+0000] {dag.py:4180} INFO - Setting next_dagrun for example_branch_operator to 2024-11-02 00:00:00+00:00, run_after=2024-11-03 00:00:00+00:00
[2024-11-03T05:45:46.898+0000] {processor.py:208} INFO - Processing /home/airflow/.local/lib/python3.12/site-packages/airflow/example_dags/example_branch_operator.py took 0.110 seconds
[2024-11-03T05:46:17.623+0000] {processor.py:186} INFO - Started process (PID=9876) to work on /home/airflow/.local/lib/python3.12/site-packages/airflow/example_dags/example_branch_operator.py
[2024-11-03T05:46:17.625+0000] {processor.py:914} INFO - Processing file /home/airflow/.local/lib/python3.12/site-packages/airflow/example_dags/example_branch_operator.py for tasks to queue
[2024-11-03T05:46:17.629+0000] {logging_mixin.py:190} INFO - [2024-11-03T05:46:17.628+0000] {dagbag.py:588} INFO - Filling up the DagBag from /home/airflow/.local/lib/python3.12/site-packages/airflow/example_dags/example_branch_operator.py
[2024-11-03T05:46:17.702+0000] {processor.py:925} INFO - DAG(s) 'example_branch_operator' retrieved from /home/airflow/.local/lib/python3.12/site-packages/airflow/example_dags/example_branch_operator.py
[2024-11-03T05:46:17.760+0000] {logging_mixin.py:190} INFO - [2024-11-03T05:46:17.759+0000] {dag.py:3239} INFO - Sync 1 DAGs
[2024-11-03T05:46:17.817+0000] {logging_mixin.py:190} INFO - [2024-11-03T05:46:17.817+0000] {dag.py:4180} INFO - Setting next_dagrun for example_branch_operator to 2024-11-02 00:00:00+00:00, run_after=2024-11-03 00:00:00+00:00
[2024-11-03T05:46:17.841+0000] {processor.py:208} INFO - Processing /home/airflow/.local/lib/python3.12/site-packages/airflow/example_dags/example_branch_operator.py took 0.230 seconds
[2024-11-03T05:46:48.043+0000] {processor.py:186} INFO - Started process (PID=10167) to work on /home/airflow/.local/lib/python3.12/site-packages/airflow/example_dags/example_branch_operator.py
[2024-11-03T05:46:48.044+0000] {processor.py:914} INFO - Processing file /home/airflow/.local/lib/python3.12/site-packages/airflow/example_dags/example_branch_operator.py for tasks to queue
[2024-11-03T05:46:48.047+0000] {logging_mixin.py:190} INFO - [2024-11-03T05:46:48.046+0000] {dagbag.py:588} INFO - Filling up the DagBag from /home/airflow/.local/lib/python3.12/site-packages/airflow/example_dags/example_branch_operator.py
[2024-11-03T05:46:48.065+0000] {processor.py:925} INFO - DAG(s) 'example_branch_operator' retrieved from /home/airflow/.local/lib/python3.12/site-packages/airflow/example_dags/example_branch_operator.py
[2024-11-03T05:46:48.097+0000] {logging_mixin.py:190} INFO - [2024-11-03T05:46:48.096+0000] {dag.py:3239} INFO - Sync 1 DAGs
[2024-11-03T05:46:48.121+0000] {logging_mixin.py:190} INFO - [2024-11-03T05:46:48.121+0000] {dag.py:4180} INFO - Setting next_dagrun for example_branch_operator to 2024-11-02 00:00:00+00:00, run_after=2024-11-03 00:00:00+00:00
[2024-11-03T05:46:48.142+0000] {processor.py:208} INFO - Processing /home/airflow/.local/lib/python3.12/site-packages/airflow/example_dags/example_branch_operator.py took 0.105 seconds
[2024-11-03T05:47:18.393+0000] {processor.py:186} INFO - Started process (PID=10458) to work on /home/airflow/.local/lib/python3.12/site-packages/airflow/example_dags/example_branch_operator.py
[2024-11-03T05:47:18.394+0000] {processor.py:914} INFO - Processing file /home/airflow/.local/lib/python3.12/site-packages/airflow/example_dags/example_branch_operator.py for tasks to queue
[2024-11-03T05:47:18.396+0000] {logging_mixin.py:190} INFO - [2024-11-03T05:47:18.396+0000] {dagbag.py:588} INFO - Filling up the DagBag from /home/airflow/.local/lib/python3.12/site-packages/airflow/example_dags/example_branch_operator.py
[2024-11-03T05:47:18.416+0000] {processor.py:925} INFO - DAG(s) 'example_branch_operator' retrieved from /home/airflow/.local/lib/python3.12/site-packages/airflow/example_dags/example_branch_operator.py
[2024-11-03T05:47:18.447+0000] {logging_mixin.py:190} INFO - [2024-11-03T05:47:18.447+0000] {dag.py:3239} INFO - Sync 1 DAGs
[2024-11-03T05:47:18.472+0000] {logging_mixin.py:190} INFO - [2024-11-03T05:47:18.472+0000] {dag.py:4180} INFO - Setting next_dagrun for example_branch_operator to 2024-11-02 00:00:00+00:00, run_after=2024-11-03 00:00:00+00:00
[2024-11-03T05:47:18.496+0000] {processor.py:208} INFO - Processing /home/airflow/.local/lib/python3.12/site-packages/airflow/example_dags/example_branch_operator.py took 0.109 seconds
[2024-11-03T05:47:48.813+0000] {processor.py:186} INFO - Started process (PID=10749) to work on /home/airflow/.local/lib/python3.12/site-packages/airflow/example_dags/example_branch_operator.py
[2024-11-03T05:47:48.814+0000] {processor.py:914} INFO - Processing file /home/airflow/.local/lib/python3.12/site-packages/airflow/example_dags/example_branch_operator.py for tasks to queue
[2024-11-03T05:47:48.817+0000] {logging_mixin.py:190} INFO - [2024-11-03T05:47:48.817+0000] {dagbag.py:588} INFO - Filling up the DagBag from /home/airflow/.local/lib/python3.12/site-packages/airflow/example_dags/example_branch_operator.py
[2024-11-03T05:47:48.839+0000] {processor.py:925} INFO - DAG(s) 'example_branch_operator' retrieved from /home/airflow/.local/lib/python3.12/site-packages/airflow/example_dags/example_branch_operator.py
[2024-11-03T05:47:48.878+0000] {logging_mixin.py:190} INFO - [2024-11-03T05:47:48.878+0000] {dag.py:3239} INFO - Sync 1 DAGs
[2024-11-03T05:47:48.913+0000] {logging_mixin.py:190} INFO - [2024-11-03T05:47:48.913+0000] {dag.py:4180} INFO - Setting next_dagrun for example_branch_operator to 2024-11-02 00:00:00+00:00, run_after=2024-11-03 00:00:00+00:00
[2024-11-03T05:47:48.935+0000] {processor.py:208} INFO - Processing /home/airflow/.local/lib/python3.12/site-packages/airflow/example_dags/example_branch_operator.py took 0.128 seconds
[2024-11-03T05:48:19.380+0000] {processor.py:186} INFO - Started process (PID=11048) to work on /home/airflow/.local/lib/python3.12/site-packages/airflow/example_dags/example_branch_operator.py
[2024-11-03T05:48:19.381+0000] {processor.py:914} INFO - Processing file /home/airflow/.local/lib/python3.12/site-packages/airflow/example_dags/example_branch_operator.py for tasks to queue
[2024-11-03T05:48:19.384+0000] {logging_mixin.py:190} INFO - [2024-11-03T05:48:19.383+0000] {dagbag.py:588} INFO - Filling up the DagBag from /home/airflow/.local/lib/python3.12/site-packages/airflow/example_dags/example_branch_operator.py
[2024-11-03T05:48:19.404+0000] {processor.py:925} INFO - DAG(s) 'example_branch_operator' retrieved from /home/airflow/.local/lib/python3.12/site-packages/airflow/example_dags/example_branch_operator.py
[2024-11-03T05:48:19.437+0000] {logging_mixin.py:190} INFO - [2024-11-03T05:48:19.437+0000] {dag.py:3239} INFO - Sync 1 DAGs
[2024-11-03T05:48:19.461+0000] {logging_mixin.py:190} INFO - [2024-11-03T05:48:19.461+0000] {dag.py:4180} INFO - Setting next_dagrun for example_branch_operator to 2024-11-02 00:00:00+00:00, run_after=2024-11-03 00:00:00+00:00
[2024-11-03T05:48:19.482+0000] {processor.py:208} INFO - Processing /home/airflow/.local/lib/python3.12/site-packages/airflow/example_dags/example_branch_operator.py took 0.108 seconds
[2024-11-03T05:48:50.780+0000] {processor.py:186} INFO - Started process (PID=11338) to work on /home/airflow/.local/lib/python3.12/site-packages/airflow/example_dags/example_branch_operator.py
[2024-11-03T05:48:50.782+0000] {processor.py:914} INFO - Processing file /home/airflow/.local/lib/python3.12/site-packages/airflow/example_dags/example_branch_operator.py for tasks to queue
[2024-11-03T05:48:50.786+0000] {logging_mixin.py:190} INFO - [2024-11-03T05:48:50.785+0000] {dagbag.py:588} INFO - Filling up the DagBag from /home/airflow/.local/lib/python3.12/site-packages/airflow/example_dags/example_branch_operator.py
[2024-11-03T05:48:50.817+0000] {processor.py:925} INFO - DAG(s) 'example_branch_operator' retrieved from /home/airflow/.local/lib/python3.12/site-packages/airflow/example_dags/example_branch_operator.py
[2024-11-03T05:48:50.861+0000] {logging_mixin.py:190} INFO - [2024-11-03T05:48:50.860+0000] {dag.py:3239} INFO - Sync 1 DAGs
[2024-11-03T05:48:50.894+0000] {logging_mixin.py:190} INFO - [2024-11-03T05:48:50.894+0000] {dag.py:4180} INFO - Setting next_dagrun for example_branch_operator to 2024-11-02 00:00:00+00:00, run_after=2024-11-03 00:00:00+00:00
[2024-11-03T05:48:50.922+0000] {processor.py:208} INFO - Processing /home/airflow/.local/lib/python3.12/site-packages/airflow/example_dags/example_branch_operator.py took 0.153 seconds
[2024-11-03T05:49:21.880+0000] {processor.py:186} INFO - Started process (PID=11635) to work on /home/airflow/.local/lib/python3.12/site-packages/airflow/example_dags/example_branch_operator.py
[2024-11-03T05:49:21.881+0000] {processor.py:914} INFO - Processing file /home/airflow/.local/lib/python3.12/site-packages/airflow/example_dags/example_branch_operator.py for tasks to queue
[2024-11-03T05:49:21.885+0000] {logging_mixin.py:190} INFO - [2024-11-03T05:49:21.884+0000] {dagbag.py:588} INFO - Filling up the DagBag from /home/airflow/.local/lib/python3.12/site-packages/airflow/example_dags/example_branch_operator.py
[2024-11-03T05:49:21.914+0000] {processor.py:925} INFO - DAG(s) 'example_branch_operator' retrieved from /home/airflow/.local/lib/python3.12/site-packages/airflow/example_dags/example_branch_operator.py
[2024-11-03T05:49:21.959+0000] {logging_mixin.py:190} INFO - [2024-11-03T05:49:21.959+0000] {dag.py:3239} INFO - Sync 1 DAGs
[2024-11-03T05:49:22.017+0000] {logging_mixin.py:190} INFO - [2024-11-03T05:49:22.017+0000] {dag.py:4180} INFO - Setting next_dagrun for example_branch_operator to 2024-11-02 00:00:00+00:00, run_after=2024-11-03 00:00:00+00:00
[2024-11-03T05:49:22.055+0000] {processor.py:208} INFO - Processing /home/airflow/.local/lib/python3.12/site-packages/airflow/example_dags/example_branch_operator.py took 0.184 seconds
[2024-11-03T05:49:52.282+0000] {processor.py:186} INFO - Started process (PID=11926) to work on /home/airflow/.local/lib/python3.12/site-packages/airflow/example_dags/example_branch_operator.py
[2024-11-03T05:49:52.283+0000] {processor.py:914} INFO - Processing file /home/airflow/.local/lib/python3.12/site-packages/airflow/example_dags/example_branch_operator.py for tasks to queue
[2024-11-03T05:49:52.285+0000] {logging_mixin.py:190} INFO - [2024-11-03T05:49:52.285+0000] {dagbag.py:588} INFO - Filling up the DagBag from /home/airflow/.local/lib/python3.12/site-packages/airflow/example_dags/example_branch_operator.py
[2024-11-03T05:49:52.303+0000] {processor.py:925} INFO - DAG(s) 'example_branch_operator' retrieved from /home/airflow/.local/lib/python3.12/site-packages/airflow/example_dags/example_branch_operator.py
[2024-11-03T05:49:52.335+0000] {logging_mixin.py:190} INFO - [2024-11-03T05:49:52.335+0000] {dag.py:3239} INFO - Sync 1 DAGs
[2024-11-03T05:49:52.361+0000] {logging_mixin.py:190} INFO - [2024-11-03T05:49:52.360+0000] {dag.py:4180} INFO - Setting next_dagrun for example_branch_operator to 2024-11-02 00:00:00+00:00, run_after=2024-11-03 00:00:00+00:00
[2024-11-03T05:49:52.383+0000] {processor.py:208} INFO - Processing /home/airflow/.local/lib/python3.12/site-packages/airflow/example_dags/example_branch_operator.py took 0.108 seconds
[2024-11-03T05:50:22.852+0000] {processor.py:186} INFO - Started process (PID=12217) to work on /home/airflow/.local/lib/python3.12/site-packages/airflow/example_dags/example_branch_operator.py
[2024-11-03T05:50:22.853+0000] {processor.py:914} INFO - Processing file /home/airflow/.local/lib/python3.12/site-packages/airflow/example_dags/example_branch_operator.py for tasks to queue
[2024-11-03T05:50:22.855+0000] {logging_mixin.py:190} INFO - [2024-11-03T05:50:22.855+0000] {dagbag.py:588} INFO - Filling up the DagBag from /home/airflow/.local/lib/python3.12/site-packages/airflow/example_dags/example_branch_operator.py
[2024-11-03T05:50:22.873+0000] {processor.py:925} INFO - DAG(s) 'example_branch_operator' retrieved from /home/airflow/.local/lib/python3.12/site-packages/airflow/example_dags/example_branch_operator.py
[2024-11-03T05:50:22.903+0000] {logging_mixin.py:190} INFO - [2024-11-03T05:50:22.903+0000] {dag.py:3239} INFO - Sync 1 DAGs
[2024-11-03T05:50:22.928+0000] {logging_mixin.py:190} INFO - [2024-11-03T05:50:22.928+0000] {dag.py:4180} INFO - Setting next_dagrun for example_branch_operator to 2024-11-02 00:00:00+00:00, run_after=2024-11-03 00:00:00+00:00
[2024-11-03T05:50:22.948+0000] {processor.py:208} INFO - Processing /home/airflow/.local/lib/python3.12/site-packages/airflow/example_dags/example_branch_operator.py took 0.103 seconds
[2024-11-03T05:50:53.249+0000] {processor.py:186} INFO - Started process (PID=12506) to work on /home/airflow/.local/lib/python3.12/site-packages/airflow/example_dags/example_branch_operator.py
[2024-11-03T05:50:53.250+0000] {processor.py:914} INFO - Processing file /home/airflow/.local/lib/python3.12/site-packages/airflow/example_dags/example_branch_operator.py for tasks to queue
[2024-11-03T05:50:53.253+0000] {logging_mixin.py:190} INFO - [2024-11-03T05:50:53.252+0000] {dagbag.py:588} INFO - Filling up the DagBag from /home/airflow/.local/lib/python3.12/site-packages/airflow/example_dags/example_branch_operator.py
[2024-11-03T05:50:53.272+0000] {processor.py:925} INFO - DAG(s) 'example_branch_operator' retrieved from /home/airflow/.local/lib/python3.12/site-packages/airflow/example_dags/example_branch_operator.py
[2024-11-03T05:50:53.303+0000] {logging_mixin.py:190} INFO - [2024-11-03T05:50:53.303+0000] {dag.py:3239} INFO - Sync 1 DAGs
[2024-11-03T05:50:53.330+0000] {logging_mixin.py:190} INFO - [2024-11-03T05:50:53.329+0000] {dag.py:4180} INFO - Setting next_dagrun for example_branch_operator to 2024-11-02 00:00:00+00:00, run_after=2024-11-03 00:00:00+00:00
[2024-11-03T05:50:53.350+0000] {processor.py:208} INFO - Processing /home/airflow/.local/lib/python3.12/site-packages/airflow/example_dags/example_branch_operator.py took 0.107 seconds
[2024-11-03T05:52:51.550+0000] {processor.py:186} INFO - Started process (PID=257) to work on /home/airflow/.local/lib/python3.12/site-packages/airflow/example_dags/example_branch_operator.py
[2024-11-03T05:52:51.551+0000] {processor.py:914} INFO - Processing file /home/airflow/.local/lib/python3.12/site-packages/airflow/example_dags/example_branch_operator.py for tasks to queue
[2024-11-03T05:52:51.556+0000] {logging_mixin.py:190} INFO - [2024-11-03T05:52:51.555+0000] {dagbag.py:588} INFO - Filling up the DagBag from /home/airflow/.local/lib/python3.12/site-packages/airflow/example_dags/example_branch_operator.py
[2024-11-03T05:52:51.588+0000] {processor.py:925} INFO - DAG(s) 'example_branch_operator' retrieved from /home/airflow/.local/lib/python3.12/site-packages/airflow/example_dags/example_branch_operator.py
[2024-11-03T05:52:51.826+0000] {logging_mixin.py:190} INFO - [2024-11-03T05:52:51.826+0000] {dag.py:3239} INFO - Sync 1 DAGs
[2024-11-03T05:52:51.862+0000] {logging_mixin.py:190} INFO - [2024-11-03T05:52:51.862+0000] {dag.py:4180} INFO - Setting next_dagrun for example_branch_operator to 2024-11-02 00:00:00+00:00, run_after=2024-11-03 00:00:00+00:00
[2024-11-03T05:52:51.896+0000] {processor.py:208} INFO - Processing /home/airflow/.local/lib/python3.12/site-packages/airflow/example_dags/example_branch_operator.py took 0.356 seconds
[2024-11-03T05:53:22.534+0000] {processor.py:186} INFO - Started process (PID=550) to work on /home/airflow/.local/lib/python3.12/site-packages/airflow/example_dags/example_branch_operator.py
[2024-11-03T05:53:22.535+0000] {processor.py:914} INFO - Processing file /home/airflow/.local/lib/python3.12/site-packages/airflow/example_dags/example_branch_operator.py for tasks to queue
[2024-11-03T05:53:22.537+0000] {logging_mixin.py:190} INFO - [2024-11-03T05:53:22.537+0000] {dagbag.py:588} INFO - Filling up the DagBag from /home/airflow/.local/lib/python3.12/site-packages/airflow/example_dags/example_branch_operator.py
[2024-11-03T05:53:22.555+0000] {processor.py:925} INFO - DAG(s) 'example_branch_operator' retrieved from /home/airflow/.local/lib/python3.12/site-packages/airflow/example_dags/example_branch_operator.py
[2024-11-03T05:53:22.587+0000] {logging_mixin.py:190} INFO - [2024-11-03T05:53:22.587+0000] {dag.py:3239} INFO - Sync 1 DAGs
[2024-11-03T05:53:22.612+0000] {logging_mixin.py:190} INFO - [2024-11-03T05:53:22.611+0000] {dag.py:4180} INFO - Setting next_dagrun for example_branch_operator to 2024-11-02 00:00:00+00:00, run_after=2024-11-03 00:00:00+00:00
[2024-11-03T05:53:22.633+0000] {processor.py:208} INFO - Processing /home/airflow/.local/lib/python3.12/site-packages/airflow/example_dags/example_branch_operator.py took 0.105 seconds
[2024-11-03T05:53:53.091+0000] {processor.py:186} INFO - Started process (PID=841) to work on /home/airflow/.local/lib/python3.12/site-packages/airflow/example_dags/example_branch_operator.py
[2024-11-03T05:53:53.092+0000] {processor.py:914} INFO - Processing file /home/airflow/.local/lib/python3.12/site-packages/airflow/example_dags/example_branch_operator.py for tasks to queue
[2024-11-03T05:53:53.095+0000] {logging_mixin.py:190} INFO - [2024-11-03T05:53:53.095+0000] {dagbag.py:588} INFO - Filling up the DagBag from /home/airflow/.local/lib/python3.12/site-packages/airflow/example_dags/example_branch_operator.py
[2024-11-03T05:53:53.113+0000] {processor.py:925} INFO - DAG(s) 'example_branch_operator' retrieved from /home/airflow/.local/lib/python3.12/site-packages/airflow/example_dags/example_branch_operator.py
[2024-11-03T05:53:53.144+0000] {logging_mixin.py:190} INFO - [2024-11-03T05:53:53.144+0000] {dag.py:3239} INFO - Sync 1 DAGs
[2024-11-03T05:53:53.169+0000] {logging_mixin.py:190} INFO - [2024-11-03T05:53:53.169+0000] {dag.py:4180} INFO - Setting next_dagrun for example_branch_operator to 2024-11-02 00:00:00+00:00, run_after=2024-11-03 00:00:00+00:00
[2024-11-03T05:53:53.192+0000] {processor.py:208} INFO - Processing /home/airflow/.local/lib/python3.12/site-packages/airflow/example_dags/example_branch_operator.py took 0.107 seconds
[2024-11-03T05:54:23.557+0000] {processor.py:186} INFO - Started process (PID=1130) to work on /home/airflow/.local/lib/python3.12/site-packages/airflow/example_dags/example_branch_operator.py
[2024-11-03T05:54:23.558+0000] {processor.py:914} INFO - Processing file /home/airflow/.local/lib/python3.12/site-packages/airflow/example_dags/example_branch_operator.py for tasks to queue
[2024-11-03T05:54:23.561+0000] {logging_mixin.py:190} INFO - [2024-11-03T05:54:23.561+0000] {dagbag.py:588} INFO - Filling up the DagBag from /home/airflow/.local/lib/python3.12/site-packages/airflow/example_dags/example_branch_operator.py
[2024-11-03T05:54:23.582+0000] {processor.py:925} INFO - DAG(s) 'example_branch_operator' retrieved from /home/airflow/.local/lib/python3.12/site-packages/airflow/example_dags/example_branch_operator.py
[2024-11-03T05:54:23.620+0000] {logging_mixin.py:190} INFO - [2024-11-03T05:54:23.619+0000] {dag.py:3239} INFO - Sync 1 DAGs
[2024-11-03T05:54:23.646+0000] {logging_mixin.py:190} INFO - [2024-11-03T05:54:23.645+0000] {dag.py:4180} INFO - Setting next_dagrun for example_branch_operator to 2024-11-02 00:00:00+00:00, run_after=2024-11-03 00:00:00+00:00
[2024-11-03T05:54:23.666+0000] {processor.py:208} INFO - Processing /home/airflow/.local/lib/python3.12/site-packages/airflow/example_dags/example_branch_operator.py took 0.120 seconds
[2024-11-03T05:54:53.724+0000] {processor.py:186} INFO - Started process (PID=1421) to work on /home/airflow/.local/lib/python3.12/site-packages/airflow/example_dags/example_branch_operator.py
[2024-11-03T05:54:53.725+0000] {processor.py:914} INFO - Processing file /home/airflow/.local/lib/python3.12/site-packages/airflow/example_dags/example_branch_operator.py for tasks to queue
[2024-11-03T05:54:53.727+0000] {logging_mixin.py:190} INFO - [2024-11-03T05:54:53.727+0000] {dagbag.py:588} INFO - Filling up the DagBag from /home/airflow/.local/lib/python3.12/site-packages/airflow/example_dags/example_branch_operator.py
[2024-11-03T05:54:53.748+0000] {processor.py:925} INFO - DAG(s) 'example_branch_operator' retrieved from /home/airflow/.local/lib/python3.12/site-packages/airflow/example_dags/example_branch_operator.py
[2024-11-03T05:54:53.783+0000] {logging_mixin.py:190} INFO - [2024-11-03T05:54:53.783+0000] {dag.py:3239} INFO - Sync 1 DAGs
[2024-11-03T05:54:53.813+0000] {logging_mixin.py:190} INFO - [2024-11-03T05:54:53.813+0000] {dag.py:4180} INFO - Setting next_dagrun for example_branch_operator to 2024-11-02 00:00:00+00:00, run_after=2024-11-03 00:00:00+00:00
[2024-11-03T05:54:53.845+0000] {processor.py:208} INFO - Processing /home/airflow/.local/lib/python3.12/site-packages/airflow/example_dags/example_branch_operator.py took 0.128 seconds
[2024-11-03T05:57:16.136+0000] {processor.py:186} INFO - Started process (PID=257) to work on /home/airflow/.local/lib/python3.12/site-packages/airflow/example_dags/example_branch_operator.py
[2024-11-03T05:57:16.138+0000] {processor.py:914} INFO - Processing file /home/airflow/.local/lib/python3.12/site-packages/airflow/example_dags/example_branch_operator.py for tasks to queue
[2024-11-03T05:57:16.141+0000] {logging_mixin.py:190} INFO - [2024-11-03T05:57:16.141+0000] {dagbag.py:588} INFO - Filling up the DagBag from /home/airflow/.local/lib/python3.12/site-packages/airflow/example_dags/example_branch_operator.py
[2024-11-03T05:57:16.196+0000] {processor.py:925} INFO - DAG(s) 'example_branch_operator' retrieved from /home/airflow/.local/lib/python3.12/site-packages/airflow/example_dags/example_branch_operator.py
[2024-11-03T05:57:16.457+0000] {logging_mixin.py:190} INFO - [2024-11-03T05:57:16.457+0000] {dag.py:3239} INFO - Sync 1 DAGs
[2024-11-03T05:57:16.489+0000] {logging_mixin.py:190} INFO - [2024-11-03T05:57:16.488+0000] {dag.py:4180} INFO - Setting next_dagrun for example_branch_operator to 2024-11-02 00:00:00+00:00, run_after=2024-11-03 00:00:00+00:00
[2024-11-03T05:57:16.522+0000] {processor.py:208} INFO - Processing /home/airflow/.local/lib/python3.12/site-packages/airflow/example_dags/example_branch_operator.py took 0.393 seconds
[2024-11-03T05:57:47.093+0000] {processor.py:186} INFO - Started process (PID=548) to work on /home/airflow/.local/lib/python3.12/site-packages/airflow/example_dags/example_branch_operator.py
[2024-11-03T05:57:47.095+0000] {processor.py:914} INFO - Processing file /home/airflow/.local/lib/python3.12/site-packages/airflow/example_dags/example_branch_operator.py for tasks to queue
[2024-11-03T05:57:47.097+0000] {logging_mixin.py:190} INFO - [2024-11-03T05:57:47.097+0000] {dagbag.py:588} INFO - Filling up the DagBag from /home/airflow/.local/lib/python3.12/site-packages/airflow/example_dags/example_branch_operator.py
[2024-11-03T05:57:47.115+0000] {processor.py:925} INFO - DAG(s) 'example_branch_operator' retrieved from /home/airflow/.local/lib/python3.12/site-packages/airflow/example_dags/example_branch_operator.py
[2024-11-03T05:57:47.146+0000] {logging_mixin.py:190} INFO - [2024-11-03T05:57:47.146+0000] {dag.py:3239} INFO - Sync 1 DAGs
[2024-11-03T05:57:47.172+0000] {logging_mixin.py:190} INFO - [2024-11-03T05:57:47.172+0000] {dag.py:4180} INFO - Setting next_dagrun for example_branch_operator to 2024-11-02 00:00:00+00:00, run_after=2024-11-03 00:00:00+00:00
[2024-11-03T05:57:47.193+0000] {processor.py:208} INFO - Processing /home/airflow/.local/lib/python3.12/site-packages/airflow/example_dags/example_branch_operator.py took 0.105 seconds
[2024-11-03T05:58:17.431+0000] {processor.py:186} INFO - Started process (PID=839) to work on /home/airflow/.local/lib/python3.12/site-packages/airflow/example_dags/example_branch_operator.py
[2024-11-03T05:58:17.432+0000] {processor.py:914} INFO - Processing file /home/airflow/.local/lib/python3.12/site-packages/airflow/example_dags/example_branch_operator.py for tasks to queue
[2024-11-03T05:58:17.435+0000] {logging_mixin.py:190} INFO - [2024-11-03T05:58:17.434+0000] {dagbag.py:588} INFO - Filling up the DagBag from /home/airflow/.local/lib/python3.12/site-packages/airflow/example_dags/example_branch_operator.py
[2024-11-03T05:58:17.453+0000] {processor.py:925} INFO - DAG(s) 'example_branch_operator' retrieved from /home/airflow/.local/lib/python3.12/site-packages/airflow/example_dags/example_branch_operator.py
[2024-11-03T05:58:17.484+0000] {logging_mixin.py:190} INFO - [2024-11-03T05:58:17.484+0000] {dag.py:3239} INFO - Sync 1 DAGs
[2024-11-03T05:58:17.511+0000] {logging_mixin.py:190} INFO - [2024-11-03T05:58:17.511+0000] {dag.py:4180} INFO - Setting next_dagrun for example_branch_operator to 2024-11-02 00:00:00+00:00, run_after=2024-11-03 00:00:00+00:00
[2024-11-03T05:58:17.532+0000] {processor.py:208} INFO - Processing /home/airflow/.local/lib/python3.12/site-packages/airflow/example_dags/example_branch_operator.py took 0.107 seconds
[2024-11-03T05:58:47.802+0000] {processor.py:186} INFO - Started process (PID=1130) to work on /home/airflow/.local/lib/python3.12/site-packages/airflow/example_dags/example_branch_operator.py
[2024-11-03T05:58:47.803+0000] {processor.py:914} INFO - Processing file /home/airflow/.local/lib/python3.12/site-packages/airflow/example_dags/example_branch_operator.py for tasks to queue
[2024-11-03T05:58:47.806+0000] {logging_mixin.py:190} INFO - [2024-11-03T05:58:47.806+0000] {dagbag.py:588} INFO - Filling up the DagBag from /home/airflow/.local/lib/python3.12/site-packages/airflow/example_dags/example_branch_operator.py
[2024-11-03T05:58:47.826+0000] {processor.py:925} INFO - DAG(s) 'example_branch_operator' retrieved from /home/airflow/.local/lib/python3.12/site-packages/airflow/example_dags/example_branch_operator.py
[2024-11-03T05:58:47.861+0000] {logging_mixin.py:190} INFO - [2024-11-03T05:58:47.861+0000] {dag.py:3239} INFO - Sync 1 DAGs
[2024-11-03T05:58:47.887+0000] {logging_mixin.py:190} INFO - [2024-11-03T05:58:47.887+0000] {dag.py:4180} INFO - Setting next_dagrun for example_branch_operator to 2024-11-02 00:00:00+00:00, run_after=2024-11-03 00:00:00+00:00
[2024-11-03T05:58:47.908+0000] {processor.py:208} INFO - Processing /home/airflow/.local/lib/python3.12/site-packages/airflow/example_dags/example_branch_operator.py took 0.113 seconds
[2024-11-03T05:59:18.722+0000] {processor.py:186} INFO - Started process (PID=1421) to work on /home/airflow/.local/lib/python3.12/site-packages/airflow/example_dags/example_branch_operator.py
[2024-11-03T05:59:18.723+0000] {processor.py:914} INFO - Processing file /home/airflow/.local/lib/python3.12/site-packages/airflow/example_dags/example_branch_operator.py for tasks to queue
[2024-11-03T05:59:18.725+0000] {logging_mixin.py:190} INFO - [2024-11-03T05:59:18.724+0000] {dagbag.py:588} INFO - Filling up the DagBag from /home/airflow/.local/lib/python3.12/site-packages/airflow/example_dags/example_branch_operator.py
[2024-11-03T05:59:18.743+0000] {processor.py:925} INFO - DAG(s) 'example_branch_operator' retrieved from /home/airflow/.local/lib/python3.12/site-packages/airflow/example_dags/example_branch_operator.py
[2024-11-03T05:59:18.776+0000] {logging_mixin.py:190} INFO - [2024-11-03T05:59:18.776+0000] {dag.py:3239} INFO - Sync 1 DAGs
[2024-11-03T05:59:18.803+0000] {logging_mixin.py:190} INFO - [2024-11-03T05:59:18.803+0000] {dag.py:4180} INFO - Setting next_dagrun for example_branch_operator to 2024-11-02 00:00:00+00:00, run_after=2024-11-03 00:00:00+00:00
[2024-11-03T05:59:18.824+0000] {processor.py:208} INFO - Processing /home/airflow/.local/lib/python3.12/site-packages/airflow/example_dags/example_branch_operator.py took 0.109 seconds
[2024-11-03T05:59:49.735+0000] {processor.py:186} INFO - Started process (PID=1712) to work on /home/airflow/.local/lib/python3.12/site-packages/airflow/example_dags/example_branch_operator.py
[2024-11-03T05:59:49.736+0000] {processor.py:914} INFO - Processing file /home/airflow/.local/lib/python3.12/site-packages/airflow/example_dags/example_branch_operator.py for tasks to queue
[2024-11-03T05:59:49.739+0000] {logging_mixin.py:190} INFO - [2024-11-03T05:59:49.738+0000] {dagbag.py:588} INFO - Filling up the DagBag from /home/airflow/.local/lib/python3.12/site-packages/airflow/example_dags/example_branch_operator.py
[2024-11-03T05:59:49.758+0000] {processor.py:925} INFO - DAG(s) 'example_branch_operator' retrieved from /home/airflow/.local/lib/python3.12/site-packages/airflow/example_dags/example_branch_operator.py
[2024-11-03T05:59:49.793+0000] {logging_mixin.py:190} INFO - [2024-11-03T05:59:49.793+0000] {dag.py:3239} INFO - Sync 1 DAGs
[2024-11-03T05:59:49.821+0000] {logging_mixin.py:190} INFO - [2024-11-03T05:59:49.820+0000] {dag.py:4180} INFO - Setting next_dagrun for example_branch_operator to 2024-11-02 00:00:00+00:00, run_after=2024-11-03 00:00:00+00:00
[2024-11-03T05:59:49.843+0000] {processor.py:208} INFO - Processing /home/airflow/.local/lib/python3.12/site-packages/airflow/example_dags/example_branch_operator.py took 0.114 seconds
[2024-11-03T06:00:20.657+0000] {processor.py:186} INFO - Started process (PID=2003) to work on /home/airflow/.local/lib/python3.12/site-packages/airflow/example_dags/example_branch_operator.py
[2024-11-03T06:00:20.658+0000] {processor.py:914} INFO - Processing file /home/airflow/.local/lib/python3.12/site-packages/airflow/example_dags/example_branch_operator.py for tasks to queue
[2024-11-03T06:00:20.660+0000] {logging_mixin.py:190} INFO - [2024-11-03T06:00:20.660+0000] {dagbag.py:588} INFO - Filling up the DagBag from /home/airflow/.local/lib/python3.12/site-packages/airflow/example_dags/example_branch_operator.py
[2024-11-03T06:00:20.680+0000] {processor.py:925} INFO - DAG(s) 'example_branch_operator' retrieved from /home/airflow/.local/lib/python3.12/site-packages/airflow/example_dags/example_branch_operator.py
[2024-11-03T06:00:20.722+0000] {logging_mixin.py:190} INFO - [2024-11-03T06:00:20.722+0000] {dag.py:3239} INFO - Sync 1 DAGs
[2024-11-03T06:00:20.752+0000] {logging_mixin.py:190} INFO - [2024-11-03T06:00:20.751+0000] {dag.py:4180} INFO - Setting next_dagrun for example_branch_operator to 2024-11-02 00:00:00+00:00, run_after=2024-11-03 00:00:00+00:00
[2024-11-03T06:00:20.773+0000] {processor.py:208} INFO - Processing /home/airflow/.local/lib/python3.12/site-packages/airflow/example_dags/example_branch_operator.py took 0.122 seconds
[2024-11-03T06:06:55.153+0000] {processor.py:186} INFO - Started process (PID=275) to work on /home/airflow/.local/lib/python3.12/site-packages/airflow/example_dags/example_branch_operator.py
[2024-11-03T06:06:55.154+0000] {processor.py:914} INFO - Processing file /home/airflow/.local/lib/python3.12/site-packages/airflow/example_dags/example_branch_operator.py for tasks to queue
[2024-11-03T06:06:55.157+0000] {logging_mixin.py:190} INFO - [2024-11-03T06:06:55.156+0000] {dagbag.py:588} INFO - Filling up the DagBag from /home/airflow/.local/lib/python3.12/site-packages/airflow/example_dags/example_branch_operator.py
[2024-11-03T06:06:55.191+0000] {processor.py:925} INFO - DAG(s) 'example_branch_operator' retrieved from /home/airflow/.local/lib/python3.12/site-packages/airflow/example_dags/example_branch_operator.py
[2024-11-03T06:06:55.342+0000] {logging_mixin.py:190} INFO - [2024-11-03T06:06:55.342+0000] {override.py:1900} INFO - Created Permission View: can edit on DAG:example_branch_operator
[2024-11-03T06:06:55.355+0000] {logging_mixin.py:190} INFO - [2024-11-03T06:06:55.355+0000] {override.py:1900} INFO - Created Permission View: can read on DAG:example_branch_operator
[2024-11-03T06:06:55.366+0000] {logging_mixin.py:190} INFO - [2024-11-03T06:06:55.365+0000] {override.py:1900} INFO - Created Permission View: can delete on DAG:example_branch_operator
[2024-11-03T06:06:55.385+0000] {logging_mixin.py:190} INFO - [2024-11-03T06:06:55.385+0000] {override.py:1900} INFO - Created Permission View: can create on DAG Run:example_branch_operator
[2024-11-03T06:06:55.402+0000] {logging_mixin.py:190} INFO - [2024-11-03T06:06:55.401+0000] {override.py:1900} INFO - Created Permission View: menu access on DAG Run:example_branch_operator
[2024-11-03T06:06:55.414+0000] {logging_mixin.py:190} INFO - [2024-11-03T06:06:55.414+0000] {override.py:1900} INFO - Created Permission View: can read on DAG Run:example_branch_operator
[2024-11-03T06:06:55.432+0000] {logging_mixin.py:190} INFO - [2024-11-03T06:06:55.431+0000] {override.py:1900} INFO - Created Permission View: can delete on DAG Run:example_branch_operator
[2024-11-03T06:06:55.432+0000] {logging_mixin.py:190} INFO - [2024-11-03T06:06:55.432+0000] {dag.py:3239} INFO - Sync 1 DAGs
[2024-11-03T06:06:55.446+0000] {logging_mixin.py:190} INFO - [2024-11-03T06:06:55.446+0000] {dag.py:3262} INFO - Creating ORM DAG for example_branch_operator
[2024-11-03T06:06:55.458+0000] {logging_mixin.py:190} INFO - [2024-11-03T06:06:55.458+0000] {dag.py:4180} INFO - Setting next_dagrun for example_branch_operator to 2024-11-02 00:00:00+00:00, run_after=2024-11-03 00:00:00+00:00
[2024-11-03T06:06:55.486+0000] {processor.py:208} INFO - Processing /home/airflow/.local/lib/python3.12/site-packages/airflow/example_dags/example_branch_operator.py took 0.341 seconds
[2024-11-03T06:07:25.743+0000] {processor.py:186} INFO - Started process (PID=566) to work on /home/airflow/.local/lib/python3.12/site-packages/airflow/example_dags/example_branch_operator.py
[2024-11-03T06:07:25.744+0000] {processor.py:914} INFO - Processing file /home/airflow/.local/lib/python3.12/site-packages/airflow/example_dags/example_branch_operator.py for tasks to queue
[2024-11-03T06:07:25.747+0000] {logging_mixin.py:190} INFO - [2024-11-03T06:07:25.746+0000] {dagbag.py:588} INFO - Filling up the DagBag from /home/airflow/.local/lib/python3.12/site-packages/airflow/example_dags/example_branch_operator.py
[2024-11-03T06:07:25.775+0000] {processor.py:925} INFO - DAG(s) 'example_branch_operator' retrieved from /home/airflow/.local/lib/python3.12/site-packages/airflow/example_dags/example_branch_operator.py
[2024-11-03T06:07:25.840+0000] {logging_mixin.py:190} INFO - [2024-11-03T06:07:25.839+0000] {dag.py:3239} INFO - Sync 1 DAGs
[2024-11-03T06:07:25.875+0000] {logging_mixin.py:190} INFO - [2024-11-03T06:07:25.874+0000] {dag.py:4180} INFO - Setting next_dagrun for example_branch_operator to 2024-11-02 00:00:00+00:00, run_after=2024-11-03 00:00:00+00:00
[2024-11-03T06:07:25.908+0000] {processor.py:208} INFO - Processing /home/airflow/.local/lib/python3.12/site-packages/airflow/example_dags/example_branch_operator.py took 0.174 seconds
[2024-11-03T06:10:48.716+0000] {processor.py:186} INFO - Started process (PID=270) to work on /home/airflow/.local/lib/python3.12/site-packages/airflow/example_dags/example_branch_operator.py
[2024-11-03T06:10:48.717+0000] {processor.py:914} INFO - Processing file /home/airflow/.local/lib/python3.12/site-packages/airflow/example_dags/example_branch_operator.py for tasks to queue
[2024-11-03T06:10:48.720+0000] {logging_mixin.py:190} INFO - [2024-11-03T06:10:48.720+0000] {dagbag.py:588} INFO - Filling up the DagBag from /home/airflow/.local/lib/python3.12/site-packages/airflow/example_dags/example_branch_operator.py
[2024-11-03T06:10:48.757+0000] {processor.py:925} INFO - DAG(s) 'example_branch_operator' retrieved from /home/airflow/.local/lib/python3.12/site-packages/airflow/example_dags/example_branch_operator.py
[2024-11-03T06:10:48.944+0000] {logging_mixin.py:190} INFO - [2024-11-03T06:10:48.943+0000] {dag.py:3239} INFO - Sync 1 DAGs
[2024-11-03T06:10:48.974+0000] {logging_mixin.py:190} INFO - [2024-11-03T06:10:48.974+0000] {dag.py:4180} INFO - Setting next_dagrun for example_branch_operator to 2024-11-02 00:00:00+00:00, run_after=2024-11-03 00:00:00+00:00
[2024-11-03T06:10:49.003+0000] {processor.py:208} INFO - Processing /home/airflow/.local/lib/python3.12/site-packages/airflow/example_dags/example_branch_operator.py took 0.300 seconds
[2024-11-03T06:11:19.846+0000] {processor.py:186} INFO - Started process (PID=561) to work on /home/airflow/.local/lib/python3.12/site-packages/airflow/example_dags/example_branch_operator.py
[2024-11-03T06:11:19.847+0000] {processor.py:914} INFO - Processing file /home/airflow/.local/lib/python3.12/site-packages/airflow/example_dags/example_branch_operator.py for tasks to queue
[2024-11-03T06:11:19.850+0000] {logging_mixin.py:190} INFO - [2024-11-03T06:11:19.849+0000] {dagbag.py:588} INFO - Filling up the DagBag from /home/airflow/.local/lib/python3.12/site-packages/airflow/example_dags/example_branch_operator.py
[2024-11-03T06:11:19.868+0000] {processor.py:925} INFO - DAG(s) 'example_branch_operator' retrieved from /home/airflow/.local/lib/python3.12/site-packages/airflow/example_dags/example_branch_operator.py
[2024-11-03T06:11:19.900+0000] {logging_mixin.py:190} INFO - [2024-11-03T06:11:19.899+0000] {dag.py:3239} INFO - Sync 1 DAGs
[2024-11-03T06:11:19.924+0000] {logging_mixin.py:190} INFO - [2024-11-03T06:11:19.924+0000] {dag.py:4180} INFO - Setting next_dagrun for example_branch_operator to 2024-11-02 00:00:00+00:00, run_after=2024-11-03 00:00:00+00:00
[2024-11-03T06:11:19.957+0000] {processor.py:208} INFO - Processing /home/airflow/.local/lib/python3.12/site-packages/airflow/example_dags/example_branch_operator.py took 0.117 seconds
[2024-11-03T06:11:50.317+0000] {processor.py:186} INFO - Started process (PID=852) to work on /home/airflow/.local/lib/python3.12/site-packages/airflow/example_dags/example_branch_operator.py
[2024-11-03T06:11:50.319+0000] {processor.py:914} INFO - Processing file /home/airflow/.local/lib/python3.12/site-packages/airflow/example_dags/example_branch_operator.py for tasks to queue
[2024-11-03T06:11:50.322+0000] {logging_mixin.py:190} INFO - [2024-11-03T06:11:50.321+0000] {dagbag.py:588} INFO - Filling up the DagBag from /home/airflow/.local/lib/python3.12/site-packages/airflow/example_dags/example_branch_operator.py
[2024-11-03T06:11:50.341+0000] {processor.py:925} INFO - DAG(s) 'example_branch_operator' retrieved from /home/airflow/.local/lib/python3.12/site-packages/airflow/example_dags/example_branch_operator.py
[2024-11-03T06:11:50.375+0000] {logging_mixin.py:190} INFO - [2024-11-03T06:11:50.374+0000] {dag.py:3239} INFO - Sync 1 DAGs
[2024-11-03T06:11:50.402+0000] {logging_mixin.py:190} INFO - [2024-11-03T06:11:50.401+0000] {dag.py:4180} INFO - Setting next_dagrun for example_branch_operator to 2024-11-02 00:00:00+00:00, run_after=2024-11-03 00:00:00+00:00
[2024-11-03T06:11:50.424+0000] {processor.py:208} INFO - Processing /home/airflow/.local/lib/python3.12/site-packages/airflow/example_dags/example_branch_operator.py took 0.114 seconds
[2024-11-03T06:12:20.959+0000] {processor.py:186} INFO - Started process (PID=1143) to work on /home/airflow/.local/lib/python3.12/site-packages/airflow/example_dags/example_branch_operator.py
[2024-11-03T06:12:20.960+0000] {processor.py:914} INFO - Processing file /home/airflow/.local/lib/python3.12/site-packages/airflow/example_dags/example_branch_operator.py for tasks to queue
[2024-11-03T06:12:20.964+0000] {logging_mixin.py:190} INFO - [2024-11-03T06:12:20.964+0000] {dagbag.py:588} INFO - Filling up the DagBag from /home/airflow/.local/lib/python3.12/site-packages/airflow/example_dags/example_branch_operator.py
[2024-11-03T06:12:20.988+0000] {processor.py:925} INFO - DAG(s) 'example_branch_operator' retrieved from /home/airflow/.local/lib/python3.12/site-packages/airflow/example_dags/example_branch_operator.py
[2024-11-03T06:12:21.032+0000] {logging_mixin.py:190} INFO - [2024-11-03T06:12:21.032+0000] {dag.py:3239} INFO - Sync 1 DAGs
[2024-11-03T06:12:21.065+0000] {logging_mixin.py:190} INFO - [2024-11-03T06:12:21.065+0000] {dag.py:4180} INFO - Setting next_dagrun for example_branch_operator to 2024-11-02 00:00:00+00:00, run_after=2024-11-03 00:00:00+00:00
[2024-11-03T06:12:21.091+0000] {processor.py:208} INFO - Processing /home/airflow/.local/lib/python3.12/site-packages/airflow/example_dags/example_branch_operator.py took 0.140 seconds
[2024-11-03T06:12:51.797+0000] {processor.py:186} INFO - Started process (PID=1434) to work on /home/airflow/.local/lib/python3.12/site-packages/airflow/example_dags/example_branch_operator.py
[2024-11-03T06:12:51.798+0000] {processor.py:914} INFO - Processing file /home/airflow/.local/lib/python3.12/site-packages/airflow/example_dags/example_branch_operator.py for tasks to queue
[2024-11-03T06:12:51.801+0000] {logging_mixin.py:190} INFO - [2024-11-03T06:12:51.800+0000] {dagbag.py:588} INFO - Filling up the DagBag from /home/airflow/.local/lib/python3.12/site-packages/airflow/example_dags/example_branch_operator.py
[2024-11-03T06:12:51.819+0000] {processor.py:925} INFO - DAG(s) 'example_branch_operator' retrieved from /home/airflow/.local/lib/python3.12/site-packages/airflow/example_dags/example_branch_operator.py
[2024-11-03T06:12:51.851+0000] {logging_mixin.py:190} INFO - [2024-11-03T06:12:51.851+0000] {dag.py:3239} INFO - Sync 1 DAGs
[2024-11-03T06:12:51.878+0000] {logging_mixin.py:190} INFO - [2024-11-03T06:12:51.878+0000] {dag.py:4180} INFO - Setting next_dagrun for example_branch_operator to 2024-11-02 00:00:00+00:00, run_after=2024-11-03 00:00:00+00:00
[2024-11-03T06:12:51.902+0000] {processor.py:208} INFO - Processing /home/airflow/.local/lib/python3.12/site-packages/airflow/example_dags/example_branch_operator.py took 0.111 seconds
[2024-11-03T06:13:22.648+0000] {processor.py:186} INFO - Started process (PID=1725) to work on /home/airflow/.local/lib/python3.12/site-packages/airflow/example_dags/example_branch_operator.py
[2024-11-03T06:13:22.650+0000] {processor.py:914} INFO - Processing file /home/airflow/.local/lib/python3.12/site-packages/airflow/example_dags/example_branch_operator.py for tasks to queue
[2024-11-03T06:13:22.659+0000] {logging_mixin.py:190} INFO - [2024-11-03T06:13:22.659+0000] {dagbag.py:588} INFO - Filling up the DagBag from /home/airflow/.local/lib/python3.12/site-packages/airflow/example_dags/example_branch_operator.py
[2024-11-03T06:13:22.693+0000] {processor.py:925} INFO - DAG(s) 'example_branch_operator' retrieved from /home/airflow/.local/lib/python3.12/site-packages/airflow/example_dags/example_branch_operator.py
[2024-11-03T06:13:22.728+0000] {logging_mixin.py:190} INFO - [2024-11-03T06:13:22.727+0000] {dag.py:3239} INFO - Sync 1 DAGs
[2024-11-03T06:13:22.758+0000] {logging_mixin.py:190} INFO - [2024-11-03T06:13:22.757+0000] {dag.py:4180} INFO - Setting next_dagrun for example_branch_operator to 2024-11-02 00:00:00+00:00, run_after=2024-11-03 00:00:00+00:00
[2024-11-03T06:13:22.784+0000] {processor.py:208} INFO - Processing /home/airflow/.local/lib/python3.12/site-packages/airflow/example_dags/example_branch_operator.py took 0.143 seconds
[2024-11-03T06:13:52.880+0000] {processor.py:186} INFO - Started process (PID=2013) to work on /home/airflow/.local/lib/python3.12/site-packages/airflow/example_dags/example_branch_operator.py
[2024-11-03T06:13:52.881+0000] {processor.py:914} INFO - Processing file /home/airflow/.local/lib/python3.12/site-packages/airflow/example_dags/example_branch_operator.py for tasks to queue
[2024-11-03T06:13:52.884+0000] {logging_mixin.py:190} INFO - [2024-11-03T06:13:52.883+0000] {dagbag.py:588} INFO - Filling up the DagBag from /home/airflow/.local/lib/python3.12/site-packages/airflow/example_dags/example_branch_operator.py
[2024-11-03T06:13:52.908+0000] {processor.py:925} INFO - DAG(s) 'example_branch_operator' retrieved from /home/airflow/.local/lib/python3.12/site-packages/airflow/example_dags/example_branch_operator.py
[2024-11-03T06:13:52.945+0000] {logging_mixin.py:190} INFO - [2024-11-03T06:13:52.945+0000] {dag.py:3239} INFO - Sync 1 DAGs
[2024-11-03T06:13:52.978+0000] {logging_mixin.py:190} INFO - [2024-11-03T06:13:52.978+0000] {dag.py:4180} INFO - Setting next_dagrun for example_branch_operator to 2024-11-02 00:00:00+00:00, run_after=2024-11-03 00:00:00+00:00
[2024-11-03T06:13:53.016+0000] {processor.py:208} INFO - Processing /home/airflow/.local/lib/python3.12/site-packages/airflow/example_dags/example_branch_operator.py took 0.142 seconds
