[2024-11-03T05:29:27.919+0000] {processor.py:186} INFO - Started process (PID=291) to work on /home/airflow/.local/lib/python3.12/site-packages/airflow/example_dags/example_complex.py
[2024-11-03T05:29:27.921+0000] {processor.py:914} INFO - Processing file /home/airflow/.local/lib/python3.12/site-packages/airflow/example_dags/example_complex.py for tasks to queue
[2024-11-03T05:29:27.927+0000] {logging_mixin.py:190} INFO - [2024-11-03T05:29:27.926+0000] {dagbag.py:588} INFO - Filling up the DagBag from /home/airflow/.local/lib/python3.12/site-packages/airflow/example_dags/example_complex.py
[2024-11-03T05:29:27.975+0000] {processor.py:925} INFO - DAG(s) 'example_complex' retrieved from /home/airflow/.local/lib/python3.12/site-packages/airflow/example_dags/example_complex.py
[2024-11-03T05:29:28.258+0000] {logging_mixin.py:190} INFO - [2024-11-03T05:29:28.257+0000] {override.py:1900} INFO - Created Permission View: can delete on DAG:example_complex
[2024-11-03T05:29:28.285+0000] {logging_mixin.py:190} INFO - [2024-11-03T05:29:28.284+0000] {override.py:1900} INFO - Created Permission View: can edit on DAG:example_complex
[2024-11-03T05:29:28.301+0000] {logging_mixin.py:190} INFO - [2024-11-03T05:29:28.301+0000] {override.py:1900} INFO - Created Permission View: can read on DAG:example_complex
[2024-11-03T05:29:28.320+0000] {logging_mixin.py:190} INFO - [2024-11-03T05:29:28.319+0000] {override.py:1900} INFO - Created Permission View: can delete on DAG Run:example_complex
[2024-11-03T05:29:28.336+0000] {logging_mixin.py:190} INFO - [2024-11-03T05:29:28.336+0000] {override.py:1900} INFO - Created Permission View: menu access on DAG Run:example_complex
[2024-11-03T05:29:28.351+0000] {logging_mixin.py:190} INFO - [2024-11-03T05:29:28.351+0000] {override.py:1900} INFO - Created Permission View: can create on DAG Run:example_complex
[2024-11-03T05:29:28.370+0000] {logging_mixin.py:190} INFO - [2024-11-03T05:29:28.369+0000] {override.py:1900} INFO - Created Permission View: can read on DAG Run:example_complex
[2024-11-03T05:29:28.372+0000] {logging_mixin.py:190} INFO - [2024-11-03T05:29:28.372+0000] {dag.py:3239} INFO - Sync 1 DAGs
[2024-11-03T05:29:28.401+0000] {logging_mixin.py:190} INFO - [2024-11-03T05:29:28.400+0000] {dag.py:3262} INFO - Creating ORM DAG for example_complex
[2024-11-03T05:29:28.403+0000] {logging_mixin.py:190} INFO - [2024-11-03T05:29:28.402+0000] {dag.py:4180} INFO - Setting next_dagrun for example_complex to None, run_after=None
[2024-11-03T05:29:28.479+0000] {processor.py:208} INFO - Processing /home/airflow/.local/lib/python3.12/site-packages/airflow/example_dags/example_complex.py took 0.574 seconds
[2024-11-03T05:29:59.123+0000] {processor.py:186} INFO - Started process (PID=584) to work on /home/airflow/.local/lib/python3.12/site-packages/airflow/example_dags/example_complex.py
[2024-11-03T05:29:59.124+0000] {processor.py:914} INFO - Processing file /home/airflow/.local/lib/python3.12/site-packages/airflow/example_dags/example_complex.py for tasks to queue
[2024-11-03T05:29:59.128+0000] {logging_mixin.py:190} INFO - [2024-11-03T05:29:59.127+0000] {dagbag.py:588} INFO - Filling up the DagBag from /home/airflow/.local/lib/python3.12/site-packages/airflow/example_dags/example_complex.py
[2024-11-03T05:29:59.145+0000] {processor.py:925} INFO - DAG(s) 'example_complex' retrieved from /home/airflow/.local/lib/python3.12/site-packages/airflow/example_dags/example_complex.py
[2024-11-03T05:29:59.204+0000] {logging_mixin.py:190} INFO - [2024-11-03T05:29:59.204+0000] {dag.py:3239} INFO - Sync 1 DAGs
[2024-11-03T05:29:59.225+0000] {logging_mixin.py:190} INFO - [2024-11-03T05:29:59.225+0000] {dag.py:4180} INFO - Setting next_dagrun for example_complex to None, run_after=None
[2024-11-03T05:29:59.255+0000] {processor.py:208} INFO - Processing /home/airflow/.local/lib/python3.12/site-packages/airflow/example_dags/example_complex.py took 0.140 seconds
[2024-11-03T05:30:29.851+0000] {processor.py:186} INFO - Started process (PID=875) to work on /home/airflow/.local/lib/python3.12/site-packages/airflow/example_dags/example_complex.py
[2024-11-03T05:30:29.852+0000] {processor.py:914} INFO - Processing file /home/airflow/.local/lib/python3.12/site-packages/airflow/example_dags/example_complex.py for tasks to queue
[2024-11-03T05:30:29.858+0000] {logging_mixin.py:190} INFO - [2024-11-03T05:30:29.857+0000] {dagbag.py:588} INFO - Filling up the DagBag from /home/airflow/.local/lib/python3.12/site-packages/airflow/example_dags/example_complex.py
[2024-11-03T05:30:29.881+0000] {processor.py:925} INFO - DAG(s) 'example_complex' retrieved from /home/airflow/.local/lib/python3.12/site-packages/airflow/example_dags/example_complex.py
[2024-11-03T05:30:29.948+0000] {logging_mixin.py:190} INFO - [2024-11-03T05:30:29.948+0000] {dag.py:3239} INFO - Sync 1 DAGs
[2024-11-03T05:30:29.967+0000] {logging_mixin.py:190} INFO - [2024-11-03T05:30:29.967+0000] {dag.py:4180} INFO - Setting next_dagrun for example_complex to None, run_after=None
[2024-11-03T05:30:29.993+0000] {processor.py:208} INFO - Processing /home/airflow/.local/lib/python3.12/site-packages/airflow/example_dags/example_complex.py took 0.152 seconds
[2024-11-03T05:31:00.409+0000] {processor.py:186} INFO - Started process (PID=1166) to work on /home/airflow/.local/lib/python3.12/site-packages/airflow/example_dags/example_complex.py
[2024-11-03T05:31:00.410+0000] {processor.py:914} INFO - Processing file /home/airflow/.local/lib/python3.12/site-packages/airflow/example_dags/example_complex.py for tasks to queue
[2024-11-03T05:31:00.413+0000] {logging_mixin.py:190} INFO - [2024-11-03T05:31:00.413+0000] {dagbag.py:588} INFO - Filling up the DagBag from /home/airflow/.local/lib/python3.12/site-packages/airflow/example_dags/example_complex.py
[2024-11-03T05:31:00.427+0000] {processor.py:925} INFO - DAG(s) 'example_complex' retrieved from /home/airflow/.local/lib/python3.12/site-packages/airflow/example_dags/example_complex.py
[2024-11-03T05:31:00.464+0000] {logging_mixin.py:190} INFO - [2024-11-03T05:31:00.463+0000] {dag.py:3239} INFO - Sync 1 DAGs
[2024-11-03T05:31:00.479+0000] {logging_mixin.py:190} INFO - [2024-11-03T05:31:00.479+0000] {dag.py:4180} INFO - Setting next_dagrun for example_complex to None, run_after=None
[2024-11-03T05:31:00.501+0000] {processor.py:208} INFO - Processing /home/airflow/.local/lib/python3.12/site-packages/airflow/example_dags/example_complex.py took 0.098 seconds
[2024-11-03T05:31:31.074+0000] {processor.py:186} INFO - Started process (PID=1457) to work on /home/airflow/.local/lib/python3.12/site-packages/airflow/example_dags/example_complex.py
[2024-11-03T05:31:31.075+0000] {processor.py:914} INFO - Processing file /home/airflow/.local/lib/python3.12/site-packages/airflow/example_dags/example_complex.py for tasks to queue
[2024-11-03T05:31:31.078+0000] {logging_mixin.py:190} INFO - [2024-11-03T05:31:31.078+0000] {dagbag.py:588} INFO - Filling up the DagBag from /home/airflow/.local/lib/python3.12/site-packages/airflow/example_dags/example_complex.py
[2024-11-03T05:31:31.091+0000] {processor.py:925} INFO - DAG(s) 'example_complex' retrieved from /home/airflow/.local/lib/python3.12/site-packages/airflow/example_dags/example_complex.py
[2024-11-03T05:31:31.136+0000] {logging_mixin.py:190} INFO - [2024-11-03T05:31:31.136+0000] {dag.py:3239} INFO - Sync 1 DAGs
[2024-11-03T05:31:31.152+0000] {logging_mixin.py:190} INFO - [2024-11-03T05:31:31.152+0000] {dag.py:4180} INFO - Setting next_dagrun for example_complex to None, run_after=None
[2024-11-03T05:31:31.175+0000] {processor.py:208} INFO - Processing /home/airflow/.local/lib/python3.12/site-packages/airflow/example_dags/example_complex.py took 0.108 seconds
[2024-11-03T05:32:01.920+0000] {processor.py:186} INFO - Started process (PID=1748) to work on /home/airflow/.local/lib/python3.12/site-packages/airflow/example_dags/example_complex.py
[2024-11-03T05:32:01.922+0000] {processor.py:914} INFO - Processing file /home/airflow/.local/lib/python3.12/site-packages/airflow/example_dags/example_complex.py for tasks to queue
[2024-11-03T05:32:01.924+0000] {logging_mixin.py:190} INFO - [2024-11-03T05:32:01.924+0000] {dagbag.py:588} INFO - Filling up the DagBag from /home/airflow/.local/lib/python3.12/site-packages/airflow/example_dags/example_complex.py
[2024-11-03T05:32:01.940+0000] {processor.py:925} INFO - DAG(s) 'example_complex' retrieved from /home/airflow/.local/lib/python3.12/site-packages/airflow/example_dags/example_complex.py
[2024-11-03T05:32:01.979+0000] {logging_mixin.py:190} INFO - [2024-11-03T05:32:01.978+0000] {dag.py:3239} INFO - Sync 1 DAGs
[2024-11-03T05:32:02.005+0000] {logging_mixin.py:190} INFO - [2024-11-03T05:32:02.005+0000] {dag.py:4180} INFO - Setting next_dagrun for example_complex to None, run_after=None
[2024-11-03T05:32:02.031+0000] {processor.py:208} INFO - Processing /home/airflow/.local/lib/python3.12/site-packages/airflow/example_dags/example_complex.py took 0.117 seconds
[2024-11-03T05:32:32.207+0000] {processor.py:186} INFO - Started process (PID=2044) to work on /home/airflow/.local/lib/python3.12/site-packages/airflow/example_dags/example_complex.py
[2024-11-03T05:32:32.208+0000] {processor.py:914} INFO - Processing file /home/airflow/.local/lib/python3.12/site-packages/airflow/example_dags/example_complex.py for tasks to queue
[2024-11-03T05:32:32.212+0000] {logging_mixin.py:190} INFO - [2024-11-03T05:32:32.212+0000] {dagbag.py:588} INFO - Filling up the DagBag from /home/airflow/.local/lib/python3.12/site-packages/airflow/example_dags/example_complex.py
[2024-11-03T05:32:32.234+0000] {processor.py:925} INFO - DAG(s) 'example_complex' retrieved from /home/airflow/.local/lib/python3.12/site-packages/airflow/example_dags/example_complex.py
[2024-11-03T05:32:32.303+0000] {logging_mixin.py:190} INFO - [2024-11-03T05:32:32.303+0000] {dag.py:3239} INFO - Sync 1 DAGs
[2024-11-03T05:32:32.330+0000] {logging_mixin.py:190} INFO - [2024-11-03T05:32:32.330+0000] {dag.py:4180} INFO - Setting next_dagrun for example_complex to None, run_after=None
[2024-11-03T05:32:32.356+0000] {processor.py:208} INFO - Processing /home/airflow/.local/lib/python3.12/site-packages/airflow/example_dags/example_complex.py took 0.156 seconds
[2024-11-03T05:33:03.178+0000] {processor.py:186} INFO - Started process (PID=2329) to work on /home/airflow/.local/lib/python3.12/site-packages/airflow/example_dags/example_complex.py
[2024-11-03T05:33:03.179+0000] {processor.py:914} INFO - Processing file /home/airflow/.local/lib/python3.12/site-packages/airflow/example_dags/example_complex.py for tasks to queue
[2024-11-03T05:33:03.181+0000] {logging_mixin.py:190} INFO - [2024-11-03T05:33:03.181+0000] {dagbag.py:588} INFO - Filling up the DagBag from /home/airflow/.local/lib/python3.12/site-packages/airflow/example_dags/example_complex.py
[2024-11-03T05:33:03.198+0000] {processor.py:925} INFO - DAG(s) 'example_complex' retrieved from /home/airflow/.local/lib/python3.12/site-packages/airflow/example_dags/example_complex.py
[2024-11-03T05:33:03.243+0000] {logging_mixin.py:190} INFO - [2024-11-03T05:33:03.243+0000] {dag.py:3239} INFO - Sync 1 DAGs
[2024-11-03T05:33:03.265+0000] {logging_mixin.py:190} INFO - [2024-11-03T05:33:03.265+0000] {dag.py:4180} INFO - Setting next_dagrun for example_complex to None, run_after=None
[2024-11-03T05:33:03.292+0000] {processor.py:208} INFO - Processing /home/airflow/.local/lib/python3.12/site-packages/airflow/example_dags/example_complex.py took 0.121 seconds
[2024-11-03T05:33:33.678+0000] {processor.py:186} INFO - Started process (PID=2622) to work on /home/airflow/.local/lib/python3.12/site-packages/airflow/example_dags/example_complex.py
[2024-11-03T05:33:33.679+0000] {processor.py:914} INFO - Processing file /home/airflow/.local/lib/python3.12/site-packages/airflow/example_dags/example_complex.py for tasks to queue
[2024-11-03T05:33:33.682+0000] {logging_mixin.py:190} INFO - [2024-11-03T05:33:33.681+0000] {dagbag.py:588} INFO - Filling up the DagBag from /home/airflow/.local/lib/python3.12/site-packages/airflow/example_dags/example_complex.py
[2024-11-03T05:33:33.695+0000] {processor.py:925} INFO - DAG(s) 'example_complex' retrieved from /home/airflow/.local/lib/python3.12/site-packages/airflow/example_dags/example_complex.py
[2024-11-03T05:33:33.734+0000] {logging_mixin.py:190} INFO - [2024-11-03T05:33:33.733+0000] {dag.py:3239} INFO - Sync 1 DAGs
[2024-11-03T05:33:33.752+0000] {logging_mixin.py:190} INFO - [2024-11-03T05:33:33.751+0000] {dag.py:4180} INFO - Setting next_dagrun for example_complex to None, run_after=None
[2024-11-03T05:33:33.776+0000] {processor.py:208} INFO - Processing /home/airflow/.local/lib/python3.12/site-packages/airflow/example_dags/example_complex.py took 0.107 seconds
[2024-11-03T05:34:04.393+0000] {processor.py:186} INFO - Started process (PID=2913) to work on /home/airflow/.local/lib/python3.12/site-packages/airflow/example_dags/example_complex.py
[2024-11-03T05:34:04.395+0000] {processor.py:914} INFO - Processing file /home/airflow/.local/lib/python3.12/site-packages/airflow/example_dags/example_complex.py for tasks to queue
[2024-11-03T05:34:04.397+0000] {logging_mixin.py:190} INFO - [2024-11-03T05:34:04.397+0000] {dagbag.py:588} INFO - Filling up the DagBag from /home/airflow/.local/lib/python3.12/site-packages/airflow/example_dags/example_complex.py
[2024-11-03T05:34:04.411+0000] {processor.py:925} INFO - DAG(s) 'example_complex' retrieved from /home/airflow/.local/lib/python3.12/site-packages/airflow/example_dags/example_complex.py
[2024-11-03T05:34:04.452+0000] {logging_mixin.py:190} INFO - [2024-11-03T05:34:04.451+0000] {dag.py:3239} INFO - Sync 1 DAGs
[2024-11-03T05:34:04.468+0000] {logging_mixin.py:190} INFO - [2024-11-03T05:34:04.468+0000] {dag.py:4180} INFO - Setting next_dagrun for example_complex to None, run_after=None
[2024-11-03T05:34:04.491+0000] {processor.py:208} INFO - Processing /home/airflow/.local/lib/python3.12/site-packages/airflow/example_dags/example_complex.py took 0.104 seconds
[2024-11-03T05:34:35.611+0000] {processor.py:186} INFO - Started process (PID=3202) to work on /home/airflow/.local/lib/python3.12/site-packages/airflow/example_dags/example_complex.py
[2024-11-03T05:34:35.614+0000] {processor.py:914} INFO - Processing file /home/airflow/.local/lib/python3.12/site-packages/airflow/example_dags/example_complex.py for tasks to queue
[2024-11-03T05:34:35.624+0000] {logging_mixin.py:190} INFO - [2024-11-03T05:34:35.623+0000] {dagbag.py:588} INFO - Filling up the DagBag from /home/airflow/.local/lib/python3.12/site-packages/airflow/example_dags/example_complex.py
[2024-11-03T05:34:35.680+0000] {processor.py:925} INFO - DAG(s) 'example_complex' retrieved from /home/airflow/.local/lib/python3.12/site-packages/airflow/example_dags/example_complex.py
[2024-11-03T05:34:35.802+0000] {logging_mixin.py:190} INFO - [2024-11-03T05:34:35.802+0000] {dag.py:3239} INFO - Sync 1 DAGs
[2024-11-03T05:34:35.841+0000] {logging_mixin.py:190} INFO - [2024-11-03T05:34:35.840+0000] {dag.py:4180} INFO - Setting next_dagrun for example_complex to None, run_after=None
[2024-11-03T05:34:35.888+0000] {processor.py:208} INFO - Processing /home/airflow/.local/lib/python3.12/site-packages/airflow/example_dags/example_complex.py took 0.308 seconds
[2024-11-03T05:35:06.024+0000] {processor.py:186} INFO - Started process (PID=3493) to work on /home/airflow/.local/lib/python3.12/site-packages/airflow/example_dags/example_complex.py
[2024-11-03T05:35:06.026+0000] {processor.py:914} INFO - Processing file /home/airflow/.local/lib/python3.12/site-packages/airflow/example_dags/example_complex.py for tasks to queue
[2024-11-03T05:35:06.029+0000] {logging_mixin.py:190} INFO - [2024-11-03T05:35:06.028+0000] {dagbag.py:588} INFO - Filling up the DagBag from /home/airflow/.local/lib/python3.12/site-packages/airflow/example_dags/example_complex.py
[2024-11-03T05:35:06.049+0000] {processor.py:925} INFO - DAG(s) 'example_complex' retrieved from /home/airflow/.local/lib/python3.12/site-packages/airflow/example_dags/example_complex.py
[2024-11-03T05:35:06.102+0000] {logging_mixin.py:190} INFO - [2024-11-03T05:35:06.102+0000] {dag.py:3239} INFO - Sync 1 DAGs
[2024-11-03T05:35:06.122+0000] {logging_mixin.py:190} INFO - [2024-11-03T05:35:06.122+0000] {dag.py:4180} INFO - Setting next_dagrun for example_complex to None, run_after=None
[2024-11-03T05:35:06.151+0000] {processor.py:208} INFO - Processing /home/airflow/.local/lib/python3.12/site-packages/airflow/example_dags/example_complex.py took 0.137 seconds
[2024-11-03T05:35:36.840+0000] {processor.py:186} INFO - Started process (PID=3784) to work on /home/airflow/.local/lib/python3.12/site-packages/airflow/example_dags/example_complex.py
[2024-11-03T05:35:36.841+0000] {processor.py:914} INFO - Processing file /home/airflow/.local/lib/python3.12/site-packages/airflow/example_dags/example_complex.py for tasks to queue
[2024-11-03T05:35:36.844+0000] {logging_mixin.py:190} INFO - [2024-11-03T05:35:36.843+0000] {dagbag.py:588} INFO - Filling up the DagBag from /home/airflow/.local/lib/python3.12/site-packages/airflow/example_dags/example_complex.py
[2024-11-03T05:35:36.859+0000] {processor.py:925} INFO - DAG(s) 'example_complex' retrieved from /home/airflow/.local/lib/python3.12/site-packages/airflow/example_dags/example_complex.py
[2024-11-03T05:35:36.898+0000] {logging_mixin.py:190} INFO - [2024-11-03T05:35:36.897+0000] {dag.py:3239} INFO - Sync 1 DAGs
[2024-11-03T05:35:36.914+0000] {logging_mixin.py:190} INFO - [2024-11-03T05:35:36.914+0000] {dag.py:4180} INFO - Setting next_dagrun for example_complex to None, run_after=None
[2024-11-03T05:35:36.936+0000] {processor.py:208} INFO - Processing /home/airflow/.local/lib/python3.12/site-packages/airflow/example_dags/example_complex.py took 0.103 seconds
[2024-11-03T05:36:07.513+0000] {processor.py:186} INFO - Started process (PID=4075) to work on /home/airflow/.local/lib/python3.12/site-packages/airflow/example_dags/example_complex.py
[2024-11-03T05:36:07.514+0000] {processor.py:914} INFO - Processing file /home/airflow/.local/lib/python3.12/site-packages/airflow/example_dags/example_complex.py for tasks to queue
[2024-11-03T05:36:07.516+0000] {logging_mixin.py:190} INFO - [2024-11-03T05:36:07.516+0000] {dagbag.py:588} INFO - Filling up the DagBag from /home/airflow/.local/lib/python3.12/site-packages/airflow/example_dags/example_complex.py
[2024-11-03T05:36:07.531+0000] {processor.py:925} INFO - DAG(s) 'example_complex' retrieved from /home/airflow/.local/lib/python3.12/site-packages/airflow/example_dags/example_complex.py
[2024-11-03T05:36:07.568+0000] {logging_mixin.py:190} INFO - [2024-11-03T05:36:07.568+0000] {dag.py:3239} INFO - Sync 1 DAGs
[2024-11-03T05:36:07.584+0000] {logging_mixin.py:190} INFO - [2024-11-03T05:36:07.583+0000] {dag.py:4180} INFO - Setting next_dagrun for example_complex to None, run_after=None
[2024-11-03T05:36:07.610+0000] {processor.py:208} INFO - Processing /home/airflow/.local/lib/python3.12/site-packages/airflow/example_dags/example_complex.py took 0.104 seconds
[2024-11-03T05:36:38.664+0000] {processor.py:186} INFO - Started process (PID=4368) to work on /home/airflow/.local/lib/python3.12/site-packages/airflow/example_dags/example_complex.py
[2024-11-03T05:36:38.665+0000] {processor.py:914} INFO - Processing file /home/airflow/.local/lib/python3.12/site-packages/airflow/example_dags/example_complex.py for tasks to queue
[2024-11-03T05:36:38.667+0000] {logging_mixin.py:190} INFO - [2024-11-03T05:36:38.667+0000] {dagbag.py:588} INFO - Filling up the DagBag from /home/airflow/.local/lib/python3.12/site-packages/airflow/example_dags/example_complex.py
[2024-11-03T05:36:38.680+0000] {processor.py:925} INFO - DAG(s) 'example_complex' retrieved from /home/airflow/.local/lib/python3.12/site-packages/airflow/example_dags/example_complex.py
[2024-11-03T05:36:38.722+0000] {logging_mixin.py:190} INFO - [2024-11-03T05:36:38.722+0000] {dag.py:3239} INFO - Sync 1 DAGs
[2024-11-03T05:36:38.738+0000] {logging_mixin.py:190} INFO - [2024-11-03T05:36:38.738+0000] {dag.py:4180} INFO - Setting next_dagrun for example_complex to None, run_after=None
[2024-11-03T05:36:38.786+0000] {processor.py:208} INFO - Processing /home/airflow/.local/lib/python3.12/site-packages/airflow/example_dags/example_complex.py took 0.129 seconds
[2024-11-03T05:37:08.911+0000] {processor.py:186} INFO - Started process (PID=4659) to work on /home/airflow/.local/lib/python3.12/site-packages/airflow/example_dags/example_complex.py
[2024-11-03T05:37:08.912+0000] {processor.py:914} INFO - Processing file /home/airflow/.local/lib/python3.12/site-packages/airflow/example_dags/example_complex.py for tasks to queue
[2024-11-03T05:37:08.915+0000] {logging_mixin.py:190} INFO - [2024-11-03T05:37:08.914+0000] {dagbag.py:588} INFO - Filling up the DagBag from /home/airflow/.local/lib/python3.12/site-packages/airflow/example_dags/example_complex.py
[2024-11-03T05:37:08.927+0000] {processor.py:925} INFO - DAG(s) 'example_complex' retrieved from /home/airflow/.local/lib/python3.12/site-packages/airflow/example_dags/example_complex.py
[2024-11-03T05:37:08.963+0000] {logging_mixin.py:190} INFO - [2024-11-03T05:37:08.963+0000] {dag.py:3239} INFO - Sync 1 DAGs
[2024-11-03T05:37:08.978+0000] {logging_mixin.py:190} INFO - [2024-11-03T05:37:08.978+0000] {dag.py:4180} INFO - Setting next_dagrun for example_complex to None, run_after=None
[2024-11-03T05:37:09.001+0000] {processor.py:208} INFO - Processing /home/airflow/.local/lib/python3.12/site-packages/airflow/example_dags/example_complex.py took 0.096 seconds
[2024-11-03T05:37:39.408+0000] {processor.py:186} INFO - Started process (PID=4948) to work on /home/airflow/.local/lib/python3.12/site-packages/airflow/example_dags/example_complex.py
[2024-11-03T05:37:39.410+0000] {processor.py:914} INFO - Processing file /home/airflow/.local/lib/python3.12/site-packages/airflow/example_dags/example_complex.py for tasks to queue
[2024-11-03T05:37:39.415+0000] {logging_mixin.py:190} INFO - [2024-11-03T05:37:39.415+0000] {dagbag.py:588} INFO - Filling up the DagBag from /home/airflow/.local/lib/python3.12/site-packages/airflow/example_dags/example_complex.py
[2024-11-03T05:37:39.436+0000] {processor.py:925} INFO - DAG(s) 'example_complex' retrieved from /home/airflow/.local/lib/python3.12/site-packages/airflow/example_dags/example_complex.py
[2024-11-03T05:37:39.564+0000] {logging_mixin.py:190} INFO - [2024-11-03T05:37:39.563+0000] {dag.py:3239} INFO - Sync 1 DAGs
[2024-11-03T05:37:39.612+0000] {logging_mixin.py:190} INFO - [2024-11-03T05:37:39.612+0000] {dag.py:4180} INFO - Setting next_dagrun for example_complex to None, run_after=None
[2024-11-03T05:37:39.688+0000] {processor.py:208} INFO - Processing /home/airflow/.local/lib/python3.12/site-packages/airflow/example_dags/example_complex.py took 0.290 seconds
[2024-11-03T05:38:10.613+0000] {processor.py:186} INFO - Started process (PID=5241) to work on /home/airflow/.local/lib/python3.12/site-packages/airflow/example_dags/example_complex.py
[2024-11-03T05:38:10.614+0000] {processor.py:914} INFO - Processing file /home/airflow/.local/lib/python3.12/site-packages/airflow/example_dags/example_complex.py for tasks to queue
[2024-11-03T05:38:10.616+0000] {logging_mixin.py:190} INFO - [2024-11-03T05:38:10.616+0000] {dagbag.py:588} INFO - Filling up the DagBag from /home/airflow/.local/lib/python3.12/site-packages/airflow/example_dags/example_complex.py
[2024-11-03T05:38:10.632+0000] {processor.py:925} INFO - DAG(s) 'example_complex' retrieved from /home/airflow/.local/lib/python3.12/site-packages/airflow/example_dags/example_complex.py
[2024-11-03T05:38:10.668+0000] {logging_mixin.py:190} INFO - [2024-11-03T05:38:10.668+0000] {dag.py:3239} INFO - Sync 1 DAGs
[2024-11-03T05:38:10.684+0000] {logging_mixin.py:190} INFO - [2024-11-03T05:38:10.684+0000] {dag.py:4180} INFO - Setting next_dagrun for example_complex to None, run_after=None
[2024-11-03T05:38:10.707+0000] {processor.py:208} INFO - Processing /home/airflow/.local/lib/python3.12/site-packages/airflow/example_dags/example_complex.py took 0.100 seconds
[2024-11-03T05:38:41.551+0000] {processor.py:186} INFO - Started process (PID=5532) to work on /home/airflow/.local/lib/python3.12/site-packages/airflow/example_dags/example_complex.py
[2024-11-03T05:38:41.553+0000] {processor.py:914} INFO - Processing file /home/airflow/.local/lib/python3.12/site-packages/airflow/example_dags/example_complex.py for tasks to queue
[2024-11-03T05:38:41.555+0000] {logging_mixin.py:190} INFO - [2024-11-03T05:38:41.555+0000] {dagbag.py:588} INFO - Filling up the DagBag from /home/airflow/.local/lib/python3.12/site-packages/airflow/example_dags/example_complex.py
[2024-11-03T05:38:41.568+0000] {processor.py:925} INFO - DAG(s) 'example_complex' retrieved from /home/airflow/.local/lib/python3.12/site-packages/airflow/example_dags/example_complex.py
[2024-11-03T05:38:41.605+0000] {logging_mixin.py:190} INFO - [2024-11-03T05:38:41.604+0000] {dag.py:3239} INFO - Sync 1 DAGs
[2024-11-03T05:38:41.621+0000] {logging_mixin.py:190} INFO - [2024-11-03T05:38:41.621+0000] {dag.py:4180} INFO - Setting next_dagrun for example_complex to None, run_after=None
[2024-11-03T05:38:41.643+0000] {processor.py:208} INFO - Processing /home/airflow/.local/lib/python3.12/site-packages/airflow/example_dags/example_complex.py took 0.098 seconds
[2024-11-03T05:39:11.885+0000] {processor.py:186} INFO - Started process (PID=5823) to work on /home/airflow/.local/lib/python3.12/site-packages/airflow/example_dags/example_complex.py
[2024-11-03T05:39:11.886+0000] {processor.py:914} INFO - Processing file /home/airflow/.local/lib/python3.12/site-packages/airflow/example_dags/example_complex.py for tasks to queue
[2024-11-03T05:39:11.888+0000] {logging_mixin.py:190} INFO - [2024-11-03T05:39:11.888+0000] {dagbag.py:588} INFO - Filling up the DagBag from /home/airflow/.local/lib/python3.12/site-packages/airflow/example_dags/example_complex.py
[2024-11-03T05:39:11.900+0000] {processor.py:925} INFO - DAG(s) 'example_complex' retrieved from /home/airflow/.local/lib/python3.12/site-packages/airflow/example_dags/example_complex.py
[2024-11-03T05:39:11.936+0000] {logging_mixin.py:190} INFO - [2024-11-03T05:39:11.935+0000] {dag.py:3239} INFO - Sync 1 DAGs
[2024-11-03T05:39:11.950+0000] {logging_mixin.py:190} INFO - [2024-11-03T05:39:11.950+0000] {dag.py:4180} INFO - Setting next_dagrun for example_complex to None, run_after=None
[2024-11-03T05:39:11.973+0000] {processor.py:208} INFO - Processing /home/airflow/.local/lib/python3.12/site-packages/airflow/example_dags/example_complex.py took 0.095 seconds
[2024-11-03T05:39:42.426+0000] {processor.py:186} INFO - Started process (PID=6114) to work on /home/airflow/.local/lib/python3.12/site-packages/airflow/example_dags/example_complex.py
[2024-11-03T05:39:42.428+0000] {processor.py:914} INFO - Processing file /home/airflow/.local/lib/python3.12/site-packages/airflow/example_dags/example_complex.py for tasks to queue
[2024-11-03T05:39:42.430+0000] {logging_mixin.py:190} INFO - [2024-11-03T05:39:42.430+0000] {dagbag.py:588} INFO - Filling up the DagBag from /home/airflow/.local/lib/python3.12/site-packages/airflow/example_dags/example_complex.py
[2024-11-03T05:39:42.443+0000] {processor.py:925} INFO - DAG(s) 'example_complex' retrieved from /home/airflow/.local/lib/python3.12/site-packages/airflow/example_dags/example_complex.py
[2024-11-03T05:39:42.478+0000] {logging_mixin.py:190} INFO - [2024-11-03T05:39:42.477+0000] {dag.py:3239} INFO - Sync 1 DAGs
[2024-11-03T05:39:42.492+0000] {logging_mixin.py:190} INFO - [2024-11-03T05:39:42.492+0000] {dag.py:4180} INFO - Setting next_dagrun for example_complex to None, run_after=None
[2024-11-03T05:39:42.513+0000] {processor.py:208} INFO - Processing /home/airflow/.local/lib/python3.12/site-packages/airflow/example_dags/example_complex.py took 0.093 seconds
[2024-11-03T05:40:12.872+0000] {processor.py:186} INFO - Started process (PID=6405) to work on /home/airflow/.local/lib/python3.12/site-packages/airflow/example_dags/example_complex.py
[2024-11-03T05:40:12.873+0000] {processor.py:914} INFO - Processing file /home/airflow/.local/lib/python3.12/site-packages/airflow/example_dags/example_complex.py for tasks to queue
[2024-11-03T05:40:12.876+0000] {logging_mixin.py:190} INFO - [2024-11-03T05:40:12.875+0000] {dagbag.py:588} INFO - Filling up the DagBag from /home/airflow/.local/lib/python3.12/site-packages/airflow/example_dags/example_complex.py
[2024-11-03T05:40:12.889+0000] {processor.py:925} INFO - DAG(s) 'example_complex' retrieved from /home/airflow/.local/lib/python3.12/site-packages/airflow/example_dags/example_complex.py
[2024-11-03T05:40:12.925+0000] {logging_mixin.py:190} INFO - [2024-11-03T05:40:12.925+0000] {dag.py:3239} INFO - Sync 1 DAGs
[2024-11-03T05:40:12.940+0000] {logging_mixin.py:190} INFO - [2024-11-03T05:40:12.940+0000] {dag.py:4180} INFO - Setting next_dagrun for example_complex to None, run_after=None
[2024-11-03T05:40:12.963+0000] {processor.py:208} INFO - Processing /home/airflow/.local/lib/python3.12/site-packages/airflow/example_dags/example_complex.py took 0.097 seconds
[2024-11-03T05:40:43.154+0000] {processor.py:186} INFO - Started process (PID=6696) to work on /home/airflow/.local/lib/python3.12/site-packages/airflow/example_dags/example_complex.py
[2024-11-03T05:40:43.155+0000] {processor.py:914} INFO - Processing file /home/airflow/.local/lib/python3.12/site-packages/airflow/example_dags/example_complex.py for tasks to queue
[2024-11-03T05:40:43.157+0000] {logging_mixin.py:190} INFO - [2024-11-03T05:40:43.157+0000] {dagbag.py:588} INFO - Filling up the DagBag from /home/airflow/.local/lib/python3.12/site-packages/airflow/example_dags/example_complex.py
[2024-11-03T05:40:43.176+0000] {processor.py:925} INFO - DAG(s) 'example_complex' retrieved from /home/airflow/.local/lib/python3.12/site-packages/airflow/example_dags/example_complex.py
[2024-11-03T05:40:43.226+0000] {logging_mixin.py:190} INFO - [2024-11-03T05:40:43.225+0000] {dag.py:3239} INFO - Sync 1 DAGs
[2024-11-03T05:40:43.245+0000] {logging_mixin.py:190} INFO - [2024-11-03T05:40:43.245+0000] {dag.py:4180} INFO - Setting next_dagrun for example_complex to None, run_after=None
[2024-11-03T05:40:43.280+0000] {processor.py:208} INFO - Processing /home/airflow/.local/lib/python3.12/site-packages/airflow/example_dags/example_complex.py took 0.134 seconds
[2024-11-03T05:41:13.874+0000] {processor.py:186} INFO - Started process (PID=6985) to work on /home/airflow/.local/lib/python3.12/site-packages/airflow/example_dags/example_complex.py
[2024-11-03T05:41:13.875+0000] {processor.py:914} INFO - Processing file /home/airflow/.local/lib/python3.12/site-packages/airflow/example_dags/example_complex.py for tasks to queue
[2024-11-03T05:41:13.879+0000] {logging_mixin.py:190} INFO - [2024-11-03T05:41:13.878+0000] {dagbag.py:588} INFO - Filling up the DagBag from /home/airflow/.local/lib/python3.12/site-packages/airflow/example_dags/example_complex.py
[2024-11-03T05:41:13.893+0000] {processor.py:925} INFO - DAG(s) 'example_complex' retrieved from /home/airflow/.local/lib/python3.12/site-packages/airflow/example_dags/example_complex.py
[2024-11-03T05:41:13.930+0000] {logging_mixin.py:190} INFO - [2024-11-03T05:41:13.930+0000] {dag.py:3239} INFO - Sync 1 DAGs
[2024-11-03T05:41:13.949+0000] {logging_mixin.py:190} INFO - [2024-11-03T05:41:13.949+0000] {dag.py:4180} INFO - Setting next_dagrun for example_complex to None, run_after=None
[2024-11-03T05:41:13.982+0000] {processor.py:208} INFO - Processing /home/airflow/.local/lib/python3.12/site-packages/airflow/example_dags/example_complex.py took 0.116 seconds
[2024-11-03T05:41:44.566+0000] {processor.py:186} INFO - Started process (PID=7278) to work on /home/airflow/.local/lib/python3.12/site-packages/airflow/example_dags/example_complex.py
[2024-11-03T05:41:44.568+0000] {processor.py:914} INFO - Processing file /home/airflow/.local/lib/python3.12/site-packages/airflow/example_dags/example_complex.py for tasks to queue
[2024-11-03T05:41:44.570+0000] {logging_mixin.py:190} INFO - [2024-11-03T05:41:44.570+0000] {dagbag.py:588} INFO - Filling up the DagBag from /home/airflow/.local/lib/python3.12/site-packages/airflow/example_dags/example_complex.py
[2024-11-03T05:41:44.583+0000] {processor.py:925} INFO - DAG(s) 'example_complex' retrieved from /home/airflow/.local/lib/python3.12/site-packages/airflow/example_dags/example_complex.py
[2024-11-03T05:41:44.621+0000] {logging_mixin.py:190} INFO - [2024-11-03T05:41:44.621+0000] {dag.py:3239} INFO - Sync 1 DAGs
[2024-11-03T05:41:44.637+0000] {logging_mixin.py:190} INFO - [2024-11-03T05:41:44.637+0000] {dag.py:4180} INFO - Setting next_dagrun for example_complex to None, run_after=None
[2024-11-03T05:41:44.669+0000] {processor.py:208} INFO - Processing /home/airflow/.local/lib/python3.12/site-packages/airflow/example_dags/example_complex.py took 0.112 seconds
[2024-11-03T05:42:14.940+0000] {processor.py:186} INFO - Started process (PID=7572) to work on /home/airflow/.local/lib/python3.12/site-packages/airflow/example_dags/example_complex.py
[2024-11-03T05:42:14.941+0000] {processor.py:914} INFO - Processing file /home/airflow/.local/lib/python3.12/site-packages/airflow/example_dags/example_complex.py for tasks to queue
[2024-11-03T05:42:14.943+0000] {logging_mixin.py:190} INFO - [2024-11-03T05:42:14.943+0000] {dagbag.py:588} INFO - Filling up the DagBag from /home/airflow/.local/lib/python3.12/site-packages/airflow/example_dags/example_complex.py
[2024-11-03T05:42:14.956+0000] {processor.py:925} INFO - DAG(s) 'example_complex' retrieved from /home/airflow/.local/lib/python3.12/site-packages/airflow/example_dags/example_complex.py
[2024-11-03T05:42:14.997+0000] {logging_mixin.py:190} INFO - [2024-11-03T05:42:14.996+0000] {dag.py:3239} INFO - Sync 1 DAGs
[2024-11-03T05:42:15.012+0000] {logging_mixin.py:190} INFO - [2024-11-03T05:42:15.012+0000] {dag.py:4180} INFO - Setting next_dagrun for example_complex to None, run_after=None
[2024-11-03T05:42:15.035+0000] {processor.py:208} INFO - Processing /home/airflow/.local/lib/python3.12/site-packages/airflow/example_dags/example_complex.py took 0.102 seconds
[2024-11-03T05:42:45.605+0000] {processor.py:186} INFO - Started process (PID=7861) to work on /home/airflow/.local/lib/python3.12/site-packages/airflow/example_dags/example_complex.py
[2024-11-03T05:42:45.606+0000] {processor.py:914} INFO - Processing file /home/airflow/.local/lib/python3.12/site-packages/airflow/example_dags/example_complex.py for tasks to queue
[2024-11-03T05:42:45.609+0000] {logging_mixin.py:190} INFO - [2024-11-03T05:42:45.608+0000] {dagbag.py:588} INFO - Filling up the DagBag from /home/airflow/.local/lib/python3.12/site-packages/airflow/example_dags/example_complex.py
[2024-11-03T05:42:45.622+0000] {processor.py:925} INFO - DAG(s) 'example_complex' retrieved from /home/airflow/.local/lib/python3.12/site-packages/airflow/example_dags/example_complex.py
[2024-11-03T05:42:45.675+0000] {logging_mixin.py:190} INFO - [2024-11-03T05:42:45.675+0000] {dag.py:3239} INFO - Sync 1 DAGs
[2024-11-03T05:42:45.691+0000] {logging_mixin.py:190} INFO - [2024-11-03T05:42:45.690+0000] {dag.py:4180} INFO - Setting next_dagrun for example_complex to None, run_after=None
[2024-11-03T05:42:45.711+0000] {processor.py:208} INFO - Processing /home/airflow/.local/lib/python3.12/site-packages/airflow/example_dags/example_complex.py took 0.113 seconds
[2024-11-03T05:43:16.473+0000] {processor.py:186} INFO - Started process (PID=8152) to work on /home/airflow/.local/lib/python3.12/site-packages/airflow/example_dags/example_complex.py
[2024-11-03T05:43:16.474+0000] {processor.py:914} INFO - Processing file /home/airflow/.local/lib/python3.12/site-packages/airflow/example_dags/example_complex.py for tasks to queue
[2024-11-03T05:43:16.477+0000] {logging_mixin.py:190} INFO - [2024-11-03T05:43:16.476+0000] {dagbag.py:588} INFO - Filling up the DagBag from /home/airflow/.local/lib/python3.12/site-packages/airflow/example_dags/example_complex.py
[2024-11-03T05:43:16.490+0000] {processor.py:925} INFO - DAG(s) 'example_complex' retrieved from /home/airflow/.local/lib/python3.12/site-packages/airflow/example_dags/example_complex.py
[2024-11-03T05:43:16.529+0000] {logging_mixin.py:190} INFO - [2024-11-03T05:43:16.528+0000] {dag.py:3239} INFO - Sync 1 DAGs
[2024-11-03T05:43:16.551+0000] {logging_mixin.py:190} INFO - [2024-11-03T05:43:16.551+0000] {dag.py:4180} INFO - Setting next_dagrun for example_complex to None, run_after=None
[2024-11-03T05:43:16.575+0000] {processor.py:208} INFO - Processing /home/airflow/.local/lib/python3.12/site-packages/airflow/example_dags/example_complex.py took 0.109 seconds
[2024-11-03T05:43:46.798+0000] {processor.py:186} INFO - Started process (PID=8441) to work on /home/airflow/.local/lib/python3.12/site-packages/airflow/example_dags/example_complex.py
[2024-11-03T05:43:46.799+0000] {processor.py:914} INFO - Processing file /home/airflow/.local/lib/python3.12/site-packages/airflow/example_dags/example_complex.py for tasks to queue
[2024-11-03T05:43:46.802+0000] {logging_mixin.py:190} INFO - [2024-11-03T05:43:46.801+0000] {dagbag.py:588} INFO - Filling up the DagBag from /home/airflow/.local/lib/python3.12/site-packages/airflow/example_dags/example_complex.py
[2024-11-03T05:43:46.816+0000] {processor.py:925} INFO - DAG(s) 'example_complex' retrieved from /home/airflow/.local/lib/python3.12/site-packages/airflow/example_dags/example_complex.py
[2024-11-03T05:43:46.852+0000] {logging_mixin.py:190} INFO - [2024-11-03T05:43:46.851+0000] {dag.py:3239} INFO - Sync 1 DAGs
[2024-11-03T05:43:46.867+0000] {logging_mixin.py:190} INFO - [2024-11-03T05:43:46.866+0000] {dag.py:4180} INFO - Setting next_dagrun for example_complex to None, run_after=None
[2024-11-03T05:43:46.891+0000] {processor.py:208} INFO - Processing /home/airflow/.local/lib/python3.12/site-packages/airflow/example_dags/example_complex.py took 0.099 seconds
[2024-11-03T05:44:17.178+0000] {processor.py:186} INFO - Started process (PID=8734) to work on /home/airflow/.local/lib/python3.12/site-packages/airflow/example_dags/example_complex.py
[2024-11-03T05:44:17.179+0000] {processor.py:914} INFO - Processing file /home/airflow/.local/lib/python3.12/site-packages/airflow/example_dags/example_complex.py for tasks to queue
[2024-11-03T05:44:17.182+0000] {logging_mixin.py:190} INFO - [2024-11-03T05:44:17.181+0000] {dagbag.py:588} INFO - Filling up the DagBag from /home/airflow/.local/lib/python3.12/site-packages/airflow/example_dags/example_complex.py
[2024-11-03T05:44:17.194+0000] {processor.py:925} INFO - DAG(s) 'example_complex' retrieved from /home/airflow/.local/lib/python3.12/site-packages/airflow/example_dags/example_complex.py
[2024-11-03T05:44:17.230+0000] {logging_mixin.py:190} INFO - [2024-11-03T05:44:17.230+0000] {dag.py:3239} INFO - Sync 1 DAGs
[2024-11-03T05:44:17.244+0000] {logging_mixin.py:190} INFO - [2024-11-03T05:44:17.244+0000] {dag.py:4180} INFO - Setting next_dagrun for example_complex to None, run_after=None
[2024-11-03T05:44:17.267+0000] {processor.py:208} INFO - Processing /home/airflow/.local/lib/python3.12/site-packages/airflow/example_dags/example_complex.py took 0.095 seconds
[2024-11-03T05:44:47.481+0000] {processor.py:186} INFO - Started process (PID=9025) to work on /home/airflow/.local/lib/python3.12/site-packages/airflow/example_dags/example_complex.py
[2024-11-03T05:44:47.482+0000] {processor.py:914} INFO - Processing file /home/airflow/.local/lib/python3.12/site-packages/airflow/example_dags/example_complex.py for tasks to queue
[2024-11-03T05:44:47.484+0000] {logging_mixin.py:190} INFO - [2024-11-03T05:44:47.484+0000] {dagbag.py:588} INFO - Filling up the DagBag from /home/airflow/.local/lib/python3.12/site-packages/airflow/example_dags/example_complex.py
[2024-11-03T05:44:47.497+0000] {processor.py:925} INFO - DAG(s) 'example_complex' retrieved from /home/airflow/.local/lib/python3.12/site-packages/airflow/example_dags/example_complex.py
[2024-11-03T05:44:47.537+0000] {logging_mixin.py:190} INFO - [2024-11-03T05:44:47.537+0000] {dag.py:3239} INFO - Sync 1 DAGs
[2024-11-03T05:44:47.552+0000] {logging_mixin.py:190} INFO - [2024-11-03T05:44:47.552+0000] {dag.py:4180} INFO - Setting next_dagrun for example_complex to None, run_after=None
[2024-11-03T05:44:47.576+0000] {processor.py:208} INFO - Processing /home/airflow/.local/lib/python3.12/site-packages/airflow/example_dags/example_complex.py took 0.101 seconds
[2024-11-03T05:45:17.738+0000] {processor.py:186} INFO - Started process (PID=9319) to work on /home/airflow/.local/lib/python3.12/site-packages/airflow/example_dags/example_complex.py
[2024-11-03T05:45:17.739+0000] {processor.py:914} INFO - Processing file /home/airflow/.local/lib/python3.12/site-packages/airflow/example_dags/example_complex.py for tasks to queue
[2024-11-03T05:45:17.742+0000] {logging_mixin.py:190} INFO - [2024-11-03T05:45:17.742+0000] {dagbag.py:588} INFO - Filling up the DagBag from /home/airflow/.local/lib/python3.12/site-packages/airflow/example_dags/example_complex.py
[2024-11-03T05:45:17.755+0000] {processor.py:925} INFO - DAG(s) 'example_complex' retrieved from /home/airflow/.local/lib/python3.12/site-packages/airflow/example_dags/example_complex.py
[2024-11-03T05:45:17.792+0000] {logging_mixin.py:190} INFO - [2024-11-03T05:45:17.791+0000] {dag.py:3239} INFO - Sync 1 DAGs
[2024-11-03T05:45:17.808+0000] {logging_mixin.py:190} INFO - [2024-11-03T05:45:17.807+0000] {dag.py:4180} INFO - Setting next_dagrun for example_complex to None, run_after=None
[2024-11-03T05:45:17.829+0000] {processor.py:208} INFO - Processing /home/airflow/.local/lib/python3.12/site-packages/airflow/example_dags/example_complex.py took 0.097 seconds
[2024-11-03T05:45:48.057+0000] {processor.py:186} INFO - Started process (PID=9607) to work on /home/airflow/.local/lib/python3.12/site-packages/airflow/example_dags/example_complex.py
[2024-11-03T05:45:48.058+0000] {processor.py:914} INFO - Processing file /home/airflow/.local/lib/python3.12/site-packages/airflow/example_dags/example_complex.py for tasks to queue
[2024-11-03T05:45:48.061+0000] {logging_mixin.py:190} INFO - [2024-11-03T05:45:48.060+0000] {dagbag.py:588} INFO - Filling up the DagBag from /home/airflow/.local/lib/python3.12/site-packages/airflow/example_dags/example_complex.py
[2024-11-03T05:45:48.073+0000] {processor.py:925} INFO - DAG(s) 'example_complex' retrieved from /home/airflow/.local/lib/python3.12/site-packages/airflow/example_dags/example_complex.py
[2024-11-03T05:45:48.109+0000] {logging_mixin.py:190} INFO - [2024-11-03T05:45:48.109+0000] {dag.py:3239} INFO - Sync 1 DAGs
[2024-11-03T05:45:48.123+0000] {logging_mixin.py:190} INFO - [2024-11-03T05:45:48.123+0000] {dag.py:4180} INFO - Setting next_dagrun for example_complex to None, run_after=None
[2024-11-03T05:45:48.146+0000] {processor.py:208} INFO - Processing /home/airflow/.local/lib/python3.12/site-packages/airflow/example_dags/example_complex.py took 0.095 seconds
[2024-11-03T05:46:19.096+0000] {processor.py:186} INFO - Started process (PID=9898) to work on /home/airflow/.local/lib/python3.12/site-packages/airflow/example_dags/example_complex.py
[2024-11-03T05:46:19.098+0000] {processor.py:914} INFO - Processing file /home/airflow/.local/lib/python3.12/site-packages/airflow/example_dags/example_complex.py for tasks to queue
[2024-11-03T05:46:19.102+0000] {logging_mixin.py:190} INFO - [2024-11-03T05:46:19.101+0000] {dagbag.py:588} INFO - Filling up the DagBag from /home/airflow/.local/lib/python3.12/site-packages/airflow/example_dags/example_complex.py
[2024-11-03T05:46:19.125+0000] {processor.py:925} INFO - DAG(s) 'example_complex' retrieved from /home/airflow/.local/lib/python3.12/site-packages/airflow/example_dags/example_complex.py
[2024-11-03T05:46:19.171+0000] {logging_mixin.py:190} INFO - [2024-11-03T05:46:19.170+0000] {dag.py:3239} INFO - Sync 1 DAGs
[2024-11-03T05:46:19.189+0000] {logging_mixin.py:190} INFO - [2024-11-03T05:46:19.188+0000] {dag.py:4180} INFO - Setting next_dagrun for example_complex to None, run_after=None
[2024-11-03T05:46:19.211+0000] {processor.py:208} INFO - Processing /home/airflow/.local/lib/python3.12/site-packages/airflow/example_dags/example_complex.py took 0.122 seconds
[2024-11-03T05:46:49.424+0000] {processor.py:186} INFO - Started process (PID=10195) to work on /home/airflow/.local/lib/python3.12/site-packages/airflow/example_dags/example_complex.py
[2024-11-03T05:46:49.425+0000] {processor.py:914} INFO - Processing file /home/airflow/.local/lib/python3.12/site-packages/airflow/example_dags/example_complex.py for tasks to queue
[2024-11-03T05:46:49.428+0000] {logging_mixin.py:190} INFO - [2024-11-03T05:46:49.427+0000] {dagbag.py:588} INFO - Filling up the DagBag from /home/airflow/.local/lib/python3.12/site-packages/airflow/example_dags/example_complex.py
[2024-11-03T05:46:49.440+0000] {processor.py:925} INFO - DAG(s) 'example_complex' retrieved from /home/airflow/.local/lib/python3.12/site-packages/airflow/example_dags/example_complex.py
[2024-11-03T05:46:49.493+0000] {logging_mixin.py:190} INFO - [2024-11-03T05:46:49.492+0000] {dag.py:3239} INFO - Sync 1 DAGs
[2024-11-03T05:46:49.509+0000] {logging_mixin.py:190} INFO - [2024-11-03T05:46:49.509+0000] {dag.py:4180} INFO - Setting next_dagrun for example_complex to None, run_after=None
[2024-11-03T05:46:49.530+0000] {processor.py:208} INFO - Processing /home/airflow/.local/lib/python3.12/site-packages/airflow/example_dags/example_complex.py took 0.111 seconds
[2024-11-03T05:47:19.692+0000] {processor.py:186} INFO - Started process (PID=10486) to work on /home/airflow/.local/lib/python3.12/site-packages/airflow/example_dags/example_complex.py
[2024-11-03T05:47:19.693+0000] {processor.py:914} INFO - Processing file /home/airflow/.local/lib/python3.12/site-packages/airflow/example_dags/example_complex.py for tasks to queue
[2024-11-03T05:47:19.695+0000] {logging_mixin.py:190} INFO - [2024-11-03T05:47:19.695+0000] {dagbag.py:588} INFO - Filling up the DagBag from /home/airflow/.local/lib/python3.12/site-packages/airflow/example_dags/example_complex.py
[2024-11-03T05:47:19.707+0000] {processor.py:925} INFO - DAG(s) 'example_complex' retrieved from /home/airflow/.local/lib/python3.12/site-packages/airflow/example_dags/example_complex.py
[2024-11-03T05:47:19.744+0000] {logging_mixin.py:190} INFO - [2024-11-03T05:47:19.743+0000] {dag.py:3239} INFO - Sync 1 DAGs
[2024-11-03T05:47:19.759+0000] {logging_mixin.py:190} INFO - [2024-11-03T05:47:19.758+0000] {dag.py:4180} INFO - Setting next_dagrun for example_complex to None, run_after=None
[2024-11-03T05:47:19.782+0000] {processor.py:208} INFO - Processing /home/airflow/.local/lib/python3.12/site-packages/airflow/example_dags/example_complex.py took 0.096 seconds
[2024-11-03T05:47:50.162+0000] {processor.py:186} INFO - Started process (PID=10777) to work on /home/airflow/.local/lib/python3.12/site-packages/airflow/example_dags/example_complex.py
[2024-11-03T05:47:50.163+0000] {processor.py:914} INFO - Processing file /home/airflow/.local/lib/python3.12/site-packages/airflow/example_dags/example_complex.py for tasks to queue
[2024-11-03T05:47:50.165+0000] {logging_mixin.py:190} INFO - [2024-11-03T05:47:50.165+0000] {dagbag.py:588} INFO - Filling up the DagBag from /home/airflow/.local/lib/python3.12/site-packages/airflow/example_dags/example_complex.py
[2024-11-03T05:47:50.180+0000] {processor.py:925} INFO - DAG(s) 'example_complex' retrieved from /home/airflow/.local/lib/python3.12/site-packages/airflow/example_dags/example_complex.py
[2024-11-03T05:47:50.215+0000] {logging_mixin.py:190} INFO - [2024-11-03T05:47:50.214+0000] {dag.py:3239} INFO - Sync 1 DAGs
[2024-11-03T05:47:50.230+0000] {logging_mixin.py:190} INFO - [2024-11-03T05:47:50.229+0000] {dag.py:4180} INFO - Setting next_dagrun for example_complex to None, run_after=None
[2024-11-03T05:47:50.253+0000] {processor.py:208} INFO - Processing /home/airflow/.local/lib/python3.12/site-packages/airflow/example_dags/example_complex.py took 0.098 seconds
[2024-11-03T05:48:20.627+0000] {processor.py:186} INFO - Started process (PID=11066) to work on /home/airflow/.local/lib/python3.12/site-packages/airflow/example_dags/example_complex.py
[2024-11-03T05:48:20.628+0000] {processor.py:914} INFO - Processing file /home/airflow/.local/lib/python3.12/site-packages/airflow/example_dags/example_complex.py for tasks to queue
[2024-11-03T05:48:20.631+0000] {logging_mixin.py:190} INFO - [2024-11-03T05:48:20.630+0000] {dagbag.py:588} INFO - Filling up the DagBag from /home/airflow/.local/lib/python3.12/site-packages/airflow/example_dags/example_complex.py
[2024-11-03T05:48:20.644+0000] {processor.py:925} INFO - DAG(s) 'example_complex' retrieved from /home/airflow/.local/lib/python3.12/site-packages/airflow/example_dags/example_complex.py
[2024-11-03T05:48:20.681+0000] {logging_mixin.py:190} INFO - [2024-11-03T05:48:20.681+0000] {dag.py:3239} INFO - Sync 1 DAGs
[2024-11-03T05:48:20.696+0000] {logging_mixin.py:190} INFO - [2024-11-03T05:48:20.696+0000] {dag.py:4180} INFO - Setting next_dagrun for example_complex to None, run_after=None
[2024-11-03T05:48:20.719+0000] {processor.py:208} INFO - Processing /home/airflow/.local/lib/python3.12/site-packages/airflow/example_dags/example_complex.py took 0.099 seconds
[2024-11-03T05:48:51.117+0000] {processor.py:186} INFO - Started process (PID=11357) to work on /home/airflow/.local/lib/python3.12/site-packages/airflow/example_dags/example_complex.py
[2024-11-03T05:48:51.118+0000] {processor.py:914} INFO - Processing file /home/airflow/.local/lib/python3.12/site-packages/airflow/example_dags/example_complex.py for tasks to queue
[2024-11-03T05:48:51.121+0000] {logging_mixin.py:190} INFO - [2024-11-03T05:48:51.120+0000] {dagbag.py:588} INFO - Filling up the DagBag from /home/airflow/.local/lib/python3.12/site-packages/airflow/example_dags/example_complex.py
[2024-11-03T05:48:51.137+0000] {processor.py:925} INFO - DAG(s) 'example_complex' retrieved from /home/airflow/.local/lib/python3.12/site-packages/airflow/example_dags/example_complex.py
[2024-11-03T05:48:51.177+0000] {logging_mixin.py:190} INFO - [2024-11-03T05:48:51.177+0000] {dag.py:3239} INFO - Sync 1 DAGs
[2024-11-03T05:48:51.193+0000] {logging_mixin.py:190} INFO - [2024-11-03T05:48:51.193+0000] {dag.py:4180} INFO - Setting next_dagrun for example_complex to None, run_after=None
[2024-11-03T05:48:51.222+0000] {processor.py:208} INFO - Processing /home/airflow/.local/lib/python3.12/site-packages/airflow/example_dags/example_complex.py took 0.112 seconds
[2024-11-03T05:49:22.095+0000] {processor.py:186} INFO - Started process (PID=11648) to work on /home/airflow/.local/lib/python3.12/site-packages/airflow/example_dags/example_complex.py
[2024-11-03T05:49:22.095+0000] {processor.py:914} INFO - Processing file /home/airflow/.local/lib/python3.12/site-packages/airflow/example_dags/example_complex.py for tasks to queue
[2024-11-03T05:49:22.098+0000] {logging_mixin.py:190} INFO - [2024-11-03T05:49:22.097+0000] {dagbag.py:588} INFO - Filling up the DagBag from /home/airflow/.local/lib/python3.12/site-packages/airflow/example_dags/example_complex.py
[2024-11-03T05:49:22.112+0000] {processor.py:925} INFO - DAG(s) 'example_complex' retrieved from /home/airflow/.local/lib/python3.12/site-packages/airflow/example_dags/example_complex.py
[2024-11-03T05:49:22.152+0000] {logging_mixin.py:190} INFO - [2024-11-03T05:49:22.152+0000] {dag.py:3239} INFO - Sync 1 DAGs
[2024-11-03T05:49:22.168+0000] {logging_mixin.py:190} INFO - [2024-11-03T05:49:22.168+0000] {dag.py:4180} INFO - Setting next_dagrun for example_complex to None, run_after=None
[2024-11-03T05:49:22.193+0000] {processor.py:208} INFO - Processing /home/airflow/.local/lib/python3.12/site-packages/airflow/example_dags/example_complex.py took 0.105 seconds
[2024-11-03T05:49:52.553+0000] {processor.py:186} INFO - Started process (PID=11941) to work on /home/airflow/.local/lib/python3.12/site-packages/airflow/example_dags/example_complex.py
[2024-11-03T05:49:52.554+0000] {processor.py:914} INFO - Processing file /home/airflow/.local/lib/python3.12/site-packages/airflow/example_dags/example_complex.py for tasks to queue
[2024-11-03T05:49:52.556+0000] {logging_mixin.py:190} INFO - [2024-11-03T05:49:52.556+0000] {dagbag.py:588} INFO - Filling up the DagBag from /home/airflow/.local/lib/python3.12/site-packages/airflow/example_dags/example_complex.py
[2024-11-03T05:49:52.569+0000] {processor.py:925} INFO - DAG(s) 'example_complex' retrieved from /home/airflow/.local/lib/python3.12/site-packages/airflow/example_dags/example_complex.py
[2024-11-03T05:49:52.606+0000] {logging_mixin.py:190} INFO - [2024-11-03T05:49:52.605+0000] {dag.py:3239} INFO - Sync 1 DAGs
[2024-11-03T05:49:52.621+0000] {logging_mixin.py:190} INFO - [2024-11-03T05:49:52.621+0000] {dag.py:4180} INFO - Setting next_dagrun for example_complex to None, run_after=None
[2024-11-03T05:49:52.644+0000] {processor.py:208} INFO - Processing /home/airflow/.local/lib/python3.12/site-packages/airflow/example_dags/example_complex.py took 0.097 seconds
[2024-11-03T05:50:23.110+0000] {processor.py:186} INFO - Started process (PID=12232) to work on /home/airflow/.local/lib/python3.12/site-packages/airflow/example_dags/example_complex.py
[2024-11-03T05:50:23.111+0000] {processor.py:914} INFO - Processing file /home/airflow/.local/lib/python3.12/site-packages/airflow/example_dags/example_complex.py for tasks to queue
[2024-11-03T05:50:23.114+0000] {logging_mixin.py:190} INFO - [2024-11-03T05:50:23.113+0000] {dagbag.py:588} INFO - Filling up the DagBag from /home/airflow/.local/lib/python3.12/site-packages/airflow/example_dags/example_complex.py
[2024-11-03T05:50:23.127+0000] {processor.py:925} INFO - DAG(s) 'example_complex' retrieved from /home/airflow/.local/lib/python3.12/site-packages/airflow/example_dags/example_complex.py
[2024-11-03T05:50:23.162+0000] {logging_mixin.py:190} INFO - [2024-11-03T05:50:23.162+0000] {dag.py:3239} INFO - Sync 1 DAGs
[2024-11-03T05:50:23.177+0000] {logging_mixin.py:190} INFO - [2024-11-03T05:50:23.177+0000] {dag.py:4180} INFO - Setting next_dagrun for example_complex to None, run_after=None
[2024-11-03T05:50:23.200+0000] {processor.py:208} INFO - Processing /home/airflow/.local/lib/python3.12/site-packages/airflow/example_dags/example_complex.py took 0.095 seconds
[2024-11-03T05:50:53.462+0000] {processor.py:186} INFO - Started process (PID=12521) to work on /home/airflow/.local/lib/python3.12/site-packages/airflow/example_dags/example_complex.py
[2024-11-03T05:50:53.464+0000] {processor.py:914} INFO - Processing file /home/airflow/.local/lib/python3.12/site-packages/airflow/example_dags/example_complex.py for tasks to queue
[2024-11-03T05:50:53.466+0000] {logging_mixin.py:190} INFO - [2024-11-03T05:50:53.466+0000] {dagbag.py:588} INFO - Filling up the DagBag from /home/airflow/.local/lib/python3.12/site-packages/airflow/example_dags/example_complex.py
[2024-11-03T05:50:53.479+0000] {processor.py:925} INFO - DAG(s) 'example_complex' retrieved from /home/airflow/.local/lib/python3.12/site-packages/airflow/example_dags/example_complex.py
[2024-11-03T05:50:53.516+0000] {logging_mixin.py:190} INFO - [2024-11-03T05:50:53.516+0000] {dag.py:3239} INFO - Sync 1 DAGs
[2024-11-03T05:50:53.532+0000] {logging_mixin.py:190} INFO - [2024-11-03T05:50:53.532+0000] {dag.py:4180} INFO - Setting next_dagrun for example_complex to None, run_after=None
[2024-11-03T05:50:53.558+0000] {processor.py:208} INFO - Processing /home/airflow/.local/lib/python3.12/site-packages/airflow/example_dags/example_complex.py took 0.102 seconds
[2024-11-03T05:52:51.948+0000] {processor.py:186} INFO - Started process (PID=272) to work on /home/airflow/.local/lib/python3.12/site-packages/airflow/example_dags/example_complex.py
[2024-11-03T05:52:51.949+0000] {processor.py:914} INFO - Processing file /home/airflow/.local/lib/python3.12/site-packages/airflow/example_dags/example_complex.py for tasks to queue
[2024-11-03T05:52:51.954+0000] {logging_mixin.py:190} INFO - [2024-11-03T05:52:51.953+0000] {dagbag.py:588} INFO - Filling up the DagBag from /home/airflow/.local/lib/python3.12/site-packages/airflow/example_dags/example_complex.py
[2024-11-03T05:52:51.974+0000] {processor.py:925} INFO - DAG(s) 'example_complex' retrieved from /home/airflow/.local/lib/python3.12/site-packages/airflow/example_dags/example_complex.py
[2024-11-03T05:52:52.036+0000] {logging_mixin.py:190} INFO - [2024-11-03T05:52:52.035+0000] {dag.py:3239} INFO - Sync 1 DAGs
[2024-11-03T05:52:52.062+0000] {logging_mixin.py:190} INFO - [2024-11-03T05:52:52.061+0000] {dag.py:4180} INFO - Setting next_dagrun for example_complex to None, run_after=None
[2024-11-03T05:52:52.094+0000] {processor.py:208} INFO - Processing /home/airflow/.local/lib/python3.12/site-packages/airflow/example_dags/example_complex.py took 0.153 seconds
[2024-11-03T05:53:22.790+0000] {processor.py:186} INFO - Started process (PID=565) to work on /home/airflow/.local/lib/python3.12/site-packages/airflow/example_dags/example_complex.py
[2024-11-03T05:53:22.791+0000] {processor.py:914} INFO - Processing file /home/airflow/.local/lib/python3.12/site-packages/airflow/example_dags/example_complex.py for tasks to queue
[2024-11-03T05:53:22.793+0000] {logging_mixin.py:190} INFO - [2024-11-03T05:53:22.792+0000] {dagbag.py:588} INFO - Filling up the DagBag from /home/airflow/.local/lib/python3.12/site-packages/airflow/example_dags/example_complex.py
[2024-11-03T05:53:22.805+0000] {processor.py:925} INFO - DAG(s) 'example_complex' retrieved from /home/airflow/.local/lib/python3.12/site-packages/airflow/example_dags/example_complex.py
[2024-11-03T05:53:22.841+0000] {logging_mixin.py:190} INFO - [2024-11-03T05:53:22.841+0000] {dag.py:3239} INFO - Sync 1 DAGs
[2024-11-03T05:53:22.857+0000] {logging_mixin.py:190} INFO - [2024-11-03T05:53:22.857+0000] {dag.py:4180} INFO - Setting next_dagrun for example_complex to None, run_after=None
[2024-11-03T05:53:22.880+0000] {processor.py:208} INFO - Processing /home/airflow/.local/lib/python3.12/site-packages/airflow/example_dags/example_complex.py took 0.096 seconds
[2024-11-03T05:53:53.362+0000] {processor.py:186} INFO - Started process (PID=856) to work on /home/airflow/.local/lib/python3.12/site-packages/airflow/example_dags/example_complex.py
[2024-11-03T05:53:53.363+0000] {processor.py:914} INFO - Processing file /home/airflow/.local/lib/python3.12/site-packages/airflow/example_dags/example_complex.py for tasks to queue
[2024-11-03T05:53:53.365+0000] {logging_mixin.py:190} INFO - [2024-11-03T05:53:53.365+0000] {dagbag.py:588} INFO - Filling up the DagBag from /home/airflow/.local/lib/python3.12/site-packages/airflow/example_dags/example_complex.py
[2024-11-03T05:53:53.378+0000] {processor.py:925} INFO - DAG(s) 'example_complex' retrieved from /home/airflow/.local/lib/python3.12/site-packages/airflow/example_dags/example_complex.py
[2024-11-03T05:53:53.413+0000] {logging_mixin.py:190} INFO - [2024-11-03T05:53:53.413+0000] {dag.py:3239} INFO - Sync 1 DAGs
[2024-11-03T05:53:53.428+0000] {logging_mixin.py:190} INFO - [2024-11-03T05:53:53.428+0000] {dag.py:4180} INFO - Setting next_dagrun for example_complex to None, run_after=None
[2024-11-03T05:53:53.451+0000] {processor.py:208} INFO - Processing /home/airflow/.local/lib/python3.12/site-packages/airflow/example_dags/example_complex.py took 0.095 seconds
[2024-11-03T05:54:23.839+0000] {processor.py:186} INFO - Started process (PID=1145) to work on /home/airflow/.local/lib/python3.12/site-packages/airflow/example_dags/example_complex.py
[2024-11-03T05:54:23.841+0000] {processor.py:914} INFO - Processing file /home/airflow/.local/lib/python3.12/site-packages/airflow/example_dags/example_complex.py for tasks to queue
[2024-11-03T05:54:23.845+0000] {logging_mixin.py:190} INFO - [2024-11-03T05:54:23.845+0000] {dagbag.py:588} INFO - Filling up the DagBag from /home/airflow/.local/lib/python3.12/site-packages/airflow/example_dags/example_complex.py
[2024-11-03T05:54:23.866+0000] {processor.py:925} INFO - DAG(s) 'example_complex' retrieved from /home/airflow/.local/lib/python3.12/site-packages/airflow/example_dags/example_complex.py
[2024-11-03T05:54:23.913+0000] {logging_mixin.py:190} INFO - [2024-11-03T05:54:23.913+0000] {dag.py:3239} INFO - Sync 1 DAGs
[2024-11-03T05:54:23.934+0000] {logging_mixin.py:190} INFO - [2024-11-03T05:54:23.934+0000] {dag.py:4180} INFO - Setting next_dagrun for example_complex to None, run_after=None
[2024-11-03T05:54:23.974+0000] {processor.py:208} INFO - Processing /home/airflow/.local/lib/python3.12/site-packages/airflow/example_dags/example_complex.py took 0.145 seconds
[2024-11-03T05:54:54.019+0000] {processor.py:186} INFO - Started process (PID=1436) to work on /home/airflow/.local/lib/python3.12/site-packages/airflow/example_dags/example_complex.py
[2024-11-03T05:54:54.020+0000] {processor.py:914} INFO - Processing file /home/airflow/.local/lib/python3.12/site-packages/airflow/example_dags/example_complex.py for tasks to queue
[2024-11-03T05:54:54.023+0000] {logging_mixin.py:190} INFO - [2024-11-03T05:54:54.022+0000] {dagbag.py:588} INFO - Filling up the DagBag from /home/airflow/.local/lib/python3.12/site-packages/airflow/example_dags/example_complex.py
[2024-11-03T05:54:54.036+0000] {processor.py:925} INFO - DAG(s) 'example_complex' retrieved from /home/airflow/.local/lib/python3.12/site-packages/airflow/example_dags/example_complex.py
[2024-11-03T05:54:54.080+0000] {logging_mixin.py:190} INFO - [2024-11-03T05:54:54.079+0000] {dag.py:3239} INFO - Sync 1 DAGs
[2024-11-03T05:54:54.096+0000] {logging_mixin.py:190} INFO - [2024-11-03T05:54:54.096+0000] {dag.py:4180} INFO - Setting next_dagrun for example_complex to None, run_after=None
[2024-11-03T05:54:54.119+0000] {processor.py:208} INFO - Processing /home/airflow/.local/lib/python3.12/site-packages/airflow/example_dags/example_complex.py took 0.105 seconds
[2024-11-03T05:57:16.569+0000] {processor.py:186} INFO - Started process (PID=272) to work on /home/airflow/.local/lib/python3.12/site-packages/airflow/example_dags/example_complex.py
[2024-11-03T05:57:16.570+0000] {processor.py:914} INFO - Processing file /home/airflow/.local/lib/python3.12/site-packages/airflow/example_dags/example_complex.py for tasks to queue
[2024-11-03T05:57:16.572+0000] {logging_mixin.py:190} INFO - [2024-11-03T05:57:16.572+0000] {dagbag.py:588} INFO - Filling up the DagBag from /home/airflow/.local/lib/python3.12/site-packages/airflow/example_dags/example_complex.py
[2024-11-03T05:57:16.593+0000] {processor.py:925} INFO - DAG(s) 'example_complex' retrieved from /home/airflow/.local/lib/python3.12/site-packages/airflow/example_dags/example_complex.py
[2024-11-03T05:57:16.645+0000] {logging_mixin.py:190} INFO - [2024-11-03T05:57:16.645+0000] {dag.py:3239} INFO - Sync 1 DAGs
[2024-11-03T05:57:16.664+0000] {logging_mixin.py:190} INFO - [2024-11-03T05:57:16.663+0000] {dag.py:4180} INFO - Setting next_dagrun for example_complex to None, run_after=None
[2024-11-03T05:57:16.695+0000] {processor.py:208} INFO - Processing /home/airflow/.local/lib/python3.12/site-packages/airflow/example_dags/example_complex.py took 0.135 seconds
[2024-11-03T05:57:47.285+0000] {processor.py:186} INFO - Started process (PID=563) to work on /home/airflow/.local/lib/python3.12/site-packages/airflow/example_dags/example_complex.py
[2024-11-03T05:57:47.286+0000] {processor.py:914} INFO - Processing file /home/airflow/.local/lib/python3.12/site-packages/airflow/example_dags/example_complex.py for tasks to queue
[2024-11-03T05:57:47.288+0000] {logging_mixin.py:190} INFO - [2024-11-03T05:57:47.288+0000] {dagbag.py:588} INFO - Filling up the DagBag from /home/airflow/.local/lib/python3.12/site-packages/airflow/example_dags/example_complex.py
[2024-11-03T05:57:47.300+0000] {processor.py:925} INFO - DAG(s) 'example_complex' retrieved from /home/airflow/.local/lib/python3.12/site-packages/airflow/example_dags/example_complex.py
[2024-11-03T05:57:47.340+0000] {logging_mixin.py:190} INFO - [2024-11-03T05:57:47.339+0000] {dag.py:3239} INFO - Sync 1 DAGs
[2024-11-03T05:57:47.356+0000] {logging_mixin.py:190} INFO - [2024-11-03T05:57:47.356+0000] {dag.py:4180} INFO - Setting next_dagrun for example_complex to None, run_after=None
[2024-11-03T05:57:47.378+0000] {processor.py:208} INFO - Processing /home/airflow/.local/lib/python3.12/site-packages/airflow/example_dags/example_complex.py took 0.099 seconds
[2024-11-03T05:58:17.640+0000] {processor.py:186} INFO - Started process (PID=854) to work on /home/airflow/.local/lib/python3.12/site-packages/airflow/example_dags/example_complex.py
[2024-11-03T05:58:17.642+0000] {processor.py:914} INFO - Processing file /home/airflow/.local/lib/python3.12/site-packages/airflow/example_dags/example_complex.py for tasks to queue
[2024-11-03T05:58:17.644+0000] {logging_mixin.py:190} INFO - [2024-11-03T05:58:17.644+0000] {dagbag.py:588} INFO - Filling up the DagBag from /home/airflow/.local/lib/python3.12/site-packages/airflow/example_dags/example_complex.py
[2024-11-03T05:58:17.662+0000] {processor.py:925} INFO - DAG(s) 'example_complex' retrieved from /home/airflow/.local/lib/python3.12/site-packages/airflow/example_dags/example_complex.py
[2024-11-03T05:58:17.704+0000] {logging_mixin.py:190} INFO - [2024-11-03T05:58:17.703+0000] {dag.py:3239} INFO - Sync 1 DAGs
[2024-11-03T05:58:17.719+0000] {logging_mixin.py:190} INFO - [2024-11-03T05:58:17.718+0000] {dag.py:4180} INFO - Setting next_dagrun for example_complex to None, run_after=None
[2024-11-03T05:58:17.740+0000] {processor.py:208} INFO - Processing /home/airflow/.local/lib/python3.12/site-packages/airflow/example_dags/example_complex.py took 0.107 seconds
[2024-11-03T05:58:47.985+0000] {processor.py:186} INFO - Started process (PID=1145) to work on /home/airflow/.local/lib/python3.12/site-packages/airflow/example_dags/example_complex.py
[2024-11-03T05:58:47.986+0000] {processor.py:914} INFO - Processing file /home/airflow/.local/lib/python3.12/site-packages/airflow/example_dags/example_complex.py for tasks to queue
[2024-11-03T05:58:47.989+0000] {logging_mixin.py:190} INFO - [2024-11-03T05:58:47.988+0000] {dagbag.py:588} INFO - Filling up the DagBag from /home/airflow/.local/lib/python3.12/site-packages/airflow/example_dags/example_complex.py
[2024-11-03T05:58:48.001+0000] {processor.py:925} INFO - DAG(s) 'example_complex' retrieved from /home/airflow/.local/lib/python3.12/site-packages/airflow/example_dags/example_complex.py
[2024-11-03T05:58:48.036+0000] {logging_mixin.py:190} INFO - [2024-11-03T05:58:48.035+0000] {dag.py:3239} INFO - Sync 1 DAGs
[2024-11-03T05:58:48.056+0000] {logging_mixin.py:190} INFO - [2024-11-03T05:58:48.056+0000] {dag.py:4180} INFO - Setting next_dagrun for example_complex to None, run_after=None
[2024-11-03T05:58:48.081+0000] {processor.py:208} INFO - Processing /home/airflow/.local/lib/python3.12/site-packages/airflow/example_dags/example_complex.py took 0.101 seconds
[2024-11-03T05:59:18.907+0000] {processor.py:186} INFO - Started process (PID=1436) to work on /home/airflow/.local/lib/python3.12/site-packages/airflow/example_dags/example_complex.py
[2024-11-03T05:59:18.908+0000] {processor.py:914} INFO - Processing file /home/airflow/.local/lib/python3.12/site-packages/airflow/example_dags/example_complex.py for tasks to queue
[2024-11-03T05:59:18.910+0000] {logging_mixin.py:190} INFO - [2024-11-03T05:59:18.910+0000] {dagbag.py:588} INFO - Filling up the DagBag from /home/airflow/.local/lib/python3.12/site-packages/airflow/example_dags/example_complex.py
[2024-11-03T05:59:18.924+0000] {processor.py:925} INFO - DAG(s) 'example_complex' retrieved from /home/airflow/.local/lib/python3.12/site-packages/airflow/example_dags/example_complex.py
[2024-11-03T05:59:18.960+0000] {logging_mixin.py:190} INFO - [2024-11-03T05:59:18.960+0000] {dag.py:3239} INFO - Sync 1 DAGs
[2024-11-03T05:59:18.976+0000] {logging_mixin.py:190} INFO - [2024-11-03T05:59:18.976+0000] {dag.py:4180} INFO - Setting next_dagrun for example_complex to None, run_after=None
[2024-11-03T05:59:19.000+0000] {processor.py:208} INFO - Processing /home/airflow/.local/lib/python3.12/site-packages/airflow/example_dags/example_complex.py took 0.100 seconds
[2024-11-03T05:59:49.928+0000] {processor.py:186} INFO - Started process (PID=1727) to work on /home/airflow/.local/lib/python3.12/site-packages/airflow/example_dags/example_complex.py
[2024-11-03T05:59:49.929+0000] {processor.py:914} INFO - Processing file /home/airflow/.local/lib/python3.12/site-packages/airflow/example_dags/example_complex.py for tasks to queue
[2024-11-03T05:59:49.931+0000] {logging_mixin.py:190} INFO - [2024-11-03T05:59:49.931+0000] {dagbag.py:588} INFO - Filling up the DagBag from /home/airflow/.local/lib/python3.12/site-packages/airflow/example_dags/example_complex.py
[2024-11-03T05:59:49.944+0000] {processor.py:925} INFO - DAG(s) 'example_complex' retrieved from /home/airflow/.local/lib/python3.12/site-packages/airflow/example_dags/example_complex.py
[2024-11-03T05:59:49.981+0000] {logging_mixin.py:190} INFO - [2024-11-03T05:59:49.980+0000] {dag.py:3239} INFO - Sync 1 DAGs
[2024-11-03T05:59:49.997+0000] {logging_mixin.py:190} INFO - [2024-11-03T05:59:49.997+0000] {dag.py:4180} INFO - Setting next_dagrun for example_complex to None, run_after=None
[2024-11-03T05:59:50.018+0000] {processor.py:208} INFO - Processing /home/airflow/.local/lib/python3.12/site-packages/airflow/example_dags/example_complex.py took 0.096 seconds
[2024-11-03T06:00:20.870+0000] {processor.py:186} INFO - Started process (PID=2018) to work on /home/airflow/.local/lib/python3.12/site-packages/airflow/example_dags/example_complex.py
[2024-11-03T06:00:20.871+0000] {processor.py:914} INFO - Processing file /home/airflow/.local/lib/python3.12/site-packages/airflow/example_dags/example_complex.py for tasks to queue
[2024-11-03T06:00:20.874+0000] {logging_mixin.py:190} INFO - [2024-11-03T06:00:20.873+0000] {dagbag.py:588} INFO - Filling up the DagBag from /home/airflow/.local/lib/python3.12/site-packages/airflow/example_dags/example_complex.py
[2024-11-03T06:00:20.887+0000] {processor.py:925} INFO - DAG(s) 'example_complex' retrieved from /home/airflow/.local/lib/python3.12/site-packages/airflow/example_dags/example_complex.py
[2024-11-03T06:00:20.938+0000] {logging_mixin.py:190} INFO - [2024-11-03T06:00:20.938+0000] {dag.py:3239} INFO - Sync 1 DAGs
[2024-11-03T06:00:20.960+0000] {logging_mixin.py:190} INFO - [2024-11-03T06:00:20.960+0000] {dag.py:4180} INFO - Setting next_dagrun for example_complex to None, run_after=None
[2024-11-03T06:00:20.989+0000] {processor.py:208} INFO - Processing /home/airflow/.local/lib/python3.12/site-packages/airflow/example_dags/example_complex.py took 0.125 seconds
[2024-11-03T06:06:55.920+0000] {processor.py:186} INFO - Started process (PID=292) to work on /home/airflow/.local/lib/python3.12/site-packages/airflow/example_dags/example_complex.py
[2024-11-03T06:06:55.921+0000] {processor.py:914} INFO - Processing file /home/airflow/.local/lib/python3.12/site-packages/airflow/example_dags/example_complex.py for tasks to queue
[2024-11-03T06:06:55.924+0000] {logging_mixin.py:190} INFO - [2024-11-03T06:06:55.924+0000] {dagbag.py:588} INFO - Filling up the DagBag from /home/airflow/.local/lib/python3.12/site-packages/airflow/example_dags/example_complex.py
[2024-11-03T06:06:55.945+0000] {processor.py:925} INFO - DAG(s) 'example_complex' retrieved from /home/airflow/.local/lib/python3.12/site-packages/airflow/example_dags/example_complex.py
[2024-11-03T06:06:56.106+0000] {logging_mixin.py:190} INFO - [2024-11-03T06:06:56.106+0000] {override.py:1900} INFO - Created Permission View: can edit on DAG:example_complex
[2024-11-03T06:06:56.122+0000] {logging_mixin.py:190} INFO - [2024-11-03T06:06:56.122+0000] {override.py:1900} INFO - Created Permission View: can read on DAG:example_complex
[2024-11-03T06:06:56.140+0000] {logging_mixin.py:190} INFO - [2024-11-03T06:06:56.140+0000] {override.py:1900} INFO - Created Permission View: can delete on DAG:example_complex
[2024-11-03T06:06:56.167+0000] {logging_mixin.py:190} INFO - [2024-11-03T06:06:56.167+0000] {override.py:1900} INFO - Created Permission View: can create on DAG Run:example_complex
[2024-11-03T06:06:56.178+0000] {logging_mixin.py:190} INFO - [2024-11-03T06:06:56.178+0000] {override.py:1900} INFO - Created Permission View: menu access on DAG Run:example_complex
[2024-11-03T06:06:56.188+0000] {logging_mixin.py:190} INFO - [2024-11-03T06:06:56.188+0000] {override.py:1900} INFO - Created Permission View: can read on DAG Run:example_complex
[2024-11-03T06:06:56.197+0000] {logging_mixin.py:190} INFO - [2024-11-03T06:06:56.197+0000] {override.py:1900} INFO - Created Permission View: can delete on DAG Run:example_complex
[2024-11-03T06:06:56.198+0000] {logging_mixin.py:190} INFO - [2024-11-03T06:06:56.198+0000] {dag.py:3239} INFO - Sync 1 DAGs
[2024-11-03T06:06:56.212+0000] {logging_mixin.py:190} INFO - [2024-11-03T06:06:56.212+0000] {dag.py:3262} INFO - Creating ORM DAG for example_complex
[2024-11-03T06:06:56.213+0000] {logging_mixin.py:190} INFO - [2024-11-03T06:06:56.213+0000] {dag.py:4180} INFO - Setting next_dagrun for example_complex to None, run_after=None
[2024-11-03T06:06:56.234+0000] {processor.py:208} INFO - Processing /home/airflow/.local/lib/python3.12/site-packages/airflow/example_dags/example_complex.py took 0.322 seconds
[2024-11-03T06:07:27.100+0000] {processor.py:186} INFO - Started process (PID=583) to work on /home/airflow/.local/lib/python3.12/site-packages/airflow/example_dags/example_complex.py
[2024-11-03T06:07:27.101+0000] {processor.py:914} INFO - Processing file /home/airflow/.local/lib/python3.12/site-packages/airflow/example_dags/example_complex.py for tasks to queue
[2024-11-03T06:07:27.105+0000] {logging_mixin.py:190} INFO - [2024-11-03T06:07:27.104+0000] {dagbag.py:588} INFO - Filling up the DagBag from /home/airflow/.local/lib/python3.12/site-packages/airflow/example_dags/example_complex.py
[2024-11-03T06:07:27.121+0000] {processor.py:925} INFO - DAG(s) 'example_complex' retrieved from /home/airflow/.local/lib/python3.12/site-packages/airflow/example_dags/example_complex.py
[2024-11-03T06:07:27.174+0000] {logging_mixin.py:190} INFO - [2024-11-03T06:07:27.173+0000] {dag.py:3239} INFO - Sync 1 DAGs
[2024-11-03T06:07:27.195+0000] {logging_mixin.py:190} INFO - [2024-11-03T06:07:27.195+0000] {dag.py:4180} INFO - Setting next_dagrun for example_complex to None, run_after=None
[2024-11-03T06:07:27.221+0000] {processor.py:208} INFO - Processing /home/airflow/.local/lib/python3.12/site-packages/airflow/example_dags/example_complex.py took 0.128 seconds
[2024-11-03T06:10:49.056+0000] {processor.py:186} INFO - Started process (PID=285) to work on /home/airflow/.local/lib/python3.12/site-packages/airflow/example_dags/example_complex.py
[2024-11-03T06:10:49.058+0000] {processor.py:914} INFO - Processing file /home/airflow/.local/lib/python3.12/site-packages/airflow/example_dags/example_complex.py for tasks to queue
[2024-11-03T06:10:49.061+0000] {logging_mixin.py:190} INFO - [2024-11-03T06:10:49.061+0000] {dagbag.py:588} INFO - Filling up the DagBag from /home/airflow/.local/lib/python3.12/site-packages/airflow/example_dags/example_complex.py
[2024-11-03T06:10:49.079+0000] {processor.py:925} INFO - DAG(s) 'example_complex' retrieved from /home/airflow/.local/lib/python3.12/site-packages/airflow/example_dags/example_complex.py
[2024-11-03T06:10:49.140+0000] {logging_mixin.py:190} INFO - [2024-11-03T06:10:49.140+0000] {dag.py:3239} INFO - Sync 1 DAGs
[2024-11-03T06:10:49.163+0000] {logging_mixin.py:190} INFO - [2024-11-03T06:10:49.162+0000] {dag.py:4180} INFO - Setting next_dagrun for example_complex to None, run_after=None
[2024-11-03T06:10:49.198+0000] {processor.py:208} INFO - Processing /home/airflow/.local/lib/python3.12/site-packages/airflow/example_dags/example_complex.py took 0.149 seconds
[2024-11-03T06:11:20.083+0000] {processor.py:186} INFO - Started process (PID=576) to work on /home/airflow/.local/lib/python3.12/site-packages/airflow/example_dags/example_complex.py
[2024-11-03T06:11:20.084+0000] {processor.py:914} INFO - Processing file /home/airflow/.local/lib/python3.12/site-packages/airflow/example_dags/example_complex.py for tasks to queue
[2024-11-03T06:11:20.086+0000] {logging_mixin.py:190} INFO - [2024-11-03T06:11:20.086+0000] {dagbag.py:588} INFO - Filling up the DagBag from /home/airflow/.local/lib/python3.12/site-packages/airflow/example_dags/example_complex.py
[2024-11-03T06:11:20.102+0000] {processor.py:925} INFO - DAG(s) 'example_complex' retrieved from /home/airflow/.local/lib/python3.12/site-packages/airflow/example_dags/example_complex.py
[2024-11-03T06:11:20.137+0000] {logging_mixin.py:190} INFO - [2024-11-03T06:11:20.136+0000] {dag.py:3239} INFO - Sync 1 DAGs
[2024-11-03T06:11:20.152+0000] {logging_mixin.py:190} INFO - [2024-11-03T06:11:20.151+0000] {dag.py:4180} INFO - Setting next_dagrun for example_complex to None, run_after=None
[2024-11-03T06:11:20.177+0000] {processor.py:208} INFO - Processing /home/airflow/.local/lib/python3.12/site-packages/airflow/example_dags/example_complex.py took 0.101 seconds
[2024-11-03T06:11:50.585+0000] {processor.py:186} INFO - Started process (PID=867) to work on /home/airflow/.local/lib/python3.12/site-packages/airflow/example_dags/example_complex.py
[2024-11-03T06:11:50.586+0000] {processor.py:914} INFO - Processing file /home/airflow/.local/lib/python3.12/site-packages/airflow/example_dags/example_complex.py for tasks to queue
[2024-11-03T06:11:50.589+0000] {logging_mixin.py:190} INFO - [2024-11-03T06:11:50.589+0000] {dagbag.py:588} INFO - Filling up the DagBag from /home/airflow/.local/lib/python3.12/site-packages/airflow/example_dags/example_complex.py
[2024-11-03T06:11:50.606+0000] {processor.py:925} INFO - DAG(s) 'example_complex' retrieved from /home/airflow/.local/lib/python3.12/site-packages/airflow/example_dags/example_complex.py
[2024-11-03T06:11:50.642+0000] {logging_mixin.py:190} INFO - [2024-11-03T06:11:50.642+0000] {dag.py:3239} INFO - Sync 1 DAGs
[2024-11-03T06:11:50.658+0000] {logging_mixin.py:190} INFO - [2024-11-03T06:11:50.658+0000] {dag.py:4180} INFO - Setting next_dagrun for example_complex to None, run_after=None
[2024-11-03T06:11:50.685+0000] {processor.py:208} INFO - Processing /home/airflow/.local/lib/python3.12/site-packages/airflow/example_dags/example_complex.py took 0.107 seconds
[2024-11-03T06:12:21.266+0000] {processor.py:186} INFO - Started process (PID=1158) to work on /home/airflow/.local/lib/python3.12/site-packages/airflow/example_dags/example_complex.py
[2024-11-03T06:12:21.268+0000] {processor.py:914} INFO - Processing file /home/airflow/.local/lib/python3.12/site-packages/airflow/example_dags/example_complex.py for tasks to queue
[2024-11-03T06:12:21.272+0000] {logging_mixin.py:190} INFO - [2024-11-03T06:12:21.272+0000] {dagbag.py:588} INFO - Filling up the DagBag from /home/airflow/.local/lib/python3.12/site-packages/airflow/example_dags/example_complex.py
[2024-11-03T06:12:21.291+0000] {processor.py:925} INFO - DAG(s) 'example_complex' retrieved from /home/airflow/.local/lib/python3.12/site-packages/airflow/example_dags/example_complex.py
[2024-11-03T06:12:21.331+0000] {logging_mixin.py:190} INFO - [2024-11-03T06:12:21.331+0000] {dag.py:3239} INFO - Sync 1 DAGs
[2024-11-03T06:12:21.349+0000] {logging_mixin.py:190} INFO - [2024-11-03T06:12:21.349+0000] {dag.py:4180} INFO - Setting next_dagrun for example_complex to None, run_after=None
[2024-11-03T06:12:21.375+0000] {processor.py:208} INFO - Processing /home/airflow/.local/lib/python3.12/site-packages/airflow/example_dags/example_complex.py took 0.115 seconds
[2024-11-03T06:12:52.075+0000] {processor.py:186} INFO - Started process (PID=1449) to work on /home/airflow/.local/lib/python3.12/site-packages/airflow/example_dags/example_complex.py
[2024-11-03T06:12:52.077+0000] {processor.py:914} INFO - Processing file /home/airflow/.local/lib/python3.12/site-packages/airflow/example_dags/example_complex.py for tasks to queue
[2024-11-03T06:12:52.079+0000] {logging_mixin.py:190} INFO - [2024-11-03T06:12:52.079+0000] {dagbag.py:588} INFO - Filling up the DagBag from /home/airflow/.local/lib/python3.12/site-packages/airflow/example_dags/example_complex.py
[2024-11-03T06:12:52.093+0000] {processor.py:925} INFO - DAG(s) 'example_complex' retrieved from /home/airflow/.local/lib/python3.12/site-packages/airflow/example_dags/example_complex.py
[2024-11-03T06:12:52.128+0000] {logging_mixin.py:190} INFO - [2024-11-03T06:12:52.128+0000] {dag.py:3239} INFO - Sync 1 DAGs
[2024-11-03T06:12:52.144+0000] {logging_mixin.py:190} INFO - [2024-11-03T06:12:52.144+0000] {dag.py:4180} INFO - Setting next_dagrun for example_complex to None, run_after=None
[2024-11-03T06:12:52.165+0000] {processor.py:208} INFO - Processing /home/airflow/.local/lib/python3.12/site-packages/airflow/example_dags/example_complex.py took 0.099 seconds
[2024-11-03T06:13:22.957+0000] {processor.py:186} INFO - Started process (PID=1740) to work on /home/airflow/.local/lib/python3.12/site-packages/airflow/example_dags/example_complex.py
[2024-11-03T06:13:22.958+0000] {processor.py:914} INFO - Processing file /home/airflow/.local/lib/python3.12/site-packages/airflow/example_dags/example_complex.py for tasks to queue
[2024-11-03T06:13:22.960+0000] {logging_mixin.py:190} INFO - [2024-11-03T06:13:22.960+0000] {dagbag.py:588} INFO - Filling up the DagBag from /home/airflow/.local/lib/python3.12/site-packages/airflow/example_dags/example_complex.py
[2024-11-03T06:13:22.974+0000] {processor.py:925} INFO - DAG(s) 'example_complex' retrieved from /home/airflow/.local/lib/python3.12/site-packages/airflow/example_dags/example_complex.py
[2024-11-03T06:13:23.010+0000] {logging_mixin.py:190} INFO - [2024-11-03T06:13:23.010+0000] {dag.py:3239} INFO - Sync 1 DAGs
[2024-11-03T06:13:23.027+0000] {logging_mixin.py:190} INFO - [2024-11-03T06:13:23.027+0000] {dag.py:4180} INFO - Setting next_dagrun for example_complex to None, run_after=None
[2024-11-03T06:13:23.048+0000] {processor.py:208} INFO - Processing /home/airflow/.local/lib/python3.12/site-packages/airflow/example_dags/example_complex.py took 0.099 seconds
[2024-11-03T06:13:53.310+0000] {processor.py:186} INFO - Started process (PID=2031) to work on /home/airflow/.local/lib/python3.12/site-packages/airflow/example_dags/example_complex.py
[2024-11-03T06:13:53.311+0000] {processor.py:914} INFO - Processing file /home/airflow/.local/lib/python3.12/site-packages/airflow/example_dags/example_complex.py for tasks to queue
[2024-11-03T06:13:53.314+0000] {logging_mixin.py:190} INFO - [2024-11-03T06:13:53.313+0000] {dagbag.py:588} INFO - Filling up the DagBag from /home/airflow/.local/lib/python3.12/site-packages/airflow/example_dags/example_complex.py
[2024-11-03T06:13:53.333+0000] {processor.py:925} INFO - DAG(s) 'example_complex' retrieved from /home/airflow/.local/lib/python3.12/site-packages/airflow/example_dags/example_complex.py
[2024-11-03T06:13:53.375+0000] {logging_mixin.py:190} INFO - [2024-11-03T06:13:53.375+0000] {dag.py:3239} INFO - Sync 1 DAGs
[2024-11-03T06:13:53.392+0000] {logging_mixin.py:190} INFO - [2024-11-03T06:13:53.392+0000] {dag.py:4180} INFO - Setting next_dagrun for example_complex to None, run_after=None
[2024-11-03T06:13:53.413+0000] {processor.py:208} INFO - Processing /home/airflow/.local/lib/python3.12/site-packages/airflow/example_dags/example_complex.py took 0.111 seconds
[2024-11-03T06:14:23.490+0000] {processor.py:186} INFO - Started process (PID=2322) to work on /home/airflow/.local/lib/python3.12/site-packages/airflow/example_dags/example_complex.py
[2024-11-03T06:14:23.491+0000] {processor.py:914} INFO - Processing file /home/airflow/.local/lib/python3.12/site-packages/airflow/example_dags/example_complex.py for tasks to queue
[2024-11-03T06:14:23.493+0000] {logging_mixin.py:190} INFO - [2024-11-03T06:14:23.493+0000] {dagbag.py:588} INFO - Filling up the DagBag from /home/airflow/.local/lib/python3.12/site-packages/airflow/example_dags/example_complex.py
[2024-11-03T06:14:23.505+0000] {processor.py:925} INFO - DAG(s) 'example_complex' retrieved from /home/airflow/.local/lib/python3.12/site-packages/airflow/example_dags/example_complex.py
[2024-11-03T06:14:23.543+0000] {logging_mixin.py:190} INFO - [2024-11-03T06:14:23.543+0000] {dag.py:3239} INFO - Sync 1 DAGs
[2024-11-03T06:14:23.560+0000] {logging_mixin.py:190} INFO - [2024-11-03T06:14:23.560+0000] {dag.py:4180} INFO - Setting next_dagrun for example_complex to None, run_after=None
[2024-11-03T06:14:23.584+0000] {processor.py:208} INFO - Processing /home/airflow/.local/lib/python3.12/site-packages/airflow/example_dags/example_complex.py took 0.101 seconds
