[2024-11-03T05:29:30.664+0000] {processor.py:186} INFO - Started process (PID=336) to work on /home/airflow/.local/lib/python3.12/site-packages/airflow/example_dags/example_branch_python_dop_operator_3.py
[2024-11-03T05:29:30.665+0000] {processor.py:914} INFO - Processing file /home/airflow/.local/lib/python3.12/site-packages/airflow/example_dags/example_branch_python_dop_operator_3.py for tasks to queue
[2024-11-03T05:29:30.669+0000] {logging_mixin.py:190} INFO - [2024-11-03T05:29:30.668+0000] {dagbag.py:588} INFO - Filling up the DagBag from /home/airflow/.local/lib/python3.12/site-packages/airflow/example_dags/example_branch_python_dop_operator_3.py
[2024-11-03T05:29:30.692+0000] {processor.py:925} INFO - DAG(s) 'example_branch_dop_operator_v3' retrieved from /home/airflow/.local/lib/python3.12/site-packages/airflow/example_dags/example_branch_python_dop_operator_3.py
[2024-11-03T05:29:30.875+0000] {logging_mixin.py:190} INFO - [2024-11-03T05:29:30.874+0000] {override.py:1900} INFO - Created Permission View: can delete on DAG:example_branch_dop_operator_v3
[2024-11-03T05:29:30.892+0000] {logging_mixin.py:190} INFO - [2024-11-03T05:29:30.892+0000] {override.py:1900} INFO - Created Permission View: can edit on DAG:example_branch_dop_operator_v3
[2024-11-03T05:29:30.906+0000] {logging_mixin.py:190} INFO - [2024-11-03T05:29:30.905+0000] {override.py:1900} INFO - Created Permission View: can read on DAG:example_branch_dop_operator_v3
[2024-11-03T05:29:30.922+0000] {logging_mixin.py:190} INFO - [2024-11-03T05:29:30.922+0000] {override.py:1900} INFO - Created Permission View: can delete on DAG Run:example_branch_dop_operator_v3
[2024-11-03T05:29:30.938+0000] {logging_mixin.py:190} INFO - [2024-11-03T05:29:30.938+0000] {override.py:1900} INFO - Created Permission View: menu access on DAG Run:example_branch_dop_operator_v3
[2024-11-03T05:29:30.950+0000] {logging_mixin.py:190} INFO - [2024-11-03T05:29:30.950+0000] {override.py:1900} INFO - Created Permission View: can create on DAG Run:example_branch_dop_operator_v3
[2024-11-03T05:29:30.976+0000] {logging_mixin.py:190} INFO - [2024-11-03T05:29:30.975+0000] {override.py:1900} INFO - Created Permission View: can read on DAG Run:example_branch_dop_operator_v3
[2024-11-03T05:29:30.977+0000] {logging_mixin.py:190} INFO - [2024-11-03T05:29:30.976+0000] {dag.py:3239} INFO - Sync 1 DAGs
[2024-11-03T05:29:30.996+0000] {logging_mixin.py:190} INFO - [2024-11-03T05:29:30.996+0000] {dag.py:3262} INFO - Creating ORM DAG for example_branch_dop_operator_v3
[2024-11-03T05:29:31.021+0000] {logging_mixin.py:190} INFO - [2024-11-03T05:29:31.020+0000] {dag.py:4180} INFO - Setting next_dagrun for example_branch_dop_operator_v3 to 2024-11-03 05:28:00+00:00, run_after=2024-11-03 05:29:00+00:00
[2024-11-03T05:29:31.056+0000] {processor.py:208} INFO - Processing /home/airflow/.local/lib/python3.12/site-packages/airflow/example_dags/example_branch_python_dop_operator_3.py took 0.403 seconds
[2024-11-03T05:30:01.986+0000] {processor.py:186} INFO - Started process (PID=627) to work on /home/airflow/.local/lib/python3.12/site-packages/airflow/example_dags/example_branch_python_dop_operator_3.py
[2024-11-03T05:30:01.987+0000] {processor.py:914} INFO - Processing file /home/airflow/.local/lib/python3.12/site-packages/airflow/example_dags/example_branch_python_dop_operator_3.py for tasks to queue
[2024-11-03T05:30:01.990+0000] {logging_mixin.py:190} INFO - [2024-11-03T05:30:01.990+0000] {dagbag.py:588} INFO - Filling up the DagBag from /home/airflow/.local/lib/python3.12/site-packages/airflow/example_dags/example_branch_python_dop_operator_3.py
[2024-11-03T05:30:02.002+0000] {processor.py:925} INFO - DAG(s) 'example_branch_dop_operator_v3' retrieved from /home/airflow/.local/lib/python3.12/site-packages/airflow/example_dags/example_branch_python_dop_operator_3.py
[2024-11-03T05:30:02.025+0000] {logging_mixin.py:190} INFO - [2024-11-03T05:30:02.024+0000] {dag.py:3239} INFO - Sync 1 DAGs
[2024-11-03T05:30:02.056+0000] {logging_mixin.py:190} INFO - [2024-11-03T05:30:02.056+0000] {dag.py:4180} INFO - Setting next_dagrun for example_branch_dop_operator_v3 to 2024-11-03 05:29:00+00:00, run_after=2024-11-03 05:30:00+00:00
[2024-11-03T05:30:02.079+0000] {processor.py:208} INFO - Processing /home/airflow/.local/lib/python3.12/site-packages/airflow/example_dags/example_branch_python_dop_operator_3.py took 0.100 seconds
[2024-11-03T05:30:32.549+0000] {processor.py:186} INFO - Started process (PID=918) to work on /home/airflow/.local/lib/python3.12/site-packages/airflow/example_dags/example_branch_python_dop_operator_3.py
[2024-11-03T05:30:32.550+0000] {processor.py:914} INFO - Processing file /home/airflow/.local/lib/python3.12/site-packages/airflow/example_dags/example_branch_python_dop_operator_3.py for tasks to queue
[2024-11-03T05:30:32.554+0000] {logging_mixin.py:190} INFO - [2024-11-03T05:30:32.554+0000] {dagbag.py:588} INFO - Filling up the DagBag from /home/airflow/.local/lib/python3.12/site-packages/airflow/example_dags/example_branch_python_dop_operator_3.py
[2024-11-03T05:30:32.576+0000] {processor.py:925} INFO - DAG(s) 'example_branch_dop_operator_v3' retrieved from /home/airflow/.local/lib/python3.12/site-packages/airflow/example_dags/example_branch_python_dop_operator_3.py
[2024-11-03T05:30:32.629+0000] {logging_mixin.py:190} INFO - [2024-11-03T05:30:32.628+0000] {dag.py:3239} INFO - Sync 1 DAGs
[2024-11-03T05:30:32.680+0000] {logging_mixin.py:190} INFO - [2024-11-03T05:30:32.679+0000] {dag.py:4180} INFO - Setting next_dagrun for example_branch_dop_operator_v3 to 2024-11-03 05:29:00+00:00, run_after=2024-11-03 05:30:00+00:00
[2024-11-03T05:30:32.713+0000] {processor.py:208} INFO - Processing /home/airflow/.local/lib/python3.12/site-packages/airflow/example_dags/example_branch_python_dop_operator_3.py took 0.174 seconds
[2024-11-03T05:31:03.002+0000] {processor.py:186} INFO - Started process (PID=1206) to work on /home/airflow/.local/lib/python3.12/site-packages/airflow/example_dags/example_branch_python_dop_operator_3.py
[2024-11-03T05:31:03.003+0000] {processor.py:914} INFO - Processing file /home/airflow/.local/lib/python3.12/site-packages/airflow/example_dags/example_branch_python_dop_operator_3.py for tasks to queue
[2024-11-03T05:31:03.006+0000] {logging_mixin.py:190} INFO - [2024-11-03T05:31:03.005+0000] {dagbag.py:588} INFO - Filling up the DagBag from /home/airflow/.local/lib/python3.12/site-packages/airflow/example_dags/example_branch_python_dop_operator_3.py
[2024-11-03T05:31:03.016+0000] {processor.py:925} INFO - DAG(s) 'example_branch_dop_operator_v3' retrieved from /home/airflow/.local/lib/python3.12/site-packages/airflow/example_dags/example_branch_python_dop_operator_3.py
[2024-11-03T05:31:03.037+0000] {logging_mixin.py:190} INFO - [2024-11-03T05:31:03.036+0000] {dag.py:3239} INFO - Sync 1 DAGs
[2024-11-03T05:31:03.070+0000] {logging_mixin.py:190} INFO - [2024-11-03T05:31:03.070+0000] {dag.py:4180} INFO - Setting next_dagrun for example_branch_dop_operator_v3 to 2024-11-03 05:30:00+00:00, run_after=2024-11-03 05:31:00+00:00
[2024-11-03T05:31:03.100+0000] {processor.py:208} INFO - Processing /home/airflow/.local/lib/python3.12/site-packages/airflow/example_dags/example_branch_python_dop_operator_3.py took 0.105 seconds
[2024-11-03T05:31:33.825+0000] {processor.py:186} INFO - Started process (PID=1500) to work on /home/airflow/.local/lib/python3.12/site-packages/airflow/example_dags/example_branch_python_dop_operator_3.py
[2024-11-03T05:31:33.826+0000] {processor.py:914} INFO - Processing file /home/airflow/.local/lib/python3.12/site-packages/airflow/example_dags/example_branch_python_dop_operator_3.py for tasks to queue
[2024-11-03T05:31:33.830+0000] {logging_mixin.py:190} INFO - [2024-11-03T05:31:33.830+0000] {dagbag.py:588} INFO - Filling up the DagBag from /home/airflow/.local/lib/python3.12/site-packages/airflow/example_dags/example_branch_python_dop_operator_3.py
[2024-11-03T05:31:33.843+0000] {processor.py:925} INFO - DAG(s) 'example_branch_dop_operator_v3' retrieved from /home/airflow/.local/lib/python3.12/site-packages/airflow/example_dags/example_branch_python_dop_operator_3.py
[2024-11-03T05:31:33.870+0000] {logging_mixin.py:190} INFO - [2024-11-03T05:31:33.870+0000] {dag.py:3239} INFO - Sync 1 DAGs
[2024-11-03T05:31:33.904+0000] {logging_mixin.py:190} INFO - [2024-11-03T05:31:33.904+0000] {dag.py:4180} INFO - Setting next_dagrun for example_branch_dop_operator_v3 to 2024-11-03 05:30:00+00:00, run_after=2024-11-03 05:31:00+00:00
[2024-11-03T05:31:33.935+0000] {processor.py:208} INFO - Processing /home/airflow/.local/lib/python3.12/site-packages/airflow/example_dags/example_branch_python_dop_operator_3.py took 0.118 seconds
[2024-11-03T05:32:04.647+0000] {processor.py:186} INFO - Started process (PID=1791) to work on /home/airflow/.local/lib/python3.12/site-packages/airflow/example_dags/example_branch_python_dop_operator_3.py
[2024-11-03T05:32:04.649+0000] {processor.py:914} INFO - Processing file /home/airflow/.local/lib/python3.12/site-packages/airflow/example_dags/example_branch_python_dop_operator_3.py for tasks to queue
[2024-11-03T05:32:04.651+0000] {logging_mixin.py:190} INFO - [2024-11-03T05:32:04.651+0000] {dagbag.py:588} INFO - Filling up the DagBag from /home/airflow/.local/lib/python3.12/site-packages/airflow/example_dags/example_branch_python_dop_operator_3.py
[2024-11-03T05:32:04.667+0000] {processor.py:925} INFO - DAG(s) 'example_branch_dop_operator_v3' retrieved from /home/airflow/.local/lib/python3.12/site-packages/airflow/example_dags/example_branch_python_dop_operator_3.py
[2024-11-03T05:32:04.696+0000] {logging_mixin.py:190} INFO - [2024-11-03T05:32:04.695+0000] {dag.py:3239} INFO - Sync 1 DAGs
[2024-11-03T05:32:04.733+0000] {logging_mixin.py:190} INFO - [2024-11-03T05:32:04.732+0000] {dag.py:4180} INFO - Setting next_dagrun for example_branch_dop_operator_v3 to 2024-11-03 05:31:00+00:00, run_after=2024-11-03 05:32:00+00:00
[2024-11-03T05:32:04.763+0000] {processor.py:208} INFO - Processing /home/airflow/.local/lib/python3.12/site-packages/airflow/example_dags/example_branch_python_dop_operator_3.py took 0.125 seconds
[2024-11-03T05:32:35.603+0000] {processor.py:186} INFO - Started process (PID=2082) to work on /home/airflow/.local/lib/python3.12/site-packages/airflow/example_dags/example_branch_python_dop_operator_3.py
[2024-11-03T05:32:35.604+0000] {processor.py:914} INFO - Processing file /home/airflow/.local/lib/python3.12/site-packages/airflow/example_dags/example_branch_python_dop_operator_3.py for tasks to queue
[2024-11-03T05:32:35.607+0000] {logging_mixin.py:190} INFO - [2024-11-03T05:32:35.606+0000] {dagbag.py:588} INFO - Filling up the DagBag from /home/airflow/.local/lib/python3.12/site-packages/airflow/example_dags/example_branch_python_dop_operator_3.py
[2024-11-03T05:32:35.622+0000] {processor.py:925} INFO - DAG(s) 'example_branch_dop_operator_v3' retrieved from /home/airflow/.local/lib/python3.12/site-packages/airflow/example_dags/example_branch_python_dop_operator_3.py
[2024-11-03T05:32:35.650+0000] {logging_mixin.py:190} INFO - [2024-11-03T05:32:35.650+0000] {dag.py:3239} INFO - Sync 1 DAGs
[2024-11-03T05:32:35.692+0000] {logging_mixin.py:190} INFO - [2024-11-03T05:32:35.691+0000] {dag.py:4180} INFO - Setting next_dagrun for example_branch_dop_operator_v3 to 2024-11-03 05:31:00+00:00, run_after=2024-11-03 05:32:00+00:00
[2024-11-03T05:32:35.722+0000] {processor.py:208} INFO - Processing /home/airflow/.local/lib/python3.12/site-packages/airflow/example_dags/example_branch_python_dop_operator_3.py took 0.129 seconds
[2024-11-03T05:33:05.925+0000] {processor.py:186} INFO - Started process (PID=2371) to work on /home/airflow/.local/lib/python3.12/site-packages/airflow/example_dags/example_branch_python_dop_operator_3.py
[2024-11-03T05:33:05.926+0000] {processor.py:914} INFO - Processing file /home/airflow/.local/lib/python3.12/site-packages/airflow/example_dags/example_branch_python_dop_operator_3.py for tasks to queue
[2024-11-03T05:33:05.929+0000] {logging_mixin.py:190} INFO - [2024-11-03T05:33:05.928+0000] {dagbag.py:588} INFO - Filling up the DagBag from /home/airflow/.local/lib/python3.12/site-packages/airflow/example_dags/example_branch_python_dop_operator_3.py
[2024-11-03T05:33:05.942+0000] {processor.py:925} INFO - DAG(s) 'example_branch_dop_operator_v3' retrieved from /home/airflow/.local/lib/python3.12/site-packages/airflow/example_dags/example_branch_python_dop_operator_3.py
[2024-11-03T05:33:05.968+0000] {logging_mixin.py:190} INFO - [2024-11-03T05:33:05.967+0000] {dag.py:3239} INFO - Sync 1 DAGs
[2024-11-03T05:33:06.000+0000] {logging_mixin.py:190} INFO - [2024-11-03T05:33:05.999+0000] {dag.py:4180} INFO - Setting next_dagrun for example_branch_dop_operator_v3 to 2024-11-03 05:32:00+00:00, run_after=2024-11-03 05:33:00+00:00
[2024-11-03T05:33:06.026+0000] {processor.py:208} INFO - Processing /home/airflow/.local/lib/python3.12/site-packages/airflow/example_dags/example_branch_python_dop_operator_3.py took 0.111 seconds
[2024-11-03T05:33:36.743+0000] {processor.py:186} INFO - Started process (PID=2662) to work on /home/airflow/.local/lib/python3.12/site-packages/airflow/example_dags/example_branch_python_dop_operator_3.py
[2024-11-03T05:33:36.745+0000] {processor.py:914} INFO - Processing file /home/airflow/.local/lib/python3.12/site-packages/airflow/example_dags/example_branch_python_dop_operator_3.py for tasks to queue
[2024-11-03T05:33:36.750+0000] {logging_mixin.py:190} INFO - [2024-11-03T05:33:36.749+0000] {dagbag.py:588} INFO - Filling up the DagBag from /home/airflow/.local/lib/python3.12/site-packages/airflow/example_dags/example_branch_python_dop_operator_3.py
[2024-11-03T05:33:36.768+0000] {processor.py:925} INFO - DAG(s) 'example_branch_dop_operator_v3' retrieved from /home/airflow/.local/lib/python3.12/site-packages/airflow/example_dags/example_branch_python_dop_operator_3.py
[2024-11-03T05:33:36.807+0000] {logging_mixin.py:190} INFO - [2024-11-03T05:33:36.807+0000] {dag.py:3239} INFO - Sync 1 DAGs
[2024-11-03T05:33:36.857+0000] {logging_mixin.py:190} INFO - [2024-11-03T05:33:36.857+0000] {dag.py:4180} INFO - Setting next_dagrun for example_branch_dop_operator_v3 to 2024-11-03 05:32:00+00:00, run_after=2024-11-03 05:33:00+00:00
[2024-11-03T05:33:36.892+0000] {processor.py:208} INFO - Processing /home/airflow/.local/lib/python3.12/site-packages/airflow/example_dags/example_branch_python_dop_operator_3.py took 0.161 seconds
[2024-11-03T05:34:07.224+0000] {processor.py:186} INFO - Started process (PID=2953) to work on /home/airflow/.local/lib/python3.12/site-packages/airflow/example_dags/example_branch_python_dop_operator_3.py
[2024-11-03T05:34:07.225+0000] {processor.py:914} INFO - Processing file /home/airflow/.local/lib/python3.12/site-packages/airflow/example_dags/example_branch_python_dop_operator_3.py for tasks to queue
[2024-11-03T05:34:07.227+0000] {logging_mixin.py:190} INFO - [2024-11-03T05:34:07.227+0000] {dagbag.py:588} INFO - Filling up the DagBag from /home/airflow/.local/lib/python3.12/site-packages/airflow/example_dags/example_branch_python_dop_operator_3.py
[2024-11-03T05:34:07.237+0000] {processor.py:925} INFO - DAG(s) 'example_branch_dop_operator_v3' retrieved from /home/airflow/.local/lib/python3.12/site-packages/airflow/example_dags/example_branch_python_dop_operator_3.py
[2024-11-03T05:34:07.258+0000] {logging_mixin.py:190} INFO - [2024-11-03T05:34:07.258+0000] {dag.py:3239} INFO - Sync 1 DAGs
[2024-11-03T05:34:07.289+0000] {logging_mixin.py:190} INFO - [2024-11-03T05:34:07.288+0000] {dag.py:4180} INFO - Setting next_dagrun for example_branch_dop_operator_v3 to 2024-11-03 05:33:00+00:00, run_after=2024-11-03 05:34:00+00:00
[2024-11-03T05:34:07.311+0000] {processor.py:208} INFO - Processing /home/airflow/.local/lib/python3.12/site-packages/airflow/example_dags/example_branch_python_dop_operator_3.py took 0.093 seconds
[2024-11-03T05:34:38.352+0000] {processor.py:186} INFO - Started process (PID=3244) to work on /home/airflow/.local/lib/python3.12/site-packages/airflow/example_dags/example_branch_python_dop_operator_3.py
[2024-11-03T05:34:38.354+0000] {processor.py:914} INFO - Processing file /home/airflow/.local/lib/python3.12/site-packages/airflow/example_dags/example_branch_python_dop_operator_3.py for tasks to queue
[2024-11-03T05:34:38.358+0000] {logging_mixin.py:190} INFO - [2024-11-03T05:34:38.357+0000] {dagbag.py:588} INFO - Filling up the DagBag from /home/airflow/.local/lib/python3.12/site-packages/airflow/example_dags/example_branch_python_dop_operator_3.py
[2024-11-03T05:34:38.376+0000] {processor.py:925} INFO - DAG(s) 'example_branch_dop_operator_v3' retrieved from /home/airflow/.local/lib/python3.12/site-packages/airflow/example_dags/example_branch_python_dop_operator_3.py
[2024-11-03T05:34:38.414+0000] {logging_mixin.py:190} INFO - [2024-11-03T05:34:38.413+0000] {dag.py:3239} INFO - Sync 1 DAGs
[2024-11-03T05:34:38.471+0000] {logging_mixin.py:190} INFO - [2024-11-03T05:34:38.470+0000] {dag.py:4180} INFO - Setting next_dagrun for example_branch_dop_operator_v3 to 2024-11-03 05:33:00+00:00, run_after=2024-11-03 05:34:00+00:00
[2024-11-03T05:34:38.511+0000] {processor.py:208} INFO - Processing /home/airflow/.local/lib/python3.12/site-packages/airflow/example_dags/example_branch_python_dop_operator_3.py took 0.173 seconds
[2024-11-03T05:35:09.047+0000] {processor.py:186} INFO - Started process (PID=3535) to work on /home/airflow/.local/lib/python3.12/site-packages/airflow/example_dags/example_branch_python_dop_operator_3.py
[2024-11-03T05:35:09.051+0000] {processor.py:914} INFO - Processing file /home/airflow/.local/lib/python3.12/site-packages/airflow/example_dags/example_branch_python_dop_operator_3.py for tasks to queue
[2024-11-03T05:35:09.056+0000] {logging_mixin.py:190} INFO - [2024-11-03T05:35:09.055+0000] {dagbag.py:588} INFO - Filling up the DagBag from /home/airflow/.local/lib/python3.12/site-packages/airflow/example_dags/example_branch_python_dop_operator_3.py
[2024-11-03T05:35:09.084+0000] {processor.py:925} INFO - DAG(s) 'example_branch_dop_operator_v3' retrieved from /home/airflow/.local/lib/python3.12/site-packages/airflow/example_dags/example_branch_python_dop_operator_3.py
[2024-11-03T05:35:09.141+0000] {logging_mixin.py:190} INFO - [2024-11-03T05:35:09.140+0000] {dag.py:3239} INFO - Sync 1 DAGs
[2024-11-03T05:35:09.242+0000] {logging_mixin.py:190} INFO - [2024-11-03T05:35:09.242+0000] {dag.py:4180} INFO - Setting next_dagrun for example_branch_dop_operator_v3 to 2024-11-03 05:34:00+00:00, run_after=2024-11-03 05:35:00+00:00
[2024-11-03T05:35:09.290+0000] {processor.py:208} INFO - Processing /home/airflow/.local/lib/python3.12/site-packages/airflow/example_dags/example_branch_python_dop_operator_3.py took 0.255 seconds
[2024-11-03T05:35:39.457+0000] {processor.py:186} INFO - Started process (PID=3824) to work on /home/airflow/.local/lib/python3.12/site-packages/airflow/example_dags/example_branch_python_dop_operator_3.py
[2024-11-03T05:35:39.458+0000] {processor.py:914} INFO - Processing file /home/airflow/.local/lib/python3.12/site-packages/airflow/example_dags/example_branch_python_dop_operator_3.py for tasks to queue
[2024-11-03T05:35:39.461+0000] {logging_mixin.py:190} INFO - [2024-11-03T05:35:39.461+0000] {dagbag.py:588} INFO - Filling up the DagBag from /home/airflow/.local/lib/python3.12/site-packages/airflow/example_dags/example_branch_python_dop_operator_3.py
[2024-11-03T05:35:39.477+0000] {processor.py:925} INFO - DAG(s) 'example_branch_dop_operator_v3' retrieved from /home/airflow/.local/lib/python3.12/site-packages/airflow/example_dags/example_branch_python_dop_operator_3.py
[2024-11-03T05:35:39.502+0000] {logging_mixin.py:190} INFO - [2024-11-03T05:35:39.502+0000] {dag.py:3239} INFO - Sync 1 DAGs
[2024-11-03T05:35:39.552+0000] {logging_mixin.py:190} INFO - [2024-11-03T05:35:39.551+0000] {dag.py:4180} INFO - Setting next_dagrun for example_branch_dop_operator_v3 to 2024-11-03 05:34:00+00:00, run_after=2024-11-03 05:35:00+00:00
[2024-11-03T05:35:39.584+0000] {processor.py:208} INFO - Processing /home/airflow/.local/lib/python3.12/site-packages/airflow/example_dags/example_branch_python_dop_operator_3.py took 0.137 seconds
[2024-11-03T05:36:10.087+0000] {processor.py:186} INFO - Started process (PID=4115) to work on /home/airflow/.local/lib/python3.12/site-packages/airflow/example_dags/example_branch_python_dop_operator_3.py
[2024-11-03T05:36:10.088+0000] {processor.py:914} INFO - Processing file /home/airflow/.local/lib/python3.12/site-packages/airflow/example_dags/example_branch_python_dop_operator_3.py for tasks to queue
[2024-11-03T05:36:10.091+0000] {logging_mixin.py:190} INFO - [2024-11-03T05:36:10.090+0000] {dagbag.py:588} INFO - Filling up the DagBag from /home/airflow/.local/lib/python3.12/site-packages/airflow/example_dags/example_branch_python_dop_operator_3.py
[2024-11-03T05:36:10.101+0000] {processor.py:925} INFO - DAG(s) 'example_branch_dop_operator_v3' retrieved from /home/airflow/.local/lib/python3.12/site-packages/airflow/example_dags/example_branch_python_dop_operator_3.py
[2024-11-03T05:36:10.122+0000] {logging_mixin.py:190} INFO - [2024-11-03T05:36:10.122+0000] {dag.py:3239} INFO - Sync 1 DAGs
[2024-11-03T05:36:10.152+0000] {logging_mixin.py:190} INFO - [2024-11-03T05:36:10.152+0000] {dag.py:4180} INFO - Setting next_dagrun for example_branch_dop_operator_v3 to 2024-11-03 05:35:00+00:00, run_after=2024-11-03 05:36:00+00:00
[2024-11-03T05:36:10.188+0000] {processor.py:208} INFO - Processing /home/airflow/.local/lib/python3.12/site-packages/airflow/example_dags/example_branch_python_dop_operator_3.py took 0.108 seconds
[2024-11-03T05:36:40.400+0000] {processor.py:186} INFO - Started process (PID=4408) to work on /home/airflow/.local/lib/python3.12/site-packages/airflow/example_dags/example_branch_python_dop_operator_3.py
[2024-11-03T05:36:40.401+0000] {processor.py:914} INFO - Processing file /home/airflow/.local/lib/python3.12/site-packages/airflow/example_dags/example_branch_python_dop_operator_3.py for tasks to queue
[2024-11-03T05:36:40.404+0000] {logging_mixin.py:190} INFO - [2024-11-03T05:36:40.403+0000] {dagbag.py:588} INFO - Filling up the DagBag from /home/airflow/.local/lib/python3.12/site-packages/airflow/example_dags/example_branch_python_dop_operator_3.py
[2024-11-03T05:36:40.413+0000] {processor.py:925} INFO - DAG(s) 'example_branch_dop_operator_v3' retrieved from /home/airflow/.local/lib/python3.12/site-packages/airflow/example_dags/example_branch_python_dop_operator_3.py
[2024-11-03T05:36:40.431+0000] {logging_mixin.py:190} INFO - [2024-11-03T05:36:40.431+0000] {dag.py:3239} INFO - Sync 1 DAGs
[2024-11-03T05:36:40.458+0000] {logging_mixin.py:190} INFO - [2024-11-03T05:36:40.457+0000] {dag.py:4180} INFO - Setting next_dagrun for example_branch_dop_operator_v3 to 2024-11-03 05:35:00+00:00, run_after=2024-11-03 05:36:00+00:00
[2024-11-03T05:36:40.479+0000] {processor.py:208} INFO - Processing /home/airflow/.local/lib/python3.12/site-packages/airflow/example_dags/example_branch_python_dop_operator_3.py took 0.084 seconds
[2024-11-03T05:37:10.571+0000] {processor.py:186} INFO - Started process (PID=4697) to work on /home/airflow/.local/lib/python3.12/site-packages/airflow/example_dags/example_branch_python_dop_operator_3.py
[2024-11-03T05:37:10.573+0000] {processor.py:914} INFO - Processing file /home/airflow/.local/lib/python3.12/site-packages/airflow/example_dags/example_branch_python_dop_operator_3.py for tasks to queue
[2024-11-03T05:37:10.575+0000] {logging_mixin.py:190} INFO - [2024-11-03T05:37:10.575+0000] {dagbag.py:588} INFO - Filling up the DagBag from /home/airflow/.local/lib/python3.12/site-packages/airflow/example_dags/example_branch_python_dop_operator_3.py
[2024-11-03T05:37:10.585+0000] {processor.py:925} INFO - DAG(s) 'example_branch_dop_operator_v3' retrieved from /home/airflow/.local/lib/python3.12/site-packages/airflow/example_dags/example_branch_python_dop_operator_3.py
[2024-11-03T05:37:10.605+0000] {logging_mixin.py:190} INFO - [2024-11-03T05:37:10.605+0000] {dag.py:3239} INFO - Sync 1 DAGs
[2024-11-03T05:37:10.632+0000] {logging_mixin.py:190} INFO - [2024-11-03T05:37:10.632+0000] {dag.py:4180} INFO - Setting next_dagrun for example_branch_dop_operator_v3 to 2024-11-03 05:36:00+00:00, run_after=2024-11-03 05:37:00+00:00
[2024-11-03T05:37:10.657+0000] {processor.py:208} INFO - Processing /home/airflow/.local/lib/python3.12/site-packages/airflow/example_dags/example_branch_python_dop_operator_3.py took 0.093 seconds
[2024-11-03T05:37:41.079+0000] {processor.py:186} INFO - Started process (PID=4988) to work on /home/airflow/.local/lib/python3.12/site-packages/airflow/example_dags/example_branch_python_dop_operator_3.py
[2024-11-03T05:37:41.080+0000] {processor.py:914} INFO - Processing file /home/airflow/.local/lib/python3.12/site-packages/airflow/example_dags/example_branch_python_dop_operator_3.py for tasks to queue
[2024-11-03T05:37:41.082+0000] {logging_mixin.py:190} INFO - [2024-11-03T05:37:41.082+0000] {dagbag.py:588} INFO - Filling up the DagBag from /home/airflow/.local/lib/python3.12/site-packages/airflow/example_dags/example_branch_python_dop_operator_3.py
[2024-11-03T05:37:41.094+0000] {processor.py:925} INFO - DAG(s) 'example_branch_dop_operator_v3' retrieved from /home/airflow/.local/lib/python3.12/site-packages/airflow/example_dags/example_branch_python_dop_operator_3.py
[2024-11-03T05:37:41.118+0000] {logging_mixin.py:190} INFO - [2024-11-03T05:37:41.118+0000] {dag.py:3239} INFO - Sync 1 DAGs
[2024-11-03T05:37:41.150+0000] {logging_mixin.py:190} INFO - [2024-11-03T05:37:41.149+0000] {dag.py:4180} INFO - Setting next_dagrun for example_branch_dop_operator_v3 to 2024-11-03 05:36:00+00:00, run_after=2024-11-03 05:37:00+00:00
[2024-11-03T05:37:41.172+0000] {processor.py:208} INFO - Processing /home/airflow/.local/lib/python3.12/site-packages/airflow/example_dags/example_branch_python_dop_operator_3.py took 0.101 seconds
[2024-11-03T05:38:12.121+0000] {processor.py:186} INFO - Started process (PID=5279) to work on /home/airflow/.local/lib/python3.12/site-packages/airflow/example_dags/example_branch_python_dop_operator_3.py
[2024-11-03T05:38:12.122+0000] {processor.py:914} INFO - Processing file /home/airflow/.local/lib/python3.12/site-packages/airflow/example_dags/example_branch_python_dop_operator_3.py for tasks to queue
[2024-11-03T05:38:12.124+0000] {logging_mixin.py:190} INFO - [2024-11-03T05:38:12.124+0000] {dagbag.py:588} INFO - Filling up the DagBag from /home/airflow/.local/lib/python3.12/site-packages/airflow/example_dags/example_branch_python_dop_operator_3.py
[2024-11-03T05:38:12.135+0000] {processor.py:925} INFO - DAG(s) 'example_branch_dop_operator_v3' retrieved from /home/airflow/.local/lib/python3.12/site-packages/airflow/example_dags/example_branch_python_dop_operator_3.py
[2024-11-03T05:38:12.157+0000] {logging_mixin.py:190} INFO - [2024-11-03T05:38:12.156+0000] {dag.py:3239} INFO - Sync 1 DAGs
[2024-11-03T05:38:12.184+0000] {logging_mixin.py:190} INFO - [2024-11-03T05:38:12.184+0000] {dag.py:4180} INFO - Setting next_dagrun for example_branch_dop_operator_v3 to 2024-11-03 05:37:00+00:00, run_after=2024-11-03 05:38:00+00:00
[2024-11-03T05:38:12.210+0000] {processor.py:208} INFO - Processing /home/airflow/.local/lib/python3.12/site-packages/airflow/example_dags/example_branch_python_dop_operator_3.py took 0.095 seconds
[2024-11-03T05:38:43.084+0000] {processor.py:186} INFO - Started process (PID=5570) to work on /home/airflow/.local/lib/python3.12/site-packages/airflow/example_dags/example_branch_python_dop_operator_3.py
[2024-11-03T05:38:43.085+0000] {processor.py:914} INFO - Processing file /home/airflow/.local/lib/python3.12/site-packages/airflow/example_dags/example_branch_python_dop_operator_3.py for tasks to queue
[2024-11-03T05:38:43.088+0000] {logging_mixin.py:190} INFO - [2024-11-03T05:38:43.088+0000] {dagbag.py:588} INFO - Filling up the DagBag from /home/airflow/.local/lib/python3.12/site-packages/airflow/example_dags/example_branch_python_dop_operator_3.py
[2024-11-03T05:38:43.099+0000] {processor.py:925} INFO - DAG(s) 'example_branch_dop_operator_v3' retrieved from /home/airflow/.local/lib/python3.12/site-packages/airflow/example_dags/example_branch_python_dop_operator_3.py
[2024-11-03T05:38:43.121+0000] {logging_mixin.py:190} INFO - [2024-11-03T05:38:43.121+0000] {dag.py:3239} INFO - Sync 1 DAGs
[2024-11-03T05:38:43.153+0000] {logging_mixin.py:190} INFO - [2024-11-03T05:38:43.153+0000] {dag.py:4180} INFO - Setting next_dagrun for example_branch_dop_operator_v3 to 2024-11-03 05:37:00+00:00, run_after=2024-11-03 05:38:00+00:00
[2024-11-03T05:38:43.178+0000] {processor.py:208} INFO - Processing /home/airflow/.local/lib/python3.12/site-packages/airflow/example_dags/example_branch_python_dop_operator_3.py took 0.100 seconds
[2024-11-03T05:39:13.401+0000] {processor.py:186} INFO - Started process (PID=5861) to work on /home/airflow/.local/lib/python3.12/site-packages/airflow/example_dags/example_branch_python_dop_operator_3.py
[2024-11-03T05:39:13.402+0000] {processor.py:914} INFO - Processing file /home/airflow/.local/lib/python3.12/site-packages/airflow/example_dags/example_branch_python_dop_operator_3.py for tasks to queue
[2024-11-03T05:39:13.404+0000] {logging_mixin.py:190} INFO - [2024-11-03T05:39:13.404+0000] {dagbag.py:588} INFO - Filling up the DagBag from /home/airflow/.local/lib/python3.12/site-packages/airflow/example_dags/example_branch_python_dop_operator_3.py
[2024-11-03T05:39:13.418+0000] {processor.py:925} INFO - DAG(s) 'example_branch_dop_operator_v3' retrieved from /home/airflow/.local/lib/python3.12/site-packages/airflow/example_dags/example_branch_python_dop_operator_3.py
[2024-11-03T05:39:13.439+0000] {logging_mixin.py:190} INFO - [2024-11-03T05:39:13.439+0000] {dag.py:3239} INFO - Sync 1 DAGs
[2024-11-03T05:39:13.467+0000] {logging_mixin.py:190} INFO - [2024-11-03T05:39:13.466+0000] {dag.py:4180} INFO - Setting next_dagrun for example_branch_dop_operator_v3 to 2024-11-03 05:38:00+00:00, run_after=2024-11-03 05:39:00+00:00
[2024-11-03T05:39:13.491+0000] {processor.py:208} INFO - Processing /home/airflow/.local/lib/python3.12/site-packages/airflow/example_dags/example_branch_python_dop_operator_3.py took 0.097 seconds
[2024-11-03T05:39:44.017+0000] {processor.py:186} INFO - Started process (PID=6152) to work on /home/airflow/.local/lib/python3.12/site-packages/airflow/example_dags/example_branch_python_dop_operator_3.py
[2024-11-03T05:39:44.018+0000] {processor.py:914} INFO - Processing file /home/airflow/.local/lib/python3.12/site-packages/airflow/example_dags/example_branch_python_dop_operator_3.py for tasks to queue
[2024-11-03T05:39:44.020+0000] {logging_mixin.py:190} INFO - [2024-11-03T05:39:44.020+0000] {dagbag.py:588} INFO - Filling up the DagBag from /home/airflow/.local/lib/python3.12/site-packages/airflow/example_dags/example_branch_python_dop_operator_3.py
[2024-11-03T05:39:44.031+0000] {processor.py:925} INFO - DAG(s) 'example_branch_dop_operator_v3' retrieved from /home/airflow/.local/lib/python3.12/site-packages/airflow/example_dags/example_branch_python_dop_operator_3.py
[2024-11-03T05:39:44.053+0000] {logging_mixin.py:190} INFO - [2024-11-03T05:39:44.053+0000] {dag.py:3239} INFO - Sync 1 DAGs
[2024-11-03T05:39:44.083+0000] {logging_mixin.py:190} INFO - [2024-11-03T05:39:44.083+0000] {dag.py:4180} INFO - Setting next_dagrun for example_branch_dop_operator_v3 to 2024-11-03 05:38:00+00:00, run_after=2024-11-03 05:39:00+00:00
[2024-11-03T05:39:44.107+0000] {processor.py:208} INFO - Processing /home/airflow/.local/lib/python3.12/site-packages/airflow/example_dags/example_branch_python_dop_operator_3.py took 0.097 seconds
[2024-11-03T05:40:14.385+0000] {processor.py:186} INFO - Started process (PID=6443) to work on /home/airflow/.local/lib/python3.12/site-packages/airflow/example_dags/example_branch_python_dop_operator_3.py
[2024-11-03T05:40:14.386+0000] {processor.py:914} INFO - Processing file /home/airflow/.local/lib/python3.12/site-packages/airflow/example_dags/example_branch_python_dop_operator_3.py for tasks to queue
[2024-11-03T05:40:14.389+0000] {logging_mixin.py:190} INFO - [2024-11-03T05:40:14.388+0000] {dagbag.py:588} INFO - Filling up the DagBag from /home/airflow/.local/lib/python3.12/site-packages/airflow/example_dags/example_branch_python_dop_operator_3.py
[2024-11-03T05:40:14.400+0000] {processor.py:925} INFO - DAG(s) 'example_branch_dop_operator_v3' retrieved from /home/airflow/.local/lib/python3.12/site-packages/airflow/example_dags/example_branch_python_dop_operator_3.py
[2024-11-03T05:40:14.427+0000] {logging_mixin.py:190} INFO - [2024-11-03T05:40:14.427+0000] {dag.py:3239} INFO - Sync 1 DAGs
[2024-11-03T05:40:14.463+0000] {logging_mixin.py:190} INFO - [2024-11-03T05:40:14.462+0000] {dag.py:4180} INFO - Setting next_dagrun for example_branch_dop_operator_v3 to 2024-11-03 05:39:00+00:00, run_after=2024-11-03 05:40:00+00:00
[2024-11-03T05:40:14.485+0000] {processor.py:208} INFO - Processing /home/airflow/.local/lib/python3.12/site-packages/airflow/example_dags/example_branch_python_dop_operator_3.py took 0.108 seconds
[2024-11-03T05:40:44.899+0000] {processor.py:186} INFO - Started process (PID=6734) to work on /home/airflow/.local/lib/python3.12/site-packages/airflow/example_dags/example_branch_python_dop_operator_3.py
[2024-11-03T05:40:44.901+0000] {processor.py:914} INFO - Processing file /home/airflow/.local/lib/python3.12/site-packages/airflow/example_dags/example_branch_python_dop_operator_3.py for tasks to queue
[2024-11-03T05:40:44.904+0000] {logging_mixin.py:190} INFO - [2024-11-03T05:40:44.903+0000] {dagbag.py:588} INFO - Filling up the DagBag from /home/airflow/.local/lib/python3.12/site-packages/airflow/example_dags/example_branch_python_dop_operator_3.py
[2024-11-03T05:40:44.916+0000] {processor.py:925} INFO - DAG(s) 'example_branch_dop_operator_v3' retrieved from /home/airflow/.local/lib/python3.12/site-packages/airflow/example_dags/example_branch_python_dop_operator_3.py
[2024-11-03T05:40:44.942+0000] {logging_mixin.py:190} INFO - [2024-11-03T05:40:44.941+0000] {dag.py:3239} INFO - Sync 1 DAGs
[2024-11-03T05:40:44.982+0000] {logging_mixin.py:190} INFO - [2024-11-03T05:40:44.982+0000] {dag.py:4180} INFO - Setting next_dagrun for example_branch_dop_operator_v3 to 2024-11-03 05:39:00+00:00, run_after=2024-11-03 05:40:00+00:00
[2024-11-03T05:40:45.016+0000] {processor.py:208} INFO - Processing /home/airflow/.local/lib/python3.12/site-packages/airflow/example_dags/example_branch_python_dop_operator_3.py took 0.128 seconds
[2024-11-03T05:41:15.619+0000] {processor.py:186} INFO - Started process (PID=7027) to work on /home/airflow/.local/lib/python3.12/site-packages/airflow/example_dags/example_branch_python_dop_operator_3.py
[2024-11-03T05:41:15.620+0000] {processor.py:914} INFO - Processing file /home/airflow/.local/lib/python3.12/site-packages/airflow/example_dags/example_branch_python_dop_operator_3.py for tasks to queue
[2024-11-03T05:41:15.622+0000] {logging_mixin.py:190} INFO - [2024-11-03T05:41:15.622+0000] {dagbag.py:588} INFO - Filling up the DagBag from /home/airflow/.local/lib/python3.12/site-packages/airflow/example_dags/example_branch_python_dop_operator_3.py
[2024-11-03T05:41:15.634+0000] {processor.py:925} INFO - DAG(s) 'example_branch_dop_operator_v3' retrieved from /home/airflow/.local/lib/python3.12/site-packages/airflow/example_dags/example_branch_python_dop_operator_3.py
[2024-11-03T05:41:15.656+0000] {logging_mixin.py:190} INFO - [2024-11-03T05:41:15.656+0000] {dag.py:3239} INFO - Sync 1 DAGs
[2024-11-03T05:41:15.688+0000] {logging_mixin.py:190} INFO - [2024-11-03T05:41:15.688+0000] {dag.py:4180} INFO - Setting next_dagrun for example_branch_dop_operator_v3 to 2024-11-03 05:40:00+00:00, run_after=2024-11-03 05:41:00+00:00
[2024-11-03T05:41:15.711+0000] {processor.py:208} INFO - Processing /home/airflow/.local/lib/python3.12/site-packages/airflow/example_dags/example_branch_python_dop_operator_3.py took 0.099 seconds
[2024-11-03T05:41:46.141+0000] {processor.py:186} INFO - Started process (PID=7316) to work on /home/airflow/.local/lib/python3.12/site-packages/airflow/example_dags/example_branch_python_dop_operator_3.py
[2024-11-03T05:41:46.142+0000] {processor.py:914} INFO - Processing file /home/airflow/.local/lib/python3.12/site-packages/airflow/example_dags/example_branch_python_dop_operator_3.py for tasks to queue
[2024-11-03T05:41:46.144+0000] {logging_mixin.py:190} INFO - [2024-11-03T05:41:46.144+0000] {dagbag.py:588} INFO - Filling up the DagBag from /home/airflow/.local/lib/python3.12/site-packages/airflow/example_dags/example_branch_python_dop_operator_3.py
[2024-11-03T05:41:46.154+0000] {processor.py:925} INFO - DAG(s) 'example_branch_dop_operator_v3' retrieved from /home/airflow/.local/lib/python3.12/site-packages/airflow/example_dags/example_branch_python_dop_operator_3.py
[2024-11-03T05:41:46.173+0000] {logging_mixin.py:190} INFO - [2024-11-03T05:41:46.173+0000] {dag.py:3239} INFO - Sync 1 DAGs
[2024-11-03T05:41:46.202+0000] {logging_mixin.py:190} INFO - [2024-11-03T05:41:46.202+0000] {dag.py:4180} INFO - Setting next_dagrun for example_branch_dop_operator_v3 to 2024-11-03 05:40:00+00:00, run_after=2024-11-03 05:41:00+00:00
[2024-11-03T05:41:46.227+0000] {processor.py:208} INFO - Processing /home/airflow/.local/lib/python3.12/site-packages/airflow/example_dags/example_branch_python_dop_operator_3.py took 0.093 seconds
[2024-11-03T05:42:16.464+0000] {processor.py:186} INFO - Started process (PID=7607) to work on /home/airflow/.local/lib/python3.12/site-packages/airflow/example_dags/example_branch_python_dop_operator_3.py
[2024-11-03T05:42:16.465+0000] {processor.py:914} INFO - Processing file /home/airflow/.local/lib/python3.12/site-packages/airflow/example_dags/example_branch_python_dop_operator_3.py for tasks to queue
[2024-11-03T05:42:16.467+0000] {logging_mixin.py:190} INFO - [2024-11-03T05:42:16.467+0000] {dagbag.py:588} INFO - Filling up the DagBag from /home/airflow/.local/lib/python3.12/site-packages/airflow/example_dags/example_branch_python_dop_operator_3.py
[2024-11-03T05:42:16.477+0000] {processor.py:925} INFO - DAG(s) 'example_branch_dop_operator_v3' retrieved from /home/airflow/.local/lib/python3.12/site-packages/airflow/example_dags/example_branch_python_dop_operator_3.py
[2024-11-03T05:42:16.498+0000] {logging_mixin.py:190} INFO - [2024-11-03T05:42:16.497+0000] {dag.py:3239} INFO - Sync 1 DAGs
[2024-11-03T05:42:16.526+0000] {logging_mixin.py:190} INFO - [2024-11-03T05:42:16.526+0000] {dag.py:4180} INFO - Setting next_dagrun for example_branch_dop_operator_v3 to 2024-11-03 05:41:00+00:00, run_after=2024-11-03 05:42:00+00:00
[2024-11-03T05:42:16.547+0000] {processor.py:208} INFO - Processing /home/airflow/.local/lib/python3.12/site-packages/airflow/example_dags/example_branch_python_dop_operator_3.py took 0.089 seconds
[2024-11-03T05:42:47.210+0000] {processor.py:186} INFO - Started process (PID=7899) to work on /home/airflow/.local/lib/python3.12/site-packages/airflow/example_dags/example_branch_python_dop_operator_3.py
[2024-11-03T05:42:47.211+0000] {processor.py:914} INFO - Processing file /home/airflow/.local/lib/python3.12/site-packages/airflow/example_dags/example_branch_python_dop_operator_3.py for tasks to queue
[2024-11-03T05:42:47.214+0000] {logging_mixin.py:190} INFO - [2024-11-03T05:42:47.213+0000] {dagbag.py:588} INFO - Filling up the DagBag from /home/airflow/.local/lib/python3.12/site-packages/airflow/example_dags/example_branch_python_dop_operator_3.py
[2024-11-03T05:42:47.224+0000] {processor.py:925} INFO - DAG(s) 'example_branch_dop_operator_v3' retrieved from /home/airflow/.local/lib/python3.12/site-packages/airflow/example_dags/example_branch_python_dop_operator_3.py
[2024-11-03T05:42:47.245+0000] {logging_mixin.py:190} INFO - [2024-11-03T05:42:47.244+0000] {dag.py:3239} INFO - Sync 1 DAGs
[2024-11-03T05:42:47.272+0000] {logging_mixin.py:190} INFO - [2024-11-03T05:42:47.272+0000] {dag.py:4180} INFO - Setting next_dagrun for example_branch_dop_operator_v3 to 2024-11-03 05:41:00+00:00, run_after=2024-11-03 05:42:00+00:00
[2024-11-03T05:42:47.294+0000] {processor.py:208} INFO - Processing /home/airflow/.local/lib/python3.12/site-packages/airflow/example_dags/example_branch_python_dop_operator_3.py took 0.090 seconds
[2024-11-03T05:43:18.062+0000] {processor.py:186} INFO - Started process (PID=8190) to work on /home/airflow/.local/lib/python3.12/site-packages/airflow/example_dags/example_branch_python_dop_operator_3.py
[2024-11-03T05:43:18.063+0000] {processor.py:914} INFO - Processing file /home/airflow/.local/lib/python3.12/site-packages/airflow/example_dags/example_branch_python_dop_operator_3.py for tasks to queue
[2024-11-03T05:43:18.066+0000] {logging_mixin.py:190} INFO - [2024-11-03T05:43:18.065+0000] {dagbag.py:588} INFO - Filling up the DagBag from /home/airflow/.local/lib/python3.12/site-packages/airflow/example_dags/example_branch_python_dop_operator_3.py
[2024-11-03T05:43:18.075+0000] {processor.py:925} INFO - DAG(s) 'example_branch_dop_operator_v3' retrieved from /home/airflow/.local/lib/python3.12/site-packages/airflow/example_dags/example_branch_python_dop_operator_3.py
[2024-11-03T05:43:18.098+0000] {logging_mixin.py:190} INFO - [2024-11-03T05:43:18.098+0000] {dag.py:3239} INFO - Sync 1 DAGs
[2024-11-03T05:43:18.141+0000] {logging_mixin.py:190} INFO - [2024-11-03T05:43:18.141+0000] {dag.py:4180} INFO - Setting next_dagrun for example_branch_dop_operator_v3 to 2024-11-03 05:42:00+00:00, run_after=2024-11-03 05:43:00+00:00
[2024-11-03T05:43:18.165+0000] {processor.py:208} INFO - Processing /home/airflow/.local/lib/python3.12/site-packages/airflow/example_dags/example_branch_python_dop_operator_3.py took 0.109 seconds
[2024-11-03T05:43:48.400+0000] {processor.py:186} INFO - Started process (PID=8481) to work on /home/airflow/.local/lib/python3.12/site-packages/airflow/example_dags/example_branch_python_dop_operator_3.py
[2024-11-03T05:43:48.401+0000] {processor.py:914} INFO - Processing file /home/airflow/.local/lib/python3.12/site-packages/airflow/example_dags/example_branch_python_dop_operator_3.py for tasks to queue
[2024-11-03T05:43:48.403+0000] {logging_mixin.py:190} INFO - [2024-11-03T05:43:48.403+0000] {dagbag.py:588} INFO - Filling up the DagBag from /home/airflow/.local/lib/python3.12/site-packages/airflow/example_dags/example_branch_python_dop_operator_3.py
[2024-11-03T05:43:48.413+0000] {processor.py:925} INFO - DAG(s) 'example_branch_dop_operator_v3' retrieved from /home/airflow/.local/lib/python3.12/site-packages/airflow/example_dags/example_branch_python_dop_operator_3.py
[2024-11-03T05:43:48.433+0000] {logging_mixin.py:190} INFO - [2024-11-03T05:43:48.433+0000] {dag.py:3239} INFO - Sync 1 DAGs
[2024-11-03T05:43:48.461+0000] {logging_mixin.py:190} INFO - [2024-11-03T05:43:48.461+0000] {dag.py:4180} INFO - Setting next_dagrun for example_branch_dop_operator_v3 to 2024-11-03 05:42:00+00:00, run_after=2024-11-03 05:43:00+00:00
[2024-11-03T05:43:48.482+0000] {processor.py:208} INFO - Processing /home/airflow/.local/lib/python3.12/site-packages/airflow/example_dags/example_branch_python_dop_operator_3.py took 0.088 seconds
[2024-11-03T05:44:18.747+0000] {processor.py:186} INFO - Started process (PID=8772) to work on /home/airflow/.local/lib/python3.12/site-packages/airflow/example_dags/example_branch_python_dop_operator_3.py
[2024-11-03T05:44:18.748+0000] {processor.py:914} INFO - Processing file /home/airflow/.local/lib/python3.12/site-packages/airflow/example_dags/example_branch_python_dop_operator_3.py for tasks to queue
[2024-11-03T05:44:18.750+0000] {logging_mixin.py:190} INFO - [2024-11-03T05:44:18.750+0000] {dagbag.py:588} INFO - Filling up the DagBag from /home/airflow/.local/lib/python3.12/site-packages/airflow/example_dags/example_branch_python_dop_operator_3.py
[2024-11-03T05:44:18.765+0000] {processor.py:925} INFO - DAG(s) 'example_branch_dop_operator_v3' retrieved from /home/airflow/.local/lib/python3.12/site-packages/airflow/example_dags/example_branch_python_dop_operator_3.py
[2024-11-03T05:44:18.791+0000] {logging_mixin.py:190} INFO - [2024-11-03T05:44:18.791+0000] {dag.py:3239} INFO - Sync 1 DAGs
[2024-11-03T05:44:18.828+0000] {logging_mixin.py:190} INFO - [2024-11-03T05:44:18.827+0000] {dag.py:4180} INFO - Setting next_dagrun for example_branch_dop_operator_v3 to 2024-11-03 05:43:00+00:00, run_after=2024-11-03 05:44:00+00:00
[2024-11-03T05:44:18.860+0000] {processor.py:208} INFO - Processing /home/airflow/.local/lib/python3.12/site-packages/airflow/example_dags/example_branch_python_dop_operator_3.py took 0.120 seconds
[2024-11-03T05:44:48.937+0000] {processor.py:186} INFO - Started process (PID=9058) to work on /home/airflow/.local/lib/python3.12/site-packages/airflow/example_dags/example_branch_python_dop_operator_3.py
[2024-11-03T05:44:48.939+0000] {processor.py:914} INFO - Processing file /home/airflow/.local/lib/python3.12/site-packages/airflow/example_dags/example_branch_python_dop_operator_3.py for tasks to queue
[2024-11-03T05:44:48.943+0000] {logging_mixin.py:190} INFO - [2024-11-03T05:44:48.942+0000] {dagbag.py:588} INFO - Filling up the DagBag from /home/airflow/.local/lib/python3.12/site-packages/airflow/example_dags/example_branch_python_dop_operator_3.py
[2024-11-03T05:44:48.962+0000] {processor.py:925} INFO - DAG(s) 'example_branch_dop_operator_v3' retrieved from /home/airflow/.local/lib/python3.12/site-packages/airflow/example_dags/example_branch_python_dop_operator_3.py
[2024-11-03T05:44:48.991+0000] {logging_mixin.py:190} INFO - [2024-11-03T05:44:48.991+0000] {dag.py:3239} INFO - Sync 1 DAGs
[2024-11-03T05:44:49.022+0000] {logging_mixin.py:190} INFO - [2024-11-03T05:44:49.021+0000] {dag.py:4180} INFO - Setting next_dagrun for example_branch_dop_operator_v3 to 2024-11-03 05:43:00+00:00, run_after=2024-11-03 05:44:00+00:00
[2024-11-03T05:44:49.044+0000] {processor.py:208} INFO - Processing /home/airflow/.local/lib/python3.12/site-packages/airflow/example_dags/example_branch_python_dop_operator_3.py took 0.113 seconds
[2024-11-03T05:45:19.149+0000] {processor.py:186} INFO - Started process (PID=9355) to work on /home/airflow/.local/lib/python3.12/site-packages/airflow/example_dags/example_branch_python_dop_operator_3.py
[2024-11-03T05:45:19.150+0000] {processor.py:914} INFO - Processing file /home/airflow/.local/lib/python3.12/site-packages/airflow/example_dags/example_branch_python_dop_operator_3.py for tasks to queue
[2024-11-03T05:45:19.152+0000] {logging_mixin.py:190} INFO - [2024-11-03T05:45:19.152+0000] {dagbag.py:588} INFO - Filling up the DagBag from /home/airflow/.local/lib/python3.12/site-packages/airflow/example_dags/example_branch_python_dop_operator_3.py
[2024-11-03T05:45:19.162+0000] {processor.py:925} INFO - DAG(s) 'example_branch_dop_operator_v3' retrieved from /home/airflow/.local/lib/python3.12/site-packages/airflow/example_dags/example_branch_python_dop_operator_3.py
[2024-11-03T05:45:19.182+0000] {logging_mixin.py:190} INFO - [2024-11-03T05:45:19.182+0000] {dag.py:3239} INFO - Sync 1 DAGs
[2024-11-03T05:45:19.211+0000] {logging_mixin.py:190} INFO - [2024-11-03T05:45:19.211+0000] {dag.py:4180} INFO - Setting next_dagrun for example_branch_dop_operator_v3 to 2024-11-03 05:44:00+00:00, run_after=2024-11-03 05:45:00+00:00
[2024-11-03T05:45:19.235+0000] {processor.py:208} INFO - Processing /home/airflow/.local/lib/python3.12/site-packages/airflow/example_dags/example_branch_python_dop_operator_3.py took 0.092 seconds
[2024-11-03T05:45:49.485+0000] {processor.py:186} INFO - Started process (PID=9646) to work on /home/airflow/.local/lib/python3.12/site-packages/airflow/example_dags/example_branch_python_dop_operator_3.py
[2024-11-03T05:45:49.486+0000] {processor.py:914} INFO - Processing file /home/airflow/.local/lib/python3.12/site-packages/airflow/example_dags/example_branch_python_dop_operator_3.py for tasks to queue
[2024-11-03T05:45:49.489+0000] {logging_mixin.py:190} INFO - [2024-11-03T05:45:49.488+0000] {dagbag.py:588} INFO - Filling up the DagBag from /home/airflow/.local/lib/python3.12/site-packages/airflow/example_dags/example_branch_python_dop_operator_3.py
[2024-11-03T05:45:49.500+0000] {processor.py:925} INFO - DAG(s) 'example_branch_dop_operator_v3' retrieved from /home/airflow/.local/lib/python3.12/site-packages/airflow/example_dags/example_branch_python_dop_operator_3.py
[2024-11-03T05:45:49.523+0000] {logging_mixin.py:190} INFO - [2024-11-03T05:45:49.523+0000] {dag.py:3239} INFO - Sync 1 DAGs
[2024-11-03T05:45:49.554+0000] {logging_mixin.py:190} INFO - [2024-11-03T05:45:49.554+0000] {dag.py:4180} INFO - Setting next_dagrun for example_branch_dop_operator_v3 to 2024-11-03 05:44:00+00:00, run_after=2024-11-03 05:45:00+00:00
[2024-11-03T05:45:49.591+0000] {processor.py:208} INFO - Processing /home/airflow/.local/lib/python3.12/site-packages/airflow/example_dags/example_branch_python_dop_operator_3.py took 0.112 seconds
[2024-11-03T05:46:19.712+0000] {processor.py:186} INFO - Started process (PID=9937) to work on /home/airflow/.local/lib/python3.12/site-packages/airflow/example_dags/example_branch_python_dop_operator_3.py
[2024-11-03T05:46:19.713+0000] {processor.py:914} INFO - Processing file /home/airflow/.local/lib/python3.12/site-packages/airflow/example_dags/example_branch_python_dop_operator_3.py for tasks to queue
[2024-11-03T05:46:19.716+0000] {logging_mixin.py:190} INFO - [2024-11-03T05:46:19.715+0000] {dagbag.py:588} INFO - Filling up the DagBag from /home/airflow/.local/lib/python3.12/site-packages/airflow/example_dags/example_branch_python_dop_operator_3.py
[2024-11-03T05:46:19.728+0000] {processor.py:925} INFO - DAG(s) 'example_branch_dop_operator_v3' retrieved from /home/airflow/.local/lib/python3.12/site-packages/airflow/example_dags/example_branch_python_dop_operator_3.py
[2024-11-03T05:46:19.750+0000] {logging_mixin.py:190} INFO - [2024-11-03T05:46:19.750+0000] {dag.py:3239} INFO - Sync 1 DAGs
[2024-11-03T05:46:19.781+0000] {logging_mixin.py:190} INFO - [2024-11-03T05:46:19.781+0000] {dag.py:4180} INFO - Setting next_dagrun for example_branch_dop_operator_v3 to 2024-11-03 05:45:00+00:00, run_after=2024-11-03 05:46:00+00:00
[2024-11-03T05:46:19.808+0000] {processor.py:208} INFO - Processing /home/airflow/.local/lib/python3.12/site-packages/airflow/example_dags/example_branch_python_dop_operator_3.py took 0.102 seconds
[2024-11-03T05:46:49.988+0000] {processor.py:186} INFO - Started process (PID=10230) to work on /home/airflow/.local/lib/python3.12/site-packages/airflow/example_dags/example_branch_python_dop_operator_3.py
[2024-11-03T05:46:49.989+0000] {processor.py:914} INFO - Processing file /home/airflow/.local/lib/python3.12/site-packages/airflow/example_dags/example_branch_python_dop_operator_3.py for tasks to queue
[2024-11-03T05:46:49.992+0000] {logging_mixin.py:190} INFO - [2024-11-03T05:46:49.992+0000] {dagbag.py:588} INFO - Filling up the DagBag from /home/airflow/.local/lib/python3.12/site-packages/airflow/example_dags/example_branch_python_dop_operator_3.py
[2024-11-03T05:46:50.002+0000] {processor.py:925} INFO - DAG(s) 'example_branch_dop_operator_v3' retrieved from /home/airflow/.local/lib/python3.12/site-packages/airflow/example_dags/example_branch_python_dop_operator_3.py
[2024-11-03T05:46:50.023+0000] {logging_mixin.py:190} INFO - [2024-11-03T05:46:50.022+0000] {dag.py:3239} INFO - Sync 1 DAGs
[2024-11-03T05:46:50.052+0000] {logging_mixin.py:190} INFO - [2024-11-03T05:46:50.052+0000] {dag.py:4180} INFO - Setting next_dagrun for example_branch_dop_operator_v3 to 2024-11-03 05:45:00+00:00, run_after=2024-11-03 05:46:00+00:00
[2024-11-03T05:46:50.078+0000] {processor.py:208} INFO - Processing /home/airflow/.local/lib/python3.12/site-packages/airflow/example_dags/example_branch_python_dop_operator_3.py took 0.096 seconds
[2024-11-03T05:47:20.361+0000] {processor.py:186} INFO - Started process (PID=10521) to work on /home/airflow/.local/lib/python3.12/site-packages/airflow/example_dags/example_branch_python_dop_operator_3.py
[2024-11-03T05:47:20.362+0000] {processor.py:914} INFO - Processing file /home/airflow/.local/lib/python3.12/site-packages/airflow/example_dags/example_branch_python_dop_operator_3.py for tasks to queue
[2024-11-03T05:47:20.365+0000] {logging_mixin.py:190} INFO - [2024-11-03T05:47:20.364+0000] {dagbag.py:588} INFO - Filling up the DagBag from /home/airflow/.local/lib/python3.12/site-packages/airflow/example_dags/example_branch_python_dop_operator_3.py
[2024-11-03T05:47:20.375+0000] {processor.py:925} INFO - DAG(s) 'example_branch_dop_operator_v3' retrieved from /home/airflow/.local/lib/python3.12/site-packages/airflow/example_dags/example_branch_python_dop_operator_3.py
[2024-11-03T05:47:20.396+0000] {logging_mixin.py:190} INFO - [2024-11-03T05:47:20.396+0000] {dag.py:3239} INFO - Sync 1 DAGs
[2024-11-03T05:47:20.423+0000] {logging_mixin.py:190} INFO - [2024-11-03T05:47:20.423+0000] {dag.py:4180} INFO - Setting next_dagrun for example_branch_dop_operator_v3 to 2024-11-03 05:46:00+00:00, run_after=2024-11-03 05:47:00+00:00
[2024-11-03T05:47:20.446+0000] {processor.py:208} INFO - Processing /home/airflow/.local/lib/python3.12/site-packages/airflow/example_dags/example_branch_python_dop_operator_3.py took 0.092 seconds
[2024-11-03T05:47:50.712+0000] {processor.py:186} INFO - Started process (PID=10812) to work on /home/airflow/.local/lib/python3.12/site-packages/airflow/example_dags/example_branch_python_dop_operator_3.py
[2024-11-03T05:47:50.713+0000] {processor.py:914} INFO - Processing file /home/airflow/.local/lib/python3.12/site-packages/airflow/example_dags/example_branch_python_dop_operator_3.py for tasks to queue
[2024-11-03T05:47:50.716+0000] {logging_mixin.py:190} INFO - [2024-11-03T05:47:50.715+0000] {dagbag.py:588} INFO - Filling up the DagBag from /home/airflow/.local/lib/python3.12/site-packages/airflow/example_dags/example_branch_python_dop_operator_3.py
[2024-11-03T05:47:50.726+0000] {processor.py:925} INFO - DAG(s) 'example_branch_dop_operator_v3' retrieved from /home/airflow/.local/lib/python3.12/site-packages/airflow/example_dags/example_branch_python_dop_operator_3.py
[2024-11-03T05:47:50.747+0000] {logging_mixin.py:190} INFO - [2024-11-03T05:47:50.746+0000] {dag.py:3239} INFO - Sync 1 DAGs
[2024-11-03T05:47:50.774+0000] {logging_mixin.py:190} INFO - [2024-11-03T05:47:50.774+0000] {dag.py:4180} INFO - Setting next_dagrun for example_branch_dop_operator_v3 to 2024-11-03 05:46:00+00:00, run_after=2024-11-03 05:47:00+00:00
[2024-11-03T05:47:50.795+0000] {processor.py:208} INFO - Processing /home/airflow/.local/lib/python3.12/site-packages/airflow/example_dags/example_branch_python_dop_operator_3.py took 0.089 seconds
[2024-11-03T05:48:21.211+0000] {processor.py:186} INFO - Started process (PID=11103) to work on /home/airflow/.local/lib/python3.12/site-packages/airflow/example_dags/example_branch_python_dop_operator_3.py
[2024-11-03T05:48:21.213+0000] {processor.py:914} INFO - Processing file /home/airflow/.local/lib/python3.12/site-packages/airflow/example_dags/example_branch_python_dop_operator_3.py for tasks to queue
[2024-11-03T05:48:21.215+0000] {logging_mixin.py:190} INFO - [2024-11-03T05:48:21.215+0000] {dagbag.py:588} INFO - Filling up the DagBag from /home/airflow/.local/lib/python3.12/site-packages/airflow/example_dags/example_branch_python_dop_operator_3.py
[2024-11-03T05:48:21.226+0000] {processor.py:925} INFO - DAG(s) 'example_branch_dop_operator_v3' retrieved from /home/airflow/.local/lib/python3.12/site-packages/airflow/example_dags/example_branch_python_dop_operator_3.py
[2024-11-03T05:48:21.248+0000] {logging_mixin.py:190} INFO - [2024-11-03T05:48:21.248+0000] {dag.py:3239} INFO - Sync 1 DAGs
[2024-11-03T05:48:21.277+0000] {logging_mixin.py:190} INFO - [2024-11-03T05:48:21.277+0000] {dag.py:4180} INFO - Setting next_dagrun for example_branch_dop_operator_v3 to 2024-11-03 05:47:00+00:00, run_after=2024-11-03 05:48:00+00:00
[2024-11-03T05:48:21.300+0000] {processor.py:208} INFO - Processing /home/airflow/.local/lib/python3.12/site-packages/airflow/example_dags/example_branch_python_dop_operator_3.py took 0.095 seconds
[2024-11-03T05:48:51.655+0000] {processor.py:186} INFO - Started process (PID=11392) to work on /home/airflow/.local/lib/python3.12/site-packages/airflow/example_dags/example_branch_python_dop_operator_3.py
[2024-11-03T05:48:51.656+0000] {processor.py:914} INFO - Processing file /home/airflow/.local/lib/python3.12/site-packages/airflow/example_dags/example_branch_python_dop_operator_3.py for tasks to queue
[2024-11-03T05:48:51.659+0000] {logging_mixin.py:190} INFO - [2024-11-03T05:48:51.659+0000] {dagbag.py:588} INFO - Filling up the DagBag from /home/airflow/.local/lib/python3.12/site-packages/airflow/example_dags/example_branch_python_dop_operator_3.py
[2024-11-03T05:48:51.671+0000] {processor.py:925} INFO - DAG(s) 'example_branch_dop_operator_v3' retrieved from /home/airflow/.local/lib/python3.12/site-packages/airflow/example_dags/example_branch_python_dop_operator_3.py
[2024-11-03T05:48:51.692+0000] {logging_mixin.py:190} INFO - [2024-11-03T05:48:51.691+0000] {dag.py:3239} INFO - Sync 1 DAGs
[2024-11-03T05:48:51.721+0000] {logging_mixin.py:190} INFO - [2024-11-03T05:48:51.721+0000] {dag.py:4180} INFO - Setting next_dagrun for example_branch_dop_operator_v3 to 2024-11-03 05:47:00+00:00, run_after=2024-11-03 05:48:00+00:00
[2024-11-03T05:48:51.751+0000] {processor.py:208} INFO - Processing /home/airflow/.local/lib/python3.12/site-packages/airflow/example_dags/example_branch_python_dop_operator_3.py took 0.102 seconds
[2024-11-03T05:49:22.763+0000] {processor.py:186} INFO - Started process (PID=11690) to work on /home/airflow/.local/lib/python3.12/site-packages/airflow/example_dags/example_branch_python_dop_operator_3.py
[2024-11-03T05:49:22.764+0000] {processor.py:914} INFO - Processing file /home/airflow/.local/lib/python3.12/site-packages/airflow/example_dags/example_branch_python_dop_operator_3.py for tasks to queue
[2024-11-03T05:49:22.767+0000] {logging_mixin.py:190} INFO - [2024-11-03T05:49:22.766+0000] {dagbag.py:588} INFO - Filling up the DagBag from /home/airflow/.local/lib/python3.12/site-packages/airflow/example_dags/example_branch_python_dop_operator_3.py
[2024-11-03T05:49:22.779+0000] {processor.py:925} INFO - DAG(s) 'example_branch_dop_operator_v3' retrieved from /home/airflow/.local/lib/python3.12/site-packages/airflow/example_dags/example_branch_python_dop_operator_3.py
[2024-11-03T05:49:22.799+0000] {logging_mixin.py:190} INFO - [2024-11-03T05:49:22.799+0000] {dag.py:3239} INFO - Sync 1 DAGs
[2024-11-03T05:49:22.831+0000] {logging_mixin.py:190} INFO - [2024-11-03T05:49:22.831+0000] {dag.py:4180} INFO - Setting next_dagrun for example_branch_dop_operator_v3 to 2024-11-03 05:48:00+00:00, run_after=2024-11-03 05:49:00+00:00
[2024-11-03T05:49:22.854+0000] {processor.py:208} INFO - Processing /home/airflow/.local/lib/python3.12/site-packages/airflow/example_dags/example_branch_python_dop_operator_3.py took 0.098 seconds
[2024-11-03T05:49:53.250+0000] {processor.py:186} INFO - Started process (PID=11979) to work on /home/airflow/.local/lib/python3.12/site-packages/airflow/example_dags/example_branch_python_dop_operator_3.py
[2024-11-03T05:49:53.251+0000] {processor.py:914} INFO - Processing file /home/airflow/.local/lib/python3.12/site-packages/airflow/example_dags/example_branch_python_dop_operator_3.py for tasks to queue
[2024-11-03T05:49:53.253+0000] {logging_mixin.py:190} INFO - [2024-11-03T05:49:53.253+0000] {dagbag.py:588} INFO - Filling up the DagBag from /home/airflow/.local/lib/python3.12/site-packages/airflow/example_dags/example_branch_python_dop_operator_3.py
[2024-11-03T05:49:53.264+0000] {processor.py:925} INFO - DAG(s) 'example_branch_dop_operator_v3' retrieved from /home/airflow/.local/lib/python3.12/site-packages/airflow/example_dags/example_branch_python_dop_operator_3.py
[2024-11-03T05:49:53.284+0000] {logging_mixin.py:190} INFO - [2024-11-03T05:49:53.284+0000] {dag.py:3239} INFO - Sync 1 DAGs
[2024-11-03T05:49:53.313+0000] {logging_mixin.py:190} INFO - [2024-11-03T05:49:53.313+0000] {dag.py:4180} INFO - Setting next_dagrun for example_branch_dop_operator_v3 to 2024-11-03 05:48:00+00:00, run_after=2024-11-03 05:49:00+00:00
[2024-11-03T05:49:53.336+0000] {processor.py:208} INFO - Processing /home/airflow/.local/lib/python3.12/site-packages/airflow/example_dags/example_branch_python_dop_operator_3.py took 0.093 seconds
[2024-11-03T05:50:24.015+0000] {processor.py:186} INFO - Started process (PID=12272) to work on /home/airflow/.local/lib/python3.12/site-packages/airflow/example_dags/example_branch_python_dop_operator_3.py
[2024-11-03T05:50:24.016+0000] {processor.py:914} INFO - Processing file /home/airflow/.local/lib/python3.12/site-packages/airflow/example_dags/example_branch_python_dop_operator_3.py for tasks to queue
[2024-11-03T05:50:24.018+0000] {logging_mixin.py:190} INFO - [2024-11-03T05:50:24.018+0000] {dagbag.py:588} INFO - Filling up the DagBag from /home/airflow/.local/lib/python3.12/site-packages/airflow/example_dags/example_branch_python_dop_operator_3.py
[2024-11-03T05:50:24.029+0000] {processor.py:925} INFO - DAG(s) 'example_branch_dop_operator_v3' retrieved from /home/airflow/.local/lib/python3.12/site-packages/airflow/example_dags/example_branch_python_dop_operator_3.py
[2024-11-03T05:50:24.047+0000] {logging_mixin.py:190} INFO - [2024-11-03T05:50:24.047+0000] {dag.py:3239} INFO - Sync 1 DAGs
[2024-11-03T05:50:24.075+0000] {logging_mixin.py:190} INFO - [2024-11-03T05:50:24.075+0000] {dag.py:4180} INFO - Setting next_dagrun for example_branch_dop_operator_v3 to 2024-11-03 05:49:00+00:00, run_after=2024-11-03 05:50:00+00:00
[2024-11-03T05:50:24.096+0000] {processor.py:208} INFO - Processing /home/airflow/.local/lib/python3.12/site-packages/airflow/example_dags/example_branch_python_dop_operator_3.py took 0.087 seconds
[2024-11-03T05:50:55.038+0000] {processor.py:186} INFO - Started process (PID=12561) to work on /home/airflow/.local/lib/python3.12/site-packages/airflow/example_dags/example_branch_python_dop_operator_3.py
[2024-11-03T05:50:55.039+0000] {processor.py:914} INFO - Processing file /home/airflow/.local/lib/python3.12/site-packages/airflow/example_dags/example_branch_python_dop_operator_3.py for tasks to queue
[2024-11-03T05:50:55.042+0000] {logging_mixin.py:190} INFO - [2024-11-03T05:50:55.041+0000] {dagbag.py:588} INFO - Filling up the DagBag from /home/airflow/.local/lib/python3.12/site-packages/airflow/example_dags/example_branch_python_dop_operator_3.py
[2024-11-03T05:50:55.052+0000] {processor.py:925} INFO - DAG(s) 'example_branch_dop_operator_v3' retrieved from /home/airflow/.local/lib/python3.12/site-packages/airflow/example_dags/example_branch_python_dop_operator_3.py
[2024-11-03T05:50:55.073+0000] {logging_mixin.py:190} INFO - [2024-11-03T05:50:55.073+0000] {dag.py:3239} INFO - Sync 1 DAGs
[2024-11-03T05:50:55.105+0000] {logging_mixin.py:190} INFO - [2024-11-03T05:50:55.105+0000] {dag.py:4180} INFO - Setting next_dagrun for example_branch_dop_operator_v3 to 2024-11-03 05:49:00+00:00, run_after=2024-11-03 05:50:00+00:00
[2024-11-03T05:50:55.131+0000] {processor.py:208} INFO - Processing /home/airflow/.local/lib/python3.12/site-packages/airflow/example_dags/example_branch_python_dop_operator_3.py took 0.100 seconds
[2024-11-03T05:52:52.990+0000] {processor.py:186} INFO - Started process (PID=317) to work on /home/airflow/.local/lib/python3.12/site-packages/airflow/example_dags/example_branch_python_dop_operator_3.py
[2024-11-03T05:52:52.992+0000] {processor.py:914} INFO - Processing file /home/airflow/.local/lib/python3.12/site-packages/airflow/example_dags/example_branch_python_dop_operator_3.py for tasks to queue
[2024-11-03T05:52:52.996+0000] {logging_mixin.py:190} INFO - [2024-11-03T05:52:52.996+0000] {dagbag.py:588} INFO - Filling up the DagBag from /home/airflow/.local/lib/python3.12/site-packages/airflow/example_dags/example_branch_python_dop_operator_3.py
[2024-11-03T05:52:53.017+0000] {processor.py:925} INFO - DAG(s) 'example_branch_dop_operator_v3' retrieved from /home/airflow/.local/lib/python3.12/site-packages/airflow/example_dags/example_branch_python_dop_operator_3.py
[2024-11-03T05:52:53.053+0000] {logging_mixin.py:190} INFO - [2024-11-03T05:52:53.053+0000] {dag.py:3239} INFO - Sync 1 DAGs
[2024-11-03T05:52:53.105+0000] {logging_mixin.py:190} INFO - [2024-11-03T05:52:53.105+0000] {dag.py:4180} INFO - Setting next_dagrun for example_branch_dop_operator_v3 to 2024-11-03 05:51:00+00:00, run_after=2024-11-03 05:52:00+00:00
[2024-11-03T05:52:53.141+0000] {processor.py:208} INFO - Processing /home/airflow/.local/lib/python3.12/site-packages/airflow/example_dags/example_branch_python_dop_operator_3.py took 0.160 seconds
[2024-11-03T05:53:23.452+0000] {processor.py:186} INFO - Started process (PID=608) to work on /home/airflow/.local/lib/python3.12/site-packages/airflow/example_dags/example_branch_python_dop_operator_3.py
[2024-11-03T05:53:23.453+0000] {processor.py:914} INFO - Processing file /home/airflow/.local/lib/python3.12/site-packages/airflow/example_dags/example_branch_python_dop_operator_3.py for tasks to queue
[2024-11-03T05:53:23.456+0000] {logging_mixin.py:190} INFO - [2024-11-03T05:53:23.455+0000] {dagbag.py:588} INFO - Filling up the DagBag from /home/airflow/.local/lib/python3.12/site-packages/airflow/example_dags/example_branch_python_dop_operator_3.py
[2024-11-03T05:53:23.466+0000] {processor.py:925} INFO - DAG(s) 'example_branch_dop_operator_v3' retrieved from /home/airflow/.local/lib/python3.12/site-packages/airflow/example_dags/example_branch_python_dop_operator_3.py
[2024-11-03T05:53:23.488+0000] {logging_mixin.py:190} INFO - [2024-11-03T05:53:23.487+0000] {dag.py:3239} INFO - Sync 1 DAGs
[2024-11-03T05:53:23.516+0000] {logging_mixin.py:190} INFO - [2024-11-03T05:53:23.516+0000] {dag.py:4180} INFO - Setting next_dagrun for example_branch_dop_operator_v3 to 2024-11-03 05:52:00+00:00, run_after=2024-11-03 05:53:00+00:00
[2024-11-03T05:53:23.538+0000] {processor.py:208} INFO - Processing /home/airflow/.local/lib/python3.12/site-packages/airflow/example_dags/example_branch_python_dop_operator_3.py took 0.092 seconds
[2024-11-03T05:53:54.041+0000] {processor.py:186} INFO - Started process (PID=899) to work on /home/airflow/.local/lib/python3.12/site-packages/airflow/example_dags/example_branch_python_dop_operator_3.py
[2024-11-03T05:53:54.042+0000] {processor.py:914} INFO - Processing file /home/airflow/.local/lib/python3.12/site-packages/airflow/example_dags/example_branch_python_dop_operator_3.py for tasks to queue
[2024-11-03T05:53:54.044+0000] {logging_mixin.py:190} INFO - [2024-11-03T05:53:54.044+0000] {dagbag.py:588} INFO - Filling up the DagBag from /home/airflow/.local/lib/python3.12/site-packages/airflow/example_dags/example_branch_python_dop_operator_3.py
[2024-11-03T05:53:54.054+0000] {processor.py:925} INFO - DAG(s) 'example_branch_dop_operator_v3' retrieved from /home/airflow/.local/lib/python3.12/site-packages/airflow/example_dags/example_branch_python_dop_operator_3.py
[2024-11-03T05:53:54.074+0000] {logging_mixin.py:190} INFO - [2024-11-03T05:53:54.074+0000] {dag.py:3239} INFO - Sync 1 DAGs
[2024-11-03T05:53:54.101+0000] {logging_mixin.py:190} INFO - [2024-11-03T05:53:54.101+0000] {dag.py:4180} INFO - Setting next_dagrun for example_branch_dop_operator_v3 to 2024-11-03 05:52:00+00:00, run_after=2024-11-03 05:53:00+00:00
[2024-11-03T05:53:54.123+0000] {processor.py:208} INFO - Processing /home/airflow/.local/lib/python3.12/site-packages/airflow/example_dags/example_branch_python_dop_operator_3.py took 0.088 seconds
[2024-11-03T05:54:24.773+0000] {processor.py:186} INFO - Started process (PID=1190) to work on /home/airflow/.local/lib/python3.12/site-packages/airflow/example_dags/example_branch_python_dop_operator_3.py
[2024-11-03T05:54:24.775+0000] {processor.py:914} INFO - Processing file /home/airflow/.local/lib/python3.12/site-packages/airflow/example_dags/example_branch_python_dop_operator_3.py for tasks to queue
[2024-11-03T05:54:24.778+0000] {logging_mixin.py:190} INFO - [2024-11-03T05:54:24.778+0000] {dagbag.py:588} INFO - Filling up the DagBag from /home/airflow/.local/lib/python3.12/site-packages/airflow/example_dags/example_branch_python_dop_operator_3.py
[2024-11-03T05:54:24.813+0000] {processor.py:925} INFO - DAG(s) 'example_branch_dop_operator_v3' retrieved from /home/airflow/.local/lib/python3.12/site-packages/airflow/example_dags/example_branch_python_dop_operator_3.py
[2024-11-03T05:54:24.850+0000] {logging_mixin.py:190} INFO - [2024-11-03T05:54:24.850+0000] {dag.py:3239} INFO - Sync 1 DAGs
[2024-11-03T05:54:24.908+0000] {logging_mixin.py:190} INFO - [2024-11-03T05:54:24.907+0000] {dag.py:4180} INFO - Setting next_dagrun for example_branch_dop_operator_v3 to 2024-11-03 05:53:00+00:00, run_after=2024-11-03 05:54:00+00:00
[2024-11-03T05:54:24.951+0000] {processor.py:208} INFO - Processing /home/airflow/.local/lib/python3.12/site-packages/airflow/example_dags/example_branch_python_dop_operator_3.py took 0.199 seconds
[2024-11-03T05:54:55.038+0000] {processor.py:186} INFO - Started process (PID=1476) to work on /home/airflow/.local/lib/python3.12/site-packages/airflow/example_dags/example_branch_python_dop_operator_3.py
[2024-11-03T05:54:55.039+0000] {processor.py:914} INFO - Processing file /home/airflow/.local/lib/python3.12/site-packages/airflow/example_dags/example_branch_python_dop_operator_3.py for tasks to queue
[2024-11-03T05:54:55.042+0000] {logging_mixin.py:190} INFO - [2024-11-03T05:54:55.041+0000] {dagbag.py:588} INFO - Filling up the DagBag from /home/airflow/.local/lib/python3.12/site-packages/airflow/example_dags/example_branch_python_dop_operator_3.py
[2024-11-03T05:54:55.056+0000] {processor.py:925} INFO - DAG(s) 'example_branch_dop_operator_v3' retrieved from /home/airflow/.local/lib/python3.12/site-packages/airflow/example_dags/example_branch_python_dop_operator_3.py
[2024-11-03T05:54:55.076+0000] {logging_mixin.py:190} INFO - [2024-11-03T05:54:55.075+0000] {dag.py:3239} INFO - Sync 1 DAGs
[2024-11-03T05:54:55.114+0000] {logging_mixin.py:190} INFO - [2024-11-03T05:54:55.114+0000] {dag.py:4180} INFO - Setting next_dagrun for example_branch_dop_operator_v3 to 2024-11-03 05:53:00+00:00, run_after=2024-11-03 05:54:00+00:00
[2024-11-03T05:54:55.142+0000] {processor.py:208} INFO - Processing /home/airflow/.local/lib/python3.12/site-packages/airflow/example_dags/example_branch_python_dop_operator_3.py took 0.112 seconds
[2024-11-03T05:57:17.774+0000] {processor.py:186} INFO - Started process (PID=317) to work on /home/airflow/.local/lib/python3.12/site-packages/airflow/example_dags/example_branch_python_dop_operator_3.py
[2024-11-03T05:57:17.776+0000] {processor.py:914} INFO - Processing file /home/airflow/.local/lib/python3.12/site-packages/airflow/example_dags/example_branch_python_dop_operator_3.py for tasks to queue
[2024-11-03T05:57:17.779+0000] {logging_mixin.py:190} INFO - [2024-11-03T05:57:17.779+0000] {dagbag.py:588} INFO - Filling up the DagBag from /home/airflow/.local/lib/python3.12/site-packages/airflow/example_dags/example_branch_python_dop_operator_3.py
[2024-11-03T05:57:17.795+0000] {processor.py:925} INFO - DAG(s) 'example_branch_dop_operator_v3' retrieved from /home/airflow/.local/lib/python3.12/site-packages/airflow/example_dags/example_branch_python_dop_operator_3.py
[2024-11-03T05:57:17.825+0000] {logging_mixin.py:190} INFO - [2024-11-03T05:57:17.824+0000] {dag.py:3239} INFO - Sync 1 DAGs
[2024-11-03T05:57:17.868+0000] {logging_mixin.py:190} INFO - [2024-11-03T05:57:17.867+0000] {dag.py:4180} INFO - Setting next_dagrun for example_branch_dop_operator_v3 to 2024-11-03 05:56:00+00:00, run_after=2024-11-03 05:57:00+00:00
[2024-11-03T05:57:17.900+0000] {processor.py:208} INFO - Processing /home/airflow/.local/lib/python3.12/site-packages/airflow/example_dags/example_branch_python_dop_operator_3.py took 0.135 seconds
[2024-11-03T05:57:47.948+0000] {processor.py:186} INFO - Started process (PID=605) to work on /home/airflow/.local/lib/python3.12/site-packages/airflow/example_dags/example_branch_python_dop_operator_3.py
[2024-11-03T05:57:47.949+0000] {processor.py:914} INFO - Processing file /home/airflow/.local/lib/python3.12/site-packages/airflow/example_dags/example_branch_python_dop_operator_3.py for tasks to queue
[2024-11-03T05:57:47.951+0000] {logging_mixin.py:190} INFO - [2024-11-03T05:57:47.951+0000] {dagbag.py:588} INFO - Filling up the DagBag from /home/airflow/.local/lib/python3.12/site-packages/airflow/example_dags/example_branch_python_dop_operator_3.py
[2024-11-03T05:57:47.961+0000] {processor.py:925} INFO - DAG(s) 'example_branch_dop_operator_v3' retrieved from /home/airflow/.local/lib/python3.12/site-packages/airflow/example_dags/example_branch_python_dop_operator_3.py
[2024-11-03T05:57:47.981+0000] {logging_mixin.py:190} INFO - [2024-11-03T05:57:47.981+0000] {dag.py:3239} INFO - Sync 1 DAGs
[2024-11-03T05:57:48.011+0000] {logging_mixin.py:190} INFO - [2024-11-03T05:57:48.011+0000] {dag.py:4180} INFO - Setting next_dagrun for example_branch_dop_operator_v3 to 2024-11-03 05:56:00+00:00, run_after=2024-11-03 05:57:00+00:00
[2024-11-03T05:57:48.035+0000] {processor.py:208} INFO - Processing /home/airflow/.local/lib/python3.12/site-packages/airflow/example_dags/example_branch_python_dop_operator_3.py took 0.093 seconds
[2024-11-03T05:58:18.212+0000] {processor.py:186} INFO - Started process (PID=894) to work on /home/airflow/.local/lib/python3.12/site-packages/airflow/example_dags/example_branch_python_dop_operator_3.py
[2024-11-03T05:58:18.213+0000] {processor.py:914} INFO - Processing file /home/airflow/.local/lib/python3.12/site-packages/airflow/example_dags/example_branch_python_dop_operator_3.py for tasks to queue
[2024-11-03T05:58:18.216+0000] {logging_mixin.py:190} INFO - [2024-11-03T05:58:18.216+0000] {dagbag.py:588} INFO - Filling up the DagBag from /home/airflow/.local/lib/python3.12/site-packages/airflow/example_dags/example_branch_python_dop_operator_3.py
[2024-11-03T05:58:18.226+0000] {processor.py:925} INFO - DAG(s) 'example_branch_dop_operator_v3' retrieved from /home/airflow/.local/lib/python3.12/site-packages/airflow/example_dags/example_branch_python_dop_operator_3.py
[2024-11-03T05:58:18.246+0000] {logging_mixin.py:190} INFO - [2024-11-03T05:58:18.246+0000] {dag.py:3239} INFO - Sync 1 DAGs
[2024-11-03T05:58:18.273+0000] {logging_mixin.py:190} INFO - [2024-11-03T05:58:18.273+0000] {dag.py:4180} INFO - Setting next_dagrun for example_branch_dop_operator_v3 to 2024-11-03 05:57:00+00:00, run_after=2024-11-03 05:58:00+00:00
[2024-11-03T05:58:18.294+0000] {processor.py:208} INFO - Processing /home/airflow/.local/lib/python3.12/site-packages/airflow/example_dags/example_branch_python_dop_operator_3.py took 0.087 seconds
[2024-11-03T05:58:48.572+0000] {processor.py:186} INFO - Started process (PID=1185) to work on /home/airflow/.local/lib/python3.12/site-packages/airflow/example_dags/example_branch_python_dop_operator_3.py
[2024-11-03T05:58:48.573+0000] {processor.py:914} INFO - Processing file /home/airflow/.local/lib/python3.12/site-packages/airflow/example_dags/example_branch_python_dop_operator_3.py for tasks to queue
[2024-11-03T05:58:48.575+0000] {logging_mixin.py:190} INFO - [2024-11-03T05:58:48.575+0000] {dagbag.py:588} INFO - Filling up the DagBag from /home/airflow/.local/lib/python3.12/site-packages/airflow/example_dags/example_branch_python_dop_operator_3.py
[2024-11-03T05:58:48.585+0000] {processor.py:925} INFO - DAG(s) 'example_branch_dop_operator_v3' retrieved from /home/airflow/.local/lib/python3.12/site-packages/airflow/example_dags/example_branch_python_dop_operator_3.py
[2024-11-03T05:58:48.606+0000] {logging_mixin.py:190} INFO - [2024-11-03T05:58:48.606+0000] {dag.py:3239} INFO - Sync 1 DAGs
[2024-11-03T05:58:48.633+0000] {logging_mixin.py:190} INFO - [2024-11-03T05:58:48.633+0000] {dag.py:4180} INFO - Setting next_dagrun for example_branch_dop_operator_v3 to 2024-11-03 05:57:00+00:00, run_after=2024-11-03 05:58:00+00:00
[2024-11-03T05:58:48.653+0000] {processor.py:208} INFO - Processing /home/airflow/.local/lib/python3.12/site-packages/airflow/example_dags/example_branch_python_dop_operator_3.py took 0.087 seconds
[2024-11-03T05:59:19.502+0000] {processor.py:186} INFO - Started process (PID=1476) to work on /home/airflow/.local/lib/python3.12/site-packages/airflow/example_dags/example_branch_python_dop_operator_3.py
[2024-11-03T05:59:19.503+0000] {processor.py:914} INFO - Processing file /home/airflow/.local/lib/python3.12/site-packages/airflow/example_dags/example_branch_python_dop_operator_3.py for tasks to queue
[2024-11-03T05:59:19.506+0000] {logging_mixin.py:190} INFO - [2024-11-03T05:59:19.506+0000] {dagbag.py:588} INFO - Filling up the DagBag from /home/airflow/.local/lib/python3.12/site-packages/airflow/example_dags/example_branch_python_dop_operator_3.py
[2024-11-03T05:59:19.518+0000] {processor.py:925} INFO - DAG(s) 'example_branch_dop_operator_v3' retrieved from /home/airflow/.local/lib/python3.12/site-packages/airflow/example_dags/example_branch_python_dop_operator_3.py
[2024-11-03T05:59:19.537+0000] {logging_mixin.py:190} INFO - [2024-11-03T05:59:19.537+0000] {dag.py:3239} INFO - Sync 1 DAGs
[2024-11-03T05:59:19.564+0000] {logging_mixin.py:190} INFO - [2024-11-03T05:59:19.564+0000] {dag.py:4180} INFO - Setting next_dagrun for example_branch_dop_operator_v3 to 2024-11-03 05:58:00+00:00, run_after=2024-11-03 05:59:00+00:00
[2024-11-03T05:59:19.584+0000] {processor.py:208} INFO - Processing /home/airflow/.local/lib/python3.12/site-packages/airflow/example_dags/example_branch_python_dop_operator_3.py took 0.088 seconds
[2024-11-03T05:59:50.551+0000] {processor.py:186} INFO - Started process (PID=1767) to work on /home/airflow/.local/lib/python3.12/site-packages/airflow/example_dags/example_branch_python_dop_operator_3.py
[2024-11-03T05:59:50.552+0000] {processor.py:914} INFO - Processing file /home/airflow/.local/lib/python3.12/site-packages/airflow/example_dags/example_branch_python_dop_operator_3.py for tasks to queue
[2024-11-03T05:59:50.554+0000] {logging_mixin.py:190} INFO - [2024-11-03T05:59:50.554+0000] {dagbag.py:588} INFO - Filling up the DagBag from /home/airflow/.local/lib/python3.12/site-packages/airflow/example_dags/example_branch_python_dop_operator_3.py
[2024-11-03T05:59:50.564+0000] {processor.py:925} INFO - DAG(s) 'example_branch_dop_operator_v3' retrieved from /home/airflow/.local/lib/python3.12/site-packages/airflow/example_dags/example_branch_python_dop_operator_3.py
[2024-11-03T05:59:50.585+0000] {logging_mixin.py:190} INFO - [2024-11-03T05:59:50.584+0000] {dag.py:3239} INFO - Sync 1 DAGs
[2024-11-03T05:59:50.615+0000] {logging_mixin.py:190} INFO - [2024-11-03T05:59:50.615+0000] {dag.py:4180} INFO - Setting next_dagrun for example_branch_dop_operator_v3 to 2024-11-03 05:58:00+00:00, run_after=2024-11-03 05:59:00+00:00
[2024-11-03T05:59:50.637+0000] {processor.py:208} INFO - Processing /home/airflow/.local/lib/python3.12/site-packages/airflow/example_dags/example_branch_python_dop_operator_3.py took 0.092 seconds
[2024-11-03T06:00:21.565+0000] {processor.py:186} INFO - Started process (PID=2063) to work on /home/airflow/.local/lib/python3.12/site-packages/airflow/example_dags/example_branch_python_dop_operator_3.py
[2024-11-03T06:00:21.567+0000] {processor.py:914} INFO - Processing file /home/airflow/.local/lib/python3.12/site-packages/airflow/example_dags/example_branch_python_dop_operator_3.py for tasks to queue
[2024-11-03T06:00:21.569+0000] {logging_mixin.py:190} INFO - [2024-11-03T06:00:21.568+0000] {dagbag.py:588} INFO - Filling up the DagBag from /home/airflow/.local/lib/python3.12/site-packages/airflow/example_dags/example_branch_python_dop_operator_3.py
[2024-11-03T06:00:21.582+0000] {processor.py:925} INFO - DAG(s) 'example_branch_dop_operator_v3' retrieved from /home/airflow/.local/lib/python3.12/site-packages/airflow/example_dags/example_branch_python_dop_operator_3.py
[2024-11-03T06:00:21.603+0000] {logging_mixin.py:190} INFO - [2024-11-03T06:00:21.603+0000] {dag.py:3239} INFO - Sync 1 DAGs
[2024-11-03T06:00:21.631+0000] {logging_mixin.py:190} INFO - [2024-11-03T06:00:21.631+0000] {dag.py:4180} INFO - Setting next_dagrun for example_branch_dop_operator_v3 to 2024-11-03 05:59:00+00:00, run_after=2024-11-03 06:00:00+00:00
[2024-11-03T06:00:21.654+0000] {processor.py:208} INFO - Processing /home/airflow/.local/lib/python3.12/site-packages/airflow/example_dags/example_branch_python_dop_operator_3.py took 0.096 seconds
[2024-11-03T06:06:57.724+0000] {processor.py:186} INFO - Started process (PID=335) to work on /home/airflow/.local/lib/python3.12/site-packages/airflow/example_dags/example_branch_python_dop_operator_3.py
[2024-11-03T06:06:57.725+0000] {processor.py:914} INFO - Processing file /home/airflow/.local/lib/python3.12/site-packages/airflow/example_dags/example_branch_python_dop_operator_3.py for tasks to queue
[2024-11-03T06:06:57.728+0000] {logging_mixin.py:190} INFO - [2024-11-03T06:06:57.728+0000] {dagbag.py:588} INFO - Filling up the DagBag from /home/airflow/.local/lib/python3.12/site-packages/airflow/example_dags/example_branch_python_dop_operator_3.py
[2024-11-03T06:06:57.741+0000] {processor.py:925} INFO - DAG(s) 'example_branch_dop_operator_v3' retrieved from /home/airflow/.local/lib/python3.12/site-packages/airflow/example_dags/example_branch_python_dop_operator_3.py
[2024-11-03T06:06:57.895+0000] {logging_mixin.py:190} INFO - [2024-11-03T06:06:57.894+0000] {override.py:1900} INFO - Created Permission View: can edit on DAG:example_branch_dop_operator_v3
[2024-11-03T06:06:57.914+0000] {logging_mixin.py:190} INFO - [2024-11-03T06:06:57.914+0000] {override.py:1900} INFO - Created Permission View: can read on DAG:example_branch_dop_operator_v3
[2024-11-03T06:06:57.928+0000] {logging_mixin.py:190} INFO - [2024-11-03T06:06:57.927+0000] {override.py:1900} INFO - Created Permission View: can delete on DAG:example_branch_dop_operator_v3
[2024-11-03T06:06:57.948+0000] {logging_mixin.py:190} INFO - [2024-11-03T06:06:57.947+0000] {override.py:1900} INFO - Created Permission View: can create on DAG Run:example_branch_dop_operator_v3
[2024-11-03T06:06:57.958+0000] {logging_mixin.py:190} INFO - [2024-11-03T06:06:57.957+0000] {override.py:1900} INFO - Created Permission View: menu access on DAG Run:example_branch_dop_operator_v3
[2024-11-03T06:06:57.969+0000] {logging_mixin.py:190} INFO - [2024-11-03T06:06:57.968+0000] {override.py:1900} INFO - Created Permission View: can read on DAG Run:example_branch_dop_operator_v3
[2024-11-03T06:06:57.983+0000] {logging_mixin.py:190} INFO - [2024-11-03T06:06:57.983+0000] {override.py:1900} INFO - Created Permission View: can delete on DAG Run:example_branch_dop_operator_v3
[2024-11-03T06:06:57.984+0000] {logging_mixin.py:190} INFO - [2024-11-03T06:06:57.984+0000] {dag.py:3239} INFO - Sync 1 DAGs
[2024-11-03T06:06:58.001+0000] {logging_mixin.py:190} INFO - [2024-11-03T06:06:58.001+0000] {dag.py:3262} INFO - Creating ORM DAG for example_branch_dop_operator_v3
[2024-11-03T06:06:58.018+0000] {logging_mixin.py:190} INFO - [2024-11-03T06:06:58.018+0000] {dag.py:4180} INFO - Setting next_dagrun for example_branch_dop_operator_v3 to 2024-11-03 06:05:00+00:00, run_after=2024-11-03 06:06:00+00:00
[2024-11-03T06:06:58.039+0000] {processor.py:208} INFO - Processing /home/airflow/.local/lib/python3.12/site-packages/airflow/example_dags/example_branch_python_dop_operator_3.py took 0.323 seconds
[2024-11-03T06:07:28.206+0000] {processor.py:186} INFO - Started process (PID=621) to work on /home/airflow/.local/lib/python3.12/site-packages/airflow/example_dags/example_branch_python_dop_operator_3.py
[2024-11-03T06:07:28.207+0000] {processor.py:914} INFO - Processing file /home/airflow/.local/lib/python3.12/site-packages/airflow/example_dags/example_branch_python_dop_operator_3.py for tasks to queue
[2024-11-03T06:07:28.209+0000] {logging_mixin.py:190} INFO - [2024-11-03T06:07:28.209+0000] {dagbag.py:588} INFO - Filling up the DagBag from /home/airflow/.local/lib/python3.12/site-packages/airflow/example_dags/example_branch_python_dop_operator_3.py
[2024-11-03T06:07:28.222+0000] {processor.py:925} INFO - DAG(s) 'example_branch_dop_operator_v3' retrieved from /home/airflow/.local/lib/python3.12/site-packages/airflow/example_dags/example_branch_python_dop_operator_3.py
[2024-11-03T06:07:28.251+0000] {logging_mixin.py:190} INFO - [2024-11-03T06:07:28.250+0000] {dag.py:3239} INFO - Sync 1 DAGs
[2024-11-03T06:07:28.294+0000] {logging_mixin.py:190} INFO - [2024-11-03T06:07:28.294+0000] {dag.py:4180} INFO - Setting next_dagrun for example_branch_dop_operator_v3 to 2024-11-03 06:06:00+00:00, run_after=2024-11-03 06:07:00+00:00
[2024-11-03T06:07:28.318+0000] {processor.py:208} INFO - Processing /home/airflow/.local/lib/python3.12/site-packages/airflow/example_dags/example_branch_python_dop_operator_3.py took 0.122 seconds
[2024-11-03T06:10:50.150+0000] {processor.py:186} INFO - Started process (PID=330) to work on /home/airflow/.local/lib/python3.12/site-packages/airflow/example_dags/example_branch_python_dop_operator_3.py
[2024-11-03T06:10:50.151+0000] {processor.py:914} INFO - Processing file /home/airflow/.local/lib/python3.12/site-packages/airflow/example_dags/example_branch_python_dop_operator_3.py for tasks to queue
[2024-11-03T06:10:50.155+0000] {logging_mixin.py:190} INFO - [2024-11-03T06:10:50.154+0000] {dagbag.py:588} INFO - Filling up the DagBag from /home/airflow/.local/lib/python3.12/site-packages/airflow/example_dags/example_branch_python_dop_operator_3.py
[2024-11-03T06:10:50.172+0000] {processor.py:925} INFO - DAG(s) 'example_branch_dop_operator_v3' retrieved from /home/airflow/.local/lib/python3.12/site-packages/airflow/example_dags/example_branch_python_dop_operator_3.py
[2024-11-03T06:10:50.202+0000] {logging_mixin.py:190} INFO - [2024-11-03T06:10:50.202+0000] {dag.py:3239} INFO - Sync 1 DAGs
[2024-11-03T06:10:50.244+0000] {logging_mixin.py:190} INFO - [2024-11-03T06:10:50.244+0000] {dag.py:4180} INFO - Setting next_dagrun for example_branch_dop_operator_v3 to 2024-11-03 06:09:00+00:00, run_after=2024-11-03 06:10:00+00:00
[2024-11-03T06:10:50.271+0000] {processor.py:208} INFO - Processing /home/airflow/.local/lib/python3.12/site-packages/airflow/example_dags/example_branch_python_dop_operator_3.py took 0.132 seconds
[2024-11-03T06:11:20.675+0000] {processor.py:186} INFO - Started process (PID=616) to work on /home/airflow/.local/lib/python3.12/site-packages/airflow/example_dags/example_branch_python_dop_operator_3.py
[2024-11-03T06:11:20.676+0000] {processor.py:914} INFO - Processing file /home/airflow/.local/lib/python3.12/site-packages/airflow/example_dags/example_branch_python_dop_operator_3.py for tasks to queue
[2024-11-03T06:11:20.679+0000] {logging_mixin.py:190} INFO - [2024-11-03T06:11:20.678+0000] {dagbag.py:588} INFO - Filling up the DagBag from /home/airflow/.local/lib/python3.12/site-packages/airflow/example_dags/example_branch_python_dop_operator_3.py
[2024-11-03T06:11:20.691+0000] {processor.py:925} INFO - DAG(s) 'example_branch_dop_operator_v3' retrieved from /home/airflow/.local/lib/python3.12/site-packages/airflow/example_dags/example_branch_python_dop_operator_3.py
[2024-11-03T06:11:20.720+0000] {logging_mixin.py:190} INFO - [2024-11-03T06:11:20.719+0000] {dag.py:3239} INFO - Sync 1 DAGs
[2024-11-03T06:11:20.761+0000] {logging_mixin.py:190} INFO - [2024-11-03T06:11:20.760+0000] {dag.py:4180} INFO - Setting next_dagrun for example_branch_dop_operator_v3 to 2024-11-03 06:10:00+00:00, run_after=2024-11-03 06:11:00+00:00
[2024-11-03T06:11:20.782+0000] {processor.py:208} INFO - Processing /home/airflow/.local/lib/python3.12/site-packages/airflow/example_dags/example_branch_python_dop_operator_3.py took 0.114 seconds
[2024-11-03T06:11:51.475+0000] {processor.py:186} INFO - Started process (PID=912) to work on /home/airflow/.local/lib/python3.12/site-packages/airflow/example_dags/example_branch_python_dop_operator_3.py
[2024-11-03T06:11:51.477+0000] {processor.py:914} INFO - Processing file /home/airflow/.local/lib/python3.12/site-packages/airflow/example_dags/example_branch_python_dop_operator_3.py for tasks to queue
[2024-11-03T06:11:51.480+0000] {logging_mixin.py:190} INFO - [2024-11-03T06:11:51.479+0000] {dagbag.py:588} INFO - Filling up the DagBag from /home/airflow/.local/lib/python3.12/site-packages/airflow/example_dags/example_branch_python_dop_operator_3.py
[2024-11-03T06:11:51.493+0000] {processor.py:925} INFO - DAG(s) 'example_branch_dop_operator_v3' retrieved from /home/airflow/.local/lib/python3.12/site-packages/airflow/example_dags/example_branch_python_dop_operator_3.py
[2024-11-03T06:11:51.519+0000] {logging_mixin.py:190} INFO - [2024-11-03T06:11:51.519+0000] {dag.py:3239} INFO - Sync 1 DAGs
[2024-11-03T06:11:51.552+0000] {logging_mixin.py:190} INFO - [2024-11-03T06:11:51.552+0000] {dag.py:4180} INFO - Setting next_dagrun for example_branch_dop_operator_v3 to 2024-11-03 06:10:00+00:00, run_after=2024-11-03 06:11:00+00:00
[2024-11-03T06:11:51.577+0000] {processor.py:208} INFO - Processing /home/airflow/.local/lib/python3.12/site-packages/airflow/example_dags/example_branch_python_dop_operator_3.py took 0.110 seconds
[2024-11-03T06:12:22.210+0000] {processor.py:186} INFO - Started process (PID=1203) to work on /home/airflow/.local/lib/python3.12/site-packages/airflow/example_dags/example_branch_python_dop_operator_3.py
[2024-11-03T06:12:22.212+0000] {processor.py:914} INFO - Processing file /home/airflow/.local/lib/python3.12/site-packages/airflow/example_dags/example_branch_python_dop_operator_3.py for tasks to queue
[2024-11-03T06:12:22.216+0000] {logging_mixin.py:190} INFO - [2024-11-03T06:12:22.216+0000] {dagbag.py:588} INFO - Filling up the DagBag from /home/airflow/.local/lib/python3.12/site-packages/airflow/example_dags/example_branch_python_dop_operator_3.py
[2024-11-03T06:12:22.230+0000] {processor.py:925} INFO - DAG(s) 'example_branch_dop_operator_v3' retrieved from /home/airflow/.local/lib/python3.12/site-packages/airflow/example_dags/example_branch_python_dop_operator_3.py
[2024-11-03T06:12:22.259+0000] {logging_mixin.py:190} INFO - [2024-11-03T06:12:22.258+0000] {dag.py:3239} INFO - Sync 1 DAGs
[2024-11-03T06:12:22.299+0000] {logging_mixin.py:190} INFO - [2024-11-03T06:12:22.298+0000] {dag.py:4180} INFO - Setting next_dagrun for example_branch_dop_operator_v3 to 2024-11-03 06:11:00+00:00, run_after=2024-11-03 06:12:00+00:00
[2024-11-03T06:12:22.326+0000] {processor.py:208} INFO - Processing /home/airflow/.local/lib/python3.12/site-packages/airflow/example_dags/example_branch_python_dop_operator_3.py took 0.126 seconds
[2024-11-03T06:12:52.841+0000] {processor.py:186} INFO - Started process (PID=1494) to work on /home/airflow/.local/lib/python3.12/site-packages/airflow/example_dags/example_branch_python_dop_operator_3.py
[2024-11-03T06:12:52.842+0000] {processor.py:914} INFO - Processing file /home/airflow/.local/lib/python3.12/site-packages/airflow/example_dags/example_branch_python_dop_operator_3.py for tasks to queue
[2024-11-03T06:12:52.846+0000] {logging_mixin.py:190} INFO - [2024-11-03T06:12:52.846+0000] {dagbag.py:588} INFO - Filling up the DagBag from /home/airflow/.local/lib/python3.12/site-packages/airflow/example_dags/example_branch_python_dop_operator_3.py
[2024-11-03T06:12:52.857+0000] {processor.py:925} INFO - DAG(s) 'example_branch_dop_operator_v3' retrieved from /home/airflow/.local/lib/python3.12/site-packages/airflow/example_dags/example_branch_python_dop_operator_3.py
[2024-11-03T06:12:52.884+0000] {logging_mixin.py:190} INFO - [2024-11-03T06:12:52.883+0000] {dag.py:3239} INFO - Sync 1 DAGs
[2024-11-03T06:12:52.918+0000] {logging_mixin.py:190} INFO - [2024-11-03T06:12:52.918+0000] {dag.py:4180} INFO - Setting next_dagrun for example_branch_dop_operator_v3 to 2024-11-03 06:11:00+00:00, run_after=2024-11-03 06:12:00+00:00
[2024-11-03T06:12:52.944+0000] {processor.py:208} INFO - Processing /home/airflow/.local/lib/python3.12/site-packages/airflow/example_dags/example_branch_python_dop_operator_3.py took 0.112 seconds
[2024-11-03T06:13:23.883+0000] {processor.py:186} INFO - Started process (PID=1787) to work on /home/airflow/.local/lib/python3.12/site-packages/airflow/example_dags/example_branch_python_dop_operator_3.py
[2024-11-03T06:13:23.884+0000] {processor.py:914} INFO - Processing file /home/airflow/.local/lib/python3.12/site-packages/airflow/example_dags/example_branch_python_dop_operator_3.py for tasks to queue
[2024-11-03T06:13:23.886+0000] {logging_mixin.py:190} INFO - [2024-11-03T06:13:23.886+0000] {dagbag.py:588} INFO - Filling up the DagBag from /home/airflow/.local/lib/python3.12/site-packages/airflow/example_dags/example_branch_python_dop_operator_3.py
[2024-11-03T06:13:23.899+0000] {processor.py:925} INFO - DAG(s) 'example_branch_dop_operator_v3' retrieved from /home/airflow/.local/lib/python3.12/site-packages/airflow/example_dags/example_branch_python_dop_operator_3.py
[2024-11-03T06:13:23.926+0000] {logging_mixin.py:190} INFO - [2024-11-03T06:13:23.925+0000] {dag.py:3239} INFO - Sync 1 DAGs
[2024-11-03T06:13:23.959+0000] {logging_mixin.py:190} INFO - [2024-11-03T06:13:23.958+0000] {dag.py:4180} INFO - Setting next_dagrun for example_branch_dop_operator_v3 to 2024-11-03 06:12:00+00:00, run_after=2024-11-03 06:13:00+00:00
[2024-11-03T06:13:23.987+0000] {processor.py:208} INFO - Processing /home/airflow/.local/lib/python3.12/site-packages/airflow/example_dags/example_branch_python_dop_operator_3.py took 0.112 seconds
[2024-11-03T06:13:54.935+0000] {processor.py:186} INFO - Started process (PID=2076) to work on /home/airflow/.local/lib/python3.12/site-packages/airflow/example_dags/example_branch_python_dop_operator_3.py
[2024-11-03T06:13:54.936+0000] {processor.py:914} INFO - Processing file /home/airflow/.local/lib/python3.12/site-packages/airflow/example_dags/example_branch_python_dop_operator_3.py for tasks to queue
[2024-11-03T06:13:54.941+0000] {logging_mixin.py:190} INFO - [2024-11-03T06:13:54.940+0000] {dagbag.py:588} INFO - Filling up the DagBag from /home/airflow/.local/lib/python3.12/site-packages/airflow/example_dags/example_branch_python_dop_operator_3.py
[2024-11-03T06:13:54.967+0000] {processor.py:925} INFO - DAG(s) 'example_branch_dop_operator_v3' retrieved from /home/airflow/.local/lib/python3.12/site-packages/airflow/example_dags/example_branch_python_dop_operator_3.py
[2024-11-03T06:13:55.014+0000] {logging_mixin.py:190} INFO - [2024-11-03T06:13:55.014+0000] {dag.py:3239} INFO - Sync 1 DAGs
[2024-11-03T06:13:55.071+0000] {logging_mixin.py:190} INFO - [2024-11-03T06:13:55.071+0000] {dag.py:4180} INFO - Setting next_dagrun for example_branch_dop_operator_v3 to 2024-11-03 06:12:00+00:00, run_after=2024-11-03 06:13:00+00:00
[2024-11-03T06:13:55.114+0000] {processor.py:208} INFO - Processing /home/airflow/.local/lib/python3.12/site-packages/airflow/example_dags/example_branch_python_dop_operator_3.py took 0.197 seconds
[2024-11-03T06:14:25.261+0000] {processor.py:186} INFO - Started process (PID=2362) to work on /home/airflow/.local/lib/python3.12/site-packages/airflow/example_dags/example_branch_python_dop_operator_3.py
[2024-11-03T06:14:25.262+0000] {processor.py:914} INFO - Processing file /home/airflow/.local/lib/python3.12/site-packages/airflow/example_dags/example_branch_python_dop_operator_3.py for tasks to queue
[2024-11-03T06:14:25.265+0000] {logging_mixin.py:190} INFO - [2024-11-03T06:14:25.265+0000] {dagbag.py:588} INFO - Filling up the DagBag from /home/airflow/.local/lib/python3.12/site-packages/airflow/example_dags/example_branch_python_dop_operator_3.py
[2024-11-03T06:14:25.278+0000] {processor.py:925} INFO - DAG(s) 'example_branch_dop_operator_v3' retrieved from /home/airflow/.local/lib/python3.12/site-packages/airflow/example_dags/example_branch_python_dop_operator_3.py
[2024-11-03T06:14:25.299+0000] {logging_mixin.py:190} INFO - [2024-11-03T06:14:25.299+0000] {dag.py:3239} INFO - Sync 1 DAGs
[2024-11-03T06:14:25.328+0000] {logging_mixin.py:190} INFO - [2024-11-03T06:14:25.327+0000] {dag.py:4180} INFO - Setting next_dagrun for example_branch_dop_operator_v3 to 2024-11-03 06:13:00+00:00, run_after=2024-11-03 06:14:00+00:00
[2024-11-03T06:14:25.349+0000] {processor.py:208} INFO - Processing /home/airflow/.local/lib/python3.12/site-packages/airflow/example_dags/example_branch_python_dop_operator_3.py took 0.097 seconds
[2024-11-03T06:14:55.701+0000] {processor.py:186} INFO - Started process (PID=2655) to work on /home/airflow/.local/lib/python3.12/site-packages/airflow/example_dags/example_branch_python_dop_operator_3.py
[2024-11-03T06:14:55.702+0000] {processor.py:914} INFO - Processing file /home/airflow/.local/lib/python3.12/site-packages/airflow/example_dags/example_branch_python_dop_operator_3.py for tasks to queue
[2024-11-03T06:14:55.705+0000] {logging_mixin.py:190} INFO - [2024-11-03T06:14:55.705+0000] {dagbag.py:588} INFO - Filling up the DagBag from /home/airflow/.local/lib/python3.12/site-packages/airflow/example_dags/example_branch_python_dop_operator_3.py
[2024-11-03T06:14:55.715+0000] {processor.py:925} INFO - DAG(s) 'example_branch_dop_operator_v3' retrieved from /home/airflow/.local/lib/python3.12/site-packages/airflow/example_dags/example_branch_python_dop_operator_3.py
[2024-11-03T06:14:55.737+0000] {logging_mixin.py:190} INFO - [2024-11-03T06:14:55.737+0000] {dag.py:3239} INFO - Sync 1 DAGs
[2024-11-03T06:14:55.767+0000] {logging_mixin.py:190} INFO - [2024-11-03T06:14:55.767+0000] {dag.py:4180} INFO - Setting next_dagrun for example_branch_dop_operator_v3 to 2024-11-03 06:13:00+00:00, run_after=2024-11-03 06:14:00+00:00
[2024-11-03T06:14:55.791+0000] {processor.py:208} INFO - Processing /home/airflow/.local/lib/python3.12/site-packages/airflow/example_dags/example_branch_python_dop_operator_3.py took 0.096 seconds
[2024-11-03T06:15:25.881+0000] {processor.py:186} INFO - Started process (PID=2944) to work on /home/airflow/.local/lib/python3.12/site-packages/airflow/example_dags/example_branch_python_dop_operator_3.py
[2024-11-03T06:15:25.882+0000] {processor.py:914} INFO - Processing file /home/airflow/.local/lib/python3.12/site-packages/airflow/example_dags/example_branch_python_dop_operator_3.py for tasks to queue
[2024-11-03T06:15:25.884+0000] {logging_mixin.py:190} INFO - [2024-11-03T06:15:25.884+0000] {dagbag.py:588} INFO - Filling up the DagBag from /home/airflow/.local/lib/python3.12/site-packages/airflow/example_dags/example_branch_python_dop_operator_3.py
[2024-11-03T06:15:25.898+0000] {processor.py:925} INFO - DAG(s) 'example_branch_dop_operator_v3' retrieved from /home/airflow/.local/lib/python3.12/site-packages/airflow/example_dags/example_branch_python_dop_operator_3.py
[2024-11-03T06:15:25.920+0000] {logging_mixin.py:190} INFO - [2024-11-03T06:15:25.920+0000] {dag.py:3239} INFO - Sync 1 DAGs
[2024-11-03T06:15:25.958+0000] {logging_mixin.py:190} INFO - [2024-11-03T06:15:25.957+0000] {dag.py:4180} INFO - Setting next_dagrun for example_branch_dop_operator_v3 to 2024-11-03 06:14:00+00:00, run_after=2024-11-03 06:15:00+00:00
[2024-11-03T06:15:25.995+0000] {processor.py:208} INFO - Processing /home/airflow/.local/lib/python3.12/site-packages/airflow/example_dags/example_branch_python_dop_operator_3.py took 0.120 seconds
