[2024-11-03T05:29:27.344+0000] {processor.py:186} INFO - Started process (PID=286) to work on /home/airflow/.local/lib/python3.12/site-packages/airflow/example_dags/example_bash_decorator.py
[2024-11-03T05:29:27.346+0000] {processor.py:914} INFO - Processing file /home/airflow/.local/lib/python3.12/site-packages/airflow/example_dags/example_bash_decorator.py for tasks to queue
[2024-11-03T05:29:27.350+0000] {logging_mixin.py:190} INFO - [2024-11-03T05:29:27.349+0000] {dagbag.py:588} INFO - Filling up the DagBag from /home/airflow/.local/lib/python3.12/site-packages/airflow/example_dags/example_bash_decorator.py
[2024-11-03T05:29:27.406+0000] {processor.py:925} INFO - DAG(s) 'example_bash_decorator' retrieved from /home/airflow/.local/lib/python3.12/site-packages/airflow/example_dags/example_bash_decorator.py
[2024-11-03T05:29:27.694+0000] {logging_mixin.py:190} INFO - [2024-11-03T05:29:27.693+0000] {override.py:1900} INFO - Created Permission View: can delete on DAG:example_bash_decorator
[2024-11-03T05:29:27.721+0000] {logging_mixin.py:190} INFO - [2024-11-03T05:29:27.720+0000] {override.py:1900} INFO - Created Permission View: can edit on DAG:example_bash_decorator
[2024-11-03T05:29:27.739+0000] {logging_mixin.py:190} INFO - [2024-11-03T05:29:27.739+0000] {override.py:1900} INFO - Created Permission View: can read on DAG:example_bash_decorator
[2024-11-03T05:29:27.761+0000] {logging_mixin.py:190} INFO - [2024-11-03T05:29:27.761+0000] {override.py:1900} INFO - Created Permission View: can delete on DAG Run:example_bash_decorator
[2024-11-03T05:29:27.792+0000] {logging_mixin.py:190} INFO - [2024-11-03T05:29:27.792+0000] {override.py:1900} INFO - Created Permission View: menu access on DAG Run:example_bash_decorator
[2024-11-03T05:29:27.811+0000] {logging_mixin.py:190} INFO - [2024-11-03T05:29:27.810+0000] {override.py:1900} INFO - Created Permission View: can create on DAG Run:example_bash_decorator
[2024-11-03T05:29:27.827+0000] {logging_mixin.py:190} INFO - [2024-11-03T05:29:27.827+0000] {override.py:1900} INFO - Created Permission View: can read on DAG Run:example_bash_decorator
[2024-11-03T05:29:27.829+0000] {logging_mixin.py:190} INFO - [2024-11-03T05:29:27.828+0000] {dag.py:3239} INFO - Sync 1 DAGs
[2024-11-03T05:29:27.865+0000] {logging_mixin.py:190} INFO - [2024-11-03T05:29:27.865+0000] {dag.py:3262} INFO - Creating ORM DAG for example_bash_decorator
[2024-11-03T05:29:27.867+0000] {logging_mixin.py:190} INFO - [2024-11-03T05:29:27.866+0000] {dag.py:4180} INFO - Setting next_dagrun for example_bash_decorator to None, run_after=None
[2024-11-03T05:29:27.903+0000] {processor.py:208} INFO - Processing /home/airflow/.local/lib/python3.12/site-packages/airflow/example_dags/example_bash_decorator.py took 0.571 seconds
[2024-11-03T05:29:58.111+0000] {processor.py:186} INFO - Started process (PID=579) to work on /home/airflow/.local/lib/python3.12/site-packages/airflow/example_dags/example_bash_decorator.py
[2024-11-03T05:29:58.113+0000] {processor.py:914} INFO - Processing file /home/airflow/.local/lib/python3.12/site-packages/airflow/example_dags/example_bash_decorator.py for tasks to queue
[2024-11-03T05:29:58.117+0000] {logging_mixin.py:190} INFO - [2024-11-03T05:29:58.116+0000] {dagbag.py:588} INFO - Filling up the DagBag from /home/airflow/.local/lib/python3.12/site-packages/airflow/example_dags/example_bash_decorator.py
[2024-11-03T05:29:58.139+0000] {processor.py:925} INFO - DAG(s) 'example_bash_decorator' retrieved from /home/airflow/.local/lib/python3.12/site-packages/airflow/example_dags/example_bash_decorator.py
[2024-11-03T05:29:58.173+0000] {logging_mixin.py:190} INFO - [2024-11-03T05:29:58.173+0000] {dag.py:3239} INFO - Sync 1 DAGs
[2024-11-03T05:29:58.193+0000] {logging_mixin.py:190} INFO - [2024-11-03T05:29:58.193+0000] {dag.py:4180} INFO - Setting next_dagrun for example_bash_decorator to None, run_after=None
[2024-11-03T05:29:58.223+0000] {processor.py:208} INFO - Processing /home/airflow/.local/lib/python3.12/site-packages/airflow/example_dags/example_bash_decorator.py took 0.121 seconds
[2024-11-03T05:30:28.818+0000] {processor.py:186} INFO - Started process (PID=868) to work on /home/airflow/.local/lib/python3.12/site-packages/airflow/example_dags/example_bash_decorator.py
[2024-11-03T05:30:28.819+0000] {processor.py:914} INFO - Processing file /home/airflow/.local/lib/python3.12/site-packages/airflow/example_dags/example_bash_decorator.py for tasks to queue
[2024-11-03T05:30:28.822+0000] {logging_mixin.py:190} INFO - [2024-11-03T05:30:28.821+0000] {dagbag.py:588} INFO - Filling up the DagBag from /home/airflow/.local/lib/python3.12/site-packages/airflow/example_dags/example_bash_decorator.py
[2024-11-03T05:30:28.837+0000] {processor.py:925} INFO - DAG(s) 'example_bash_decorator' retrieved from /home/airflow/.local/lib/python3.12/site-packages/airflow/example_dags/example_bash_decorator.py
[2024-11-03T05:30:28.865+0000] {logging_mixin.py:190} INFO - [2024-11-03T05:30:28.865+0000] {dag.py:3239} INFO - Sync 1 DAGs
[2024-11-03T05:30:28.882+0000] {logging_mixin.py:190} INFO - [2024-11-03T05:30:28.882+0000] {dag.py:4180} INFO - Setting next_dagrun for example_bash_decorator to None, run_after=None
[2024-11-03T05:30:28.907+0000] {processor.py:208} INFO - Processing /home/airflow/.local/lib/python3.12/site-packages/airflow/example_dags/example_bash_decorator.py took 0.095 seconds
[2024-11-03T05:30:59.392+0000] {processor.py:186} INFO - Started process (PID=1159) to work on /home/airflow/.local/lib/python3.12/site-packages/airflow/example_dags/example_bash_decorator.py
[2024-11-03T05:30:59.393+0000] {processor.py:914} INFO - Processing file /home/airflow/.local/lib/python3.12/site-packages/airflow/example_dags/example_bash_decorator.py for tasks to queue
[2024-11-03T05:30:59.395+0000] {logging_mixin.py:190} INFO - [2024-11-03T05:30:59.395+0000] {dagbag.py:588} INFO - Filling up the DagBag from /home/airflow/.local/lib/python3.12/site-packages/airflow/example_dags/example_bash_decorator.py
[2024-11-03T05:30:59.411+0000] {processor.py:925} INFO - DAG(s) 'example_bash_decorator' retrieved from /home/airflow/.local/lib/python3.12/site-packages/airflow/example_dags/example_bash_decorator.py
[2024-11-03T05:30:59.441+0000] {logging_mixin.py:190} INFO - [2024-11-03T05:30:59.440+0000] {dag.py:3239} INFO - Sync 1 DAGs
[2024-11-03T05:30:59.459+0000] {logging_mixin.py:190} INFO - [2024-11-03T05:30:59.458+0000] {dag.py:4180} INFO - Setting next_dagrun for example_bash_decorator to None, run_after=None
[2024-11-03T05:30:59.482+0000] {processor.py:208} INFO - Processing /home/airflow/.local/lib/python3.12/site-packages/airflow/example_dags/example_bash_decorator.py took 0.098 seconds
[2024-11-03T05:31:29.959+0000] {processor.py:186} INFO - Started process (PID=1450) to work on /home/airflow/.local/lib/python3.12/site-packages/airflow/example_dags/example_bash_decorator.py
[2024-11-03T05:31:29.960+0000] {processor.py:914} INFO - Processing file /home/airflow/.local/lib/python3.12/site-packages/airflow/example_dags/example_bash_decorator.py for tasks to queue
[2024-11-03T05:31:29.962+0000] {logging_mixin.py:190} INFO - [2024-11-03T05:31:29.962+0000] {dagbag.py:588} INFO - Filling up the DagBag from /home/airflow/.local/lib/python3.12/site-packages/airflow/example_dags/example_bash_decorator.py
[2024-11-03T05:31:29.993+0000] {processor.py:925} INFO - DAG(s) 'example_bash_decorator' retrieved from /home/airflow/.local/lib/python3.12/site-packages/airflow/example_dags/example_bash_decorator.py
[2024-11-03T05:31:30.026+0000] {logging_mixin.py:190} INFO - [2024-11-03T05:31:30.026+0000] {dag.py:3239} INFO - Sync 1 DAGs
[2024-11-03T05:31:30.044+0000] {logging_mixin.py:190} INFO - [2024-11-03T05:31:30.044+0000] {dag.py:4180} INFO - Setting next_dagrun for example_bash_decorator to None, run_after=None
[2024-11-03T05:31:30.071+0000] {processor.py:208} INFO - Processing /home/airflow/.local/lib/python3.12/site-packages/airflow/example_dags/example_bash_decorator.py took 0.126 seconds
[2024-11-03T05:32:00.826+0000] {processor.py:186} INFO - Started process (PID=1741) to work on /home/airflow/.local/lib/python3.12/site-packages/airflow/example_dags/example_bash_decorator.py
[2024-11-03T05:32:00.828+0000] {processor.py:914} INFO - Processing file /home/airflow/.local/lib/python3.12/site-packages/airflow/example_dags/example_bash_decorator.py for tasks to queue
[2024-11-03T05:32:00.830+0000] {logging_mixin.py:190} INFO - [2024-11-03T05:32:00.830+0000] {dagbag.py:588} INFO - Filling up the DagBag from /home/airflow/.local/lib/python3.12/site-packages/airflow/example_dags/example_bash_decorator.py
[2024-11-03T05:32:00.846+0000] {processor.py:925} INFO - DAG(s) 'example_bash_decorator' retrieved from /home/airflow/.local/lib/python3.12/site-packages/airflow/example_dags/example_bash_decorator.py
[2024-11-03T05:32:00.872+0000] {logging_mixin.py:190} INFO - [2024-11-03T05:32:00.872+0000] {dag.py:3239} INFO - Sync 1 DAGs
[2024-11-03T05:32:00.891+0000] {logging_mixin.py:190} INFO - [2024-11-03T05:32:00.891+0000] {dag.py:4180} INFO - Setting next_dagrun for example_bash_decorator to None, run_after=None
[2024-11-03T05:32:00.914+0000] {processor.py:208} INFO - Processing /home/airflow/.local/lib/python3.12/site-packages/airflow/example_dags/example_bash_decorator.py took 0.094 seconds
[2024-11-03T05:32:31.928+0000] {processor.py:186} INFO - Started process (PID=2032) to work on /home/airflow/.local/lib/python3.12/site-packages/airflow/example_dags/example_bash_decorator.py
[2024-11-03T05:32:31.931+0000] {processor.py:914} INFO - Processing file /home/airflow/.local/lib/python3.12/site-packages/airflow/example_dags/example_bash_decorator.py for tasks to queue
[2024-11-03T05:32:31.934+0000] {logging_mixin.py:190} INFO - [2024-11-03T05:32:31.934+0000] {dagbag.py:588} INFO - Filling up the DagBag from /home/airflow/.local/lib/python3.12/site-packages/airflow/example_dags/example_bash_decorator.py
[2024-11-03T05:32:31.954+0000] {processor.py:925} INFO - DAG(s) 'example_bash_decorator' retrieved from /home/airflow/.local/lib/python3.12/site-packages/airflow/example_dags/example_bash_decorator.py
[2024-11-03T05:32:31.983+0000] {logging_mixin.py:190} INFO - [2024-11-03T05:32:31.982+0000] {dag.py:3239} INFO - Sync 1 DAGs
[2024-11-03T05:32:32.000+0000] {logging_mixin.py:190} INFO - [2024-11-03T05:32:32.000+0000] {dag.py:4180} INFO - Setting next_dagrun for example_bash_decorator to None, run_after=None
[2024-11-03T05:32:32.027+0000] {processor.py:208} INFO - Processing /home/airflow/.local/lib/python3.12/site-packages/airflow/example_dags/example_bash_decorator.py took 0.106 seconds
[2024-11-03T05:33:03.073+0000] {processor.py:186} INFO - Started process (PID=2324) to work on /home/airflow/.local/lib/python3.12/site-packages/airflow/example_dags/example_bash_decorator.py
[2024-11-03T05:33:03.075+0000] {processor.py:914} INFO - Processing file /home/airflow/.local/lib/python3.12/site-packages/airflow/example_dags/example_bash_decorator.py for tasks to queue
[2024-11-03T05:33:03.078+0000] {logging_mixin.py:190} INFO - [2024-11-03T05:33:03.077+0000] {dagbag.py:588} INFO - Filling up the DagBag from /home/airflow/.local/lib/python3.12/site-packages/airflow/example_dags/example_bash_decorator.py
[2024-11-03T05:33:03.097+0000] {processor.py:925} INFO - DAG(s) 'example_bash_decorator' retrieved from /home/airflow/.local/lib/python3.12/site-packages/airflow/example_dags/example_bash_decorator.py
[2024-11-03T05:33:03.127+0000] {logging_mixin.py:190} INFO - [2024-11-03T05:33:03.127+0000] {dag.py:3239} INFO - Sync 1 DAGs
[2024-11-03T05:33:03.155+0000] {logging_mixin.py:190} INFO - [2024-11-03T05:33:03.154+0000] {dag.py:4180} INFO - Setting next_dagrun for example_bash_decorator to None, run_after=None
[2024-11-03T05:33:03.184+0000] {processor.py:208} INFO - Processing /home/airflow/.local/lib/python3.12/site-packages/airflow/example_dags/example_bash_decorator.py took 0.118 seconds
[2024-11-03T05:33:33.526+0000] {processor.py:186} INFO - Started process (PID=2615) to work on /home/airflow/.local/lib/python3.12/site-packages/airflow/example_dags/example_bash_decorator.py
[2024-11-03T05:33:33.527+0000] {processor.py:914} INFO - Processing file /home/airflow/.local/lib/python3.12/site-packages/airflow/example_dags/example_bash_decorator.py for tasks to queue
[2024-11-03T05:33:33.530+0000] {logging_mixin.py:190} INFO - [2024-11-03T05:33:33.529+0000] {dagbag.py:588} INFO - Filling up the DagBag from /home/airflow/.local/lib/python3.12/site-packages/airflow/example_dags/example_bash_decorator.py
[2024-11-03T05:33:33.545+0000] {processor.py:925} INFO - DAG(s) 'example_bash_decorator' retrieved from /home/airflow/.local/lib/python3.12/site-packages/airflow/example_dags/example_bash_decorator.py
[2024-11-03T05:33:33.573+0000] {logging_mixin.py:190} INFO - [2024-11-03T05:33:33.572+0000] {dag.py:3239} INFO - Sync 1 DAGs
[2024-11-03T05:33:33.591+0000] {logging_mixin.py:190} INFO - [2024-11-03T05:33:33.591+0000] {dag.py:4180} INFO - Setting next_dagrun for example_bash_decorator to None, run_after=None
[2024-11-03T05:33:33.624+0000] {processor.py:208} INFO - Processing /home/airflow/.local/lib/python3.12/site-packages/airflow/example_dags/example_bash_decorator.py took 0.104 seconds
[2024-11-03T05:34:04.268+0000] {processor.py:186} INFO - Started process (PID=2906) to work on /home/airflow/.local/lib/python3.12/site-packages/airflow/example_dags/example_bash_decorator.py
[2024-11-03T05:34:04.269+0000] {processor.py:914} INFO - Processing file /home/airflow/.local/lib/python3.12/site-packages/airflow/example_dags/example_bash_decorator.py for tasks to queue
[2024-11-03T05:34:04.272+0000] {logging_mixin.py:190} INFO - [2024-11-03T05:34:04.272+0000] {dagbag.py:588} INFO - Filling up the DagBag from /home/airflow/.local/lib/python3.12/site-packages/airflow/example_dags/example_bash_decorator.py
[2024-11-03T05:34:04.290+0000] {processor.py:925} INFO - DAG(s) 'example_bash_decorator' retrieved from /home/airflow/.local/lib/python3.12/site-packages/airflow/example_dags/example_bash_decorator.py
[2024-11-03T05:34:04.316+0000] {logging_mixin.py:190} INFO - [2024-11-03T05:34:04.316+0000] {dag.py:3239} INFO - Sync 1 DAGs
[2024-11-03T05:34:04.331+0000] {logging_mixin.py:190} INFO - [2024-11-03T05:34:04.331+0000] {dag.py:4180} INFO - Setting next_dagrun for example_bash_decorator to None, run_after=None
[2024-11-03T05:34:04.353+0000] {processor.py:208} INFO - Processing /home/airflow/.local/lib/python3.12/site-packages/airflow/example_dags/example_bash_decorator.py took 0.092 seconds
[2024-11-03T05:34:35.284+0000] {processor.py:186} INFO - Started process (PID=3197) to work on /home/airflow/.local/lib/python3.12/site-packages/airflow/example_dags/example_bash_decorator.py
[2024-11-03T05:34:35.286+0000] {processor.py:914} INFO - Processing file /home/airflow/.local/lib/python3.12/site-packages/airflow/example_dags/example_bash_decorator.py for tasks to queue
[2024-11-03T05:34:35.300+0000] {logging_mixin.py:190} INFO - [2024-11-03T05:34:35.295+0000] {dagbag.py:588} INFO - Filling up the DagBag from /home/airflow/.local/lib/python3.12/site-packages/airflow/example_dags/example_bash_decorator.py
[2024-11-03T05:34:35.376+0000] {processor.py:925} INFO - DAG(s) 'example_bash_decorator' retrieved from /home/airflow/.local/lib/python3.12/site-packages/airflow/example_dags/example_bash_decorator.py
[2024-11-03T05:34:35.476+0000] {logging_mixin.py:190} INFO - [2024-11-03T05:34:35.475+0000] {dag.py:3239} INFO - Sync 1 DAGs
[2024-11-03T05:34:35.534+0000] {logging_mixin.py:190} INFO - [2024-11-03T05:34:35.534+0000] {dag.py:4180} INFO - Setting next_dagrun for example_bash_decorator to None, run_after=None
[2024-11-03T05:34:35.630+0000] {processor.py:208} INFO - Processing /home/airflow/.local/lib/python3.12/site-packages/airflow/example_dags/example_bash_decorator.py took 0.363 seconds
[2024-11-03T05:35:05.916+0000] {processor.py:186} INFO - Started process (PID=3488) to work on /home/airflow/.local/lib/python3.12/site-packages/airflow/example_dags/example_bash_decorator.py
[2024-11-03T05:35:05.918+0000] {processor.py:914} INFO - Processing file /home/airflow/.local/lib/python3.12/site-packages/airflow/example_dags/example_bash_decorator.py for tasks to queue
[2024-11-03T05:35:05.921+0000] {logging_mixin.py:190} INFO - [2024-11-03T05:35:05.921+0000] {dagbag.py:588} INFO - Filling up the DagBag from /home/airflow/.local/lib/python3.12/site-packages/airflow/example_dags/example_bash_decorator.py
[2024-11-03T05:35:05.947+0000] {processor.py:925} INFO - DAG(s) 'example_bash_decorator' retrieved from /home/airflow/.local/lib/python3.12/site-packages/airflow/example_dags/example_bash_decorator.py
[2024-11-03T05:35:05.988+0000] {logging_mixin.py:190} INFO - [2024-11-03T05:35:05.987+0000] {dag.py:3239} INFO - Sync 1 DAGs
[2024-11-03T05:35:06.012+0000] {logging_mixin.py:190} INFO - [2024-11-03T05:35:06.012+0000] {dag.py:4180} INFO - Setting next_dagrun for example_bash_decorator to None, run_after=None
[2024-11-03T05:35:06.037+0000] {processor.py:208} INFO - Processing /home/airflow/.local/lib/python3.12/site-packages/airflow/example_dags/example_bash_decorator.py took 0.132 seconds
[2024-11-03T05:35:36.793+0000] {processor.py:186} INFO - Started process (PID=3779) to work on /home/airflow/.local/lib/python3.12/site-packages/airflow/example_dags/example_bash_decorator.py
[2024-11-03T05:35:36.794+0000] {processor.py:914} INFO - Processing file /home/airflow/.local/lib/python3.12/site-packages/airflow/example_dags/example_bash_decorator.py for tasks to queue
[2024-11-03T05:35:36.797+0000] {logging_mixin.py:190} INFO - [2024-11-03T05:35:36.797+0000] {dagbag.py:588} INFO - Filling up the DagBag from /home/airflow/.local/lib/python3.12/site-packages/airflow/example_dags/example_bash_decorator.py
[2024-11-03T05:35:36.816+0000] {processor.py:925} INFO - DAG(s) 'example_bash_decorator' retrieved from /home/airflow/.local/lib/python3.12/site-packages/airflow/example_dags/example_bash_decorator.py
[2024-11-03T05:35:36.847+0000] {logging_mixin.py:190} INFO - [2024-11-03T05:35:36.846+0000] {dag.py:3239} INFO - Sync 1 DAGs
[2024-11-03T05:35:36.865+0000] {logging_mixin.py:190} INFO - [2024-11-03T05:35:36.864+0000] {dag.py:4180} INFO - Setting next_dagrun for example_bash_decorator to None, run_after=None
[2024-11-03T05:35:36.895+0000] {processor.py:208} INFO - Processing /home/airflow/.local/lib/python3.12/site-packages/airflow/example_dags/example_bash_decorator.py took 0.108 seconds
[2024-11-03T05:36:07.431+0000] {processor.py:186} INFO - Started process (PID=4070) to work on /home/airflow/.local/lib/python3.12/site-packages/airflow/example_dags/example_bash_decorator.py
[2024-11-03T05:36:07.432+0000] {processor.py:914} INFO - Processing file /home/airflow/.local/lib/python3.12/site-packages/airflow/example_dags/example_bash_decorator.py for tasks to queue
[2024-11-03T05:36:07.435+0000] {logging_mixin.py:190} INFO - [2024-11-03T05:36:07.434+0000] {dagbag.py:588} INFO - Filling up the DagBag from /home/airflow/.local/lib/python3.12/site-packages/airflow/example_dags/example_bash_decorator.py
[2024-11-03T05:36:07.450+0000] {processor.py:925} INFO - DAG(s) 'example_bash_decorator' retrieved from /home/airflow/.local/lib/python3.12/site-packages/airflow/example_dags/example_bash_decorator.py
[2024-11-03T05:36:07.476+0000] {logging_mixin.py:190} INFO - [2024-11-03T05:36:07.476+0000] {dag.py:3239} INFO - Sync 1 DAGs
[2024-11-03T05:36:07.492+0000] {logging_mixin.py:190} INFO - [2024-11-03T05:36:07.492+0000] {dag.py:4180} INFO - Setting next_dagrun for example_bash_decorator to None, run_after=None
[2024-11-03T05:36:07.513+0000] {processor.py:208} INFO - Processing /home/airflow/.local/lib/python3.12/site-packages/airflow/example_dags/example_bash_decorator.py took 0.088 seconds
[2024-11-03T05:36:38.495+0000] {processor.py:186} INFO - Started process (PID=4361) to work on /home/airflow/.local/lib/python3.12/site-packages/airflow/example_dags/example_bash_decorator.py
[2024-11-03T05:36:38.496+0000] {processor.py:914} INFO - Processing file /home/airflow/.local/lib/python3.12/site-packages/airflow/example_dags/example_bash_decorator.py for tasks to queue
[2024-11-03T05:36:38.498+0000] {logging_mixin.py:190} INFO - [2024-11-03T05:36:38.498+0000] {dagbag.py:588} INFO - Filling up the DagBag from /home/airflow/.local/lib/python3.12/site-packages/airflow/example_dags/example_bash_decorator.py
[2024-11-03T05:36:38.514+0000] {processor.py:925} INFO - DAG(s) 'example_bash_decorator' retrieved from /home/airflow/.local/lib/python3.12/site-packages/airflow/example_dags/example_bash_decorator.py
[2024-11-03T05:36:38.542+0000] {logging_mixin.py:190} INFO - [2024-11-03T05:36:38.541+0000] {dag.py:3239} INFO - Sync 1 DAGs
[2024-11-03T05:36:38.560+0000] {logging_mixin.py:190} INFO - [2024-11-03T05:36:38.560+0000] {dag.py:4180} INFO - Setting next_dagrun for example_bash_decorator to None, run_after=None
[2024-11-03T05:36:38.604+0000] {processor.py:208} INFO - Processing /home/airflow/.local/lib/python3.12/site-packages/airflow/example_dags/example_bash_decorator.py took 0.116 seconds
[2024-11-03T05:37:08.788+0000] {processor.py:186} INFO - Started process (PID=4652) to work on /home/airflow/.local/lib/python3.12/site-packages/airflow/example_dags/example_bash_decorator.py
[2024-11-03T05:37:08.789+0000] {processor.py:914} INFO - Processing file /home/airflow/.local/lib/python3.12/site-packages/airflow/example_dags/example_bash_decorator.py for tasks to queue
[2024-11-03T05:37:08.791+0000] {logging_mixin.py:190} INFO - [2024-11-03T05:37:08.791+0000] {dagbag.py:588} INFO - Filling up the DagBag from /home/airflow/.local/lib/python3.12/site-packages/airflow/example_dags/example_bash_decorator.py
[2024-11-03T05:37:08.808+0000] {processor.py:925} INFO - DAG(s) 'example_bash_decorator' retrieved from /home/airflow/.local/lib/python3.12/site-packages/airflow/example_dags/example_bash_decorator.py
[2024-11-03T05:37:08.832+0000] {logging_mixin.py:190} INFO - [2024-11-03T05:37:08.832+0000] {dag.py:3239} INFO - Sync 1 DAGs
[2024-11-03T05:37:08.846+0000] {logging_mixin.py:190} INFO - [2024-11-03T05:37:08.846+0000] {dag.py:4180} INFO - Setting next_dagrun for example_bash_decorator to None, run_after=None
[2024-11-03T05:37:08.867+0000] {processor.py:208} INFO - Processing /home/airflow/.local/lib/python3.12/site-packages/airflow/example_dags/example_bash_decorator.py took 0.086 seconds
[2024-11-03T05:37:39.354+0000] {processor.py:186} INFO - Started process (PID=4943) to work on /home/airflow/.local/lib/python3.12/site-packages/airflow/example_dags/example_bash_decorator.py
[2024-11-03T05:37:39.355+0000] {processor.py:914} INFO - Processing file /home/airflow/.local/lib/python3.12/site-packages/airflow/example_dags/example_bash_decorator.py for tasks to queue
[2024-11-03T05:37:39.359+0000] {logging_mixin.py:190} INFO - [2024-11-03T05:37:39.358+0000] {dagbag.py:588} INFO - Filling up the DagBag from /home/airflow/.local/lib/python3.12/site-packages/airflow/example_dags/example_bash_decorator.py
[2024-11-03T05:37:39.390+0000] {processor.py:925} INFO - DAG(s) 'example_bash_decorator' retrieved from /home/airflow/.local/lib/python3.12/site-packages/airflow/example_dags/example_bash_decorator.py
[2024-11-03T05:37:39.433+0000] {logging_mixin.py:190} INFO - [2024-11-03T05:37:39.432+0000] {dag.py:3239} INFO - Sync 1 DAGs
[2024-11-03T05:37:39.454+0000] {logging_mixin.py:190} INFO - [2024-11-03T05:37:39.454+0000] {dag.py:4180} INFO - Setting next_dagrun for example_bash_decorator to None, run_after=None
[2024-11-03T05:37:39.526+0000] {processor.py:208} INFO - Processing /home/airflow/.local/lib/python3.12/site-packages/airflow/example_dags/example_bash_decorator.py took 0.180 seconds
[2024-11-03T05:38:09.601+0000] {processor.py:186} INFO - Started process (PID=5236) to work on /home/airflow/.local/lib/python3.12/site-packages/airflow/example_dags/example_bash_decorator.py
[2024-11-03T05:38:09.602+0000] {processor.py:914} INFO - Processing file /home/airflow/.local/lib/python3.12/site-packages/airflow/example_dags/example_bash_decorator.py for tasks to queue
[2024-11-03T05:38:09.605+0000] {logging_mixin.py:190} INFO - [2024-11-03T05:38:09.605+0000] {dagbag.py:588} INFO - Filling up the DagBag from /home/airflow/.local/lib/python3.12/site-packages/airflow/example_dags/example_bash_decorator.py
[2024-11-03T05:38:09.619+0000] {processor.py:925} INFO - DAG(s) 'example_bash_decorator' retrieved from /home/airflow/.local/lib/python3.12/site-packages/airflow/example_dags/example_bash_decorator.py
[2024-11-03T05:38:09.649+0000] {logging_mixin.py:190} INFO - [2024-11-03T05:38:09.648+0000] {dag.py:3239} INFO - Sync 1 DAGs
[2024-11-03T05:38:09.664+0000] {logging_mixin.py:190} INFO - [2024-11-03T05:38:09.663+0000] {dag.py:4180} INFO - Setting next_dagrun for example_bash_decorator to None, run_after=None
[2024-11-03T05:38:09.685+0000] {processor.py:208} INFO - Processing /home/airflow/.local/lib/python3.12/site-packages/airflow/example_dags/example_bash_decorator.py took 0.089 seconds
[2024-11-03T05:38:40.503+0000] {processor.py:186} INFO - Started process (PID=5525) to work on /home/airflow/.local/lib/python3.12/site-packages/airflow/example_dags/example_bash_decorator.py
[2024-11-03T05:38:40.506+0000] {processor.py:914} INFO - Processing file /home/airflow/.local/lib/python3.12/site-packages/airflow/example_dags/example_bash_decorator.py for tasks to queue
[2024-11-03T05:38:40.510+0000] {logging_mixin.py:190} INFO - [2024-11-03T05:38:40.509+0000] {dagbag.py:588} INFO - Filling up the DagBag from /home/airflow/.local/lib/python3.12/site-packages/airflow/example_dags/example_bash_decorator.py
[2024-11-03T05:38:40.530+0000] {processor.py:925} INFO - DAG(s) 'example_bash_decorator' retrieved from /home/airflow/.local/lib/python3.12/site-packages/airflow/example_dags/example_bash_decorator.py
[2024-11-03T05:38:40.554+0000] {logging_mixin.py:190} INFO - [2024-11-03T05:38:40.554+0000] {dag.py:3239} INFO - Sync 1 DAGs
[2024-11-03T05:38:40.569+0000] {logging_mixin.py:190} INFO - [2024-11-03T05:38:40.569+0000] {dag.py:4180} INFO - Setting next_dagrun for example_bash_decorator to None, run_after=None
[2024-11-03T05:38:40.591+0000] {processor.py:208} INFO - Processing /home/airflow/.local/lib/python3.12/site-packages/airflow/example_dags/example_bash_decorator.py took 0.099 seconds
[2024-11-03T05:39:10.841+0000] {processor.py:186} INFO - Started process (PID=5816) to work on /home/airflow/.local/lib/python3.12/site-packages/airflow/example_dags/example_bash_decorator.py
[2024-11-03T05:39:10.842+0000] {processor.py:914} INFO - Processing file /home/airflow/.local/lib/python3.12/site-packages/airflow/example_dags/example_bash_decorator.py for tasks to queue
[2024-11-03T05:39:10.845+0000] {logging_mixin.py:190} INFO - [2024-11-03T05:39:10.845+0000] {dagbag.py:588} INFO - Filling up the DagBag from /home/airflow/.local/lib/python3.12/site-packages/airflow/example_dags/example_bash_decorator.py
[2024-11-03T05:39:10.871+0000] {processor.py:925} INFO - DAG(s) 'example_bash_decorator' retrieved from /home/airflow/.local/lib/python3.12/site-packages/airflow/example_dags/example_bash_decorator.py
[2024-11-03T05:39:10.897+0000] {logging_mixin.py:190} INFO - [2024-11-03T05:39:10.897+0000] {dag.py:3239} INFO - Sync 1 DAGs
[2024-11-03T05:39:10.917+0000] {logging_mixin.py:190} INFO - [2024-11-03T05:39:10.917+0000] {dag.py:4180} INFO - Setting next_dagrun for example_bash_decorator to None, run_after=None
[2024-11-03T05:39:10.941+0000] {processor.py:208} INFO - Processing /home/airflow/.local/lib/python3.12/site-packages/airflow/example_dags/example_bash_decorator.py took 0.107 seconds
[2024-11-03T05:39:41.371+0000] {processor.py:186} INFO - Started process (PID=6107) to work on /home/airflow/.local/lib/python3.12/site-packages/airflow/example_dags/example_bash_decorator.py
[2024-11-03T05:39:41.373+0000] {processor.py:914} INFO - Processing file /home/airflow/.local/lib/python3.12/site-packages/airflow/example_dags/example_bash_decorator.py for tasks to queue
[2024-11-03T05:39:41.375+0000] {logging_mixin.py:190} INFO - [2024-11-03T05:39:41.375+0000] {dagbag.py:588} INFO - Filling up the DagBag from /home/airflow/.local/lib/python3.12/site-packages/airflow/example_dags/example_bash_decorator.py
[2024-11-03T05:39:41.390+0000] {processor.py:925} INFO - DAG(s) 'example_bash_decorator' retrieved from /home/airflow/.local/lib/python3.12/site-packages/airflow/example_dags/example_bash_decorator.py
[2024-11-03T05:39:41.414+0000] {logging_mixin.py:190} INFO - [2024-11-03T05:39:41.414+0000] {dag.py:3239} INFO - Sync 1 DAGs
[2024-11-03T05:39:41.429+0000] {logging_mixin.py:190} INFO - [2024-11-03T05:39:41.429+0000] {dag.py:4180} INFO - Setting next_dagrun for example_bash_decorator to None, run_after=None
[2024-11-03T05:39:41.450+0000] {processor.py:208} INFO - Processing /home/airflow/.local/lib/python3.12/site-packages/airflow/example_dags/example_bash_decorator.py took 0.084 seconds
[2024-11-03T05:40:11.812+0000] {processor.py:186} INFO - Started process (PID=6398) to work on /home/airflow/.local/lib/python3.12/site-packages/airflow/example_dags/example_bash_decorator.py
[2024-11-03T05:40:11.813+0000] {processor.py:914} INFO - Processing file /home/airflow/.local/lib/python3.12/site-packages/airflow/example_dags/example_bash_decorator.py for tasks to queue
[2024-11-03T05:40:11.816+0000] {logging_mixin.py:190} INFO - [2024-11-03T05:40:11.815+0000] {dagbag.py:588} INFO - Filling up the DagBag from /home/airflow/.local/lib/python3.12/site-packages/airflow/example_dags/example_bash_decorator.py
[2024-11-03T05:40:11.835+0000] {processor.py:925} INFO - DAG(s) 'example_bash_decorator' retrieved from /home/airflow/.local/lib/python3.12/site-packages/airflow/example_dags/example_bash_decorator.py
[2024-11-03T05:40:11.859+0000] {logging_mixin.py:190} INFO - [2024-11-03T05:40:11.859+0000] {dag.py:3239} INFO - Sync 1 DAGs
[2024-11-03T05:40:11.874+0000] {logging_mixin.py:190} INFO - [2024-11-03T05:40:11.874+0000] {dag.py:4180} INFO - Setting next_dagrun for example_bash_decorator to None, run_after=None
[2024-11-03T05:40:11.894+0000] {processor.py:208} INFO - Processing /home/airflow/.local/lib/python3.12/site-packages/airflow/example_dags/example_bash_decorator.py took 0.089 seconds
[2024-11-03T05:40:42.965+0000] {processor.py:186} INFO - Started process (PID=6690) to work on /home/airflow/.local/lib/python3.12/site-packages/airflow/example_dags/example_bash_decorator.py
[2024-11-03T05:40:42.968+0000] {processor.py:914} INFO - Processing file /home/airflow/.local/lib/python3.12/site-packages/airflow/example_dags/example_bash_decorator.py for tasks to queue
[2024-11-03T05:40:42.974+0000] {logging_mixin.py:190} INFO - [2024-11-03T05:40:42.974+0000] {dagbag.py:588} INFO - Filling up the DagBag from /home/airflow/.local/lib/python3.12/site-packages/airflow/example_dags/example_bash_decorator.py
[2024-11-03T05:40:43.005+0000] {processor.py:925} INFO - DAG(s) 'example_bash_decorator' retrieved from /home/airflow/.local/lib/python3.12/site-packages/airflow/example_dags/example_bash_decorator.py
[2024-11-03T05:40:43.037+0000] {logging_mixin.py:190} INFO - [2024-11-03T05:40:43.036+0000] {dag.py:3239} INFO - Sync 1 DAGs
[2024-11-03T05:40:43.056+0000] {logging_mixin.py:190} INFO - [2024-11-03T05:40:43.056+0000] {dag.py:4180} INFO - Setting next_dagrun for example_bash_decorator to None, run_after=None
[2024-11-03T05:40:43.087+0000] {processor.py:208} INFO - Processing /home/airflow/.local/lib/python3.12/site-packages/airflow/example_dags/example_bash_decorator.py took 0.132 seconds
[2024-11-03T05:41:13.768+0000] {processor.py:186} INFO - Started process (PID=6980) to work on /home/airflow/.local/lib/python3.12/site-packages/airflow/example_dags/example_bash_decorator.py
[2024-11-03T05:41:13.769+0000] {processor.py:914} INFO - Processing file /home/airflow/.local/lib/python3.12/site-packages/airflow/example_dags/example_bash_decorator.py for tasks to queue
[2024-11-03T05:41:13.772+0000] {logging_mixin.py:190} INFO - [2024-11-03T05:41:13.771+0000] {dagbag.py:588} INFO - Filling up the DagBag from /home/airflow/.local/lib/python3.12/site-packages/airflow/example_dags/example_bash_decorator.py
[2024-11-03T05:41:13.788+0000] {processor.py:925} INFO - DAG(s) 'example_bash_decorator' retrieved from /home/airflow/.local/lib/python3.12/site-packages/airflow/example_dags/example_bash_decorator.py
[2024-11-03T05:41:13.814+0000] {logging_mixin.py:190} INFO - [2024-11-03T05:41:13.814+0000] {dag.py:3239} INFO - Sync 1 DAGs
[2024-11-03T05:41:13.829+0000] {logging_mixin.py:190} INFO - [2024-11-03T05:41:13.829+0000] {dag.py:4180} INFO - Setting next_dagrun for example_bash_decorator to None, run_after=None
[2024-11-03T05:41:13.860+0000] {processor.py:208} INFO - Processing /home/airflow/.local/lib/python3.12/site-packages/airflow/example_dags/example_bash_decorator.py took 0.099 seconds
[2024-11-03T05:41:44.439+0000] {processor.py:186} INFO - Started process (PID=7273) to work on /home/airflow/.local/lib/python3.12/site-packages/airflow/example_dags/example_bash_decorator.py
[2024-11-03T05:41:44.440+0000] {processor.py:914} INFO - Processing file /home/airflow/.local/lib/python3.12/site-packages/airflow/example_dags/example_bash_decorator.py for tasks to queue
[2024-11-03T05:41:44.443+0000] {logging_mixin.py:190} INFO - [2024-11-03T05:41:44.443+0000] {dagbag.py:588} INFO - Filling up the DagBag from /home/airflow/.local/lib/python3.12/site-packages/airflow/example_dags/example_bash_decorator.py
[2024-11-03T05:41:44.458+0000] {processor.py:925} INFO - DAG(s) 'example_bash_decorator' retrieved from /home/airflow/.local/lib/python3.12/site-packages/airflow/example_dags/example_bash_decorator.py
[2024-11-03T05:41:44.483+0000] {logging_mixin.py:190} INFO - [2024-11-03T05:41:44.482+0000] {dag.py:3239} INFO - Sync 1 DAGs
[2024-11-03T05:41:44.498+0000] {logging_mixin.py:190} INFO - [2024-11-03T05:41:44.498+0000] {dag.py:4180} INFO - Setting next_dagrun for example_bash_decorator to None, run_after=None
[2024-11-03T05:41:44.520+0000] {processor.py:208} INFO - Processing /home/airflow/.local/lib/python3.12/site-packages/airflow/example_dags/example_bash_decorator.py took 0.087 seconds
[2024-11-03T05:42:14.801+0000] {processor.py:186} INFO - Started process (PID=7562) to work on /home/airflow/.local/lib/python3.12/site-packages/airflow/example_dags/example_bash_decorator.py
[2024-11-03T05:42:14.802+0000] {processor.py:914} INFO - Processing file /home/airflow/.local/lib/python3.12/site-packages/airflow/example_dags/example_bash_decorator.py for tasks to queue
[2024-11-03T05:42:14.805+0000] {logging_mixin.py:190} INFO - [2024-11-03T05:42:14.804+0000] {dagbag.py:588} INFO - Filling up the DagBag from /home/airflow/.local/lib/python3.12/site-packages/airflow/example_dags/example_bash_decorator.py
[2024-11-03T05:42:14.822+0000] {processor.py:925} INFO - DAG(s) 'example_bash_decorator' retrieved from /home/airflow/.local/lib/python3.12/site-packages/airflow/example_dags/example_bash_decorator.py
[2024-11-03T05:42:14.849+0000] {logging_mixin.py:190} INFO - [2024-11-03T05:42:14.848+0000] {dag.py:3239} INFO - Sync 1 DAGs
[2024-11-03T05:42:14.865+0000] {logging_mixin.py:190} INFO - [2024-11-03T05:42:14.864+0000] {dag.py:4180} INFO - Setting next_dagrun for example_bash_decorator to None, run_after=None
[2024-11-03T05:42:14.895+0000] {processor.py:208} INFO - Processing /home/airflow/.local/lib/python3.12/site-packages/airflow/example_dags/example_bash_decorator.py took 0.100 seconds
[2024-11-03T05:42:45.457+0000] {processor.py:186} INFO - Started process (PID=7854) to work on /home/airflow/.local/lib/python3.12/site-packages/airflow/example_dags/example_bash_decorator.py
[2024-11-03T05:42:45.459+0000] {processor.py:914} INFO - Processing file /home/airflow/.local/lib/python3.12/site-packages/airflow/example_dags/example_bash_decorator.py for tasks to queue
[2024-11-03T05:42:45.462+0000] {logging_mixin.py:190} INFO - [2024-11-03T05:42:45.462+0000] {dagbag.py:588} INFO - Filling up the DagBag from /home/airflow/.local/lib/python3.12/site-packages/airflow/example_dags/example_bash_decorator.py
[2024-11-03T05:42:45.485+0000] {processor.py:925} INFO - DAG(s) 'example_bash_decorator' retrieved from /home/airflow/.local/lib/python3.12/site-packages/airflow/example_dags/example_bash_decorator.py
[2024-11-03T05:42:45.517+0000] {logging_mixin.py:190} INFO - [2024-11-03T05:42:45.516+0000] {dag.py:3239} INFO - Sync 1 DAGs
[2024-11-03T05:42:45.538+0000] {logging_mixin.py:190} INFO - [2024-11-03T05:42:45.538+0000] {dag.py:4180} INFO - Setting next_dagrun for example_bash_decorator to None, run_after=None
[2024-11-03T05:42:45.561+0000] {processor.py:208} INFO - Processing /home/airflow/.local/lib/python3.12/site-packages/airflow/example_dags/example_bash_decorator.py took 0.113 seconds
[2024-11-03T05:43:16.364+0000] {processor.py:186} INFO - Started process (PID=8145) to work on /home/airflow/.local/lib/python3.12/site-packages/airflow/example_dags/example_bash_decorator.py
[2024-11-03T05:43:16.365+0000] {processor.py:914} INFO - Processing file /home/airflow/.local/lib/python3.12/site-packages/airflow/example_dags/example_bash_decorator.py for tasks to queue
[2024-11-03T05:43:16.367+0000] {logging_mixin.py:190} INFO - [2024-11-03T05:43:16.367+0000] {dagbag.py:588} INFO - Filling up the DagBag from /home/airflow/.local/lib/python3.12/site-packages/airflow/example_dags/example_bash_decorator.py
[2024-11-03T05:43:16.383+0000] {processor.py:925} INFO - DAG(s) 'example_bash_decorator' retrieved from /home/airflow/.local/lib/python3.12/site-packages/airflow/example_dags/example_bash_decorator.py
[2024-11-03T05:43:16.409+0000] {logging_mixin.py:190} INFO - [2024-11-03T05:43:16.408+0000] {dag.py:3239} INFO - Sync 1 DAGs
[2024-11-03T05:43:16.424+0000] {logging_mixin.py:190} INFO - [2024-11-03T05:43:16.424+0000] {dag.py:4180} INFO - Setting next_dagrun for example_bash_decorator to None, run_after=None
[2024-11-03T05:43:16.450+0000] {processor.py:208} INFO - Processing /home/airflow/.local/lib/python3.12/site-packages/airflow/example_dags/example_bash_decorator.py took 0.092 seconds
[2024-11-03T05:43:46.702+0000] {processor.py:186} INFO - Started process (PID=8436) to work on /home/airflow/.local/lib/python3.12/site-packages/airflow/example_dags/example_bash_decorator.py
[2024-11-03T05:43:46.703+0000] {processor.py:914} INFO - Processing file /home/airflow/.local/lib/python3.12/site-packages/airflow/example_dags/example_bash_decorator.py for tasks to queue
[2024-11-03T05:43:46.706+0000] {logging_mixin.py:190} INFO - [2024-11-03T05:43:46.706+0000] {dagbag.py:588} INFO - Filling up the DagBag from /home/airflow/.local/lib/python3.12/site-packages/airflow/example_dags/example_bash_decorator.py
[2024-11-03T05:43:46.721+0000] {processor.py:925} INFO - DAG(s) 'example_bash_decorator' retrieved from /home/airflow/.local/lib/python3.12/site-packages/airflow/example_dags/example_bash_decorator.py
[2024-11-03T05:43:46.748+0000] {logging_mixin.py:190} INFO - [2024-11-03T05:43:46.748+0000] {dag.py:3239} INFO - Sync 1 DAGs
[2024-11-03T05:43:46.763+0000] {logging_mixin.py:190} INFO - [2024-11-03T05:43:46.763+0000] {dag.py:4180} INFO - Setting next_dagrun for example_bash_decorator to None, run_after=None
[2024-11-03T05:43:46.784+0000] {processor.py:208} INFO - Processing /home/airflow/.local/lib/python3.12/site-packages/airflow/example_dags/example_bash_decorator.py took 0.088 seconds
[2024-11-03T05:44:17.052+0000] {processor.py:186} INFO - Started process (PID=8729) to work on /home/airflow/.local/lib/python3.12/site-packages/airflow/example_dags/example_bash_decorator.py
[2024-11-03T05:44:17.053+0000] {processor.py:914} INFO - Processing file /home/airflow/.local/lib/python3.12/site-packages/airflow/example_dags/example_bash_decorator.py for tasks to queue
[2024-11-03T05:44:17.055+0000] {logging_mixin.py:190} INFO - [2024-11-03T05:44:17.055+0000] {dagbag.py:588} INFO - Filling up the DagBag from /home/airflow/.local/lib/python3.12/site-packages/airflow/example_dags/example_bash_decorator.py
[2024-11-03T05:44:17.070+0000] {processor.py:925} INFO - DAG(s) 'example_bash_decorator' retrieved from /home/airflow/.local/lib/python3.12/site-packages/airflow/example_dags/example_bash_decorator.py
[2024-11-03T05:44:17.095+0000] {logging_mixin.py:190} INFO - [2024-11-03T05:44:17.095+0000] {dag.py:3239} INFO - Sync 1 DAGs
[2024-11-03T05:44:17.109+0000] {logging_mixin.py:190} INFO - [2024-11-03T05:44:17.109+0000] {dag.py:4180} INFO - Setting next_dagrun for example_bash_decorator to None, run_after=None
[2024-11-03T05:44:17.130+0000] {processor.py:208} INFO - Processing /home/airflow/.local/lib/python3.12/site-packages/airflow/example_dags/example_bash_decorator.py took 0.084 seconds
[2024-11-03T05:44:47.377+0000] {processor.py:186} INFO - Started process (PID=9018) to work on /home/airflow/.local/lib/python3.12/site-packages/airflow/example_dags/example_bash_decorator.py
[2024-11-03T05:44:47.378+0000] {processor.py:914} INFO - Processing file /home/airflow/.local/lib/python3.12/site-packages/airflow/example_dags/example_bash_decorator.py for tasks to queue
[2024-11-03T05:44:47.380+0000] {logging_mixin.py:190} INFO - [2024-11-03T05:44:47.380+0000] {dagbag.py:588} INFO - Filling up the DagBag from /home/airflow/.local/lib/python3.12/site-packages/airflow/example_dags/example_bash_decorator.py
[2024-11-03T05:44:47.395+0000] {processor.py:925} INFO - DAG(s) 'example_bash_decorator' retrieved from /home/airflow/.local/lib/python3.12/site-packages/airflow/example_dags/example_bash_decorator.py
[2024-11-03T05:44:47.420+0000] {logging_mixin.py:190} INFO - [2024-11-03T05:44:47.420+0000] {dag.py:3239} INFO - Sync 1 DAGs
[2024-11-03T05:44:47.435+0000] {logging_mixin.py:190} INFO - [2024-11-03T05:44:47.435+0000] {dag.py:4180} INFO - Setting next_dagrun for example_bash_decorator to None, run_after=None
[2024-11-03T05:44:47.458+0000] {processor.py:208} INFO - Processing /home/airflow/.local/lib/python3.12/site-packages/airflow/example_dags/example_bash_decorator.py took 0.087 seconds
[2024-11-03T05:45:17.618+0000] {processor.py:186} INFO - Started process (PID=9309) to work on /home/airflow/.local/lib/python3.12/site-packages/airflow/example_dags/example_bash_decorator.py
[2024-11-03T05:45:17.619+0000] {processor.py:914} INFO - Processing file /home/airflow/.local/lib/python3.12/site-packages/airflow/example_dags/example_bash_decorator.py for tasks to queue
[2024-11-03T05:45:17.622+0000] {logging_mixin.py:190} INFO - [2024-11-03T05:45:17.622+0000] {dagbag.py:588} INFO - Filling up the DagBag from /home/airflow/.local/lib/python3.12/site-packages/airflow/example_dags/example_bash_decorator.py
[2024-11-03T05:45:17.637+0000] {processor.py:925} INFO - DAG(s) 'example_bash_decorator' retrieved from /home/airflow/.local/lib/python3.12/site-packages/airflow/example_dags/example_bash_decorator.py
[2024-11-03T05:45:17.661+0000] {logging_mixin.py:190} INFO - [2024-11-03T05:45:17.661+0000] {dag.py:3239} INFO - Sync 1 DAGs
[2024-11-03T05:45:17.677+0000] {logging_mixin.py:190} INFO - [2024-11-03T05:45:17.677+0000] {dag.py:4180} INFO - Setting next_dagrun for example_bash_decorator to None, run_after=None
[2024-11-03T05:45:17.699+0000] {processor.py:208} INFO - Processing /home/airflow/.local/lib/python3.12/site-packages/airflow/example_dags/example_bash_decorator.py took 0.087 seconds
[2024-11-03T05:45:47.938+0000] {processor.py:186} INFO - Started process (PID=9602) to work on /home/airflow/.local/lib/python3.12/site-packages/airflow/example_dags/example_bash_decorator.py
[2024-11-03T05:45:47.939+0000] {processor.py:914} INFO - Processing file /home/airflow/.local/lib/python3.12/site-packages/airflow/example_dags/example_bash_decorator.py for tasks to queue
[2024-11-03T05:45:47.941+0000] {logging_mixin.py:190} INFO - [2024-11-03T05:45:47.941+0000] {dagbag.py:588} INFO - Filling up the DagBag from /home/airflow/.local/lib/python3.12/site-packages/airflow/example_dags/example_bash_decorator.py
[2024-11-03T05:45:47.956+0000] {processor.py:925} INFO - DAG(s) 'example_bash_decorator' retrieved from /home/airflow/.local/lib/python3.12/site-packages/airflow/example_dags/example_bash_decorator.py
[2024-11-03T05:45:47.980+0000] {logging_mixin.py:190} INFO - [2024-11-03T05:45:47.980+0000] {dag.py:3239} INFO - Sync 1 DAGs
[2024-11-03T05:45:47.994+0000] {logging_mixin.py:190} INFO - [2024-11-03T05:45:47.994+0000] {dag.py:4180} INFO - Setting next_dagrun for example_bash_decorator to None, run_after=None
[2024-11-03T05:45:48.014+0000] {processor.py:208} INFO - Processing /home/airflow/.local/lib/python3.12/site-packages/airflow/example_dags/example_bash_decorator.py took 0.082 seconds
[2024-11-03T05:46:18.945+0000] {processor.py:186} INFO - Started process (PID=9891) to work on /home/airflow/.local/lib/python3.12/site-packages/airflow/example_dags/example_bash_decorator.py
[2024-11-03T05:46:18.946+0000] {processor.py:914} INFO - Processing file /home/airflow/.local/lib/python3.12/site-packages/airflow/example_dags/example_bash_decorator.py for tasks to queue
[2024-11-03T05:46:18.949+0000] {logging_mixin.py:190} INFO - [2024-11-03T05:46:18.948+0000] {dagbag.py:588} INFO - Filling up the DagBag from /home/airflow/.local/lib/python3.12/site-packages/airflow/example_dags/example_bash_decorator.py
[2024-11-03T05:46:18.966+0000] {processor.py:925} INFO - DAG(s) 'example_bash_decorator' retrieved from /home/airflow/.local/lib/python3.12/site-packages/airflow/example_dags/example_bash_decorator.py
[2024-11-03T05:46:18.997+0000] {logging_mixin.py:190} INFO - [2024-11-03T05:46:18.997+0000] {dag.py:3239} INFO - Sync 1 DAGs
[2024-11-03T05:46:19.015+0000] {logging_mixin.py:190} INFO - [2024-11-03T05:46:19.015+0000] {dag.py:4180} INFO - Setting next_dagrun for example_bash_decorator to None, run_after=None
[2024-11-03T05:46:19.046+0000] {processor.py:208} INFO - Processing /home/airflow/.local/lib/python3.12/site-packages/airflow/example_dags/example_bash_decorator.py took 0.112 seconds
[2024-11-03T05:46:49.305+0000] {processor.py:186} INFO - Started process (PID=10188) to work on /home/airflow/.local/lib/python3.12/site-packages/airflow/example_dags/example_bash_decorator.py
[2024-11-03T05:46:49.307+0000] {processor.py:914} INFO - Processing file /home/airflow/.local/lib/python3.12/site-packages/airflow/example_dags/example_bash_decorator.py for tasks to queue
[2024-11-03T05:46:49.310+0000] {logging_mixin.py:190} INFO - [2024-11-03T05:46:49.309+0000] {dagbag.py:588} INFO - Filling up the DagBag from /home/airflow/.local/lib/python3.12/site-packages/airflow/example_dags/example_bash_decorator.py
[2024-11-03T05:46:49.328+0000] {processor.py:925} INFO - DAG(s) 'example_bash_decorator' retrieved from /home/airflow/.local/lib/python3.12/site-packages/airflow/example_dags/example_bash_decorator.py
[2024-11-03T05:46:49.353+0000] {logging_mixin.py:190} INFO - [2024-11-03T05:46:49.353+0000] {dag.py:3239} INFO - Sync 1 DAGs
[2024-11-03T05:46:49.368+0000] {logging_mixin.py:190} INFO - [2024-11-03T05:46:49.368+0000] {dag.py:4180} INFO - Setting next_dagrun for example_bash_decorator to None, run_after=None
[2024-11-03T05:46:49.393+0000] {processor.py:208} INFO - Processing /home/airflow/.local/lib/python3.12/site-packages/airflow/example_dags/example_bash_decorator.py took 0.101 seconds
[2024-11-03T05:47:19.589+0000] {processor.py:186} INFO - Started process (PID=10479) to work on /home/airflow/.local/lib/python3.12/site-packages/airflow/example_dags/example_bash_decorator.py
[2024-11-03T05:47:19.590+0000] {processor.py:914} INFO - Processing file /home/airflow/.local/lib/python3.12/site-packages/airflow/example_dags/example_bash_decorator.py for tasks to queue
[2024-11-03T05:47:19.592+0000] {logging_mixin.py:190} INFO - [2024-11-03T05:47:19.592+0000] {dagbag.py:588} INFO - Filling up the DagBag from /home/airflow/.local/lib/python3.12/site-packages/airflow/example_dags/example_bash_decorator.py
[2024-11-03T05:47:19.608+0000] {processor.py:925} INFO - DAG(s) 'example_bash_decorator' retrieved from /home/airflow/.local/lib/python3.12/site-packages/airflow/example_dags/example_bash_decorator.py
[2024-11-03T05:47:19.633+0000] {logging_mixin.py:190} INFO - [2024-11-03T05:47:19.632+0000] {dag.py:3239} INFO - Sync 1 DAGs
[2024-11-03T05:47:19.648+0000] {logging_mixin.py:190} INFO - [2024-11-03T05:47:19.648+0000] {dag.py:4180} INFO - Setting next_dagrun for example_bash_decorator to None, run_after=None
[2024-11-03T05:47:19.669+0000] {processor.py:208} INFO - Processing /home/airflow/.local/lib/python3.12/site-packages/airflow/example_dags/example_bash_decorator.py took 0.087 seconds
[2024-11-03T05:47:50.051+0000] {processor.py:186} INFO - Started process (PID=10770) to work on /home/airflow/.local/lib/python3.12/site-packages/airflow/example_dags/example_bash_decorator.py
[2024-11-03T05:47:50.052+0000] {processor.py:914} INFO - Processing file /home/airflow/.local/lib/python3.12/site-packages/airflow/example_dags/example_bash_decorator.py for tasks to queue
[2024-11-03T05:47:50.054+0000] {logging_mixin.py:190} INFO - [2024-11-03T05:47:50.054+0000] {dagbag.py:588} INFO - Filling up the DagBag from /home/airflow/.local/lib/python3.12/site-packages/airflow/example_dags/example_bash_decorator.py
[2024-11-03T05:47:50.069+0000] {processor.py:925} INFO - DAG(s) 'example_bash_decorator' retrieved from /home/airflow/.local/lib/python3.12/site-packages/airflow/example_dags/example_bash_decorator.py
[2024-11-03T05:47:50.094+0000] {logging_mixin.py:190} INFO - [2024-11-03T05:47:50.094+0000] {dag.py:3239} INFO - Sync 1 DAGs
[2024-11-03T05:47:50.108+0000] {logging_mixin.py:190} INFO - [2024-11-03T05:47:50.108+0000] {dag.py:4180} INFO - Setting next_dagrun for example_bash_decorator to None, run_after=None
[2024-11-03T05:47:50.132+0000] {processor.py:208} INFO - Processing /home/airflow/.local/lib/python3.12/site-packages/airflow/example_dags/example_bash_decorator.py took 0.087 seconds
[2024-11-03T05:48:20.527+0000] {processor.py:186} INFO - Started process (PID=11061) to work on /home/airflow/.local/lib/python3.12/site-packages/airflow/example_dags/example_bash_decorator.py
[2024-11-03T05:48:20.528+0000] {processor.py:914} INFO - Processing file /home/airflow/.local/lib/python3.12/site-packages/airflow/example_dags/example_bash_decorator.py for tasks to queue
[2024-11-03T05:48:20.531+0000] {logging_mixin.py:190} INFO - [2024-11-03T05:48:20.530+0000] {dagbag.py:588} INFO - Filling up the DagBag from /home/airflow/.local/lib/python3.12/site-packages/airflow/example_dags/example_bash_decorator.py
[2024-11-03T05:48:20.546+0000] {processor.py:925} INFO - DAG(s) 'example_bash_decorator' retrieved from /home/airflow/.local/lib/python3.12/site-packages/airflow/example_dags/example_bash_decorator.py
[2024-11-03T05:48:20.573+0000] {logging_mixin.py:190} INFO - [2024-11-03T05:48:20.572+0000] {dag.py:3239} INFO - Sync 1 DAGs
[2024-11-03T05:48:20.588+0000] {logging_mixin.py:190} INFO - [2024-11-03T05:48:20.588+0000] {dag.py:4180} INFO - Setting next_dagrun for example_bash_decorator to None, run_after=None
[2024-11-03T05:48:20.619+0000] {processor.py:208} INFO - Processing /home/airflow/.local/lib/python3.12/site-packages/airflow/example_dags/example_bash_decorator.py took 0.099 seconds
[2024-11-03T05:48:51.099+0000] {processor.py:186} INFO - Started process (PID=11354) to work on /home/airflow/.local/lib/python3.12/site-packages/airflow/example_dags/example_bash_decorator.py
[2024-11-03T05:48:51.100+0000] {processor.py:914} INFO - Processing file /home/airflow/.local/lib/python3.12/site-packages/airflow/example_dags/example_bash_decorator.py for tasks to queue
[2024-11-03T05:48:51.103+0000] {logging_mixin.py:190} INFO - [2024-11-03T05:48:51.102+0000] {dagbag.py:588} INFO - Filling up the DagBag from /home/airflow/.local/lib/python3.12/site-packages/airflow/example_dags/example_bash_decorator.py
[2024-11-03T05:48:51.124+0000] {processor.py:925} INFO - DAG(s) 'example_bash_decorator' retrieved from /home/airflow/.local/lib/python3.12/site-packages/airflow/example_dags/example_bash_decorator.py
[2024-11-03T05:48:51.151+0000] {logging_mixin.py:190} INFO - [2024-11-03T05:48:51.151+0000] {dag.py:3239} INFO - Sync 1 DAGs
[2024-11-03T05:48:51.168+0000] {logging_mixin.py:190} INFO - [2024-11-03T05:48:51.167+0000] {dag.py:4180} INFO - Setting next_dagrun for example_bash_decorator to None, run_after=None
[2024-11-03T05:48:51.188+0000] {processor.py:208} INFO - Processing /home/airflow/.local/lib/python3.12/site-packages/airflow/example_dags/example_bash_decorator.py took 0.102 seconds
[2024-11-03T05:49:22.074+0000] {processor.py:186} INFO - Started process (PID=11643) to work on /home/airflow/.local/lib/python3.12/site-packages/airflow/example_dags/example_bash_decorator.py
[2024-11-03T05:49:22.075+0000] {processor.py:914} INFO - Processing file /home/airflow/.local/lib/python3.12/site-packages/airflow/example_dags/example_bash_decorator.py for tasks to queue
[2024-11-03T05:49:22.078+0000] {logging_mixin.py:190} INFO - [2024-11-03T05:49:22.077+0000] {dagbag.py:588} INFO - Filling up the DagBag from /home/airflow/.local/lib/python3.12/site-packages/airflow/example_dags/example_bash_decorator.py
[2024-11-03T05:49:22.094+0000] {processor.py:925} INFO - DAG(s) 'example_bash_decorator' retrieved from /home/airflow/.local/lib/python3.12/site-packages/airflow/example_dags/example_bash_decorator.py
[2024-11-03T05:49:22.119+0000] {logging_mixin.py:190} INFO - [2024-11-03T05:49:22.118+0000] {dag.py:3239} INFO - Sync 1 DAGs
[2024-11-03T05:49:22.137+0000] {logging_mixin.py:190} INFO - [2024-11-03T05:49:22.137+0000] {dag.py:4180} INFO - Setting next_dagrun for example_bash_decorator to None, run_after=None
[2024-11-03T05:49:22.159+0000] {processor.py:208} INFO - Processing /home/airflow/.local/lib/python3.12/site-packages/airflow/example_dags/example_bash_decorator.py took 0.093 seconds
[2024-11-03T05:49:52.425+0000] {processor.py:186} INFO - Started process (PID=11934) to work on /home/airflow/.local/lib/python3.12/site-packages/airflow/example_dags/example_bash_decorator.py
[2024-11-03T05:49:52.426+0000] {processor.py:914} INFO - Processing file /home/airflow/.local/lib/python3.12/site-packages/airflow/example_dags/example_bash_decorator.py for tasks to queue
[2024-11-03T05:49:52.429+0000] {logging_mixin.py:190} INFO - [2024-11-03T05:49:52.428+0000] {dagbag.py:588} INFO - Filling up the DagBag from /home/airflow/.local/lib/python3.12/site-packages/airflow/example_dags/example_bash_decorator.py
[2024-11-03T05:49:52.444+0000] {processor.py:925} INFO - DAG(s) 'example_bash_decorator' retrieved from /home/airflow/.local/lib/python3.12/site-packages/airflow/example_dags/example_bash_decorator.py
[2024-11-03T05:49:52.472+0000] {logging_mixin.py:190} INFO - [2024-11-03T05:49:52.472+0000] {dag.py:3239} INFO - Sync 1 DAGs
[2024-11-03T05:49:52.488+0000] {logging_mixin.py:190} INFO - [2024-11-03T05:49:52.488+0000] {dag.py:4180} INFO - Setting next_dagrun for example_bash_decorator to None, run_after=None
[2024-11-03T05:49:52.510+0000] {processor.py:208} INFO - Processing /home/airflow/.local/lib/python3.12/site-packages/airflow/example_dags/example_bash_decorator.py took 0.091 seconds
[2024-11-03T05:50:22.991+0000] {processor.py:186} INFO - Started process (PID=12225) to work on /home/airflow/.local/lib/python3.12/site-packages/airflow/example_dags/example_bash_decorator.py
[2024-11-03T05:50:22.992+0000] {processor.py:914} INFO - Processing file /home/airflow/.local/lib/python3.12/site-packages/airflow/example_dags/example_bash_decorator.py for tasks to queue
[2024-11-03T05:50:22.994+0000] {logging_mixin.py:190} INFO - [2024-11-03T05:50:22.994+0000] {dagbag.py:588} INFO - Filling up the DagBag from /home/airflow/.local/lib/python3.12/site-packages/airflow/example_dags/example_bash_decorator.py
[2024-11-03T05:50:23.009+0000] {processor.py:925} INFO - DAG(s) 'example_bash_decorator' retrieved from /home/airflow/.local/lib/python3.12/site-packages/airflow/example_dags/example_bash_decorator.py
[2024-11-03T05:50:23.034+0000] {logging_mixin.py:190} INFO - [2024-11-03T05:50:23.034+0000] {dag.py:3239} INFO - Sync 1 DAGs
[2024-11-03T05:50:23.049+0000] {logging_mixin.py:190} INFO - [2024-11-03T05:50:23.049+0000] {dag.py:4180} INFO - Setting next_dagrun for example_bash_decorator to None, run_after=None
[2024-11-03T05:50:23.076+0000] {processor.py:208} INFO - Processing /home/airflow/.local/lib/python3.12/site-packages/airflow/example_dags/example_bash_decorator.py took 0.091 seconds
[2024-11-03T05:50:53.389+0000] {processor.py:186} INFO - Started process (PID=12516) to work on /home/airflow/.local/lib/python3.12/site-packages/airflow/example_dags/example_bash_decorator.py
[2024-11-03T05:50:53.390+0000] {processor.py:914} INFO - Processing file /home/airflow/.local/lib/python3.12/site-packages/airflow/example_dags/example_bash_decorator.py for tasks to queue
[2024-11-03T05:50:53.392+0000] {logging_mixin.py:190} INFO - [2024-11-03T05:50:53.392+0000] {dagbag.py:588} INFO - Filling up the DagBag from /home/airflow/.local/lib/python3.12/site-packages/airflow/example_dags/example_bash_decorator.py
[2024-11-03T05:50:53.407+0000] {processor.py:925} INFO - DAG(s) 'example_bash_decorator' retrieved from /home/airflow/.local/lib/python3.12/site-packages/airflow/example_dags/example_bash_decorator.py
[2024-11-03T05:50:53.432+0000] {logging_mixin.py:190} INFO - [2024-11-03T05:50:53.431+0000] {dag.py:3239} INFO - Sync 1 DAGs
[2024-11-03T05:50:53.447+0000] {logging_mixin.py:190} INFO - [2024-11-03T05:50:53.447+0000] {dag.py:4180} INFO - Setting next_dagrun for example_bash_decorator to None, run_after=None
[2024-11-03T05:50:53.469+0000] {processor.py:208} INFO - Processing /home/airflow/.local/lib/python3.12/site-packages/airflow/example_dags/example_bash_decorator.py took 0.086 seconds
[2024-11-03T05:52:51.787+0000] {processor.py:186} INFO - Started process (PID=267) to work on /home/airflow/.local/lib/python3.12/site-packages/airflow/example_dags/example_bash_decorator.py
[2024-11-03T05:52:51.788+0000] {processor.py:914} INFO - Processing file /home/airflow/.local/lib/python3.12/site-packages/airflow/example_dags/example_bash_decorator.py for tasks to queue
[2024-11-03T05:52:51.791+0000] {logging_mixin.py:190} INFO - [2024-11-03T05:52:51.791+0000] {dagbag.py:588} INFO - Filling up the DagBag from /home/airflow/.local/lib/python3.12/site-packages/airflow/example_dags/example_bash_decorator.py
[2024-11-03T05:52:51.816+0000] {processor.py:925} INFO - DAG(s) 'example_bash_decorator' retrieved from /home/airflow/.local/lib/python3.12/site-packages/airflow/example_dags/example_bash_decorator.py
[2024-11-03T05:52:52.023+0000] {logging_mixin.py:190} INFO - [2024-11-03T05:52:52.022+0000] {dag.py:3239} INFO - Sync 1 DAGs
[2024-11-03T05:52:52.041+0000] {logging_mixin.py:190} INFO - [2024-11-03T05:52:52.041+0000] {dag.py:4180} INFO - Setting next_dagrun for example_bash_decorator to None, run_after=None
[2024-11-03T05:52:52.069+0000] {processor.py:208} INFO - Processing /home/airflow/.local/lib/python3.12/site-packages/airflow/example_dags/example_bash_decorator.py took 0.291 seconds
[2024-11-03T05:53:22.672+0000] {processor.py:186} INFO - Started process (PID=558) to work on /home/airflow/.local/lib/python3.12/site-packages/airflow/example_dags/example_bash_decorator.py
[2024-11-03T05:53:22.673+0000] {processor.py:914} INFO - Processing file /home/airflow/.local/lib/python3.12/site-packages/airflow/example_dags/example_bash_decorator.py for tasks to queue
[2024-11-03T05:53:22.675+0000] {logging_mixin.py:190} INFO - [2024-11-03T05:53:22.675+0000] {dagbag.py:588} INFO - Filling up the DagBag from /home/airflow/.local/lib/python3.12/site-packages/airflow/example_dags/example_bash_decorator.py
[2024-11-03T05:53:22.690+0000] {processor.py:925} INFO - DAG(s) 'example_bash_decorator' retrieved from /home/airflow/.local/lib/python3.12/site-packages/airflow/example_dags/example_bash_decorator.py
[2024-11-03T05:53:22.716+0000] {logging_mixin.py:190} INFO - [2024-11-03T05:53:22.715+0000] {dag.py:3239} INFO - Sync 1 DAGs
[2024-11-03T05:53:22.731+0000] {logging_mixin.py:190} INFO - [2024-11-03T05:53:22.730+0000] {dag.py:4180} INFO - Setting next_dagrun for example_bash_decorator to None, run_after=None
[2024-11-03T05:53:22.751+0000] {processor.py:208} INFO - Processing /home/airflow/.local/lib/python3.12/site-packages/airflow/example_dags/example_bash_decorator.py took 0.085 seconds
[2024-11-03T05:53:53.234+0000] {processor.py:186} INFO - Started process (PID=849) to work on /home/airflow/.local/lib/python3.12/site-packages/airflow/example_dags/example_bash_decorator.py
[2024-11-03T05:53:53.235+0000] {processor.py:914} INFO - Processing file /home/airflow/.local/lib/python3.12/site-packages/airflow/example_dags/example_bash_decorator.py for tasks to queue
[2024-11-03T05:53:53.237+0000] {logging_mixin.py:190} INFO - [2024-11-03T05:53:53.237+0000] {dagbag.py:588} INFO - Filling up the DagBag from /home/airflow/.local/lib/python3.12/site-packages/airflow/example_dags/example_bash_decorator.py
[2024-11-03T05:53:53.254+0000] {processor.py:925} INFO - DAG(s) 'example_bash_decorator' retrieved from /home/airflow/.local/lib/python3.12/site-packages/airflow/example_dags/example_bash_decorator.py
[2024-11-03T05:53:53.279+0000] {logging_mixin.py:190} INFO - [2024-11-03T05:53:53.279+0000] {dag.py:3239} INFO - Sync 1 DAGs
[2024-11-03T05:53:53.295+0000] {logging_mixin.py:190} INFO - [2024-11-03T05:53:53.294+0000] {dag.py:4180} INFO - Setting next_dagrun for example_bash_decorator to None, run_after=None
[2024-11-03T05:53:53.321+0000] {processor.py:208} INFO - Processing /home/airflow/.local/lib/python3.12/site-packages/airflow/example_dags/example_bash_decorator.py took 0.092 seconds
[2024-11-03T05:54:23.712+0000] {processor.py:186} INFO - Started process (PID=1140) to work on /home/airflow/.local/lib/python3.12/site-packages/airflow/example_dags/example_bash_decorator.py
[2024-11-03T05:54:23.714+0000] {processor.py:914} INFO - Processing file /home/airflow/.local/lib/python3.12/site-packages/airflow/example_dags/example_bash_decorator.py for tasks to queue
[2024-11-03T05:54:23.717+0000] {logging_mixin.py:190} INFO - [2024-11-03T05:54:23.717+0000] {dagbag.py:588} INFO - Filling up the DagBag from /home/airflow/.local/lib/python3.12/site-packages/airflow/example_dags/example_bash_decorator.py
[2024-11-03T05:54:23.741+0000] {processor.py:925} INFO - DAG(s) 'example_bash_decorator' retrieved from /home/airflow/.local/lib/python3.12/site-packages/airflow/example_dags/example_bash_decorator.py
[2024-11-03T05:54:23.780+0000] {logging_mixin.py:190} INFO - [2024-11-03T05:54:23.779+0000] {dag.py:3239} INFO - Sync 1 DAGs
[2024-11-03T05:54:23.805+0000] {logging_mixin.py:190} INFO - [2024-11-03T05:54:23.804+0000] {dag.py:4180} INFO - Setting next_dagrun for example_bash_decorator to None, run_after=None
[2024-11-03T05:54:23.840+0000] {processor.py:208} INFO - Processing /home/airflow/.local/lib/python3.12/site-packages/airflow/example_dags/example_bash_decorator.py took 0.135 seconds
[2024-11-03T05:54:53.952+0000] {processor.py:186} INFO - Started process (PID=1431) to work on /home/airflow/.local/lib/python3.12/site-packages/airflow/example_dags/example_bash_decorator.py
[2024-11-03T05:54:53.953+0000] {processor.py:914} INFO - Processing file /home/airflow/.local/lib/python3.12/site-packages/airflow/example_dags/example_bash_decorator.py for tasks to queue
[2024-11-03T05:54:53.956+0000] {logging_mixin.py:190} INFO - [2024-11-03T05:54:53.955+0000] {dagbag.py:588} INFO - Filling up the DagBag from /home/airflow/.local/lib/python3.12/site-packages/airflow/example_dags/example_bash_decorator.py
[2024-11-03T05:54:53.974+0000] {processor.py:925} INFO - DAG(s) 'example_bash_decorator' retrieved from /home/airflow/.local/lib/python3.12/site-packages/airflow/example_dags/example_bash_decorator.py
[2024-11-03T05:54:54.004+0000] {logging_mixin.py:190} INFO - [2024-11-03T05:54:54.003+0000] {dag.py:3239} INFO - Sync 1 DAGs
[2024-11-03T05:54:54.021+0000] {logging_mixin.py:190} INFO - [2024-11-03T05:54:54.020+0000] {dag.py:4180} INFO - Setting next_dagrun for example_bash_decorator to None, run_after=None
[2024-11-03T05:54:54.046+0000] {processor.py:208} INFO - Processing /home/airflow/.local/lib/python3.12/site-packages/airflow/example_dags/example_bash_decorator.py took 0.100 seconds
[2024-11-03T05:57:16.466+0000] {processor.py:186} INFO - Started process (PID=267) to work on /home/airflow/.local/lib/python3.12/site-packages/airflow/example_dags/example_bash_decorator.py
[2024-11-03T05:57:16.468+0000] {processor.py:914} INFO - Processing file /home/airflow/.local/lib/python3.12/site-packages/airflow/example_dags/example_bash_decorator.py for tasks to queue
[2024-11-03T05:57:16.471+0000] {logging_mixin.py:190} INFO - [2024-11-03T05:57:16.470+0000] {dagbag.py:588} INFO - Filling up the DagBag from /home/airflow/.local/lib/python3.12/site-packages/airflow/example_dags/example_bash_decorator.py
[2024-11-03T05:57:16.494+0000] {processor.py:925} INFO - DAG(s) 'example_bash_decorator' retrieved from /home/airflow/.local/lib/python3.12/site-packages/airflow/example_dags/example_bash_decorator.py
[2024-11-03T05:57:16.663+0000] {logging_mixin.py:190} INFO - [2024-11-03T05:57:16.663+0000] {dag.py:3239} INFO - Sync 1 DAGs
[2024-11-03T05:57:16.680+0000] {logging_mixin.py:190} INFO - [2024-11-03T05:57:16.679+0000] {dag.py:4180} INFO - Setting next_dagrun for example_bash_decorator to None, run_after=None
[2024-11-03T05:57:16.707+0000] {processor.py:208} INFO - Processing /home/airflow/.local/lib/python3.12/site-packages/airflow/example_dags/example_bash_decorator.py took 0.253 seconds
[2024-11-03T05:57:47.229+0000] {processor.py:186} INFO - Started process (PID=558) to work on /home/airflow/.local/lib/python3.12/site-packages/airflow/example_dags/example_bash_decorator.py
[2024-11-03T05:57:47.230+0000] {processor.py:914} INFO - Processing file /home/airflow/.local/lib/python3.12/site-packages/airflow/example_dags/example_bash_decorator.py for tasks to queue
[2024-11-03T05:57:47.233+0000] {logging_mixin.py:190} INFO - [2024-11-03T05:57:47.232+0000] {dagbag.py:588} INFO - Filling up the DagBag from /home/airflow/.local/lib/python3.12/site-packages/airflow/example_dags/example_bash_decorator.py
[2024-11-03T05:57:47.247+0000] {processor.py:925} INFO - DAG(s) 'example_bash_decorator' retrieved from /home/airflow/.local/lib/python3.12/site-packages/airflow/example_dags/example_bash_decorator.py
[2024-11-03T05:57:47.272+0000] {logging_mixin.py:190} INFO - [2024-11-03T05:57:47.272+0000] {dag.py:3239} INFO - Sync 1 DAGs
[2024-11-03T05:57:47.288+0000] {logging_mixin.py:190} INFO - [2024-11-03T05:57:47.288+0000] {dag.py:4180} INFO - Setting next_dagrun for example_bash_decorator to None, run_after=None
[2024-11-03T05:57:47.309+0000] {processor.py:208} INFO - Processing /home/airflow/.local/lib/python3.12/site-packages/airflow/example_dags/example_bash_decorator.py took 0.085 seconds
[2024-11-03T05:58:17.568+0000] {processor.py:186} INFO - Started process (PID=849) to work on /home/airflow/.local/lib/python3.12/site-packages/airflow/example_dags/example_bash_decorator.py
[2024-11-03T05:58:17.569+0000] {processor.py:914} INFO - Processing file /home/airflow/.local/lib/python3.12/site-packages/airflow/example_dags/example_bash_decorator.py for tasks to queue
[2024-11-03T05:58:17.572+0000] {logging_mixin.py:190} INFO - [2024-11-03T05:58:17.571+0000] {dagbag.py:588} INFO - Filling up the DagBag from /home/airflow/.local/lib/python3.12/site-packages/airflow/example_dags/example_bash_decorator.py
[2024-11-03T05:58:17.587+0000] {processor.py:925} INFO - DAG(s) 'example_bash_decorator' retrieved from /home/airflow/.local/lib/python3.12/site-packages/airflow/example_dags/example_bash_decorator.py
[2024-11-03T05:58:17.615+0000] {logging_mixin.py:190} INFO - [2024-11-03T05:58:17.614+0000] {dag.py:3239} INFO - Sync 1 DAGs
[2024-11-03T05:58:17.635+0000] {logging_mixin.py:190} INFO - [2024-11-03T05:58:17.634+0000] {dag.py:4180} INFO - Setting next_dagrun for example_bash_decorator to None, run_after=None
[2024-11-03T05:58:17.659+0000] {processor.py:208} INFO - Processing /home/airflow/.local/lib/python3.12/site-packages/airflow/example_dags/example_bash_decorator.py took 0.096 seconds
[2024-11-03T05:58:47.945+0000] {processor.py:186} INFO - Started process (PID=1140) to work on /home/airflow/.local/lib/python3.12/site-packages/airflow/example_dags/example_bash_decorator.py
[2024-11-03T05:58:47.946+0000] {processor.py:914} INFO - Processing file /home/airflow/.local/lib/python3.12/site-packages/airflow/example_dags/example_bash_decorator.py for tasks to queue
[2024-11-03T05:58:47.948+0000] {logging_mixin.py:190} INFO - [2024-11-03T05:58:47.947+0000] {dagbag.py:588} INFO - Filling up the DagBag from /home/airflow/.local/lib/python3.12/site-packages/airflow/example_dags/example_bash_decorator.py
[2024-11-03T05:58:47.964+0000] {processor.py:925} INFO - DAG(s) 'example_bash_decorator' retrieved from /home/airflow/.local/lib/python3.12/site-packages/airflow/example_dags/example_bash_decorator.py
[2024-11-03T05:58:47.988+0000] {logging_mixin.py:190} INFO - [2024-11-03T05:58:47.988+0000] {dag.py:3239} INFO - Sync 1 DAGs
[2024-11-03T05:58:48.003+0000] {logging_mixin.py:190} INFO - [2024-11-03T05:58:48.002+0000] {dag.py:4180} INFO - Setting next_dagrun for example_bash_decorator to None, run_after=None
[2024-11-03T05:58:48.023+0000] {processor.py:208} INFO - Processing /home/airflow/.local/lib/python3.12/site-packages/airflow/example_dags/example_bash_decorator.py took 0.084 seconds
[2024-11-03T05:59:18.863+0000] {processor.py:186} INFO - Started process (PID=1431) to work on /home/airflow/.local/lib/python3.12/site-packages/airflow/example_dags/example_bash_decorator.py
[2024-11-03T05:59:18.864+0000] {processor.py:914} INFO - Processing file /home/airflow/.local/lib/python3.12/site-packages/airflow/example_dags/example_bash_decorator.py for tasks to queue
[2024-11-03T05:59:18.866+0000] {logging_mixin.py:190} INFO - [2024-11-03T05:59:18.866+0000] {dagbag.py:588} INFO - Filling up the DagBag from /home/airflow/.local/lib/python3.12/site-packages/airflow/example_dags/example_bash_decorator.py
[2024-11-03T05:59:18.883+0000] {processor.py:925} INFO - DAG(s) 'example_bash_decorator' retrieved from /home/airflow/.local/lib/python3.12/site-packages/airflow/example_dags/example_bash_decorator.py
[2024-11-03T05:59:18.908+0000] {logging_mixin.py:190} INFO - [2024-11-03T05:59:18.908+0000] {dag.py:3239} INFO - Sync 1 DAGs
[2024-11-03T05:59:18.924+0000] {logging_mixin.py:190} INFO - [2024-11-03T05:59:18.923+0000] {dag.py:4180} INFO - Setting next_dagrun for example_bash_decorator to None, run_after=None
[2024-11-03T05:59:18.944+0000] {processor.py:208} INFO - Processing /home/airflow/.local/lib/python3.12/site-packages/airflow/example_dags/example_bash_decorator.py took 0.087 seconds
[2024-11-03T05:59:49.880+0000] {processor.py:186} INFO - Started process (PID=1722) to work on /home/airflow/.local/lib/python3.12/site-packages/airflow/example_dags/example_bash_decorator.py
[2024-11-03T05:59:49.881+0000] {processor.py:914} INFO - Processing file /home/airflow/.local/lib/python3.12/site-packages/airflow/example_dags/example_bash_decorator.py for tasks to queue
[2024-11-03T05:59:49.883+0000] {logging_mixin.py:190} INFO - [2024-11-03T05:59:49.883+0000] {dagbag.py:588} INFO - Filling up the DagBag from /home/airflow/.local/lib/python3.12/site-packages/airflow/example_dags/example_bash_decorator.py
[2024-11-03T05:59:49.899+0000] {processor.py:925} INFO - DAG(s) 'example_bash_decorator' retrieved from /home/airflow/.local/lib/python3.12/site-packages/airflow/example_dags/example_bash_decorator.py
[2024-11-03T05:59:49.925+0000] {logging_mixin.py:190} INFO - [2024-11-03T05:59:49.925+0000] {dag.py:3239} INFO - Sync 1 DAGs
[2024-11-03T05:59:49.940+0000] {logging_mixin.py:190} INFO - [2024-11-03T05:59:49.940+0000] {dag.py:4180} INFO - Setting next_dagrun for example_bash_decorator to None, run_after=None
[2024-11-03T05:59:49.962+0000] {processor.py:208} INFO - Processing /home/airflow/.local/lib/python3.12/site-packages/airflow/example_dags/example_bash_decorator.py took 0.088 seconds
[2024-11-03T06:00:20.818+0000] {processor.py:186} INFO - Started process (PID=2013) to work on /home/airflow/.local/lib/python3.12/site-packages/airflow/example_dags/example_bash_decorator.py
[2024-11-03T06:00:20.819+0000] {processor.py:914} INFO - Processing file /home/airflow/.local/lib/python3.12/site-packages/airflow/example_dags/example_bash_decorator.py for tasks to queue
[2024-11-03T06:00:20.822+0000] {logging_mixin.py:190} INFO - [2024-11-03T06:00:20.821+0000] {dagbag.py:588} INFO - Filling up the DagBag from /home/airflow/.local/lib/python3.12/site-packages/airflow/example_dags/example_bash_decorator.py
[2024-11-03T06:00:20.838+0000] {processor.py:925} INFO - DAG(s) 'example_bash_decorator' retrieved from /home/airflow/.local/lib/python3.12/site-packages/airflow/example_dags/example_bash_decorator.py
[2024-11-03T06:00:20.868+0000] {logging_mixin.py:190} INFO - [2024-11-03T06:00:20.868+0000] {dag.py:3239} INFO - Sync 1 DAGs
[2024-11-03T06:00:20.884+0000] {logging_mixin.py:190} INFO - [2024-11-03T06:00:20.884+0000] {dag.py:4180} INFO - Setting next_dagrun for example_bash_decorator to None, run_after=None
[2024-11-03T06:00:20.908+0000] {processor.py:208} INFO - Processing /home/airflow/.local/lib/python3.12/site-packages/airflow/example_dags/example_bash_decorator.py took 0.097 seconds
[2024-11-03T06:06:55.527+0000] {processor.py:186} INFO - Started process (PID=285) to work on /home/airflow/.local/lib/python3.12/site-packages/airflow/example_dags/example_bash_decorator.py
[2024-11-03T06:06:55.528+0000] {processor.py:914} INFO - Processing file /home/airflow/.local/lib/python3.12/site-packages/airflow/example_dags/example_bash_decorator.py for tasks to queue
[2024-11-03T06:06:55.531+0000] {logging_mixin.py:190} INFO - [2024-11-03T06:06:55.531+0000] {dagbag.py:588} INFO - Filling up the DagBag from /home/airflow/.local/lib/python3.12/site-packages/airflow/example_dags/example_bash_decorator.py
[2024-11-03T06:06:55.550+0000] {processor.py:925} INFO - DAG(s) 'example_bash_decorator' retrieved from /home/airflow/.local/lib/python3.12/site-packages/airflow/example_dags/example_bash_decorator.py
[2024-11-03T06:06:55.700+0000] {logging_mixin.py:190} INFO - [2024-11-03T06:06:55.699+0000] {override.py:1900} INFO - Created Permission View: can edit on DAG:example_bash_decorator
[2024-11-03T06:06:55.716+0000] {logging_mixin.py:190} INFO - [2024-11-03T06:06:55.715+0000] {override.py:1900} INFO - Created Permission View: can read on DAG:example_bash_decorator
[2024-11-03T06:06:55.738+0000] {logging_mixin.py:190} INFO - [2024-11-03T06:06:55.738+0000] {override.py:1900} INFO - Created Permission View: can delete on DAG:example_bash_decorator
[2024-11-03T06:06:55.756+0000] {logging_mixin.py:190} INFO - [2024-11-03T06:06:55.756+0000] {override.py:1900} INFO - Created Permission View: can create on DAG Run:example_bash_decorator
[2024-11-03T06:06:55.787+0000] {logging_mixin.py:190} INFO - [2024-11-03T06:06:55.786+0000] {override.py:1900} INFO - Created Permission View: menu access on DAG Run:example_bash_decorator
[2024-11-03T06:06:55.798+0000] {logging_mixin.py:190} INFO - [2024-11-03T06:06:55.798+0000] {override.py:1900} INFO - Created Permission View: can read on DAG Run:example_bash_decorator
[2024-11-03T06:06:55.815+0000] {logging_mixin.py:190} INFO - [2024-11-03T06:06:55.815+0000] {override.py:1900} INFO - Created Permission View: can delete on DAG Run:example_bash_decorator
[2024-11-03T06:06:55.816+0000] {logging_mixin.py:190} INFO - [2024-11-03T06:06:55.816+0000] {dag.py:3239} INFO - Sync 1 DAGs
[2024-11-03T06:06:55.832+0000] {logging_mixin.py:190} INFO - [2024-11-03T06:06:55.831+0000] {dag.py:3262} INFO - Creating ORM DAG for example_bash_decorator
[2024-11-03T06:06:55.833+0000] {logging_mixin.py:190} INFO - [2024-11-03T06:06:55.833+0000] {dag.py:4180} INFO - Setting next_dagrun for example_bash_decorator to None, run_after=None
[2024-11-03T06:06:55.861+0000] {processor.py:208} INFO - Processing /home/airflow/.local/lib/python3.12/site-packages/airflow/example_dags/example_bash_decorator.py took 0.340 seconds
[2024-11-03T06:07:25.917+0000] {processor.py:186} INFO - Started process (PID=571) to work on /home/airflow/.local/lib/python3.12/site-packages/airflow/example_dags/example_bash_decorator.py
[2024-11-03T06:07:25.918+0000] {processor.py:914} INFO - Processing file /home/airflow/.local/lib/python3.12/site-packages/airflow/example_dags/example_bash_decorator.py for tasks to queue
[2024-11-03T06:07:25.922+0000] {logging_mixin.py:190} INFO - [2024-11-03T06:07:25.921+0000] {dagbag.py:588} INFO - Filling up the DagBag from /home/airflow/.local/lib/python3.12/site-packages/airflow/example_dags/example_bash_decorator.py
[2024-11-03T06:07:25.947+0000] {processor.py:925} INFO - DAG(s) 'example_bash_decorator' retrieved from /home/airflow/.local/lib/python3.12/site-packages/airflow/example_dags/example_bash_decorator.py
[2024-11-03T06:07:25.984+0000] {logging_mixin.py:190} INFO - [2024-11-03T06:07:25.984+0000] {dag.py:3239} INFO - Sync 1 DAGs
[2024-11-03T06:07:26.007+0000] {logging_mixin.py:190} INFO - [2024-11-03T06:07:26.006+0000] {dag.py:4180} INFO - Setting next_dagrun for example_bash_decorator to None, run_after=None
[2024-11-03T06:07:26.032+0000] {processor.py:208} INFO - Processing /home/airflow/.local/lib/python3.12/site-packages/airflow/example_dags/example_bash_decorator.py took 0.123 seconds
[2024-11-03T06:10:49.026+0000] {processor.py:186} INFO - Started process (PID=280) to work on /home/airflow/.local/lib/python3.12/site-packages/airflow/example_dags/example_bash_decorator.py
[2024-11-03T06:10:49.027+0000] {processor.py:914} INFO - Processing file /home/airflow/.local/lib/python3.12/site-packages/airflow/example_dags/example_bash_decorator.py for tasks to queue
[2024-11-03T06:10:49.030+0000] {logging_mixin.py:190} INFO - [2024-11-03T06:10:49.030+0000] {dagbag.py:588} INFO - Filling up the DagBag from /home/airflow/.local/lib/python3.12/site-packages/airflow/example_dags/example_bash_decorator.py
[2024-11-03T06:10:49.055+0000] {processor.py:925} INFO - DAG(s) 'example_bash_decorator' retrieved from /home/airflow/.local/lib/python3.12/site-packages/airflow/example_dags/example_bash_decorator.py
[2024-11-03T06:10:49.258+0000] {logging_mixin.py:190} INFO - [2024-11-03T06:10:49.258+0000] {dag.py:3239} INFO - Sync 1 DAGs
[2024-11-03T06:10:49.276+0000] {logging_mixin.py:190} INFO - [2024-11-03T06:10:49.275+0000] {dag.py:4180} INFO - Setting next_dagrun for example_bash_decorator to None, run_after=None
[2024-11-03T06:10:49.302+0000] {processor.py:208} INFO - Processing /home/airflow/.local/lib/python3.12/site-packages/airflow/example_dags/example_bash_decorator.py took 0.283 seconds
[2024-11-03T06:11:19.996+0000] {processor.py:186} INFO - Started process (PID=571) to work on /home/airflow/.local/lib/python3.12/site-packages/airflow/example_dags/example_bash_decorator.py
[2024-11-03T06:11:19.998+0000] {processor.py:914} INFO - Processing file /home/airflow/.local/lib/python3.12/site-packages/airflow/example_dags/example_bash_decorator.py for tasks to queue
[2024-11-03T06:11:20.000+0000] {logging_mixin.py:190} INFO - [2024-11-03T06:11:20.000+0000] {dagbag.py:588} INFO - Filling up the DagBag from /home/airflow/.local/lib/python3.12/site-packages/airflow/example_dags/example_bash_decorator.py
[2024-11-03T06:11:20.015+0000] {processor.py:925} INFO - DAG(s) 'example_bash_decorator' retrieved from /home/airflow/.local/lib/python3.12/site-packages/airflow/example_dags/example_bash_decorator.py
[2024-11-03T06:11:20.040+0000] {logging_mixin.py:190} INFO - [2024-11-03T06:11:20.040+0000] {dag.py:3239} INFO - Sync 1 DAGs
[2024-11-03T06:11:20.055+0000] {logging_mixin.py:190} INFO - [2024-11-03T06:11:20.055+0000] {dag.py:4180} INFO - Setting next_dagrun for example_bash_decorator to None, run_after=None
[2024-11-03T06:11:20.077+0000] {processor.py:208} INFO - Processing /home/airflow/.local/lib/python3.12/site-packages/airflow/example_dags/example_bash_decorator.py took 0.086 seconds
[2024-11-03T06:11:50.541+0000] {processor.py:186} INFO - Started process (PID=862) to work on /home/airflow/.local/lib/python3.12/site-packages/airflow/example_dags/example_bash_decorator.py
[2024-11-03T06:11:50.542+0000] {processor.py:914} INFO - Processing file /home/airflow/.local/lib/python3.12/site-packages/airflow/example_dags/example_bash_decorator.py for tasks to queue
[2024-11-03T06:11:50.545+0000] {logging_mixin.py:190} INFO - [2024-11-03T06:11:50.544+0000] {dagbag.py:588} INFO - Filling up the DagBag from /home/airflow/.local/lib/python3.12/site-packages/airflow/example_dags/example_bash_decorator.py
[2024-11-03T06:11:50.565+0000] {processor.py:925} INFO - DAG(s) 'example_bash_decorator' retrieved from /home/airflow/.local/lib/python3.12/site-packages/airflow/example_dags/example_bash_decorator.py
[2024-11-03T06:11:50.595+0000] {logging_mixin.py:190} INFO - [2024-11-03T06:11:50.595+0000] {dag.py:3239} INFO - Sync 1 DAGs
[2024-11-03T06:11:50.612+0000] {logging_mixin.py:190} INFO - [2024-11-03T06:11:50.611+0000] {dag.py:4180} INFO - Setting next_dagrun for example_bash_decorator to None, run_after=None
[2024-11-03T06:11:50.632+0000] {processor.py:208} INFO - Processing /home/airflow/.local/lib/python3.12/site-packages/airflow/example_dags/example_bash_decorator.py took 0.097 seconds
[2024-11-03T06:12:21.240+0000] {processor.py:186} INFO - Started process (PID=1153) to work on /home/airflow/.local/lib/python3.12/site-packages/airflow/example_dags/example_bash_decorator.py
[2024-11-03T06:12:21.241+0000] {processor.py:914} INFO - Processing file /home/airflow/.local/lib/python3.12/site-packages/airflow/example_dags/example_bash_decorator.py for tasks to queue
[2024-11-03T06:12:21.244+0000] {logging_mixin.py:190} INFO - [2024-11-03T06:12:21.244+0000] {dagbag.py:588} INFO - Filling up the DagBag from /home/airflow/.local/lib/python3.12/site-packages/airflow/example_dags/example_bash_decorator.py
[2024-11-03T06:12:21.261+0000] {processor.py:925} INFO - DAG(s) 'example_bash_decorator' retrieved from /home/airflow/.local/lib/python3.12/site-packages/airflow/example_dags/example_bash_decorator.py
[2024-11-03T06:12:21.295+0000] {logging_mixin.py:190} INFO - [2024-11-03T06:12:21.295+0000] {dag.py:3239} INFO - Sync 1 DAGs
[2024-11-03T06:12:21.312+0000] {logging_mixin.py:190} INFO - [2024-11-03T06:12:21.312+0000] {dag.py:4180} INFO - Setting next_dagrun for example_bash_decorator to None, run_after=None
[2024-11-03T06:12:21.335+0000] {processor.py:208} INFO - Processing /home/airflow/.local/lib/python3.12/site-packages/airflow/example_dags/example_bash_decorator.py took 0.103 seconds
[2024-11-03T06:12:52.042+0000] {processor.py:186} INFO - Started process (PID=1444) to work on /home/airflow/.local/lib/python3.12/site-packages/airflow/example_dags/example_bash_decorator.py
[2024-11-03T06:12:52.044+0000] {processor.py:914} INFO - Processing file /home/airflow/.local/lib/python3.12/site-packages/airflow/example_dags/example_bash_decorator.py for tasks to queue
[2024-11-03T06:12:52.047+0000] {logging_mixin.py:190} INFO - [2024-11-03T06:12:52.046+0000] {dagbag.py:588} INFO - Filling up the DagBag from /home/airflow/.local/lib/python3.12/site-packages/airflow/example_dags/example_bash_decorator.py
[2024-11-03T06:12:52.061+0000] {processor.py:925} INFO - DAG(s) 'example_bash_decorator' retrieved from /home/airflow/.local/lib/python3.12/site-packages/airflow/example_dags/example_bash_decorator.py
[2024-11-03T06:12:52.091+0000] {logging_mixin.py:190} INFO - [2024-11-03T06:12:52.091+0000] {dag.py:3239} INFO - Sync 1 DAGs
[2024-11-03T06:12:52.107+0000] {logging_mixin.py:190} INFO - [2024-11-03T06:12:52.106+0000] {dag.py:4180} INFO - Setting next_dagrun for example_bash_decorator to None, run_after=None
[2024-11-03T06:12:52.127+0000] {processor.py:208} INFO - Processing /home/airflow/.local/lib/python3.12/site-packages/airflow/example_dags/example_bash_decorator.py took 0.092 seconds
[2024-11-03T06:13:22.911+0000] {processor.py:186} INFO - Started process (PID=1735) to work on /home/airflow/.local/lib/python3.12/site-packages/airflow/example_dags/example_bash_decorator.py
[2024-11-03T06:13:22.912+0000] {processor.py:914} INFO - Processing file /home/airflow/.local/lib/python3.12/site-packages/airflow/example_dags/example_bash_decorator.py for tasks to queue
[2024-11-03T06:13:22.915+0000] {logging_mixin.py:190} INFO - [2024-11-03T06:13:22.914+0000] {dagbag.py:588} INFO - Filling up the DagBag from /home/airflow/.local/lib/python3.12/site-packages/airflow/example_dags/example_bash_decorator.py
[2024-11-03T06:13:22.932+0000] {processor.py:925} INFO - DAG(s) 'example_bash_decorator' retrieved from /home/airflow/.local/lib/python3.12/site-packages/airflow/example_dags/example_bash_decorator.py
[2024-11-03T06:13:22.958+0000] {logging_mixin.py:190} INFO - [2024-11-03T06:13:22.957+0000] {dag.py:3239} INFO - Sync 1 DAGs
[2024-11-03T06:13:22.972+0000] {logging_mixin.py:190} INFO - [2024-11-03T06:13:22.972+0000] {dag.py:4180} INFO - Setting next_dagrun for example_bash_decorator to None, run_after=None
[2024-11-03T06:13:22.993+0000] {processor.py:208} INFO - Processing /home/airflow/.local/lib/python3.12/site-packages/airflow/example_dags/example_bash_decorator.py took 0.088 seconds
[2024-11-03T06:13:53.215+0000] {processor.py:186} INFO - Started process (PID=2026) to work on /home/airflow/.local/lib/python3.12/site-packages/airflow/example_dags/example_bash_decorator.py
[2024-11-03T06:13:53.217+0000] {processor.py:914} INFO - Processing file /home/airflow/.local/lib/python3.12/site-packages/airflow/example_dags/example_bash_decorator.py for tasks to queue
[2024-11-03T06:13:53.220+0000] {logging_mixin.py:190} INFO - [2024-11-03T06:13:53.220+0000] {dagbag.py:588} INFO - Filling up the DagBag from /home/airflow/.local/lib/python3.12/site-packages/airflow/example_dags/example_bash_decorator.py
[2024-11-03T06:13:53.237+0000] {processor.py:925} INFO - DAG(s) 'example_bash_decorator' retrieved from /home/airflow/.local/lib/python3.12/site-packages/airflow/example_dags/example_bash_decorator.py
[2024-11-03T06:13:53.266+0000] {logging_mixin.py:190} INFO - [2024-11-03T06:13:53.266+0000] {dag.py:3239} INFO - Sync 1 DAGs
[2024-11-03T06:13:53.285+0000] {logging_mixin.py:190} INFO - [2024-11-03T06:13:53.285+0000] {dag.py:4180} INFO - Setting next_dagrun for example_bash_decorator to None, run_after=None
[2024-11-03T06:13:53.308+0000] {processor.py:208} INFO - Processing /home/airflow/.local/lib/python3.12/site-packages/airflow/example_dags/example_bash_decorator.py took 0.102 seconds
