[2024-11-03T05:29:25.014+0000] {processor.py:186} INFO - Started process (PID=236) to work on /home/airflow/.local/lib/python3.12/site-packages/airflow/example_dags/example_python_operator.py
[2024-11-03T05:29:25.016+0000] {processor.py:914} INFO - Processing file /home/airflow/.local/lib/python3.12/site-packages/airflow/example_dags/example_python_operator.py for tasks to queue
[2024-11-03T05:29:25.019+0000] {logging_mixin.py:190} INFO - [2024-11-03T05:29:25.019+0000] {dagbag.py:588} INFO - Filling up the DagBag from /home/airflow/.local/lib/python3.12/site-packages/airflow/example_dags/example_python_operator.py
[2024-11-03T05:29:25.046+0000] {processor.py:925} INFO - DAG(s) 'example_python_operator' retrieved from /home/airflow/.local/lib/python3.12/site-packages/airflow/example_dags/example_python_operator.py
[2024-11-03T05:29:25.250+0000] {logging_mixin.py:190} INFO - [2024-11-03T05:29:25.249+0000] {override.py:1900} INFO - Created Permission View: can delete on DAG:example_python_operator
[2024-11-03T05:29:25.269+0000] {logging_mixin.py:190} INFO - [2024-11-03T05:29:25.268+0000] {override.py:1900} INFO - Created Permission View: can edit on DAG:example_python_operator
[2024-11-03T05:29:25.285+0000] {logging_mixin.py:190} INFO - [2024-11-03T05:29:25.284+0000] {override.py:1900} INFO - Created Permission View: can read on DAG:example_python_operator
[2024-11-03T05:29:25.301+0000] {logging_mixin.py:190} INFO - [2024-11-03T05:29:25.300+0000] {override.py:1900} INFO - Created Permission View: can delete on DAG Run:example_python_operator
[2024-11-03T05:29:25.317+0000] {logging_mixin.py:190} INFO - [2024-11-03T05:29:25.316+0000] {override.py:1900} INFO - Created Permission View: menu access on DAG Run:example_python_operator
[2024-11-03T05:29:25.333+0000] {logging_mixin.py:190} INFO - [2024-11-03T05:29:25.332+0000] {override.py:1900} INFO - Created Permission View: can create on DAG Run:example_python_operator
[2024-11-03T05:29:25.347+0000] {logging_mixin.py:190} INFO - [2024-11-03T05:29:25.347+0000] {override.py:1900} INFO - Created Permission View: can read on DAG Run:example_python_operator
[2024-11-03T05:29:25.349+0000] {logging_mixin.py:190} INFO - [2024-11-03T05:29:25.348+0000] {dag.py:3239} INFO - Sync 1 DAGs
[2024-11-03T05:29:25.376+0000] {logging_mixin.py:190} INFO - [2024-11-03T05:29:25.376+0000] {dag.py:3262} INFO - Creating ORM DAG for example_python_operator
[2024-11-03T05:29:25.379+0000] {logging_mixin.py:190} INFO - [2024-11-03T05:29:25.378+0000] {dag.py:4180} INFO - Setting next_dagrun for example_python_operator to None, run_after=None
[2024-11-03T05:29:25.414+0000] {processor.py:208} INFO - Processing /home/airflow/.local/lib/python3.12/site-packages/airflow/example_dags/example_python_operator.py took 0.409 seconds
[2024-11-03T05:29:55.605+0000] {processor.py:186} INFO - Started process (PID=527) to work on /home/airflow/.local/lib/python3.12/site-packages/airflow/example_dags/example_python_operator.py
[2024-11-03T05:29:55.606+0000] {processor.py:914} INFO - Processing file /home/airflow/.local/lib/python3.12/site-packages/airflow/example_dags/example_python_operator.py for tasks to queue
[2024-11-03T05:29:55.609+0000] {logging_mixin.py:190} INFO - [2024-11-03T05:29:55.609+0000] {dagbag.py:588} INFO - Filling up the DagBag from /home/airflow/.local/lib/python3.12/site-packages/airflow/example_dags/example_python_operator.py
[2024-11-03T05:29:55.623+0000] {processor.py:925} INFO - DAG(s) 'example_python_operator' retrieved from /home/airflow/.local/lib/python3.12/site-packages/airflow/example_dags/example_python_operator.py
[2024-11-03T05:29:55.651+0000] {logging_mixin.py:190} INFO - [2024-11-03T05:29:55.650+0000] {dag.py:3239} INFO - Sync 1 DAGs
[2024-11-03T05:29:55.670+0000] {logging_mixin.py:190} INFO - [2024-11-03T05:29:55.670+0000] {dag.py:4180} INFO - Setting next_dagrun for example_python_operator to None, run_after=None
[2024-11-03T05:29:55.696+0000] {processor.py:208} INFO - Processing /home/airflow/.local/lib/python3.12/site-packages/airflow/example_dags/example_python_operator.py took 0.098 seconds
[2024-11-03T05:30:26.088+0000] {processor.py:186} INFO - Started process (PID=820) to work on /home/airflow/.local/lib/python3.12/site-packages/airflow/example_dags/example_python_operator.py
[2024-11-03T05:30:26.090+0000] {processor.py:914} INFO - Processing file /home/airflow/.local/lib/python3.12/site-packages/airflow/example_dags/example_python_operator.py for tasks to queue
[2024-11-03T05:30:26.093+0000] {logging_mixin.py:190} INFO - [2024-11-03T05:30:26.092+0000] {dagbag.py:588} INFO - Filling up the DagBag from /home/airflow/.local/lib/python3.12/site-packages/airflow/example_dags/example_python_operator.py
[2024-11-03T05:30:26.107+0000] {processor.py:925} INFO - DAG(s) 'example_python_operator' retrieved from /home/airflow/.local/lib/python3.12/site-packages/airflow/example_dags/example_python_operator.py
[2024-11-03T05:30:26.134+0000] {logging_mixin.py:190} INFO - [2024-11-03T05:30:26.133+0000] {dag.py:3239} INFO - Sync 1 DAGs
[2024-11-03T05:30:26.155+0000] {logging_mixin.py:190} INFO - [2024-11-03T05:30:26.155+0000] {dag.py:4180} INFO - Setting next_dagrun for example_python_operator to None, run_after=None
[2024-11-03T05:30:26.182+0000] {processor.py:208} INFO - Processing /home/airflow/.local/lib/python3.12/site-packages/airflow/example_dags/example_python_operator.py took 0.103 seconds
[2024-11-03T05:30:56.580+0000] {processor.py:186} INFO - Started process (PID=1111) to work on /home/airflow/.local/lib/python3.12/site-packages/airflow/example_dags/example_python_operator.py
[2024-11-03T05:30:56.581+0000] {processor.py:914} INFO - Processing file /home/airflow/.local/lib/python3.12/site-packages/airflow/example_dags/example_python_operator.py for tasks to queue
[2024-11-03T05:30:56.583+0000] {logging_mixin.py:190} INFO - [2024-11-03T05:30:56.583+0000] {dagbag.py:588} INFO - Filling up the DagBag from /home/airflow/.local/lib/python3.12/site-packages/airflow/example_dags/example_python_operator.py
[2024-11-03T05:30:56.599+0000] {processor.py:925} INFO - DAG(s) 'example_python_operator' retrieved from /home/airflow/.local/lib/python3.12/site-packages/airflow/example_dags/example_python_operator.py
[2024-11-03T05:30:56.625+0000] {logging_mixin.py:190} INFO - [2024-11-03T05:30:56.624+0000] {dag.py:3239} INFO - Sync 1 DAGs
[2024-11-03T05:30:56.643+0000] {logging_mixin.py:190} INFO - [2024-11-03T05:30:56.642+0000] {dag.py:4180} INFO - Setting next_dagrun for example_python_operator to None, run_after=None
[2024-11-03T05:30:56.669+0000] {processor.py:208} INFO - Processing /home/airflow/.local/lib/python3.12/site-packages/airflow/example_dags/example_python_operator.py took 0.098 seconds
[2024-11-03T05:31:27.092+0000] {processor.py:186} INFO - Started process (PID=1400) to work on /home/airflow/.local/lib/python3.12/site-packages/airflow/example_dags/example_python_operator.py
[2024-11-03T05:31:27.093+0000] {processor.py:914} INFO - Processing file /home/airflow/.local/lib/python3.12/site-packages/airflow/example_dags/example_python_operator.py for tasks to queue
[2024-11-03T05:31:27.098+0000] {logging_mixin.py:190} INFO - [2024-11-03T05:31:27.097+0000] {dagbag.py:588} INFO - Filling up the DagBag from /home/airflow/.local/lib/python3.12/site-packages/airflow/example_dags/example_python_operator.py
[2024-11-03T05:31:27.114+0000] {processor.py:925} INFO - DAG(s) 'example_python_operator' retrieved from /home/airflow/.local/lib/python3.12/site-packages/airflow/example_dags/example_python_operator.py
[2024-11-03T05:31:27.142+0000] {logging_mixin.py:190} INFO - [2024-11-03T05:31:27.141+0000] {dag.py:3239} INFO - Sync 1 DAGs
[2024-11-03T05:31:27.158+0000] {logging_mixin.py:190} INFO - [2024-11-03T05:31:27.158+0000] {dag.py:4180} INFO - Setting next_dagrun for example_python_operator to None, run_after=None
[2024-11-03T05:31:27.181+0000] {processor.py:208} INFO - Processing /home/airflow/.local/lib/python3.12/site-packages/airflow/example_dags/example_python_operator.py took 0.098 seconds
[2024-11-03T05:31:58.095+0000] {processor.py:186} INFO - Started process (PID=1693) to work on /home/airflow/.local/lib/python3.12/site-packages/airflow/example_dags/example_python_operator.py
[2024-11-03T05:31:58.097+0000] {processor.py:914} INFO - Processing file /home/airflow/.local/lib/python3.12/site-packages/airflow/example_dags/example_python_operator.py for tasks to queue
[2024-11-03T05:31:58.099+0000] {logging_mixin.py:190} INFO - [2024-11-03T05:31:58.099+0000] {dagbag.py:588} INFO - Filling up the DagBag from /home/airflow/.local/lib/python3.12/site-packages/airflow/example_dags/example_python_operator.py
[2024-11-03T05:31:58.113+0000] {processor.py:925} INFO - DAG(s) 'example_python_operator' retrieved from /home/airflow/.local/lib/python3.12/site-packages/airflow/example_dags/example_python_operator.py
[2024-11-03T05:31:58.141+0000] {logging_mixin.py:190} INFO - [2024-11-03T05:31:58.140+0000] {dag.py:3239} INFO - Sync 1 DAGs
[2024-11-03T05:31:58.161+0000] {logging_mixin.py:190} INFO - [2024-11-03T05:31:58.161+0000] {dag.py:4180} INFO - Setting next_dagrun for example_python_operator to None, run_after=None
[2024-11-03T05:31:58.187+0000] {processor.py:208} INFO - Processing /home/airflow/.local/lib/python3.12/site-packages/airflow/example_dags/example_python_operator.py took 0.101 seconds
[2024-11-03T05:32:28.939+0000] {processor.py:186} INFO - Started process (PID=1984) to work on /home/airflow/.local/lib/python3.12/site-packages/airflow/example_dags/example_python_operator.py
[2024-11-03T05:32:28.940+0000] {processor.py:914} INFO - Processing file /home/airflow/.local/lib/python3.12/site-packages/airflow/example_dags/example_python_operator.py for tasks to queue
[2024-11-03T05:32:28.943+0000] {logging_mixin.py:190} INFO - [2024-11-03T05:32:28.942+0000] {dagbag.py:588} INFO - Filling up the DagBag from /home/airflow/.local/lib/python3.12/site-packages/airflow/example_dags/example_python_operator.py
[2024-11-03T05:32:28.959+0000] {processor.py:925} INFO - DAG(s) 'example_python_operator' retrieved from /home/airflow/.local/lib/python3.12/site-packages/airflow/example_dags/example_python_operator.py
[2024-11-03T05:32:28.989+0000] {logging_mixin.py:190} INFO - [2024-11-03T05:32:28.989+0000] {dag.py:3239} INFO - Sync 1 DAGs
[2024-11-03T05:32:29.008+0000] {logging_mixin.py:190} INFO - [2024-11-03T05:32:29.008+0000] {dag.py:4180} INFO - Setting next_dagrun for example_python_operator to None, run_after=None
[2024-11-03T05:32:29.046+0000] {processor.py:208} INFO - Processing /home/airflow/.local/lib/python3.12/site-packages/airflow/example_dags/example_python_operator.py took 0.113 seconds
[2024-11-03T05:32:59.935+0000] {processor.py:186} INFO - Started process (PID=2276) to work on /home/airflow/.local/lib/python3.12/site-packages/airflow/example_dags/example_python_operator.py
[2024-11-03T05:32:59.936+0000] {processor.py:914} INFO - Processing file /home/airflow/.local/lib/python3.12/site-packages/airflow/example_dags/example_python_operator.py for tasks to queue
[2024-11-03T05:32:59.940+0000] {logging_mixin.py:190} INFO - [2024-11-03T05:32:59.939+0000] {dagbag.py:588} INFO - Filling up the DagBag from /home/airflow/.local/lib/python3.12/site-packages/airflow/example_dags/example_python_operator.py
[2024-11-03T05:32:59.953+0000] {processor.py:925} INFO - DAG(s) 'example_python_operator' retrieved from /home/airflow/.local/lib/python3.12/site-packages/airflow/example_dags/example_python_operator.py
[2024-11-03T05:32:59.996+0000] {logging_mixin.py:190} INFO - [2024-11-03T05:32:59.995+0000] {dag.py:3239} INFO - Sync 1 DAGs
[2024-11-03T05:33:00.040+0000] {logging_mixin.py:190} INFO - [2024-11-03T05:33:00.040+0000] {dag.py:4180} INFO - Setting next_dagrun for example_python_operator to None, run_after=None
[2024-11-03T05:33:00.074+0000] {processor.py:208} INFO - Processing /home/airflow/.local/lib/python3.12/site-packages/airflow/example_dags/example_python_operator.py took 0.148 seconds
[2024-11-03T05:33:30.708+0000] {processor.py:186} INFO - Started process (PID=2567) to work on /home/airflow/.local/lib/python3.12/site-packages/airflow/example_dags/example_python_operator.py
[2024-11-03T05:33:30.710+0000] {processor.py:914} INFO - Processing file /home/airflow/.local/lib/python3.12/site-packages/airflow/example_dags/example_python_operator.py for tasks to queue
[2024-11-03T05:33:30.712+0000] {logging_mixin.py:190} INFO - [2024-11-03T05:33:30.712+0000] {dagbag.py:588} INFO - Filling up the DagBag from /home/airflow/.local/lib/python3.12/site-packages/airflow/example_dags/example_python_operator.py
[2024-11-03T05:33:30.724+0000] {processor.py:925} INFO - DAG(s) 'example_python_operator' retrieved from /home/airflow/.local/lib/python3.12/site-packages/airflow/example_dags/example_python_operator.py
[2024-11-03T05:33:30.747+0000] {logging_mixin.py:190} INFO - [2024-11-03T05:33:30.747+0000] {dag.py:3239} INFO - Sync 1 DAGs
[2024-11-03T05:33:30.762+0000] {logging_mixin.py:190} INFO - [2024-11-03T05:33:30.762+0000] {dag.py:4180} INFO - Setting next_dagrun for example_python_operator to None, run_after=None
[2024-11-03T05:33:30.784+0000] {processor.py:208} INFO - Processing /home/airflow/.local/lib/python3.12/site-packages/airflow/example_dags/example_python_operator.py took 0.082 seconds
[2024-11-03T05:34:01.397+0000] {processor.py:186} INFO - Started process (PID=2858) to work on /home/airflow/.local/lib/python3.12/site-packages/airflow/example_dags/example_python_operator.py
[2024-11-03T05:34:01.399+0000] {processor.py:914} INFO - Processing file /home/airflow/.local/lib/python3.12/site-packages/airflow/example_dags/example_python_operator.py for tasks to queue
[2024-11-03T05:34:01.401+0000] {logging_mixin.py:190} INFO - [2024-11-03T05:34:01.401+0000] {dagbag.py:588} INFO - Filling up the DagBag from /home/airflow/.local/lib/python3.12/site-packages/airflow/example_dags/example_python_operator.py
[2024-11-03T05:34:01.414+0000] {processor.py:925} INFO - DAG(s) 'example_python_operator' retrieved from /home/airflow/.local/lib/python3.12/site-packages/airflow/example_dags/example_python_operator.py
[2024-11-03T05:34:01.439+0000] {logging_mixin.py:190} INFO - [2024-11-03T05:34:01.439+0000] {dag.py:3239} INFO - Sync 1 DAGs
[2024-11-03T05:34:01.455+0000] {logging_mixin.py:190} INFO - [2024-11-03T05:34:01.455+0000] {dag.py:4180} INFO - Setting next_dagrun for example_python_operator to None, run_after=None
[2024-11-03T05:34:01.480+0000] {processor.py:208} INFO - Processing /home/airflow/.local/lib/python3.12/site-packages/airflow/example_dags/example_python_operator.py took 0.089 seconds
[2024-11-03T05:34:32.408+0000] {processor.py:186} INFO - Started process (PID=3149) to work on /home/airflow/.local/lib/python3.12/site-packages/airflow/example_dags/example_python_operator.py
[2024-11-03T05:34:32.410+0000] {processor.py:914} INFO - Processing file /home/airflow/.local/lib/python3.12/site-packages/airflow/example_dags/example_python_operator.py for tasks to queue
[2024-11-03T05:34:32.414+0000] {logging_mixin.py:190} INFO - [2024-11-03T05:34:32.413+0000] {dagbag.py:588} INFO - Filling up the DagBag from /home/airflow/.local/lib/python3.12/site-packages/airflow/example_dags/example_python_operator.py
[2024-11-03T05:34:32.432+0000] {processor.py:925} INFO - DAG(s) 'example_python_operator' retrieved from /home/airflow/.local/lib/python3.12/site-packages/airflow/example_dags/example_python_operator.py
[2024-11-03T05:34:32.464+0000] {logging_mixin.py:190} INFO - [2024-11-03T05:34:32.464+0000] {dag.py:3239} INFO - Sync 1 DAGs
[2024-11-03T05:34:32.481+0000] {logging_mixin.py:190} INFO - [2024-11-03T05:34:32.481+0000] {dag.py:4180} INFO - Setting next_dagrun for example_python_operator to None, run_after=None
[2024-11-03T05:34:32.501+0000] {processor.py:208} INFO - Processing /home/airflow/.local/lib/python3.12/site-packages/airflow/example_dags/example_python_operator.py took 0.104 seconds
[2024-11-03T05:35:02.851+0000] {processor.py:186} INFO - Started process (PID=3438) to work on /home/airflow/.local/lib/python3.12/site-packages/airflow/example_dags/example_python_operator.py
[2024-11-03T05:35:02.852+0000] {processor.py:914} INFO - Processing file /home/airflow/.local/lib/python3.12/site-packages/airflow/example_dags/example_python_operator.py for tasks to queue
[2024-11-03T05:35:02.855+0000] {logging_mixin.py:190} INFO - [2024-11-03T05:35:02.855+0000] {dagbag.py:588} INFO - Filling up the DagBag from /home/airflow/.local/lib/python3.12/site-packages/airflow/example_dags/example_python_operator.py
[2024-11-03T05:35:02.871+0000] {processor.py:925} INFO - DAG(s) 'example_python_operator' retrieved from /home/airflow/.local/lib/python3.12/site-packages/airflow/example_dags/example_python_operator.py
[2024-11-03T05:35:02.905+0000] {logging_mixin.py:190} INFO - [2024-11-03T05:35:02.904+0000] {dag.py:3239} INFO - Sync 1 DAGs
[2024-11-03T05:35:02.927+0000] {logging_mixin.py:190} INFO - [2024-11-03T05:35:02.926+0000] {dag.py:4180} INFO - Setting next_dagrun for example_python_operator to None, run_after=None
[2024-11-03T05:35:02.953+0000] {processor.py:208} INFO - Processing /home/airflow/.local/lib/python3.12/site-packages/airflow/example_dags/example_python_operator.py took 0.111 seconds
[2024-11-03T05:35:33.124+0000] {processor.py:186} INFO - Started process (PID=3729) to work on /home/airflow/.local/lib/python3.12/site-packages/airflow/example_dags/example_python_operator.py
[2024-11-03T05:35:33.125+0000] {processor.py:914} INFO - Processing file /home/airflow/.local/lib/python3.12/site-packages/airflow/example_dags/example_python_operator.py for tasks to queue
[2024-11-03T05:35:33.128+0000] {logging_mixin.py:190} INFO - [2024-11-03T05:35:33.127+0000] {dagbag.py:588} INFO - Filling up the DagBag from /home/airflow/.local/lib/python3.12/site-packages/airflow/example_dags/example_python_operator.py
[2024-11-03T05:35:33.140+0000] {processor.py:925} INFO - DAG(s) 'example_python_operator' retrieved from /home/airflow/.local/lib/python3.12/site-packages/airflow/example_dags/example_python_operator.py
[2024-11-03T05:35:33.164+0000] {logging_mixin.py:190} INFO - [2024-11-03T05:35:33.164+0000] {dag.py:3239} INFO - Sync 1 DAGs
[2024-11-03T05:35:33.180+0000] {logging_mixin.py:190} INFO - [2024-11-03T05:35:33.180+0000] {dag.py:4180} INFO - Setting next_dagrun for example_python_operator to None, run_after=None
[2024-11-03T05:35:33.204+0000] {processor.py:208} INFO - Processing /home/airflow/.local/lib/python3.12/site-packages/airflow/example_dags/example_python_operator.py took 0.086 seconds
[2024-11-03T05:36:03.854+0000] {processor.py:186} INFO - Started process (PID=4022) to work on /home/airflow/.local/lib/python3.12/site-packages/airflow/example_dags/example_python_operator.py
[2024-11-03T05:36:03.856+0000] {processor.py:914} INFO - Processing file /home/airflow/.local/lib/python3.12/site-packages/airflow/example_dags/example_python_operator.py for tasks to queue
[2024-11-03T05:36:03.859+0000] {logging_mixin.py:190} INFO - [2024-11-03T05:36:03.859+0000] {dagbag.py:588} INFO - Filling up the DagBag from /home/airflow/.local/lib/python3.12/site-packages/airflow/example_dags/example_python_operator.py
[2024-11-03T05:36:03.873+0000] {processor.py:925} INFO - DAG(s) 'example_python_operator' retrieved from /home/airflow/.local/lib/python3.12/site-packages/airflow/example_dags/example_python_operator.py
[2024-11-03T05:36:03.899+0000] {logging_mixin.py:190} INFO - [2024-11-03T05:36:03.899+0000] {dag.py:3239} INFO - Sync 1 DAGs
[2024-11-03T05:36:03.915+0000] {logging_mixin.py:190} INFO - [2024-11-03T05:36:03.915+0000] {dag.py:4180} INFO - Setting next_dagrun for example_python_operator to None, run_after=None
[2024-11-03T05:36:03.938+0000] {processor.py:208} INFO - Processing /home/airflow/.local/lib/python3.12/site-packages/airflow/example_dags/example_python_operator.py took 0.090 seconds
[2024-11-03T05:36:34.828+0000] {processor.py:186} INFO - Started process (PID=4313) to work on /home/airflow/.local/lib/python3.12/site-packages/airflow/example_dags/example_python_operator.py
[2024-11-03T05:36:34.829+0000] {processor.py:914} INFO - Processing file /home/airflow/.local/lib/python3.12/site-packages/airflow/example_dags/example_python_operator.py for tasks to queue
[2024-11-03T05:36:34.832+0000] {logging_mixin.py:190} INFO - [2024-11-03T05:36:34.832+0000] {dagbag.py:588} INFO - Filling up the DagBag from /home/airflow/.local/lib/python3.12/site-packages/airflow/example_dags/example_python_operator.py
[2024-11-03T05:36:34.845+0000] {processor.py:925} INFO - DAG(s) 'example_python_operator' retrieved from /home/airflow/.local/lib/python3.12/site-packages/airflow/example_dags/example_python_operator.py
[2024-11-03T05:36:34.874+0000] {logging_mixin.py:190} INFO - [2024-11-03T05:36:34.873+0000] {dag.py:3239} INFO - Sync 1 DAGs
[2024-11-03T05:36:34.888+0000] {logging_mixin.py:190} INFO - [2024-11-03T05:36:34.888+0000] {dag.py:4180} INFO - Setting next_dagrun for example_python_operator to None, run_after=None
[2024-11-03T05:36:34.909+0000] {processor.py:208} INFO - Processing /home/airflow/.local/lib/python3.12/site-packages/airflow/example_dags/example_python_operator.py took 0.087 seconds
[2024-11-03T05:37:06.046+0000] {processor.py:186} INFO - Started process (PID=4604) to work on /home/airflow/.local/lib/python3.12/site-packages/airflow/example_dags/example_python_operator.py
[2024-11-03T05:37:06.047+0000] {processor.py:914} INFO - Processing file /home/airflow/.local/lib/python3.12/site-packages/airflow/example_dags/example_python_operator.py for tasks to queue
[2024-11-03T05:37:06.049+0000] {logging_mixin.py:190} INFO - [2024-11-03T05:37:06.048+0000] {dagbag.py:588} INFO - Filling up the DagBag from /home/airflow/.local/lib/python3.12/site-packages/airflow/example_dags/example_python_operator.py
[2024-11-03T05:37:06.061+0000] {processor.py:925} INFO - DAG(s) 'example_python_operator' retrieved from /home/airflow/.local/lib/python3.12/site-packages/airflow/example_dags/example_python_operator.py
[2024-11-03T05:37:06.083+0000] {logging_mixin.py:190} INFO - [2024-11-03T05:37:06.083+0000] {dag.py:3239} INFO - Sync 1 DAGs
[2024-11-03T05:37:06.101+0000] {logging_mixin.py:190} INFO - [2024-11-03T05:37:06.101+0000] {dag.py:4180} INFO - Setting next_dagrun for example_python_operator to None, run_after=None
[2024-11-03T05:37:06.124+0000] {processor.py:208} INFO - Processing /home/airflow/.local/lib/python3.12/site-packages/airflow/example_dags/example_python_operator.py took 0.084 seconds
[2024-11-03T05:37:36.394+0000] {processor.py:186} INFO - Started process (PID=4895) to work on /home/airflow/.local/lib/python3.12/site-packages/airflow/example_dags/example_python_operator.py
[2024-11-03T05:37:36.395+0000] {processor.py:914} INFO - Processing file /home/airflow/.local/lib/python3.12/site-packages/airflow/example_dags/example_python_operator.py for tasks to queue
[2024-11-03T05:37:36.397+0000] {logging_mixin.py:190} INFO - [2024-11-03T05:37:36.397+0000] {dagbag.py:588} INFO - Filling up the DagBag from /home/airflow/.local/lib/python3.12/site-packages/airflow/example_dags/example_python_operator.py
[2024-11-03T05:37:36.412+0000] {processor.py:925} INFO - DAG(s) 'example_python_operator' retrieved from /home/airflow/.local/lib/python3.12/site-packages/airflow/example_dags/example_python_operator.py
[2024-11-03T05:37:36.436+0000] {logging_mixin.py:190} INFO - [2024-11-03T05:37:36.435+0000] {dag.py:3239} INFO - Sync 1 DAGs
[2024-11-03T05:37:36.450+0000] {logging_mixin.py:190} INFO - [2024-11-03T05:37:36.450+0000] {dag.py:4180} INFO - Setting next_dagrun for example_python_operator to None, run_after=None
[2024-11-03T05:37:36.481+0000] {processor.py:208} INFO - Processing /home/airflow/.local/lib/python3.12/site-packages/airflow/example_dags/example_python_operator.py took 0.093 seconds
[2024-11-03T05:38:06.734+0000] {processor.py:186} INFO - Started process (PID=5186) to work on /home/airflow/.local/lib/python3.12/site-packages/airflow/example_dags/example_python_operator.py
[2024-11-03T05:38:06.736+0000] {processor.py:914} INFO - Processing file /home/airflow/.local/lib/python3.12/site-packages/airflow/example_dags/example_python_operator.py for tasks to queue
[2024-11-03T05:38:06.738+0000] {logging_mixin.py:190} INFO - [2024-11-03T05:38:06.737+0000] {dagbag.py:588} INFO - Filling up the DagBag from /home/airflow/.local/lib/python3.12/site-packages/airflow/example_dags/example_python_operator.py
[2024-11-03T05:38:06.749+0000] {processor.py:925} INFO - DAG(s) 'example_python_operator' retrieved from /home/airflow/.local/lib/python3.12/site-packages/airflow/example_dags/example_python_operator.py
[2024-11-03T05:38:06.772+0000] {logging_mixin.py:190} INFO - [2024-11-03T05:38:06.772+0000] {dag.py:3239} INFO - Sync 1 DAGs
[2024-11-03T05:38:06.787+0000] {logging_mixin.py:190} INFO - [2024-11-03T05:38:06.787+0000] {dag.py:4180} INFO - Setting next_dagrun for example_python_operator to None, run_after=None
[2024-11-03T05:38:06.810+0000] {processor.py:208} INFO - Processing /home/airflow/.local/lib/python3.12/site-packages/airflow/example_dags/example_python_operator.py took 0.081 seconds
[2024-11-03T05:38:37.618+0000] {processor.py:186} INFO - Started process (PID=5477) to work on /home/airflow/.local/lib/python3.12/site-packages/airflow/example_dags/example_python_operator.py
[2024-11-03T05:38:37.619+0000] {processor.py:914} INFO - Processing file /home/airflow/.local/lib/python3.12/site-packages/airflow/example_dags/example_python_operator.py for tasks to queue
[2024-11-03T05:38:37.622+0000] {logging_mixin.py:190} INFO - [2024-11-03T05:38:37.622+0000] {dagbag.py:588} INFO - Filling up the DagBag from /home/airflow/.local/lib/python3.12/site-packages/airflow/example_dags/example_python_operator.py
[2024-11-03T05:38:37.635+0000] {processor.py:925} INFO - DAG(s) 'example_python_operator' retrieved from /home/airflow/.local/lib/python3.12/site-packages/airflow/example_dags/example_python_operator.py
[2024-11-03T05:38:37.659+0000] {logging_mixin.py:190} INFO - [2024-11-03T05:38:37.659+0000] {dag.py:3239} INFO - Sync 1 DAGs
[2024-11-03T05:38:37.674+0000] {logging_mixin.py:190} INFO - [2024-11-03T05:38:37.674+0000] {dag.py:4180} INFO - Setting next_dagrun for example_python_operator to None, run_after=None
[2024-11-03T05:38:37.696+0000] {processor.py:208} INFO - Processing /home/airflow/.local/lib/python3.12/site-packages/airflow/example_dags/example_python_operator.py took 0.083 seconds
[2024-11-03T05:39:08.030+0000] {processor.py:186} INFO - Started process (PID=5768) to work on /home/airflow/.local/lib/python3.12/site-packages/airflow/example_dags/example_python_operator.py
[2024-11-03T05:39:08.031+0000] {processor.py:914} INFO - Processing file /home/airflow/.local/lib/python3.12/site-packages/airflow/example_dags/example_python_operator.py for tasks to queue
[2024-11-03T05:39:08.034+0000] {logging_mixin.py:190} INFO - [2024-11-03T05:39:08.033+0000] {dagbag.py:588} INFO - Filling up the DagBag from /home/airflow/.local/lib/python3.12/site-packages/airflow/example_dags/example_python_operator.py
[2024-11-03T05:39:08.045+0000] {processor.py:925} INFO - DAG(s) 'example_python_operator' retrieved from /home/airflow/.local/lib/python3.12/site-packages/airflow/example_dags/example_python_operator.py
[2024-11-03T05:39:08.068+0000] {logging_mixin.py:190} INFO - [2024-11-03T05:39:08.068+0000] {dag.py:3239} INFO - Sync 1 DAGs
[2024-11-03T05:39:08.082+0000] {logging_mixin.py:190} INFO - [2024-11-03T05:39:08.082+0000] {dag.py:4180} INFO - Setting next_dagrun for example_python_operator to None, run_after=None
[2024-11-03T05:39:08.104+0000] {processor.py:208} INFO - Processing /home/airflow/.local/lib/python3.12/site-packages/airflow/example_dags/example_python_operator.py took 0.080 seconds
[2024-11-03T05:39:38.590+0000] {processor.py:186} INFO - Started process (PID=6059) to work on /home/airflow/.local/lib/python3.12/site-packages/airflow/example_dags/example_python_operator.py
[2024-11-03T05:39:38.591+0000] {processor.py:914} INFO - Processing file /home/airflow/.local/lib/python3.12/site-packages/airflow/example_dags/example_python_operator.py for tasks to queue
[2024-11-03T05:39:38.593+0000] {logging_mixin.py:190} INFO - [2024-11-03T05:39:38.593+0000] {dagbag.py:588} INFO - Filling up the DagBag from /home/airflow/.local/lib/python3.12/site-packages/airflow/example_dags/example_python_operator.py
[2024-11-03T05:39:38.615+0000] {processor.py:925} INFO - DAG(s) 'example_python_operator' retrieved from /home/airflow/.local/lib/python3.12/site-packages/airflow/example_dags/example_python_operator.py
[2024-11-03T05:39:38.651+0000] {logging_mixin.py:190} INFO - [2024-11-03T05:39:38.651+0000] {dag.py:3239} INFO - Sync 1 DAGs
[2024-11-03T05:39:38.672+0000] {logging_mixin.py:190} INFO - [2024-11-03T05:39:38.672+0000] {dag.py:4180} INFO - Setting next_dagrun for example_python_operator to None, run_after=None
[2024-11-03T05:39:38.699+0000] {processor.py:208} INFO - Processing /home/airflow/.local/lib/python3.12/site-packages/airflow/example_dags/example_python_operator.py took 0.118 seconds
[2024-11-03T05:40:08.982+0000] {processor.py:186} INFO - Started process (PID=6350) to work on /home/airflow/.local/lib/python3.12/site-packages/airflow/example_dags/example_python_operator.py
[2024-11-03T05:40:08.983+0000] {processor.py:914} INFO - Processing file /home/airflow/.local/lib/python3.12/site-packages/airflow/example_dags/example_python_operator.py for tasks to queue
[2024-11-03T05:40:08.985+0000] {logging_mixin.py:190} INFO - [2024-11-03T05:40:08.985+0000] {dagbag.py:588} INFO - Filling up the DagBag from /home/airflow/.local/lib/python3.12/site-packages/airflow/example_dags/example_python_operator.py
[2024-11-03T05:40:08.997+0000] {processor.py:925} INFO - DAG(s) 'example_python_operator' retrieved from /home/airflow/.local/lib/python3.12/site-packages/airflow/example_dags/example_python_operator.py
[2024-11-03T05:40:09.020+0000] {logging_mixin.py:190} INFO - [2024-11-03T05:40:09.020+0000] {dag.py:3239} INFO - Sync 1 DAGs
[2024-11-03T05:40:09.035+0000] {logging_mixin.py:190} INFO - [2024-11-03T05:40:09.035+0000] {dag.py:4180} INFO - Setting next_dagrun for example_python_operator to None, run_after=None
[2024-11-03T05:40:09.059+0000] {processor.py:208} INFO - Processing /home/airflow/.local/lib/python3.12/site-packages/airflow/example_dags/example_python_operator.py took 0.085 seconds
[2024-11-03T05:40:39.350+0000] {processor.py:186} INFO - Started process (PID=6641) to work on /home/airflow/.local/lib/python3.12/site-packages/airflow/example_dags/example_python_operator.py
[2024-11-03T05:40:39.352+0000] {processor.py:914} INFO - Processing file /home/airflow/.local/lib/python3.12/site-packages/airflow/example_dags/example_python_operator.py for tasks to queue
[2024-11-03T05:40:39.355+0000] {logging_mixin.py:190} INFO - [2024-11-03T05:40:39.354+0000] {dagbag.py:588} INFO - Filling up the DagBag from /home/airflow/.local/lib/python3.12/site-packages/airflow/example_dags/example_python_operator.py
[2024-11-03T05:40:39.369+0000] {processor.py:925} INFO - DAG(s) 'example_python_operator' retrieved from /home/airflow/.local/lib/python3.12/site-packages/airflow/example_dags/example_python_operator.py
[2024-11-03T05:40:39.412+0000] {logging_mixin.py:190} INFO - [2024-11-03T05:40:39.411+0000] {dag.py:3239} INFO - Sync 1 DAGs
[2024-11-03T05:40:39.435+0000] {logging_mixin.py:190} INFO - [2024-11-03T05:40:39.434+0000] {dag.py:4180} INFO - Setting next_dagrun for example_python_operator to None, run_after=None
[2024-11-03T05:40:39.455+0000] {processor.py:208} INFO - Processing /home/airflow/.local/lib/python3.12/site-packages/airflow/example_dags/example_python_operator.py took 0.113 seconds
[2024-11-03T05:41:09.973+0000] {processor.py:186} INFO - Started process (PID=6932) to work on /home/airflow/.local/lib/python3.12/site-packages/airflow/example_dags/example_python_operator.py
[2024-11-03T05:41:09.974+0000] {processor.py:914} INFO - Processing file /home/airflow/.local/lib/python3.12/site-packages/airflow/example_dags/example_python_operator.py for tasks to queue
[2024-11-03T05:41:09.976+0000] {logging_mixin.py:190} INFO - [2024-11-03T05:41:09.976+0000] {dagbag.py:588} INFO - Filling up the DagBag from /home/airflow/.local/lib/python3.12/site-packages/airflow/example_dags/example_python_operator.py
[2024-11-03T05:41:09.989+0000] {processor.py:925} INFO - DAG(s) 'example_python_operator' retrieved from /home/airflow/.local/lib/python3.12/site-packages/airflow/example_dags/example_python_operator.py
[2024-11-03T05:41:10.014+0000] {logging_mixin.py:190} INFO - [2024-11-03T05:41:10.014+0000] {dag.py:3239} INFO - Sync 1 DAGs
[2024-11-03T05:41:10.033+0000] {logging_mixin.py:190} INFO - [2024-11-03T05:41:10.033+0000] {dag.py:4180} INFO - Setting next_dagrun for example_python_operator to None, run_after=None
[2024-11-03T05:41:10.059+0000] {processor.py:208} INFO - Processing /home/airflow/.local/lib/python3.12/site-packages/airflow/example_dags/example_python_operator.py took 0.094 seconds
[2024-11-03T05:41:40.665+0000] {processor.py:186} INFO - Started process (PID=7223) to work on /home/airflow/.local/lib/python3.12/site-packages/airflow/example_dags/example_python_operator.py
[2024-11-03T05:41:40.666+0000] {processor.py:914} INFO - Processing file /home/airflow/.local/lib/python3.12/site-packages/airflow/example_dags/example_python_operator.py for tasks to queue
[2024-11-03T05:41:40.668+0000] {logging_mixin.py:190} INFO - [2024-11-03T05:41:40.668+0000] {dagbag.py:588} INFO - Filling up the DagBag from /home/airflow/.local/lib/python3.12/site-packages/airflow/example_dags/example_python_operator.py
[2024-11-03T05:41:40.681+0000] {processor.py:925} INFO - DAG(s) 'example_python_operator' retrieved from /home/airflow/.local/lib/python3.12/site-packages/airflow/example_dags/example_python_operator.py
[2024-11-03T05:41:40.704+0000] {logging_mixin.py:190} INFO - [2024-11-03T05:41:40.704+0000] {dag.py:3239} INFO - Sync 1 DAGs
[2024-11-03T05:41:40.718+0000] {logging_mixin.py:190} INFO - [2024-11-03T05:41:40.718+0000] {dag.py:4180} INFO - Setting next_dagrun for example_python_operator to None, run_after=None
[2024-11-03T05:41:40.742+0000] {processor.py:208} INFO - Processing /home/airflow/.local/lib/python3.12/site-packages/airflow/example_dags/example_python_operator.py took 0.083 seconds
[2024-11-03T05:42:11.001+0000] {processor.py:186} INFO - Started process (PID=7514) to work on /home/airflow/.local/lib/python3.12/site-packages/airflow/example_dags/example_python_operator.py
[2024-11-03T05:42:11.002+0000] {processor.py:914} INFO - Processing file /home/airflow/.local/lib/python3.12/site-packages/airflow/example_dags/example_python_operator.py for tasks to queue
[2024-11-03T05:42:11.004+0000] {logging_mixin.py:190} INFO - [2024-11-03T05:42:11.004+0000] {dagbag.py:588} INFO - Filling up the DagBag from /home/airflow/.local/lib/python3.12/site-packages/airflow/example_dags/example_python_operator.py
[2024-11-03T05:42:11.016+0000] {processor.py:925} INFO - DAG(s) 'example_python_operator' retrieved from /home/airflow/.local/lib/python3.12/site-packages/airflow/example_dags/example_python_operator.py
[2024-11-03T05:42:11.040+0000] {logging_mixin.py:190} INFO - [2024-11-03T05:42:11.039+0000] {dag.py:3239} INFO - Sync 1 DAGs
[2024-11-03T05:42:11.055+0000] {logging_mixin.py:190} INFO - [2024-11-03T05:42:11.055+0000] {dag.py:4180} INFO - Setting next_dagrun for example_python_operator to None, run_after=None
[2024-11-03T05:42:11.077+0000] {processor.py:208} INFO - Processing /home/airflow/.local/lib/python3.12/site-packages/airflow/example_dags/example_python_operator.py took 0.082 seconds
[2024-11-03T05:42:42.453+0000] {processor.py:186} INFO - Started process (PID=7806) to work on /home/airflow/.local/lib/python3.12/site-packages/airflow/example_dags/example_python_operator.py
[2024-11-03T05:42:42.454+0000] {processor.py:914} INFO - Processing file /home/airflow/.local/lib/python3.12/site-packages/airflow/example_dags/example_python_operator.py for tasks to queue
[2024-11-03T05:42:42.456+0000] {logging_mixin.py:190} INFO - [2024-11-03T05:42:42.456+0000] {dagbag.py:588} INFO - Filling up the DagBag from /home/airflow/.local/lib/python3.12/site-packages/airflow/example_dags/example_python_operator.py
[2024-11-03T05:42:42.468+0000] {processor.py:925} INFO - DAG(s) 'example_python_operator' retrieved from /home/airflow/.local/lib/python3.12/site-packages/airflow/example_dags/example_python_operator.py
[2024-11-03T05:42:42.491+0000] {logging_mixin.py:190} INFO - [2024-11-03T05:42:42.491+0000] {dag.py:3239} INFO - Sync 1 DAGs
[2024-11-03T05:42:42.508+0000] {logging_mixin.py:190} INFO - [2024-11-03T05:42:42.507+0000] {dag.py:4180} INFO - Setting next_dagrun for example_python_operator to None, run_after=None
[2024-11-03T05:42:42.528+0000] {processor.py:208} INFO - Processing /home/airflow/.local/lib/python3.12/site-packages/airflow/example_dags/example_python_operator.py took 0.082 seconds
[2024-11-03T05:43:12.785+0000] {processor.py:186} INFO - Started process (PID=8097) to work on /home/airflow/.local/lib/python3.12/site-packages/airflow/example_dags/example_python_operator.py
[2024-11-03T05:43:12.786+0000] {processor.py:914} INFO - Processing file /home/airflow/.local/lib/python3.12/site-packages/airflow/example_dags/example_python_operator.py for tasks to queue
[2024-11-03T05:43:12.788+0000] {logging_mixin.py:190} INFO - [2024-11-03T05:43:12.788+0000] {dagbag.py:588} INFO - Filling up the DagBag from /home/airflow/.local/lib/python3.12/site-packages/airflow/example_dags/example_python_operator.py
[2024-11-03T05:43:12.800+0000] {processor.py:925} INFO - DAG(s) 'example_python_operator' retrieved from /home/airflow/.local/lib/python3.12/site-packages/airflow/example_dags/example_python_operator.py
[2024-11-03T05:43:12.823+0000] {logging_mixin.py:190} INFO - [2024-11-03T05:43:12.823+0000] {dag.py:3239} INFO - Sync 1 DAGs
[2024-11-03T05:43:12.837+0000] {logging_mixin.py:190} INFO - [2024-11-03T05:43:12.837+0000] {dag.py:4180} INFO - Setting next_dagrun for example_python_operator to None, run_after=None
[2024-11-03T05:43:12.859+0000] {processor.py:208} INFO - Processing /home/airflow/.local/lib/python3.12/site-packages/airflow/example_dags/example_python_operator.py took 0.080 seconds
[2024-11-03T05:43:43.953+0000] {processor.py:186} INFO - Started process (PID=8388) to work on /home/airflow/.local/lib/python3.12/site-packages/airflow/example_dags/example_python_operator.py
[2024-11-03T05:43:43.954+0000] {processor.py:914} INFO - Processing file /home/airflow/.local/lib/python3.12/site-packages/airflow/example_dags/example_python_operator.py for tasks to queue
[2024-11-03T05:43:43.957+0000] {logging_mixin.py:190} INFO - [2024-11-03T05:43:43.957+0000] {dagbag.py:588} INFO - Filling up the DagBag from /home/airflow/.local/lib/python3.12/site-packages/airflow/example_dags/example_python_operator.py
[2024-11-03T05:43:43.971+0000] {processor.py:925} INFO - DAG(s) 'example_python_operator' retrieved from /home/airflow/.local/lib/python3.12/site-packages/airflow/example_dags/example_python_operator.py
[2024-11-03T05:43:43.994+0000] {logging_mixin.py:190} INFO - [2024-11-03T05:43:43.994+0000] {dag.py:3239} INFO - Sync 1 DAGs
[2024-11-03T05:43:44.009+0000] {logging_mixin.py:190} INFO - [2024-11-03T05:43:44.009+0000] {dag.py:4180} INFO - Setting next_dagrun for example_python_operator to None, run_after=None
[2024-11-03T05:43:44.031+0000] {processor.py:208} INFO - Processing /home/airflow/.local/lib/python3.12/site-packages/airflow/example_dags/example_python_operator.py took 0.085 seconds
[2024-11-03T05:44:14.254+0000] {processor.py:186} INFO - Started process (PID=8679) to work on /home/airflow/.local/lib/python3.12/site-packages/airflow/example_dags/example_python_operator.py
[2024-11-03T05:44:14.255+0000] {processor.py:914} INFO - Processing file /home/airflow/.local/lib/python3.12/site-packages/airflow/example_dags/example_python_operator.py for tasks to queue
[2024-11-03T05:44:14.258+0000] {logging_mixin.py:190} INFO - [2024-11-03T05:44:14.258+0000] {dagbag.py:588} INFO - Filling up the DagBag from /home/airflow/.local/lib/python3.12/site-packages/airflow/example_dags/example_python_operator.py
[2024-11-03T05:44:14.270+0000] {processor.py:925} INFO - DAG(s) 'example_python_operator' retrieved from /home/airflow/.local/lib/python3.12/site-packages/airflow/example_dags/example_python_operator.py
[2024-11-03T05:44:14.293+0000] {logging_mixin.py:190} INFO - [2024-11-03T05:44:14.293+0000] {dag.py:3239} INFO - Sync 1 DAGs
[2024-11-03T05:44:14.308+0000] {logging_mixin.py:190} INFO - [2024-11-03T05:44:14.308+0000] {dag.py:4180} INFO - Setting next_dagrun for example_python_operator to None, run_after=None
[2024-11-03T05:44:14.330+0000] {processor.py:208} INFO - Processing /home/airflow/.local/lib/python3.12/site-packages/airflow/example_dags/example_python_operator.py took 0.082 seconds
[2024-11-03T05:44:44.602+0000] {processor.py:186} INFO - Started process (PID=8970) to work on /home/airflow/.local/lib/python3.12/site-packages/airflow/example_dags/example_python_operator.py
[2024-11-03T05:44:44.603+0000] {processor.py:914} INFO - Processing file /home/airflow/.local/lib/python3.12/site-packages/airflow/example_dags/example_python_operator.py for tasks to queue
[2024-11-03T05:44:44.605+0000] {logging_mixin.py:190} INFO - [2024-11-03T05:44:44.605+0000] {dagbag.py:588} INFO - Filling up the DagBag from /home/airflow/.local/lib/python3.12/site-packages/airflow/example_dags/example_python_operator.py
[2024-11-03T05:44:44.617+0000] {processor.py:925} INFO - DAG(s) 'example_python_operator' retrieved from /home/airflow/.local/lib/python3.12/site-packages/airflow/example_dags/example_python_operator.py
[2024-11-03T05:44:44.642+0000] {logging_mixin.py:190} INFO - [2024-11-03T05:44:44.642+0000] {dag.py:3239} INFO - Sync 1 DAGs
[2024-11-03T05:44:44.657+0000] {logging_mixin.py:190} INFO - [2024-11-03T05:44:44.657+0000] {dag.py:4180} INFO - Setting next_dagrun for example_python_operator to None, run_after=None
[2024-11-03T05:44:44.682+0000] {processor.py:208} INFO - Processing /home/airflow/.local/lib/python3.12/site-packages/airflow/example_dags/example_python_operator.py took 0.086 seconds
[2024-11-03T05:45:15.787+0000] {processor.py:186} INFO - Started process (PID=9261) to work on /home/airflow/.local/lib/python3.12/site-packages/airflow/example_dags/example_python_operator.py
[2024-11-03T05:45:15.788+0000] {processor.py:914} INFO - Processing file /home/airflow/.local/lib/python3.12/site-packages/airflow/example_dags/example_python_operator.py for tasks to queue
[2024-11-03T05:45:15.791+0000] {logging_mixin.py:190} INFO - [2024-11-03T05:45:15.790+0000] {dagbag.py:588} INFO - Filling up the DagBag from /home/airflow/.local/lib/python3.12/site-packages/airflow/example_dags/example_python_operator.py
[2024-11-03T05:45:15.804+0000] {processor.py:925} INFO - DAG(s) 'example_python_operator' retrieved from /home/airflow/.local/lib/python3.12/site-packages/airflow/example_dags/example_python_operator.py
[2024-11-03T05:45:15.828+0000] {logging_mixin.py:190} INFO - [2024-11-03T05:45:15.828+0000] {dag.py:3239} INFO - Sync 1 DAGs
[2024-11-03T05:45:15.843+0000] {logging_mixin.py:190} INFO - [2024-11-03T05:45:15.843+0000] {dag.py:4180} INFO - Setting next_dagrun for example_python_operator to None, run_after=None
[2024-11-03T05:45:15.867+0000] {processor.py:208} INFO - Processing /home/airflow/.local/lib/python3.12/site-packages/airflow/example_dags/example_python_operator.py took 0.086 seconds
[2024-11-03T05:45:46.112+0000] {processor.py:186} INFO - Started process (PID=9552) to work on /home/airflow/.local/lib/python3.12/site-packages/airflow/example_dags/example_python_operator.py
[2024-11-03T05:45:46.113+0000] {processor.py:914} INFO - Processing file /home/airflow/.local/lib/python3.12/site-packages/airflow/example_dags/example_python_operator.py for tasks to queue
[2024-11-03T05:45:46.116+0000] {logging_mixin.py:190} INFO - [2024-11-03T05:45:46.115+0000] {dagbag.py:588} INFO - Filling up the DagBag from /home/airflow/.local/lib/python3.12/site-packages/airflow/example_dags/example_python_operator.py
[2024-11-03T05:45:46.128+0000] {processor.py:925} INFO - DAG(s) 'example_python_operator' retrieved from /home/airflow/.local/lib/python3.12/site-packages/airflow/example_dags/example_python_operator.py
[2024-11-03T05:45:46.157+0000] {logging_mixin.py:190} INFO - [2024-11-03T05:45:46.157+0000] {dag.py:3239} INFO - Sync 1 DAGs
[2024-11-03T05:45:46.183+0000] {logging_mixin.py:190} INFO - [2024-11-03T05:45:46.182+0000] {dag.py:4180} INFO - Setting next_dagrun for example_python_operator to None, run_after=None
[2024-11-03T05:45:46.226+0000] {processor.py:208} INFO - Processing /home/airflow/.local/lib/python3.12/site-packages/airflow/example_dags/example_python_operator.py took 0.120 seconds
[2024-11-03T05:46:16.869+0000] {processor.py:186} INFO - Started process (PID=9843) to work on /home/airflow/.local/lib/python3.12/site-packages/airflow/example_dags/example_python_operator.py
[2024-11-03T05:46:16.870+0000] {processor.py:914} INFO - Processing file /home/airflow/.local/lib/python3.12/site-packages/airflow/example_dags/example_python_operator.py for tasks to queue
[2024-11-03T05:46:16.874+0000] {logging_mixin.py:190} INFO - [2024-11-03T05:46:16.873+0000] {dagbag.py:588} INFO - Filling up the DagBag from /home/airflow/.local/lib/python3.12/site-packages/airflow/example_dags/example_python_operator.py
[2024-11-03T05:46:16.892+0000] {processor.py:925} INFO - DAG(s) 'example_python_operator' retrieved from /home/airflow/.local/lib/python3.12/site-packages/airflow/example_dags/example_python_operator.py
[2024-11-03T05:46:16.920+0000] {logging_mixin.py:190} INFO - [2024-11-03T05:46:16.920+0000] {dag.py:3239} INFO - Sync 1 DAGs
[2024-11-03T05:46:16.941+0000] {logging_mixin.py:190} INFO - [2024-11-03T05:46:16.941+0000] {dag.py:4180} INFO - Setting next_dagrun for example_python_operator to None, run_after=None
[2024-11-03T05:46:17.016+0000] {processor.py:208} INFO - Processing /home/airflow/.local/lib/python3.12/site-packages/airflow/example_dags/example_python_operator.py took 0.154 seconds
[2024-11-03T05:46:47.643+0000] {processor.py:186} INFO - Started process (PID=10132) to work on /home/airflow/.local/lib/python3.12/site-packages/airflow/example_dags/example_python_operator.py
[2024-11-03T05:46:47.644+0000] {processor.py:914} INFO - Processing file /home/airflow/.local/lib/python3.12/site-packages/airflow/example_dags/example_python_operator.py for tasks to queue
[2024-11-03T05:46:47.646+0000] {logging_mixin.py:190} INFO - [2024-11-03T05:46:47.646+0000] {dagbag.py:588} INFO - Filling up the DagBag from /home/airflow/.local/lib/python3.12/site-packages/airflow/example_dags/example_python_operator.py
[2024-11-03T05:46:47.660+0000] {processor.py:925} INFO - DAG(s) 'example_python_operator' retrieved from /home/airflow/.local/lib/python3.12/site-packages/airflow/example_dags/example_python_operator.py
[2024-11-03T05:46:47.683+0000] {logging_mixin.py:190} INFO - [2024-11-03T05:46:47.682+0000] {dag.py:3239} INFO - Sync 1 DAGs
[2024-11-03T05:46:47.697+0000] {logging_mixin.py:190} INFO - [2024-11-03T05:46:47.697+0000] {dag.py:4180} INFO - Setting next_dagrun for example_python_operator to None, run_after=None
[2024-11-03T05:46:47.718+0000] {processor.py:208} INFO - Processing /home/airflow/.local/lib/python3.12/site-packages/airflow/example_dags/example_python_operator.py took 0.082 seconds
[2024-11-03T05:47:17.943+0000] {processor.py:186} INFO - Started process (PID=10423) to work on /home/airflow/.local/lib/python3.12/site-packages/airflow/example_dags/example_python_operator.py
[2024-11-03T05:47:17.944+0000] {processor.py:914} INFO - Processing file /home/airflow/.local/lib/python3.12/site-packages/airflow/example_dags/example_python_operator.py for tasks to queue
[2024-11-03T05:47:17.946+0000] {logging_mixin.py:190} INFO - [2024-11-03T05:47:17.946+0000] {dagbag.py:588} INFO - Filling up the DagBag from /home/airflow/.local/lib/python3.12/site-packages/airflow/example_dags/example_python_operator.py
[2024-11-03T05:47:17.959+0000] {processor.py:925} INFO - DAG(s) 'example_python_operator' retrieved from /home/airflow/.local/lib/python3.12/site-packages/airflow/example_dags/example_python_operator.py
[2024-11-03T05:47:17.982+0000] {logging_mixin.py:190} INFO - [2024-11-03T05:47:17.982+0000] {dag.py:3239} INFO - Sync 1 DAGs
[2024-11-03T05:47:18.000+0000] {logging_mixin.py:190} INFO - [2024-11-03T05:47:17.999+0000] {dag.py:4180} INFO - Setting next_dagrun for example_python_operator to None, run_after=None
[2024-11-03T05:47:18.026+0000] {processor.py:208} INFO - Processing /home/airflow/.local/lib/python3.12/site-packages/airflow/example_dags/example_python_operator.py took 0.090 seconds
[2024-11-03T05:47:48.318+0000] {processor.py:186} INFO - Started process (PID=10714) to work on /home/airflow/.local/lib/python3.12/site-packages/airflow/example_dags/example_python_operator.py
[2024-11-03T05:47:48.319+0000] {processor.py:914} INFO - Processing file /home/airflow/.local/lib/python3.12/site-packages/airflow/example_dags/example_python_operator.py for tasks to queue
[2024-11-03T05:47:48.322+0000] {logging_mixin.py:190} INFO - [2024-11-03T05:47:48.322+0000] {dagbag.py:588} INFO - Filling up the DagBag from /home/airflow/.local/lib/python3.12/site-packages/airflow/example_dags/example_python_operator.py
[2024-11-03T05:47:48.334+0000] {processor.py:925} INFO - DAG(s) 'example_python_operator' retrieved from /home/airflow/.local/lib/python3.12/site-packages/airflow/example_dags/example_python_operator.py
[2024-11-03T05:47:48.357+0000] {logging_mixin.py:190} INFO - [2024-11-03T05:47:48.357+0000] {dag.py:3239} INFO - Sync 1 DAGs
[2024-11-03T05:47:48.372+0000] {logging_mixin.py:190} INFO - [2024-11-03T05:47:48.372+0000] {dag.py:4180} INFO - Setting next_dagrun for example_python_operator to None, run_after=None
[2024-11-03T05:47:48.403+0000] {processor.py:208} INFO - Processing /home/airflow/.local/lib/python3.12/site-packages/airflow/example_dags/example_python_operator.py took 0.093 seconds
[2024-11-03T05:48:18.799+0000] {processor.py:186} INFO - Started process (PID=11005) to work on /home/airflow/.local/lib/python3.12/site-packages/airflow/example_dags/example_python_operator.py
[2024-11-03T05:48:18.800+0000] {processor.py:914} INFO - Processing file /home/airflow/.local/lib/python3.12/site-packages/airflow/example_dags/example_python_operator.py for tasks to queue
[2024-11-03T05:48:18.803+0000] {logging_mixin.py:190} INFO - [2024-11-03T05:48:18.803+0000] {dagbag.py:588} INFO - Filling up the DagBag from /home/airflow/.local/lib/python3.12/site-packages/airflow/example_dags/example_python_operator.py
[2024-11-03T05:48:18.817+0000] {processor.py:925} INFO - DAG(s) 'example_python_operator' retrieved from /home/airflow/.local/lib/python3.12/site-packages/airflow/example_dags/example_python_operator.py
[2024-11-03T05:48:18.841+0000] {logging_mixin.py:190} INFO - [2024-11-03T05:48:18.841+0000] {dag.py:3239} INFO - Sync 1 DAGs
[2024-11-03T05:48:18.858+0000] {logging_mixin.py:190} INFO - [2024-11-03T05:48:18.858+0000] {dag.py:4180} INFO - Setting next_dagrun for example_python_operator to None, run_after=None
[2024-11-03T05:48:18.890+0000] {processor.py:208} INFO - Processing /home/airflow/.local/lib/python3.12/site-packages/airflow/example_dags/example_python_operator.py took 0.097 seconds
[2024-11-03T05:48:50.185+0000] {processor.py:186} INFO - Started process (PID=11304) to work on /home/airflow/.local/lib/python3.12/site-packages/airflow/example_dags/example_python_operator.py
[2024-11-03T05:48:50.186+0000] {processor.py:914} INFO - Processing file /home/airflow/.local/lib/python3.12/site-packages/airflow/example_dags/example_python_operator.py for tasks to queue
[2024-11-03T05:48:50.189+0000] {logging_mixin.py:190} INFO - [2024-11-03T05:48:50.188+0000] {dagbag.py:588} INFO - Filling up the DagBag from /home/airflow/.local/lib/python3.12/site-packages/airflow/example_dags/example_python_operator.py
[2024-11-03T05:48:50.206+0000] {processor.py:925} INFO - DAG(s) 'example_python_operator' retrieved from /home/airflow/.local/lib/python3.12/site-packages/airflow/example_dags/example_python_operator.py
[2024-11-03T05:48:50.238+0000] {logging_mixin.py:190} INFO - [2024-11-03T05:48:50.238+0000] {dag.py:3239} INFO - Sync 1 DAGs
[2024-11-03T05:48:50.261+0000] {logging_mixin.py:190} INFO - [2024-11-03T05:48:50.261+0000] {dag.py:4180} INFO - Setting next_dagrun for example_python_operator to None, run_after=None
[2024-11-03T05:48:50.297+0000] {processor.py:208} INFO - Processing /home/airflow/.local/lib/python3.12/site-packages/airflow/example_dags/example_python_operator.py took 0.121 seconds
[2024-11-03T05:49:21.234+0000] {processor.py:186} INFO - Started process (PID=11595) to work on /home/airflow/.local/lib/python3.12/site-packages/airflow/example_dags/example_python_operator.py
[2024-11-03T05:49:21.236+0000] {processor.py:914} INFO - Processing file /home/airflow/.local/lib/python3.12/site-packages/airflow/example_dags/example_python_operator.py for tasks to queue
[2024-11-03T05:49:21.238+0000] {logging_mixin.py:190} INFO - [2024-11-03T05:49:21.238+0000] {dagbag.py:588} INFO - Filling up the DagBag from /home/airflow/.local/lib/python3.12/site-packages/airflow/example_dags/example_python_operator.py
[2024-11-03T05:49:21.250+0000] {processor.py:925} INFO - DAG(s) 'example_python_operator' retrieved from /home/airflow/.local/lib/python3.12/site-packages/airflow/example_dags/example_python_operator.py
[2024-11-03T05:49:21.273+0000] {logging_mixin.py:190} INFO - [2024-11-03T05:49:21.273+0000] {dag.py:3239} INFO - Sync 1 DAGs
[2024-11-03T05:49:21.290+0000] {logging_mixin.py:190} INFO - [2024-11-03T05:49:21.290+0000] {dag.py:4180} INFO - Setting next_dagrun for example_python_operator to None, run_after=None
[2024-11-03T05:49:21.313+0000] {processor.py:208} INFO - Processing /home/airflow/.local/lib/python3.12/site-packages/airflow/example_dags/example_python_operator.py took 0.084 seconds
[2024-11-03T05:49:51.668+0000] {processor.py:186} INFO - Started process (PID=11884) to work on /home/airflow/.local/lib/python3.12/site-packages/airflow/example_dags/example_python_operator.py
[2024-11-03T05:49:51.670+0000] {processor.py:914} INFO - Processing file /home/airflow/.local/lib/python3.12/site-packages/airflow/example_dags/example_python_operator.py for tasks to queue
[2024-11-03T05:49:51.672+0000] {logging_mixin.py:190} INFO - [2024-11-03T05:49:51.672+0000] {dagbag.py:588} INFO - Filling up the DagBag from /home/airflow/.local/lib/python3.12/site-packages/airflow/example_dags/example_python_operator.py
[2024-11-03T05:49:51.684+0000] {processor.py:925} INFO - DAG(s) 'example_python_operator' retrieved from /home/airflow/.local/lib/python3.12/site-packages/airflow/example_dags/example_python_operator.py
[2024-11-03T05:49:51.708+0000] {logging_mixin.py:190} INFO - [2024-11-03T05:49:51.708+0000] {dag.py:3239} INFO - Sync 1 DAGs
[2024-11-03T05:49:51.726+0000] {logging_mixin.py:190} INFO - [2024-11-03T05:49:51.726+0000] {dag.py:4180} INFO - Setting next_dagrun for example_python_operator to None, run_after=None
[2024-11-03T05:49:51.750+0000] {processor.py:208} INFO - Processing /home/airflow/.local/lib/python3.12/site-packages/airflow/example_dags/example_python_operator.py took 0.088 seconds
[2024-11-03T05:50:22.266+0000] {processor.py:186} INFO - Started process (PID=12177) to work on /home/airflow/.local/lib/python3.12/site-packages/airflow/example_dags/example_python_operator.py
[2024-11-03T05:50:22.267+0000] {processor.py:914} INFO - Processing file /home/airflow/.local/lib/python3.12/site-packages/airflow/example_dags/example_python_operator.py for tasks to queue
[2024-11-03T05:50:22.271+0000] {logging_mixin.py:190} INFO - [2024-11-03T05:50:22.270+0000] {dagbag.py:588} INFO - Filling up the DagBag from /home/airflow/.local/lib/python3.12/site-packages/airflow/example_dags/example_python_operator.py
[2024-11-03T05:50:22.287+0000] {processor.py:925} INFO - DAG(s) 'example_python_operator' retrieved from /home/airflow/.local/lib/python3.12/site-packages/airflow/example_dags/example_python_operator.py
[2024-11-03T05:50:22.311+0000] {logging_mixin.py:190} INFO - [2024-11-03T05:50:22.311+0000] {dag.py:3239} INFO - Sync 1 DAGs
[2024-11-03T05:50:22.326+0000] {logging_mixin.py:190} INFO - [2024-11-03T05:50:22.326+0000] {dag.py:4180} INFO - Setting next_dagrun for example_python_operator to None, run_after=None
[2024-11-03T05:50:22.347+0000] {processor.py:208} INFO - Processing /home/airflow/.local/lib/python3.12/site-packages/airflow/example_dags/example_python_operator.py took 0.089 seconds
[2024-11-03T05:50:52.681+0000] {processor.py:186} INFO - Started process (PID=12466) to work on /home/airflow/.local/lib/python3.12/site-packages/airflow/example_dags/example_python_operator.py
[2024-11-03T05:50:52.682+0000] {processor.py:914} INFO - Processing file /home/airflow/.local/lib/python3.12/site-packages/airflow/example_dags/example_python_operator.py for tasks to queue
[2024-11-03T05:50:52.685+0000] {logging_mixin.py:190} INFO - [2024-11-03T05:50:52.684+0000] {dagbag.py:588} INFO - Filling up the DagBag from /home/airflow/.local/lib/python3.12/site-packages/airflow/example_dags/example_python_operator.py
[2024-11-03T05:50:52.696+0000] {processor.py:925} INFO - DAG(s) 'example_python_operator' retrieved from /home/airflow/.local/lib/python3.12/site-packages/airflow/example_dags/example_python_operator.py
[2024-11-03T05:50:52.721+0000] {logging_mixin.py:190} INFO - [2024-11-03T05:50:52.721+0000] {dag.py:3239} INFO - Sync 1 DAGs
[2024-11-03T05:50:52.739+0000] {logging_mixin.py:190} INFO - [2024-11-03T05:50:52.739+0000] {dag.py:4180} INFO - Setting next_dagrun for example_python_operator to None, run_after=None
[2024-11-03T05:50:52.762+0000] {processor.py:208} INFO - Processing /home/airflow/.local/lib/python3.12/site-packages/airflow/example_dags/example_python_operator.py took 0.087 seconds
[2024-11-03T05:52:50.381+0000] {processor.py:186} INFO - Started process (PID=217) to work on /home/airflow/.local/lib/python3.12/site-packages/airflow/example_dags/example_python_operator.py
[2024-11-03T05:52:50.383+0000] {processor.py:914} INFO - Processing file /home/airflow/.local/lib/python3.12/site-packages/airflow/example_dags/example_python_operator.py for tasks to queue
[2024-11-03T05:52:50.388+0000] {logging_mixin.py:190} INFO - [2024-11-03T05:52:50.387+0000] {dagbag.py:588} INFO - Filling up the DagBag from /home/airflow/.local/lib/python3.12/site-packages/airflow/example_dags/example_python_operator.py
[2024-11-03T05:52:50.410+0000] {processor.py:925} INFO - DAG(s) 'example_python_operator' retrieved from /home/airflow/.local/lib/python3.12/site-packages/airflow/example_dags/example_python_operator.py
[2024-11-03T05:52:50.665+0000] {logging_mixin.py:190} INFO - [2024-11-03T05:52:50.664+0000] {dag.py:3239} INFO - Sync 1 DAGs
[2024-11-03T05:52:50.690+0000] {logging_mixin.py:190} INFO - [2024-11-03T05:52:50.690+0000] {dag.py:4180} INFO - Setting next_dagrun for example_python_operator to None, run_after=None
[2024-11-03T05:52:50.728+0000] {processor.py:208} INFO - Processing /home/airflow/.local/lib/python3.12/site-packages/airflow/example_dags/example_python_operator.py took 0.357 seconds
[2024-11-03T05:53:20.918+0000] {processor.py:186} INFO - Started process (PID=508) to work on /home/airflow/.local/lib/python3.12/site-packages/airflow/example_dags/example_python_operator.py
[2024-11-03T05:53:20.919+0000] {processor.py:914} INFO - Processing file /home/airflow/.local/lib/python3.12/site-packages/airflow/example_dags/example_python_operator.py for tasks to queue
[2024-11-03T05:53:20.921+0000] {logging_mixin.py:190} INFO - [2024-11-03T05:53:20.921+0000] {dagbag.py:588} INFO - Filling up the DagBag from /home/airflow/.local/lib/python3.12/site-packages/airflow/example_dags/example_python_operator.py
[2024-11-03T05:53:20.932+0000] {processor.py:925} INFO - DAG(s) 'example_python_operator' retrieved from /home/airflow/.local/lib/python3.12/site-packages/airflow/example_dags/example_python_operator.py
[2024-11-03T05:53:20.957+0000] {logging_mixin.py:190} INFO - [2024-11-03T05:53:20.957+0000] {dag.py:3239} INFO - Sync 1 DAGs
[2024-11-03T05:53:20.973+0000] {logging_mixin.py:190} INFO - [2024-11-03T05:53:20.973+0000] {dag.py:4180} INFO - Setting next_dagrun for example_python_operator to None, run_after=None
[2024-11-03T05:53:20.994+0000] {processor.py:208} INFO - Processing /home/airflow/.local/lib/python3.12/site-packages/airflow/example_dags/example_python_operator.py took 0.082 seconds
[2024-11-03T05:53:51.482+0000] {processor.py:186} INFO - Started process (PID=799) to work on /home/airflow/.local/lib/python3.12/site-packages/airflow/example_dags/example_python_operator.py
[2024-11-03T05:53:51.483+0000] {processor.py:914} INFO - Processing file /home/airflow/.local/lib/python3.12/site-packages/airflow/example_dags/example_python_operator.py for tasks to queue
[2024-11-03T05:53:51.485+0000] {logging_mixin.py:190} INFO - [2024-11-03T05:53:51.485+0000] {dagbag.py:588} INFO - Filling up the DagBag from /home/airflow/.local/lib/python3.12/site-packages/airflow/example_dags/example_python_operator.py
[2024-11-03T05:53:51.496+0000] {processor.py:925} INFO - DAG(s) 'example_python_operator' retrieved from /home/airflow/.local/lib/python3.12/site-packages/airflow/example_dags/example_python_operator.py
[2024-11-03T05:53:51.519+0000] {logging_mixin.py:190} INFO - [2024-11-03T05:53:51.519+0000] {dag.py:3239} INFO - Sync 1 DAGs
[2024-11-03T05:53:51.534+0000] {logging_mixin.py:190} INFO - [2024-11-03T05:53:51.534+0000] {dag.py:4180} INFO - Setting next_dagrun for example_python_operator to None, run_after=None
[2024-11-03T05:53:51.556+0000] {processor.py:208} INFO - Processing /home/airflow/.local/lib/python3.12/site-packages/airflow/example_dags/example_python_operator.py took 0.080 seconds
[2024-11-03T05:54:21.796+0000] {processor.py:186} INFO - Started process (PID=1090) to work on /home/airflow/.local/lib/python3.12/site-packages/airflow/example_dags/example_python_operator.py
[2024-11-03T05:54:21.797+0000] {processor.py:914} INFO - Processing file /home/airflow/.local/lib/python3.12/site-packages/airflow/example_dags/example_python_operator.py for tasks to queue
[2024-11-03T05:54:21.799+0000] {logging_mixin.py:190} INFO - [2024-11-03T05:54:21.799+0000] {dagbag.py:588} INFO - Filling up the DagBag from /home/airflow/.local/lib/python3.12/site-packages/airflow/example_dags/example_python_operator.py
[2024-11-03T05:54:21.810+0000] {processor.py:925} INFO - DAG(s) 'example_python_operator' retrieved from /home/airflow/.local/lib/python3.12/site-packages/airflow/example_dags/example_python_operator.py
[2024-11-03T05:54:21.835+0000] {logging_mixin.py:190} INFO - [2024-11-03T05:54:21.835+0000] {dag.py:3239} INFO - Sync 1 DAGs
[2024-11-03T05:54:21.850+0000] {logging_mixin.py:190} INFO - [2024-11-03T05:54:21.849+0000] {dag.py:4180} INFO - Setting next_dagrun for example_python_operator to None, run_after=None
[2024-11-03T05:54:21.871+0000] {processor.py:208} INFO - Processing /home/airflow/.local/lib/python3.12/site-packages/airflow/example_dags/example_python_operator.py took 0.081 seconds
[2024-11-03T05:54:52.160+0000] {processor.py:186} INFO - Started process (PID=1381) to work on /home/airflow/.local/lib/python3.12/site-packages/airflow/example_dags/example_python_operator.py
[2024-11-03T05:54:52.162+0000] {processor.py:914} INFO - Processing file /home/airflow/.local/lib/python3.12/site-packages/airflow/example_dags/example_python_operator.py for tasks to queue
[2024-11-03T05:54:52.164+0000] {logging_mixin.py:190} INFO - [2024-11-03T05:54:52.164+0000] {dagbag.py:588} INFO - Filling up the DagBag from /home/airflow/.local/lib/python3.12/site-packages/airflow/example_dags/example_python_operator.py
[2024-11-03T05:54:52.177+0000] {processor.py:925} INFO - DAG(s) 'example_python_operator' retrieved from /home/airflow/.local/lib/python3.12/site-packages/airflow/example_dags/example_python_operator.py
[2024-11-03T05:54:52.200+0000] {logging_mixin.py:190} INFO - [2024-11-03T05:54:52.199+0000] {dag.py:3239} INFO - Sync 1 DAGs
[2024-11-03T05:54:52.216+0000] {logging_mixin.py:190} INFO - [2024-11-03T05:54:52.216+0000] {dag.py:4180} INFO - Setting next_dagrun for example_python_operator to None, run_after=None
[2024-11-03T05:54:52.238+0000] {processor.py:208} INFO - Processing /home/airflow/.local/lib/python3.12/site-packages/airflow/example_dags/example_python_operator.py took 0.087 seconds
[2024-11-03T05:57:15.221+0000] {processor.py:186} INFO - Started process (PID=217) to work on /home/airflow/.local/lib/python3.12/site-packages/airflow/example_dags/example_python_operator.py
[2024-11-03T05:57:15.222+0000] {processor.py:914} INFO - Processing file /home/airflow/.local/lib/python3.12/site-packages/airflow/example_dags/example_python_operator.py for tasks to queue
[2024-11-03T05:57:15.225+0000] {logging_mixin.py:190} INFO - [2024-11-03T05:57:15.225+0000] {dagbag.py:588} INFO - Filling up the DagBag from /home/airflow/.local/lib/python3.12/site-packages/airflow/example_dags/example_python_operator.py
[2024-11-03T05:57:15.241+0000] {processor.py:925} INFO - DAG(s) 'example_python_operator' retrieved from /home/airflow/.local/lib/python3.12/site-packages/airflow/example_dags/example_python_operator.py
[2024-11-03T05:57:15.420+0000] {logging_mixin.py:190} INFO - [2024-11-03T05:57:15.420+0000] {dag.py:3239} INFO - Sync 1 DAGs
[2024-11-03T05:57:15.437+0000] {logging_mixin.py:190} INFO - [2024-11-03T05:57:15.437+0000] {dag.py:4180} INFO - Setting next_dagrun for example_python_operator to None, run_after=None
[2024-11-03T05:57:15.466+0000] {processor.py:208} INFO - Processing /home/airflow/.local/lib/python3.12/site-packages/airflow/example_dags/example_python_operator.py took 0.251 seconds
[2024-11-03T05:57:45.613+0000] {processor.py:186} INFO - Started process (PID=515) to work on /home/airflow/.local/lib/python3.12/site-packages/airflow/example_dags/example_python_operator.py
[2024-11-03T05:57:45.614+0000] {processor.py:914} INFO - Processing file /home/airflow/.local/lib/python3.12/site-packages/airflow/example_dags/example_python_operator.py for tasks to queue
[2024-11-03T05:57:45.617+0000] {logging_mixin.py:190} INFO - [2024-11-03T05:57:45.617+0000] {dagbag.py:588} INFO - Filling up the DagBag from /home/airflow/.local/lib/python3.12/site-packages/airflow/example_dags/example_python_operator.py
[2024-11-03T05:57:45.628+0000] {processor.py:925} INFO - DAG(s) 'example_python_operator' retrieved from /home/airflow/.local/lib/python3.12/site-packages/airflow/example_dags/example_python_operator.py
[2024-11-03T05:57:45.651+0000] {logging_mixin.py:190} INFO - [2024-11-03T05:57:45.651+0000] {dag.py:3239} INFO - Sync 1 DAGs
[2024-11-03T05:57:45.667+0000] {logging_mixin.py:190} INFO - [2024-11-03T05:57:45.666+0000] {dag.py:4180} INFO - Setting next_dagrun for example_python_operator to None, run_after=None
[2024-11-03T05:57:45.689+0000] {processor.py:208} INFO - Processing /home/airflow/.local/lib/python3.12/site-packages/airflow/example_dags/example_python_operator.py took 0.082 seconds
[2024-11-03T05:58:15.948+0000] {processor.py:186} INFO - Started process (PID=799) to work on /home/airflow/.local/lib/python3.12/site-packages/airflow/example_dags/example_python_operator.py
[2024-11-03T05:58:15.949+0000] {processor.py:914} INFO - Processing file /home/airflow/.local/lib/python3.12/site-packages/airflow/example_dags/example_python_operator.py for tasks to queue
[2024-11-03T05:58:15.951+0000] {logging_mixin.py:190} INFO - [2024-11-03T05:58:15.951+0000] {dagbag.py:588} INFO - Filling up the DagBag from /home/airflow/.local/lib/python3.12/site-packages/airflow/example_dags/example_python_operator.py
[2024-11-03T05:58:15.963+0000] {processor.py:925} INFO - DAG(s) 'example_python_operator' retrieved from /home/airflow/.local/lib/python3.12/site-packages/airflow/example_dags/example_python_operator.py
[2024-11-03T05:58:15.987+0000] {logging_mixin.py:190} INFO - [2024-11-03T05:58:15.987+0000] {dag.py:3239} INFO - Sync 1 DAGs
[2024-11-03T05:58:16.003+0000] {logging_mixin.py:190} INFO - [2024-11-03T05:58:16.003+0000] {dag.py:4180} INFO - Setting next_dagrun for example_python_operator to None, run_after=None
[2024-11-03T05:58:16.027+0000] {processor.py:208} INFO - Processing /home/airflow/.local/lib/python3.12/site-packages/airflow/example_dags/example_python_operator.py took 0.086 seconds
[2024-11-03T05:58:46.294+0000] {processor.py:186} INFO - Started process (PID=1090) to work on /home/airflow/.local/lib/python3.12/site-packages/airflow/example_dags/example_python_operator.py
[2024-11-03T05:58:46.295+0000] {processor.py:914} INFO - Processing file /home/airflow/.local/lib/python3.12/site-packages/airflow/example_dags/example_python_operator.py for tasks to queue
[2024-11-03T05:58:46.297+0000] {logging_mixin.py:190} INFO - [2024-11-03T05:58:46.297+0000] {dagbag.py:588} INFO - Filling up the DagBag from /home/airflow/.local/lib/python3.12/site-packages/airflow/example_dags/example_python_operator.py
[2024-11-03T05:58:46.309+0000] {processor.py:925} INFO - DAG(s) 'example_python_operator' retrieved from /home/airflow/.local/lib/python3.12/site-packages/airflow/example_dags/example_python_operator.py
[2024-11-03T05:58:46.332+0000] {logging_mixin.py:190} INFO - [2024-11-03T05:58:46.332+0000] {dag.py:3239} INFO - Sync 1 DAGs
[2024-11-03T05:58:46.348+0000] {logging_mixin.py:190} INFO - [2024-11-03T05:58:46.348+0000] {dag.py:4180} INFO - Setting next_dagrun for example_python_operator to None, run_after=None
[2024-11-03T05:58:46.371+0000] {processor.py:208} INFO - Processing /home/airflow/.local/lib/python3.12/site-packages/airflow/example_dags/example_python_operator.py took 0.083 seconds
[2024-11-03T05:59:17.246+0000] {processor.py:186} INFO - Started process (PID=1381) to work on /home/airflow/.local/lib/python3.12/site-packages/airflow/example_dags/example_python_operator.py
[2024-11-03T05:59:17.247+0000] {processor.py:914} INFO - Processing file /home/airflow/.local/lib/python3.12/site-packages/airflow/example_dags/example_python_operator.py for tasks to queue
[2024-11-03T05:59:17.250+0000] {logging_mixin.py:190} INFO - [2024-11-03T05:59:17.249+0000] {dagbag.py:588} INFO - Filling up the DagBag from /home/airflow/.local/lib/python3.12/site-packages/airflow/example_dags/example_python_operator.py
[2024-11-03T05:59:17.262+0000] {processor.py:925} INFO - DAG(s) 'example_python_operator' retrieved from /home/airflow/.local/lib/python3.12/site-packages/airflow/example_dags/example_python_operator.py
[2024-11-03T05:59:17.285+0000] {logging_mixin.py:190} INFO - [2024-11-03T05:59:17.285+0000] {dag.py:3239} INFO - Sync 1 DAGs
[2024-11-03T05:59:17.301+0000] {logging_mixin.py:190} INFO - [2024-11-03T05:59:17.301+0000] {dag.py:4180} INFO - Setting next_dagrun for example_python_operator to None, run_after=None
[2024-11-03T05:59:17.323+0000] {processor.py:208} INFO - Processing /home/airflow/.local/lib/python3.12/site-packages/airflow/example_dags/example_python_operator.py took 0.083 seconds
[2024-11-03T05:59:48.198+0000] {processor.py:186} INFO - Started process (PID=1672) to work on /home/airflow/.local/lib/python3.12/site-packages/airflow/example_dags/example_python_operator.py
[2024-11-03T05:59:48.199+0000] {processor.py:914} INFO - Processing file /home/airflow/.local/lib/python3.12/site-packages/airflow/example_dags/example_python_operator.py for tasks to queue
[2024-11-03T05:59:48.201+0000] {logging_mixin.py:190} INFO - [2024-11-03T05:59:48.201+0000] {dagbag.py:588} INFO - Filling up the DagBag from /home/airflow/.local/lib/python3.12/site-packages/airflow/example_dags/example_python_operator.py
[2024-11-03T05:59:48.214+0000] {processor.py:925} INFO - DAG(s) 'example_python_operator' retrieved from /home/airflow/.local/lib/python3.12/site-packages/airflow/example_dags/example_python_operator.py
[2024-11-03T05:59:48.241+0000] {logging_mixin.py:190} INFO - [2024-11-03T05:59:48.241+0000] {dag.py:3239} INFO - Sync 1 DAGs
[2024-11-03T05:59:48.258+0000] {logging_mixin.py:190} INFO - [2024-11-03T05:59:48.258+0000] {dag.py:4180} INFO - Setting next_dagrun for example_python_operator to None, run_after=None
[2024-11-03T05:59:48.281+0000] {processor.py:208} INFO - Processing /home/airflow/.local/lib/python3.12/site-packages/airflow/example_dags/example_python_operator.py took 0.089 seconds
[2024-11-03T06:00:19.028+0000] {processor.py:186} INFO - Started process (PID=1963) to work on /home/airflow/.local/lib/python3.12/site-packages/airflow/example_dags/example_python_operator.py
[2024-11-03T06:00:19.031+0000] {processor.py:914} INFO - Processing file /home/airflow/.local/lib/python3.12/site-packages/airflow/example_dags/example_python_operator.py for tasks to queue
[2024-11-03T06:00:19.035+0000] {logging_mixin.py:190} INFO - [2024-11-03T06:00:19.035+0000] {dagbag.py:588} INFO - Filling up the DagBag from /home/airflow/.local/lib/python3.12/site-packages/airflow/example_dags/example_python_operator.py
[2024-11-03T06:00:19.077+0000] {processor.py:925} INFO - DAG(s) 'example_python_operator' retrieved from /home/airflow/.local/lib/python3.12/site-packages/airflow/example_dags/example_python_operator.py
[2024-11-03T06:00:19.129+0000] {logging_mixin.py:190} INFO - [2024-11-03T06:00:19.128+0000] {dag.py:3239} INFO - Sync 1 DAGs
[2024-11-03T06:00:19.155+0000] {logging_mixin.py:190} INFO - [2024-11-03T06:00:19.154+0000] {dag.py:4180} INFO - Setting next_dagrun for example_python_operator to None, run_after=None
[2024-11-03T06:00:19.182+0000] {processor.py:208} INFO - Processing /home/airflow/.local/lib/python3.12/site-packages/airflow/example_dags/example_python_operator.py took 0.167 seconds
[2024-11-03T06:06:53.672+0000] {processor.py:186} INFO - Started process (PID=235) to work on /home/airflow/.local/lib/python3.12/site-packages/airflow/example_dags/example_python_operator.py
[2024-11-03T06:06:53.673+0000] {processor.py:914} INFO - Processing file /home/airflow/.local/lib/python3.12/site-packages/airflow/example_dags/example_python_operator.py for tasks to queue
[2024-11-03T06:06:53.676+0000] {logging_mixin.py:190} INFO - [2024-11-03T06:06:53.676+0000] {dagbag.py:588} INFO - Filling up the DagBag from /home/airflow/.local/lib/python3.12/site-packages/airflow/example_dags/example_python_operator.py
[2024-11-03T06:06:53.698+0000] {processor.py:925} INFO - DAG(s) 'example_python_operator' retrieved from /home/airflow/.local/lib/python3.12/site-packages/airflow/example_dags/example_python_operator.py
[2024-11-03T06:06:53.851+0000] {logging_mixin.py:190} INFO - [2024-11-03T06:06:53.850+0000] {override.py:1900} INFO - Created Permission View: can edit on DAG:example_python_operator
[2024-11-03T06:06:53.863+0000] {logging_mixin.py:190} INFO - [2024-11-03T06:06:53.863+0000] {override.py:1900} INFO - Created Permission View: can read on DAG:example_python_operator
[2024-11-03T06:06:53.880+0000] {logging_mixin.py:190} INFO - [2024-11-03T06:06:53.879+0000] {override.py:1900} INFO - Created Permission View: can delete on DAG:example_python_operator
[2024-11-03T06:06:53.892+0000] {logging_mixin.py:190} INFO - [2024-11-03T06:06:53.892+0000] {override.py:1900} INFO - Created Permission View: can create on DAG Run:example_python_operator
[2024-11-03T06:06:53.902+0000] {logging_mixin.py:190} INFO - [2024-11-03T06:06:53.902+0000] {override.py:1900} INFO - Created Permission View: menu access on DAG Run:example_python_operator
[2024-11-03T06:06:53.913+0000] {logging_mixin.py:190} INFO - [2024-11-03T06:06:53.912+0000] {override.py:1900} INFO - Created Permission View: can read on DAG Run:example_python_operator
[2024-11-03T06:06:53.931+0000] {logging_mixin.py:190} INFO - [2024-11-03T06:06:53.930+0000] {override.py:1900} INFO - Created Permission View: can delete on DAG Run:example_python_operator
[2024-11-03T06:06:53.931+0000] {logging_mixin.py:190} INFO - [2024-11-03T06:06:53.931+0000] {dag.py:3239} INFO - Sync 1 DAGs
[2024-11-03T06:06:53.949+0000] {logging_mixin.py:190} INFO - [2024-11-03T06:06:53.948+0000] {dag.py:3262} INFO - Creating ORM DAG for example_python_operator
[2024-11-03T06:06:53.950+0000] {logging_mixin.py:190} INFO - [2024-11-03T06:06:53.950+0000] {dag.py:4180} INFO - Setting next_dagrun for example_python_operator to None, run_after=None
[2024-11-03T06:06:53.975+0000] {processor.py:208} INFO - Processing /home/airflow/.local/lib/python3.12/site-packages/airflow/example_dags/example_python_operator.py took 0.313 seconds
[2024-11-03T06:07:24.664+0000] {processor.py:186} INFO - Started process (PID=528) to work on /home/airflow/.local/lib/python3.12/site-packages/airflow/example_dags/example_python_operator.py
[2024-11-03T06:07:24.666+0000] {processor.py:914} INFO - Processing file /home/airflow/.local/lib/python3.12/site-packages/airflow/example_dags/example_python_operator.py for tasks to queue
[2024-11-03T06:07:24.668+0000] {logging_mixin.py:190} INFO - [2024-11-03T06:07:24.668+0000] {dagbag.py:588} INFO - Filling up the DagBag from /home/airflow/.local/lib/python3.12/site-packages/airflow/example_dags/example_python_operator.py
[2024-11-03T06:07:24.683+0000] {processor.py:925} INFO - DAG(s) 'example_python_operator' retrieved from /home/airflow/.local/lib/python3.12/site-packages/airflow/example_dags/example_python_operator.py
[2024-11-03T06:07:24.724+0000] {logging_mixin.py:190} INFO - [2024-11-03T06:07:24.723+0000] {dag.py:3239} INFO - Sync 1 DAGs
[2024-11-03T06:07:24.746+0000] {logging_mixin.py:190} INFO - [2024-11-03T06:07:24.746+0000] {dag.py:4180} INFO - Setting next_dagrun for example_python_operator to None, run_after=None
[2024-11-03T06:07:24.792+0000] {processor.py:208} INFO - Processing /home/airflow/.local/lib/python3.12/site-packages/airflow/example_dags/example_python_operator.py took 0.137 seconds
[2024-11-03T06:10:47.707+0000] {processor.py:186} INFO - Started process (PID=230) to work on /home/airflow/.local/lib/python3.12/site-packages/airflow/example_dags/example_python_operator.py
[2024-11-03T06:10:47.709+0000] {processor.py:914} INFO - Processing file /home/airflow/.local/lib/python3.12/site-packages/airflow/example_dags/example_python_operator.py for tasks to queue
[2024-11-03T06:10:47.712+0000] {logging_mixin.py:190} INFO - [2024-11-03T06:10:47.711+0000] {dagbag.py:588} INFO - Filling up the DagBag from /home/airflow/.local/lib/python3.12/site-packages/airflow/example_dags/example_python_operator.py
[2024-11-03T06:10:47.727+0000] {processor.py:925} INFO - DAG(s) 'example_python_operator' retrieved from /home/airflow/.local/lib/python3.12/site-packages/airflow/example_dags/example_python_operator.py
[2024-11-03T06:10:47.888+0000] {logging_mixin.py:190} INFO - [2024-11-03T06:10:47.888+0000] {dag.py:3239} INFO - Sync 1 DAGs
[2024-11-03T06:10:47.905+0000] {logging_mixin.py:190} INFO - [2024-11-03T06:10:47.905+0000] {dag.py:4180} INFO - Setting next_dagrun for example_python_operator to None, run_after=None
[2024-11-03T06:10:47.936+0000] {processor.py:208} INFO - Processing /home/airflow/.local/lib/python3.12/site-packages/airflow/example_dags/example_python_operator.py took 0.236 seconds
[2024-11-03T06:11:18.151+0000] {processor.py:186} INFO - Started process (PID=523) to work on /home/airflow/.local/lib/python3.12/site-packages/airflow/example_dags/example_python_operator.py
[2024-11-03T06:11:18.152+0000] {processor.py:914} INFO - Processing file /home/airflow/.local/lib/python3.12/site-packages/airflow/example_dags/example_python_operator.py for tasks to queue
[2024-11-03T06:11:18.155+0000] {logging_mixin.py:190} INFO - [2024-11-03T06:11:18.154+0000] {dagbag.py:588} INFO - Filling up the DagBag from /home/airflow/.local/lib/python3.12/site-packages/airflow/example_dags/example_python_operator.py
[2024-11-03T06:11:18.167+0000] {processor.py:925} INFO - DAG(s) 'example_python_operator' retrieved from /home/airflow/.local/lib/python3.12/site-packages/airflow/example_dags/example_python_operator.py
[2024-11-03T06:11:18.191+0000] {logging_mixin.py:190} INFO - [2024-11-03T06:11:18.190+0000] {dag.py:3239} INFO - Sync 1 DAGs
[2024-11-03T06:11:18.205+0000] {logging_mixin.py:190} INFO - [2024-11-03T06:11:18.205+0000] {dag.py:4180} INFO - Setting next_dagrun for example_python_operator to None, run_after=None
[2024-11-03T06:11:18.229+0000] {processor.py:208} INFO - Processing /home/airflow/.local/lib/python3.12/site-packages/airflow/example_dags/example_python_operator.py took 0.084 seconds
[2024-11-03T06:11:48.713+0000] {processor.py:186} INFO - Started process (PID=812) to work on /home/airflow/.local/lib/python3.12/site-packages/airflow/example_dags/example_python_operator.py
[2024-11-03T06:11:48.715+0000] {processor.py:914} INFO - Processing file /home/airflow/.local/lib/python3.12/site-packages/airflow/example_dags/example_python_operator.py for tasks to queue
[2024-11-03T06:11:48.717+0000] {logging_mixin.py:190} INFO - [2024-11-03T06:11:48.717+0000] {dagbag.py:588} INFO - Filling up the DagBag from /home/airflow/.local/lib/python3.12/site-packages/airflow/example_dags/example_python_operator.py
[2024-11-03T06:11:48.732+0000] {processor.py:925} INFO - DAG(s) 'example_python_operator' retrieved from /home/airflow/.local/lib/python3.12/site-packages/airflow/example_dags/example_python_operator.py
[2024-11-03T06:11:48.760+0000] {logging_mixin.py:190} INFO - [2024-11-03T06:11:48.759+0000] {dag.py:3239} INFO - Sync 1 DAGs
[2024-11-03T06:11:48.778+0000] {logging_mixin.py:190} INFO - [2024-11-03T06:11:48.778+0000] {dag.py:4180} INFO - Setting next_dagrun for example_python_operator to None, run_after=None
[2024-11-03T06:11:48.803+0000] {processor.py:208} INFO - Processing /home/airflow/.local/lib/python3.12/site-packages/airflow/example_dags/example_python_operator.py took 0.096 seconds
[2024-11-03T06:12:19.397+0000] {processor.py:186} INFO - Started process (PID=1105) to work on /home/airflow/.local/lib/python3.12/site-packages/airflow/example_dags/example_python_operator.py
[2024-11-03T06:12:19.398+0000] {processor.py:914} INFO - Processing file /home/airflow/.local/lib/python3.12/site-packages/airflow/example_dags/example_python_operator.py for tasks to queue
[2024-11-03T06:12:19.401+0000] {logging_mixin.py:190} INFO - [2024-11-03T06:12:19.401+0000] {dagbag.py:588} INFO - Filling up the DagBag from /home/airflow/.local/lib/python3.12/site-packages/airflow/example_dags/example_python_operator.py
[2024-11-03T06:12:19.415+0000] {processor.py:925} INFO - DAG(s) 'example_python_operator' retrieved from /home/airflow/.local/lib/python3.12/site-packages/airflow/example_dags/example_python_operator.py
[2024-11-03T06:12:19.443+0000] {logging_mixin.py:190} INFO - [2024-11-03T06:12:19.443+0000] {dag.py:3239} INFO - Sync 1 DAGs
[2024-11-03T06:12:19.458+0000] {logging_mixin.py:190} INFO - [2024-11-03T06:12:19.458+0000] {dag.py:4180} INFO - Setting next_dagrun for example_python_operator to None, run_after=None
[2024-11-03T06:12:19.479+0000] {processor.py:208} INFO - Processing /home/airflow/.local/lib/python3.12/site-packages/airflow/example_dags/example_python_operator.py took 0.088 seconds
[2024-11-03T06:12:50.248+0000] {processor.py:186} INFO - Started process (PID=1396) to work on /home/airflow/.local/lib/python3.12/site-packages/airflow/example_dags/example_python_operator.py
[2024-11-03T06:12:50.249+0000] {processor.py:914} INFO - Processing file /home/airflow/.local/lib/python3.12/site-packages/airflow/example_dags/example_python_operator.py for tasks to queue
[2024-11-03T06:12:50.251+0000] {logging_mixin.py:190} INFO - [2024-11-03T06:12:50.251+0000] {dagbag.py:588} INFO - Filling up the DagBag from /home/airflow/.local/lib/python3.12/site-packages/airflow/example_dags/example_python_operator.py
[2024-11-03T06:12:50.263+0000] {processor.py:925} INFO - DAG(s) 'example_python_operator' retrieved from /home/airflow/.local/lib/python3.12/site-packages/airflow/example_dags/example_python_operator.py
[2024-11-03T06:12:50.287+0000] {logging_mixin.py:190} INFO - [2024-11-03T06:12:50.287+0000] {dag.py:3239} INFO - Sync 1 DAGs
[2024-11-03T06:12:50.302+0000] {logging_mixin.py:190} INFO - [2024-11-03T06:12:50.302+0000] {dag.py:4180} INFO - Setting next_dagrun for example_python_operator to None, run_after=None
[2024-11-03T06:12:50.326+0000] {processor.py:208} INFO - Processing /home/airflow/.local/lib/python3.12/site-packages/airflow/example_dags/example_python_operator.py took 0.085 seconds
[2024-11-03T06:13:21.001+0000] {processor.py:186} INFO - Started process (PID=1687) to work on /home/airflow/.local/lib/python3.12/site-packages/airflow/example_dags/example_python_operator.py
[2024-11-03T06:13:21.002+0000] {processor.py:914} INFO - Processing file /home/airflow/.local/lib/python3.12/site-packages/airflow/example_dags/example_python_operator.py for tasks to queue
[2024-11-03T06:13:21.004+0000] {logging_mixin.py:190} INFO - [2024-11-03T06:13:21.004+0000] {dagbag.py:588} INFO - Filling up the DagBag from /home/airflow/.local/lib/python3.12/site-packages/airflow/example_dags/example_python_operator.py
[2024-11-03T06:13:21.020+0000] {processor.py:925} INFO - DAG(s) 'example_python_operator' retrieved from /home/airflow/.local/lib/python3.12/site-packages/airflow/example_dags/example_python_operator.py
[2024-11-03T06:13:21.043+0000] {logging_mixin.py:190} INFO - [2024-11-03T06:13:21.043+0000] {dag.py:3239} INFO - Sync 1 DAGs
[2024-11-03T06:13:21.064+0000] {logging_mixin.py:190} INFO - [2024-11-03T06:13:21.064+0000] {dag.py:4180} INFO - Setting next_dagrun for example_python_operator to None, run_after=None
[2024-11-03T06:13:21.095+0000] {processor.py:208} INFO - Processing /home/airflow/.local/lib/python3.12/site-packages/airflow/example_dags/example_python_operator.py took 0.100 seconds
[2024-11-03T06:13:51.224+0000] {processor.py:186} INFO - Started process (PID=1976) to work on /home/airflow/.local/lib/python3.12/site-packages/airflow/example_dags/example_python_operator.py
[2024-11-03T06:13:51.225+0000] {processor.py:914} INFO - Processing file /home/airflow/.local/lib/python3.12/site-packages/airflow/example_dags/example_python_operator.py for tasks to queue
[2024-11-03T06:13:51.227+0000] {logging_mixin.py:190} INFO - [2024-11-03T06:13:51.227+0000] {dagbag.py:588} INFO - Filling up the DagBag from /home/airflow/.local/lib/python3.12/site-packages/airflow/example_dags/example_python_operator.py
[2024-11-03T06:13:51.240+0000] {processor.py:925} INFO - DAG(s) 'example_python_operator' retrieved from /home/airflow/.local/lib/python3.12/site-packages/airflow/example_dags/example_python_operator.py
[2024-11-03T06:13:51.264+0000] {logging_mixin.py:190} INFO - [2024-11-03T06:13:51.263+0000] {dag.py:3239} INFO - Sync 1 DAGs
[2024-11-03T06:13:51.281+0000] {logging_mixin.py:190} INFO - [2024-11-03T06:13:51.281+0000] {dag.py:4180} INFO - Setting next_dagrun for example_python_operator to None, run_after=None
[2024-11-03T06:13:51.303+0000] {processor.py:208} INFO - Processing /home/airflow/.local/lib/python3.12/site-packages/airflow/example_dags/example_python_operator.py took 0.087 seconds
[2024-11-03T06:14:22.617+0000] {processor.py:186} INFO - Started process (PID=2269) to work on /home/airflow/.local/lib/python3.12/site-packages/airflow/example_dags/example_python_operator.py
[2024-11-03T06:14:22.618+0000] {processor.py:914} INFO - Processing file /home/airflow/.local/lib/python3.12/site-packages/airflow/example_dags/example_python_operator.py for tasks to queue
[2024-11-03T06:14:22.620+0000] {logging_mixin.py:190} INFO - [2024-11-03T06:14:22.620+0000] {dagbag.py:588} INFO - Filling up the DagBag from /home/airflow/.local/lib/python3.12/site-packages/airflow/example_dags/example_python_operator.py
[2024-11-03T06:14:22.633+0000] {processor.py:925} INFO - DAG(s) 'example_python_operator' retrieved from /home/airflow/.local/lib/python3.12/site-packages/airflow/example_dags/example_python_operator.py
[2024-11-03T06:14:22.657+0000] {logging_mixin.py:190} INFO - [2024-11-03T06:14:22.656+0000] {dag.py:3239} INFO - Sync 1 DAGs
[2024-11-03T06:14:22.673+0000] {logging_mixin.py:190} INFO - [2024-11-03T06:14:22.673+0000] {dag.py:4180} INFO - Setting next_dagrun for example_python_operator to None, run_after=None
[2024-11-03T06:14:22.696+0000] {processor.py:208} INFO - Processing /home/airflow/.local/lib/python3.12/site-packages/airflow/example_dags/example_python_operator.py took 0.086 seconds
