[2024-11-03T05:29:35.170+0000] {processor.py:186} INFO - Started process (PID=411) to work on /home/airflow/.local/lib/python3.12/site-packages/airflow/example_dags/example_xcom.py
[2024-11-03T05:29:35.172+0000] {processor.py:914} INFO - Processing file /home/airflow/.local/lib/python3.12/site-packages/airflow/example_dags/example_xcom.py for tasks to queue
[2024-11-03T05:29:35.176+0000] {logging_mixin.py:190} INFO - [2024-11-03T05:29:35.176+0000] {dagbag.py:588} INFO - Filling up the DagBag from /home/airflow/.local/lib/python3.12/site-packages/airflow/example_dags/example_xcom.py
[2024-11-03T05:29:35.194+0000] {processor.py:925} INFO - DAG(s) 'example_xcom' retrieved from /home/airflow/.local/lib/python3.12/site-packages/airflow/example_dags/example_xcom.py
[2024-11-03T05:29:35.395+0000] {logging_mixin.py:190} INFO - [2024-11-03T05:29:35.394+0000] {override.py:1900} INFO - Created Permission View: can delete on DAG:example_xcom
[2024-11-03T05:29:35.416+0000] {logging_mixin.py:190} INFO - [2024-11-03T05:29:35.415+0000] {override.py:1900} INFO - Created Permission View: can edit on DAG:example_xcom
[2024-11-03T05:29:35.431+0000] {logging_mixin.py:190} INFO - [2024-11-03T05:29:35.430+0000] {override.py:1900} INFO - Created Permission View: can read on DAG:example_xcom
[2024-11-03T05:29:35.449+0000] {logging_mixin.py:190} INFO - [2024-11-03T05:29:35.448+0000] {override.py:1900} INFO - Created Permission View: can delete on DAG Run:example_xcom
[2024-11-03T05:29:35.462+0000] {logging_mixin.py:190} INFO - [2024-11-03T05:29:35.461+0000] {override.py:1900} INFO - Created Permission View: menu access on DAG Run:example_xcom
[2024-11-03T05:29:35.479+0000] {logging_mixin.py:190} INFO - [2024-11-03T05:29:35.478+0000] {override.py:1900} INFO - Created Permission View: can create on DAG Run:example_xcom
[2024-11-03T05:29:35.506+0000] {logging_mixin.py:190} INFO - [2024-11-03T05:29:35.505+0000] {override.py:1900} INFO - Created Permission View: can read on DAG Run:example_xcom
[2024-11-03T05:29:35.507+0000] {logging_mixin.py:190} INFO - [2024-11-03T05:29:35.506+0000] {dag.py:3239} INFO - Sync 1 DAGs
[2024-11-03T05:29:35.535+0000] {logging_mixin.py:190} INFO - [2024-11-03T05:29:35.534+0000] {dag.py:3262} INFO - Creating ORM DAG for example_xcom
[2024-11-03T05:29:35.554+0000] {logging_mixin.py:190} INFO - [2024-11-03T05:29:35.554+0000] {dag.py:4180} INFO - Setting next_dagrun for example_xcom to 2021-01-01 00:00:00+00:00, run_after=2021-01-01 00:00:00+00:00
[2024-11-03T05:29:35.589+0000] {processor.py:208} INFO - Processing /home/airflow/.local/lib/python3.12/site-packages/airflow/example_dags/example_xcom.py took 0.429 seconds
[2024-11-03T05:30:05.985+0000] {processor.py:186} INFO - Started process (PID=697) to work on /home/airflow/.local/lib/python3.12/site-packages/airflow/example_dags/example_xcom.py
[2024-11-03T05:30:05.987+0000] {processor.py:914} INFO - Processing file /home/airflow/.local/lib/python3.12/site-packages/airflow/example_dags/example_xcom.py for tasks to queue
[2024-11-03T05:30:05.993+0000] {logging_mixin.py:190} INFO - [2024-11-03T05:30:05.991+0000] {dagbag.py:588} INFO - Filling up the DagBag from /home/airflow/.local/lib/python3.12/site-packages/airflow/example_dags/example_xcom.py
[2024-11-03T05:30:06.008+0000] {processor.py:925} INFO - DAG(s) 'example_xcom' retrieved from /home/airflow/.local/lib/python3.12/site-packages/airflow/example_dags/example_xcom.py
[2024-11-03T05:30:06.037+0000] {logging_mixin.py:190} INFO - [2024-11-03T05:30:06.037+0000] {dag.py:3239} INFO - Sync 1 DAGs
[2024-11-03T05:30:06.076+0000] {logging_mixin.py:190} INFO - [2024-11-03T05:30:06.076+0000] {dag.py:4180} INFO - Setting next_dagrun for example_xcom to 2021-01-01 00:00:00+00:00, run_after=2021-01-01 00:00:00+00:00
[2024-11-03T05:30:06.108+0000] {processor.py:208} INFO - Processing /home/airflow/.local/lib/python3.12/site-packages/airflow/example_dags/example_xcom.py took 0.133 seconds
[2024-11-03T05:30:36.883+0000] {processor.py:186} INFO - Started process (PID=988) to work on /home/airflow/.local/lib/python3.12/site-packages/airflow/example_dags/example_xcom.py
[2024-11-03T05:30:36.885+0000] {processor.py:914} INFO - Processing file /home/airflow/.local/lib/python3.12/site-packages/airflow/example_dags/example_xcom.py for tasks to queue
[2024-11-03T05:30:36.889+0000] {logging_mixin.py:190} INFO - [2024-11-03T05:30:36.889+0000] {dagbag.py:588} INFO - Filling up the DagBag from /home/airflow/.local/lib/python3.12/site-packages/airflow/example_dags/example_xcom.py
[2024-11-03T05:30:36.904+0000] {processor.py:925} INFO - DAG(s) 'example_xcom' retrieved from /home/airflow/.local/lib/python3.12/site-packages/airflow/example_dags/example_xcom.py
[2024-11-03T05:30:36.930+0000] {logging_mixin.py:190} INFO - [2024-11-03T05:30:36.930+0000] {dag.py:3239} INFO - Sync 1 DAGs
[2024-11-03T05:30:36.967+0000] {logging_mixin.py:190} INFO - [2024-11-03T05:30:36.967+0000] {dag.py:4180} INFO - Setting next_dagrun for example_xcom to 2021-01-01 00:00:00+00:00, run_after=2021-01-01 00:00:00+00:00
[2024-11-03T05:30:36.990+0000] {processor.py:208} INFO - Processing /home/airflow/.local/lib/python3.12/site-packages/airflow/example_dags/example_xcom.py took 0.123 seconds
[2024-11-03T05:31:07.317+0000] {processor.py:186} INFO - Started process (PID=1279) to work on /home/airflow/.local/lib/python3.12/site-packages/airflow/example_dags/example_xcom.py
[2024-11-03T05:31:07.318+0000] {processor.py:914} INFO - Processing file /home/airflow/.local/lib/python3.12/site-packages/airflow/example_dags/example_xcom.py for tasks to queue
[2024-11-03T05:31:07.321+0000] {logging_mixin.py:190} INFO - [2024-11-03T05:31:07.320+0000] {dagbag.py:588} INFO - Filling up the DagBag from /home/airflow/.local/lib/python3.12/site-packages/airflow/example_dags/example_xcom.py
[2024-11-03T05:31:07.331+0000] {processor.py:925} INFO - DAG(s) 'example_xcom' retrieved from /home/airflow/.local/lib/python3.12/site-packages/airflow/example_dags/example_xcom.py
[2024-11-03T05:31:07.358+0000] {logging_mixin.py:190} INFO - [2024-11-03T05:31:07.358+0000] {dag.py:3239} INFO - Sync 1 DAGs
[2024-11-03T05:31:07.393+0000] {logging_mixin.py:190} INFO - [2024-11-03T05:31:07.393+0000] {dag.py:4180} INFO - Setting next_dagrun for example_xcom to 2021-01-01 00:00:00+00:00, run_after=2021-01-01 00:00:00+00:00
[2024-11-03T05:31:07.418+0000] {processor.py:208} INFO - Processing /home/airflow/.local/lib/python3.12/site-packages/airflow/example_dags/example_xcom.py took 0.108 seconds
[2024-11-03T05:31:38.008+0000] {processor.py:186} INFO - Started process (PID=1570) to work on /home/airflow/.local/lib/python3.12/site-packages/airflow/example_dags/example_xcom.py
[2024-11-03T05:31:38.009+0000] {processor.py:914} INFO - Processing file /home/airflow/.local/lib/python3.12/site-packages/airflow/example_dags/example_xcom.py for tasks to queue
[2024-11-03T05:31:38.011+0000] {logging_mixin.py:190} INFO - [2024-11-03T05:31:38.011+0000] {dagbag.py:588} INFO - Filling up the DagBag from /home/airflow/.local/lib/python3.12/site-packages/airflow/example_dags/example_xcom.py
[2024-11-03T05:31:38.024+0000] {processor.py:925} INFO - DAG(s) 'example_xcom' retrieved from /home/airflow/.local/lib/python3.12/site-packages/airflow/example_dags/example_xcom.py
[2024-11-03T05:31:38.047+0000] {logging_mixin.py:190} INFO - [2024-11-03T05:31:38.047+0000] {dag.py:3239} INFO - Sync 1 DAGs
[2024-11-03T05:31:38.076+0000] {logging_mixin.py:190} INFO - [2024-11-03T05:31:38.075+0000] {dag.py:4180} INFO - Setting next_dagrun for example_xcom to 2021-01-01 00:00:00+00:00, run_after=2021-01-01 00:00:00+00:00
[2024-11-03T05:31:38.101+0000] {processor.py:208} INFO - Processing /home/airflow/.local/lib/python3.12/site-packages/airflow/example_dags/example_xcom.py took 0.100 seconds
[2024-11-03T05:32:08.909+0000] {processor.py:186} INFO - Started process (PID=1861) to work on /home/airflow/.local/lib/python3.12/site-packages/airflow/example_dags/example_xcom.py
[2024-11-03T05:32:08.910+0000] {processor.py:914} INFO - Processing file /home/airflow/.local/lib/python3.12/site-packages/airflow/example_dags/example_xcom.py for tasks to queue
[2024-11-03T05:32:08.913+0000] {logging_mixin.py:190} INFO - [2024-11-03T05:32:08.912+0000] {dagbag.py:588} INFO - Filling up the DagBag from /home/airflow/.local/lib/python3.12/site-packages/airflow/example_dags/example_xcom.py
[2024-11-03T05:32:08.928+0000] {processor.py:925} INFO - DAG(s) 'example_xcom' retrieved from /home/airflow/.local/lib/python3.12/site-packages/airflow/example_dags/example_xcom.py
[2024-11-03T05:32:08.953+0000] {logging_mixin.py:190} INFO - [2024-11-03T05:32:08.953+0000] {dag.py:3239} INFO - Sync 1 DAGs
[2024-11-03T05:32:08.984+0000] {logging_mixin.py:190} INFO - [2024-11-03T05:32:08.983+0000] {dag.py:4180} INFO - Setting next_dagrun for example_xcom to 2021-01-01 00:00:00+00:00, run_after=2021-01-01 00:00:00+00:00
[2024-11-03T05:32:09.008+0000] {processor.py:208} INFO - Processing /home/airflow/.local/lib/python3.12/site-packages/airflow/example_dags/example_xcom.py took 0.110 seconds
[2024-11-03T05:32:39.951+0000] {processor.py:186} INFO - Started process (PID=2152) to work on /home/airflow/.local/lib/python3.12/site-packages/airflow/example_dags/example_xcom.py
[2024-11-03T05:32:39.953+0000] {processor.py:914} INFO - Processing file /home/airflow/.local/lib/python3.12/site-packages/airflow/example_dags/example_xcom.py for tasks to queue
[2024-11-03T05:32:39.957+0000] {logging_mixin.py:190} INFO - [2024-11-03T05:32:39.956+0000] {dagbag.py:588} INFO - Filling up the DagBag from /home/airflow/.local/lib/python3.12/site-packages/airflow/example_dags/example_xcom.py
[2024-11-03T05:32:39.978+0000] {processor.py:925} INFO - DAG(s) 'example_xcom' retrieved from /home/airflow/.local/lib/python3.12/site-packages/airflow/example_dags/example_xcom.py
[2024-11-03T05:32:40.021+0000] {logging_mixin.py:190} INFO - [2024-11-03T05:32:40.020+0000] {dag.py:3239} INFO - Sync 1 DAGs
[2024-11-03T05:32:40.083+0000] {logging_mixin.py:190} INFO - [2024-11-03T05:32:40.083+0000] {dag.py:4180} INFO - Setting next_dagrun for example_xcom to 2021-01-01 00:00:00+00:00, run_after=2021-01-01 00:00:00+00:00
[2024-11-03T05:32:40.115+0000] {processor.py:208} INFO - Processing /home/airflow/.local/lib/python3.12/site-packages/airflow/example_dags/example_xcom.py took 0.174 seconds
[2024-11-03T05:33:10.298+0000] {processor.py:186} INFO - Started process (PID=2446) to work on /home/airflow/.local/lib/python3.12/site-packages/airflow/example_dags/example_xcom.py
[2024-11-03T05:33:10.299+0000] {processor.py:914} INFO - Processing file /home/airflow/.local/lib/python3.12/site-packages/airflow/example_dags/example_xcom.py for tasks to queue
[2024-11-03T05:33:10.302+0000] {logging_mixin.py:190} INFO - [2024-11-03T05:33:10.301+0000] {dagbag.py:588} INFO - Filling up the DagBag from /home/airflow/.local/lib/python3.12/site-packages/airflow/example_dags/example_xcom.py
[2024-11-03T05:33:10.314+0000] {processor.py:925} INFO - DAG(s) 'example_xcom' retrieved from /home/airflow/.local/lib/python3.12/site-packages/airflow/example_dags/example_xcom.py
[2024-11-03T05:33:10.337+0000] {logging_mixin.py:190} INFO - [2024-11-03T05:33:10.337+0000] {dag.py:3239} INFO - Sync 1 DAGs
[2024-11-03T05:33:10.370+0000] {logging_mixin.py:190} INFO - [2024-11-03T05:33:10.370+0000] {dag.py:4180} INFO - Setting next_dagrun for example_xcom to 2021-01-01 00:00:00+00:00, run_after=2021-01-01 00:00:00+00:00
[2024-11-03T05:33:10.401+0000] {processor.py:208} INFO - Processing /home/airflow/.local/lib/python3.12/site-packages/airflow/example_dags/example_xcom.py took 0.110 seconds
[2024-11-03T05:33:40.527+0000] {processor.py:186} INFO - Started process (PID=2737) to work on /home/airflow/.local/lib/python3.12/site-packages/airflow/example_dags/example_xcom.py
[2024-11-03T05:33:40.528+0000] {processor.py:914} INFO - Processing file /home/airflow/.local/lib/python3.12/site-packages/airflow/example_dags/example_xcom.py for tasks to queue
[2024-11-03T05:33:40.531+0000] {logging_mixin.py:190} INFO - [2024-11-03T05:33:40.531+0000] {dagbag.py:588} INFO - Filling up the DagBag from /home/airflow/.local/lib/python3.12/site-packages/airflow/example_dags/example_xcom.py
[2024-11-03T05:33:40.541+0000] {processor.py:925} INFO - DAG(s) 'example_xcom' retrieved from /home/airflow/.local/lib/python3.12/site-packages/airflow/example_dags/example_xcom.py
[2024-11-03T05:33:40.564+0000] {logging_mixin.py:190} INFO - [2024-11-03T05:33:40.564+0000] {dag.py:3239} INFO - Sync 1 DAGs
[2024-11-03T05:33:40.593+0000] {logging_mixin.py:190} INFO - [2024-11-03T05:33:40.593+0000] {dag.py:4180} INFO - Setting next_dagrun for example_xcom to 2021-01-01 00:00:00+00:00, run_after=2021-01-01 00:00:00+00:00
[2024-11-03T05:33:40.621+0000] {processor.py:208} INFO - Processing /home/airflow/.local/lib/python3.12/site-packages/airflow/example_dags/example_xcom.py took 0.100 seconds
[2024-11-03T05:34:10.674+0000] {processor.py:186} INFO - Started process (PID=3028) to work on /home/airflow/.local/lib/python3.12/site-packages/airflow/example_dags/example_xcom.py
[2024-11-03T05:34:10.675+0000] {processor.py:914} INFO - Processing file /home/airflow/.local/lib/python3.12/site-packages/airflow/example_dags/example_xcom.py for tasks to queue
[2024-11-03T05:34:10.678+0000] {logging_mixin.py:190} INFO - [2024-11-03T05:34:10.678+0000] {dagbag.py:588} INFO - Filling up the DagBag from /home/airflow/.local/lib/python3.12/site-packages/airflow/example_dags/example_xcom.py
[2024-11-03T05:34:10.687+0000] {processor.py:925} INFO - DAG(s) 'example_xcom' retrieved from /home/airflow/.local/lib/python3.12/site-packages/airflow/example_dags/example_xcom.py
[2024-11-03T05:34:10.710+0000] {logging_mixin.py:190} INFO - [2024-11-03T05:34:10.710+0000] {dag.py:3239} INFO - Sync 1 DAGs
[2024-11-03T05:34:10.735+0000] {logging_mixin.py:190} INFO - [2024-11-03T05:34:10.735+0000] {dag.py:4180} INFO - Setting next_dagrun for example_xcom to 2021-01-01 00:00:00+00:00, run_after=2021-01-01 00:00:00+00:00
[2024-11-03T05:34:10.756+0000] {processor.py:208} INFO - Processing /home/airflow/.local/lib/python3.12/site-packages/airflow/example_dags/example_xcom.py took 0.088 seconds
[2024-11-03T05:34:41.035+0000] {processor.py:186} INFO - Started process (PID=3319) to work on /home/airflow/.local/lib/python3.12/site-packages/airflow/example_dags/example_xcom.py
[2024-11-03T05:34:41.036+0000] {processor.py:914} INFO - Processing file /home/airflow/.local/lib/python3.12/site-packages/airflow/example_dags/example_xcom.py for tasks to queue
[2024-11-03T05:34:41.039+0000] {logging_mixin.py:190} INFO - [2024-11-03T05:34:41.039+0000] {dagbag.py:588} INFO - Filling up the DagBag from /home/airflow/.local/lib/python3.12/site-packages/airflow/example_dags/example_xcom.py
[2024-11-03T05:34:41.050+0000] {processor.py:925} INFO - DAG(s) 'example_xcom' retrieved from /home/airflow/.local/lib/python3.12/site-packages/airflow/example_dags/example_xcom.py
[2024-11-03T05:34:41.077+0000] {logging_mixin.py:190} INFO - [2024-11-03T05:34:41.077+0000] {dag.py:3239} INFO - Sync 1 DAGs
[2024-11-03T05:34:41.114+0000] {logging_mixin.py:190} INFO - [2024-11-03T05:34:41.114+0000] {dag.py:4180} INFO - Setting next_dagrun for example_xcom to 2021-01-01 00:00:00+00:00, run_after=2021-01-01 00:00:00+00:00
[2024-11-03T05:34:41.154+0000] {processor.py:208} INFO - Processing /home/airflow/.local/lib/python3.12/site-packages/airflow/example_dags/example_xcom.py took 0.126 seconds
[2024-11-03T05:35:11.762+0000] {processor.py:186} INFO - Started process (PID=3610) to work on /home/airflow/.local/lib/python3.12/site-packages/airflow/example_dags/example_xcom.py
[2024-11-03T05:35:11.764+0000] {processor.py:914} INFO - Processing file /home/airflow/.local/lib/python3.12/site-packages/airflow/example_dags/example_xcom.py for tasks to queue
[2024-11-03T05:35:11.767+0000] {logging_mixin.py:190} INFO - [2024-11-03T05:35:11.767+0000] {dagbag.py:588} INFO - Filling up the DagBag from /home/airflow/.local/lib/python3.12/site-packages/airflow/example_dags/example_xcom.py
[2024-11-03T05:35:11.780+0000] {processor.py:925} INFO - DAG(s) 'example_xcom' retrieved from /home/airflow/.local/lib/python3.12/site-packages/airflow/example_dags/example_xcom.py
[2024-11-03T05:35:11.806+0000] {logging_mixin.py:190} INFO - [2024-11-03T05:35:11.806+0000] {dag.py:3239} INFO - Sync 1 DAGs
[2024-11-03T05:35:11.834+0000] {logging_mixin.py:190} INFO - [2024-11-03T05:35:11.833+0000] {dag.py:4180} INFO - Setting next_dagrun for example_xcom to 2021-01-01 00:00:00+00:00, run_after=2021-01-01 00:00:00+00:00
[2024-11-03T05:35:11.859+0000] {processor.py:208} INFO - Processing /home/airflow/.local/lib/python3.12/site-packages/airflow/example_dags/example_xcom.py took 0.105 seconds
[2024-11-03T05:35:41.945+0000] {processor.py:186} INFO - Started process (PID=3901) to work on /home/airflow/.local/lib/python3.12/site-packages/airflow/example_dags/example_xcom.py
[2024-11-03T05:35:41.947+0000] {processor.py:914} INFO - Processing file /home/airflow/.local/lib/python3.12/site-packages/airflow/example_dags/example_xcom.py for tasks to queue
[2024-11-03T05:35:41.949+0000] {logging_mixin.py:190} INFO - [2024-11-03T05:35:41.949+0000] {dagbag.py:588} INFO - Filling up the DagBag from /home/airflow/.local/lib/python3.12/site-packages/airflow/example_dags/example_xcom.py
[2024-11-03T05:35:41.963+0000] {processor.py:925} INFO - DAG(s) 'example_xcom' retrieved from /home/airflow/.local/lib/python3.12/site-packages/airflow/example_dags/example_xcom.py
[2024-11-03T05:35:41.986+0000] {logging_mixin.py:190} INFO - [2024-11-03T05:35:41.986+0000] {dag.py:3239} INFO - Sync 1 DAGs
[2024-11-03T05:35:42.010+0000] {logging_mixin.py:190} INFO - [2024-11-03T05:35:42.010+0000] {dag.py:4180} INFO - Setting next_dagrun for example_xcom to 2021-01-01 00:00:00+00:00, run_after=2021-01-01 00:00:00+00:00
[2024-11-03T05:35:42.031+0000] {processor.py:208} INFO - Processing /home/airflow/.local/lib/python3.12/site-packages/airflow/example_dags/example_xcom.py took 0.093 seconds
[2024-11-03T05:36:12.157+0000] {processor.py:186} INFO - Started process (PID=4190) to work on /home/airflow/.local/lib/python3.12/site-packages/airflow/example_dags/example_xcom.py
[2024-11-03T05:36:12.159+0000] {processor.py:914} INFO - Processing file /home/airflow/.local/lib/python3.12/site-packages/airflow/example_dags/example_xcom.py for tasks to queue
[2024-11-03T05:36:12.161+0000] {logging_mixin.py:190} INFO - [2024-11-03T05:36:12.161+0000] {dagbag.py:588} INFO - Filling up the DagBag from /home/airflow/.local/lib/python3.12/site-packages/airflow/example_dags/example_xcom.py
[2024-11-03T05:36:12.170+0000] {processor.py:925} INFO - DAG(s) 'example_xcom' retrieved from /home/airflow/.local/lib/python3.12/site-packages/airflow/example_dags/example_xcom.py
[2024-11-03T05:36:12.194+0000] {logging_mixin.py:190} INFO - [2024-11-03T05:36:12.193+0000] {dag.py:3239} INFO - Sync 1 DAGs
[2024-11-03T05:36:12.218+0000] {logging_mixin.py:190} INFO - [2024-11-03T05:36:12.218+0000] {dag.py:4180} INFO - Setting next_dagrun for example_xcom to 2021-01-01 00:00:00+00:00, run_after=2021-01-01 00:00:00+00:00
[2024-11-03T05:36:12.240+0000] {processor.py:208} INFO - Processing /home/airflow/.local/lib/python3.12/site-packages/airflow/example_dags/example_xcom.py took 0.089 seconds
[2024-11-03T05:36:42.388+0000] {processor.py:186} INFO - Started process (PID=4481) to work on /home/airflow/.local/lib/python3.12/site-packages/airflow/example_dags/example_xcom.py
[2024-11-03T05:36:42.389+0000] {processor.py:914} INFO - Processing file /home/airflow/.local/lib/python3.12/site-packages/airflow/example_dags/example_xcom.py for tasks to queue
[2024-11-03T05:36:42.391+0000] {logging_mixin.py:190} INFO - [2024-11-03T05:36:42.391+0000] {dagbag.py:588} INFO - Filling up the DagBag from /home/airflow/.local/lib/python3.12/site-packages/airflow/example_dags/example_xcom.py
[2024-11-03T05:36:42.400+0000] {processor.py:925} INFO - DAG(s) 'example_xcom' retrieved from /home/airflow/.local/lib/python3.12/site-packages/airflow/example_dags/example_xcom.py
[2024-11-03T05:36:42.423+0000] {logging_mixin.py:190} INFO - [2024-11-03T05:36:42.422+0000] {dag.py:3239} INFO - Sync 1 DAGs
[2024-11-03T05:36:42.446+0000] {logging_mixin.py:190} INFO - [2024-11-03T05:36:42.445+0000] {dag.py:4180} INFO - Setting next_dagrun for example_xcom to 2021-01-01 00:00:00+00:00, run_after=2021-01-01 00:00:00+00:00
[2024-11-03T05:36:42.469+0000] {processor.py:208} INFO - Processing /home/airflow/.local/lib/python3.12/site-packages/airflow/example_dags/example_xcom.py took 0.087 seconds
[2024-11-03T05:37:12.664+0000] {processor.py:186} INFO - Started process (PID=4772) to work on /home/airflow/.local/lib/python3.12/site-packages/airflow/example_dags/example_xcom.py
[2024-11-03T05:37:12.665+0000] {processor.py:914} INFO - Processing file /home/airflow/.local/lib/python3.12/site-packages/airflow/example_dags/example_xcom.py for tasks to queue
[2024-11-03T05:37:12.667+0000] {logging_mixin.py:190} INFO - [2024-11-03T05:37:12.667+0000] {dagbag.py:588} INFO - Filling up the DagBag from /home/airflow/.local/lib/python3.12/site-packages/airflow/example_dags/example_xcom.py
[2024-11-03T05:37:12.677+0000] {processor.py:925} INFO - DAG(s) 'example_xcom' retrieved from /home/airflow/.local/lib/python3.12/site-packages/airflow/example_dags/example_xcom.py
[2024-11-03T05:37:12.699+0000] {logging_mixin.py:190} INFO - [2024-11-03T05:37:12.698+0000] {dag.py:3239} INFO - Sync 1 DAGs
[2024-11-03T05:37:12.727+0000] {logging_mixin.py:190} INFO - [2024-11-03T05:37:12.727+0000] {dag.py:4180} INFO - Setting next_dagrun for example_xcom to 2021-01-01 00:00:00+00:00, run_after=2021-01-01 00:00:00+00:00
[2024-11-03T05:37:12.750+0000] {processor.py:208} INFO - Processing /home/airflow/.local/lib/python3.12/site-packages/airflow/example_dags/example_xcom.py took 0.092 seconds
[2024-11-03T05:37:43.197+0000] {processor.py:186} INFO - Started process (PID=5063) to work on /home/airflow/.local/lib/python3.12/site-packages/airflow/example_dags/example_xcom.py
[2024-11-03T05:37:43.198+0000] {processor.py:914} INFO - Processing file /home/airflow/.local/lib/python3.12/site-packages/airflow/example_dags/example_xcom.py for tasks to queue
[2024-11-03T05:37:43.202+0000] {logging_mixin.py:190} INFO - [2024-11-03T05:37:43.201+0000] {dagbag.py:588} INFO - Filling up the DagBag from /home/airflow/.local/lib/python3.12/site-packages/airflow/example_dags/example_xcom.py
[2024-11-03T05:37:43.213+0000] {processor.py:925} INFO - DAG(s) 'example_xcom' retrieved from /home/airflow/.local/lib/python3.12/site-packages/airflow/example_dags/example_xcom.py
[2024-11-03T05:37:43.238+0000] {logging_mixin.py:190} INFO - [2024-11-03T05:37:43.238+0000] {dag.py:3239} INFO - Sync 1 DAGs
[2024-11-03T05:37:43.269+0000] {logging_mixin.py:190} INFO - [2024-11-03T05:37:43.269+0000] {dag.py:4180} INFO - Setting next_dagrun for example_xcom to 2021-01-01 00:00:00+00:00, run_after=2021-01-01 00:00:00+00:00
[2024-11-03T05:37:43.297+0000] {processor.py:208} INFO - Processing /home/airflow/.local/lib/python3.12/site-packages/airflow/example_dags/example_xcom.py took 0.108 seconds
[2024-11-03T05:38:14.084+0000] {processor.py:186} INFO - Started process (PID=5354) to work on /home/airflow/.local/lib/python3.12/site-packages/airflow/example_dags/example_xcom.py
[2024-11-03T05:38:14.085+0000] {processor.py:914} INFO - Processing file /home/airflow/.local/lib/python3.12/site-packages/airflow/example_dags/example_xcom.py for tasks to queue
[2024-11-03T05:38:14.088+0000] {logging_mixin.py:190} INFO - [2024-11-03T05:38:14.087+0000] {dagbag.py:588} INFO - Filling up the DagBag from /home/airflow/.local/lib/python3.12/site-packages/airflow/example_dags/example_xcom.py
[2024-11-03T05:38:14.096+0000] {processor.py:925} INFO - DAG(s) 'example_xcom' retrieved from /home/airflow/.local/lib/python3.12/site-packages/airflow/example_dags/example_xcom.py
[2024-11-03T05:38:14.118+0000] {logging_mixin.py:190} INFO - [2024-11-03T05:38:14.118+0000] {dag.py:3239} INFO - Sync 1 DAGs
[2024-11-03T05:38:14.145+0000] {logging_mixin.py:190} INFO - [2024-11-03T05:38:14.144+0000] {dag.py:4180} INFO - Setting next_dagrun for example_xcom to 2021-01-01 00:00:00+00:00, run_after=2021-01-01 00:00:00+00:00
[2024-11-03T05:38:14.166+0000] {processor.py:208} INFO - Processing /home/airflow/.local/lib/python3.12/site-packages/airflow/example_dags/example_xcom.py took 0.088 seconds
[2024-11-03T05:38:45.224+0000] {processor.py:186} INFO - Started process (PID=5645) to work on /home/airflow/.local/lib/python3.12/site-packages/airflow/example_dags/example_xcom.py
[2024-11-03T05:38:45.225+0000] {processor.py:914} INFO - Processing file /home/airflow/.local/lib/python3.12/site-packages/airflow/example_dags/example_xcom.py for tasks to queue
[2024-11-03T05:38:45.228+0000] {logging_mixin.py:190} INFO - [2024-11-03T05:38:45.228+0000] {dagbag.py:588} INFO - Filling up the DagBag from /home/airflow/.local/lib/python3.12/site-packages/airflow/example_dags/example_xcom.py
[2024-11-03T05:38:45.238+0000] {processor.py:925} INFO - DAG(s) 'example_xcom' retrieved from /home/airflow/.local/lib/python3.12/site-packages/airflow/example_dags/example_xcom.py
[2024-11-03T05:38:45.261+0000] {logging_mixin.py:190} INFO - [2024-11-03T05:38:45.260+0000] {dag.py:3239} INFO - Sync 1 DAGs
[2024-11-03T05:38:45.288+0000] {logging_mixin.py:190} INFO - [2024-11-03T05:38:45.287+0000] {dag.py:4180} INFO - Setting next_dagrun for example_xcom to 2021-01-01 00:00:00+00:00, run_after=2021-01-01 00:00:00+00:00
[2024-11-03T05:38:45.320+0000] {processor.py:208} INFO - Processing /home/airflow/.local/lib/python3.12/site-packages/airflow/example_dags/example_xcom.py took 0.103 seconds
[2024-11-03T05:39:15.593+0000] {processor.py:186} INFO - Started process (PID=5938) to work on /home/airflow/.local/lib/python3.12/site-packages/airflow/example_dags/example_xcom.py
[2024-11-03T05:39:15.594+0000] {processor.py:914} INFO - Processing file /home/airflow/.local/lib/python3.12/site-packages/airflow/example_dags/example_xcom.py for tasks to queue
[2024-11-03T05:39:15.596+0000] {logging_mixin.py:190} INFO - [2024-11-03T05:39:15.596+0000] {dagbag.py:588} INFO - Filling up the DagBag from /home/airflow/.local/lib/python3.12/site-packages/airflow/example_dags/example_xcom.py
[2024-11-03T05:39:15.605+0000] {processor.py:925} INFO - DAG(s) 'example_xcom' retrieved from /home/airflow/.local/lib/python3.12/site-packages/airflow/example_dags/example_xcom.py
[2024-11-03T05:39:15.626+0000] {logging_mixin.py:190} INFO - [2024-11-03T05:39:15.625+0000] {dag.py:3239} INFO - Sync 1 DAGs
[2024-11-03T05:39:15.651+0000] {logging_mixin.py:190} INFO - [2024-11-03T05:39:15.651+0000] {dag.py:4180} INFO - Setting next_dagrun for example_xcom to 2021-01-01 00:00:00+00:00, run_after=2021-01-01 00:00:00+00:00
[2024-11-03T05:39:15.676+0000] {processor.py:208} INFO - Processing /home/airflow/.local/lib/python3.12/site-packages/airflow/example_dags/example_xcom.py took 0.090 seconds
[2024-11-03T05:39:46.152+0000] {processor.py:186} INFO - Started process (PID=6227) to work on /home/airflow/.local/lib/python3.12/site-packages/airflow/example_dags/example_xcom.py
[2024-11-03T05:39:46.153+0000] {processor.py:914} INFO - Processing file /home/airflow/.local/lib/python3.12/site-packages/airflow/example_dags/example_xcom.py for tasks to queue
[2024-11-03T05:39:46.157+0000] {logging_mixin.py:190} INFO - [2024-11-03T05:39:46.156+0000] {dagbag.py:588} INFO - Filling up the DagBag from /home/airflow/.local/lib/python3.12/site-packages/airflow/example_dags/example_xcom.py
[2024-11-03T05:39:46.168+0000] {processor.py:925} INFO - DAG(s) 'example_xcom' retrieved from /home/airflow/.local/lib/python3.12/site-packages/airflow/example_dags/example_xcom.py
[2024-11-03T05:39:46.195+0000] {logging_mixin.py:190} INFO - [2024-11-03T05:39:46.194+0000] {dag.py:3239} INFO - Sync 1 DAGs
[2024-11-03T05:39:46.222+0000] {logging_mixin.py:190} INFO - [2024-11-03T05:39:46.222+0000] {dag.py:4180} INFO - Setting next_dagrun for example_xcom to 2021-01-01 00:00:00+00:00, run_after=2021-01-01 00:00:00+00:00
[2024-11-03T05:39:46.250+0000] {processor.py:208} INFO - Processing /home/airflow/.local/lib/python3.12/site-packages/airflow/example_dags/example_xcom.py took 0.105 seconds
[2024-11-03T05:40:16.472+0000] {processor.py:186} INFO - Started process (PID=6518) to work on /home/airflow/.local/lib/python3.12/site-packages/airflow/example_dags/example_xcom.py
[2024-11-03T05:40:16.473+0000] {processor.py:914} INFO - Processing file /home/airflow/.local/lib/python3.12/site-packages/airflow/example_dags/example_xcom.py for tasks to queue
[2024-11-03T05:40:16.476+0000] {logging_mixin.py:190} INFO - [2024-11-03T05:40:16.476+0000] {dagbag.py:588} INFO - Filling up the DagBag from /home/airflow/.local/lib/python3.12/site-packages/airflow/example_dags/example_xcom.py
[2024-11-03T05:40:16.486+0000] {processor.py:925} INFO - DAG(s) 'example_xcom' retrieved from /home/airflow/.local/lib/python3.12/site-packages/airflow/example_dags/example_xcom.py
[2024-11-03T05:40:16.513+0000] {logging_mixin.py:190} INFO - [2024-11-03T05:40:16.512+0000] {dag.py:3239} INFO - Sync 1 DAGs
[2024-11-03T05:40:16.551+0000] {logging_mixin.py:190} INFO - [2024-11-03T05:40:16.550+0000] {dag.py:4180} INFO - Setting next_dagrun for example_xcom to 2021-01-01 00:00:00+00:00, run_after=2021-01-01 00:00:00+00:00
[2024-11-03T05:40:16.580+0000] {processor.py:208} INFO - Processing /home/airflow/.local/lib/python3.12/site-packages/airflow/example_dags/example_xcom.py took 0.114 seconds
[2024-11-03T05:40:47.133+0000] {processor.py:186} INFO - Started process (PID=6809) to work on /home/airflow/.local/lib/python3.12/site-packages/airflow/example_dags/example_xcom.py
[2024-11-03T05:40:47.134+0000] {processor.py:914} INFO - Processing file /home/airflow/.local/lib/python3.12/site-packages/airflow/example_dags/example_xcom.py for tasks to queue
[2024-11-03T05:40:47.136+0000] {logging_mixin.py:190} INFO - [2024-11-03T05:40:47.136+0000] {dagbag.py:588} INFO - Filling up the DagBag from /home/airflow/.local/lib/python3.12/site-packages/airflow/example_dags/example_xcom.py
[2024-11-03T05:40:47.148+0000] {processor.py:925} INFO - DAG(s) 'example_xcom' retrieved from /home/airflow/.local/lib/python3.12/site-packages/airflow/example_dags/example_xcom.py
[2024-11-03T05:40:47.172+0000] {logging_mixin.py:190} INFO - [2024-11-03T05:40:47.171+0000] {dag.py:3239} INFO - Sync 1 DAGs
[2024-11-03T05:40:47.203+0000] {logging_mixin.py:190} INFO - [2024-11-03T05:40:47.203+0000] {dag.py:4180} INFO - Setting next_dagrun for example_xcom to 2021-01-01 00:00:00+00:00, run_after=2021-01-01 00:00:00+00:00
[2024-11-03T05:40:47.232+0000] {processor.py:208} INFO - Processing /home/airflow/.local/lib/python3.12/site-packages/airflow/example_dags/example_xcom.py took 0.109 seconds
[2024-11-03T05:41:17.716+0000] {processor.py:186} INFO - Started process (PID=7100) to work on /home/airflow/.local/lib/python3.12/site-packages/airflow/example_dags/example_xcom.py
[2024-11-03T05:41:17.718+0000] {processor.py:914} INFO - Processing file /home/airflow/.local/lib/python3.12/site-packages/airflow/example_dags/example_xcom.py for tasks to queue
[2024-11-03T05:41:17.720+0000] {logging_mixin.py:190} INFO - [2024-11-03T05:41:17.720+0000] {dagbag.py:588} INFO - Filling up the DagBag from /home/airflow/.local/lib/python3.12/site-packages/airflow/example_dags/example_xcom.py
[2024-11-03T05:41:17.730+0000] {processor.py:925} INFO - DAG(s) 'example_xcom' retrieved from /home/airflow/.local/lib/python3.12/site-packages/airflow/example_dags/example_xcom.py
[2024-11-03T05:41:17.759+0000] {logging_mixin.py:190} INFO - [2024-11-03T05:41:17.759+0000] {dag.py:3239} INFO - Sync 1 DAGs
[2024-11-03T05:41:17.788+0000] {logging_mixin.py:190} INFO - [2024-11-03T05:41:17.787+0000] {dag.py:4180} INFO - Setting next_dagrun for example_xcom to 2021-01-01 00:00:00+00:00, run_after=2021-01-01 00:00:00+00:00
[2024-11-03T05:41:17.810+0000] {processor.py:208} INFO - Processing /home/airflow/.local/lib/python3.12/site-packages/airflow/example_dags/example_xcom.py took 0.100 seconds
[2024-11-03T05:41:48.220+0000] {processor.py:186} INFO - Started process (PID=7391) to work on /home/airflow/.local/lib/python3.12/site-packages/airflow/example_dags/example_xcom.py
[2024-11-03T05:41:48.221+0000] {processor.py:914} INFO - Processing file /home/airflow/.local/lib/python3.12/site-packages/airflow/example_dags/example_xcom.py for tasks to queue
[2024-11-03T05:41:48.223+0000] {logging_mixin.py:190} INFO - [2024-11-03T05:41:48.223+0000] {dagbag.py:588} INFO - Filling up the DagBag from /home/airflow/.local/lib/python3.12/site-packages/airflow/example_dags/example_xcom.py
[2024-11-03T05:41:48.233+0000] {processor.py:925} INFO - DAG(s) 'example_xcom' retrieved from /home/airflow/.local/lib/python3.12/site-packages/airflow/example_dags/example_xcom.py
[2024-11-03T05:41:48.255+0000] {logging_mixin.py:190} INFO - [2024-11-03T05:41:48.255+0000] {dag.py:3239} INFO - Sync 1 DAGs
[2024-11-03T05:41:48.279+0000] {logging_mixin.py:190} INFO - [2024-11-03T05:41:48.279+0000] {dag.py:4180} INFO - Setting next_dagrun for example_xcom to 2021-01-01 00:00:00+00:00, run_after=2021-01-01 00:00:00+00:00
[2024-11-03T05:41:48.301+0000] {processor.py:208} INFO - Processing /home/airflow/.local/lib/python3.12/site-packages/airflow/example_dags/example_xcom.py took 0.087 seconds
[2024-11-03T05:42:18.442+0000] {processor.py:186} INFO - Started process (PID=7682) to work on /home/airflow/.local/lib/python3.12/site-packages/airflow/example_dags/example_xcom.py
[2024-11-03T05:42:18.443+0000] {processor.py:914} INFO - Processing file /home/airflow/.local/lib/python3.12/site-packages/airflow/example_dags/example_xcom.py for tasks to queue
[2024-11-03T05:42:18.445+0000] {logging_mixin.py:190} INFO - [2024-11-03T05:42:18.445+0000] {dagbag.py:588} INFO - Filling up the DagBag from /home/airflow/.local/lib/python3.12/site-packages/airflow/example_dags/example_xcom.py
[2024-11-03T05:42:18.454+0000] {processor.py:925} INFO - DAG(s) 'example_xcom' retrieved from /home/airflow/.local/lib/python3.12/site-packages/airflow/example_dags/example_xcom.py
[2024-11-03T05:42:18.476+0000] {logging_mixin.py:190} INFO - [2024-11-03T05:42:18.475+0000] {dag.py:3239} INFO - Sync 1 DAGs
[2024-11-03T05:42:18.500+0000] {logging_mixin.py:190} INFO - [2024-11-03T05:42:18.500+0000] {dag.py:4180} INFO - Setting next_dagrun for example_xcom to 2021-01-01 00:00:00+00:00, run_after=2021-01-01 00:00:00+00:00
[2024-11-03T05:42:18.523+0000] {processor.py:208} INFO - Processing /home/airflow/.local/lib/python3.12/site-packages/airflow/example_dags/example_xcom.py took 0.087 seconds
[2024-11-03T05:42:49.271+0000] {processor.py:186} INFO - Started process (PID=7980) to work on /home/airflow/.local/lib/python3.12/site-packages/airflow/example_dags/example_xcom.py
[2024-11-03T05:42:49.272+0000] {processor.py:914} INFO - Processing file /home/airflow/.local/lib/python3.12/site-packages/airflow/example_dags/example_xcom.py for tasks to queue
[2024-11-03T05:42:49.274+0000] {logging_mixin.py:190} INFO - [2024-11-03T05:42:49.274+0000] {dagbag.py:588} INFO - Filling up the DagBag from /home/airflow/.local/lib/python3.12/site-packages/airflow/example_dags/example_xcom.py
[2024-11-03T05:42:49.283+0000] {processor.py:925} INFO - DAG(s) 'example_xcom' retrieved from /home/airflow/.local/lib/python3.12/site-packages/airflow/example_dags/example_xcom.py
[2024-11-03T05:42:49.305+0000] {logging_mixin.py:190} INFO - [2024-11-03T05:42:49.304+0000] {dag.py:3239} INFO - Sync 1 DAGs
[2024-11-03T05:42:49.329+0000] {logging_mixin.py:190} INFO - [2024-11-03T05:42:49.329+0000] {dag.py:4180} INFO - Setting next_dagrun for example_xcom to 2021-01-01 00:00:00+00:00, run_after=2021-01-01 00:00:00+00:00
[2024-11-03T05:42:49.352+0000] {processor.py:208} INFO - Processing /home/airflow/.local/lib/python3.12/site-packages/airflow/example_dags/example_xcom.py took 0.087 seconds
[2024-11-03T05:43:20.085+0000] {processor.py:186} INFO - Started process (PID=8271) to work on /home/airflow/.local/lib/python3.12/site-packages/airflow/example_dags/example_xcom.py
[2024-11-03T05:43:20.086+0000] {processor.py:914} INFO - Processing file /home/airflow/.local/lib/python3.12/site-packages/airflow/example_dags/example_xcom.py for tasks to queue
[2024-11-03T05:43:20.089+0000] {logging_mixin.py:190} INFO - [2024-11-03T05:43:20.089+0000] {dagbag.py:588} INFO - Filling up the DagBag from /home/airflow/.local/lib/python3.12/site-packages/airflow/example_dags/example_xcom.py
[2024-11-03T05:43:20.098+0000] {processor.py:925} INFO - DAG(s) 'example_xcom' retrieved from /home/airflow/.local/lib/python3.12/site-packages/airflow/example_dags/example_xcom.py
[2024-11-03T05:43:20.120+0000] {logging_mixin.py:190} INFO - [2024-11-03T05:43:20.120+0000] {dag.py:3239} INFO - Sync 1 DAGs
[2024-11-03T05:43:20.146+0000] {logging_mixin.py:190} INFO - [2024-11-03T05:43:20.146+0000] {dag.py:4180} INFO - Setting next_dagrun for example_xcom to 2021-01-01 00:00:00+00:00, run_after=2021-01-01 00:00:00+00:00
[2024-11-03T05:43:20.175+0000] {processor.py:208} INFO - Processing /home/airflow/.local/lib/python3.12/site-packages/airflow/example_dags/example_xcom.py took 0.095 seconds
[2024-11-03T05:43:50.450+0000] {processor.py:186} INFO - Started process (PID=8562) to work on /home/airflow/.local/lib/python3.12/site-packages/airflow/example_dags/example_xcom.py
[2024-11-03T05:43:50.451+0000] {processor.py:914} INFO - Processing file /home/airflow/.local/lib/python3.12/site-packages/airflow/example_dags/example_xcom.py for tasks to queue
[2024-11-03T05:43:50.454+0000] {logging_mixin.py:190} INFO - [2024-11-03T05:43:50.453+0000] {dagbag.py:588} INFO - Filling up the DagBag from /home/airflow/.local/lib/python3.12/site-packages/airflow/example_dags/example_xcom.py
[2024-11-03T05:43:50.462+0000] {processor.py:925} INFO - DAG(s) 'example_xcom' retrieved from /home/airflow/.local/lib/python3.12/site-packages/airflow/example_dags/example_xcom.py
[2024-11-03T05:43:50.485+0000] {logging_mixin.py:190} INFO - [2024-11-03T05:43:50.485+0000] {dag.py:3239} INFO - Sync 1 DAGs
[2024-11-03T05:43:50.509+0000] {logging_mixin.py:190} INFO - [2024-11-03T05:43:50.509+0000] {dag.py:4180} INFO - Setting next_dagrun for example_xcom to 2021-01-01 00:00:00+00:00, run_after=2021-01-01 00:00:00+00:00
[2024-11-03T05:43:50.530+0000] {processor.py:208} INFO - Processing /home/airflow/.local/lib/python3.12/site-packages/airflow/example_dags/example_xcom.py took 0.087 seconds
[2024-11-03T05:44:20.893+0000] {processor.py:186} INFO - Started process (PID=8853) to work on /home/airflow/.local/lib/python3.12/site-packages/airflow/example_dags/example_xcom.py
[2024-11-03T05:44:20.895+0000] {processor.py:914} INFO - Processing file /home/airflow/.local/lib/python3.12/site-packages/airflow/example_dags/example_xcom.py for tasks to queue
[2024-11-03T05:44:20.897+0000] {logging_mixin.py:190} INFO - [2024-11-03T05:44:20.897+0000] {dagbag.py:588} INFO - Filling up the DagBag from /home/airflow/.local/lib/python3.12/site-packages/airflow/example_dags/example_xcom.py
[2024-11-03T05:44:20.908+0000] {processor.py:925} INFO - DAG(s) 'example_xcom' retrieved from /home/airflow/.local/lib/python3.12/site-packages/airflow/example_dags/example_xcom.py
[2024-11-03T05:44:20.933+0000] {logging_mixin.py:190} INFO - [2024-11-03T05:44:20.933+0000] {dag.py:3239} INFO - Sync 1 DAGs
[2024-11-03T05:44:20.967+0000] {logging_mixin.py:190} INFO - [2024-11-03T05:44:20.967+0000] {dag.py:4180} INFO - Setting next_dagrun for example_xcom to 2021-01-01 00:00:00+00:00, run_after=2021-01-01 00:00:00+00:00
[2024-11-03T05:44:20.995+0000] {processor.py:208} INFO - Processing /home/airflow/.local/lib/python3.12/site-packages/airflow/example_dags/example_xcom.py took 0.109 seconds
[2024-11-03T05:44:51.268+0000] {processor.py:186} INFO - Started process (PID=9146) to work on /home/airflow/.local/lib/python3.12/site-packages/airflow/example_dags/example_xcom.py
[2024-11-03T05:44:51.269+0000] {processor.py:914} INFO - Processing file /home/airflow/.local/lib/python3.12/site-packages/airflow/example_dags/example_xcom.py for tasks to queue
[2024-11-03T05:44:51.272+0000] {logging_mixin.py:190} INFO - [2024-11-03T05:44:51.271+0000] {dagbag.py:588} INFO - Filling up the DagBag from /home/airflow/.local/lib/python3.12/site-packages/airflow/example_dags/example_xcom.py
[2024-11-03T05:44:51.281+0000] {processor.py:925} INFO - DAG(s) 'example_xcom' retrieved from /home/airflow/.local/lib/python3.12/site-packages/airflow/example_dags/example_xcom.py
[2024-11-03T05:44:51.303+0000] {logging_mixin.py:190} INFO - [2024-11-03T05:44:51.303+0000] {dag.py:3239} INFO - Sync 1 DAGs
[2024-11-03T05:44:51.326+0000] {logging_mixin.py:190} INFO - [2024-11-03T05:44:51.326+0000] {dag.py:4180} INFO - Setting next_dagrun for example_xcom to 2021-01-01 00:00:00+00:00, run_after=2021-01-01 00:00:00+00:00
[2024-11-03T05:44:51.347+0000] {processor.py:208} INFO - Processing /home/airflow/.local/lib/python3.12/site-packages/airflow/example_dags/example_xcom.py took 0.085 seconds
[2024-11-03T05:45:21.561+0000] {processor.py:186} INFO - Started process (PID=9435) to work on /home/airflow/.local/lib/python3.12/site-packages/airflow/example_dags/example_xcom.py
[2024-11-03T05:45:21.562+0000] {processor.py:914} INFO - Processing file /home/airflow/.local/lib/python3.12/site-packages/airflow/example_dags/example_xcom.py for tasks to queue
[2024-11-03T05:45:21.564+0000] {logging_mixin.py:190} INFO - [2024-11-03T05:45:21.564+0000] {dagbag.py:588} INFO - Filling up the DagBag from /home/airflow/.local/lib/python3.12/site-packages/airflow/example_dags/example_xcom.py
[2024-11-03T05:45:21.573+0000] {processor.py:925} INFO - DAG(s) 'example_xcom' retrieved from /home/airflow/.local/lib/python3.12/site-packages/airflow/example_dags/example_xcom.py
[2024-11-03T05:45:21.596+0000] {logging_mixin.py:190} INFO - [2024-11-03T05:45:21.596+0000] {dag.py:3239} INFO - Sync 1 DAGs
[2024-11-03T05:45:21.619+0000] {logging_mixin.py:190} INFO - [2024-11-03T05:45:21.619+0000] {dag.py:4180} INFO - Setting next_dagrun for example_xcom to 2021-01-01 00:00:00+00:00, run_after=2021-01-01 00:00:00+00:00
[2024-11-03T05:45:21.640+0000] {processor.py:208} INFO - Processing /home/airflow/.local/lib/python3.12/site-packages/airflow/example_dags/example_xcom.py took 0.086 seconds
[2024-11-03T05:45:52.185+0000] {processor.py:186} INFO - Started process (PID=9726) to work on /home/airflow/.local/lib/python3.12/site-packages/airflow/example_dags/example_xcom.py
[2024-11-03T05:45:52.186+0000] {processor.py:914} INFO - Processing file /home/airflow/.local/lib/python3.12/site-packages/airflow/example_dags/example_xcom.py for tasks to queue
[2024-11-03T05:45:52.189+0000] {logging_mixin.py:190} INFO - [2024-11-03T05:45:52.189+0000] {dagbag.py:588} INFO - Filling up the DagBag from /home/airflow/.local/lib/python3.12/site-packages/airflow/example_dags/example_xcom.py
[2024-11-03T05:45:52.200+0000] {processor.py:925} INFO - DAG(s) 'example_xcom' retrieved from /home/airflow/.local/lib/python3.12/site-packages/airflow/example_dags/example_xcom.py
[2024-11-03T05:45:52.225+0000] {logging_mixin.py:190} INFO - [2024-11-03T05:45:52.225+0000] {dag.py:3239} INFO - Sync 1 DAGs
[2024-11-03T05:45:52.258+0000] {logging_mixin.py:190} INFO - [2024-11-03T05:45:52.258+0000] {dag.py:4180} INFO - Setting next_dagrun for example_xcom to 2021-01-01 00:00:00+00:00, run_after=2021-01-01 00:00:00+00:00
[2024-11-03T05:45:52.287+0000] {processor.py:208} INFO - Processing /home/airflow/.local/lib/python3.12/site-packages/airflow/example_dags/example_xcom.py took 0.110 seconds
[2024-11-03T05:46:23.138+0000] {processor.py:186} INFO - Started process (PID=10017) to work on /home/airflow/.local/lib/python3.12/site-packages/airflow/example_dags/example_xcom.py
[2024-11-03T05:46:23.139+0000] {processor.py:914} INFO - Processing file /home/airflow/.local/lib/python3.12/site-packages/airflow/example_dags/example_xcom.py for tasks to queue
[2024-11-03T05:46:23.141+0000] {logging_mixin.py:190} INFO - [2024-11-03T05:46:23.141+0000] {dagbag.py:588} INFO - Filling up the DagBag from /home/airflow/.local/lib/python3.12/site-packages/airflow/example_dags/example_xcom.py
[2024-11-03T05:46:23.150+0000] {processor.py:925} INFO - DAG(s) 'example_xcom' retrieved from /home/airflow/.local/lib/python3.12/site-packages/airflow/example_dags/example_xcom.py
[2024-11-03T05:46:23.174+0000] {logging_mixin.py:190} INFO - [2024-11-03T05:46:23.174+0000] {dag.py:3239} INFO - Sync 1 DAGs
[2024-11-03T05:46:23.199+0000] {logging_mixin.py:190} INFO - [2024-11-03T05:46:23.199+0000] {dag.py:4180} INFO - Setting next_dagrun for example_xcom to 2021-01-01 00:00:00+00:00, run_after=2021-01-01 00:00:00+00:00
[2024-11-03T05:46:23.224+0000] {processor.py:208} INFO - Processing /home/airflow/.local/lib/python3.12/site-packages/airflow/example_dags/example_xcom.py took 0.093 seconds
[2024-11-03T05:46:53.410+0000] {processor.py:186} INFO - Started process (PID=10308) to work on /home/airflow/.local/lib/python3.12/site-packages/airflow/example_dags/example_xcom.py
[2024-11-03T05:46:53.411+0000] {processor.py:914} INFO - Processing file /home/airflow/.local/lib/python3.12/site-packages/airflow/example_dags/example_xcom.py for tasks to queue
[2024-11-03T05:46:53.414+0000] {logging_mixin.py:190} INFO - [2024-11-03T05:46:53.413+0000] {dagbag.py:588} INFO - Filling up the DagBag from /home/airflow/.local/lib/python3.12/site-packages/airflow/example_dags/example_xcom.py
[2024-11-03T05:46:53.425+0000] {processor.py:925} INFO - DAG(s) 'example_xcom' retrieved from /home/airflow/.local/lib/python3.12/site-packages/airflow/example_dags/example_xcom.py
[2024-11-03T05:46:53.454+0000] {logging_mixin.py:190} INFO - [2024-11-03T05:46:53.454+0000] {dag.py:3239} INFO - Sync 1 DAGs
[2024-11-03T05:46:53.484+0000] {logging_mixin.py:190} INFO - [2024-11-03T05:46:53.483+0000] {dag.py:4180} INFO - Setting next_dagrun for example_xcom to 2021-01-01 00:00:00+00:00, run_after=2021-01-01 00:00:00+00:00
[2024-11-03T05:46:53.513+0000] {processor.py:208} INFO - Processing /home/airflow/.local/lib/python3.12/site-packages/airflow/example_dags/example_xcom.py took 0.109 seconds
[2024-11-03T05:47:23.784+0000] {processor.py:186} INFO - Started process (PID=10599) to work on /home/airflow/.local/lib/python3.12/site-packages/airflow/example_dags/example_xcom.py
[2024-11-03T05:47:23.785+0000] {processor.py:914} INFO - Processing file /home/airflow/.local/lib/python3.12/site-packages/airflow/example_dags/example_xcom.py for tasks to queue
[2024-11-03T05:47:23.788+0000] {logging_mixin.py:190} INFO - [2024-11-03T05:47:23.788+0000] {dagbag.py:588} INFO - Filling up the DagBag from /home/airflow/.local/lib/python3.12/site-packages/airflow/example_dags/example_xcom.py
[2024-11-03T05:47:23.797+0000] {processor.py:925} INFO - DAG(s) 'example_xcom' retrieved from /home/airflow/.local/lib/python3.12/site-packages/airflow/example_dags/example_xcom.py
[2024-11-03T05:47:23.819+0000] {logging_mixin.py:190} INFO - [2024-11-03T05:47:23.818+0000] {dag.py:3239} INFO - Sync 1 DAGs
[2024-11-03T05:47:23.842+0000] {logging_mixin.py:190} INFO - [2024-11-03T05:47:23.842+0000] {dag.py:4180} INFO - Setting next_dagrun for example_xcom to 2021-01-01 00:00:00+00:00, run_after=2021-01-01 00:00:00+00:00
[2024-11-03T05:47:23.865+0000] {processor.py:208} INFO - Processing /home/airflow/.local/lib/python3.12/site-packages/airflow/example_dags/example_xcom.py took 0.087 seconds
[2024-11-03T05:47:54.049+0000] {processor.py:186} INFO - Started process (PID=10890) to work on /home/airflow/.local/lib/python3.12/site-packages/airflow/example_dags/example_xcom.py
[2024-11-03T05:47:54.050+0000] {processor.py:914} INFO - Processing file /home/airflow/.local/lib/python3.12/site-packages/airflow/example_dags/example_xcom.py for tasks to queue
[2024-11-03T05:47:54.052+0000] {logging_mixin.py:190} INFO - [2024-11-03T05:47:54.052+0000] {dagbag.py:588} INFO - Filling up the DagBag from /home/airflow/.local/lib/python3.12/site-packages/airflow/example_dags/example_xcom.py
[2024-11-03T05:47:54.062+0000] {processor.py:925} INFO - DAG(s) 'example_xcom' retrieved from /home/airflow/.local/lib/python3.12/site-packages/airflow/example_dags/example_xcom.py
[2024-11-03T05:47:54.088+0000] {logging_mixin.py:190} INFO - [2024-11-03T05:47:54.087+0000] {dag.py:3239} INFO - Sync 1 DAGs
[2024-11-03T05:47:54.112+0000] {logging_mixin.py:190} INFO - [2024-11-03T05:47:54.111+0000] {dag.py:4180} INFO - Setting next_dagrun for example_xcom to 2021-01-01 00:00:00+00:00, run_after=2021-01-01 00:00:00+00:00
[2024-11-03T05:47:54.141+0000] {processor.py:208} INFO - Processing /home/airflow/.local/lib/python3.12/site-packages/airflow/example_dags/example_xcom.py took 0.098 seconds
[2024-11-03T05:48:24.424+0000] {processor.py:186} INFO - Started process (PID=11182) to work on /home/airflow/.local/lib/python3.12/site-packages/airflow/example_dags/example_xcom.py
[2024-11-03T05:48:24.425+0000] {processor.py:914} INFO - Processing file /home/airflow/.local/lib/python3.12/site-packages/airflow/example_dags/example_xcom.py for tasks to queue
[2024-11-03T05:48:24.427+0000] {logging_mixin.py:190} INFO - [2024-11-03T05:48:24.427+0000] {dagbag.py:588} INFO - Filling up the DagBag from /home/airflow/.local/lib/python3.12/site-packages/airflow/example_dags/example_xcom.py
[2024-11-03T05:48:24.437+0000] {processor.py:925} INFO - DAG(s) 'example_xcom' retrieved from /home/airflow/.local/lib/python3.12/site-packages/airflow/example_dags/example_xcom.py
[2024-11-03T05:48:24.459+0000] {logging_mixin.py:190} INFO - [2024-11-03T05:48:24.459+0000] {dag.py:3239} INFO - Sync 1 DAGs
[2024-11-03T05:48:24.483+0000] {logging_mixin.py:190} INFO - [2024-11-03T05:48:24.482+0000] {dag.py:4180} INFO - Setting next_dagrun for example_xcom to 2021-01-01 00:00:00+00:00, run_after=2021-01-01 00:00:00+00:00
[2024-11-03T05:48:24.505+0000] {processor.py:208} INFO - Processing /home/airflow/.local/lib/python3.12/site-packages/airflow/example_dags/example_xcom.py took 0.087 seconds
[2024-11-03T05:48:54.773+0000] {processor.py:186} INFO - Started process (PID=11472) to work on /home/airflow/.local/lib/python3.12/site-packages/airflow/example_dags/example_xcom.py
[2024-11-03T05:48:54.774+0000] {processor.py:914} INFO - Processing file /home/airflow/.local/lib/python3.12/site-packages/airflow/example_dags/example_xcom.py for tasks to queue
[2024-11-03T05:48:54.777+0000] {logging_mixin.py:190} INFO - [2024-11-03T05:48:54.776+0000] {dagbag.py:588} INFO - Filling up the DagBag from /home/airflow/.local/lib/python3.12/site-packages/airflow/example_dags/example_xcom.py
[2024-11-03T05:48:54.787+0000] {processor.py:925} INFO - DAG(s) 'example_xcom' retrieved from /home/airflow/.local/lib/python3.12/site-packages/airflow/example_dags/example_xcom.py
[2024-11-03T05:48:54.814+0000] {logging_mixin.py:190} INFO - [2024-11-03T05:48:54.814+0000] {dag.py:3239} INFO - Sync 1 DAGs
[2024-11-03T05:48:54.840+0000] {logging_mixin.py:190} INFO - [2024-11-03T05:48:54.840+0000] {dag.py:4180} INFO - Setting next_dagrun for example_xcom to 2021-01-01 00:00:00+00:00, run_after=2021-01-01 00:00:00+00:00
[2024-11-03T05:48:54.862+0000] {processor.py:208} INFO - Processing /home/airflow/.local/lib/python3.12/site-packages/airflow/example_dags/example_xcom.py took 0.098 seconds
[2024-11-03T05:49:25.028+0000] {processor.py:186} INFO - Started process (PID=11760) to work on /home/airflow/.local/lib/python3.12/site-packages/airflow/example_dags/example_xcom.py
[2024-11-03T05:49:25.029+0000] {processor.py:914} INFO - Processing file /home/airflow/.local/lib/python3.12/site-packages/airflow/example_dags/example_xcom.py for tasks to queue
[2024-11-03T05:49:25.031+0000] {logging_mixin.py:190} INFO - [2024-11-03T05:49:25.031+0000] {dagbag.py:588} INFO - Filling up the DagBag from /home/airflow/.local/lib/python3.12/site-packages/airflow/example_dags/example_xcom.py
[2024-11-03T05:49:25.042+0000] {processor.py:925} INFO - DAG(s) 'example_xcom' retrieved from /home/airflow/.local/lib/python3.12/site-packages/airflow/example_dags/example_xcom.py
[2024-11-03T05:49:25.064+0000] {logging_mixin.py:190} INFO - [2024-11-03T05:49:25.064+0000] {dag.py:3239} INFO - Sync 1 DAGs
[2024-11-03T05:49:25.088+0000] {logging_mixin.py:190} INFO - [2024-11-03T05:49:25.087+0000] {dag.py:4180} INFO - Setting next_dagrun for example_xcom to 2021-01-01 00:00:00+00:00, run_after=2021-01-01 00:00:00+00:00
[2024-11-03T05:49:25.109+0000] {processor.py:208} INFO - Processing /home/airflow/.local/lib/python3.12/site-packages/airflow/example_dags/example_xcom.py took 0.088 seconds
[2024-11-03T05:49:55.302+0000] {processor.py:186} INFO - Started process (PID=12049) to work on /home/airflow/.local/lib/python3.12/site-packages/airflow/example_dags/example_xcom.py
[2024-11-03T05:49:55.303+0000] {processor.py:914} INFO - Processing file /home/airflow/.local/lib/python3.12/site-packages/airflow/example_dags/example_xcom.py for tasks to queue
[2024-11-03T05:49:55.305+0000] {logging_mixin.py:190} INFO - [2024-11-03T05:49:55.305+0000] {dagbag.py:588} INFO - Filling up the DagBag from /home/airflow/.local/lib/python3.12/site-packages/airflow/example_dags/example_xcom.py
[2024-11-03T05:49:55.314+0000] {processor.py:925} INFO - DAG(s) 'example_xcom' retrieved from /home/airflow/.local/lib/python3.12/site-packages/airflow/example_dags/example_xcom.py
[2024-11-03T05:49:55.335+0000] {logging_mixin.py:190} INFO - [2024-11-03T05:49:55.335+0000] {dag.py:3239} INFO - Sync 1 DAGs
[2024-11-03T05:49:55.362+0000] {logging_mixin.py:190} INFO - [2024-11-03T05:49:55.362+0000] {dag.py:4180} INFO - Setting next_dagrun for example_xcom to 2021-01-01 00:00:00+00:00, run_after=2021-01-01 00:00:00+00:00
[2024-11-03T05:49:55.385+0000] {processor.py:208} INFO - Processing /home/airflow/.local/lib/python3.12/site-packages/airflow/example_dags/example_xcom.py took 0.090 seconds
[2024-11-03T05:50:25.977+0000] {processor.py:186} INFO - Started process (PID=12340) to work on /home/airflow/.local/lib/python3.12/site-packages/airflow/example_dags/example_xcom.py
[2024-11-03T05:50:25.978+0000] {processor.py:914} INFO - Processing file /home/airflow/.local/lib/python3.12/site-packages/airflow/example_dags/example_xcom.py for tasks to queue
[2024-11-03T05:50:25.981+0000] {logging_mixin.py:190} INFO - [2024-11-03T05:50:25.981+0000] {dagbag.py:588} INFO - Filling up the DagBag from /home/airflow/.local/lib/python3.12/site-packages/airflow/example_dags/example_xcom.py
[2024-11-03T05:50:25.990+0000] {processor.py:925} INFO - DAG(s) 'example_xcom' retrieved from /home/airflow/.local/lib/python3.12/site-packages/airflow/example_dags/example_xcom.py
[2024-11-03T05:50:26.012+0000] {logging_mixin.py:190} INFO - [2024-11-03T05:50:26.012+0000] {dag.py:3239} INFO - Sync 1 DAGs
[2024-11-03T05:50:26.037+0000] {logging_mixin.py:190} INFO - [2024-11-03T05:50:26.037+0000] {dag.py:4180} INFO - Setting next_dagrun for example_xcom to 2021-01-01 00:00:00+00:00, run_after=2021-01-01 00:00:00+00:00
[2024-11-03T05:50:26.060+0000] {processor.py:208} INFO - Processing /home/airflow/.local/lib/python3.12/site-packages/airflow/example_dags/example_xcom.py took 0.088 seconds
[2024-11-03T05:50:56.248+0000] {processor.py:186} INFO - Started process (PID=12631) to work on /home/airflow/.local/lib/python3.12/site-packages/airflow/example_dags/example_xcom.py
[2024-11-03T05:50:56.249+0000] {processor.py:914} INFO - Processing file /home/airflow/.local/lib/python3.12/site-packages/airflow/example_dags/example_xcom.py for tasks to queue
[2024-11-03T05:50:56.252+0000] {logging_mixin.py:190} INFO - [2024-11-03T05:50:56.252+0000] {dagbag.py:588} INFO - Filling up the DagBag from /home/airflow/.local/lib/python3.12/site-packages/airflow/example_dags/example_xcom.py
[2024-11-03T05:50:56.262+0000] {processor.py:925} INFO - DAG(s) 'example_xcom' retrieved from /home/airflow/.local/lib/python3.12/site-packages/airflow/example_dags/example_xcom.py
[2024-11-03T05:50:56.284+0000] {logging_mixin.py:190} INFO - [2024-11-03T05:50:56.283+0000] {dag.py:3239} INFO - Sync 1 DAGs
[2024-11-03T05:50:56.308+0000] {logging_mixin.py:190} INFO - [2024-11-03T05:50:56.308+0000] {dag.py:4180} INFO - Setting next_dagrun for example_xcom to 2021-01-01 00:00:00+00:00, run_after=2021-01-01 00:00:00+00:00
[2024-11-03T05:50:56.330+0000] {processor.py:208} INFO - Processing /home/airflow/.local/lib/python3.12/site-packages/airflow/example_dags/example_xcom.py took 0.088 seconds
[2024-11-03T05:52:54.782+0000] {processor.py:186} INFO - Started process (PID=392) to work on /home/airflow/.local/lib/python3.12/site-packages/airflow/example_dags/example_xcom.py
[2024-11-03T05:52:54.783+0000] {processor.py:914} INFO - Processing file /home/airflow/.local/lib/python3.12/site-packages/airflow/example_dags/example_xcom.py for tasks to queue
[2024-11-03T05:52:54.787+0000] {logging_mixin.py:190} INFO - [2024-11-03T05:52:54.787+0000] {dagbag.py:588} INFO - Filling up the DagBag from /home/airflow/.local/lib/python3.12/site-packages/airflow/example_dags/example_xcom.py
[2024-11-03T05:52:54.803+0000] {processor.py:925} INFO - DAG(s) 'example_xcom' retrieved from /home/airflow/.local/lib/python3.12/site-packages/airflow/example_dags/example_xcom.py
[2024-11-03T05:52:54.835+0000] {logging_mixin.py:190} INFO - [2024-11-03T05:52:54.835+0000] {dag.py:3239} INFO - Sync 1 DAGs
[2024-11-03T05:52:54.878+0000] {logging_mixin.py:190} INFO - [2024-11-03T05:52:54.878+0000] {dag.py:4180} INFO - Setting next_dagrun for example_xcom to 2021-01-01 00:00:00+00:00, run_after=2021-01-01 00:00:00+00:00
[2024-11-03T05:52:54.910+0000] {processor.py:208} INFO - Processing /home/airflow/.local/lib/python3.12/site-packages/airflow/example_dags/example_xcom.py took 0.136 seconds
[2024-11-03T05:53:25.519+0000] {processor.py:186} INFO - Started process (PID=680) to work on /home/airflow/.local/lib/python3.12/site-packages/airflow/example_dags/example_xcom.py
[2024-11-03T05:53:25.520+0000] {processor.py:914} INFO - Processing file /home/airflow/.local/lib/python3.12/site-packages/airflow/example_dags/example_xcom.py for tasks to queue
[2024-11-03T05:53:25.524+0000] {logging_mixin.py:190} INFO - [2024-11-03T05:53:25.523+0000] {dagbag.py:588} INFO - Filling up the DagBag from /home/airflow/.local/lib/python3.12/site-packages/airflow/example_dags/example_xcom.py
[2024-11-03T05:53:25.534+0000] {processor.py:925} INFO - DAG(s) 'example_xcom' retrieved from /home/airflow/.local/lib/python3.12/site-packages/airflow/example_dags/example_xcom.py
[2024-11-03T05:53:25.557+0000] {logging_mixin.py:190} INFO - [2024-11-03T05:53:25.556+0000] {dag.py:3239} INFO - Sync 1 DAGs
[2024-11-03T05:53:25.585+0000] {logging_mixin.py:190} INFO - [2024-11-03T05:53:25.585+0000] {dag.py:4180} INFO - Setting next_dagrun for example_xcom to 2021-01-01 00:00:00+00:00, run_after=2021-01-01 00:00:00+00:00
[2024-11-03T05:53:25.611+0000] {processor.py:208} INFO - Processing /home/airflow/.local/lib/python3.12/site-packages/airflow/example_dags/example_xcom.py took 0.099 seconds
[2024-11-03T05:53:56.135+0000] {processor.py:186} INFO - Started process (PID=974) to work on /home/airflow/.local/lib/python3.12/site-packages/airflow/example_dags/example_xcom.py
[2024-11-03T05:53:56.137+0000] {processor.py:914} INFO - Processing file /home/airflow/.local/lib/python3.12/site-packages/airflow/example_dags/example_xcom.py for tasks to queue
[2024-11-03T05:53:56.139+0000] {logging_mixin.py:190} INFO - [2024-11-03T05:53:56.138+0000] {dagbag.py:588} INFO - Filling up the DagBag from /home/airflow/.local/lib/python3.12/site-packages/airflow/example_dags/example_xcom.py
[2024-11-03T05:53:56.147+0000] {processor.py:925} INFO - DAG(s) 'example_xcom' retrieved from /home/airflow/.local/lib/python3.12/site-packages/airflow/example_dags/example_xcom.py
[2024-11-03T05:53:56.169+0000] {logging_mixin.py:190} INFO - [2024-11-03T05:53:56.169+0000] {dag.py:3239} INFO - Sync 1 DAGs
[2024-11-03T05:53:56.192+0000] {logging_mixin.py:190} INFO - [2024-11-03T05:53:56.192+0000] {dag.py:4180} INFO - Setting next_dagrun for example_xcom to 2021-01-01 00:00:00+00:00, run_after=2021-01-01 00:00:00+00:00
[2024-11-03T05:53:56.212+0000] {processor.py:208} INFO - Processing /home/airflow/.local/lib/python3.12/site-packages/airflow/example_dags/example_xcom.py took 0.082 seconds
[2024-11-03T05:54:26.529+0000] {processor.py:186} INFO - Started process (PID=1265) to work on /home/airflow/.local/lib/python3.12/site-packages/airflow/example_dags/example_xcom.py
[2024-11-03T05:54:26.530+0000] {processor.py:914} INFO - Processing file /home/airflow/.local/lib/python3.12/site-packages/airflow/example_dags/example_xcom.py for tasks to queue
[2024-11-03T05:54:26.533+0000] {logging_mixin.py:190} INFO - [2024-11-03T05:54:26.532+0000] {dagbag.py:588} INFO - Filling up the DagBag from /home/airflow/.local/lib/python3.12/site-packages/airflow/example_dags/example_xcom.py
[2024-11-03T05:54:26.541+0000] {processor.py:925} INFO - DAG(s) 'example_xcom' retrieved from /home/airflow/.local/lib/python3.12/site-packages/airflow/example_dags/example_xcom.py
[2024-11-03T05:54:26.568+0000] {logging_mixin.py:190} INFO - [2024-11-03T05:54:26.568+0000] {dag.py:3239} INFO - Sync 1 DAGs
[2024-11-03T05:54:26.591+0000] {logging_mixin.py:190} INFO - [2024-11-03T05:54:26.591+0000] {dag.py:4180} INFO - Setting next_dagrun for example_xcom to 2021-01-01 00:00:00+00:00, run_after=2021-01-01 00:00:00+00:00
[2024-11-03T05:54:26.613+0000] {processor.py:208} INFO - Processing /home/airflow/.local/lib/python3.12/site-packages/airflow/example_dags/example_xcom.py took 0.090 seconds
[2024-11-03T05:54:57.434+0000] {processor.py:186} INFO - Started process (PID=1556) to work on /home/airflow/.local/lib/python3.12/site-packages/airflow/example_dags/example_xcom.py
[2024-11-03T05:54:57.435+0000] {processor.py:914} INFO - Processing file /home/airflow/.local/lib/python3.12/site-packages/airflow/example_dags/example_xcom.py for tasks to queue
[2024-11-03T05:54:57.437+0000] {logging_mixin.py:190} INFO - [2024-11-03T05:54:57.437+0000] {dagbag.py:588} INFO - Filling up the DagBag from /home/airflow/.local/lib/python3.12/site-packages/airflow/example_dags/example_xcom.py
[2024-11-03T05:54:57.447+0000] {processor.py:925} INFO - DAG(s) 'example_xcom' retrieved from /home/airflow/.local/lib/python3.12/site-packages/airflow/example_dags/example_xcom.py
[2024-11-03T05:54:57.470+0000] {logging_mixin.py:190} INFO - [2024-11-03T05:54:57.470+0000] {dag.py:3239} INFO - Sync 1 DAGs
[2024-11-03T05:54:57.495+0000] {logging_mixin.py:190} INFO - [2024-11-03T05:54:57.494+0000] {dag.py:4180} INFO - Setting next_dagrun for example_xcom to 2021-01-01 00:00:00+00:00, run_after=2021-01-01 00:00:00+00:00
[2024-11-03T05:54:57.517+0000] {processor.py:208} INFO - Processing /home/airflow/.local/lib/python3.12/site-packages/airflow/example_dags/example_xcom.py took 0.090 seconds
[2024-11-03T05:57:19.379+0000] {processor.py:186} INFO - Started process (PID=392) to work on /home/airflow/.local/lib/python3.12/site-packages/airflow/example_dags/example_xcom.py
[2024-11-03T05:57:19.380+0000] {processor.py:914} INFO - Processing file /home/airflow/.local/lib/python3.12/site-packages/airflow/example_dags/example_xcom.py for tasks to queue
[2024-11-03T05:57:19.383+0000] {logging_mixin.py:190} INFO - [2024-11-03T05:57:19.383+0000] {dagbag.py:588} INFO - Filling up the DagBag from /home/airflow/.local/lib/python3.12/site-packages/airflow/example_dags/example_xcom.py
[2024-11-03T05:57:19.398+0000] {processor.py:925} INFO - DAG(s) 'example_xcom' retrieved from /home/airflow/.local/lib/python3.12/site-packages/airflow/example_dags/example_xcom.py
[2024-11-03T05:57:19.435+0000] {logging_mixin.py:190} INFO - [2024-11-03T05:57:19.434+0000] {dag.py:3239} INFO - Sync 1 DAGs
[2024-11-03T05:57:19.470+0000] {logging_mixin.py:190} INFO - [2024-11-03T05:57:19.470+0000] {dag.py:4180} INFO - Setting next_dagrun for example_xcom to 2021-01-01 00:00:00+00:00, run_after=2021-01-01 00:00:00+00:00
[2024-11-03T05:57:19.498+0000] {processor.py:208} INFO - Processing /home/airflow/.local/lib/python3.12/site-packages/airflow/example_dags/example_xcom.py took 0.128 seconds
[2024-11-03T05:57:49.853+0000] {processor.py:186} INFO - Started process (PID=678) to work on /home/airflow/.local/lib/python3.12/site-packages/airflow/example_dags/example_xcom.py
[2024-11-03T05:57:49.854+0000] {processor.py:914} INFO - Processing file /home/airflow/.local/lib/python3.12/site-packages/airflow/example_dags/example_xcom.py for tasks to queue
[2024-11-03T05:57:49.857+0000] {logging_mixin.py:190} INFO - [2024-11-03T05:57:49.857+0000] {dagbag.py:588} INFO - Filling up the DagBag from /home/airflow/.local/lib/python3.12/site-packages/airflow/example_dags/example_xcom.py
[2024-11-03T05:57:49.866+0000] {processor.py:925} INFO - DAG(s) 'example_xcom' retrieved from /home/airflow/.local/lib/python3.12/site-packages/airflow/example_dags/example_xcom.py
[2024-11-03T05:57:49.888+0000] {logging_mixin.py:190} INFO - [2024-11-03T05:57:49.887+0000] {dag.py:3239} INFO - Sync 1 DAGs
[2024-11-03T05:57:49.913+0000] {logging_mixin.py:190} INFO - [2024-11-03T05:57:49.913+0000] {dag.py:4180} INFO - Setting next_dagrun for example_xcom to 2021-01-01 00:00:00+00:00, run_after=2021-01-01 00:00:00+00:00
[2024-11-03T05:57:49.939+0000] {processor.py:208} INFO - Processing /home/airflow/.local/lib/python3.12/site-packages/airflow/example_dags/example_xcom.py took 0.092 seconds
[2024-11-03T05:58:20.134+0000] {processor.py:186} INFO - Started process (PID=966) to work on /home/airflow/.local/lib/python3.12/site-packages/airflow/example_dags/example_xcom.py
[2024-11-03T05:58:20.135+0000] {processor.py:914} INFO - Processing file /home/airflow/.local/lib/python3.12/site-packages/airflow/example_dags/example_xcom.py for tasks to queue
[2024-11-03T05:58:20.137+0000] {logging_mixin.py:190} INFO - [2024-11-03T05:58:20.137+0000] {dagbag.py:588} INFO - Filling up the DagBag from /home/airflow/.local/lib/python3.12/site-packages/airflow/example_dags/example_xcom.py
[2024-11-03T05:58:20.146+0000] {processor.py:925} INFO - DAG(s) 'example_xcom' retrieved from /home/airflow/.local/lib/python3.12/site-packages/airflow/example_dags/example_xcom.py
[2024-11-03T05:58:20.170+0000] {logging_mixin.py:190} INFO - [2024-11-03T05:58:20.169+0000] {dag.py:3239} INFO - Sync 1 DAGs
[2024-11-03T05:58:20.193+0000] {logging_mixin.py:190} INFO - [2024-11-03T05:58:20.193+0000] {dag.py:4180} INFO - Setting next_dagrun for example_xcom to 2021-01-01 00:00:00+00:00, run_after=2021-01-01 00:00:00+00:00
[2024-11-03T05:58:20.214+0000] {processor.py:208} INFO - Processing /home/airflow/.local/lib/python3.12/site-packages/airflow/example_dags/example_xcom.py took 0.086 seconds
[2024-11-03T05:58:50.472+0000] {processor.py:186} INFO - Started process (PID=1255) to work on /home/airflow/.local/lib/python3.12/site-packages/airflow/example_dags/example_xcom.py
[2024-11-03T05:58:50.473+0000] {processor.py:914} INFO - Processing file /home/airflow/.local/lib/python3.12/site-packages/airflow/example_dags/example_xcom.py for tasks to queue
[2024-11-03T05:58:50.476+0000] {logging_mixin.py:190} INFO - [2024-11-03T05:58:50.475+0000] {dagbag.py:588} INFO - Filling up the DagBag from /home/airflow/.local/lib/python3.12/site-packages/airflow/example_dags/example_xcom.py
[2024-11-03T05:58:50.484+0000] {processor.py:925} INFO - DAG(s) 'example_xcom' retrieved from /home/airflow/.local/lib/python3.12/site-packages/airflow/example_dags/example_xcom.py
[2024-11-03T05:58:50.505+0000] {logging_mixin.py:190} INFO - [2024-11-03T05:58:50.505+0000] {dag.py:3239} INFO - Sync 1 DAGs
[2024-11-03T05:58:50.528+0000] {logging_mixin.py:190} INFO - [2024-11-03T05:58:50.527+0000] {dag.py:4180} INFO - Setting next_dagrun for example_xcom to 2021-01-01 00:00:00+00:00, run_after=2021-01-01 00:00:00+00:00
[2024-11-03T05:58:50.547+0000] {processor.py:208} INFO - Processing /home/airflow/.local/lib/python3.12/site-packages/airflow/example_dags/example_xcom.py took 0.082 seconds
[2024-11-03T05:59:21.553+0000] {processor.py:186} INFO - Started process (PID=1553) to work on /home/airflow/.local/lib/python3.12/site-packages/airflow/example_dags/example_xcom.py
[2024-11-03T05:59:21.554+0000] {processor.py:914} INFO - Processing file /home/airflow/.local/lib/python3.12/site-packages/airflow/example_dags/example_xcom.py for tasks to queue
[2024-11-03T05:59:21.556+0000] {logging_mixin.py:190} INFO - [2024-11-03T05:59:21.556+0000] {dagbag.py:588} INFO - Filling up the DagBag from /home/airflow/.local/lib/python3.12/site-packages/airflow/example_dags/example_xcom.py
[2024-11-03T05:59:21.565+0000] {processor.py:925} INFO - DAG(s) 'example_xcom' retrieved from /home/airflow/.local/lib/python3.12/site-packages/airflow/example_dags/example_xcom.py
[2024-11-03T05:59:21.587+0000] {logging_mixin.py:190} INFO - [2024-11-03T05:59:21.587+0000] {dag.py:3239} INFO - Sync 1 DAGs
[2024-11-03T05:59:21.610+0000] {logging_mixin.py:190} INFO - [2024-11-03T05:59:21.610+0000] {dag.py:4180} INFO - Setting next_dagrun for example_xcom to 2021-01-01 00:00:00+00:00, run_after=2021-01-01 00:00:00+00:00
[2024-11-03T05:59:21.631+0000] {processor.py:208} INFO - Processing /home/airflow/.local/lib/python3.12/site-packages/airflow/example_dags/example_xcom.py took 0.084 seconds
[2024-11-03T05:59:51.892+0000] {processor.py:186} INFO - Started process (PID=1844) to work on /home/airflow/.local/lib/python3.12/site-packages/airflow/example_dags/example_xcom.py
[2024-11-03T05:59:51.893+0000] {processor.py:914} INFO - Processing file /home/airflow/.local/lib/python3.12/site-packages/airflow/example_dags/example_xcom.py for tasks to queue
[2024-11-03T05:59:51.895+0000] {logging_mixin.py:190} INFO - [2024-11-03T05:59:51.895+0000] {dagbag.py:588} INFO - Filling up the DagBag from /home/airflow/.local/lib/python3.12/site-packages/airflow/example_dags/example_xcom.py
[2024-11-03T05:59:51.904+0000] {processor.py:925} INFO - DAG(s) 'example_xcom' retrieved from /home/airflow/.local/lib/python3.12/site-packages/airflow/example_dags/example_xcom.py
[2024-11-03T05:59:51.926+0000] {logging_mixin.py:190} INFO - [2024-11-03T05:59:51.926+0000] {dag.py:3239} INFO - Sync 1 DAGs
[2024-11-03T05:59:51.951+0000] {logging_mixin.py:190} INFO - [2024-11-03T05:59:51.951+0000] {dag.py:4180} INFO - Setting next_dagrun for example_xcom to 2021-01-01 00:00:00+00:00, run_after=2021-01-01 00:00:00+00:00
[2024-11-03T05:59:51.976+0000] {processor.py:208} INFO - Processing /home/airflow/.local/lib/python3.12/site-packages/airflow/example_dags/example_xcom.py took 0.090 seconds
[2024-11-03T06:00:22.875+0000] {processor.py:186} INFO - Started process (PID=2133) to work on /home/airflow/.local/lib/python3.12/site-packages/airflow/example_dags/example_xcom.py
[2024-11-03T06:00:22.876+0000] {processor.py:914} INFO - Processing file /home/airflow/.local/lib/python3.12/site-packages/airflow/example_dags/example_xcom.py for tasks to queue
[2024-11-03T06:00:22.879+0000] {logging_mixin.py:190} INFO - [2024-11-03T06:00:22.878+0000] {dagbag.py:588} INFO - Filling up the DagBag from /home/airflow/.local/lib/python3.12/site-packages/airflow/example_dags/example_xcom.py
[2024-11-03T06:00:22.887+0000] {processor.py:925} INFO - DAG(s) 'example_xcom' retrieved from /home/airflow/.local/lib/python3.12/site-packages/airflow/example_dags/example_xcom.py
[2024-11-03T06:00:22.907+0000] {logging_mixin.py:190} INFO - [2024-11-03T06:00:22.907+0000] {dag.py:3239} INFO - Sync 1 DAGs
[2024-11-03T06:00:22.931+0000] {logging_mixin.py:190} INFO - [2024-11-03T06:00:22.931+0000] {dag.py:4180} INFO - Setting next_dagrun for example_xcom to 2021-01-01 00:00:00+00:00, run_after=2021-01-01 00:00:00+00:00
[2024-11-03T06:00:22.951+0000] {processor.py:208} INFO - Processing /home/airflow/.local/lib/python3.12/site-packages/airflow/example_dags/example_xcom.py took 0.083 seconds
[2024-11-03T06:07:00.919+0000] {processor.py:186} INFO - Started process (PID=410) to work on /home/airflow/.local/lib/python3.12/site-packages/airflow/example_dags/example_xcom.py
[2024-11-03T06:07:00.921+0000] {processor.py:914} INFO - Processing file /home/airflow/.local/lib/python3.12/site-packages/airflow/example_dags/example_xcom.py for tasks to queue
[2024-11-03T06:07:00.925+0000] {logging_mixin.py:190} INFO - [2024-11-03T06:07:00.924+0000] {dagbag.py:588} INFO - Filling up the DagBag from /home/airflow/.local/lib/python3.12/site-packages/airflow/example_dags/example_xcom.py
[2024-11-03T06:07:00.960+0000] {processor.py:925} INFO - DAG(s) 'example_xcom' retrieved from /home/airflow/.local/lib/python3.12/site-packages/airflow/example_dags/example_xcom.py
[2024-11-03T06:07:01.150+0000] {logging_mixin.py:190} INFO - [2024-11-03T06:07:01.149+0000] {override.py:1900} INFO - Created Permission View: can edit on DAG:example_xcom
[2024-11-03T06:07:01.170+0000] {logging_mixin.py:190} INFO - [2024-11-03T06:07:01.170+0000] {override.py:1900} INFO - Created Permission View: can read on DAG:example_xcom
[2024-11-03T06:07:01.188+0000] {logging_mixin.py:190} INFO - [2024-11-03T06:07:01.187+0000] {override.py:1900} INFO - Created Permission View: can delete on DAG:example_xcom
[2024-11-03T06:07:01.198+0000] {logging_mixin.py:190} INFO - [2024-11-03T06:07:01.198+0000] {override.py:1900} INFO - Created Permission View: can create on DAG Run:example_xcom
[2024-11-03T06:07:01.207+0000] {logging_mixin.py:190} INFO - [2024-11-03T06:07:01.207+0000] {override.py:1900} INFO - Created Permission View: menu access on DAG Run:example_xcom
[2024-11-03T06:07:01.224+0000] {logging_mixin.py:190} INFO - [2024-11-03T06:07:01.224+0000] {override.py:1900} INFO - Created Permission View: can read on DAG Run:example_xcom
[2024-11-03T06:07:01.233+0000] {logging_mixin.py:190} INFO - [2024-11-03T06:07:01.233+0000] {override.py:1900} INFO - Created Permission View: can delete on DAG Run:example_xcom
[2024-11-03T06:07:01.234+0000] {logging_mixin.py:190} INFO - [2024-11-03T06:07:01.234+0000] {dag.py:3239} INFO - Sync 1 DAGs
[2024-11-03T06:07:01.250+0000] {logging_mixin.py:190} INFO - [2024-11-03T06:07:01.250+0000] {dag.py:3262} INFO - Creating ORM DAG for example_xcom
[2024-11-03T06:07:01.261+0000] {logging_mixin.py:190} INFO - [2024-11-03T06:07:01.261+0000] {dag.py:4180} INFO - Setting next_dagrun for example_xcom to 2021-01-01 00:00:00+00:00, run_after=2021-01-01 00:00:00+00:00
[2024-11-03T06:07:01.283+0000] {processor.py:208} INFO - Processing /home/airflow/.local/lib/python3.12/site-packages/airflow/example_dags/example_xcom.py took 0.373 seconds
[2024-11-03T06:07:31.405+0000] {processor.py:186} INFO - Started process (PID=696) to work on /home/airflow/.local/lib/python3.12/site-packages/airflow/example_dags/example_xcom.py
[2024-11-03T06:07:31.407+0000] {processor.py:914} INFO - Processing file /home/airflow/.local/lib/python3.12/site-packages/airflow/example_dags/example_xcom.py for tasks to queue
[2024-11-03T06:07:31.409+0000] {logging_mixin.py:190} INFO - [2024-11-03T06:07:31.409+0000] {dagbag.py:588} INFO - Filling up the DagBag from /home/airflow/.local/lib/python3.12/site-packages/airflow/example_dags/example_xcom.py
[2024-11-03T06:07:31.418+0000] {processor.py:925} INFO - DAG(s) 'example_xcom' retrieved from /home/airflow/.local/lib/python3.12/site-packages/airflow/example_dags/example_xcom.py
[2024-11-03T06:07:31.439+0000] {logging_mixin.py:190} INFO - [2024-11-03T06:07:31.439+0000] {dag.py:3239} INFO - Sync 1 DAGs
[2024-11-03T06:07:31.462+0000] {logging_mixin.py:190} INFO - [2024-11-03T06:07:31.462+0000] {dag.py:4180} INFO - Setting next_dagrun for example_xcom to 2021-01-01 00:00:00+00:00, run_after=2021-01-01 00:00:00+00:00
[2024-11-03T06:07:31.482+0000] {processor.py:208} INFO - Processing /home/airflow/.local/lib/python3.12/site-packages/airflow/example_dags/example_xcom.py took 0.084 seconds
[2024-11-03T06:10:52.013+0000] {processor.py:186} INFO - Started process (PID=405) to work on /home/airflow/.local/lib/python3.12/site-packages/airflow/example_dags/example_xcom.py
[2024-11-03T06:10:52.014+0000] {processor.py:914} INFO - Processing file /home/airflow/.local/lib/python3.12/site-packages/airflow/example_dags/example_xcom.py for tasks to queue
[2024-11-03T06:10:52.018+0000] {logging_mixin.py:190} INFO - [2024-11-03T06:10:52.017+0000] {dagbag.py:588} INFO - Filling up the DagBag from /home/airflow/.local/lib/python3.12/site-packages/airflow/example_dags/example_xcom.py
[2024-11-03T06:10:52.036+0000] {processor.py:925} INFO - DAG(s) 'example_xcom' retrieved from /home/airflow/.local/lib/python3.12/site-packages/airflow/example_dags/example_xcom.py
[2024-11-03T06:10:52.069+0000] {logging_mixin.py:190} INFO - [2024-11-03T06:10:52.068+0000] {dag.py:3239} INFO - Sync 1 DAGs
[2024-11-03T06:10:52.103+0000] {logging_mixin.py:190} INFO - [2024-11-03T06:10:52.102+0000] {dag.py:4180} INFO - Setting next_dagrun for example_xcom to 2021-01-01 00:00:00+00:00, run_after=2021-01-01 00:00:00+00:00
[2024-11-03T06:10:52.131+0000] {processor.py:208} INFO - Processing /home/airflow/.local/lib/python3.12/site-packages/airflow/example_dags/example_xcom.py took 0.126 seconds
[2024-11-03T06:11:22.895+0000] {processor.py:186} INFO - Started process (PID=696) to work on /home/airflow/.local/lib/python3.12/site-packages/airflow/example_dags/example_xcom.py
[2024-11-03T06:11:22.897+0000] {processor.py:914} INFO - Processing file /home/airflow/.local/lib/python3.12/site-packages/airflow/example_dags/example_xcom.py for tasks to queue
[2024-11-03T06:11:22.900+0000] {logging_mixin.py:190} INFO - [2024-11-03T06:11:22.899+0000] {dagbag.py:588} INFO - Filling up the DagBag from /home/airflow/.local/lib/python3.12/site-packages/airflow/example_dags/example_xcom.py
[2024-11-03T06:11:22.910+0000] {processor.py:925} INFO - DAG(s) 'example_xcom' retrieved from /home/airflow/.local/lib/python3.12/site-packages/airflow/example_dags/example_xcom.py
[2024-11-03T06:11:22.935+0000] {logging_mixin.py:190} INFO - [2024-11-03T06:11:22.934+0000] {dag.py:3239} INFO - Sync 1 DAGs
[2024-11-03T06:11:22.960+0000] {logging_mixin.py:190} INFO - [2024-11-03T06:11:22.960+0000] {dag.py:4180} INFO - Setting next_dagrun for example_xcom to 2021-01-01 00:00:00+00:00, run_after=2021-01-01 00:00:00+00:00
[2024-11-03T06:11:22.982+0000] {processor.py:208} INFO - Processing /home/airflow/.local/lib/python3.12/site-packages/airflow/example_dags/example_xcom.py took 0.094 seconds
[2024-11-03T06:11:53.561+0000] {processor.py:186} INFO - Started process (PID=987) to work on /home/airflow/.local/lib/python3.12/site-packages/airflow/example_dags/example_xcom.py
[2024-11-03T06:11:53.562+0000] {processor.py:914} INFO - Processing file /home/airflow/.local/lib/python3.12/site-packages/airflow/example_dags/example_xcom.py for tasks to queue
[2024-11-03T06:11:53.565+0000] {logging_mixin.py:190} INFO - [2024-11-03T06:11:53.564+0000] {dagbag.py:588} INFO - Filling up the DagBag from /home/airflow/.local/lib/python3.12/site-packages/airflow/example_dags/example_xcom.py
[2024-11-03T06:11:53.576+0000] {processor.py:925} INFO - DAG(s) 'example_xcom' retrieved from /home/airflow/.local/lib/python3.12/site-packages/airflow/example_dags/example_xcom.py
[2024-11-03T06:11:53.598+0000] {logging_mixin.py:190} INFO - [2024-11-03T06:11:53.598+0000] {dag.py:3239} INFO - Sync 1 DAGs
[2024-11-03T06:11:53.622+0000] {logging_mixin.py:190} INFO - [2024-11-03T06:11:53.622+0000] {dag.py:4180} INFO - Setting next_dagrun for example_xcom to 2021-01-01 00:00:00+00:00, run_after=2021-01-01 00:00:00+00:00
[2024-11-03T06:11:53.642+0000] {processor.py:208} INFO - Processing /home/airflow/.local/lib/python3.12/site-packages/airflow/example_dags/example_xcom.py took 0.087 seconds
[2024-11-03T06:12:24.496+0000] {processor.py:186} INFO - Started process (PID=1278) to work on /home/airflow/.local/lib/python3.12/site-packages/airflow/example_dags/example_xcom.py
[2024-11-03T06:12:24.497+0000] {processor.py:914} INFO - Processing file /home/airflow/.local/lib/python3.12/site-packages/airflow/example_dags/example_xcom.py for tasks to queue
[2024-11-03T06:12:24.500+0000] {logging_mixin.py:190} INFO - [2024-11-03T06:12:24.500+0000] {dagbag.py:588} INFO - Filling up the DagBag from /home/airflow/.local/lib/python3.12/site-packages/airflow/example_dags/example_xcom.py
[2024-11-03T06:12:24.511+0000] {processor.py:925} INFO - DAG(s) 'example_xcom' retrieved from /home/airflow/.local/lib/python3.12/site-packages/airflow/example_dags/example_xcom.py
[2024-11-03T06:12:24.534+0000] {logging_mixin.py:190} INFO - [2024-11-03T06:12:24.534+0000] {dag.py:3239} INFO - Sync 1 DAGs
[2024-11-03T06:12:24.560+0000] {logging_mixin.py:190} INFO - [2024-11-03T06:12:24.559+0000] {dag.py:4180} INFO - Setting next_dagrun for example_xcom to 2021-01-01 00:00:00+00:00, run_after=2021-01-01 00:00:00+00:00
[2024-11-03T06:12:24.582+0000] {processor.py:208} INFO - Processing /home/airflow/.local/lib/python3.12/site-packages/airflow/example_dags/example_xcom.py took 0.092 seconds
[2024-11-03T06:12:54.796+0000] {processor.py:186} INFO - Started process (PID=1564) to work on /home/airflow/.local/lib/python3.12/site-packages/airflow/example_dags/example_xcom.py
[2024-11-03T06:12:54.797+0000] {processor.py:914} INFO - Processing file /home/airflow/.local/lib/python3.12/site-packages/airflow/example_dags/example_xcom.py for tasks to queue
[2024-11-03T06:12:54.800+0000] {logging_mixin.py:190} INFO - [2024-11-03T06:12:54.799+0000] {dagbag.py:588} INFO - Filling up the DagBag from /home/airflow/.local/lib/python3.12/site-packages/airflow/example_dags/example_xcom.py
[2024-11-03T06:12:54.812+0000] {processor.py:925} INFO - DAG(s) 'example_xcom' retrieved from /home/airflow/.local/lib/python3.12/site-packages/airflow/example_dags/example_xcom.py
[2024-11-03T06:12:54.842+0000] {logging_mixin.py:190} INFO - [2024-11-03T06:12:54.841+0000] {dag.py:3239} INFO - Sync 1 DAGs
[2024-11-03T06:12:54.869+0000] {logging_mixin.py:190} INFO - [2024-11-03T06:12:54.869+0000] {dag.py:4180} INFO - Setting next_dagrun for example_xcom to 2021-01-01 00:00:00+00:00, run_after=2021-01-01 00:00:00+00:00
[2024-11-03T06:12:54.894+0000] {processor.py:208} INFO - Processing /home/airflow/.local/lib/python3.12/site-packages/airflow/example_dags/example_xcom.py took 0.105 seconds
[2024-11-03T06:13:25.219+0000] {processor.py:186} INFO - Started process (PID=1855) to work on /home/airflow/.local/lib/python3.12/site-packages/airflow/example_dags/example_xcom.py
[2024-11-03T06:13:25.220+0000] {processor.py:914} INFO - Processing file /home/airflow/.local/lib/python3.12/site-packages/airflow/example_dags/example_xcom.py for tasks to queue
[2024-11-03T06:13:25.223+0000] {logging_mixin.py:190} INFO - [2024-11-03T06:13:25.222+0000] {dagbag.py:588} INFO - Filling up the DagBag from /home/airflow/.local/lib/python3.12/site-packages/airflow/example_dags/example_xcom.py
[2024-11-03T06:13:25.231+0000] {processor.py:925} INFO - DAG(s) 'example_xcom' retrieved from /home/airflow/.local/lib/python3.12/site-packages/airflow/example_dags/example_xcom.py
[2024-11-03T06:13:25.254+0000] {logging_mixin.py:190} INFO - [2024-11-03T06:13:25.253+0000] {dag.py:3239} INFO - Sync 1 DAGs
[2024-11-03T06:13:25.279+0000] {logging_mixin.py:190} INFO - [2024-11-03T06:13:25.278+0000] {dag.py:4180} INFO - Setting next_dagrun for example_xcom to 2021-01-01 00:00:00+00:00, run_after=2021-01-01 00:00:00+00:00
[2024-11-03T06:13:25.302+0000] {processor.py:208} INFO - Processing /home/airflow/.local/lib/python3.12/site-packages/airflow/example_dags/example_xcom.py took 0.090 seconds
[2024-11-03T06:13:56.544+0000] {processor.py:186} INFO - Started process (PID=2151) to work on /home/airflow/.local/lib/python3.12/site-packages/airflow/example_dags/example_xcom.py
[2024-11-03T06:13:56.546+0000] {processor.py:914} INFO - Processing file /home/airflow/.local/lib/python3.12/site-packages/airflow/example_dags/example_xcom.py for tasks to queue
[2024-11-03T06:13:56.548+0000] {logging_mixin.py:190} INFO - [2024-11-03T06:13:56.548+0000] {dagbag.py:588} INFO - Filling up the DagBag from /home/airflow/.local/lib/python3.12/site-packages/airflow/example_dags/example_xcom.py
[2024-11-03T06:13:56.558+0000] {processor.py:925} INFO - DAG(s) 'example_xcom' retrieved from /home/airflow/.local/lib/python3.12/site-packages/airflow/example_dags/example_xcom.py
[2024-11-03T06:13:56.581+0000] {logging_mixin.py:190} INFO - [2024-11-03T06:13:56.581+0000] {dag.py:3239} INFO - Sync 1 DAGs
[2024-11-03T06:13:56.610+0000] {logging_mixin.py:190} INFO - [2024-11-03T06:13:56.610+0000] {dag.py:4180} INFO - Setting next_dagrun for example_xcom to 2021-01-01 00:00:00+00:00, run_after=2021-01-01 00:00:00+00:00
[2024-11-03T06:13:56.633+0000] {processor.py:208} INFO - Processing /home/airflow/.local/lib/python3.12/site-packages/airflow/example_dags/example_xcom.py took 0.095 seconds
[2024-11-03T06:14:26.738+0000] {processor.py:186} INFO - Started process (PID=2437) to work on /home/airflow/.local/lib/python3.12/site-packages/airflow/example_dags/example_xcom.py
[2024-11-03T06:14:26.739+0000] {processor.py:914} INFO - Processing file /home/airflow/.local/lib/python3.12/site-packages/airflow/example_dags/example_xcom.py for tasks to queue
[2024-11-03T06:14:26.741+0000] {logging_mixin.py:190} INFO - [2024-11-03T06:14:26.741+0000] {dagbag.py:588} INFO - Filling up the DagBag from /home/airflow/.local/lib/python3.12/site-packages/airflow/example_dags/example_xcom.py
[2024-11-03T06:14:26.751+0000] {processor.py:925} INFO - DAG(s) 'example_xcom' retrieved from /home/airflow/.local/lib/python3.12/site-packages/airflow/example_dags/example_xcom.py
[2024-11-03T06:14:26.773+0000] {logging_mixin.py:190} INFO - [2024-11-03T06:14:26.772+0000] {dag.py:3239} INFO - Sync 1 DAGs
[2024-11-03T06:14:26.796+0000] {logging_mixin.py:190} INFO - [2024-11-03T06:14:26.796+0000] {dag.py:4180} INFO - Setting next_dagrun for example_xcom to 2021-01-01 00:00:00+00:00, run_after=2021-01-01 00:00:00+00:00
[2024-11-03T06:14:26.818+0000] {processor.py:208} INFO - Processing /home/airflow/.local/lib/python3.12/site-packages/airflow/example_dags/example_xcom.py took 0.087 seconds
