[2024-11-03T05:29:25.960+0000] {processor.py:186} INFO - Started process (PID=256) to work on /home/airflow/.local/lib/python3.12/site-packages/airflow/example_dags/example_bash_operator.py
[2024-11-03T05:29:25.961+0000] {processor.py:914} INFO - Processing file /home/airflow/.local/lib/python3.12/site-packages/airflow/example_dags/example_bash_operator.py for tasks to queue
[2024-11-03T05:29:25.965+0000] {logging_mixin.py:190} INFO - [2024-11-03T05:29:25.965+0000] {dagbag.py:588} INFO - Filling up the DagBag from /home/airflow/.local/lib/python3.12/site-packages/airflow/example_dags/example_bash_operator.py
[2024-11-03T05:29:25.988+0000] {processor.py:925} INFO - DAG(s) 'example_bash_operator' retrieved from /home/airflow/.local/lib/python3.12/site-packages/airflow/example_dags/example_bash_operator.py
[2024-11-03T05:29:26.267+0000] {logging_mixin.py:190} INFO - [2024-11-03T05:29:26.266+0000] {override.py:1900} INFO - Created Permission View: can delete on DAG:example_bash_operator
[2024-11-03T05:29:26.284+0000] {logging_mixin.py:190} INFO - [2024-11-03T05:29:26.283+0000] {override.py:1900} INFO - Created Permission View: can edit on DAG:example_bash_operator
[2024-11-03T05:29:26.296+0000] {logging_mixin.py:190} INFO - [2024-11-03T05:29:26.295+0000] {override.py:1900} INFO - Created Permission View: can read on DAG:example_bash_operator
[2024-11-03T05:29:26.309+0000] {logging_mixin.py:190} INFO - [2024-11-03T05:29:26.309+0000] {override.py:1900} INFO - Created Permission View: can delete on DAG Run:example_bash_operator
[2024-11-03T05:29:26.321+0000] {logging_mixin.py:190} INFO - [2024-11-03T05:29:26.320+0000] {override.py:1900} INFO - Created Permission View: menu access on DAG Run:example_bash_operator
[2024-11-03T05:29:26.333+0000] {logging_mixin.py:190} INFO - [2024-11-03T05:29:26.332+0000] {override.py:1900} INFO - Created Permission View: can create on DAG Run:example_bash_operator
[2024-11-03T05:29:26.346+0000] {logging_mixin.py:190} INFO - [2024-11-03T05:29:26.346+0000] {override.py:1900} INFO - Created Permission View: can read on DAG Run:example_bash_operator
[2024-11-03T05:29:26.348+0000] {logging_mixin.py:190} INFO - [2024-11-03T05:29:26.347+0000] {dag.py:3239} INFO - Sync 1 DAGs
[2024-11-03T05:29:26.376+0000] {logging_mixin.py:190} INFO - [2024-11-03T05:29:26.376+0000] {dag.py:3262} INFO - Creating ORM DAG for example_bash_operator
[2024-11-03T05:29:26.396+0000] {logging_mixin.py:190} INFO - [2024-11-03T05:29:26.395+0000] {dag.py:4180} INFO - Setting next_dagrun for example_bash_operator to 2024-11-02 00:00:00+00:00, run_after=2024-11-03 00:00:00+00:00
[2024-11-03T05:29:26.426+0000] {processor.py:208} INFO - Processing /home/airflow/.local/lib/python3.12/site-packages/airflow/example_dags/example_bash_operator.py took 0.476 seconds
[2024-11-03T05:29:57.137+0000] {processor.py:186} INFO - Started process (PID=549) to work on /home/airflow/.local/lib/python3.12/site-packages/airflow/example_dags/example_bash_operator.py
[2024-11-03T05:29:57.138+0000] {processor.py:914} INFO - Processing file /home/airflow/.local/lib/python3.12/site-packages/airflow/example_dags/example_bash_operator.py for tasks to queue
[2024-11-03T05:29:57.141+0000] {logging_mixin.py:190} INFO - [2024-11-03T05:29:57.141+0000] {dagbag.py:588} INFO - Filling up the DagBag from /home/airflow/.local/lib/python3.12/site-packages/airflow/example_dags/example_bash_operator.py
[2024-11-03T05:29:57.159+0000] {processor.py:925} INFO - DAG(s) 'example_bash_operator' retrieved from /home/airflow/.local/lib/python3.12/site-packages/airflow/example_dags/example_bash_operator.py
[2024-11-03T05:29:57.203+0000] {logging_mixin.py:190} INFO - [2024-11-03T05:29:57.202+0000] {dag.py:3239} INFO - Sync 1 DAGs
[2024-11-03T05:29:57.243+0000] {logging_mixin.py:190} INFO - [2024-11-03T05:29:57.242+0000] {dag.py:4180} INFO - Setting next_dagrun for example_bash_operator to 2024-11-02 00:00:00+00:00, run_after=2024-11-03 00:00:00+00:00
[2024-11-03T05:29:57.272+0000] {processor.py:208} INFO - Processing /home/airflow/.local/lib/python3.12/site-packages/airflow/example_dags/example_bash_operator.py took 0.144 seconds
[2024-11-03T05:30:27.373+0000] {processor.py:186} INFO - Started process (PID=840) to work on /home/airflow/.local/lib/python3.12/site-packages/airflow/example_dags/example_bash_operator.py
[2024-11-03T05:30:27.374+0000] {processor.py:914} INFO - Processing file /home/airflow/.local/lib/python3.12/site-packages/airflow/example_dags/example_bash_operator.py for tasks to queue
[2024-11-03T05:30:27.377+0000] {logging_mixin.py:190} INFO - [2024-11-03T05:30:27.376+0000] {dagbag.py:588} INFO - Filling up the DagBag from /home/airflow/.local/lib/python3.12/site-packages/airflow/example_dags/example_bash_operator.py
[2024-11-03T05:30:27.390+0000] {processor.py:925} INFO - DAG(s) 'example_bash_operator' retrieved from /home/airflow/.local/lib/python3.12/site-packages/airflow/example_dags/example_bash_operator.py
[2024-11-03T05:30:27.420+0000] {logging_mixin.py:190} INFO - [2024-11-03T05:30:27.420+0000] {dag.py:3239} INFO - Sync 1 DAGs
[2024-11-03T05:30:27.447+0000] {logging_mixin.py:190} INFO - [2024-11-03T05:30:27.447+0000] {dag.py:4180} INFO - Setting next_dagrun for example_bash_operator to 2024-11-02 00:00:00+00:00, run_after=2024-11-03 00:00:00+00:00
[2024-11-03T05:30:27.478+0000] {processor.py:208} INFO - Processing /home/airflow/.local/lib/python3.12/site-packages/airflow/example_dags/example_bash_operator.py took 0.111 seconds
[2024-11-03T05:30:57.922+0000] {processor.py:186} INFO - Started process (PID=1131) to work on /home/airflow/.local/lib/python3.12/site-packages/airflow/example_dags/example_bash_operator.py
[2024-11-03T05:30:57.923+0000] {processor.py:914} INFO - Processing file /home/airflow/.local/lib/python3.12/site-packages/airflow/example_dags/example_bash_operator.py for tasks to queue
[2024-11-03T05:30:57.926+0000] {logging_mixin.py:190} INFO - [2024-11-03T05:30:57.926+0000] {dagbag.py:588} INFO - Filling up the DagBag from /home/airflow/.local/lib/python3.12/site-packages/airflow/example_dags/example_bash_operator.py
[2024-11-03T05:30:57.943+0000] {processor.py:925} INFO - DAG(s) 'example_bash_operator' retrieved from /home/airflow/.local/lib/python3.12/site-packages/airflow/example_dags/example_bash_operator.py
[2024-11-03T05:30:57.974+0000] {logging_mixin.py:190} INFO - [2024-11-03T05:30:57.973+0000] {dag.py:3239} INFO - Sync 1 DAGs
[2024-11-03T05:30:57.999+0000] {logging_mixin.py:190} INFO - [2024-11-03T05:30:57.999+0000] {dag.py:4180} INFO - Setting next_dagrun for example_bash_operator to 2024-11-02 00:00:00+00:00, run_after=2024-11-03 00:00:00+00:00
[2024-11-03T05:30:58.021+0000] {processor.py:208} INFO - Processing /home/airflow/.local/lib/python3.12/site-packages/airflow/example_dags/example_bash_operator.py took 0.105 seconds
[2024-11-03T05:31:28.530+0000] {processor.py:186} INFO - Started process (PID=1422) to work on /home/airflow/.local/lib/python3.12/site-packages/airflow/example_dags/example_bash_operator.py
[2024-11-03T05:31:28.532+0000] {processor.py:914} INFO - Processing file /home/airflow/.local/lib/python3.12/site-packages/airflow/example_dags/example_bash_operator.py for tasks to queue
[2024-11-03T05:31:28.534+0000] {logging_mixin.py:190} INFO - [2024-11-03T05:31:28.534+0000] {dagbag.py:588} INFO - Filling up the DagBag from /home/airflow/.local/lib/python3.12/site-packages/airflow/example_dags/example_bash_operator.py
[2024-11-03T05:31:28.548+0000] {processor.py:925} INFO - DAG(s) 'example_bash_operator' retrieved from /home/airflow/.local/lib/python3.12/site-packages/airflow/example_dags/example_bash_operator.py
[2024-11-03T05:31:28.578+0000] {logging_mixin.py:190} INFO - [2024-11-03T05:31:28.578+0000] {dag.py:3239} INFO - Sync 1 DAGs
[2024-11-03T05:31:28.608+0000] {logging_mixin.py:190} INFO - [2024-11-03T05:31:28.607+0000] {dag.py:4180} INFO - Setting next_dagrun for example_bash_operator to 2024-11-02 00:00:00+00:00, run_after=2024-11-03 00:00:00+00:00
[2024-11-03T05:31:28.631+0000] {processor.py:208} INFO - Processing /home/airflow/.local/lib/python3.12/site-packages/airflow/example_dags/example_bash_operator.py took 0.107 seconds
[2024-11-03T05:31:59.385+0000] {processor.py:186} INFO - Started process (PID=1713) to work on /home/airflow/.local/lib/python3.12/site-packages/airflow/example_dags/example_bash_operator.py
[2024-11-03T05:31:59.386+0000] {processor.py:914} INFO - Processing file /home/airflow/.local/lib/python3.12/site-packages/airflow/example_dags/example_bash_operator.py for tasks to queue
[2024-11-03T05:31:59.389+0000] {logging_mixin.py:190} INFO - [2024-11-03T05:31:59.389+0000] {dagbag.py:588} INFO - Filling up the DagBag from /home/airflow/.local/lib/python3.12/site-packages/airflow/example_dags/example_bash_operator.py
[2024-11-03T05:31:59.402+0000] {processor.py:925} INFO - DAG(s) 'example_bash_operator' retrieved from /home/airflow/.local/lib/python3.12/site-packages/airflow/example_dags/example_bash_operator.py
[2024-11-03T05:31:59.434+0000] {logging_mixin.py:190} INFO - [2024-11-03T05:31:59.434+0000] {dag.py:3239} INFO - Sync 1 DAGs
[2024-11-03T05:31:59.461+0000] {logging_mixin.py:190} INFO - [2024-11-03T05:31:59.461+0000] {dag.py:4180} INFO - Setting next_dagrun for example_bash_operator to 2024-11-02 00:00:00+00:00, run_after=2024-11-03 00:00:00+00:00
[2024-11-03T05:31:59.486+0000] {processor.py:208} INFO - Processing /home/airflow/.local/lib/python3.12/site-packages/airflow/example_dags/example_bash_operator.py took 0.107 seconds
[2024-11-03T05:32:30.288+0000] {processor.py:186} INFO - Started process (PID=2004) to work on /home/airflow/.local/lib/python3.12/site-packages/airflow/example_dags/example_bash_operator.py
[2024-11-03T05:32:30.289+0000] {processor.py:914} INFO - Processing file /home/airflow/.local/lib/python3.12/site-packages/airflow/example_dags/example_bash_operator.py for tasks to queue
[2024-11-03T05:32:30.292+0000] {logging_mixin.py:190} INFO - [2024-11-03T05:32:30.291+0000] {dagbag.py:588} INFO - Filling up the DagBag from /home/airflow/.local/lib/python3.12/site-packages/airflow/example_dags/example_bash_operator.py
[2024-11-03T05:32:30.307+0000] {processor.py:925} INFO - DAG(s) 'example_bash_operator' retrieved from /home/airflow/.local/lib/python3.12/site-packages/airflow/example_dags/example_bash_operator.py
[2024-11-03T05:32:30.342+0000] {logging_mixin.py:190} INFO - [2024-11-03T05:32:30.342+0000] {dag.py:3239} INFO - Sync 1 DAGs
[2024-11-03T05:32:30.369+0000] {logging_mixin.py:190} INFO - [2024-11-03T05:32:30.369+0000] {dag.py:4180} INFO - Setting next_dagrun for example_bash_operator to 2024-11-02 00:00:00+00:00, run_after=2024-11-03 00:00:00+00:00
[2024-11-03T05:32:30.393+0000] {processor.py:208} INFO - Processing /home/airflow/.local/lib/python3.12/site-packages/airflow/example_dags/example_bash_operator.py took 0.112 seconds
[2024-11-03T05:33:00.545+0000] {processor.py:186} INFO - Started process (PID=2296) to work on /home/airflow/.local/lib/python3.12/site-packages/airflow/example_dags/example_bash_operator.py
[2024-11-03T05:33:00.546+0000] {processor.py:914} INFO - Processing file /home/airflow/.local/lib/python3.12/site-packages/airflow/example_dags/example_bash_operator.py for tasks to queue
[2024-11-03T05:33:00.549+0000] {logging_mixin.py:190} INFO - [2024-11-03T05:33:00.548+0000] {dagbag.py:588} INFO - Filling up the DagBag from /home/airflow/.local/lib/python3.12/site-packages/airflow/example_dags/example_bash_operator.py
[2024-11-03T05:33:00.565+0000] {processor.py:925} INFO - DAG(s) 'example_bash_operator' retrieved from /home/airflow/.local/lib/python3.12/site-packages/airflow/example_dags/example_bash_operator.py
[2024-11-03T05:33:00.600+0000] {logging_mixin.py:190} INFO - [2024-11-03T05:33:00.599+0000] {dag.py:3239} INFO - Sync 1 DAGs
[2024-11-03T05:33:00.632+0000] {logging_mixin.py:190} INFO - [2024-11-03T05:33:00.632+0000] {dag.py:4180} INFO - Setting next_dagrun for example_bash_operator to 2024-11-02 00:00:00+00:00, run_after=2024-11-03 00:00:00+00:00
[2024-11-03T05:33:00.660+0000] {processor.py:208} INFO - Processing /home/airflow/.local/lib/python3.12/site-packages/airflow/example_dags/example_bash_operator.py took 0.122 seconds
[2024-11-03T05:33:31.093+0000] {processor.py:186} INFO - Started process (PID=2587) to work on /home/airflow/.local/lib/python3.12/site-packages/airflow/example_dags/example_bash_operator.py
[2024-11-03T05:33:31.094+0000] {processor.py:914} INFO - Processing file /home/airflow/.local/lib/python3.12/site-packages/airflow/example_dags/example_bash_operator.py for tasks to queue
[2024-11-03T05:33:31.097+0000] {logging_mixin.py:190} INFO - [2024-11-03T05:33:31.096+0000] {dagbag.py:588} INFO - Filling up the DagBag from /home/airflow/.local/lib/python3.12/site-packages/airflow/example_dags/example_bash_operator.py
[2024-11-03T05:33:31.112+0000] {processor.py:925} INFO - DAG(s) 'example_bash_operator' retrieved from /home/airflow/.local/lib/python3.12/site-packages/airflow/example_dags/example_bash_operator.py
[2024-11-03T05:33:31.144+0000] {logging_mixin.py:190} INFO - [2024-11-03T05:33:31.144+0000] {dag.py:3239} INFO - Sync 1 DAGs
[2024-11-03T05:33:31.175+0000] {logging_mixin.py:190} INFO - [2024-11-03T05:33:31.175+0000] {dag.py:4180} INFO - Setting next_dagrun for example_bash_operator to 2024-11-02 00:00:00+00:00, run_after=2024-11-03 00:00:00+00:00
[2024-11-03T05:33:31.203+0000] {processor.py:208} INFO - Processing /home/airflow/.local/lib/python3.12/site-packages/airflow/example_dags/example_bash_operator.py took 0.116 seconds
[2024-11-03T05:34:01.823+0000] {processor.py:186} INFO - Started process (PID=2878) to work on /home/airflow/.local/lib/python3.12/site-packages/airflow/example_dags/example_bash_operator.py
[2024-11-03T05:34:01.824+0000] {processor.py:914} INFO - Processing file /home/airflow/.local/lib/python3.12/site-packages/airflow/example_dags/example_bash_operator.py for tasks to queue
[2024-11-03T05:34:01.827+0000] {logging_mixin.py:190} INFO - [2024-11-03T05:34:01.827+0000] {dagbag.py:588} INFO - Filling up the DagBag from /home/airflow/.local/lib/python3.12/site-packages/airflow/example_dags/example_bash_operator.py
[2024-11-03T05:34:01.841+0000] {processor.py:925} INFO - DAG(s) 'example_bash_operator' retrieved from /home/airflow/.local/lib/python3.12/site-packages/airflow/example_dags/example_bash_operator.py
[2024-11-03T05:34:01.874+0000] {logging_mixin.py:190} INFO - [2024-11-03T05:34:01.874+0000] {dag.py:3239} INFO - Sync 1 DAGs
[2024-11-03T05:34:01.904+0000] {logging_mixin.py:190} INFO - [2024-11-03T05:34:01.903+0000] {dag.py:4180} INFO - Setting next_dagrun for example_bash_operator to 2024-11-02 00:00:00+00:00, run_after=2024-11-03 00:00:00+00:00
[2024-11-03T05:34:01.928+0000] {processor.py:208} INFO - Processing /home/airflow/.local/lib/python3.12/site-packages/airflow/example_dags/example_bash_operator.py took 0.111 seconds
[2024-11-03T05:34:32.923+0000] {processor.py:186} INFO - Started process (PID=3169) to work on /home/airflow/.local/lib/python3.12/site-packages/airflow/example_dags/example_bash_operator.py
[2024-11-03T05:34:32.929+0000] {processor.py:914} INFO - Processing file /home/airflow/.local/lib/python3.12/site-packages/airflow/example_dags/example_bash_operator.py for tasks to queue
[2024-11-03T05:34:32.937+0000] {logging_mixin.py:190} INFO - [2024-11-03T05:34:32.936+0000] {dagbag.py:588} INFO - Filling up the DagBag from /home/airflow/.local/lib/python3.12/site-packages/airflow/example_dags/example_bash_operator.py
[2024-11-03T05:34:32.976+0000] {processor.py:925} INFO - DAG(s) 'example_bash_operator' retrieved from /home/airflow/.local/lib/python3.12/site-packages/airflow/example_dags/example_bash_operator.py
[2024-11-03T05:34:33.090+0000] {logging_mixin.py:190} INFO - [2024-11-03T05:34:33.089+0000] {dag.py:3239} INFO - Sync 1 DAGs
[2024-11-03T05:34:33.192+0000] {logging_mixin.py:190} INFO - [2024-11-03T05:34:33.191+0000] {dag.py:4180} INFO - Setting next_dagrun for example_bash_operator to 2024-11-02 00:00:00+00:00, run_after=2024-11-03 00:00:00+00:00
[2024-11-03T05:34:33.253+0000] {processor.py:208} INFO - Processing /home/airflow/.local/lib/python3.12/site-packages/airflow/example_dags/example_bash_operator.py took 0.348 seconds
[2024-11-03T05:35:03.372+0000] {processor.py:186} INFO - Started process (PID=3460) to work on /home/airflow/.local/lib/python3.12/site-packages/airflow/example_dags/example_bash_operator.py
[2024-11-03T05:35:03.374+0000] {processor.py:914} INFO - Processing file /home/airflow/.local/lib/python3.12/site-packages/airflow/example_dags/example_bash_operator.py for tasks to queue
[2024-11-03T05:35:03.378+0000] {logging_mixin.py:190} INFO - [2024-11-03T05:35:03.377+0000] {dagbag.py:588} INFO - Filling up the DagBag from /home/airflow/.local/lib/python3.12/site-packages/airflow/example_dags/example_bash_operator.py
[2024-11-03T05:35:03.406+0000] {processor.py:925} INFO - DAG(s) 'example_bash_operator' retrieved from /home/airflow/.local/lib/python3.12/site-packages/airflow/example_dags/example_bash_operator.py
[2024-11-03T05:35:03.465+0000] {logging_mixin.py:190} INFO - [2024-11-03T05:35:03.464+0000] {dag.py:3239} INFO - Sync 1 DAGs
[2024-11-03T05:35:03.528+0000] {logging_mixin.py:190} INFO - [2024-11-03T05:35:03.527+0000] {dag.py:4180} INFO - Setting next_dagrun for example_bash_operator to 2024-11-02 00:00:00+00:00, run_after=2024-11-03 00:00:00+00:00
[2024-11-03T05:35:03.571+0000] {processor.py:208} INFO - Processing /home/airflow/.local/lib/python3.12/site-packages/airflow/example_dags/example_bash_operator.py took 0.209 seconds
[2024-11-03T05:35:34.397+0000] {processor.py:186} INFO - Started process (PID=3751) to work on /home/airflow/.local/lib/python3.12/site-packages/airflow/example_dags/example_bash_operator.py
[2024-11-03T05:35:34.398+0000] {processor.py:914} INFO - Processing file /home/airflow/.local/lib/python3.12/site-packages/airflow/example_dags/example_bash_operator.py for tasks to queue
[2024-11-03T05:35:34.400+0000] {logging_mixin.py:190} INFO - [2024-11-03T05:35:34.400+0000] {dagbag.py:588} INFO - Filling up the DagBag from /home/airflow/.local/lib/python3.12/site-packages/airflow/example_dags/example_bash_operator.py
[2024-11-03T05:35:34.413+0000] {processor.py:925} INFO - DAG(s) 'example_bash_operator' retrieved from /home/airflow/.local/lib/python3.12/site-packages/airflow/example_dags/example_bash_operator.py
[2024-11-03T05:35:34.442+0000] {logging_mixin.py:190} INFO - [2024-11-03T05:35:34.442+0000] {dag.py:3239} INFO - Sync 1 DAGs
[2024-11-03T05:35:34.468+0000] {logging_mixin.py:190} INFO - [2024-11-03T05:35:34.468+0000] {dag.py:4180} INFO - Setting next_dagrun for example_bash_operator to 2024-11-02 00:00:00+00:00, run_after=2024-11-03 00:00:00+00:00
[2024-11-03T05:35:34.490+0000] {processor.py:208} INFO - Processing /home/airflow/.local/lib/python3.12/site-packages/airflow/example_dags/example_bash_operator.py took 0.100 seconds
[2024-11-03T05:36:05.130+0000] {processor.py:186} INFO - Started process (PID=4042) to work on /home/airflow/.local/lib/python3.12/site-packages/airflow/example_dags/example_bash_operator.py
[2024-11-03T05:36:05.131+0000] {processor.py:914} INFO - Processing file /home/airflow/.local/lib/python3.12/site-packages/airflow/example_dags/example_bash_operator.py for tasks to queue
[2024-11-03T05:36:05.133+0000] {logging_mixin.py:190} INFO - [2024-11-03T05:36:05.133+0000] {dagbag.py:588} INFO - Filling up the DagBag from /home/airflow/.local/lib/python3.12/site-packages/airflow/example_dags/example_bash_operator.py
[2024-11-03T05:36:05.146+0000] {processor.py:925} INFO - DAG(s) 'example_bash_operator' retrieved from /home/airflow/.local/lib/python3.12/site-packages/airflow/example_dags/example_bash_operator.py
[2024-11-03T05:36:05.181+0000] {logging_mixin.py:190} INFO - [2024-11-03T05:36:05.181+0000] {dag.py:3239} INFO - Sync 1 DAGs
[2024-11-03T05:36:05.207+0000] {logging_mixin.py:190} INFO - [2024-11-03T05:36:05.206+0000] {dag.py:4180} INFO - Setting next_dagrun for example_bash_operator to 2024-11-02 00:00:00+00:00, run_after=2024-11-03 00:00:00+00:00
[2024-11-03T05:36:05.231+0000] {processor.py:208} INFO - Processing /home/airflow/.local/lib/python3.12/site-packages/airflow/example_dags/example_bash_operator.py took 0.107 seconds
[2024-11-03T05:36:36.082+0000] {processor.py:186} INFO - Started process (PID=4333) to work on /home/airflow/.local/lib/python3.12/site-packages/airflow/example_dags/example_bash_operator.py
[2024-11-03T05:36:36.083+0000] {processor.py:914} INFO - Processing file /home/airflow/.local/lib/python3.12/site-packages/airflow/example_dags/example_bash_operator.py for tasks to queue
[2024-11-03T05:36:36.086+0000] {logging_mixin.py:190} INFO - [2024-11-03T05:36:36.086+0000] {dagbag.py:588} INFO - Filling up the DagBag from /home/airflow/.local/lib/python3.12/site-packages/airflow/example_dags/example_bash_operator.py
[2024-11-03T05:36:36.099+0000] {processor.py:925} INFO - DAG(s) 'example_bash_operator' retrieved from /home/airflow/.local/lib/python3.12/site-packages/airflow/example_dags/example_bash_operator.py
[2024-11-03T05:36:36.128+0000] {logging_mixin.py:190} INFO - [2024-11-03T05:36:36.128+0000] {dag.py:3239} INFO - Sync 1 DAGs
[2024-11-03T05:36:36.154+0000] {logging_mixin.py:190} INFO - [2024-11-03T05:36:36.154+0000] {dag.py:4180} INFO - Setting next_dagrun for example_bash_operator to 2024-11-02 00:00:00+00:00, run_after=2024-11-03 00:00:00+00:00
[2024-11-03T05:36:36.178+0000] {processor.py:208} INFO - Processing /home/airflow/.local/lib/python3.12/site-packages/airflow/example_dags/example_bash_operator.py took 0.103 seconds
[2024-11-03T05:37:06.418+0000] {processor.py:186} INFO - Started process (PID=4624) to work on /home/airflow/.local/lib/python3.12/site-packages/airflow/example_dags/example_bash_operator.py
[2024-11-03T05:37:06.419+0000] {processor.py:914} INFO - Processing file /home/airflow/.local/lib/python3.12/site-packages/airflow/example_dags/example_bash_operator.py for tasks to queue
[2024-11-03T05:37:06.421+0000] {logging_mixin.py:190} INFO - [2024-11-03T05:37:06.421+0000] {dagbag.py:588} INFO - Filling up the DagBag from /home/airflow/.local/lib/python3.12/site-packages/airflow/example_dags/example_bash_operator.py
[2024-11-03T05:37:06.434+0000] {processor.py:925} INFO - DAG(s) 'example_bash_operator' retrieved from /home/airflow/.local/lib/python3.12/site-packages/airflow/example_dags/example_bash_operator.py
[2024-11-03T05:37:06.463+0000] {logging_mixin.py:190} INFO - [2024-11-03T05:37:06.463+0000] {dag.py:3239} INFO - Sync 1 DAGs
[2024-11-03T05:37:06.490+0000] {logging_mixin.py:190} INFO - [2024-11-03T05:37:06.490+0000] {dag.py:4180} INFO - Setting next_dagrun for example_bash_operator to 2024-11-02 00:00:00+00:00, run_after=2024-11-03 00:00:00+00:00
[2024-11-03T05:37:06.512+0000] {processor.py:208} INFO - Processing /home/airflow/.local/lib/python3.12/site-packages/airflow/example_dags/example_bash_operator.py took 0.100 seconds
[2024-11-03T05:37:36.803+0000] {processor.py:186} INFO - Started process (PID=4915) to work on /home/airflow/.local/lib/python3.12/site-packages/airflow/example_dags/example_bash_operator.py
[2024-11-03T05:37:36.805+0000] {processor.py:914} INFO - Processing file /home/airflow/.local/lib/python3.12/site-packages/airflow/example_dags/example_bash_operator.py for tasks to queue
[2024-11-03T05:37:36.808+0000] {logging_mixin.py:190} INFO - [2024-11-03T05:37:36.807+0000] {dagbag.py:588} INFO - Filling up the DagBag from /home/airflow/.local/lib/python3.12/site-packages/airflow/example_dags/example_bash_operator.py
[2024-11-03T05:37:36.822+0000] {processor.py:925} INFO - DAG(s) 'example_bash_operator' retrieved from /home/airflow/.local/lib/python3.12/site-packages/airflow/example_dags/example_bash_operator.py
[2024-11-03T05:37:36.855+0000] {logging_mixin.py:190} INFO - [2024-11-03T05:37:36.855+0000] {dag.py:3239} INFO - Sync 1 DAGs
[2024-11-03T05:37:36.888+0000] {logging_mixin.py:190} INFO - [2024-11-03T05:37:36.887+0000] {dag.py:4180} INFO - Setting next_dagrun for example_bash_operator to 2024-11-02 00:00:00+00:00, run_after=2024-11-03 00:00:00+00:00
[2024-11-03T05:37:36.909+0000] {processor.py:208} INFO - Processing /home/airflow/.local/lib/python3.12/site-packages/airflow/example_dags/example_bash_operator.py took 0.112 seconds
[2024-11-03T05:38:07.133+0000] {processor.py:186} INFO - Started process (PID=5206) to work on /home/airflow/.local/lib/python3.12/site-packages/airflow/example_dags/example_bash_operator.py
[2024-11-03T05:38:07.134+0000] {processor.py:914} INFO - Processing file /home/airflow/.local/lib/python3.12/site-packages/airflow/example_dags/example_bash_operator.py for tasks to queue
[2024-11-03T05:38:07.136+0000] {logging_mixin.py:190} INFO - [2024-11-03T05:38:07.136+0000] {dagbag.py:588} INFO - Filling up the DagBag from /home/airflow/.local/lib/python3.12/site-packages/airflow/example_dags/example_bash_operator.py
[2024-11-03T05:38:07.150+0000] {processor.py:925} INFO - DAG(s) 'example_bash_operator' retrieved from /home/airflow/.local/lib/python3.12/site-packages/airflow/example_dags/example_bash_operator.py
[2024-11-03T05:38:07.179+0000] {logging_mixin.py:190} INFO - [2024-11-03T05:38:07.179+0000] {dag.py:3239} INFO - Sync 1 DAGs
[2024-11-03T05:38:07.206+0000] {logging_mixin.py:190} INFO - [2024-11-03T05:38:07.205+0000] {dag.py:4180} INFO - Setting next_dagrun for example_bash_operator to 2024-11-02 00:00:00+00:00, run_after=2024-11-03 00:00:00+00:00
[2024-11-03T05:38:07.228+0000] {processor.py:208} INFO - Processing /home/airflow/.local/lib/python3.12/site-packages/airflow/example_dags/example_bash_operator.py took 0.101 seconds
[2024-11-03T05:38:38.006+0000] {processor.py:186} INFO - Started process (PID=5497) to work on /home/airflow/.local/lib/python3.12/site-packages/airflow/example_dags/example_bash_operator.py
[2024-11-03T05:38:38.007+0000] {processor.py:914} INFO - Processing file /home/airflow/.local/lib/python3.12/site-packages/airflow/example_dags/example_bash_operator.py for tasks to queue
[2024-11-03T05:38:38.009+0000] {logging_mixin.py:190} INFO - [2024-11-03T05:38:38.009+0000] {dagbag.py:588} INFO - Filling up the DagBag from /home/airflow/.local/lib/python3.12/site-packages/airflow/example_dags/example_bash_operator.py
[2024-11-03T05:38:38.023+0000] {processor.py:925} INFO - DAG(s) 'example_bash_operator' retrieved from /home/airflow/.local/lib/python3.12/site-packages/airflow/example_dags/example_bash_operator.py
[2024-11-03T05:38:38.052+0000] {logging_mixin.py:190} INFO - [2024-11-03T05:38:38.052+0000] {dag.py:3239} INFO - Sync 1 DAGs
[2024-11-03T05:38:38.078+0000] {logging_mixin.py:190} INFO - [2024-11-03T05:38:38.078+0000] {dag.py:4180} INFO - Setting next_dagrun for example_bash_operator to 2024-11-02 00:00:00+00:00, run_after=2024-11-03 00:00:00+00:00
[2024-11-03T05:38:38.102+0000] {processor.py:208} INFO - Processing /home/airflow/.local/lib/python3.12/site-packages/airflow/example_dags/example_bash_operator.py took 0.102 seconds
[2024-11-03T05:39:08.404+0000] {processor.py:186} INFO - Started process (PID=5788) to work on /home/airflow/.local/lib/python3.12/site-packages/airflow/example_dags/example_bash_operator.py
[2024-11-03T05:39:08.405+0000] {processor.py:914} INFO - Processing file /home/airflow/.local/lib/python3.12/site-packages/airflow/example_dags/example_bash_operator.py for tasks to queue
[2024-11-03T05:39:08.408+0000] {logging_mixin.py:190} INFO - [2024-11-03T05:39:08.408+0000] {dagbag.py:588} INFO - Filling up the DagBag from /home/airflow/.local/lib/python3.12/site-packages/airflow/example_dags/example_bash_operator.py
[2024-11-03T05:39:08.422+0000] {processor.py:925} INFO - DAG(s) 'example_bash_operator' retrieved from /home/airflow/.local/lib/python3.12/site-packages/airflow/example_dags/example_bash_operator.py
[2024-11-03T05:39:08.458+0000] {logging_mixin.py:190} INFO - [2024-11-03T05:39:08.457+0000] {dag.py:3239} INFO - Sync 1 DAGs
[2024-11-03T05:39:08.493+0000] {logging_mixin.py:190} INFO - [2024-11-03T05:39:08.493+0000] {dag.py:4180} INFO - Setting next_dagrun for example_bash_operator to 2024-11-02 00:00:00+00:00, run_after=2024-11-03 00:00:00+00:00
[2024-11-03T05:39:08.520+0000] {processor.py:208} INFO - Processing /home/airflow/.local/lib/python3.12/site-packages/airflow/example_dags/example_bash_operator.py took 0.122 seconds
[2024-11-03T05:39:39.004+0000] {processor.py:186} INFO - Started process (PID=6079) to work on /home/airflow/.local/lib/python3.12/site-packages/airflow/example_dags/example_bash_operator.py
[2024-11-03T05:39:39.005+0000] {processor.py:914} INFO - Processing file /home/airflow/.local/lib/python3.12/site-packages/airflow/example_dags/example_bash_operator.py for tasks to queue
[2024-11-03T05:39:39.007+0000] {logging_mixin.py:190} INFO - [2024-11-03T05:39:39.007+0000] {dagbag.py:588} INFO - Filling up the DagBag from /home/airflow/.local/lib/python3.12/site-packages/airflow/example_dags/example_bash_operator.py
[2024-11-03T05:39:39.023+0000] {processor.py:925} INFO - DAG(s) 'example_bash_operator' retrieved from /home/airflow/.local/lib/python3.12/site-packages/airflow/example_dags/example_bash_operator.py
[2024-11-03T05:39:39.052+0000] {logging_mixin.py:190} INFO - [2024-11-03T05:39:39.052+0000] {dag.py:3239} INFO - Sync 1 DAGs
[2024-11-03T05:39:39.077+0000] {logging_mixin.py:190} INFO - [2024-11-03T05:39:39.077+0000] {dag.py:4180} INFO - Setting next_dagrun for example_bash_operator to 2024-11-02 00:00:00+00:00, run_after=2024-11-03 00:00:00+00:00
[2024-11-03T05:39:39.099+0000] {processor.py:208} INFO - Processing /home/airflow/.local/lib/python3.12/site-packages/airflow/example_dags/example_bash_operator.py took 0.101 seconds
[2024-11-03T05:40:09.388+0000] {processor.py:186} INFO - Started process (PID=6370) to work on /home/airflow/.local/lib/python3.12/site-packages/airflow/example_dags/example_bash_operator.py
[2024-11-03T05:40:09.389+0000] {processor.py:914} INFO - Processing file /home/airflow/.local/lib/python3.12/site-packages/airflow/example_dags/example_bash_operator.py for tasks to queue
[2024-11-03T05:40:09.392+0000] {logging_mixin.py:190} INFO - [2024-11-03T05:40:09.391+0000] {dagbag.py:588} INFO - Filling up the DagBag from /home/airflow/.local/lib/python3.12/site-packages/airflow/example_dags/example_bash_operator.py
[2024-11-03T05:40:09.405+0000] {processor.py:925} INFO - DAG(s) 'example_bash_operator' retrieved from /home/airflow/.local/lib/python3.12/site-packages/airflow/example_dags/example_bash_operator.py
[2024-11-03T05:40:09.438+0000] {logging_mixin.py:190} INFO - [2024-11-03T05:40:09.437+0000] {dag.py:3239} INFO - Sync 1 DAGs
[2024-11-03T05:40:09.464+0000] {logging_mixin.py:190} INFO - [2024-11-03T05:40:09.463+0000] {dag.py:4180} INFO - Setting next_dagrun for example_bash_operator to 2024-11-02 00:00:00+00:00, run_after=2024-11-03 00:00:00+00:00
[2024-11-03T05:40:09.496+0000] {processor.py:208} INFO - Processing /home/airflow/.local/lib/python3.12/site-packages/airflow/example_dags/example_bash_operator.py took 0.115 seconds
[2024-11-03T05:40:39.770+0000] {processor.py:186} INFO - Started process (PID=6661) to work on /home/airflow/.local/lib/python3.12/site-packages/airflow/example_dags/example_bash_operator.py
[2024-11-03T05:40:39.771+0000] {processor.py:914} INFO - Processing file /home/airflow/.local/lib/python3.12/site-packages/airflow/example_dags/example_bash_operator.py for tasks to queue
[2024-11-03T05:40:39.774+0000] {logging_mixin.py:190} INFO - [2024-11-03T05:40:39.773+0000] {dagbag.py:588} INFO - Filling up the DagBag from /home/airflow/.local/lib/python3.12/site-packages/airflow/example_dags/example_bash_operator.py
[2024-11-03T05:40:39.788+0000] {processor.py:925} INFO - DAG(s) 'example_bash_operator' retrieved from /home/airflow/.local/lib/python3.12/site-packages/airflow/example_dags/example_bash_operator.py
[2024-11-03T05:40:39.818+0000] {logging_mixin.py:190} INFO - [2024-11-03T05:40:39.818+0000] {dag.py:3239} INFO - Sync 1 DAGs
[2024-11-03T05:40:39.846+0000] {logging_mixin.py:190} INFO - [2024-11-03T05:40:39.845+0000] {dag.py:4180} INFO - Setting next_dagrun for example_bash_operator to 2024-11-02 00:00:00+00:00, run_after=2024-11-03 00:00:00+00:00
[2024-11-03T05:40:39.872+0000] {processor.py:208} INFO - Processing /home/airflow/.local/lib/python3.12/site-packages/airflow/example_dags/example_bash_operator.py took 0.108 seconds
[2024-11-03T05:41:10.394+0000] {processor.py:186} INFO - Started process (PID=6952) to work on /home/airflow/.local/lib/python3.12/site-packages/airflow/example_dags/example_bash_operator.py
[2024-11-03T05:41:10.395+0000] {processor.py:914} INFO - Processing file /home/airflow/.local/lib/python3.12/site-packages/airflow/example_dags/example_bash_operator.py for tasks to queue
[2024-11-03T05:41:10.398+0000] {logging_mixin.py:190} INFO - [2024-11-03T05:41:10.398+0000] {dagbag.py:588} INFO - Filling up the DagBag from /home/airflow/.local/lib/python3.12/site-packages/airflow/example_dags/example_bash_operator.py
[2024-11-03T05:41:10.412+0000] {processor.py:925} INFO - DAG(s) 'example_bash_operator' retrieved from /home/airflow/.local/lib/python3.12/site-packages/airflow/example_dags/example_bash_operator.py
[2024-11-03T05:41:10.443+0000] {logging_mixin.py:190} INFO - [2024-11-03T05:41:10.443+0000] {dag.py:3239} INFO - Sync 1 DAGs
[2024-11-03T05:41:10.469+0000] {logging_mixin.py:190} INFO - [2024-11-03T05:41:10.469+0000] {dag.py:4180} INFO - Setting next_dagrun for example_bash_operator to 2024-11-02 00:00:00+00:00, run_after=2024-11-03 00:00:00+00:00
[2024-11-03T05:41:10.493+0000] {processor.py:208} INFO - Processing /home/airflow/.local/lib/python3.12/site-packages/airflow/example_dags/example_bash_operator.py took 0.104 seconds
[2024-11-03T05:41:41.044+0000] {processor.py:186} INFO - Started process (PID=7243) to work on /home/airflow/.local/lib/python3.12/site-packages/airflow/example_dags/example_bash_operator.py
[2024-11-03T05:41:41.046+0000] {processor.py:914} INFO - Processing file /home/airflow/.local/lib/python3.12/site-packages/airflow/example_dags/example_bash_operator.py for tasks to queue
[2024-11-03T05:41:41.048+0000] {logging_mixin.py:190} INFO - [2024-11-03T05:41:41.048+0000] {dagbag.py:588} INFO - Filling up the DagBag from /home/airflow/.local/lib/python3.12/site-packages/airflow/example_dags/example_bash_operator.py
[2024-11-03T05:41:41.063+0000] {processor.py:925} INFO - DAG(s) 'example_bash_operator' retrieved from /home/airflow/.local/lib/python3.12/site-packages/airflow/example_dags/example_bash_operator.py
[2024-11-03T05:41:41.092+0000] {logging_mixin.py:190} INFO - [2024-11-03T05:41:41.092+0000] {dag.py:3239} INFO - Sync 1 DAGs
[2024-11-03T05:41:41.118+0000] {logging_mixin.py:190} INFO - [2024-11-03T05:41:41.118+0000] {dag.py:4180} INFO - Setting next_dagrun for example_bash_operator to 2024-11-02 00:00:00+00:00, run_after=2024-11-03 00:00:00+00:00
[2024-11-03T05:41:41.141+0000] {processor.py:208} INFO - Processing /home/airflow/.local/lib/python3.12/site-packages/airflow/example_dags/example_bash_operator.py took 0.103 seconds
[2024-11-03T05:42:11.385+0000] {processor.py:186} INFO - Started process (PID=7534) to work on /home/airflow/.local/lib/python3.12/site-packages/airflow/example_dags/example_bash_operator.py
[2024-11-03T05:42:11.387+0000] {processor.py:914} INFO - Processing file /home/airflow/.local/lib/python3.12/site-packages/airflow/example_dags/example_bash_operator.py for tasks to queue
[2024-11-03T05:42:11.389+0000] {logging_mixin.py:190} INFO - [2024-11-03T05:42:11.389+0000] {dagbag.py:588} INFO - Filling up the DagBag from /home/airflow/.local/lib/python3.12/site-packages/airflow/example_dags/example_bash_operator.py
[2024-11-03T05:42:11.406+0000] {processor.py:925} INFO - DAG(s) 'example_bash_operator' retrieved from /home/airflow/.local/lib/python3.12/site-packages/airflow/example_dags/example_bash_operator.py
[2024-11-03T05:42:11.445+0000] {logging_mixin.py:190} INFO - [2024-11-03T05:42:11.444+0000] {dag.py:3239} INFO - Sync 1 DAGs
[2024-11-03T05:42:11.472+0000] {logging_mixin.py:190} INFO - [2024-11-03T05:42:11.472+0000] {dag.py:4180} INFO - Setting next_dagrun for example_bash_operator to 2024-11-02 00:00:00+00:00, run_after=2024-11-03 00:00:00+00:00
[2024-11-03T05:42:11.494+0000] {processor.py:208} INFO - Processing /home/airflow/.local/lib/python3.12/site-packages/airflow/example_dags/example_bash_operator.py took 0.115 seconds
[2024-11-03T05:42:43.032+0000] {processor.py:186} INFO - Started process (PID=7826) to work on /home/airflow/.local/lib/python3.12/site-packages/airflow/example_dags/example_bash_operator.py
[2024-11-03T05:42:43.033+0000] {processor.py:914} INFO - Processing file /home/airflow/.local/lib/python3.12/site-packages/airflow/example_dags/example_bash_operator.py for tasks to queue
[2024-11-03T05:42:43.036+0000] {logging_mixin.py:190} INFO - [2024-11-03T05:42:43.035+0000] {dagbag.py:588} INFO - Filling up the DagBag from /home/airflow/.local/lib/python3.12/site-packages/airflow/example_dags/example_bash_operator.py
[2024-11-03T05:42:43.051+0000] {processor.py:925} INFO - DAG(s) 'example_bash_operator' retrieved from /home/airflow/.local/lib/python3.12/site-packages/airflow/example_dags/example_bash_operator.py
[2024-11-03T05:42:43.081+0000] {logging_mixin.py:190} INFO - [2024-11-03T05:42:43.080+0000] {dag.py:3239} INFO - Sync 1 DAGs
[2024-11-03T05:42:43.106+0000] {logging_mixin.py:190} INFO - [2024-11-03T05:42:43.106+0000] {dag.py:4180} INFO - Setting next_dagrun for example_bash_operator to 2024-11-02 00:00:00+00:00, run_after=2024-11-03 00:00:00+00:00
[2024-11-03T05:42:43.137+0000] {processor.py:208} INFO - Processing /home/airflow/.local/lib/python3.12/site-packages/airflow/example_dags/example_bash_operator.py took 0.111 seconds
[2024-11-03T05:43:13.924+0000] {processor.py:186} INFO - Started process (PID=8115) to work on /home/airflow/.local/lib/python3.12/site-packages/airflow/example_dags/example_bash_operator.py
[2024-11-03T05:43:13.925+0000] {processor.py:914} INFO - Processing file /home/airflow/.local/lib/python3.12/site-packages/airflow/example_dags/example_bash_operator.py for tasks to queue
[2024-11-03T05:43:13.927+0000] {logging_mixin.py:190} INFO - [2024-11-03T05:43:13.927+0000] {dagbag.py:588} INFO - Filling up the DagBag from /home/airflow/.local/lib/python3.12/site-packages/airflow/example_dags/example_bash_operator.py
[2024-11-03T05:43:13.948+0000] {processor.py:925} INFO - DAG(s) 'example_bash_operator' retrieved from /home/airflow/.local/lib/python3.12/site-packages/airflow/example_dags/example_bash_operator.py
[2024-11-03T05:43:13.979+0000] {logging_mixin.py:190} INFO - [2024-11-03T05:43:13.979+0000] {dag.py:3239} INFO - Sync 1 DAGs
[2024-11-03T05:43:14.004+0000] {logging_mixin.py:190} INFO - [2024-11-03T05:43:14.003+0000] {dag.py:4180} INFO - Setting next_dagrun for example_bash_operator to 2024-11-02 00:00:00+00:00, run_after=2024-11-03 00:00:00+00:00
[2024-11-03T05:43:14.025+0000] {processor.py:208} INFO - Processing /home/airflow/.local/lib/python3.12/site-packages/airflow/example_dags/example_bash_operator.py took 0.108 seconds
[2024-11-03T05:43:44.200+0000] {processor.py:186} INFO - Started process (PID=8406) to work on /home/airflow/.local/lib/python3.12/site-packages/airflow/example_dags/example_bash_operator.py
[2024-11-03T05:43:44.201+0000] {processor.py:914} INFO - Processing file /home/airflow/.local/lib/python3.12/site-packages/airflow/example_dags/example_bash_operator.py for tasks to queue
[2024-11-03T05:43:44.204+0000] {logging_mixin.py:190} INFO - [2024-11-03T05:43:44.203+0000] {dagbag.py:588} INFO - Filling up the DagBag from /home/airflow/.local/lib/python3.12/site-packages/airflow/example_dags/example_bash_operator.py
[2024-11-03T05:43:44.217+0000] {processor.py:925} INFO - DAG(s) 'example_bash_operator' retrieved from /home/airflow/.local/lib/python3.12/site-packages/airflow/example_dags/example_bash_operator.py
[2024-11-03T05:43:44.246+0000] {logging_mixin.py:190} INFO - [2024-11-03T05:43:44.246+0000] {dag.py:3239} INFO - Sync 1 DAGs
[2024-11-03T05:43:44.273+0000] {logging_mixin.py:190} INFO - [2024-11-03T05:43:44.272+0000] {dag.py:4180} INFO - Setting next_dagrun for example_bash_operator to 2024-11-02 00:00:00+00:00, run_after=2024-11-03 00:00:00+00:00
[2024-11-03T05:43:44.293+0000] {processor.py:208} INFO - Processing /home/airflow/.local/lib/python3.12/site-packages/airflow/example_dags/example_bash_operator.py took 0.099 seconds
[2024-11-03T05:44:14.649+0000] {processor.py:186} INFO - Started process (PID=8699) to work on /home/airflow/.local/lib/python3.12/site-packages/airflow/example_dags/example_bash_operator.py
[2024-11-03T05:44:14.650+0000] {processor.py:914} INFO - Processing file /home/airflow/.local/lib/python3.12/site-packages/airflow/example_dags/example_bash_operator.py for tasks to queue
[2024-11-03T05:44:14.652+0000] {logging_mixin.py:190} INFO - [2024-11-03T05:44:14.652+0000] {dagbag.py:588} INFO - Filling up the DagBag from /home/airflow/.local/lib/python3.12/site-packages/airflow/example_dags/example_bash_operator.py
[2024-11-03T05:44:14.674+0000] {processor.py:925} INFO - DAG(s) 'example_bash_operator' retrieved from /home/airflow/.local/lib/python3.12/site-packages/airflow/example_dags/example_bash_operator.py
[2024-11-03T05:44:14.711+0000] {logging_mixin.py:190} INFO - [2024-11-03T05:44:14.710+0000] {dag.py:3239} INFO - Sync 1 DAGs
[2024-11-03T05:44:14.738+0000] {logging_mixin.py:190} INFO - [2024-11-03T05:44:14.737+0000] {dag.py:4180} INFO - Setting next_dagrun for example_bash_operator to 2024-11-02 00:00:00+00:00, run_after=2024-11-03 00:00:00+00:00
[2024-11-03T05:44:14.769+0000] {processor.py:208} INFO - Processing /home/airflow/.local/lib/python3.12/site-packages/airflow/example_dags/example_bash_operator.py took 0.127 seconds
[2024-11-03T05:44:45.017+0000] {processor.py:186} INFO - Started process (PID=8990) to work on /home/airflow/.local/lib/python3.12/site-packages/airflow/example_dags/example_bash_operator.py
[2024-11-03T05:44:45.018+0000] {processor.py:914} INFO - Processing file /home/airflow/.local/lib/python3.12/site-packages/airflow/example_dags/example_bash_operator.py for tasks to queue
[2024-11-03T05:44:45.021+0000] {logging_mixin.py:190} INFO - [2024-11-03T05:44:45.021+0000] {dagbag.py:588} INFO - Filling up the DagBag from /home/airflow/.local/lib/python3.12/site-packages/airflow/example_dags/example_bash_operator.py
[2024-11-03T05:44:45.037+0000] {processor.py:925} INFO - DAG(s) 'example_bash_operator' retrieved from /home/airflow/.local/lib/python3.12/site-packages/airflow/example_dags/example_bash_operator.py
[2024-11-03T05:44:45.067+0000] {logging_mixin.py:190} INFO - [2024-11-03T05:44:45.066+0000] {dag.py:3239} INFO - Sync 1 DAGs
[2024-11-03T05:44:45.094+0000] {logging_mixin.py:190} INFO - [2024-11-03T05:44:45.093+0000] {dag.py:4180} INFO - Setting next_dagrun for example_bash_operator to 2024-11-02 00:00:00+00:00, run_after=2024-11-03 00:00:00+00:00
[2024-11-03T05:44:45.118+0000] {processor.py:208} INFO - Processing /home/airflow/.local/lib/python3.12/site-packages/airflow/example_dags/example_bash_operator.py took 0.109 seconds
[2024-11-03T05:45:16.019+0000] {processor.py:186} INFO - Started process (PID=9279) to work on /home/airflow/.local/lib/python3.12/site-packages/airflow/example_dags/example_bash_operator.py
[2024-11-03T05:45:16.020+0000] {processor.py:914} INFO - Processing file /home/airflow/.local/lib/python3.12/site-packages/airflow/example_dags/example_bash_operator.py for tasks to queue
[2024-11-03T05:45:16.023+0000] {logging_mixin.py:190} INFO - [2024-11-03T05:45:16.022+0000] {dagbag.py:588} INFO - Filling up the DagBag from /home/airflow/.local/lib/python3.12/site-packages/airflow/example_dags/example_bash_operator.py
[2024-11-03T05:45:16.036+0000] {processor.py:925} INFO - DAG(s) 'example_bash_operator' retrieved from /home/airflow/.local/lib/python3.12/site-packages/airflow/example_dags/example_bash_operator.py
[2024-11-03T05:45:16.065+0000] {logging_mixin.py:190} INFO - [2024-11-03T05:45:16.065+0000] {dag.py:3239} INFO - Sync 1 DAGs
[2024-11-03T05:45:16.090+0000] {logging_mixin.py:190} INFO - [2024-11-03T05:45:16.090+0000] {dag.py:4180} INFO - Setting next_dagrun for example_bash_operator to 2024-11-02 00:00:00+00:00, run_after=2024-11-03 00:00:00+00:00
[2024-11-03T05:45:16.116+0000] {processor.py:208} INFO - Processing /home/airflow/.local/lib/python3.12/site-packages/airflow/example_dags/example_bash_operator.py took 0.103 seconds
[2024-11-03T05:45:46.407+0000] {processor.py:186} INFO - Started process (PID=9570) to work on /home/airflow/.local/lib/python3.12/site-packages/airflow/example_dags/example_bash_operator.py
[2024-11-03T05:45:46.408+0000] {processor.py:914} INFO - Processing file /home/airflow/.local/lib/python3.12/site-packages/airflow/example_dags/example_bash_operator.py for tasks to queue
[2024-11-03T05:45:46.410+0000] {logging_mixin.py:190} INFO - [2024-11-03T05:45:46.410+0000] {dagbag.py:588} INFO - Filling up the DagBag from /home/airflow/.local/lib/python3.12/site-packages/airflow/example_dags/example_bash_operator.py
[2024-11-03T05:45:46.425+0000] {processor.py:925} INFO - DAG(s) 'example_bash_operator' retrieved from /home/airflow/.local/lib/python3.12/site-packages/airflow/example_dags/example_bash_operator.py
[2024-11-03T05:45:46.455+0000] {logging_mixin.py:190} INFO - [2024-11-03T05:45:46.454+0000] {dag.py:3239} INFO - Sync 1 DAGs
[2024-11-03T05:45:46.487+0000] {logging_mixin.py:190} INFO - [2024-11-03T05:45:46.486+0000] {dag.py:4180} INFO - Setting next_dagrun for example_bash_operator to 2024-11-02 00:00:00+00:00, run_after=2024-11-03 00:00:00+00:00
[2024-11-03T05:45:46.515+0000] {processor.py:208} INFO - Processing /home/airflow/.local/lib/python3.12/site-packages/airflow/example_dags/example_bash_operator.py took 0.115 seconds
[2024-11-03T05:46:17.415+0000] {processor.py:186} INFO - Started process (PID=9863) to work on /home/airflow/.local/lib/python3.12/site-packages/airflow/example_dags/example_bash_operator.py
[2024-11-03T05:46:17.416+0000] {processor.py:914} INFO - Processing file /home/airflow/.local/lib/python3.12/site-packages/airflow/example_dags/example_bash_operator.py for tasks to queue
[2024-11-03T05:46:17.419+0000] {logging_mixin.py:190} INFO - [2024-11-03T05:46:17.419+0000] {dagbag.py:588} INFO - Filling up the DagBag from /home/airflow/.local/lib/python3.12/site-packages/airflow/example_dags/example_bash_operator.py
[2024-11-03T05:46:17.438+0000] {processor.py:925} INFO - DAG(s) 'example_bash_operator' retrieved from /home/airflow/.local/lib/python3.12/site-packages/airflow/example_dags/example_bash_operator.py
[2024-11-03T05:46:17.487+0000] {logging_mixin.py:190} INFO - [2024-11-03T05:46:17.486+0000] {dag.py:3239} INFO - Sync 1 DAGs
[2024-11-03T05:46:17.524+0000] {logging_mixin.py:190} INFO - [2024-11-03T05:46:17.524+0000] {dag.py:4180} INFO - Setting next_dagrun for example_bash_operator to 2024-11-02 00:00:00+00:00, run_after=2024-11-03 00:00:00+00:00
[2024-11-03T05:46:17.567+0000] {processor.py:208} INFO - Processing /home/airflow/.local/lib/python3.12/site-packages/airflow/example_dags/example_bash_operator.py took 0.160 seconds
[2024-11-03T05:46:47.873+0000] {processor.py:186} INFO - Started process (PID=10152) to work on /home/airflow/.local/lib/python3.12/site-packages/airflow/example_dags/example_bash_operator.py
[2024-11-03T05:46:47.874+0000] {processor.py:914} INFO - Processing file /home/airflow/.local/lib/python3.12/site-packages/airflow/example_dags/example_bash_operator.py for tasks to queue
[2024-11-03T05:46:47.876+0000] {logging_mixin.py:190} INFO - [2024-11-03T05:46:47.876+0000] {dagbag.py:588} INFO - Filling up the DagBag from /home/airflow/.local/lib/python3.12/site-packages/airflow/example_dags/example_bash_operator.py
[2024-11-03T05:46:47.889+0000] {processor.py:925} INFO - DAG(s) 'example_bash_operator' retrieved from /home/airflow/.local/lib/python3.12/site-packages/airflow/example_dags/example_bash_operator.py
[2024-11-03T05:46:47.922+0000] {logging_mixin.py:190} INFO - [2024-11-03T05:46:47.921+0000] {dag.py:3239} INFO - Sync 1 DAGs
[2024-11-03T05:46:47.946+0000] {logging_mixin.py:190} INFO - [2024-11-03T05:46:47.946+0000] {dag.py:4180} INFO - Setting next_dagrun for example_bash_operator to 2024-11-02 00:00:00+00:00, run_after=2024-11-03 00:00:00+00:00
[2024-11-03T05:46:47.967+0000] {processor.py:208} INFO - Processing /home/airflow/.local/lib/python3.12/site-packages/airflow/example_dags/example_bash_operator.py took 0.100 seconds
[2024-11-03T05:47:18.181+0000] {processor.py:186} INFO - Started process (PID=10443) to work on /home/airflow/.local/lib/python3.12/site-packages/airflow/example_dags/example_bash_operator.py
[2024-11-03T05:47:18.182+0000] {processor.py:914} INFO - Processing file /home/airflow/.local/lib/python3.12/site-packages/airflow/example_dags/example_bash_operator.py for tasks to queue
[2024-11-03T05:47:18.184+0000] {logging_mixin.py:190} INFO - [2024-11-03T05:47:18.184+0000] {dagbag.py:588} INFO - Filling up the DagBag from /home/airflow/.local/lib/python3.12/site-packages/airflow/example_dags/example_bash_operator.py
[2024-11-03T05:47:18.200+0000] {processor.py:925} INFO - DAG(s) 'example_bash_operator' retrieved from /home/airflow/.local/lib/python3.12/site-packages/airflow/example_dags/example_bash_operator.py
[2024-11-03T05:47:18.230+0000] {logging_mixin.py:190} INFO - [2024-11-03T05:47:18.230+0000] {dag.py:3239} INFO - Sync 1 DAGs
[2024-11-03T05:47:18.258+0000] {logging_mixin.py:190} INFO - [2024-11-03T05:47:18.257+0000] {dag.py:4180} INFO - Setting next_dagrun for example_bash_operator to 2024-11-02 00:00:00+00:00, run_after=2024-11-03 00:00:00+00:00
[2024-11-03T05:47:18.279+0000] {processor.py:208} INFO - Processing /home/airflow/.local/lib/python3.12/site-packages/airflow/example_dags/example_bash_operator.py took 0.105 seconds
[2024-11-03T05:47:48.662+0000] {processor.py:186} INFO - Started process (PID=10734) to work on /home/airflow/.local/lib/python3.12/site-packages/airflow/example_dags/example_bash_operator.py
[2024-11-03T05:47:48.663+0000] {processor.py:914} INFO - Processing file /home/airflow/.local/lib/python3.12/site-packages/airflow/example_dags/example_bash_operator.py for tasks to queue
[2024-11-03T05:47:48.665+0000] {logging_mixin.py:190} INFO - [2024-11-03T05:47:48.665+0000] {dagbag.py:588} INFO - Filling up the DagBag from /home/airflow/.local/lib/python3.12/site-packages/airflow/example_dags/example_bash_operator.py
[2024-11-03T05:47:48.679+0000] {processor.py:925} INFO - DAG(s) 'example_bash_operator' retrieved from /home/airflow/.local/lib/python3.12/site-packages/airflow/example_dags/example_bash_operator.py
[2024-11-03T05:47:48.709+0000] {logging_mixin.py:190} INFO - [2024-11-03T05:47:48.709+0000] {dag.py:3239} INFO - Sync 1 DAGs
[2024-11-03T05:47:48.736+0000] {logging_mixin.py:190} INFO - [2024-11-03T05:47:48.736+0000] {dag.py:4180} INFO - Setting next_dagrun for example_bash_operator to 2024-11-02 00:00:00+00:00, run_after=2024-11-03 00:00:00+00:00
[2024-11-03T05:47:48.757+0000] {processor.py:208} INFO - Processing /home/airflow/.local/lib/python3.12/site-packages/airflow/example_dags/example_bash_operator.py took 0.101 seconds
[2024-11-03T05:48:19.112+0000] {processor.py:186} INFO - Started process (PID=11025) to work on /home/airflow/.local/lib/python3.12/site-packages/airflow/example_dags/example_bash_operator.py
[2024-11-03T05:48:19.113+0000] {processor.py:914} INFO - Processing file /home/airflow/.local/lib/python3.12/site-packages/airflow/example_dags/example_bash_operator.py for tasks to queue
[2024-11-03T05:48:19.115+0000] {logging_mixin.py:190} INFO - [2024-11-03T05:48:19.115+0000] {dagbag.py:588} INFO - Filling up the DagBag from /home/airflow/.local/lib/python3.12/site-packages/airflow/example_dags/example_bash_operator.py
[2024-11-03T05:48:19.129+0000] {processor.py:925} INFO - DAG(s) 'example_bash_operator' retrieved from /home/airflow/.local/lib/python3.12/site-packages/airflow/example_dags/example_bash_operator.py
[2024-11-03T05:48:19.160+0000] {logging_mixin.py:190} INFO - [2024-11-03T05:48:19.159+0000] {dag.py:3239} INFO - Sync 1 DAGs
[2024-11-03T05:48:19.187+0000] {logging_mixin.py:190} INFO - [2024-11-03T05:48:19.187+0000] {dag.py:4180} INFO - Setting next_dagrun for example_bash_operator to 2024-11-02 00:00:00+00:00, run_after=2024-11-03 00:00:00+00:00
[2024-11-03T05:48:19.210+0000] {processor.py:208} INFO - Processing /home/airflow/.local/lib/python3.12/site-packages/airflow/example_dags/example_bash_operator.py took 0.104 seconds
[2024-11-03T05:48:50.467+0000] {processor.py:186} INFO - Started process (PID=11322) to work on /home/airflow/.local/lib/python3.12/site-packages/airflow/example_dags/example_bash_operator.py
[2024-11-03T05:48:50.468+0000] {processor.py:914} INFO - Processing file /home/airflow/.local/lib/python3.12/site-packages/airflow/example_dags/example_bash_operator.py for tasks to queue
[2024-11-03T05:48:50.470+0000] {logging_mixin.py:190} INFO - [2024-11-03T05:48:50.470+0000] {dagbag.py:588} INFO - Filling up the DagBag from /home/airflow/.local/lib/python3.12/site-packages/airflow/example_dags/example_bash_operator.py
[2024-11-03T05:48:50.485+0000] {processor.py:925} INFO - DAG(s) 'example_bash_operator' retrieved from /home/airflow/.local/lib/python3.12/site-packages/airflow/example_dags/example_bash_operator.py
[2024-11-03T05:48:50.521+0000] {logging_mixin.py:190} INFO - [2024-11-03T05:48:50.521+0000] {dag.py:3239} INFO - Sync 1 DAGs
[2024-11-03T05:48:50.547+0000] {logging_mixin.py:190} INFO - [2024-11-03T05:48:50.547+0000] {dag.py:4180} INFO - Setting next_dagrun for example_bash_operator to 2024-11-02 00:00:00+00:00, run_after=2024-11-03 00:00:00+00:00
[2024-11-03T05:48:50.577+0000] {processor.py:208} INFO - Processing /home/airflow/.local/lib/python3.12/site-packages/airflow/example_dags/example_bash_operator.py took 0.118 seconds
[2024-11-03T05:49:21.471+0000] {processor.py:186} INFO - Started process (PID=11613) to work on /home/airflow/.local/lib/python3.12/site-packages/airflow/example_dags/example_bash_operator.py
[2024-11-03T05:49:21.472+0000] {processor.py:914} INFO - Processing file /home/airflow/.local/lib/python3.12/site-packages/airflow/example_dags/example_bash_operator.py for tasks to queue
[2024-11-03T05:49:21.475+0000] {logging_mixin.py:190} INFO - [2024-11-03T05:49:21.474+0000] {dagbag.py:588} INFO - Filling up the DagBag from /home/airflow/.local/lib/python3.12/site-packages/airflow/example_dags/example_bash_operator.py
[2024-11-03T05:49:21.489+0000] {processor.py:925} INFO - DAG(s) 'example_bash_operator' retrieved from /home/airflow/.local/lib/python3.12/site-packages/airflow/example_dags/example_bash_operator.py
[2024-11-03T05:49:21.519+0000] {logging_mixin.py:190} INFO - [2024-11-03T05:49:21.518+0000] {dag.py:3239} INFO - Sync 1 DAGs
[2024-11-03T05:49:21.545+0000] {logging_mixin.py:190} INFO - [2024-11-03T05:49:21.545+0000] {dag.py:4180} INFO - Setting next_dagrun for example_bash_operator to 2024-11-02 00:00:00+00:00, run_after=2024-11-03 00:00:00+00:00
[2024-11-03T05:49:21.568+0000] {processor.py:208} INFO - Processing /home/airflow/.local/lib/python3.12/site-packages/airflow/example_dags/example_bash_operator.py took 0.104 seconds
[2024-11-03T05:49:51.898+0000] {processor.py:186} INFO - Started process (PID=11904) to work on /home/airflow/.local/lib/python3.12/site-packages/airflow/example_dags/example_bash_operator.py
[2024-11-03T05:49:51.899+0000] {processor.py:914} INFO - Processing file /home/airflow/.local/lib/python3.12/site-packages/airflow/example_dags/example_bash_operator.py for tasks to queue
[2024-11-03T05:49:51.902+0000] {logging_mixin.py:190} INFO - [2024-11-03T05:49:51.901+0000] {dagbag.py:588} INFO - Filling up the DagBag from /home/airflow/.local/lib/python3.12/site-packages/airflow/example_dags/example_bash_operator.py
[2024-11-03T05:49:51.920+0000] {processor.py:925} INFO - DAG(s) 'example_bash_operator' retrieved from /home/airflow/.local/lib/python3.12/site-packages/airflow/example_dags/example_bash_operator.py
[2024-11-03T05:49:51.957+0000] {logging_mixin.py:190} INFO - [2024-11-03T05:49:51.957+0000] {dag.py:3239} INFO - Sync 1 DAGs
[2024-11-03T05:49:51.999+0000] {logging_mixin.py:190} INFO - [2024-11-03T05:49:51.998+0000] {dag.py:4180} INFO - Setting next_dagrun for example_bash_operator to 2024-11-02 00:00:00+00:00, run_after=2024-11-03 00:00:00+00:00
[2024-11-03T05:49:52.025+0000] {processor.py:208} INFO - Processing /home/airflow/.local/lib/python3.12/site-packages/airflow/example_dags/example_bash_operator.py took 0.133 seconds
[2024-11-03T05:50:22.484+0000] {processor.py:186} INFO - Started process (PID=12195) to work on /home/airflow/.local/lib/python3.12/site-packages/airflow/example_dags/example_bash_operator.py
[2024-11-03T05:50:22.485+0000] {processor.py:914} INFO - Processing file /home/airflow/.local/lib/python3.12/site-packages/airflow/example_dags/example_bash_operator.py for tasks to queue
[2024-11-03T05:50:22.487+0000] {logging_mixin.py:190} INFO - [2024-11-03T05:50:22.487+0000] {dagbag.py:588} INFO - Filling up the DagBag from /home/airflow/.local/lib/python3.12/site-packages/airflow/example_dags/example_bash_operator.py
[2024-11-03T05:50:22.500+0000] {processor.py:925} INFO - DAG(s) 'example_bash_operator' retrieved from /home/airflow/.local/lib/python3.12/site-packages/airflow/example_dags/example_bash_operator.py
[2024-11-03T05:50:22.531+0000] {logging_mixin.py:190} INFO - [2024-11-03T05:50:22.530+0000] {dag.py:3239} INFO - Sync 1 DAGs
[2024-11-03T05:50:22.555+0000] {logging_mixin.py:190} INFO - [2024-11-03T05:50:22.555+0000] {dag.py:4180} INFO - Setting next_dagrun for example_bash_operator to 2024-11-02 00:00:00+00:00, run_after=2024-11-03 00:00:00+00:00
[2024-11-03T05:50:22.577+0000] {processor.py:208} INFO - Processing /home/airflow/.local/lib/python3.12/site-packages/airflow/example_dags/example_bash_operator.py took 0.099 seconds
[2024-11-03T05:50:52.904+0000] {processor.py:186} INFO - Started process (PID=12486) to work on /home/airflow/.local/lib/python3.12/site-packages/airflow/example_dags/example_bash_operator.py
[2024-11-03T05:50:52.905+0000] {processor.py:914} INFO - Processing file /home/airflow/.local/lib/python3.12/site-packages/airflow/example_dags/example_bash_operator.py for tasks to queue
[2024-11-03T05:50:52.907+0000] {logging_mixin.py:190} INFO - [2024-11-03T05:50:52.907+0000] {dagbag.py:588} INFO - Filling up the DagBag from /home/airflow/.local/lib/python3.12/site-packages/airflow/example_dags/example_bash_operator.py
[2024-11-03T05:50:52.920+0000] {processor.py:925} INFO - DAG(s) 'example_bash_operator' retrieved from /home/airflow/.local/lib/python3.12/site-packages/airflow/example_dags/example_bash_operator.py
[2024-11-03T05:50:52.949+0000] {logging_mixin.py:190} INFO - [2024-11-03T05:50:52.949+0000] {dag.py:3239} INFO - Sync 1 DAGs
[2024-11-03T05:50:52.974+0000] {logging_mixin.py:190} INFO - [2024-11-03T05:50:52.974+0000] {dag.py:4180} INFO - Setting next_dagrun for example_bash_operator to 2024-11-02 00:00:00+00:00, run_after=2024-11-03 00:00:00+00:00
[2024-11-03T05:50:52.995+0000] {processor.py:208} INFO - Processing /home/airflow/.local/lib/python3.12/site-packages/airflow/example_dags/example_bash_operator.py took 0.097 seconds
[2024-11-03T05:52:50.896+0000] {processor.py:186} INFO - Started process (PID=237) to work on /home/airflow/.local/lib/python3.12/site-packages/airflow/example_dags/example_bash_operator.py
[2024-11-03T05:52:50.901+0000] {processor.py:914} INFO - Processing file /home/airflow/.local/lib/python3.12/site-packages/airflow/example_dags/example_bash_operator.py for tasks to queue
[2024-11-03T05:52:50.909+0000] {logging_mixin.py:190} INFO - [2024-11-03T05:52:50.909+0000] {dagbag.py:588} INFO - Filling up the DagBag from /home/airflow/.local/lib/python3.12/site-packages/airflow/example_dags/example_bash_operator.py
[2024-11-03T05:52:50.948+0000] {processor.py:925} INFO - DAG(s) 'example_bash_operator' retrieved from /home/airflow/.local/lib/python3.12/site-packages/airflow/example_dags/example_bash_operator.py
[2024-11-03T05:52:51.062+0000] {logging_mixin.py:190} INFO - [2024-11-03T05:52:51.062+0000] {dag.py:3239} INFO - Sync 1 DAGs
[2024-11-03T05:52:51.141+0000] {logging_mixin.py:190} INFO - [2024-11-03T05:52:51.140+0000] {dag.py:4180} INFO - Setting next_dagrun for example_bash_operator to 2024-11-02 00:00:00+00:00, run_after=2024-11-03 00:00:00+00:00
[2024-11-03T05:52:51.191+0000] {processor.py:208} INFO - Processing /home/airflow/.local/lib/python3.12/site-packages/airflow/example_dags/example_bash_operator.py took 0.310 seconds
[2024-11-03T05:53:21.252+0000] {processor.py:186} INFO - Started process (PID=528) to work on /home/airflow/.local/lib/python3.12/site-packages/airflow/example_dags/example_bash_operator.py
[2024-11-03T05:53:21.253+0000] {processor.py:914} INFO - Processing file /home/airflow/.local/lib/python3.12/site-packages/airflow/example_dags/example_bash_operator.py for tasks to queue
[2024-11-03T05:53:21.255+0000] {logging_mixin.py:190} INFO - [2024-11-03T05:53:21.255+0000] {dagbag.py:588} INFO - Filling up the DagBag from /home/airflow/.local/lib/python3.12/site-packages/airflow/example_dags/example_bash_operator.py
[2024-11-03T05:53:21.268+0000] {processor.py:925} INFO - DAG(s) 'example_bash_operator' retrieved from /home/airflow/.local/lib/python3.12/site-packages/airflow/example_dags/example_bash_operator.py
[2024-11-03T05:53:21.297+0000] {logging_mixin.py:190} INFO - [2024-11-03T05:53:21.297+0000] {dag.py:3239} INFO - Sync 1 DAGs
[2024-11-03T05:53:21.324+0000] {logging_mixin.py:190} INFO - [2024-11-03T05:53:21.324+0000] {dag.py:4180} INFO - Setting next_dagrun for example_bash_operator to 2024-11-02 00:00:00+00:00, run_after=2024-11-03 00:00:00+00:00
[2024-11-03T05:53:21.347+0000] {processor.py:208} INFO - Processing /home/airflow/.local/lib/python3.12/site-packages/airflow/example_dags/example_bash_operator.py took 0.101 seconds
[2024-11-03T05:53:51.825+0000] {processor.py:186} INFO - Started process (PID=819) to work on /home/airflow/.local/lib/python3.12/site-packages/airflow/example_dags/example_bash_operator.py
[2024-11-03T05:53:51.826+0000] {processor.py:914} INFO - Processing file /home/airflow/.local/lib/python3.12/site-packages/airflow/example_dags/example_bash_operator.py for tasks to queue
[2024-11-03T05:53:51.829+0000] {logging_mixin.py:190} INFO - [2024-11-03T05:53:51.829+0000] {dagbag.py:588} INFO - Filling up the DagBag from /home/airflow/.local/lib/python3.12/site-packages/airflow/example_dags/example_bash_operator.py
[2024-11-03T05:53:51.843+0000] {processor.py:925} INFO - DAG(s) 'example_bash_operator' retrieved from /home/airflow/.local/lib/python3.12/site-packages/airflow/example_dags/example_bash_operator.py
[2024-11-03T05:53:51.871+0000] {logging_mixin.py:190} INFO - [2024-11-03T05:53:51.871+0000] {dag.py:3239} INFO - Sync 1 DAGs
[2024-11-03T05:53:51.897+0000] {logging_mixin.py:190} INFO - [2024-11-03T05:53:51.897+0000] {dag.py:4180} INFO - Setting next_dagrun for example_bash_operator to 2024-11-02 00:00:00+00:00, run_after=2024-11-03 00:00:00+00:00
[2024-11-03T05:53:51.918+0000] {processor.py:208} INFO - Processing /home/airflow/.local/lib/python3.12/site-packages/airflow/example_dags/example_bash_operator.py took 0.099 seconds
[2024-11-03T05:54:22.217+0000] {processor.py:186} INFO - Started process (PID=1110) to work on /home/airflow/.local/lib/python3.12/site-packages/airflow/example_dags/example_bash_operator.py
[2024-11-03T05:54:22.217+0000] {processor.py:914} INFO - Processing file /home/airflow/.local/lib/python3.12/site-packages/airflow/example_dags/example_bash_operator.py for tasks to queue
[2024-11-03T05:54:22.220+0000] {logging_mixin.py:190} INFO - [2024-11-03T05:54:22.219+0000] {dagbag.py:588} INFO - Filling up the DagBag from /home/airflow/.local/lib/python3.12/site-packages/airflow/example_dags/example_bash_operator.py
[2024-11-03T05:54:22.233+0000] {processor.py:925} INFO - DAG(s) 'example_bash_operator' retrieved from /home/airflow/.local/lib/python3.12/site-packages/airflow/example_dags/example_bash_operator.py
[2024-11-03T05:54:22.263+0000] {logging_mixin.py:190} INFO - [2024-11-03T05:54:22.263+0000] {dag.py:3239} INFO - Sync 1 DAGs
[2024-11-03T05:54:22.289+0000] {logging_mixin.py:190} INFO - [2024-11-03T05:54:22.289+0000] {dag.py:4180} INFO - Setting next_dagrun for example_bash_operator to 2024-11-02 00:00:00+00:00, run_after=2024-11-03 00:00:00+00:00
[2024-11-03T05:54:22.309+0000] {processor.py:208} INFO - Processing /home/airflow/.local/lib/python3.12/site-packages/airflow/example_dags/example_bash_operator.py took 0.098 seconds
[2024-11-03T05:54:52.387+0000] {processor.py:186} INFO - Started process (PID=1401) to work on /home/airflow/.local/lib/python3.12/site-packages/airflow/example_dags/example_bash_operator.py
[2024-11-03T05:54:52.388+0000] {processor.py:914} INFO - Processing file /home/airflow/.local/lib/python3.12/site-packages/airflow/example_dags/example_bash_operator.py for tasks to queue
[2024-11-03T05:54:52.390+0000] {logging_mixin.py:190} INFO - [2024-11-03T05:54:52.390+0000] {dagbag.py:588} INFO - Filling up the DagBag from /home/airflow/.local/lib/python3.12/site-packages/airflow/example_dags/example_bash_operator.py
[2024-11-03T05:54:52.403+0000] {processor.py:925} INFO - DAG(s) 'example_bash_operator' retrieved from /home/airflow/.local/lib/python3.12/site-packages/airflow/example_dags/example_bash_operator.py
[2024-11-03T05:54:52.441+0000] {logging_mixin.py:190} INFO - [2024-11-03T05:54:52.440+0000] {dag.py:3239} INFO - Sync 1 DAGs
[2024-11-03T05:54:52.472+0000] {logging_mixin.py:190} INFO - [2024-11-03T05:54:52.472+0000] {dag.py:4180} INFO - Setting next_dagrun for example_bash_operator to 2024-11-02 00:00:00+00:00, run_after=2024-11-03 00:00:00+00:00
[2024-11-03T05:54:52.498+0000] {processor.py:208} INFO - Processing /home/airflow/.local/lib/python3.12/site-packages/airflow/example_dags/example_bash_operator.py took 0.117 seconds
[2024-11-03T05:57:15.657+0000] {processor.py:186} INFO - Started process (PID=237) to work on /home/airflow/.local/lib/python3.12/site-packages/airflow/example_dags/example_bash_operator.py
[2024-11-03T05:57:15.658+0000] {processor.py:914} INFO - Processing file /home/airflow/.local/lib/python3.12/site-packages/airflow/example_dags/example_bash_operator.py for tasks to queue
[2024-11-03T05:57:15.661+0000] {logging_mixin.py:190} INFO - [2024-11-03T05:57:15.661+0000] {dagbag.py:588} INFO - Filling up the DagBag from /home/airflow/.local/lib/python3.12/site-packages/airflow/example_dags/example_bash_operator.py
[2024-11-03T05:57:15.677+0000] {processor.py:925} INFO - DAG(s) 'example_bash_operator' retrieved from /home/airflow/.local/lib/python3.12/site-packages/airflow/example_dags/example_bash_operator.py
[2024-11-03T05:57:15.752+0000] {logging_mixin.py:190} INFO - [2024-11-03T05:57:15.752+0000] {dag.py:3239} INFO - Sync 1 DAGs
[2024-11-03T05:57:15.834+0000] {logging_mixin.py:190} INFO - [2024-11-03T05:57:15.834+0000] {dag.py:4180} INFO - Setting next_dagrun for example_bash_operator to 2024-11-02 00:00:00+00:00, run_after=2024-11-03 00:00:00+00:00
[2024-11-03T05:57:15.862+0000] {processor.py:208} INFO - Processing /home/airflow/.local/lib/python3.12/site-packages/airflow/example_dags/example_bash_operator.py took 0.212 seconds
[2024-11-03T05:57:46.849+0000] {processor.py:186} INFO - Started process (PID=530) to work on /home/airflow/.local/lib/python3.12/site-packages/airflow/example_dags/example_bash_operator.py
[2024-11-03T05:57:46.850+0000] {processor.py:914} INFO - Processing file /home/airflow/.local/lib/python3.12/site-packages/airflow/example_dags/example_bash_operator.py for tasks to queue
[2024-11-03T05:57:46.852+0000] {logging_mixin.py:190} INFO - [2024-11-03T05:57:46.852+0000] {dagbag.py:588} INFO - Filling up the DagBag from /home/airflow/.local/lib/python3.12/site-packages/airflow/example_dags/example_bash_operator.py
[2024-11-03T05:57:46.866+0000] {processor.py:925} INFO - DAG(s) 'example_bash_operator' retrieved from /home/airflow/.local/lib/python3.12/site-packages/airflow/example_dags/example_bash_operator.py
[2024-11-03T05:57:46.895+0000] {logging_mixin.py:190} INFO - [2024-11-03T05:57:46.895+0000] {dag.py:3239} INFO - Sync 1 DAGs
[2024-11-03T05:57:46.920+0000] {logging_mixin.py:190} INFO - [2024-11-03T05:57:46.920+0000] {dag.py:4180} INFO - Setting next_dagrun for example_bash_operator to 2024-11-02 00:00:00+00:00, run_after=2024-11-03 00:00:00+00:00
[2024-11-03T05:57:46.943+0000] {processor.py:208} INFO - Processing /home/airflow/.local/lib/python3.12/site-packages/airflow/example_dags/example_bash_operator.py took 0.100 seconds
[2024-11-03T05:58:17.183+0000] {processor.py:186} INFO - Started process (PID=821) to work on /home/airflow/.local/lib/python3.12/site-packages/airflow/example_dags/example_bash_operator.py
[2024-11-03T05:58:17.184+0000] {processor.py:914} INFO - Processing file /home/airflow/.local/lib/python3.12/site-packages/airflow/example_dags/example_bash_operator.py for tasks to queue
[2024-11-03T05:58:17.187+0000] {logging_mixin.py:190} INFO - [2024-11-03T05:58:17.186+0000] {dagbag.py:588} INFO - Filling up the DagBag from /home/airflow/.local/lib/python3.12/site-packages/airflow/example_dags/example_bash_operator.py
[2024-11-03T05:58:17.199+0000] {processor.py:925} INFO - DAG(s) 'example_bash_operator' retrieved from /home/airflow/.local/lib/python3.12/site-packages/airflow/example_dags/example_bash_operator.py
[2024-11-03T05:58:17.228+0000] {logging_mixin.py:190} INFO - [2024-11-03T05:58:17.227+0000] {dag.py:3239} INFO - Sync 1 DAGs
[2024-11-03T05:58:17.253+0000] {logging_mixin.py:190} INFO - [2024-11-03T05:58:17.253+0000] {dag.py:4180} INFO - Setting next_dagrun for example_bash_operator to 2024-11-02 00:00:00+00:00, run_after=2024-11-03 00:00:00+00:00
[2024-11-03T05:58:17.274+0000] {processor.py:208} INFO - Processing /home/airflow/.local/lib/python3.12/site-packages/airflow/example_dags/example_bash_operator.py took 0.096 seconds
[2024-11-03T05:58:47.555+0000] {processor.py:186} INFO - Started process (PID=1112) to work on /home/airflow/.local/lib/python3.12/site-packages/airflow/example_dags/example_bash_operator.py
[2024-11-03T05:58:47.556+0000] {processor.py:914} INFO - Processing file /home/airflow/.local/lib/python3.12/site-packages/airflow/example_dags/example_bash_operator.py for tasks to queue
[2024-11-03T05:58:47.559+0000] {logging_mixin.py:190} INFO - [2024-11-03T05:58:47.558+0000] {dagbag.py:588} INFO - Filling up the DagBag from /home/airflow/.local/lib/python3.12/site-packages/airflow/example_dags/example_bash_operator.py
[2024-11-03T05:58:47.572+0000] {processor.py:925} INFO - DAG(s) 'example_bash_operator' retrieved from /home/airflow/.local/lib/python3.12/site-packages/airflow/example_dags/example_bash_operator.py
[2024-11-03T05:58:47.600+0000] {logging_mixin.py:190} INFO - [2024-11-03T05:58:47.600+0000] {dag.py:3239} INFO - Sync 1 DAGs
[2024-11-03T05:58:47.625+0000] {logging_mixin.py:190} INFO - [2024-11-03T05:58:47.625+0000] {dag.py:4180} INFO - Setting next_dagrun for example_bash_operator to 2024-11-02 00:00:00+00:00, run_after=2024-11-03 00:00:00+00:00
[2024-11-03T05:58:47.651+0000] {processor.py:208} INFO - Processing /home/airflow/.local/lib/python3.12/site-packages/airflow/example_dags/example_bash_operator.py took 0.101 seconds
[2024-11-03T05:59:18.477+0000] {processor.py:186} INFO - Started process (PID=1403) to work on /home/airflow/.local/lib/python3.12/site-packages/airflow/example_dags/example_bash_operator.py
[2024-11-03T05:59:18.479+0000] {processor.py:914} INFO - Processing file /home/airflow/.local/lib/python3.12/site-packages/airflow/example_dags/example_bash_operator.py for tasks to queue
[2024-11-03T05:59:18.481+0000] {logging_mixin.py:190} INFO - [2024-11-03T05:59:18.481+0000] {dagbag.py:588} INFO - Filling up the DagBag from /home/airflow/.local/lib/python3.12/site-packages/airflow/example_dags/example_bash_operator.py
[2024-11-03T05:59:18.494+0000] {processor.py:925} INFO - DAG(s) 'example_bash_operator' retrieved from /home/airflow/.local/lib/python3.12/site-packages/airflow/example_dags/example_bash_operator.py
[2024-11-03T05:59:18.523+0000] {logging_mixin.py:190} INFO - [2024-11-03T05:59:18.523+0000] {dag.py:3239} INFO - Sync 1 DAGs
[2024-11-03T05:59:18.549+0000] {logging_mixin.py:190} INFO - [2024-11-03T05:59:18.549+0000] {dag.py:4180} INFO - Setting next_dagrun for example_bash_operator to 2024-11-02 00:00:00+00:00, run_after=2024-11-03 00:00:00+00:00
[2024-11-03T05:59:18.573+0000] {processor.py:208} INFO - Processing /home/airflow/.local/lib/python3.12/site-packages/airflow/example_dags/example_bash_operator.py took 0.101 seconds
[2024-11-03T05:59:49.488+0000] {processor.py:186} INFO - Started process (PID=1694) to work on /home/airflow/.local/lib/python3.12/site-packages/airflow/example_dags/example_bash_operator.py
[2024-11-03T05:59:49.489+0000] {processor.py:914} INFO - Processing file /home/airflow/.local/lib/python3.12/site-packages/airflow/example_dags/example_bash_operator.py for tasks to queue
[2024-11-03T05:59:49.492+0000] {logging_mixin.py:190} INFO - [2024-11-03T05:59:49.492+0000] {dagbag.py:588} INFO - Filling up the DagBag from /home/airflow/.local/lib/python3.12/site-packages/airflow/example_dags/example_bash_operator.py
[2024-11-03T05:59:49.507+0000] {processor.py:925} INFO - DAG(s) 'example_bash_operator' retrieved from /home/airflow/.local/lib/python3.12/site-packages/airflow/example_dags/example_bash_operator.py
[2024-11-03T05:59:49.538+0000] {logging_mixin.py:190} INFO - [2024-11-03T05:59:49.538+0000] {dag.py:3239} INFO - Sync 1 DAGs
[2024-11-03T05:59:49.564+0000] {logging_mixin.py:190} INFO - [2024-11-03T05:59:49.564+0000] {dag.py:4180} INFO - Setting next_dagrun for example_bash_operator to 2024-11-02 00:00:00+00:00, run_after=2024-11-03 00:00:00+00:00
[2024-11-03T05:59:49.586+0000] {processor.py:208} INFO - Processing /home/airflow/.local/lib/python3.12/site-packages/airflow/example_dags/example_bash_operator.py took 0.105 seconds
[2024-11-03T06:00:20.392+0000] {processor.py:186} INFO - Started process (PID=1985) to work on /home/airflow/.local/lib/python3.12/site-packages/airflow/example_dags/example_bash_operator.py
[2024-11-03T06:00:20.393+0000] {processor.py:914} INFO - Processing file /home/airflow/.local/lib/python3.12/site-packages/airflow/example_dags/example_bash_operator.py for tasks to queue
[2024-11-03T06:00:20.396+0000] {logging_mixin.py:190} INFO - [2024-11-03T06:00:20.395+0000] {dagbag.py:588} INFO - Filling up the DagBag from /home/airflow/.local/lib/python3.12/site-packages/airflow/example_dags/example_bash_operator.py
[2024-11-03T06:00:20.410+0000] {processor.py:925} INFO - DAG(s) 'example_bash_operator' retrieved from /home/airflow/.local/lib/python3.12/site-packages/airflow/example_dags/example_bash_operator.py
[2024-11-03T06:00:20.445+0000] {logging_mixin.py:190} INFO - [2024-11-03T06:00:20.444+0000] {dag.py:3239} INFO - Sync 1 DAGs
[2024-11-03T06:00:20.473+0000] {logging_mixin.py:190} INFO - [2024-11-03T06:00:20.473+0000] {dag.py:4180} INFO - Setting next_dagrun for example_bash_operator to 2024-11-02 00:00:00+00:00, run_after=2024-11-03 00:00:00+00:00
[2024-11-03T06:00:20.499+0000] {processor.py:208} INFO - Processing /home/airflow/.local/lib/python3.12/site-packages/airflow/example_dags/example_bash_operator.py took 0.113 seconds
[2024-11-03T06:06:54.348+0000] {processor.py:186} INFO - Started process (PID=255) to work on /home/airflow/.local/lib/python3.12/site-packages/airflow/example_dags/example_bash_operator.py
[2024-11-03T06:06:54.349+0000] {processor.py:914} INFO - Processing file /home/airflow/.local/lib/python3.12/site-packages/airflow/example_dags/example_bash_operator.py for tasks to queue
[2024-11-03T06:06:54.352+0000] {logging_mixin.py:190} INFO - [2024-11-03T06:06:54.351+0000] {dagbag.py:588} INFO - Filling up the DagBag from /home/airflow/.local/lib/python3.12/site-packages/airflow/example_dags/example_bash_operator.py
[2024-11-03T06:06:54.368+0000] {processor.py:925} INFO - DAG(s) 'example_bash_operator' retrieved from /home/airflow/.local/lib/python3.12/site-packages/airflow/example_dags/example_bash_operator.py
[2024-11-03T06:06:54.542+0000] {logging_mixin.py:190} INFO - [2024-11-03T06:06:54.541+0000] {override.py:1900} INFO - Created Permission View: can edit on DAG:example_bash_operator
[2024-11-03T06:06:54.573+0000] {logging_mixin.py:190} INFO - [2024-11-03T06:06:54.573+0000] {override.py:1900} INFO - Created Permission View: can read on DAG:example_bash_operator
[2024-11-03T06:06:54.594+0000] {logging_mixin.py:190} INFO - [2024-11-03T06:06:54.594+0000] {override.py:1900} INFO - Created Permission View: can delete on DAG:example_bash_operator
[2024-11-03T06:06:54.607+0000] {logging_mixin.py:190} INFO - [2024-11-03T06:06:54.607+0000] {override.py:1900} INFO - Created Permission View: can create on DAG Run:example_bash_operator
[2024-11-03T06:06:54.617+0000] {logging_mixin.py:190} INFO - [2024-11-03T06:06:54.617+0000] {override.py:1900} INFO - Created Permission View: menu access on DAG Run:example_bash_operator
[2024-11-03T06:06:54.627+0000] {logging_mixin.py:190} INFO - [2024-11-03T06:06:54.627+0000] {override.py:1900} INFO - Created Permission View: can read on DAG Run:example_bash_operator
[2024-11-03T06:06:54.639+0000] {logging_mixin.py:190} INFO - [2024-11-03T06:06:54.638+0000] {override.py:1900} INFO - Created Permission View: can delete on DAG Run:example_bash_operator
[2024-11-03T06:06:54.640+0000] {logging_mixin.py:190} INFO - [2024-11-03T06:06:54.640+0000] {dag.py:3239} INFO - Sync 1 DAGs
[2024-11-03T06:06:54.655+0000] {logging_mixin.py:190} INFO - [2024-11-03T06:06:54.655+0000] {dag.py:3262} INFO - Creating ORM DAG for example_bash_operator
[2024-11-03T06:06:54.668+0000] {logging_mixin.py:190} INFO - [2024-11-03T06:06:54.668+0000] {dag.py:4180} INFO - Setting next_dagrun for example_bash_operator to 2024-11-02 00:00:00+00:00, run_after=2024-11-03 00:00:00+00:00
[2024-11-03T06:06:54.704+0000] {processor.py:208} INFO - Processing /home/airflow/.local/lib/python3.12/site-packages/airflow/example_dags/example_bash_operator.py took 0.362 seconds
[2024-11-03T06:07:25.041+0000] {processor.py:186} INFO - Started process (PID=546) to work on /home/airflow/.local/lib/python3.12/site-packages/airflow/example_dags/example_bash_operator.py
[2024-11-03T06:07:25.042+0000] {processor.py:914} INFO - Processing file /home/airflow/.local/lib/python3.12/site-packages/airflow/example_dags/example_bash_operator.py for tasks to queue
[2024-11-03T06:07:25.045+0000] {logging_mixin.py:190} INFO - [2024-11-03T06:07:25.044+0000] {dagbag.py:588} INFO - Filling up the DagBag from /home/airflow/.local/lib/python3.12/site-packages/airflow/example_dags/example_bash_operator.py
[2024-11-03T06:07:25.077+0000] {processor.py:925} INFO - DAG(s) 'example_bash_operator' retrieved from /home/airflow/.local/lib/python3.12/site-packages/airflow/example_dags/example_bash_operator.py
[2024-11-03T06:07:25.115+0000] {logging_mixin.py:190} INFO - [2024-11-03T06:07:25.115+0000] {dag.py:3239} INFO - Sync 1 DAGs
[2024-11-03T06:07:25.149+0000] {logging_mixin.py:190} INFO - [2024-11-03T06:07:25.149+0000] {dag.py:4180} INFO - Setting next_dagrun for example_bash_operator to 2024-11-02 00:00:00+00:00, run_after=2024-11-03 00:00:00+00:00
[2024-11-03T06:07:25.183+0000] {processor.py:208} INFO - Processing /home/airflow/.local/lib/python3.12/site-packages/airflow/example_dags/example_bash_operator.py took 0.157 seconds
[2024-11-03T06:10:48.165+0000] {processor.py:186} INFO - Started process (PID=250) to work on /home/airflow/.local/lib/python3.12/site-packages/airflow/example_dags/example_bash_operator.py
[2024-11-03T06:10:48.166+0000] {processor.py:914} INFO - Processing file /home/airflow/.local/lib/python3.12/site-packages/airflow/example_dags/example_bash_operator.py for tasks to queue
[2024-11-03T06:10:48.170+0000] {logging_mixin.py:190} INFO - [2024-11-03T06:10:48.169+0000] {dagbag.py:588} INFO - Filling up the DagBag from /home/airflow/.local/lib/python3.12/site-packages/airflow/example_dags/example_bash_operator.py
[2024-11-03T06:10:48.190+0000] {processor.py:925} INFO - DAG(s) 'example_bash_operator' retrieved from /home/airflow/.local/lib/python3.12/site-packages/airflow/example_dags/example_bash_operator.py
[2024-11-03T06:10:48.242+0000] {logging_mixin.py:190} INFO - [2024-11-03T06:10:48.242+0000] {dag.py:3239} INFO - Sync 1 DAGs
[2024-11-03T06:10:48.278+0000] {logging_mixin.py:190} INFO - [2024-11-03T06:10:48.277+0000] {dag.py:4180} INFO - Setting next_dagrun for example_bash_operator to 2024-11-02 00:00:00+00:00, run_after=2024-11-03 00:00:00+00:00
[2024-11-03T06:10:48.305+0000] {processor.py:208} INFO - Processing /home/airflow/.local/lib/python3.12/site-packages/airflow/example_dags/example_bash_operator.py took 0.149 seconds
[2024-11-03T06:11:18.568+0000] {processor.py:186} INFO - Started process (PID=543) to work on /home/airflow/.local/lib/python3.12/site-packages/airflow/example_dags/example_bash_operator.py
[2024-11-03T06:11:18.569+0000] {processor.py:914} INFO - Processing file /home/airflow/.local/lib/python3.12/site-packages/airflow/example_dags/example_bash_operator.py for tasks to queue
[2024-11-03T06:11:18.572+0000] {logging_mixin.py:190} INFO - [2024-11-03T06:11:18.571+0000] {dagbag.py:588} INFO - Filling up the DagBag from /home/airflow/.local/lib/python3.12/site-packages/airflow/example_dags/example_bash_operator.py
[2024-11-03T06:11:18.588+0000] {processor.py:925} INFO - DAG(s) 'example_bash_operator' retrieved from /home/airflow/.local/lib/python3.12/site-packages/airflow/example_dags/example_bash_operator.py
[2024-11-03T06:11:18.628+0000] {logging_mixin.py:190} INFO - [2024-11-03T06:11:18.628+0000] {dag.py:3239} INFO - Sync 1 DAGs
[2024-11-03T06:11:18.659+0000] {logging_mixin.py:190} INFO - [2024-11-03T06:11:18.659+0000] {dag.py:4180} INFO - Setting next_dagrun for example_bash_operator to 2024-11-02 00:00:00+00:00, run_after=2024-11-03 00:00:00+00:00
[2024-11-03T06:11:18.682+0000] {processor.py:208} INFO - Processing /home/airflow/.local/lib/python3.12/site-packages/airflow/example_dags/example_bash_operator.py took 0.121 seconds
[2024-11-03T06:11:49.127+0000] {processor.py:186} INFO - Started process (PID=832) to work on /home/airflow/.local/lib/python3.12/site-packages/airflow/example_dags/example_bash_operator.py
[2024-11-03T06:11:49.128+0000] {processor.py:914} INFO - Processing file /home/airflow/.local/lib/python3.12/site-packages/airflow/example_dags/example_bash_operator.py for tasks to queue
[2024-11-03T06:11:49.132+0000] {logging_mixin.py:190} INFO - [2024-11-03T06:11:49.132+0000] {dagbag.py:588} INFO - Filling up the DagBag from /home/airflow/.local/lib/python3.12/site-packages/airflow/example_dags/example_bash_operator.py
[2024-11-03T06:11:49.151+0000] {processor.py:925} INFO - DAG(s) 'example_bash_operator' retrieved from /home/airflow/.local/lib/python3.12/site-packages/airflow/example_dags/example_bash_operator.py
[2024-11-03T06:11:49.188+0000] {logging_mixin.py:190} INFO - [2024-11-03T06:11:49.188+0000] {dag.py:3239} INFO - Sync 1 DAGs
[2024-11-03T06:11:49.221+0000] {logging_mixin.py:190} INFO - [2024-11-03T06:11:49.220+0000] {dag.py:4180} INFO - Setting next_dagrun for example_bash_operator to 2024-11-02 00:00:00+00:00, run_after=2024-11-03 00:00:00+00:00
[2024-11-03T06:11:49.244+0000] {processor.py:208} INFO - Processing /home/airflow/.local/lib/python3.12/site-packages/airflow/example_dags/example_bash_operator.py took 0.125 seconds
[2024-11-03T06:12:19.801+0000] {processor.py:186} INFO - Started process (PID=1125) to work on /home/airflow/.local/lib/python3.12/site-packages/airflow/example_dags/example_bash_operator.py
[2024-11-03T06:12:19.802+0000] {processor.py:914} INFO - Processing file /home/airflow/.local/lib/python3.12/site-packages/airflow/example_dags/example_bash_operator.py for tasks to queue
[2024-11-03T06:12:19.805+0000] {logging_mixin.py:190} INFO - [2024-11-03T06:12:19.805+0000] {dagbag.py:588} INFO - Filling up the DagBag from /home/airflow/.local/lib/python3.12/site-packages/airflow/example_dags/example_bash_operator.py
[2024-11-03T06:12:19.818+0000] {processor.py:925} INFO - DAG(s) 'example_bash_operator' retrieved from /home/airflow/.local/lib/python3.12/site-packages/airflow/example_dags/example_bash_operator.py
[2024-11-03T06:12:19.850+0000] {logging_mixin.py:190} INFO - [2024-11-03T06:12:19.849+0000] {dag.py:3239} INFO - Sync 1 DAGs
[2024-11-03T06:12:19.875+0000] {logging_mixin.py:190} INFO - [2024-11-03T06:12:19.875+0000] {dag.py:4180} INFO - Setting next_dagrun for example_bash_operator to 2024-11-02 00:00:00+00:00, run_after=2024-11-03 00:00:00+00:00
[2024-11-03T06:12:19.898+0000] {processor.py:208} INFO - Processing /home/airflow/.local/lib/python3.12/site-packages/airflow/example_dags/example_bash_operator.py took 0.105 seconds
[2024-11-03T06:12:50.636+0000] {processor.py:186} INFO - Started process (PID=1416) to work on /home/airflow/.local/lib/python3.12/site-packages/airflow/example_dags/example_bash_operator.py
[2024-11-03T06:12:50.637+0000] {processor.py:914} INFO - Processing file /home/airflow/.local/lib/python3.12/site-packages/airflow/example_dags/example_bash_operator.py for tasks to queue
[2024-11-03T06:12:50.640+0000] {logging_mixin.py:190} INFO - [2024-11-03T06:12:50.639+0000] {dagbag.py:588} INFO - Filling up the DagBag from /home/airflow/.local/lib/python3.12/site-packages/airflow/example_dags/example_bash_operator.py
[2024-11-03T06:12:50.653+0000] {processor.py:925} INFO - DAG(s) 'example_bash_operator' retrieved from /home/airflow/.local/lib/python3.12/site-packages/airflow/example_dags/example_bash_operator.py
[2024-11-03T06:12:50.685+0000] {logging_mixin.py:190} INFO - [2024-11-03T06:12:50.685+0000] {dag.py:3239} INFO - Sync 1 DAGs
[2024-11-03T06:12:50.714+0000] {logging_mixin.py:190} INFO - [2024-11-03T06:12:50.714+0000] {dag.py:4180} INFO - Setting next_dagrun for example_bash_operator to 2024-11-02 00:00:00+00:00, run_after=2024-11-03 00:00:00+00:00
[2024-11-03T06:12:50.743+0000] {processor.py:208} INFO - Processing /home/airflow/.local/lib/python3.12/site-packages/airflow/example_dags/example_bash_operator.py took 0.113 seconds
[2024-11-03T06:13:21.473+0000] {processor.py:186} INFO - Started process (PID=1707) to work on /home/airflow/.local/lib/python3.12/site-packages/airflow/example_dags/example_bash_operator.py
[2024-11-03T06:13:21.474+0000] {processor.py:914} INFO - Processing file /home/airflow/.local/lib/python3.12/site-packages/airflow/example_dags/example_bash_operator.py for tasks to queue
[2024-11-03T06:13:21.478+0000] {logging_mixin.py:190} INFO - [2024-11-03T06:13:21.477+0000] {dagbag.py:588} INFO - Filling up the DagBag from /home/airflow/.local/lib/python3.12/site-packages/airflow/example_dags/example_bash_operator.py
[2024-11-03T06:13:21.498+0000] {processor.py:925} INFO - DAG(s) 'example_bash_operator' retrieved from /home/airflow/.local/lib/python3.12/site-packages/airflow/example_dags/example_bash_operator.py
[2024-11-03T06:13:21.530+0000] {logging_mixin.py:190} INFO - [2024-11-03T06:13:21.530+0000] {dag.py:3239} INFO - Sync 1 DAGs
[2024-11-03T06:13:21.560+0000] {logging_mixin.py:190} INFO - [2024-11-03T06:13:21.559+0000] {dag.py:4180} INFO - Setting next_dagrun for example_bash_operator to 2024-11-02 00:00:00+00:00, run_after=2024-11-03 00:00:00+00:00
[2024-11-03T06:13:21.592+0000] {processor.py:208} INFO - Processing /home/airflow/.local/lib/python3.12/site-packages/airflow/example_dags/example_bash_operator.py took 0.129 seconds
[2024-11-03T06:13:51.729+0000] {processor.py:186} INFO - Started process (PID=2003) to work on /home/airflow/.local/lib/python3.12/site-packages/airflow/example_dags/example_bash_operator.py
[2024-11-03T06:13:51.730+0000] {processor.py:914} INFO - Processing file /home/airflow/.local/lib/python3.12/site-packages/airflow/example_dags/example_bash_operator.py for tasks to queue
[2024-11-03T06:13:51.733+0000] {logging_mixin.py:190} INFO - [2024-11-03T06:13:51.732+0000] {dagbag.py:588} INFO - Filling up the DagBag from /home/airflow/.local/lib/python3.12/site-packages/airflow/example_dags/example_bash_operator.py
[2024-11-03T06:13:51.746+0000] {processor.py:925} INFO - DAG(s) 'example_bash_operator' retrieved from /home/airflow/.local/lib/python3.12/site-packages/airflow/example_dags/example_bash_operator.py
[2024-11-03T06:13:51.774+0000] {logging_mixin.py:190} INFO - [2024-11-03T06:13:51.774+0000] {dag.py:3239} INFO - Sync 1 DAGs
[2024-11-03T06:13:51.799+0000] {logging_mixin.py:190} INFO - [2024-11-03T06:13:51.799+0000] {dag.py:4180} INFO - Setting next_dagrun for example_bash_operator to 2024-11-02 00:00:00+00:00, run_after=2024-11-03 00:00:00+00:00
[2024-11-03T06:13:51.821+0000] {processor.py:208} INFO - Processing /home/airflow/.local/lib/python3.12/site-packages/airflow/example_dags/example_bash_operator.py took 0.098 seconds
