[2024-11-03T05:29:36.106+0000] {processor.py:186} INFO - Started process (PID=421) to work on /home/airflow/.local/lib/python3.12/site-packages/airflow/example_dags/example_python_decorator.py
[2024-11-03T05:29:36.107+0000] {processor.py:914} INFO - Processing file /home/airflow/.local/lib/python3.12/site-packages/airflow/example_dags/example_python_decorator.py for tasks to queue
[2024-11-03T05:29:36.110+0000] {logging_mixin.py:190} INFO - [2024-11-03T05:29:36.110+0000] {dagbag.py:588} INFO - Filling up the DagBag from /home/airflow/.local/lib/python3.12/site-packages/airflow/example_dags/example_python_decorator.py
[2024-11-03T05:29:36.137+0000] {processor.py:925} INFO - DAG(s) 'example_python_decorator' retrieved from /home/airflow/.local/lib/python3.12/site-packages/airflow/example_dags/example_python_decorator.py
[2024-11-03T05:29:36.320+0000] {logging_mixin.py:190} INFO - [2024-11-03T05:29:36.319+0000] {override.py:1900} INFO - Created Permission View: can delete on DAG:example_python_decorator
[2024-11-03T05:29:36.343+0000] {logging_mixin.py:190} INFO - [2024-11-03T05:29:36.343+0000] {override.py:1900} INFO - Created Permission View: can edit on DAG:example_python_decorator
[2024-11-03T05:29:36.357+0000] {logging_mixin.py:190} INFO - [2024-11-03T05:29:36.357+0000] {override.py:1900} INFO - Created Permission View: can read on DAG:example_python_decorator
[2024-11-03T05:29:36.370+0000] {logging_mixin.py:190} INFO - [2024-11-03T05:29:36.370+0000] {override.py:1900} INFO - Created Permission View: can delete on DAG Run:example_python_decorator
[2024-11-03T05:29:36.382+0000] {logging_mixin.py:190} INFO - [2024-11-03T05:29:36.381+0000] {override.py:1900} INFO - Created Permission View: menu access on DAG Run:example_python_decorator
[2024-11-03T05:29:36.402+0000] {logging_mixin.py:190} INFO - [2024-11-03T05:29:36.402+0000] {override.py:1900} INFO - Created Permission View: can create on DAG Run:example_python_decorator
[2024-11-03T05:29:36.413+0000] {logging_mixin.py:190} INFO - [2024-11-03T05:29:36.413+0000] {override.py:1900} INFO - Created Permission View: can read on DAG Run:example_python_decorator
[2024-11-03T05:29:36.414+0000] {logging_mixin.py:190} INFO - [2024-11-03T05:29:36.414+0000] {dag.py:3239} INFO - Sync 1 DAGs
[2024-11-03T05:29:36.435+0000] {logging_mixin.py:190} INFO - [2024-11-03T05:29:36.435+0000] {dag.py:3262} INFO - Creating ORM DAG for example_python_decorator
[2024-11-03T05:29:36.436+0000] {logging_mixin.py:190} INFO - [2024-11-03T05:29:36.436+0000] {dag.py:4180} INFO - Setting next_dagrun for example_python_decorator to None, run_after=None
[2024-11-03T05:29:36.471+0000] {processor.py:208} INFO - Processing /home/airflow/.local/lib/python3.12/site-packages/airflow/example_dags/example_python_decorator.py took 0.373 seconds
[2024-11-03T05:30:07.183+0000] {processor.py:186} INFO - Started process (PID=712) to work on /home/airflow/.local/lib/python3.12/site-packages/airflow/example_dags/example_python_decorator.py
[2024-11-03T05:30:07.184+0000] {processor.py:914} INFO - Processing file /home/airflow/.local/lib/python3.12/site-packages/airflow/example_dags/example_python_decorator.py for tasks to queue
[2024-11-03T05:30:07.187+0000] {logging_mixin.py:190} INFO - [2024-11-03T05:30:07.187+0000] {dagbag.py:588} INFO - Filling up the DagBag from /home/airflow/.local/lib/python3.12/site-packages/airflow/example_dags/example_python_decorator.py
[2024-11-03T05:30:07.205+0000] {processor.py:925} INFO - DAG(s) 'example_python_decorator' retrieved from /home/airflow/.local/lib/python3.12/site-packages/airflow/example_dags/example_python_decorator.py
[2024-11-03T05:30:07.235+0000] {logging_mixin.py:190} INFO - [2024-11-03T05:30:07.235+0000] {dag.py:3239} INFO - Sync 1 DAGs
[2024-11-03T05:30:07.253+0000] {logging_mixin.py:190} INFO - [2024-11-03T05:30:07.253+0000] {dag.py:4180} INFO - Setting next_dagrun for example_python_decorator to None, run_after=None
[2024-11-03T05:30:07.283+0000] {processor.py:208} INFO - Processing /home/airflow/.local/lib/python3.12/site-packages/airflow/example_dags/example_python_decorator.py took 0.107 seconds
[2024-11-03T05:30:38.046+0000] {processor.py:186} INFO - Started process (PID=1003) to work on /home/airflow/.local/lib/python3.12/site-packages/airflow/example_dags/example_python_decorator.py
[2024-11-03T05:30:38.047+0000] {processor.py:914} INFO - Processing file /home/airflow/.local/lib/python3.12/site-packages/airflow/example_dags/example_python_decorator.py for tasks to queue
[2024-11-03T05:30:38.050+0000] {logging_mixin.py:190} INFO - [2024-11-03T05:30:38.050+0000] {dagbag.py:588} INFO - Filling up the DagBag from /home/airflow/.local/lib/python3.12/site-packages/airflow/example_dags/example_python_decorator.py
[2024-11-03T05:30:38.064+0000] {processor.py:925} INFO - DAG(s) 'example_python_decorator' retrieved from /home/airflow/.local/lib/python3.12/site-packages/airflow/example_dags/example_python_decorator.py
[2024-11-03T05:30:38.089+0000] {logging_mixin.py:190} INFO - [2024-11-03T05:30:38.089+0000] {dag.py:3239} INFO - Sync 1 DAGs
[2024-11-03T05:30:38.105+0000] {logging_mixin.py:190} INFO - [2024-11-03T05:30:38.104+0000] {dag.py:4180} INFO - Setting next_dagrun for example_python_decorator to None, run_after=None
[2024-11-03T05:30:38.129+0000] {processor.py:208} INFO - Processing /home/airflow/.local/lib/python3.12/site-packages/airflow/example_dags/example_python_decorator.py took 0.089 seconds
[2024-11-03T05:31:08.482+0000] {processor.py:186} INFO - Started process (PID=1294) to work on /home/airflow/.local/lib/python3.12/site-packages/airflow/example_dags/example_python_decorator.py
[2024-11-03T05:31:08.483+0000] {processor.py:914} INFO - Processing file /home/airflow/.local/lib/python3.12/site-packages/airflow/example_dags/example_python_decorator.py for tasks to queue
[2024-11-03T05:31:08.487+0000] {logging_mixin.py:190} INFO - [2024-11-03T05:31:08.486+0000] {dagbag.py:588} INFO - Filling up the DagBag from /home/airflow/.local/lib/python3.12/site-packages/airflow/example_dags/example_python_decorator.py
[2024-11-03T05:31:08.504+0000] {processor.py:925} INFO - DAG(s) 'example_python_decorator' retrieved from /home/airflow/.local/lib/python3.12/site-packages/airflow/example_dags/example_python_decorator.py
[2024-11-03T05:31:08.534+0000] {logging_mixin.py:190} INFO - [2024-11-03T05:31:08.533+0000] {dag.py:3239} INFO - Sync 1 DAGs
[2024-11-03T05:31:08.552+0000] {logging_mixin.py:190} INFO - [2024-11-03T05:31:08.552+0000] {dag.py:4180} INFO - Setting next_dagrun for example_python_decorator to None, run_after=None
[2024-11-03T05:31:08.579+0000] {processor.py:208} INFO - Processing /home/airflow/.local/lib/python3.12/site-packages/airflow/example_dags/example_python_decorator.py took 0.105 seconds
[2024-11-03T05:31:39.170+0000] {processor.py:186} INFO - Started process (PID=1585) to work on /home/airflow/.local/lib/python3.12/site-packages/airflow/example_dags/example_python_decorator.py
[2024-11-03T05:31:39.172+0000] {processor.py:914} INFO - Processing file /home/airflow/.local/lib/python3.12/site-packages/airflow/example_dags/example_python_decorator.py for tasks to queue
[2024-11-03T05:31:39.174+0000] {logging_mixin.py:190} INFO - [2024-11-03T05:31:39.174+0000] {dagbag.py:588} INFO - Filling up the DagBag from /home/airflow/.local/lib/python3.12/site-packages/airflow/example_dags/example_python_decorator.py
[2024-11-03T05:31:39.192+0000] {processor.py:925} INFO - DAG(s) 'example_python_decorator' retrieved from /home/airflow/.local/lib/python3.12/site-packages/airflow/example_dags/example_python_decorator.py
[2024-11-03T05:31:39.231+0000] {logging_mixin.py:190} INFO - [2024-11-03T05:31:39.230+0000] {dag.py:3239} INFO - Sync 1 DAGs
[2024-11-03T05:31:39.261+0000] {logging_mixin.py:190} INFO - [2024-11-03T05:31:39.261+0000] {dag.py:4180} INFO - Setting next_dagrun for example_python_decorator to None, run_after=None
[2024-11-03T05:31:39.292+0000] {processor.py:208} INFO - Processing /home/airflow/.local/lib/python3.12/site-packages/airflow/example_dags/example_python_decorator.py took 0.130 seconds
[2024-11-03T05:32:10.064+0000] {processor.py:186} INFO - Started process (PID=1876) to work on /home/airflow/.local/lib/python3.12/site-packages/airflow/example_dags/example_python_decorator.py
[2024-11-03T05:32:10.065+0000] {processor.py:914} INFO - Processing file /home/airflow/.local/lib/python3.12/site-packages/airflow/example_dags/example_python_decorator.py for tasks to queue
[2024-11-03T05:32:10.068+0000] {logging_mixin.py:190} INFO - [2024-11-03T05:32:10.067+0000] {dagbag.py:588} INFO - Filling up the DagBag from /home/airflow/.local/lib/python3.12/site-packages/airflow/example_dags/example_python_decorator.py
[2024-11-03T05:32:10.089+0000] {processor.py:925} INFO - DAG(s) 'example_python_decorator' retrieved from /home/airflow/.local/lib/python3.12/site-packages/airflow/example_dags/example_python_decorator.py
[2024-11-03T05:32:10.114+0000] {logging_mixin.py:190} INFO - [2024-11-03T05:32:10.114+0000] {dag.py:3239} INFO - Sync 1 DAGs
[2024-11-03T05:32:10.129+0000] {logging_mixin.py:190} INFO - [2024-11-03T05:32:10.129+0000] {dag.py:4180} INFO - Setting next_dagrun for example_python_decorator to None, run_after=None
[2024-11-03T05:32:10.154+0000] {processor.py:208} INFO - Processing /home/airflow/.local/lib/python3.12/site-packages/airflow/example_dags/example_python_decorator.py took 0.098 seconds
[2024-11-03T05:32:41.181+0000] {processor.py:186} INFO - Started process (PID=2167) to work on /home/airflow/.local/lib/python3.12/site-packages/airflow/example_dags/example_python_decorator.py
[2024-11-03T05:32:41.182+0000] {processor.py:914} INFO - Processing file /home/airflow/.local/lib/python3.12/site-packages/airflow/example_dags/example_python_decorator.py for tasks to queue
[2024-11-03T05:32:41.185+0000] {logging_mixin.py:190} INFO - [2024-11-03T05:32:41.185+0000] {dagbag.py:588} INFO - Filling up the DagBag from /home/airflow/.local/lib/python3.12/site-packages/airflow/example_dags/example_python_decorator.py
[2024-11-03T05:32:41.208+0000] {processor.py:925} INFO - DAG(s) 'example_python_decorator' retrieved from /home/airflow/.local/lib/python3.12/site-packages/airflow/example_dags/example_python_decorator.py
[2024-11-03T05:32:41.236+0000] {logging_mixin.py:190} INFO - [2024-11-03T05:32:41.235+0000] {dag.py:3239} INFO - Sync 1 DAGs
[2024-11-03T05:32:41.253+0000] {logging_mixin.py:190} INFO - [2024-11-03T05:32:41.253+0000] {dag.py:4180} INFO - Setting next_dagrun for example_python_decorator to None, run_after=None
[2024-11-03T05:32:41.279+0000] {processor.py:208} INFO - Processing /home/airflow/.local/lib/python3.12/site-packages/airflow/example_dags/example_python_decorator.py took 0.106 seconds
[2024-11-03T05:33:11.459+0000] {processor.py:186} INFO - Started process (PID=2456) to work on /home/airflow/.local/lib/python3.12/site-packages/airflow/example_dags/example_python_decorator.py
[2024-11-03T05:33:11.468+0000] {processor.py:914} INFO - Processing file /home/airflow/.local/lib/python3.12/site-packages/airflow/example_dags/example_python_decorator.py for tasks to queue
[2024-11-03T05:33:11.471+0000] {logging_mixin.py:190} INFO - [2024-11-03T05:33:11.471+0000] {dagbag.py:588} INFO - Filling up the DagBag from /home/airflow/.local/lib/python3.12/site-packages/airflow/example_dags/example_python_decorator.py
[2024-11-03T05:33:11.491+0000] {processor.py:925} INFO - DAG(s) 'example_python_decorator' retrieved from /home/airflow/.local/lib/python3.12/site-packages/airflow/example_dags/example_python_decorator.py
[2024-11-03T05:33:11.517+0000] {logging_mixin.py:190} INFO - [2024-11-03T05:33:11.517+0000] {dag.py:3239} INFO - Sync 1 DAGs
[2024-11-03T05:33:11.536+0000] {logging_mixin.py:190} INFO - [2024-11-03T05:33:11.536+0000] {dag.py:4180} INFO - Setting next_dagrun for example_python_decorator to None, run_after=None
[2024-11-03T05:33:11.560+0000] {processor.py:208} INFO - Processing /home/airflow/.local/lib/python3.12/site-packages/airflow/example_dags/example_python_decorator.py took 0.107 seconds
[2024-11-03T05:33:41.671+0000] {processor.py:186} INFO - Started process (PID=2747) to work on /home/airflow/.local/lib/python3.12/site-packages/airflow/example_dags/example_python_decorator.py
[2024-11-03T05:33:41.672+0000] {processor.py:914} INFO - Processing file /home/airflow/.local/lib/python3.12/site-packages/airflow/example_dags/example_python_decorator.py for tasks to queue
[2024-11-03T05:33:41.674+0000] {logging_mixin.py:190} INFO - [2024-11-03T05:33:41.674+0000] {dagbag.py:588} INFO - Filling up the DagBag from /home/airflow/.local/lib/python3.12/site-packages/airflow/example_dags/example_python_decorator.py
[2024-11-03T05:33:41.689+0000] {processor.py:925} INFO - DAG(s) 'example_python_decorator' retrieved from /home/airflow/.local/lib/python3.12/site-packages/airflow/example_dags/example_python_decorator.py
[2024-11-03T05:33:41.714+0000] {logging_mixin.py:190} INFO - [2024-11-03T05:33:41.714+0000] {dag.py:3239} INFO - Sync 1 DAGs
[2024-11-03T05:33:41.731+0000] {logging_mixin.py:190} INFO - [2024-11-03T05:33:41.731+0000] {dag.py:4180} INFO - Setting next_dagrun for example_python_decorator to None, run_after=None
[2024-11-03T05:33:41.767+0000] {processor.py:208} INFO - Processing /home/airflow/.local/lib/python3.12/site-packages/airflow/example_dags/example_python_decorator.py took 0.102 seconds
[2024-11-03T05:34:11.918+0000] {processor.py:186} INFO - Started process (PID=3043) to work on /home/airflow/.local/lib/python3.12/site-packages/airflow/example_dags/example_python_decorator.py
[2024-11-03T05:34:11.919+0000] {processor.py:914} INFO - Processing file /home/airflow/.local/lib/python3.12/site-packages/airflow/example_dags/example_python_decorator.py for tasks to queue
[2024-11-03T05:34:11.921+0000] {logging_mixin.py:190} INFO - [2024-11-03T05:34:11.921+0000] {dagbag.py:588} INFO - Filling up the DagBag from /home/airflow/.local/lib/python3.12/site-packages/airflow/example_dags/example_python_decorator.py
[2024-11-03T05:34:11.936+0000] {processor.py:925} INFO - DAG(s) 'example_python_decorator' retrieved from /home/airflow/.local/lib/python3.12/site-packages/airflow/example_dags/example_python_decorator.py
[2024-11-03T05:34:11.961+0000] {logging_mixin.py:190} INFO - [2024-11-03T05:34:11.960+0000] {dag.py:3239} INFO - Sync 1 DAGs
[2024-11-03T05:34:11.977+0000] {logging_mixin.py:190} INFO - [2024-11-03T05:34:11.977+0000] {dag.py:4180} INFO - Setting next_dagrun for example_python_decorator to None, run_after=None
[2024-11-03T05:34:12.000+0000] {processor.py:208} INFO - Processing /home/airflow/.local/lib/python3.12/site-packages/airflow/example_dags/example_python_decorator.py took 0.089 seconds
[2024-11-03T05:34:42.050+0000] {processor.py:186} INFO - Started process (PID=3329) to work on /home/airflow/.local/lib/python3.12/site-packages/airflow/example_dags/example_python_decorator.py
[2024-11-03T05:34:42.051+0000] {processor.py:914} INFO - Processing file /home/airflow/.local/lib/python3.12/site-packages/airflow/example_dags/example_python_decorator.py for tasks to queue
[2024-11-03T05:34:42.054+0000] {logging_mixin.py:190} INFO - [2024-11-03T05:34:42.054+0000] {dagbag.py:588} INFO - Filling up the DagBag from /home/airflow/.local/lib/python3.12/site-packages/airflow/example_dags/example_python_decorator.py
[2024-11-03T05:34:42.072+0000] {processor.py:925} INFO - DAG(s) 'example_python_decorator' retrieved from /home/airflow/.local/lib/python3.12/site-packages/airflow/example_dags/example_python_decorator.py
[2024-11-03T05:34:42.096+0000] {logging_mixin.py:190} INFO - [2024-11-03T05:34:42.096+0000] {dag.py:3239} INFO - Sync 1 DAGs
[2024-11-03T05:34:42.119+0000] {logging_mixin.py:190} INFO - [2024-11-03T05:34:42.119+0000] {dag.py:4180} INFO - Setting next_dagrun for example_python_decorator to None, run_after=None
[2024-11-03T05:34:42.142+0000] {processor.py:208} INFO - Processing /home/airflow/.local/lib/python3.12/site-packages/airflow/example_dags/example_python_decorator.py took 0.097 seconds
[2024-11-03T05:35:12.775+0000] {processor.py:186} INFO - Started process (PID=3620) to work on /home/airflow/.local/lib/python3.12/site-packages/airflow/example_dags/example_python_decorator.py
[2024-11-03T05:35:12.776+0000] {processor.py:914} INFO - Processing file /home/airflow/.local/lib/python3.12/site-packages/airflow/example_dags/example_python_decorator.py for tasks to queue
[2024-11-03T05:35:12.779+0000] {logging_mixin.py:190} INFO - [2024-11-03T05:35:12.778+0000] {dagbag.py:588} INFO - Filling up the DagBag from /home/airflow/.local/lib/python3.12/site-packages/airflow/example_dags/example_python_decorator.py
[2024-11-03T05:35:12.793+0000] {processor.py:925} INFO - DAG(s) 'example_python_decorator' retrieved from /home/airflow/.local/lib/python3.12/site-packages/airflow/example_dags/example_python_decorator.py
[2024-11-03T05:35:12.816+0000] {logging_mixin.py:190} INFO - [2024-11-03T05:35:12.816+0000] {dag.py:3239} INFO - Sync 1 DAGs
[2024-11-03T05:35:12.831+0000] {logging_mixin.py:190} INFO - [2024-11-03T05:35:12.831+0000] {dag.py:4180} INFO - Setting next_dagrun for example_python_decorator to None, run_after=None
[2024-11-03T05:35:12.852+0000] {processor.py:208} INFO - Processing /home/airflow/.local/lib/python3.12/site-packages/airflow/example_dags/example_python_decorator.py took 0.083 seconds
[2024-11-03T05:35:42.977+0000] {processor.py:186} INFO - Started process (PID=3911) to work on /home/airflow/.local/lib/python3.12/site-packages/airflow/example_dags/example_python_decorator.py
[2024-11-03T05:35:42.978+0000] {processor.py:914} INFO - Processing file /home/airflow/.local/lib/python3.12/site-packages/airflow/example_dags/example_python_decorator.py for tasks to queue
[2024-11-03T05:35:42.982+0000] {logging_mixin.py:190} INFO - [2024-11-03T05:35:42.981+0000] {dagbag.py:588} INFO - Filling up the DagBag from /home/airflow/.local/lib/python3.12/site-packages/airflow/example_dags/example_python_decorator.py
[2024-11-03T05:35:43.003+0000] {processor.py:925} INFO - DAG(s) 'example_python_decorator' retrieved from /home/airflow/.local/lib/python3.12/site-packages/airflow/example_dags/example_python_decorator.py
[2024-11-03T05:35:43.034+0000] {logging_mixin.py:190} INFO - [2024-11-03T05:35:43.034+0000] {dag.py:3239} INFO - Sync 1 DAGs
[2024-11-03T05:35:43.065+0000] {logging_mixin.py:190} INFO - [2024-11-03T05:35:43.065+0000] {dag.py:4180} INFO - Setting next_dagrun for example_python_decorator to None, run_after=None
[2024-11-03T05:35:43.118+0000] {processor.py:208} INFO - Processing /home/airflow/.local/lib/python3.12/site-packages/airflow/example_dags/example_python_decorator.py took 0.152 seconds
[2024-11-03T05:36:13.285+0000] {processor.py:186} INFO - Started process (PID=4202) to work on /home/airflow/.local/lib/python3.12/site-packages/airflow/example_dags/example_python_decorator.py
[2024-11-03T05:36:13.286+0000] {processor.py:914} INFO - Processing file /home/airflow/.local/lib/python3.12/site-packages/airflow/example_dags/example_python_decorator.py for tasks to queue
[2024-11-03T05:36:13.289+0000] {logging_mixin.py:190} INFO - [2024-11-03T05:36:13.289+0000] {dagbag.py:588} INFO - Filling up the DagBag from /home/airflow/.local/lib/python3.12/site-packages/airflow/example_dags/example_python_decorator.py
[2024-11-03T05:36:13.304+0000] {processor.py:925} INFO - DAG(s) 'example_python_decorator' retrieved from /home/airflow/.local/lib/python3.12/site-packages/airflow/example_dags/example_python_decorator.py
[2024-11-03T05:36:13.328+0000] {logging_mixin.py:190} INFO - [2024-11-03T05:36:13.328+0000] {dag.py:3239} INFO - Sync 1 DAGs
[2024-11-03T05:36:13.343+0000] {logging_mixin.py:190} INFO - [2024-11-03T05:36:13.343+0000] {dag.py:4180} INFO - Setting next_dagrun for example_python_decorator to None, run_after=None
[2024-11-03T05:36:13.371+0000] {processor.py:208} INFO - Processing /home/airflow/.local/lib/python3.12/site-packages/airflow/example_dags/example_python_decorator.py took 0.091 seconds
[2024-11-03T05:36:43.543+0000] {processor.py:186} INFO - Started process (PID=4493) to work on /home/airflow/.local/lib/python3.12/site-packages/airflow/example_dags/example_python_decorator.py
[2024-11-03T05:36:43.544+0000] {processor.py:914} INFO - Processing file /home/airflow/.local/lib/python3.12/site-packages/airflow/example_dags/example_python_decorator.py for tasks to queue
[2024-11-03T05:36:43.546+0000] {logging_mixin.py:190} INFO - [2024-11-03T05:36:43.546+0000] {dagbag.py:588} INFO - Filling up the DagBag from /home/airflow/.local/lib/python3.12/site-packages/airflow/example_dags/example_python_decorator.py
[2024-11-03T05:36:43.561+0000] {processor.py:925} INFO - DAG(s) 'example_python_decorator' retrieved from /home/airflow/.local/lib/python3.12/site-packages/airflow/example_dags/example_python_decorator.py
[2024-11-03T05:36:43.585+0000] {logging_mixin.py:190} INFO - [2024-11-03T05:36:43.585+0000] {dag.py:3239} INFO - Sync 1 DAGs
[2024-11-03T05:36:43.600+0000] {logging_mixin.py:190} INFO - [2024-11-03T05:36:43.600+0000] {dag.py:4180} INFO - Setting next_dagrun for example_python_decorator to None, run_after=None
[2024-11-03T05:36:43.632+0000] {processor.py:208} INFO - Processing /home/airflow/.local/lib/python3.12/site-packages/airflow/example_dags/example_python_decorator.py took 0.095 seconds
[2024-11-03T05:37:13.801+0000] {processor.py:186} INFO - Started process (PID=4784) to work on /home/airflow/.local/lib/python3.12/site-packages/airflow/example_dags/example_python_decorator.py
[2024-11-03T05:37:13.802+0000] {processor.py:914} INFO - Processing file /home/airflow/.local/lib/python3.12/site-packages/airflow/example_dags/example_python_decorator.py for tasks to queue
[2024-11-03T05:37:13.804+0000] {logging_mixin.py:190} INFO - [2024-11-03T05:37:13.804+0000] {dagbag.py:588} INFO - Filling up the DagBag from /home/airflow/.local/lib/python3.12/site-packages/airflow/example_dags/example_python_decorator.py
[2024-11-03T05:37:13.820+0000] {processor.py:925} INFO - DAG(s) 'example_python_decorator' retrieved from /home/airflow/.local/lib/python3.12/site-packages/airflow/example_dags/example_python_decorator.py
[2024-11-03T05:37:13.845+0000] {logging_mixin.py:190} INFO - [2024-11-03T05:37:13.845+0000] {dag.py:3239} INFO - Sync 1 DAGs
[2024-11-03T05:37:13.861+0000] {logging_mixin.py:190} INFO - [2024-11-03T05:37:13.861+0000] {dag.py:4180} INFO - Setting next_dagrun for example_python_decorator to None, run_after=None
[2024-11-03T05:37:13.883+0000] {processor.py:208} INFO - Processing /home/airflow/.local/lib/python3.12/site-packages/airflow/example_dags/example_python_decorator.py took 0.089 seconds
[2024-11-03T05:37:44.352+0000] {processor.py:186} INFO - Started process (PID=5075) to work on /home/airflow/.local/lib/python3.12/site-packages/airflow/example_dags/example_python_decorator.py
[2024-11-03T05:37:44.353+0000] {processor.py:914} INFO - Processing file /home/airflow/.local/lib/python3.12/site-packages/airflow/example_dags/example_python_decorator.py for tasks to queue
[2024-11-03T05:37:44.356+0000] {logging_mixin.py:190} INFO - [2024-11-03T05:37:44.356+0000] {dagbag.py:588} INFO - Filling up the DagBag from /home/airflow/.local/lib/python3.12/site-packages/airflow/example_dags/example_python_decorator.py
[2024-11-03T05:37:44.375+0000] {processor.py:925} INFO - DAG(s) 'example_python_decorator' retrieved from /home/airflow/.local/lib/python3.12/site-packages/airflow/example_dags/example_python_decorator.py
[2024-11-03T05:37:44.398+0000] {logging_mixin.py:190} INFO - [2024-11-03T05:37:44.398+0000] {dag.py:3239} INFO - Sync 1 DAGs
[2024-11-03T05:37:44.414+0000] {logging_mixin.py:190} INFO - [2024-11-03T05:37:44.413+0000] {dag.py:4180} INFO - Setting next_dagrun for example_python_decorator to None, run_after=None
[2024-11-03T05:37:44.436+0000] {processor.py:208} INFO - Processing /home/airflow/.local/lib/python3.12/site-packages/airflow/example_dags/example_python_decorator.py took 0.090 seconds
[2024-11-03T05:38:15.223+0000] {processor.py:186} INFO - Started process (PID=5366) to work on /home/airflow/.local/lib/python3.12/site-packages/airflow/example_dags/example_python_decorator.py
[2024-11-03T05:38:15.224+0000] {processor.py:914} INFO - Processing file /home/airflow/.local/lib/python3.12/site-packages/airflow/example_dags/example_python_decorator.py for tasks to queue
[2024-11-03T05:38:15.226+0000] {logging_mixin.py:190} INFO - [2024-11-03T05:38:15.226+0000] {dagbag.py:588} INFO - Filling up the DagBag from /home/airflow/.local/lib/python3.12/site-packages/airflow/example_dags/example_python_decorator.py
[2024-11-03T05:38:15.241+0000] {processor.py:925} INFO - DAG(s) 'example_python_decorator' retrieved from /home/airflow/.local/lib/python3.12/site-packages/airflow/example_dags/example_python_decorator.py
[2024-11-03T05:38:15.265+0000] {logging_mixin.py:190} INFO - [2024-11-03T05:38:15.265+0000] {dag.py:3239} INFO - Sync 1 DAGs
[2024-11-03T05:38:15.280+0000] {logging_mixin.py:190} INFO - [2024-11-03T05:38:15.280+0000] {dag.py:4180} INFO - Setting next_dagrun for example_python_decorator to None, run_after=None
[2024-11-03T05:38:15.301+0000] {processor.py:208} INFO - Processing /home/airflow/.local/lib/python3.12/site-packages/airflow/example_dags/example_python_decorator.py took 0.086 seconds
[2024-11-03T05:38:45.368+0000] {processor.py:186} INFO - Started process (PID=5655) to work on /home/airflow/.local/lib/python3.12/site-packages/airflow/example_dags/example_python_decorator.py
[2024-11-03T05:38:45.370+0000] {processor.py:914} INFO - Processing file /home/airflow/.local/lib/python3.12/site-packages/airflow/example_dags/example_python_decorator.py for tasks to queue
[2024-11-03T05:38:45.372+0000] {logging_mixin.py:190} INFO - [2024-11-03T05:38:45.372+0000] {dagbag.py:588} INFO - Filling up the DagBag from /home/airflow/.local/lib/python3.12/site-packages/airflow/example_dags/example_python_decorator.py
[2024-11-03T05:38:45.387+0000] {processor.py:925} INFO - DAG(s) 'example_python_decorator' retrieved from /home/airflow/.local/lib/python3.12/site-packages/airflow/example_dags/example_python_decorator.py
[2024-11-03T05:38:45.412+0000] {logging_mixin.py:190} INFO - [2024-11-03T05:38:45.412+0000] {dag.py:3239} INFO - Sync 1 DAGs
[2024-11-03T05:38:45.428+0000] {logging_mixin.py:190} INFO - [2024-11-03T05:38:45.428+0000] {dag.py:4180} INFO - Setting next_dagrun for example_python_decorator to None, run_after=None
[2024-11-03T05:38:45.451+0000] {processor.py:208} INFO - Processing /home/airflow/.local/lib/python3.12/site-packages/airflow/example_dags/example_python_decorator.py took 0.089 seconds
[2024-11-03T05:39:15.727+0000] {processor.py:186} INFO - Started process (PID=5946) to work on /home/airflow/.local/lib/python3.12/site-packages/airflow/example_dags/example_python_decorator.py
[2024-11-03T05:39:15.728+0000] {processor.py:914} INFO - Processing file /home/airflow/.local/lib/python3.12/site-packages/airflow/example_dags/example_python_decorator.py for tasks to queue
[2024-11-03T05:39:15.730+0000] {logging_mixin.py:190} INFO - [2024-11-03T05:39:15.730+0000] {dagbag.py:588} INFO - Filling up the DagBag from /home/airflow/.local/lib/python3.12/site-packages/airflow/example_dags/example_python_decorator.py
[2024-11-03T05:39:15.748+0000] {processor.py:925} INFO - DAG(s) 'example_python_decorator' retrieved from /home/airflow/.local/lib/python3.12/site-packages/airflow/example_dags/example_python_decorator.py
[2024-11-03T05:39:15.776+0000] {logging_mixin.py:190} INFO - [2024-11-03T05:39:15.776+0000] {dag.py:3239} INFO - Sync 1 DAGs
[2024-11-03T05:39:15.791+0000] {logging_mixin.py:190} INFO - [2024-11-03T05:39:15.791+0000] {dag.py:4180} INFO - Setting next_dagrun for example_python_decorator to None, run_after=None
[2024-11-03T05:39:15.814+0000] {processor.py:208} INFO - Processing /home/airflow/.local/lib/python3.12/site-packages/airflow/example_dags/example_python_decorator.py took 0.095 seconds
[2024-11-03T05:39:46.293+0000] {processor.py:186} INFO - Started process (PID=6237) to work on /home/airflow/.local/lib/python3.12/site-packages/airflow/example_dags/example_python_decorator.py
[2024-11-03T05:39:46.294+0000] {processor.py:914} INFO - Processing file /home/airflow/.local/lib/python3.12/site-packages/airflow/example_dags/example_python_decorator.py for tasks to queue
[2024-11-03T05:39:46.296+0000] {logging_mixin.py:190} INFO - [2024-11-03T05:39:46.296+0000] {dagbag.py:588} INFO - Filling up the DagBag from /home/airflow/.local/lib/python3.12/site-packages/airflow/example_dags/example_python_decorator.py
[2024-11-03T05:39:46.312+0000] {processor.py:925} INFO - DAG(s) 'example_python_decorator' retrieved from /home/airflow/.local/lib/python3.12/site-packages/airflow/example_dags/example_python_decorator.py
[2024-11-03T05:39:46.337+0000] {logging_mixin.py:190} INFO - [2024-11-03T05:39:46.337+0000] {dag.py:3239} INFO - Sync 1 DAGs
[2024-11-03T05:39:46.354+0000] {logging_mixin.py:190} INFO - [2024-11-03T05:39:46.354+0000] {dag.py:4180} INFO - Setting next_dagrun for example_python_decorator to None, run_after=None
[2024-11-03T05:39:46.388+0000] {processor.py:208} INFO - Processing /home/airflow/.local/lib/python3.12/site-packages/airflow/example_dags/example_python_decorator.py took 0.102 seconds
[2024-11-03T05:40:16.623+0000] {processor.py:186} INFO - Started process (PID=6528) to work on /home/airflow/.local/lib/python3.12/site-packages/airflow/example_dags/example_python_decorator.py
[2024-11-03T05:40:16.624+0000] {processor.py:914} INFO - Processing file /home/airflow/.local/lib/python3.12/site-packages/airflow/example_dags/example_python_decorator.py for tasks to queue
[2024-11-03T05:40:16.627+0000] {logging_mixin.py:190} INFO - [2024-11-03T05:40:16.626+0000] {dagbag.py:588} INFO - Filling up the DagBag from /home/airflow/.local/lib/python3.12/site-packages/airflow/example_dags/example_python_decorator.py
[2024-11-03T05:40:16.643+0000] {processor.py:925} INFO - DAG(s) 'example_python_decorator' retrieved from /home/airflow/.local/lib/python3.12/site-packages/airflow/example_dags/example_python_decorator.py
[2024-11-03T05:40:16.673+0000] {logging_mixin.py:190} INFO - [2024-11-03T05:40:16.673+0000] {dag.py:3239} INFO - Sync 1 DAGs
[2024-11-03T05:40:16.689+0000] {logging_mixin.py:190} INFO - [2024-11-03T05:40:16.689+0000] {dag.py:4180} INFO - Setting next_dagrun for example_python_decorator to None, run_after=None
[2024-11-03T05:40:16.720+0000] {processor.py:208} INFO - Processing /home/airflow/.local/lib/python3.12/site-packages/airflow/example_dags/example_python_decorator.py took 0.104 seconds
[2024-11-03T05:40:47.273+0000] {processor.py:186} INFO - Started process (PID=6819) to work on /home/airflow/.local/lib/python3.12/site-packages/airflow/example_dags/example_python_decorator.py
[2024-11-03T05:40:47.274+0000] {processor.py:914} INFO - Processing file /home/airflow/.local/lib/python3.12/site-packages/airflow/example_dags/example_python_decorator.py for tasks to queue
[2024-11-03T05:40:47.278+0000] {logging_mixin.py:190} INFO - [2024-11-03T05:40:47.277+0000] {dagbag.py:588} INFO - Filling up the DagBag from /home/airflow/.local/lib/python3.12/site-packages/airflow/example_dags/example_python_decorator.py
[2024-11-03T05:40:47.297+0000] {processor.py:925} INFO - DAG(s) 'example_python_decorator' retrieved from /home/airflow/.local/lib/python3.12/site-packages/airflow/example_dags/example_python_decorator.py
[2024-11-03T05:40:47.320+0000] {logging_mixin.py:190} INFO - [2024-11-03T05:40:47.320+0000] {dag.py:3239} INFO - Sync 1 DAGs
[2024-11-03T05:40:47.338+0000] {logging_mixin.py:190} INFO - [2024-11-03T05:40:47.338+0000] {dag.py:4180} INFO - Setting next_dagrun for example_python_decorator to None, run_after=None
[2024-11-03T05:40:47.363+0000] {processor.py:208} INFO - Processing /home/airflow/.local/lib/python3.12/site-packages/airflow/example_dags/example_python_decorator.py took 0.098 seconds
[2024-11-03T05:41:17.853+0000] {processor.py:186} INFO - Started process (PID=7110) to work on /home/airflow/.local/lib/python3.12/site-packages/airflow/example_dags/example_python_decorator.py
[2024-11-03T05:41:17.854+0000] {processor.py:914} INFO - Processing file /home/airflow/.local/lib/python3.12/site-packages/airflow/example_dags/example_python_decorator.py for tasks to queue
[2024-11-03T05:41:17.857+0000] {logging_mixin.py:190} INFO - [2024-11-03T05:41:17.856+0000] {dagbag.py:588} INFO - Filling up the DagBag from /home/airflow/.local/lib/python3.12/site-packages/airflow/example_dags/example_python_decorator.py
[2024-11-03T05:41:17.873+0000] {processor.py:925} INFO - DAG(s) 'example_python_decorator' retrieved from /home/airflow/.local/lib/python3.12/site-packages/airflow/example_dags/example_python_decorator.py
[2024-11-03T05:41:17.899+0000] {logging_mixin.py:190} INFO - [2024-11-03T05:41:17.899+0000] {dag.py:3239} INFO - Sync 1 DAGs
[2024-11-03T05:41:17.916+0000] {logging_mixin.py:190} INFO - [2024-11-03T05:41:17.916+0000] {dag.py:4180} INFO - Setting next_dagrun for example_python_decorator to None, run_after=None
[2024-11-03T05:41:17.950+0000] {processor.py:208} INFO - Processing /home/airflow/.local/lib/python3.12/site-packages/airflow/example_dags/example_python_decorator.py took 0.104 seconds
[2024-11-03T05:41:48.458+0000] {processor.py:186} INFO - Started process (PID=7403) to work on /home/airflow/.local/lib/python3.12/site-packages/airflow/example_dags/example_python_decorator.py
[2024-11-03T05:41:48.460+0000] {processor.py:914} INFO - Processing file /home/airflow/.local/lib/python3.12/site-packages/airflow/example_dags/example_python_decorator.py for tasks to queue
[2024-11-03T05:41:48.463+0000] {logging_mixin.py:190} INFO - [2024-11-03T05:41:48.462+0000] {dagbag.py:588} INFO - Filling up the DagBag from /home/airflow/.local/lib/python3.12/site-packages/airflow/example_dags/example_python_decorator.py
[2024-11-03T05:41:48.481+0000] {processor.py:925} INFO - DAG(s) 'example_python_decorator' retrieved from /home/airflow/.local/lib/python3.12/site-packages/airflow/example_dags/example_python_decorator.py
[2024-11-03T05:41:48.509+0000] {logging_mixin.py:190} INFO - [2024-11-03T05:41:48.509+0000] {dag.py:3239} INFO - Sync 1 DAGs
[2024-11-03T05:41:48.525+0000] {logging_mixin.py:190} INFO - [2024-11-03T05:41:48.525+0000] {dag.py:4180} INFO - Setting next_dagrun for example_python_decorator to None, run_after=None
[2024-11-03T05:41:48.546+0000] {processor.py:208} INFO - Processing /home/airflow/.local/lib/python3.12/site-packages/airflow/example_dags/example_python_decorator.py took 0.097 seconds
[2024-11-03T05:42:18.662+0000] {processor.py:186} INFO - Started process (PID=7694) to work on /home/airflow/.local/lib/python3.12/site-packages/airflow/example_dags/example_python_decorator.py
[2024-11-03T05:42:18.663+0000] {processor.py:914} INFO - Processing file /home/airflow/.local/lib/python3.12/site-packages/airflow/example_dags/example_python_decorator.py for tasks to queue
[2024-11-03T05:42:18.665+0000] {logging_mixin.py:190} INFO - [2024-11-03T05:42:18.665+0000] {dagbag.py:588} INFO - Filling up the DagBag from /home/airflow/.local/lib/python3.12/site-packages/airflow/example_dags/example_python_decorator.py
[2024-11-03T05:42:18.680+0000] {processor.py:925} INFO - DAG(s) 'example_python_decorator' retrieved from /home/airflow/.local/lib/python3.12/site-packages/airflow/example_dags/example_python_decorator.py
[2024-11-03T05:42:18.713+0000] {logging_mixin.py:190} INFO - [2024-11-03T05:42:18.712+0000] {dag.py:3239} INFO - Sync 1 DAGs
[2024-11-03T05:42:18.737+0000] {logging_mixin.py:190} INFO - [2024-11-03T05:42:18.737+0000] {dag.py:4180} INFO - Setting next_dagrun for example_python_decorator to None, run_after=None
[2024-11-03T05:42:18.775+0000] {processor.py:208} INFO - Processing /home/airflow/.local/lib/python3.12/site-packages/airflow/example_dags/example_python_decorator.py took 0.120 seconds
[2024-11-03T05:42:49.393+0000] {processor.py:186} INFO - Started process (PID=7990) to work on /home/airflow/.local/lib/python3.12/site-packages/airflow/example_dags/example_python_decorator.py
[2024-11-03T05:42:49.394+0000] {processor.py:914} INFO - Processing file /home/airflow/.local/lib/python3.12/site-packages/airflow/example_dags/example_python_decorator.py for tasks to queue
[2024-11-03T05:42:49.396+0000] {logging_mixin.py:190} INFO - [2024-11-03T05:42:49.396+0000] {dagbag.py:588} INFO - Filling up the DagBag from /home/airflow/.local/lib/python3.12/site-packages/airflow/example_dags/example_python_decorator.py
[2024-11-03T05:42:49.411+0000] {processor.py:925} INFO - DAG(s) 'example_python_decorator' retrieved from /home/airflow/.local/lib/python3.12/site-packages/airflow/example_dags/example_python_decorator.py
[2024-11-03T05:42:49.434+0000] {logging_mixin.py:190} INFO - [2024-11-03T05:42:49.434+0000] {dag.py:3239} INFO - Sync 1 DAGs
[2024-11-03T05:42:49.450+0000] {logging_mixin.py:190} INFO - [2024-11-03T05:42:49.449+0000] {dag.py:4180} INFO - Setting next_dagrun for example_python_decorator to None, run_after=None
[2024-11-03T05:42:49.472+0000] {processor.py:208} INFO - Processing /home/airflow/.local/lib/python3.12/site-packages/airflow/example_dags/example_python_decorator.py took 0.085 seconds
[2024-11-03T05:43:20.217+0000] {processor.py:186} INFO - Started process (PID=8281) to work on /home/airflow/.local/lib/python3.12/site-packages/airflow/example_dags/example_python_decorator.py
[2024-11-03T05:43:20.218+0000] {processor.py:914} INFO - Processing file /home/airflow/.local/lib/python3.12/site-packages/airflow/example_dags/example_python_decorator.py for tasks to queue
[2024-11-03T05:43:20.220+0000] {logging_mixin.py:190} INFO - [2024-11-03T05:43:20.220+0000] {dagbag.py:588} INFO - Filling up the DagBag from /home/airflow/.local/lib/python3.12/site-packages/airflow/example_dags/example_python_decorator.py
[2024-11-03T05:43:20.235+0000] {processor.py:925} INFO - DAG(s) 'example_python_decorator' retrieved from /home/airflow/.local/lib/python3.12/site-packages/airflow/example_dags/example_python_decorator.py
[2024-11-03T05:43:20.262+0000] {logging_mixin.py:190} INFO - [2024-11-03T05:43:20.261+0000] {dag.py:3239} INFO - Sync 1 DAGs
[2024-11-03T05:43:20.284+0000] {logging_mixin.py:190} INFO - [2024-11-03T05:43:20.284+0000] {dag.py:4180} INFO - Setting next_dagrun for example_python_decorator to None, run_after=None
[2024-11-03T05:43:20.308+0000] {processor.py:208} INFO - Processing /home/airflow/.local/lib/python3.12/site-packages/airflow/example_dags/example_python_decorator.py took 0.098 seconds
[2024-11-03T05:43:50.570+0000] {processor.py:186} INFO - Started process (PID=8572) to work on /home/airflow/.local/lib/python3.12/site-packages/airflow/example_dags/example_python_decorator.py
[2024-11-03T05:43:50.572+0000] {processor.py:914} INFO - Processing file /home/airflow/.local/lib/python3.12/site-packages/airflow/example_dags/example_python_decorator.py for tasks to queue
[2024-11-03T05:43:50.574+0000] {logging_mixin.py:190} INFO - [2024-11-03T05:43:50.573+0000] {dagbag.py:588} INFO - Filling up the DagBag from /home/airflow/.local/lib/python3.12/site-packages/airflow/example_dags/example_python_decorator.py
[2024-11-03T05:43:50.589+0000] {processor.py:925} INFO - DAG(s) 'example_python_decorator' retrieved from /home/airflow/.local/lib/python3.12/site-packages/airflow/example_dags/example_python_decorator.py
[2024-11-03T05:43:50.614+0000] {logging_mixin.py:190} INFO - [2024-11-03T05:43:50.614+0000] {dag.py:3239} INFO - Sync 1 DAGs
[2024-11-03T05:43:50.630+0000] {logging_mixin.py:190} INFO - [2024-11-03T05:43:50.629+0000] {dag.py:4180} INFO - Setting next_dagrun for example_python_decorator to None, run_after=None
[2024-11-03T05:43:50.652+0000] {processor.py:208} INFO - Processing /home/airflow/.local/lib/python3.12/site-packages/airflow/example_dags/example_python_decorator.py took 0.088 seconds
[2024-11-03T05:44:21.181+0000] {processor.py:186} INFO - Started process (PID=8865) to work on /home/airflow/.local/lib/python3.12/site-packages/airflow/example_dags/example_python_decorator.py
[2024-11-03T05:44:21.182+0000] {processor.py:914} INFO - Processing file /home/airflow/.local/lib/python3.12/site-packages/airflow/example_dags/example_python_decorator.py for tasks to queue
[2024-11-03T05:44:21.184+0000] {logging_mixin.py:190} INFO - [2024-11-03T05:44:21.184+0000] {dagbag.py:588} INFO - Filling up the DagBag from /home/airflow/.local/lib/python3.12/site-packages/airflow/example_dags/example_python_decorator.py
[2024-11-03T05:44:21.200+0000] {processor.py:925} INFO - DAG(s) 'example_python_decorator' retrieved from /home/airflow/.local/lib/python3.12/site-packages/airflow/example_dags/example_python_decorator.py
[2024-11-03T05:44:21.228+0000] {logging_mixin.py:190} INFO - [2024-11-03T05:44:21.227+0000] {dag.py:3239} INFO - Sync 1 DAGs
[2024-11-03T05:44:21.245+0000] {logging_mixin.py:190} INFO - [2024-11-03T05:44:21.245+0000] {dag.py:4180} INFO - Setting next_dagrun for example_python_decorator to None, run_after=None
[2024-11-03T05:44:21.270+0000] {processor.py:208} INFO - Processing /home/airflow/.local/lib/python3.12/site-packages/airflow/example_dags/example_python_decorator.py took 0.096 seconds
[2024-11-03T05:44:51.392+0000] {processor.py:186} INFO - Started process (PID=9154) to work on /home/airflow/.local/lib/python3.12/site-packages/airflow/example_dags/example_python_decorator.py
[2024-11-03T05:44:51.393+0000] {processor.py:914} INFO - Processing file /home/airflow/.local/lib/python3.12/site-packages/airflow/example_dags/example_python_decorator.py for tasks to queue
[2024-11-03T05:44:51.396+0000] {logging_mixin.py:190} INFO - [2024-11-03T05:44:51.395+0000] {dagbag.py:588} INFO - Filling up the DagBag from /home/airflow/.local/lib/python3.12/site-packages/airflow/example_dags/example_python_decorator.py
[2024-11-03T05:44:51.410+0000] {processor.py:925} INFO - DAG(s) 'example_python_decorator' retrieved from /home/airflow/.local/lib/python3.12/site-packages/airflow/example_dags/example_python_decorator.py
[2024-11-03T05:44:51.435+0000] {logging_mixin.py:190} INFO - [2024-11-03T05:44:51.434+0000] {dag.py:3239} INFO - Sync 1 DAGs
[2024-11-03T05:44:51.450+0000] {logging_mixin.py:190} INFO - [2024-11-03T05:44:51.450+0000] {dag.py:4180} INFO - Setting next_dagrun for example_python_decorator to None, run_after=None
[2024-11-03T05:44:51.472+0000] {processor.py:208} INFO - Processing /home/airflow/.local/lib/python3.12/site-packages/airflow/example_dags/example_python_decorator.py took 0.086 seconds
[2024-11-03T05:45:21.681+0000] {processor.py:186} INFO - Started process (PID=9445) to work on /home/airflow/.local/lib/python3.12/site-packages/airflow/example_dags/example_python_decorator.py
[2024-11-03T05:45:21.682+0000] {processor.py:914} INFO - Processing file /home/airflow/.local/lib/python3.12/site-packages/airflow/example_dags/example_python_decorator.py for tasks to queue
[2024-11-03T05:45:21.685+0000] {logging_mixin.py:190} INFO - [2024-11-03T05:45:21.684+0000] {dagbag.py:588} INFO - Filling up the DagBag from /home/airflow/.local/lib/python3.12/site-packages/airflow/example_dags/example_python_decorator.py
[2024-11-03T05:45:21.699+0000] {processor.py:925} INFO - DAG(s) 'example_python_decorator' retrieved from /home/airflow/.local/lib/python3.12/site-packages/airflow/example_dags/example_python_decorator.py
[2024-11-03T05:45:21.724+0000] {logging_mixin.py:190} INFO - [2024-11-03T05:45:21.724+0000] {dag.py:3239} INFO - Sync 1 DAGs
[2024-11-03T05:45:21.741+0000] {logging_mixin.py:190} INFO - [2024-11-03T05:45:21.740+0000] {dag.py:4180} INFO - Setting next_dagrun for example_python_decorator to None, run_after=None
[2024-11-03T05:45:21.767+0000] {processor.py:208} INFO - Processing /home/airflow/.local/lib/python3.12/site-packages/airflow/example_dags/example_python_decorator.py took 0.092 seconds
[2024-11-03T05:45:52.466+0000] {processor.py:186} INFO - Started process (PID=9738) to work on /home/airflow/.local/lib/python3.12/site-packages/airflow/example_dags/example_python_decorator.py
[2024-11-03T05:45:52.467+0000] {processor.py:914} INFO - Processing file /home/airflow/.local/lib/python3.12/site-packages/airflow/example_dags/example_python_decorator.py for tasks to queue
[2024-11-03T05:45:52.469+0000] {logging_mixin.py:190} INFO - [2024-11-03T05:45:52.469+0000] {dagbag.py:588} INFO - Filling up the DagBag from /home/airflow/.local/lib/python3.12/site-packages/airflow/example_dags/example_python_decorator.py
[2024-11-03T05:45:52.485+0000] {processor.py:925} INFO - DAG(s) 'example_python_decorator' retrieved from /home/airflow/.local/lib/python3.12/site-packages/airflow/example_dags/example_python_decorator.py
[2024-11-03T05:45:52.513+0000] {logging_mixin.py:190} INFO - [2024-11-03T05:45:52.513+0000] {dag.py:3239} INFO - Sync 1 DAGs
[2024-11-03T05:45:52.534+0000] {logging_mixin.py:190} INFO - [2024-11-03T05:45:52.533+0000] {dag.py:4180} INFO - Setting next_dagrun for example_python_decorator to None, run_after=None
[2024-11-03T05:45:52.563+0000] {processor.py:208} INFO - Processing /home/airflow/.local/lib/python3.12/site-packages/airflow/example_dags/example_python_decorator.py took 0.103 seconds
[2024-11-03T05:46:23.267+0000] {processor.py:186} INFO - Started process (PID=10027) to work on /home/airflow/.local/lib/python3.12/site-packages/airflow/example_dags/example_python_decorator.py
[2024-11-03T05:46:23.268+0000] {processor.py:914} INFO - Processing file /home/airflow/.local/lib/python3.12/site-packages/airflow/example_dags/example_python_decorator.py for tasks to queue
[2024-11-03T05:46:23.270+0000] {logging_mixin.py:190} INFO - [2024-11-03T05:46:23.270+0000] {dagbag.py:588} INFO - Filling up the DagBag from /home/airflow/.local/lib/python3.12/site-packages/airflow/example_dags/example_python_decorator.py
[2024-11-03T05:46:23.284+0000] {processor.py:925} INFO - DAG(s) 'example_python_decorator' retrieved from /home/airflow/.local/lib/python3.12/site-packages/airflow/example_dags/example_python_decorator.py
[2024-11-03T05:46:23.307+0000] {logging_mixin.py:190} INFO - [2024-11-03T05:46:23.307+0000] {dag.py:3239} INFO - Sync 1 DAGs
[2024-11-03T05:46:23.322+0000] {logging_mixin.py:190} INFO - [2024-11-03T05:46:23.321+0000] {dag.py:4180} INFO - Setting next_dagrun for example_python_decorator to None, run_after=None
[2024-11-03T05:46:23.345+0000] {processor.py:208} INFO - Processing /home/airflow/.local/lib/python3.12/site-packages/airflow/example_dags/example_python_decorator.py took 0.084 seconds
[2024-11-03T05:46:53.552+0000] {processor.py:186} INFO - Started process (PID=10318) to work on /home/airflow/.local/lib/python3.12/site-packages/airflow/example_dags/example_python_decorator.py
[2024-11-03T05:46:53.553+0000] {processor.py:914} INFO - Processing file /home/airflow/.local/lib/python3.12/site-packages/airflow/example_dags/example_python_decorator.py for tasks to queue
[2024-11-03T05:46:53.556+0000] {logging_mixin.py:190} INFO - [2024-11-03T05:46:53.555+0000] {dagbag.py:588} INFO - Filling up the DagBag from /home/airflow/.local/lib/python3.12/site-packages/airflow/example_dags/example_python_decorator.py
[2024-11-03T05:46:53.571+0000] {processor.py:925} INFO - DAG(s) 'example_python_decorator' retrieved from /home/airflow/.local/lib/python3.12/site-packages/airflow/example_dags/example_python_decorator.py
[2024-11-03T05:46:53.594+0000] {logging_mixin.py:190} INFO - [2024-11-03T05:46:53.594+0000] {dag.py:3239} INFO - Sync 1 DAGs
[2024-11-03T05:46:53.609+0000] {logging_mixin.py:190} INFO - [2024-11-03T05:46:53.609+0000] {dag.py:4180} INFO - Setting next_dagrun for example_python_decorator to None, run_after=None
[2024-11-03T05:46:53.630+0000] {processor.py:208} INFO - Processing /home/airflow/.local/lib/python3.12/site-packages/airflow/example_dags/example_python_decorator.py took 0.085 seconds
[2024-11-03T05:47:23.903+0000] {processor.py:186} INFO - Started process (PID=10609) to work on /home/airflow/.local/lib/python3.12/site-packages/airflow/example_dags/example_python_decorator.py
[2024-11-03T05:47:23.904+0000] {processor.py:914} INFO - Processing file /home/airflow/.local/lib/python3.12/site-packages/airflow/example_dags/example_python_decorator.py for tasks to queue
[2024-11-03T05:47:23.906+0000] {logging_mixin.py:190} INFO - [2024-11-03T05:47:23.906+0000] {dagbag.py:588} INFO - Filling up the DagBag from /home/airflow/.local/lib/python3.12/site-packages/airflow/example_dags/example_python_decorator.py
[2024-11-03T05:47:23.921+0000] {processor.py:925} INFO - DAG(s) 'example_python_decorator' retrieved from /home/airflow/.local/lib/python3.12/site-packages/airflow/example_dags/example_python_decorator.py
[2024-11-03T05:47:23.944+0000] {logging_mixin.py:190} INFO - [2024-11-03T05:47:23.944+0000] {dag.py:3239} INFO - Sync 1 DAGs
[2024-11-03T05:47:23.960+0000] {logging_mixin.py:190} INFO - [2024-11-03T05:47:23.960+0000] {dag.py:4180} INFO - Setting next_dagrun for example_python_decorator to None, run_after=None
[2024-11-03T05:47:23.981+0000] {processor.py:208} INFO - Processing /home/airflow/.local/lib/python3.12/site-packages/airflow/example_dags/example_python_decorator.py took 0.084 seconds
[2024-11-03T05:47:54.307+0000] {processor.py:186} INFO - Started process (PID=10902) to work on /home/airflow/.local/lib/python3.12/site-packages/airflow/example_dags/example_python_decorator.py
[2024-11-03T05:47:54.308+0000] {processor.py:914} INFO - Processing file /home/airflow/.local/lib/python3.12/site-packages/airflow/example_dags/example_python_decorator.py for tasks to queue
[2024-11-03T05:47:54.311+0000] {logging_mixin.py:190} INFO - [2024-11-03T05:47:54.310+0000] {dagbag.py:588} INFO - Filling up the DagBag from /home/airflow/.local/lib/python3.12/site-packages/airflow/example_dags/example_python_decorator.py
[2024-11-03T05:47:54.325+0000] {processor.py:925} INFO - DAG(s) 'example_python_decorator' retrieved from /home/airflow/.local/lib/python3.12/site-packages/airflow/example_dags/example_python_decorator.py
[2024-11-03T05:47:54.352+0000] {logging_mixin.py:190} INFO - [2024-11-03T05:47:54.352+0000] {dag.py:3239} INFO - Sync 1 DAGs
[2024-11-03T05:47:54.372+0000] {logging_mixin.py:190} INFO - [2024-11-03T05:47:54.372+0000] {dag.py:4180} INFO - Setting next_dagrun for example_python_decorator to None, run_after=None
[2024-11-03T05:47:54.393+0000] {processor.py:208} INFO - Processing /home/airflow/.local/lib/python3.12/site-packages/airflow/example_dags/example_python_decorator.py took 0.092 seconds
[2024-11-03T05:48:24.572+0000] {processor.py:186} INFO - Started process (PID=11193) to work on /home/airflow/.local/lib/python3.12/site-packages/airflow/example_dags/example_python_decorator.py
[2024-11-03T05:48:24.573+0000] {processor.py:914} INFO - Processing file /home/airflow/.local/lib/python3.12/site-packages/airflow/example_dags/example_python_decorator.py for tasks to queue
[2024-11-03T05:48:24.576+0000] {logging_mixin.py:190} INFO - [2024-11-03T05:48:24.576+0000] {dagbag.py:588} INFO - Filling up the DagBag from /home/airflow/.local/lib/python3.12/site-packages/airflow/example_dags/example_python_decorator.py
[2024-11-03T05:48:24.590+0000] {processor.py:925} INFO - DAG(s) 'example_python_decorator' retrieved from /home/airflow/.local/lib/python3.12/site-packages/airflow/example_dags/example_python_decorator.py
[2024-11-03T05:48:24.620+0000] {logging_mixin.py:190} INFO - [2024-11-03T05:48:24.619+0000] {dag.py:3239} INFO - Sync 1 DAGs
[2024-11-03T05:48:24.635+0000] {logging_mixin.py:190} INFO - [2024-11-03T05:48:24.634+0000] {dag.py:4180} INFO - Setting next_dagrun for example_python_decorator to None, run_after=None
[2024-11-03T05:48:24.659+0000] {processor.py:208} INFO - Processing /home/airflow/.local/lib/python3.12/site-packages/airflow/example_dags/example_python_decorator.py took 0.095 seconds
[2024-11-03T05:48:55.016+0000] {processor.py:186} INFO - Started process (PID=11482) to work on /home/airflow/.local/lib/python3.12/site-packages/airflow/example_dags/example_python_decorator.py
[2024-11-03T05:48:55.017+0000] {processor.py:914} INFO - Processing file /home/airflow/.local/lib/python3.12/site-packages/airflow/example_dags/example_python_decorator.py for tasks to queue
[2024-11-03T05:48:55.020+0000] {logging_mixin.py:190} INFO - [2024-11-03T05:48:55.020+0000] {dagbag.py:588} INFO - Filling up the DagBag from /home/airflow/.local/lib/python3.12/site-packages/airflow/example_dags/example_python_decorator.py
[2024-11-03T05:48:55.036+0000] {processor.py:925} INFO - DAG(s) 'example_python_decorator' retrieved from /home/airflow/.local/lib/python3.12/site-packages/airflow/example_dags/example_python_decorator.py
[2024-11-03T05:48:55.061+0000] {logging_mixin.py:190} INFO - [2024-11-03T05:48:55.061+0000] {dag.py:3239} INFO - Sync 1 DAGs
[2024-11-03T05:48:55.076+0000] {logging_mixin.py:190} INFO - [2024-11-03T05:48:55.076+0000] {dag.py:4180} INFO - Setting next_dagrun for example_python_decorator to None, run_after=None
[2024-11-03T05:48:55.103+0000] {processor.py:208} INFO - Processing /home/airflow/.local/lib/python3.12/site-packages/airflow/example_dags/example_python_decorator.py took 0.094 seconds
[2024-11-03T05:49:25.585+0000] {processor.py:186} INFO - Started process (PID=11775) to work on /home/airflow/.local/lib/python3.12/site-packages/airflow/example_dags/example_python_decorator.py
[2024-11-03T05:49:25.587+0000] {processor.py:914} INFO - Processing file /home/airflow/.local/lib/python3.12/site-packages/airflow/example_dags/example_python_decorator.py for tasks to queue
[2024-11-03T05:49:25.589+0000] {logging_mixin.py:190} INFO - [2024-11-03T05:49:25.589+0000] {dagbag.py:588} INFO - Filling up the DagBag from /home/airflow/.local/lib/python3.12/site-packages/airflow/example_dags/example_python_decorator.py
[2024-11-03T05:49:25.603+0000] {processor.py:925} INFO - DAG(s) 'example_python_decorator' retrieved from /home/airflow/.local/lib/python3.12/site-packages/airflow/example_dags/example_python_decorator.py
[2024-11-03T05:49:25.628+0000] {logging_mixin.py:190} INFO - [2024-11-03T05:49:25.628+0000] {dag.py:3239} INFO - Sync 1 DAGs
[2024-11-03T05:49:25.645+0000] {logging_mixin.py:190} INFO - [2024-11-03T05:49:25.645+0000] {dag.py:4180} INFO - Setting next_dagrun for example_python_decorator to None, run_after=None
[2024-11-03T05:49:25.669+0000] {processor.py:208} INFO - Processing /home/airflow/.local/lib/python3.12/site-packages/airflow/example_dags/example_python_decorator.py took 0.089 seconds
[2024-11-03T05:49:56.465+0000] {processor.py:186} INFO - Started process (PID=12064) to work on /home/airflow/.local/lib/python3.12/site-packages/airflow/example_dags/example_python_decorator.py
[2024-11-03T05:49:56.466+0000] {processor.py:914} INFO - Processing file /home/airflow/.local/lib/python3.12/site-packages/airflow/example_dags/example_python_decorator.py for tasks to queue
[2024-11-03T05:49:56.470+0000] {logging_mixin.py:190} INFO - [2024-11-03T05:49:56.470+0000] {dagbag.py:588} INFO - Filling up the DagBag from /home/airflow/.local/lib/python3.12/site-packages/airflow/example_dags/example_python_decorator.py
[2024-11-03T05:49:56.486+0000] {processor.py:925} INFO - DAG(s) 'example_python_decorator' retrieved from /home/airflow/.local/lib/python3.12/site-packages/airflow/example_dags/example_python_decorator.py
[2024-11-03T05:49:56.510+0000] {logging_mixin.py:190} INFO - [2024-11-03T05:49:56.510+0000] {dag.py:3239} INFO - Sync 1 DAGs
[2024-11-03T05:49:56.528+0000] {logging_mixin.py:190} INFO - [2024-11-03T05:49:56.528+0000] {dag.py:4180} INFO - Setting next_dagrun for example_python_decorator to None, run_after=None
[2024-11-03T05:49:56.552+0000] {processor.py:208} INFO - Processing /home/airflow/.local/lib/python3.12/site-packages/airflow/example_dags/example_python_decorator.py took 0.094 seconds
[2024-11-03T05:50:27.111+0000] {processor.py:186} INFO - Started process (PID=12355) to work on /home/airflow/.local/lib/python3.12/site-packages/airflow/example_dags/example_python_decorator.py
[2024-11-03T05:50:27.112+0000] {processor.py:914} INFO - Processing file /home/airflow/.local/lib/python3.12/site-packages/airflow/example_dags/example_python_decorator.py for tasks to queue
[2024-11-03T05:50:27.115+0000] {logging_mixin.py:190} INFO - [2024-11-03T05:50:27.115+0000] {dagbag.py:588} INFO - Filling up the DagBag from /home/airflow/.local/lib/python3.12/site-packages/airflow/example_dags/example_python_decorator.py
[2024-11-03T05:50:27.129+0000] {processor.py:925} INFO - DAG(s) 'example_python_decorator' retrieved from /home/airflow/.local/lib/python3.12/site-packages/airflow/example_dags/example_python_decorator.py
[2024-11-03T05:50:27.154+0000] {logging_mixin.py:190} INFO - [2024-11-03T05:50:27.153+0000] {dag.py:3239} INFO - Sync 1 DAGs
[2024-11-03T05:50:27.169+0000] {logging_mixin.py:190} INFO - [2024-11-03T05:50:27.169+0000] {dag.py:4180} INFO - Setting next_dagrun for example_python_decorator to None, run_after=None
[2024-11-03T05:50:27.192+0000] {processor.py:208} INFO - Processing /home/airflow/.local/lib/python3.12/site-packages/airflow/example_dags/example_python_decorator.py took 0.086 seconds
[2024-11-03T05:50:57.382+0000] {processor.py:186} INFO - Started process (PID=12643) to work on /home/airflow/.local/lib/python3.12/site-packages/airflow/example_dags/example_python_decorator.py
[2024-11-03T05:50:57.383+0000] {processor.py:914} INFO - Processing file /home/airflow/.local/lib/python3.12/site-packages/airflow/example_dags/example_python_decorator.py for tasks to queue
[2024-11-03T05:50:57.386+0000] {logging_mixin.py:190} INFO - [2024-11-03T05:50:57.385+0000] {dagbag.py:588} INFO - Filling up the DagBag from /home/airflow/.local/lib/python3.12/site-packages/airflow/example_dags/example_python_decorator.py
[2024-11-03T05:50:57.401+0000] {processor.py:925} INFO - DAG(s) 'example_python_decorator' retrieved from /home/airflow/.local/lib/python3.12/site-packages/airflow/example_dags/example_python_decorator.py
[2024-11-03T05:50:57.424+0000] {logging_mixin.py:190} INFO - [2024-11-03T05:50:57.424+0000] {dag.py:3239} INFO - Sync 1 DAGs
[2024-11-03T05:50:57.440+0000] {logging_mixin.py:190} INFO - [2024-11-03T05:50:57.440+0000] {dag.py:4180} INFO - Setting next_dagrun for example_python_decorator to None, run_after=None
[2024-11-03T05:50:57.463+0000] {processor.py:208} INFO - Processing /home/airflow/.local/lib/python3.12/site-packages/airflow/example_dags/example_python_decorator.py took 0.087 seconds
[2024-11-03T05:52:55.129+0000] {processor.py:186} INFO - Started process (PID=402) to work on /home/airflow/.local/lib/python3.12/site-packages/airflow/example_dags/example_python_decorator.py
[2024-11-03T05:52:55.131+0000] {processor.py:914} INFO - Processing file /home/airflow/.local/lib/python3.12/site-packages/airflow/example_dags/example_python_decorator.py for tasks to queue
[2024-11-03T05:52:55.136+0000] {logging_mixin.py:190} INFO - [2024-11-03T05:52:55.135+0000] {dagbag.py:588} INFO - Filling up the DagBag from /home/airflow/.local/lib/python3.12/site-packages/airflow/example_dags/example_python_decorator.py
[2024-11-03T05:52:55.162+0000] {processor.py:925} INFO - DAG(s) 'example_python_decorator' retrieved from /home/airflow/.local/lib/python3.12/site-packages/airflow/example_dags/example_python_decorator.py
[2024-11-03T05:52:55.410+0000] {logging_mixin.py:190} INFO - [2024-11-03T05:52:55.410+0000] {dag.py:3239} INFO - Sync 1 DAGs
[2024-11-03T05:52:55.451+0000] {logging_mixin.py:190} INFO - [2024-11-03T05:52:55.450+0000] {dag.py:4180} INFO - Setting next_dagrun for example_python_decorator to None, run_after=None
[2024-11-03T05:52:55.503+0000] {processor.py:208} INFO - Processing /home/airflow/.local/lib/python3.12/site-packages/airflow/example_dags/example_python_decorator.py took 0.383 seconds
[2024-11-03T05:53:25.806+0000] {processor.py:186} INFO - Started process (PID=693) to work on /home/airflow/.local/lib/python3.12/site-packages/airflow/example_dags/example_python_decorator.py
[2024-11-03T05:53:25.809+0000] {processor.py:914} INFO - Processing file /home/airflow/.local/lib/python3.12/site-packages/airflow/example_dags/example_python_decorator.py for tasks to queue
[2024-11-03T05:53:25.812+0000] {logging_mixin.py:190} INFO - [2024-11-03T05:53:25.811+0000] {dagbag.py:588} INFO - Filling up the DagBag from /home/airflow/.local/lib/python3.12/site-packages/airflow/example_dags/example_python_decorator.py
[2024-11-03T05:53:25.832+0000] {processor.py:925} INFO - DAG(s) 'example_python_decorator' retrieved from /home/airflow/.local/lib/python3.12/site-packages/airflow/example_dags/example_python_decorator.py
[2024-11-03T05:53:25.861+0000] {logging_mixin.py:190} INFO - [2024-11-03T05:53:25.861+0000] {dag.py:3239} INFO - Sync 1 DAGs
[2024-11-03T05:53:25.879+0000] {logging_mixin.py:190} INFO - [2024-11-03T05:53:25.879+0000] {dag.py:4180} INFO - Setting next_dagrun for example_python_decorator to None, run_after=None
[2024-11-03T05:53:25.907+0000] {processor.py:208} INFO - Processing /home/airflow/.local/lib/python3.12/site-packages/airflow/example_dags/example_python_decorator.py took 0.107 seconds
[2024-11-03T05:53:56.360+0000] {processor.py:186} INFO - Started process (PID=984) to work on /home/airflow/.local/lib/python3.12/site-packages/airflow/example_dags/example_python_decorator.py
[2024-11-03T05:53:56.361+0000] {processor.py:914} INFO - Processing file /home/airflow/.local/lib/python3.12/site-packages/airflow/example_dags/example_python_decorator.py for tasks to queue
[2024-11-03T05:53:56.364+0000] {logging_mixin.py:190} INFO - [2024-11-03T05:53:56.363+0000] {dagbag.py:588} INFO - Filling up the DagBag from /home/airflow/.local/lib/python3.12/site-packages/airflow/example_dags/example_python_decorator.py
[2024-11-03T05:53:56.378+0000] {processor.py:925} INFO - DAG(s) 'example_python_decorator' retrieved from /home/airflow/.local/lib/python3.12/site-packages/airflow/example_dags/example_python_decorator.py
[2024-11-03T05:53:56.402+0000] {logging_mixin.py:190} INFO - [2024-11-03T05:53:56.401+0000] {dag.py:3239} INFO - Sync 1 DAGs
[2024-11-03T05:53:56.419+0000] {logging_mixin.py:190} INFO - [2024-11-03T05:53:56.419+0000] {dag.py:4180} INFO - Setting next_dagrun for example_python_decorator to None, run_after=None
[2024-11-03T05:53:56.443+0000] {processor.py:208} INFO - Processing /home/airflow/.local/lib/python3.12/site-packages/airflow/example_dags/example_python_decorator.py took 0.088 seconds
[2024-11-03T05:54:26.754+0000] {processor.py:186} INFO - Started process (PID=1275) to work on /home/airflow/.local/lib/python3.12/site-packages/airflow/example_dags/example_python_decorator.py
[2024-11-03T05:54:26.755+0000] {processor.py:914} INFO - Processing file /home/airflow/.local/lib/python3.12/site-packages/airflow/example_dags/example_python_decorator.py for tasks to queue
[2024-11-03T05:54:26.757+0000] {logging_mixin.py:190} INFO - [2024-11-03T05:54:26.757+0000] {dagbag.py:588} INFO - Filling up the DagBag from /home/airflow/.local/lib/python3.12/site-packages/airflow/example_dags/example_python_decorator.py
[2024-11-03T05:54:26.772+0000] {processor.py:925} INFO - DAG(s) 'example_python_decorator' retrieved from /home/airflow/.local/lib/python3.12/site-packages/airflow/example_dags/example_python_decorator.py
[2024-11-03T05:54:26.795+0000] {logging_mixin.py:190} INFO - [2024-11-03T05:54:26.795+0000] {dag.py:3239} INFO - Sync 1 DAGs
[2024-11-03T05:54:26.810+0000] {logging_mixin.py:190} INFO - [2024-11-03T05:54:26.810+0000] {dag.py:4180} INFO - Setting next_dagrun for example_python_decorator to None, run_after=None
[2024-11-03T05:54:26.832+0000] {processor.py:208} INFO - Processing /home/airflow/.local/lib/python3.12/site-packages/airflow/example_dags/example_python_decorator.py took 0.084 seconds
[2024-11-03T05:54:57.666+0000] {processor.py:186} INFO - Started process (PID=1566) to work on /home/airflow/.local/lib/python3.12/site-packages/airflow/example_dags/example_python_decorator.py
[2024-11-03T05:54:57.667+0000] {processor.py:914} INFO - Processing file /home/airflow/.local/lib/python3.12/site-packages/airflow/example_dags/example_python_decorator.py for tasks to queue
[2024-11-03T05:54:57.670+0000] {logging_mixin.py:190} INFO - [2024-11-03T05:54:57.670+0000] {dagbag.py:588} INFO - Filling up the DagBag from /home/airflow/.local/lib/python3.12/site-packages/airflow/example_dags/example_python_decorator.py
[2024-11-03T05:54:57.685+0000] {processor.py:925} INFO - DAG(s) 'example_python_decorator' retrieved from /home/airflow/.local/lib/python3.12/site-packages/airflow/example_dags/example_python_decorator.py
[2024-11-03T05:54:57.713+0000] {logging_mixin.py:190} INFO - [2024-11-03T05:54:57.713+0000] {dag.py:3239} INFO - Sync 1 DAGs
[2024-11-03T05:54:57.730+0000] {logging_mixin.py:190} INFO - [2024-11-03T05:54:57.730+0000] {dag.py:4180} INFO - Setting next_dagrun for example_python_decorator to None, run_after=None
[2024-11-03T05:54:57.753+0000] {processor.py:208} INFO - Processing /home/airflow/.local/lib/python3.12/site-packages/airflow/example_dags/example_python_decorator.py took 0.092 seconds
[2024-11-03T05:57:19.696+0000] {processor.py:186} INFO - Started process (PID=404) to work on /home/airflow/.local/lib/python3.12/site-packages/airflow/example_dags/example_python_decorator.py
[2024-11-03T05:57:19.697+0000] {processor.py:914} INFO - Processing file /home/airflow/.local/lib/python3.12/site-packages/airflow/example_dags/example_python_decorator.py for tasks to queue
[2024-11-03T05:57:19.700+0000] {logging_mixin.py:190} INFO - [2024-11-03T05:57:19.700+0000] {dagbag.py:588} INFO - Filling up the DagBag from /home/airflow/.local/lib/python3.12/site-packages/airflow/example_dags/example_python_decorator.py
[2024-11-03T05:57:19.716+0000] {processor.py:925} INFO - DAG(s) 'example_python_decorator' retrieved from /home/airflow/.local/lib/python3.12/site-packages/airflow/example_dags/example_python_decorator.py
[2024-11-03T05:57:19.890+0000] {logging_mixin.py:190} INFO - [2024-11-03T05:57:19.889+0000] {dag.py:3239} INFO - Sync 1 DAGs
[2024-11-03T05:57:19.917+0000] {logging_mixin.py:190} INFO - [2024-11-03T05:57:19.916+0000] {dag.py:4180} INFO - Setting next_dagrun for example_python_decorator to None, run_after=None
[2024-11-03T05:57:19.940+0000] {processor.py:208} INFO - Processing /home/airflow/.local/lib/python3.12/site-packages/airflow/example_dags/example_python_decorator.py took 0.255 seconds
[2024-11-03T05:57:50.370+0000] {processor.py:186} INFO - Started process (PID=693) to work on /home/airflow/.local/lib/python3.12/site-packages/airflow/example_dags/example_python_decorator.py
[2024-11-03T05:57:50.371+0000] {processor.py:914} INFO - Processing file /home/airflow/.local/lib/python3.12/site-packages/airflow/example_dags/example_python_decorator.py for tasks to queue
[2024-11-03T05:57:50.374+0000] {logging_mixin.py:190} INFO - [2024-11-03T05:57:50.373+0000] {dagbag.py:588} INFO - Filling up the DagBag from /home/airflow/.local/lib/python3.12/site-packages/airflow/example_dags/example_python_decorator.py
[2024-11-03T05:57:50.391+0000] {processor.py:925} INFO - DAG(s) 'example_python_decorator' retrieved from /home/airflow/.local/lib/python3.12/site-packages/airflow/example_dags/example_python_decorator.py
[2024-11-03T05:57:50.416+0000] {logging_mixin.py:190} INFO - [2024-11-03T05:57:50.416+0000] {dag.py:3239} INFO - Sync 1 DAGs
[2024-11-03T05:57:50.431+0000] {logging_mixin.py:190} INFO - [2024-11-03T05:57:50.431+0000] {dag.py:4180} INFO - Setting next_dagrun for example_python_decorator to None, run_after=None
[2024-11-03T05:57:50.454+0000] {processor.py:208} INFO - Processing /home/airflow/.local/lib/python3.12/site-packages/airflow/example_dags/example_python_decorator.py took 0.091 seconds
[2024-11-03T05:58:20.714+0000] {processor.py:186} INFO - Started process (PID=984) to work on /home/airflow/.local/lib/python3.12/site-packages/airflow/example_dags/example_python_decorator.py
[2024-11-03T05:58:20.715+0000] {processor.py:914} INFO - Processing file /home/airflow/.local/lib/python3.12/site-packages/airflow/example_dags/example_python_decorator.py for tasks to queue
[2024-11-03T05:58:20.717+0000] {logging_mixin.py:190} INFO - [2024-11-03T05:58:20.717+0000] {dagbag.py:588} INFO - Filling up the DagBag from /home/airflow/.local/lib/python3.12/site-packages/airflow/example_dags/example_python_decorator.py
[2024-11-03T05:58:20.732+0000] {processor.py:925} INFO - DAG(s) 'example_python_decorator' retrieved from /home/airflow/.local/lib/python3.12/site-packages/airflow/example_dags/example_python_decorator.py
[2024-11-03T05:58:20.757+0000] {logging_mixin.py:190} INFO - [2024-11-03T05:58:20.757+0000] {dag.py:3239} INFO - Sync 1 DAGs
[2024-11-03T05:58:20.773+0000] {logging_mixin.py:190} INFO - [2024-11-03T05:58:20.773+0000] {dag.py:4180} INFO - Setting next_dagrun for example_python_decorator to None, run_after=None
[2024-11-03T05:58:20.794+0000] {processor.py:208} INFO - Processing /home/airflow/.local/lib/python3.12/site-packages/airflow/example_dags/example_python_decorator.py took 0.086 seconds
[2024-11-03T05:58:51.721+0000] {processor.py:186} INFO - Started process (PID=1275) to work on /home/airflow/.local/lib/python3.12/site-packages/airflow/example_dags/example_python_decorator.py
[2024-11-03T05:58:51.722+0000] {processor.py:914} INFO - Processing file /home/airflow/.local/lib/python3.12/site-packages/airflow/example_dags/example_python_decorator.py for tasks to queue
[2024-11-03T05:58:51.724+0000] {logging_mixin.py:190} INFO - [2024-11-03T05:58:51.724+0000] {dagbag.py:588} INFO - Filling up the DagBag from /home/airflow/.local/lib/python3.12/site-packages/airflow/example_dags/example_python_decorator.py
[2024-11-03T05:58:51.739+0000] {processor.py:925} INFO - DAG(s) 'example_python_decorator' retrieved from /home/airflow/.local/lib/python3.12/site-packages/airflow/example_dags/example_python_decorator.py
[2024-11-03T05:58:51.762+0000] {logging_mixin.py:190} INFO - [2024-11-03T05:58:51.762+0000] {dag.py:3239} INFO - Sync 1 DAGs
[2024-11-03T05:58:51.777+0000] {logging_mixin.py:190} INFO - [2024-11-03T05:58:51.777+0000] {dag.py:4180} INFO - Setting next_dagrun for example_python_decorator to None, run_after=None
[2024-11-03T05:58:51.803+0000] {processor.py:208} INFO - Processing /home/airflow/.local/lib/python3.12/site-packages/airflow/example_dags/example_python_decorator.py took 0.088 seconds
[2024-11-03T05:59:22.871+0000] {processor.py:186} INFO - Started process (PID=1568) to work on /home/airflow/.local/lib/python3.12/site-packages/airflow/example_dags/example_python_decorator.py
[2024-11-03T05:59:22.872+0000] {processor.py:914} INFO - Processing file /home/airflow/.local/lib/python3.12/site-packages/airflow/example_dags/example_python_decorator.py for tasks to queue
[2024-11-03T05:59:22.875+0000] {logging_mixin.py:190} INFO - [2024-11-03T05:59:22.874+0000] {dagbag.py:588} INFO - Filling up the DagBag from /home/airflow/.local/lib/python3.12/site-packages/airflow/example_dags/example_python_decorator.py
[2024-11-03T05:59:22.889+0000] {processor.py:925} INFO - DAG(s) 'example_python_decorator' retrieved from /home/airflow/.local/lib/python3.12/site-packages/airflow/example_dags/example_python_decorator.py
[2024-11-03T05:59:22.912+0000] {logging_mixin.py:190} INFO - [2024-11-03T05:59:22.912+0000] {dag.py:3239} INFO - Sync 1 DAGs
[2024-11-03T05:59:22.927+0000] {logging_mixin.py:190} INFO - [2024-11-03T05:59:22.927+0000] {dag.py:4180} INFO - Setting next_dagrun for example_python_decorator to None, run_after=None
[2024-11-03T05:59:22.955+0000] {processor.py:208} INFO - Processing /home/airflow/.local/lib/python3.12/site-packages/airflow/example_dags/example_python_decorator.py took 0.089 seconds
[2024-11-03T05:59:53.036+0000] {processor.py:186} INFO - Started process (PID=1857) to work on /home/airflow/.local/lib/python3.12/site-packages/airflow/example_dags/example_python_decorator.py
[2024-11-03T05:59:53.037+0000] {processor.py:914} INFO - Processing file /home/airflow/.local/lib/python3.12/site-packages/airflow/example_dags/example_python_decorator.py for tasks to queue
[2024-11-03T05:59:53.039+0000] {logging_mixin.py:190} INFO - [2024-11-03T05:59:53.039+0000] {dagbag.py:588} INFO - Filling up the DagBag from /home/airflow/.local/lib/python3.12/site-packages/airflow/example_dags/example_python_decorator.py
[2024-11-03T05:59:53.058+0000] {processor.py:925} INFO - DAG(s) 'example_python_decorator' retrieved from /home/airflow/.local/lib/python3.12/site-packages/airflow/example_dags/example_python_decorator.py
[2024-11-03T05:59:53.084+0000] {logging_mixin.py:190} INFO - [2024-11-03T05:59:53.084+0000] {dag.py:3239} INFO - Sync 1 DAGs
[2024-11-03T05:59:53.103+0000] {logging_mixin.py:190} INFO - [2024-11-03T05:59:53.103+0000] {dag.py:4180} INFO - Setting next_dagrun for example_python_decorator to None, run_after=None
[2024-11-03T05:59:53.129+0000] {processor.py:208} INFO - Processing /home/airflow/.local/lib/python3.12/site-packages/airflow/example_dags/example_python_decorator.py took 0.099 seconds
[2024-11-03T06:00:24.033+0000] {processor.py:186} INFO - Started process (PID=2148) to work on /home/airflow/.local/lib/python3.12/site-packages/airflow/example_dags/example_python_decorator.py
[2024-11-03T06:00:24.034+0000] {processor.py:914} INFO - Processing file /home/airflow/.local/lib/python3.12/site-packages/airflow/example_dags/example_python_decorator.py for tasks to queue
[2024-11-03T06:00:24.036+0000] {logging_mixin.py:190} INFO - [2024-11-03T06:00:24.036+0000] {dagbag.py:588} INFO - Filling up the DagBag from /home/airflow/.local/lib/python3.12/site-packages/airflow/example_dags/example_python_decorator.py
[2024-11-03T06:00:24.055+0000] {processor.py:925} INFO - DAG(s) 'example_python_decorator' retrieved from /home/airflow/.local/lib/python3.12/site-packages/airflow/example_dags/example_python_decorator.py
[2024-11-03T06:00:24.080+0000] {logging_mixin.py:190} INFO - [2024-11-03T06:00:24.080+0000] {dag.py:3239} INFO - Sync 1 DAGs
[2024-11-03T06:00:24.096+0000] {logging_mixin.py:190} INFO - [2024-11-03T06:00:24.096+0000] {dag.py:4180} INFO - Setting next_dagrun for example_python_decorator to None, run_after=None
[2024-11-03T06:00:24.118+0000] {processor.py:208} INFO - Processing /home/airflow/.local/lib/python3.12/site-packages/airflow/example_dags/example_python_decorator.py took 0.091 seconds
[2024-11-03T06:07:01.659+0000] {processor.py:186} INFO - Started process (PID=420) to work on /home/airflow/.local/lib/python3.12/site-packages/airflow/example_dags/example_python_decorator.py
[2024-11-03T06:07:01.660+0000] {processor.py:914} INFO - Processing file /home/airflow/.local/lib/python3.12/site-packages/airflow/example_dags/example_python_decorator.py for tasks to queue
[2024-11-03T06:07:01.664+0000] {logging_mixin.py:190} INFO - [2024-11-03T06:07:01.663+0000] {dagbag.py:588} INFO - Filling up the DagBag from /home/airflow/.local/lib/python3.12/site-packages/airflow/example_dags/example_python_decorator.py
[2024-11-03T06:07:01.686+0000] {processor.py:925} INFO - DAG(s) 'example_python_decorator' retrieved from /home/airflow/.local/lib/python3.12/site-packages/airflow/example_dags/example_python_decorator.py
[2024-11-03T06:07:01.907+0000] {logging_mixin.py:190} INFO - [2024-11-03T06:07:01.906+0000] {override.py:1900} INFO - Created Permission View: can edit on DAG:example_python_decorator
[2024-11-03T06:07:01.934+0000] {logging_mixin.py:190} INFO - [2024-11-03T06:07:01.934+0000] {override.py:1900} INFO - Created Permission View: can read on DAG:example_python_decorator
[2024-11-03T06:07:01.945+0000] {logging_mixin.py:190} INFO - [2024-11-03T06:07:01.945+0000] {override.py:1900} INFO - Created Permission View: can delete on DAG:example_python_decorator
[2024-11-03T06:07:01.959+0000] {logging_mixin.py:190} INFO - [2024-11-03T06:07:01.959+0000] {override.py:1900} INFO - Created Permission View: can create on DAG Run:example_python_decorator
[2024-11-03T06:07:01.971+0000] {logging_mixin.py:190} INFO - [2024-11-03T06:07:01.970+0000] {override.py:1900} INFO - Created Permission View: menu access on DAG Run:example_python_decorator
[2024-11-03T06:07:01.987+0000] {logging_mixin.py:190} INFO - [2024-11-03T06:07:01.987+0000] {override.py:1900} INFO - Created Permission View: can read on DAG Run:example_python_decorator
[2024-11-03T06:07:02.000+0000] {logging_mixin.py:190} INFO - [2024-11-03T06:07:02.000+0000] {override.py:1900} INFO - Created Permission View: can delete on DAG Run:example_python_decorator
[2024-11-03T06:07:02.001+0000] {logging_mixin.py:190} INFO - [2024-11-03T06:07:02.001+0000] {dag.py:3239} INFO - Sync 1 DAGs
[2024-11-03T06:07:02.026+0000] {logging_mixin.py:190} INFO - [2024-11-03T06:07:02.026+0000] {dag.py:3262} INFO - Creating ORM DAG for example_python_decorator
[2024-11-03T06:07:02.028+0000] {logging_mixin.py:190} INFO - [2024-11-03T06:07:02.027+0000] {dag.py:4180} INFO - Setting next_dagrun for example_python_decorator to None, run_after=None
[2024-11-03T06:07:02.054+0000] {processor.py:208} INFO - Processing /home/airflow/.local/lib/python3.12/site-packages/airflow/example_dags/example_python_decorator.py took 0.404 seconds
[2024-11-03T06:07:32.586+0000] {processor.py:186} INFO - Started process (PID=711) to work on /home/airflow/.local/lib/python3.12/site-packages/airflow/example_dags/example_python_decorator.py
[2024-11-03T06:07:32.588+0000] {processor.py:914} INFO - Processing file /home/airflow/.local/lib/python3.12/site-packages/airflow/example_dags/example_python_decorator.py for tasks to queue
[2024-11-03T06:07:32.590+0000] {logging_mixin.py:190} INFO - [2024-11-03T06:07:32.590+0000] {dagbag.py:588} INFO - Filling up the DagBag from /home/airflow/.local/lib/python3.12/site-packages/airflow/example_dags/example_python_decorator.py
[2024-11-03T06:07:32.607+0000] {processor.py:925} INFO - DAG(s) 'example_python_decorator' retrieved from /home/airflow/.local/lib/python3.12/site-packages/airflow/example_dags/example_python_decorator.py
[2024-11-03T06:07:32.643+0000] {logging_mixin.py:190} INFO - [2024-11-03T06:07:32.643+0000] {dag.py:3239} INFO - Sync 1 DAGs
[2024-11-03T06:07:32.664+0000] {logging_mixin.py:190} INFO - [2024-11-03T06:07:32.664+0000] {dag.py:4180} INFO - Setting next_dagrun for example_python_decorator to None, run_after=None
[2024-11-03T06:07:32.691+0000] {processor.py:208} INFO - Processing /home/airflow/.local/lib/python3.12/site-packages/airflow/example_dags/example_python_decorator.py took 0.114 seconds
[2024-11-03T06:10:52.324+0000] {processor.py:186} INFO - Started process (PID=415) to work on /home/airflow/.local/lib/python3.12/site-packages/airflow/example_dags/example_python_decorator.py
[2024-11-03T06:10:52.325+0000] {processor.py:914} INFO - Processing file /home/airflow/.local/lib/python3.12/site-packages/airflow/example_dags/example_python_decorator.py for tasks to queue
[2024-11-03T06:10:52.329+0000] {logging_mixin.py:190} INFO - [2024-11-03T06:10:52.328+0000] {dagbag.py:588} INFO - Filling up the DagBag from /home/airflow/.local/lib/python3.12/site-packages/airflow/example_dags/example_python_decorator.py
[2024-11-03T06:10:52.349+0000] {processor.py:925} INFO - DAG(s) 'example_python_decorator' retrieved from /home/airflow/.local/lib/python3.12/site-packages/airflow/example_dags/example_python_decorator.py
[2024-11-03T06:10:52.519+0000] {logging_mixin.py:190} INFO - [2024-11-03T06:10:52.518+0000] {dag.py:3239} INFO - Sync 1 DAGs
[2024-11-03T06:10:52.537+0000] {logging_mixin.py:190} INFO - [2024-11-03T06:10:52.536+0000] {dag.py:4180} INFO - Setting next_dagrun for example_python_decorator to None, run_after=None
[2024-11-03T06:10:52.562+0000] {processor.py:208} INFO - Processing /home/airflow/.local/lib/python3.12/site-packages/airflow/example_dags/example_python_decorator.py took 0.246 seconds
[2024-11-03T06:11:23.158+0000] {processor.py:186} INFO - Started process (PID=711) to work on /home/airflow/.local/lib/python3.12/site-packages/airflow/example_dags/example_python_decorator.py
[2024-11-03T06:11:23.159+0000] {processor.py:914} INFO - Processing file /home/airflow/.local/lib/python3.12/site-packages/airflow/example_dags/example_python_decorator.py for tasks to queue
[2024-11-03T06:11:23.162+0000] {logging_mixin.py:190} INFO - [2024-11-03T06:11:23.161+0000] {dagbag.py:588} INFO - Filling up the DagBag from /home/airflow/.local/lib/python3.12/site-packages/airflow/example_dags/example_python_decorator.py
[2024-11-03T06:11:23.179+0000] {processor.py:925} INFO - DAG(s) 'example_python_decorator' retrieved from /home/airflow/.local/lib/python3.12/site-packages/airflow/example_dags/example_python_decorator.py
[2024-11-03T06:11:23.207+0000] {logging_mixin.py:190} INFO - [2024-11-03T06:11:23.206+0000] {dag.py:3239} INFO - Sync 1 DAGs
[2024-11-03T06:11:23.225+0000] {logging_mixin.py:190} INFO - [2024-11-03T06:11:23.225+0000] {dag.py:4180} INFO - Setting next_dagrun for example_python_decorator to None, run_after=None
[2024-11-03T06:11:23.249+0000] {processor.py:208} INFO - Processing /home/airflow/.local/lib/python3.12/site-packages/airflow/example_dags/example_python_decorator.py took 0.098 seconds
[2024-11-03T06:11:53.782+0000] {processor.py:186} INFO - Started process (PID=999) to work on /home/airflow/.local/lib/python3.12/site-packages/airflow/example_dags/example_python_decorator.py
[2024-11-03T06:11:53.783+0000] {processor.py:914} INFO - Processing file /home/airflow/.local/lib/python3.12/site-packages/airflow/example_dags/example_python_decorator.py for tasks to queue
[2024-11-03T06:11:53.786+0000] {logging_mixin.py:190} INFO - [2024-11-03T06:11:53.786+0000] {dagbag.py:588} INFO - Filling up the DagBag from /home/airflow/.local/lib/python3.12/site-packages/airflow/example_dags/example_python_decorator.py
[2024-11-03T06:11:53.801+0000] {processor.py:925} INFO - DAG(s) 'example_python_decorator' retrieved from /home/airflow/.local/lib/python3.12/site-packages/airflow/example_dags/example_python_decorator.py
[2024-11-03T06:11:53.827+0000] {logging_mixin.py:190} INFO - [2024-11-03T06:11:53.826+0000] {dag.py:3239} INFO - Sync 1 DAGs
[2024-11-03T06:11:53.842+0000] {logging_mixin.py:190} INFO - [2024-11-03T06:11:53.842+0000] {dag.py:4180} INFO - Setting next_dagrun for example_python_decorator to None, run_after=None
[2024-11-03T06:11:53.866+0000] {processor.py:208} INFO - Processing /home/airflow/.local/lib/python3.12/site-packages/airflow/example_dags/example_python_decorator.py took 0.091 seconds
[2024-11-03T06:12:24.701+0000] {processor.py:186} INFO - Started process (PID=1288) to work on /home/airflow/.local/lib/python3.12/site-packages/airflow/example_dags/example_python_decorator.py
[2024-11-03T06:12:24.703+0000] {processor.py:914} INFO - Processing file /home/airflow/.local/lib/python3.12/site-packages/airflow/example_dags/example_python_decorator.py for tasks to queue
[2024-11-03T06:12:24.706+0000] {logging_mixin.py:190} INFO - [2024-11-03T06:12:24.705+0000] {dagbag.py:588} INFO - Filling up the DagBag from /home/airflow/.local/lib/python3.12/site-packages/airflow/example_dags/example_python_decorator.py
[2024-11-03T06:12:24.722+0000] {processor.py:925} INFO - DAG(s) 'example_python_decorator' retrieved from /home/airflow/.local/lib/python3.12/site-packages/airflow/example_dags/example_python_decorator.py
[2024-11-03T06:12:24.746+0000] {logging_mixin.py:190} INFO - [2024-11-03T06:12:24.746+0000] {dag.py:3239} INFO - Sync 1 DAGs
[2024-11-03T06:12:24.762+0000] {logging_mixin.py:190} INFO - [2024-11-03T06:12:24.762+0000] {dag.py:4180} INFO - Setting next_dagrun for example_python_decorator to None, run_after=None
[2024-11-03T06:12:24.784+0000] {processor.py:208} INFO - Processing /home/airflow/.local/lib/python3.12/site-packages/airflow/example_dags/example_python_decorator.py took 0.089 seconds
[2024-11-03T06:12:55.321+0000] {processor.py:186} INFO - Started process (PID=1579) to work on /home/airflow/.local/lib/python3.12/site-packages/airflow/example_dags/example_python_decorator.py
[2024-11-03T06:12:55.322+0000] {processor.py:914} INFO - Processing file /home/airflow/.local/lib/python3.12/site-packages/airflow/example_dags/example_python_decorator.py for tasks to queue
[2024-11-03T06:12:55.326+0000] {logging_mixin.py:190} INFO - [2024-11-03T06:12:55.325+0000] {dagbag.py:588} INFO - Filling up the DagBag from /home/airflow/.local/lib/python3.12/site-packages/airflow/example_dags/example_python_decorator.py
[2024-11-03T06:12:55.342+0000] {processor.py:925} INFO - DAG(s) 'example_python_decorator' retrieved from /home/airflow/.local/lib/python3.12/site-packages/airflow/example_dags/example_python_decorator.py
[2024-11-03T06:12:55.371+0000] {logging_mixin.py:190} INFO - [2024-11-03T06:12:55.371+0000] {dag.py:3239} INFO - Sync 1 DAGs
[2024-11-03T06:12:55.388+0000] {logging_mixin.py:190} INFO - [2024-11-03T06:12:55.388+0000] {dag.py:4180} INFO - Setting next_dagrun for example_python_decorator to None, run_after=None
[2024-11-03T06:12:55.417+0000] {processor.py:208} INFO - Processing /home/airflow/.local/lib/python3.12/site-packages/airflow/example_dags/example_python_decorator.py took 0.104 seconds
[2024-11-03T06:13:25.673+0000] {processor.py:186} INFO - Started process (PID=1870) to work on /home/airflow/.local/lib/python3.12/site-packages/airflow/example_dags/example_python_decorator.py
[2024-11-03T06:13:25.675+0000] {processor.py:914} INFO - Processing file /home/airflow/.local/lib/python3.12/site-packages/airflow/example_dags/example_python_decorator.py for tasks to queue
[2024-11-03T06:13:25.677+0000] {logging_mixin.py:190} INFO - [2024-11-03T06:13:25.677+0000] {dagbag.py:588} INFO - Filling up the DagBag from /home/airflow/.local/lib/python3.12/site-packages/airflow/example_dags/example_python_decorator.py
[2024-11-03T06:13:25.692+0000] {processor.py:925} INFO - DAG(s) 'example_python_decorator' retrieved from /home/airflow/.local/lib/python3.12/site-packages/airflow/example_dags/example_python_decorator.py
[2024-11-03T06:13:25.716+0000] {logging_mixin.py:190} INFO - [2024-11-03T06:13:25.716+0000] {dag.py:3239} INFO - Sync 1 DAGs
[2024-11-03T06:13:25.732+0000] {logging_mixin.py:190} INFO - [2024-11-03T06:13:25.732+0000] {dag.py:4180} INFO - Setting next_dagrun for example_python_decorator to None, run_after=None
[2024-11-03T06:13:25.756+0000] {processor.py:208} INFO - Processing /home/airflow/.local/lib/python3.12/site-packages/airflow/example_dags/example_python_decorator.py took 0.089 seconds
[2024-11-03T06:13:56.811+0000] {processor.py:186} INFO - Started process (PID=2161) to work on /home/airflow/.local/lib/python3.12/site-packages/airflow/example_dags/example_python_decorator.py
[2024-11-03T06:13:56.813+0000] {processor.py:914} INFO - Processing file /home/airflow/.local/lib/python3.12/site-packages/airflow/example_dags/example_python_decorator.py for tasks to queue
[2024-11-03T06:13:56.815+0000] {logging_mixin.py:190} INFO - [2024-11-03T06:13:56.815+0000] {dagbag.py:588} INFO - Filling up the DagBag from /home/airflow/.local/lib/python3.12/site-packages/airflow/example_dags/example_python_decorator.py
[2024-11-03T06:13:56.830+0000] {processor.py:925} INFO - DAG(s) 'example_python_decorator' retrieved from /home/airflow/.local/lib/python3.12/site-packages/airflow/example_dags/example_python_decorator.py
[2024-11-03T06:13:56.867+0000] {logging_mixin.py:190} INFO - [2024-11-03T06:13:56.867+0000] {dag.py:3239} INFO - Sync 1 DAGs
[2024-11-03T06:13:56.884+0000] {logging_mixin.py:190} INFO - [2024-11-03T06:13:56.884+0000] {dag.py:4180} INFO - Setting next_dagrun for example_python_decorator to None, run_after=None
[2024-11-03T06:13:56.906+0000] {processor.py:208} INFO - Processing /home/airflow/.local/lib/python3.12/site-packages/airflow/example_dags/example_python_decorator.py took 0.101 seconds
