[2024-11-03T05:29:33.825+0000] {processor.py:186} INFO - Started process (PID=386) to work on /home/airflow/.local/lib/python3.12/site-packages/airflow/example_dags/example_task_group.py
[2024-11-03T05:29:33.827+0000] {processor.py:914} INFO - Processing file /home/airflow/.local/lib/python3.12/site-packages/airflow/example_dags/example_task_group.py for tasks to queue
[2024-11-03T05:29:33.830+0000] {logging_mixin.py:190} INFO - [2024-11-03T05:29:33.829+0000] {dagbag.py:588} INFO - Filling up the DagBag from /home/airflow/.local/lib/python3.12/site-packages/airflow/example_dags/example_task_group.py
[2024-11-03T05:29:33.845+0000] {processor.py:925} INFO - DAG(s) 'example_task_group' retrieved from /home/airflow/.local/lib/python3.12/site-packages/airflow/example_dags/example_task_group.py
[2024-11-03T05:29:34.025+0000] {logging_mixin.py:190} INFO - [2024-11-03T05:29:34.024+0000] {override.py:1900} INFO - Created Permission View: can delete on DAG:example_task_group
[2024-11-03T05:29:34.041+0000] {logging_mixin.py:190} INFO - [2024-11-03T05:29:34.041+0000] {override.py:1900} INFO - Created Permission View: can edit on DAG:example_task_group
[2024-11-03T05:29:34.053+0000] {logging_mixin.py:190} INFO - [2024-11-03T05:29:34.052+0000] {override.py:1900} INFO - Created Permission View: can read on DAG:example_task_group
[2024-11-03T05:29:34.068+0000] {logging_mixin.py:190} INFO - [2024-11-03T05:29:34.067+0000] {override.py:1900} INFO - Created Permission View: can delete on DAG Run:example_task_group
[2024-11-03T05:29:34.080+0000] {logging_mixin.py:190} INFO - [2024-11-03T05:29:34.079+0000] {override.py:1900} INFO - Created Permission View: menu access on DAG Run:example_task_group
[2024-11-03T05:29:34.093+0000] {logging_mixin.py:190} INFO - [2024-11-03T05:29:34.092+0000] {override.py:1900} INFO - Created Permission View: can create on DAG Run:example_task_group
[2024-11-03T05:29:34.106+0000] {logging_mixin.py:190} INFO - [2024-11-03T05:29:34.105+0000] {override.py:1900} INFO - Created Permission View: can read on DAG Run:example_task_group
[2024-11-03T05:29:34.107+0000] {logging_mixin.py:190} INFO - [2024-11-03T05:29:34.107+0000] {dag.py:3239} INFO - Sync 1 DAGs
[2024-11-03T05:29:34.130+0000] {logging_mixin.py:190} INFO - [2024-11-03T05:29:34.130+0000] {dag.py:3262} INFO - Creating ORM DAG for example_task_group
[2024-11-03T05:29:34.131+0000] {logging_mixin.py:190} INFO - [2024-11-03T05:29:34.131+0000] {dag.py:4180} INFO - Setting next_dagrun for example_task_group to None, run_after=None
[2024-11-03T05:29:34.158+0000] {processor.py:208} INFO - Processing /home/airflow/.local/lib/python3.12/site-packages/airflow/example_dags/example_task_group.py took 0.343 seconds
[2024-11-03T05:30:04.676+0000] {processor.py:186} INFO - Started process (PID=677) to work on /home/airflow/.local/lib/python3.12/site-packages/airflow/example_dags/example_task_group.py
[2024-11-03T05:30:04.677+0000] {processor.py:914} INFO - Processing file /home/airflow/.local/lib/python3.12/site-packages/airflow/example_dags/example_task_group.py for tasks to queue
[2024-11-03T05:30:04.680+0000] {logging_mixin.py:190} INFO - [2024-11-03T05:30:04.680+0000] {dagbag.py:588} INFO - Filling up the DagBag from /home/airflow/.local/lib/python3.12/site-packages/airflow/example_dags/example_task_group.py
[2024-11-03T05:30:04.691+0000] {processor.py:925} INFO - DAG(s) 'example_task_group' retrieved from /home/airflow/.local/lib/python3.12/site-packages/airflow/example_dags/example_task_group.py
[2024-11-03T05:30:04.720+0000] {logging_mixin.py:190} INFO - [2024-11-03T05:30:04.720+0000] {dag.py:3239} INFO - Sync 1 DAGs
[2024-11-03T05:30:04.742+0000] {logging_mixin.py:190} INFO - [2024-11-03T05:30:04.741+0000] {dag.py:4180} INFO - Setting next_dagrun for example_task_group to None, run_after=None
[2024-11-03T05:30:04.770+0000] {processor.py:208} INFO - Processing /home/airflow/.local/lib/python3.12/site-packages/airflow/example_dags/example_task_group.py took 0.102 seconds
[2024-11-03T05:30:35.588+0000] {processor.py:186} INFO - Started process (PID=968) to work on /home/airflow/.local/lib/python3.12/site-packages/airflow/example_dags/example_task_group.py
[2024-11-03T05:30:35.589+0000] {processor.py:914} INFO - Processing file /home/airflow/.local/lib/python3.12/site-packages/airflow/example_dags/example_task_group.py for tasks to queue
[2024-11-03T05:30:35.593+0000] {logging_mixin.py:190} INFO - [2024-11-03T05:30:35.592+0000] {dagbag.py:588} INFO - Filling up the DagBag from /home/airflow/.local/lib/python3.12/site-packages/airflow/example_dags/example_task_group.py
[2024-11-03T05:30:35.603+0000] {processor.py:925} INFO - DAG(s) 'example_task_group' retrieved from /home/airflow/.local/lib/python3.12/site-packages/airflow/example_dags/example_task_group.py
[2024-11-03T05:30:35.633+0000] {logging_mixin.py:190} INFO - [2024-11-03T05:30:35.633+0000] {dag.py:3239} INFO - Sync 1 DAGs
[2024-11-03T05:30:35.652+0000] {logging_mixin.py:190} INFO - [2024-11-03T05:30:35.651+0000] {dag.py:4180} INFO - Setting next_dagrun for example_task_group to None, run_after=None
[2024-11-03T05:30:35.677+0000] {processor.py:208} INFO - Processing /home/airflow/.local/lib/python3.12/site-packages/airflow/example_dags/example_task_group.py took 0.097 seconds
[2024-11-03T05:31:06.008+0000] {processor.py:186} INFO - Started process (PID=1259) to work on /home/airflow/.local/lib/python3.12/site-packages/airflow/example_dags/example_task_group.py
[2024-11-03T05:31:06.009+0000] {processor.py:914} INFO - Processing file /home/airflow/.local/lib/python3.12/site-packages/airflow/example_dags/example_task_group.py for tasks to queue
[2024-11-03T05:31:06.011+0000] {logging_mixin.py:190} INFO - [2024-11-03T05:31:06.011+0000] {dagbag.py:588} INFO - Filling up the DagBag from /home/airflow/.local/lib/python3.12/site-packages/airflow/example_dags/example_task_group.py
[2024-11-03T05:31:06.021+0000] {processor.py:925} INFO - DAG(s) 'example_task_group' retrieved from /home/airflow/.local/lib/python3.12/site-packages/airflow/example_dags/example_task_group.py
[2024-11-03T05:31:06.049+0000] {logging_mixin.py:190} INFO - [2024-11-03T05:31:06.048+0000] {dag.py:3239} INFO - Sync 1 DAGs
[2024-11-03T05:31:06.071+0000] {logging_mixin.py:190} INFO - [2024-11-03T05:31:06.071+0000] {dag.py:4180} INFO - Setting next_dagrun for example_task_group to None, run_after=None
[2024-11-03T05:31:06.109+0000] {processor.py:208} INFO - Processing /home/airflow/.local/lib/python3.12/site-packages/airflow/example_dags/example_task_group.py took 0.109 seconds
[2024-11-03T05:31:36.726+0000] {processor.py:186} INFO - Started process (PID=1552) to work on /home/airflow/.local/lib/python3.12/site-packages/airflow/example_dags/example_task_group.py
[2024-11-03T05:31:36.727+0000] {processor.py:914} INFO - Processing file /home/airflow/.local/lib/python3.12/site-packages/airflow/example_dags/example_task_group.py for tasks to queue
[2024-11-03T05:31:36.732+0000] {logging_mixin.py:190} INFO - [2024-11-03T05:31:36.731+0000] {dagbag.py:588} INFO - Filling up the DagBag from /home/airflow/.local/lib/python3.12/site-packages/airflow/example_dags/example_task_group.py
[2024-11-03T05:31:36.744+0000] {processor.py:925} INFO - DAG(s) 'example_task_group' retrieved from /home/airflow/.local/lib/python3.12/site-packages/airflow/example_dags/example_task_group.py
[2024-11-03T05:31:36.775+0000] {logging_mixin.py:190} INFO - [2024-11-03T05:31:36.775+0000] {dag.py:3239} INFO - Sync 1 DAGs
[2024-11-03T05:31:36.794+0000] {logging_mixin.py:190} INFO - [2024-11-03T05:31:36.794+0000] {dag.py:4180} INFO - Setting next_dagrun for example_task_group to None, run_after=None
[2024-11-03T05:31:36.822+0000] {processor.py:208} INFO - Processing /home/airflow/.local/lib/python3.12/site-packages/airflow/example_dags/example_task_group.py took 0.102 seconds
[2024-11-03T05:32:07.550+0000] {processor.py:186} INFO - Started process (PID=1843) to work on /home/airflow/.local/lib/python3.12/site-packages/airflow/example_dags/example_task_group.py
[2024-11-03T05:32:07.551+0000] {processor.py:914} INFO - Processing file /home/airflow/.local/lib/python3.12/site-packages/airflow/example_dags/example_task_group.py for tasks to queue
[2024-11-03T05:32:07.555+0000] {logging_mixin.py:190} INFO - [2024-11-03T05:32:07.555+0000] {dagbag.py:588} INFO - Filling up the DagBag from /home/airflow/.local/lib/python3.12/site-packages/airflow/example_dags/example_task_group.py
[2024-11-03T05:32:07.569+0000] {processor.py:925} INFO - DAG(s) 'example_task_group' retrieved from /home/airflow/.local/lib/python3.12/site-packages/airflow/example_dags/example_task_group.py
[2024-11-03T05:32:07.605+0000] {logging_mixin.py:190} INFO - [2024-11-03T05:32:07.605+0000] {dag.py:3239} INFO - Sync 1 DAGs
[2024-11-03T05:32:07.624+0000] {logging_mixin.py:190} INFO - [2024-11-03T05:32:07.624+0000] {dag.py:4180} INFO - Setting next_dagrun for example_task_group to None, run_after=None
[2024-11-03T05:32:07.658+0000] {processor.py:208} INFO - Processing /home/airflow/.local/lib/python3.12/site-packages/airflow/example_dags/example_task_group.py took 0.115 seconds
[2024-11-03T05:32:38.603+0000] {processor.py:186} INFO - Started process (PID=2134) to work on /home/airflow/.local/lib/python3.12/site-packages/airflow/example_dags/example_task_group.py
[2024-11-03T05:32:38.604+0000] {processor.py:914} INFO - Processing file /home/airflow/.local/lib/python3.12/site-packages/airflow/example_dags/example_task_group.py for tasks to queue
[2024-11-03T05:32:38.609+0000] {logging_mixin.py:190} INFO - [2024-11-03T05:32:38.609+0000] {dagbag.py:588} INFO - Filling up the DagBag from /home/airflow/.local/lib/python3.12/site-packages/airflow/example_dags/example_task_group.py
[2024-11-03T05:32:38.620+0000] {processor.py:925} INFO - DAG(s) 'example_task_group' retrieved from /home/airflow/.local/lib/python3.12/site-packages/airflow/example_dags/example_task_group.py
[2024-11-03T05:32:38.649+0000] {logging_mixin.py:190} INFO - [2024-11-03T05:32:38.648+0000] {dag.py:3239} INFO - Sync 1 DAGs
[2024-11-03T05:32:38.671+0000] {logging_mixin.py:190} INFO - [2024-11-03T05:32:38.671+0000] {dag.py:4180} INFO - Setting next_dagrun for example_task_group to None, run_after=None
[2024-11-03T05:32:38.701+0000] {processor.py:208} INFO - Processing /home/airflow/.local/lib/python3.12/site-packages/airflow/example_dags/example_task_group.py took 0.106 seconds
[2024-11-03T05:33:08.812+0000] {processor.py:186} INFO - Started process (PID=2426) to work on /home/airflow/.local/lib/python3.12/site-packages/airflow/example_dags/example_task_group.py
[2024-11-03T05:33:08.814+0000] {processor.py:914} INFO - Processing file /home/airflow/.local/lib/python3.12/site-packages/airflow/example_dags/example_task_group.py for tasks to queue
[2024-11-03T05:33:08.818+0000] {logging_mixin.py:190} INFO - [2024-11-03T05:33:08.817+0000] {dagbag.py:588} INFO - Filling up the DagBag from /home/airflow/.local/lib/python3.12/site-packages/airflow/example_dags/example_task_group.py
[2024-11-03T05:33:08.826+0000] {processor.py:925} INFO - DAG(s) 'example_task_group' retrieved from /home/airflow/.local/lib/python3.12/site-packages/airflow/example_dags/example_task_group.py
[2024-11-03T05:33:08.853+0000] {logging_mixin.py:190} INFO - [2024-11-03T05:33:08.853+0000] {dag.py:3239} INFO - Sync 1 DAGs
[2024-11-03T05:33:08.870+0000] {logging_mixin.py:190} INFO - [2024-11-03T05:33:08.870+0000] {dag.py:4180} INFO - Setting next_dagrun for example_task_group to None, run_after=None
[2024-11-03T05:33:08.906+0000] {processor.py:208} INFO - Processing /home/airflow/.local/lib/python3.12/site-packages/airflow/example_dags/example_task_group.py took 0.100 seconds
[2024-11-03T05:33:39.062+0000] {processor.py:186} INFO - Started process (PID=2715) to work on /home/airflow/.local/lib/python3.12/site-packages/airflow/example_dags/example_task_group.py
[2024-11-03T05:33:39.064+0000] {processor.py:914} INFO - Processing file /home/airflow/.local/lib/python3.12/site-packages/airflow/example_dags/example_task_group.py for tasks to queue
[2024-11-03T05:33:39.068+0000] {logging_mixin.py:190} INFO - [2024-11-03T05:33:39.068+0000] {dagbag.py:588} INFO - Filling up the DagBag from /home/airflow/.local/lib/python3.12/site-packages/airflow/example_dags/example_task_group.py
[2024-11-03T05:33:39.087+0000] {processor.py:925} INFO - DAG(s) 'example_task_group' retrieved from /home/airflow/.local/lib/python3.12/site-packages/airflow/example_dags/example_task_group.py
[2024-11-03T05:33:39.125+0000] {logging_mixin.py:190} INFO - [2024-11-03T05:33:39.125+0000] {dag.py:3239} INFO - Sync 1 DAGs
[2024-11-03T05:33:39.150+0000] {logging_mixin.py:190} INFO - [2024-11-03T05:33:39.150+0000] {dag.py:4180} INFO - Setting next_dagrun for example_task_group to None, run_after=None
[2024-11-03T05:33:39.187+0000] {processor.py:208} INFO - Processing /home/airflow/.local/lib/python3.12/site-packages/airflow/example_dags/example_task_group.py took 0.135 seconds
[2024-11-03T05:34:10.120+0000] {processor.py:186} INFO - Started process (PID=3008) to work on /home/airflow/.local/lib/python3.12/site-packages/airflow/example_dags/example_task_group.py
[2024-11-03T05:34:10.122+0000] {processor.py:914} INFO - Processing file /home/airflow/.local/lib/python3.12/site-packages/airflow/example_dags/example_task_group.py for tasks to queue
[2024-11-03T05:34:10.125+0000] {logging_mixin.py:190} INFO - [2024-11-03T05:34:10.125+0000] {dagbag.py:588} INFO - Filling up the DagBag from /home/airflow/.local/lib/python3.12/site-packages/airflow/example_dags/example_task_group.py
[2024-11-03T05:34:10.140+0000] {processor.py:925} INFO - DAG(s) 'example_task_group' retrieved from /home/airflow/.local/lib/python3.12/site-packages/airflow/example_dags/example_task_group.py
[2024-11-03T05:34:10.168+0000] {logging_mixin.py:190} INFO - [2024-11-03T05:34:10.167+0000] {dag.py:3239} INFO - Sync 1 DAGs
[2024-11-03T05:34:10.188+0000] {logging_mixin.py:190} INFO - [2024-11-03T05:34:10.188+0000] {dag.py:4180} INFO - Setting next_dagrun for example_task_group to None, run_after=None
[2024-11-03T05:34:10.209+0000] {processor.py:208} INFO - Processing /home/airflow/.local/lib/python3.12/site-packages/airflow/example_dags/example_task_group.py took 0.099 seconds
[2024-11-03T05:34:40.601+0000] {processor.py:186} INFO - Started process (PID=3297) to work on /home/airflow/.local/lib/python3.12/site-packages/airflow/example_dags/example_task_group.py
[2024-11-03T05:34:40.603+0000] {processor.py:914} INFO - Processing file /home/airflow/.local/lib/python3.12/site-packages/airflow/example_dags/example_task_group.py for tasks to queue
[2024-11-03T05:34:40.606+0000] {logging_mixin.py:190} INFO - [2024-11-03T05:34:40.605+0000] {dagbag.py:588} INFO - Filling up the DagBag from /home/airflow/.local/lib/python3.12/site-packages/airflow/example_dags/example_task_group.py
[2024-11-03T05:34:40.616+0000] {processor.py:925} INFO - DAG(s) 'example_task_group' retrieved from /home/airflow/.local/lib/python3.12/site-packages/airflow/example_dags/example_task_group.py
[2024-11-03T05:34:40.642+0000] {logging_mixin.py:190} INFO - [2024-11-03T05:34:40.642+0000] {dag.py:3239} INFO - Sync 1 DAGs
[2024-11-03T05:34:40.660+0000] {logging_mixin.py:190} INFO - [2024-11-03T05:34:40.660+0000] {dag.py:4180} INFO - Setting next_dagrun for example_task_group to None, run_after=None
[2024-11-03T05:34:40.686+0000] {processor.py:208} INFO - Processing /home/airflow/.local/lib/python3.12/site-packages/airflow/example_dags/example_task_group.py took 0.092 seconds
[2024-11-03T05:35:11.240+0000] {processor.py:186} INFO - Started process (PID=3588) to work on /home/airflow/.local/lib/python3.12/site-packages/airflow/example_dags/example_task_group.py
[2024-11-03T05:35:11.242+0000] {processor.py:914} INFO - Processing file /home/airflow/.local/lib/python3.12/site-packages/airflow/example_dags/example_task_group.py for tasks to queue
[2024-11-03T05:35:11.247+0000] {logging_mixin.py:190} INFO - [2024-11-03T05:35:11.246+0000] {dagbag.py:588} INFO - Filling up the DagBag from /home/airflow/.local/lib/python3.12/site-packages/airflow/example_dags/example_task_group.py
[2024-11-03T05:35:11.259+0000] {processor.py:925} INFO - DAG(s) 'example_task_group' retrieved from /home/airflow/.local/lib/python3.12/site-packages/airflow/example_dags/example_task_group.py
[2024-11-03T05:35:11.295+0000] {logging_mixin.py:190} INFO - [2024-11-03T05:35:11.295+0000] {dag.py:3239} INFO - Sync 1 DAGs
[2024-11-03T05:35:11.323+0000] {logging_mixin.py:190} INFO - [2024-11-03T05:35:11.323+0000] {dag.py:4180} INFO - Setting next_dagrun for example_task_group to None, run_after=None
[2024-11-03T05:35:11.357+0000] {processor.py:208} INFO - Processing /home/airflow/.local/lib/python3.12/site-packages/airflow/example_dags/example_task_group.py took 0.128 seconds
[2024-11-03T05:35:41.532+0000] {processor.py:186} INFO - Started process (PID=3881) to work on /home/airflow/.local/lib/python3.12/site-packages/airflow/example_dags/example_task_group.py
[2024-11-03T05:35:41.534+0000] {processor.py:914} INFO - Processing file /home/airflow/.local/lib/python3.12/site-packages/airflow/example_dags/example_task_group.py for tasks to queue
[2024-11-03T05:35:41.536+0000] {logging_mixin.py:190} INFO - [2024-11-03T05:35:41.536+0000] {dagbag.py:588} INFO - Filling up the DagBag from /home/airflow/.local/lib/python3.12/site-packages/airflow/example_dags/example_task_group.py
[2024-11-03T05:35:41.545+0000] {processor.py:925} INFO - DAG(s) 'example_task_group' retrieved from /home/airflow/.local/lib/python3.12/site-packages/airflow/example_dags/example_task_group.py
[2024-11-03T05:35:41.567+0000] {logging_mixin.py:190} INFO - [2024-11-03T05:35:41.567+0000] {dag.py:3239} INFO - Sync 1 DAGs
[2024-11-03T05:35:41.582+0000] {logging_mixin.py:190} INFO - [2024-11-03T05:35:41.582+0000] {dag.py:4180} INFO - Setting next_dagrun for example_task_group to None, run_after=None
[2024-11-03T05:35:41.603+0000] {processor.py:208} INFO - Processing /home/airflow/.local/lib/python3.12/site-packages/airflow/example_dags/example_task_group.py took 0.076 seconds
[2024-11-03T05:36:11.897+0000] {processor.py:186} INFO - Started process (PID=4172) to work on /home/airflow/.local/lib/python3.12/site-packages/airflow/example_dags/example_task_group.py
[2024-11-03T05:36:11.898+0000] {processor.py:914} INFO - Processing file /home/airflow/.local/lib/python3.12/site-packages/airflow/example_dags/example_task_group.py for tasks to queue
[2024-11-03T05:36:11.901+0000] {logging_mixin.py:190} INFO - [2024-11-03T05:36:11.900+0000] {dagbag.py:588} INFO - Filling up the DagBag from /home/airflow/.local/lib/python3.12/site-packages/airflow/example_dags/example_task_group.py
[2024-11-03T05:36:11.909+0000] {processor.py:925} INFO - DAG(s) 'example_task_group' retrieved from /home/airflow/.local/lib/python3.12/site-packages/airflow/example_dags/example_task_group.py
[2024-11-03T05:36:11.931+0000] {logging_mixin.py:190} INFO - [2024-11-03T05:36:11.931+0000] {dag.py:3239} INFO - Sync 1 DAGs
[2024-11-03T05:36:11.946+0000] {logging_mixin.py:190} INFO - [2024-11-03T05:36:11.946+0000] {dag.py:4180} INFO - Setting next_dagrun for example_task_group to None, run_after=None
[2024-11-03T05:36:11.967+0000] {processor.py:208} INFO - Processing /home/airflow/.local/lib/python3.12/site-packages/airflow/example_dags/example_task_group.py took 0.076 seconds
[2024-11-03T05:36:42.122+0000] {processor.py:186} INFO - Started process (PID=4461) to work on /home/airflow/.local/lib/python3.12/site-packages/airflow/example_dags/example_task_group.py
[2024-11-03T05:36:42.123+0000] {processor.py:914} INFO - Processing file /home/airflow/.local/lib/python3.12/site-packages/airflow/example_dags/example_task_group.py for tasks to queue
[2024-11-03T05:36:42.126+0000] {logging_mixin.py:190} INFO - [2024-11-03T05:36:42.125+0000] {dagbag.py:588} INFO - Filling up the DagBag from /home/airflow/.local/lib/python3.12/site-packages/airflow/example_dags/example_task_group.py
[2024-11-03T05:36:42.134+0000] {processor.py:925} INFO - DAG(s) 'example_task_group' retrieved from /home/airflow/.local/lib/python3.12/site-packages/airflow/example_dags/example_task_group.py
[2024-11-03T05:36:42.157+0000] {logging_mixin.py:190} INFO - [2024-11-03T05:36:42.157+0000] {dag.py:3239} INFO - Sync 1 DAGs
[2024-11-03T05:36:42.174+0000] {logging_mixin.py:190} INFO - [2024-11-03T05:36:42.173+0000] {dag.py:4180} INFO - Setting next_dagrun for example_task_group to None, run_after=None
[2024-11-03T05:36:42.204+0000] {processor.py:208} INFO - Processing /home/airflow/.local/lib/python3.12/site-packages/airflow/example_dags/example_task_group.py took 0.089 seconds
[2024-11-03T05:37:12.445+0000] {processor.py:186} INFO - Started process (PID=4754) to work on /home/airflow/.local/lib/python3.12/site-packages/airflow/example_dags/example_task_group.py
[2024-11-03T05:37:12.446+0000] {processor.py:914} INFO - Processing file /home/airflow/.local/lib/python3.12/site-packages/airflow/example_dags/example_task_group.py for tasks to queue
[2024-11-03T05:37:12.448+0000] {logging_mixin.py:190} INFO - [2024-11-03T05:37:12.448+0000] {dagbag.py:588} INFO - Filling up the DagBag from /home/airflow/.local/lib/python3.12/site-packages/airflow/example_dags/example_task_group.py
[2024-11-03T05:37:12.457+0000] {processor.py:925} INFO - DAG(s) 'example_task_group' retrieved from /home/airflow/.local/lib/python3.12/site-packages/airflow/example_dags/example_task_group.py
[2024-11-03T05:37:12.478+0000] {logging_mixin.py:190} INFO - [2024-11-03T05:37:12.478+0000] {dag.py:3239} INFO - Sync 1 DAGs
[2024-11-03T05:37:12.493+0000] {logging_mixin.py:190} INFO - [2024-11-03T05:37:12.493+0000] {dag.py:4180} INFO - Setting next_dagrun for example_task_group to None, run_after=None
[2024-11-03T05:37:12.514+0000] {processor.py:208} INFO - Processing /home/airflow/.local/lib/python3.12/site-packages/airflow/example_dags/example_task_group.py took 0.074 seconds
[2024-11-03T05:37:42.935+0000] {processor.py:186} INFO - Started process (PID=5043) to work on /home/airflow/.local/lib/python3.12/site-packages/airflow/example_dags/example_task_group.py
[2024-11-03T05:37:42.936+0000] {processor.py:914} INFO - Processing file /home/airflow/.local/lib/python3.12/site-packages/airflow/example_dags/example_task_group.py for tasks to queue
[2024-11-03T05:37:42.940+0000] {logging_mixin.py:190} INFO - [2024-11-03T05:37:42.939+0000] {dagbag.py:588} INFO - Filling up the DagBag from /home/airflow/.local/lib/python3.12/site-packages/airflow/example_dags/example_task_group.py
[2024-11-03T05:37:42.949+0000] {processor.py:925} INFO - DAG(s) 'example_task_group' retrieved from /home/airflow/.local/lib/python3.12/site-packages/airflow/example_dags/example_task_group.py
[2024-11-03T05:37:42.974+0000] {logging_mixin.py:190} INFO - [2024-11-03T05:37:42.973+0000] {dag.py:3239} INFO - Sync 1 DAGs
[2024-11-03T05:37:42.989+0000] {logging_mixin.py:190} INFO - [2024-11-03T05:37:42.989+0000] {dag.py:4180} INFO - Setting next_dagrun for example_task_group to None, run_after=None
[2024-11-03T05:37:43.023+0000] {processor.py:208} INFO - Processing /home/airflow/.local/lib/python3.12/site-packages/airflow/example_dags/example_task_group.py took 0.094 seconds
[2024-11-03T05:38:13.860+0000] {processor.py:186} INFO - Started process (PID=5334) to work on /home/airflow/.local/lib/python3.12/site-packages/airflow/example_dags/example_task_group.py
[2024-11-03T05:38:13.861+0000] {processor.py:914} INFO - Processing file /home/airflow/.local/lib/python3.12/site-packages/airflow/example_dags/example_task_group.py for tasks to queue
[2024-11-03T05:38:13.864+0000] {logging_mixin.py:190} INFO - [2024-11-03T05:38:13.863+0000] {dagbag.py:588} INFO - Filling up the DagBag from /home/airflow/.local/lib/python3.12/site-packages/airflow/example_dags/example_task_group.py
[2024-11-03T05:38:13.872+0000] {processor.py:925} INFO - DAG(s) 'example_task_group' retrieved from /home/airflow/.local/lib/python3.12/site-packages/airflow/example_dags/example_task_group.py
[2024-11-03T05:38:13.895+0000] {logging_mixin.py:190} INFO - [2024-11-03T05:38:13.895+0000] {dag.py:3239} INFO - Sync 1 DAGs
[2024-11-03T05:38:13.910+0000] {logging_mixin.py:190} INFO - [2024-11-03T05:38:13.909+0000] {dag.py:4180} INFO - Setting next_dagrun for example_task_group to None, run_after=None
[2024-11-03T05:38:13.930+0000] {processor.py:208} INFO - Processing /home/airflow/.local/lib/python3.12/site-packages/airflow/example_dags/example_task_group.py took 0.078 seconds
[2024-11-03T05:38:44.912+0000] {processor.py:186} INFO - Started process (PID=5627) to work on /home/airflow/.local/lib/python3.12/site-packages/airflow/example_dags/example_task_group.py
[2024-11-03T05:38:44.913+0000] {processor.py:914} INFO - Processing file /home/airflow/.local/lib/python3.12/site-packages/airflow/example_dags/example_task_group.py for tasks to queue
[2024-11-03T05:38:44.915+0000] {logging_mixin.py:190} INFO - [2024-11-03T05:38:44.915+0000] {dagbag.py:588} INFO - Filling up the DagBag from /home/airflow/.local/lib/python3.12/site-packages/airflow/example_dags/example_task_group.py
[2024-11-03T05:38:44.925+0000] {processor.py:925} INFO - DAG(s) 'example_task_group' retrieved from /home/airflow/.local/lib/python3.12/site-packages/airflow/example_dags/example_task_group.py
[2024-11-03T05:38:44.948+0000] {logging_mixin.py:190} INFO - [2024-11-03T05:38:44.948+0000] {dag.py:3239} INFO - Sync 1 DAGs
[2024-11-03T05:38:44.965+0000] {logging_mixin.py:190} INFO - [2024-11-03T05:38:44.965+0000] {dag.py:4180} INFO - Setting next_dagrun for example_task_group to None, run_after=None
[2024-11-03T05:38:44.992+0000] {processor.py:208} INFO - Processing /home/airflow/.local/lib/python3.12/site-packages/airflow/example_dags/example_task_group.py took 0.086 seconds
[2024-11-03T05:39:15.207+0000] {processor.py:186} INFO - Started process (PID=5918) to work on /home/airflow/.local/lib/python3.12/site-packages/airflow/example_dags/example_task_group.py
[2024-11-03T05:39:15.208+0000] {processor.py:914} INFO - Processing file /home/airflow/.local/lib/python3.12/site-packages/airflow/example_dags/example_task_group.py for tasks to queue
[2024-11-03T05:39:15.211+0000] {logging_mixin.py:190} INFO - [2024-11-03T05:39:15.211+0000] {dagbag.py:588} INFO - Filling up the DagBag from /home/airflow/.local/lib/python3.12/site-packages/airflow/example_dags/example_task_group.py
[2024-11-03T05:39:15.219+0000] {processor.py:925} INFO - DAG(s) 'example_task_group' retrieved from /home/airflow/.local/lib/python3.12/site-packages/airflow/example_dags/example_task_group.py
[2024-11-03T05:39:15.242+0000] {logging_mixin.py:190} INFO - [2024-11-03T05:39:15.242+0000] {dag.py:3239} INFO - Sync 1 DAGs
[2024-11-03T05:39:15.257+0000] {logging_mixin.py:190} INFO - [2024-11-03T05:39:15.257+0000] {dag.py:4180} INFO - Setting next_dagrun for example_task_group to None, run_after=None
[2024-11-03T05:39:15.278+0000] {processor.py:208} INFO - Processing /home/airflow/.local/lib/python3.12/site-packages/airflow/example_dags/example_task_group.py took 0.078 seconds
[2024-11-03T05:39:45.859+0000] {processor.py:186} INFO - Started process (PID=6207) to work on /home/airflow/.local/lib/python3.12/site-packages/airflow/example_dags/example_task_group.py
[2024-11-03T05:39:45.860+0000] {processor.py:914} INFO - Processing file /home/airflow/.local/lib/python3.12/site-packages/airflow/example_dags/example_task_group.py for tasks to queue
[2024-11-03T05:39:45.865+0000] {logging_mixin.py:190} INFO - [2024-11-03T05:39:45.864+0000] {dagbag.py:588} INFO - Filling up the DagBag from /home/airflow/.local/lib/python3.12/site-packages/airflow/example_dags/example_task_group.py
[2024-11-03T05:39:45.883+0000] {processor.py:925} INFO - DAG(s) 'example_task_group' retrieved from /home/airflow/.local/lib/python3.12/site-packages/airflow/example_dags/example_task_group.py
[2024-11-03T05:39:45.916+0000] {logging_mixin.py:190} INFO - [2024-11-03T05:39:45.916+0000] {dag.py:3239} INFO - Sync 1 DAGs
[2024-11-03T05:39:45.940+0000] {logging_mixin.py:190} INFO - [2024-11-03T05:39:45.940+0000] {dag.py:4180} INFO - Setting next_dagrun for example_task_group to None, run_after=None
[2024-11-03T05:39:45.983+0000] {processor.py:208} INFO - Processing /home/airflow/.local/lib/python3.12/site-packages/airflow/example_dags/example_task_group.py took 0.131 seconds
[2024-11-03T05:40:16.226+0000] {processor.py:186} INFO - Started process (PID=6500) to work on /home/airflow/.local/lib/python3.12/site-packages/airflow/example_dags/example_task_group.py
[2024-11-03T05:40:16.228+0000] {processor.py:914} INFO - Processing file /home/airflow/.local/lib/python3.12/site-packages/airflow/example_dags/example_task_group.py for tasks to queue
[2024-11-03T05:40:16.230+0000] {logging_mixin.py:190} INFO - [2024-11-03T05:40:16.230+0000] {dagbag.py:588} INFO - Filling up the DagBag from /home/airflow/.local/lib/python3.12/site-packages/airflow/example_dags/example_task_group.py
[2024-11-03T05:40:16.239+0000] {processor.py:925} INFO - DAG(s) 'example_task_group' retrieved from /home/airflow/.local/lib/python3.12/site-packages/airflow/example_dags/example_task_group.py
[2024-11-03T05:40:16.264+0000] {logging_mixin.py:190} INFO - [2024-11-03T05:40:16.264+0000] {dag.py:3239} INFO - Sync 1 DAGs
[2024-11-03T05:40:16.283+0000] {logging_mixin.py:190} INFO - [2024-11-03T05:40:16.282+0000] {dag.py:4180} INFO - Setting next_dagrun for example_task_group to None, run_after=None
[2024-11-03T05:40:16.309+0000] {processor.py:208} INFO - Processing /home/airflow/.local/lib/python3.12/site-packages/airflow/example_dags/example_task_group.py took 0.090 seconds
[2024-11-03T05:40:46.817+0000] {processor.py:186} INFO - Started process (PID=6789) to work on /home/airflow/.local/lib/python3.12/site-packages/airflow/example_dags/example_task_group.py
[2024-11-03T05:40:46.818+0000] {processor.py:914} INFO - Processing file /home/airflow/.local/lib/python3.12/site-packages/airflow/example_dags/example_task_group.py for tasks to queue
[2024-11-03T05:40:46.821+0000] {logging_mixin.py:190} INFO - [2024-11-03T05:40:46.821+0000] {dagbag.py:588} INFO - Filling up the DagBag from /home/airflow/.local/lib/python3.12/site-packages/airflow/example_dags/example_task_group.py
[2024-11-03T05:40:46.834+0000] {processor.py:925} INFO - DAG(s) 'example_task_group' retrieved from /home/airflow/.local/lib/python3.12/site-packages/airflow/example_dags/example_task_group.py
[2024-11-03T05:40:46.861+0000] {logging_mixin.py:190} INFO - [2024-11-03T05:40:46.861+0000] {dag.py:3239} INFO - Sync 1 DAGs
[2024-11-03T05:40:46.885+0000] {logging_mixin.py:190} INFO - [2024-11-03T05:40:46.885+0000] {dag.py:4180} INFO - Setting next_dagrun for example_task_group to None, run_after=None
[2024-11-03T05:40:46.911+0000] {processor.py:208} INFO - Processing /home/airflow/.local/lib/python3.12/site-packages/airflow/example_dags/example_task_group.py took 0.104 seconds
[2024-11-03T05:41:17.424+0000] {processor.py:186} INFO - Started process (PID=7082) to work on /home/airflow/.local/lib/python3.12/site-packages/airflow/example_dags/example_task_group.py
[2024-11-03T05:41:17.424+0000] {processor.py:914} INFO - Processing file /home/airflow/.local/lib/python3.12/site-packages/airflow/example_dags/example_task_group.py for tasks to queue
[2024-11-03T05:41:17.427+0000] {logging_mixin.py:190} INFO - [2024-11-03T05:41:17.427+0000] {dagbag.py:588} INFO - Filling up the DagBag from /home/airflow/.local/lib/python3.12/site-packages/airflow/example_dags/example_task_group.py
[2024-11-03T05:41:17.435+0000] {processor.py:925} INFO - DAG(s) 'example_task_group' retrieved from /home/airflow/.local/lib/python3.12/site-packages/airflow/example_dags/example_task_group.py
[2024-11-03T05:41:17.468+0000] {logging_mixin.py:190} INFO - [2024-11-03T05:41:17.468+0000] {dag.py:3239} INFO - Sync 1 DAGs
[2024-11-03T05:41:17.484+0000] {logging_mixin.py:190} INFO - [2024-11-03T05:41:17.484+0000] {dag.py:4180} INFO - Setting next_dagrun for example_task_group to None, run_after=None
[2024-11-03T05:41:17.506+0000] {processor.py:208} INFO - Processing /home/airflow/.local/lib/python3.12/site-packages/airflow/example_dags/example_task_group.py took 0.089 seconds
[2024-11-03T05:41:47.949+0000] {processor.py:186} INFO - Started process (PID=7373) to work on /home/airflow/.local/lib/python3.12/site-packages/airflow/example_dags/example_task_group.py
[2024-11-03T05:41:47.950+0000] {processor.py:914} INFO - Processing file /home/airflow/.local/lib/python3.12/site-packages/airflow/example_dags/example_task_group.py for tasks to queue
[2024-11-03T05:41:47.952+0000] {logging_mixin.py:190} INFO - [2024-11-03T05:41:47.952+0000] {dagbag.py:588} INFO - Filling up the DagBag from /home/airflow/.local/lib/python3.12/site-packages/airflow/example_dags/example_task_group.py
[2024-11-03T05:41:47.962+0000] {processor.py:925} INFO - DAG(s) 'example_task_group' retrieved from /home/airflow/.local/lib/python3.12/site-packages/airflow/example_dags/example_task_group.py
[2024-11-03T05:41:47.984+0000] {logging_mixin.py:190} INFO - [2024-11-03T05:41:47.984+0000] {dag.py:3239} INFO - Sync 1 DAGs
[2024-11-03T05:41:48.000+0000] {logging_mixin.py:190} INFO - [2024-11-03T05:41:48.000+0000] {dag.py:4180} INFO - Setting next_dagrun for example_task_group to None, run_after=None
[2024-11-03T05:41:48.023+0000] {processor.py:208} INFO - Processing /home/airflow/.local/lib/python3.12/site-packages/airflow/example_dags/example_task_group.py took 0.080 seconds
[2024-11-03T05:42:18.220+0000] {processor.py:186} INFO - Started process (PID=7664) to work on /home/airflow/.local/lib/python3.12/site-packages/airflow/example_dags/example_task_group.py
[2024-11-03T05:42:18.221+0000] {processor.py:914} INFO - Processing file /home/airflow/.local/lib/python3.12/site-packages/airflow/example_dags/example_task_group.py for tasks to queue
[2024-11-03T05:42:18.223+0000] {logging_mixin.py:190} INFO - [2024-11-03T05:42:18.223+0000] {dagbag.py:588} INFO - Filling up the DagBag from /home/airflow/.local/lib/python3.12/site-packages/airflow/example_dags/example_task_group.py
[2024-11-03T05:42:18.232+0000] {processor.py:925} INFO - DAG(s) 'example_task_group' retrieved from /home/airflow/.local/lib/python3.12/site-packages/airflow/example_dags/example_task_group.py
[2024-11-03T05:42:18.254+0000] {logging_mixin.py:190} INFO - [2024-11-03T05:42:18.254+0000] {dag.py:3239} INFO - Sync 1 DAGs
[2024-11-03T05:42:18.269+0000] {logging_mixin.py:190} INFO - [2024-11-03T05:42:18.269+0000] {dag.py:4180} INFO - Setting next_dagrun for example_task_group to None, run_after=None
[2024-11-03T05:42:18.290+0000] {processor.py:208} INFO - Processing /home/airflow/.local/lib/python3.12/site-packages/airflow/example_dags/example_task_group.py took 0.076 seconds
[2024-11-03T05:42:49.010+0000] {processor.py:186} INFO - Started process (PID=7961) to work on /home/airflow/.local/lib/python3.12/site-packages/airflow/example_dags/example_task_group.py
[2024-11-03T05:42:49.011+0000] {processor.py:914} INFO - Processing file /home/airflow/.local/lib/python3.12/site-packages/airflow/example_dags/example_task_group.py for tasks to queue
[2024-11-03T05:42:49.014+0000] {logging_mixin.py:190} INFO - [2024-11-03T05:42:49.014+0000] {dagbag.py:588} INFO - Filling up the DagBag from /home/airflow/.local/lib/python3.12/site-packages/airflow/example_dags/example_task_group.py
[2024-11-03T05:42:49.022+0000] {processor.py:925} INFO - DAG(s) 'example_task_group' retrieved from /home/airflow/.local/lib/python3.12/site-packages/airflow/example_dags/example_task_group.py
[2024-11-03T05:42:49.045+0000] {logging_mixin.py:190} INFO - [2024-11-03T05:42:49.045+0000] {dag.py:3239} INFO - Sync 1 DAGs
[2024-11-03T05:42:49.074+0000] {logging_mixin.py:190} INFO - [2024-11-03T05:42:49.073+0000] {dag.py:4180} INFO - Setting next_dagrun for example_task_group to None, run_after=None
[2024-11-03T05:42:49.108+0000] {processor.py:208} INFO - Processing /home/airflow/.local/lib/python3.12/site-packages/airflow/example_dags/example_task_group.py took 0.104 seconds
[2024-11-03T05:43:19.865+0000] {processor.py:186} INFO - Started process (PID=8253) to work on /home/airflow/.local/lib/python3.12/site-packages/airflow/example_dags/example_task_group.py
[2024-11-03T05:43:19.866+0000] {processor.py:914} INFO - Processing file /home/airflow/.local/lib/python3.12/site-packages/airflow/example_dags/example_task_group.py for tasks to queue
[2024-11-03T05:43:19.869+0000] {logging_mixin.py:190} INFO - [2024-11-03T05:43:19.868+0000] {dagbag.py:588} INFO - Filling up the DagBag from /home/airflow/.local/lib/python3.12/site-packages/airflow/example_dags/example_task_group.py
[2024-11-03T05:43:19.877+0000] {processor.py:925} INFO - DAG(s) 'example_task_group' retrieved from /home/airflow/.local/lib/python3.12/site-packages/airflow/example_dags/example_task_group.py
[2024-11-03T05:43:19.898+0000] {logging_mixin.py:190} INFO - [2024-11-03T05:43:19.898+0000] {dag.py:3239} INFO - Sync 1 DAGs
[2024-11-03T05:43:19.914+0000] {logging_mixin.py:190} INFO - [2024-11-03T05:43:19.914+0000] {dag.py:4180} INFO - Setting next_dagrun for example_task_group to None, run_after=None
[2024-11-03T05:43:19.934+0000] {processor.py:208} INFO - Processing /home/airflow/.local/lib/python3.12/site-packages/airflow/example_dags/example_task_group.py took 0.074 seconds
[2024-11-03T05:43:50.181+0000] {processor.py:186} INFO - Started process (PID=8544) to work on /home/airflow/.local/lib/python3.12/site-packages/airflow/example_dags/example_task_group.py
[2024-11-03T05:43:50.182+0000] {processor.py:914} INFO - Processing file /home/airflow/.local/lib/python3.12/site-packages/airflow/example_dags/example_task_group.py for tasks to queue
[2024-11-03T05:43:50.185+0000] {logging_mixin.py:190} INFO - [2024-11-03T05:43:50.184+0000] {dagbag.py:588} INFO - Filling up the DagBag from /home/airflow/.local/lib/python3.12/site-packages/airflow/example_dags/example_task_group.py
[2024-11-03T05:43:50.193+0000] {processor.py:925} INFO - DAG(s) 'example_task_group' retrieved from /home/airflow/.local/lib/python3.12/site-packages/airflow/example_dags/example_task_group.py
[2024-11-03T05:43:50.215+0000] {logging_mixin.py:190} INFO - [2024-11-03T05:43:50.215+0000] {dag.py:3239} INFO - Sync 1 DAGs
[2024-11-03T05:43:50.230+0000] {logging_mixin.py:190} INFO - [2024-11-03T05:43:50.229+0000] {dag.py:4180} INFO - Setting next_dagrun for example_task_group to None, run_after=None
[2024-11-03T05:43:50.252+0000] {processor.py:208} INFO - Processing /home/airflow/.local/lib/python3.12/site-packages/airflow/example_dags/example_task_group.py took 0.077 seconds
[2024-11-03T05:44:20.616+0000] {processor.py:186} INFO - Started process (PID=8835) to work on /home/airflow/.local/lib/python3.12/site-packages/airflow/example_dags/example_task_group.py
[2024-11-03T05:44:20.617+0000] {processor.py:914} INFO - Processing file /home/airflow/.local/lib/python3.12/site-packages/airflow/example_dags/example_task_group.py for tasks to queue
[2024-11-03T05:44:20.619+0000] {logging_mixin.py:190} INFO - [2024-11-03T05:44:20.619+0000] {dagbag.py:588} INFO - Filling up the DagBag from /home/airflow/.local/lib/python3.12/site-packages/airflow/example_dags/example_task_group.py
[2024-11-03T05:44:20.628+0000] {processor.py:925} INFO - DAG(s) 'example_task_group' retrieved from /home/airflow/.local/lib/python3.12/site-packages/airflow/example_dags/example_task_group.py
[2024-11-03T05:44:20.651+0000] {logging_mixin.py:190} INFO - [2024-11-03T05:44:20.651+0000] {dag.py:3239} INFO - Sync 1 DAGs
[2024-11-03T05:44:20.667+0000] {logging_mixin.py:190} INFO - [2024-11-03T05:44:20.666+0000] {dag.py:4180} INFO - Setting next_dagrun for example_task_group to None, run_after=None
[2024-11-03T05:44:20.695+0000] {processor.py:208} INFO - Processing /home/airflow/.local/lib/python3.12/site-packages/airflow/example_dags/example_task_group.py took 0.085 seconds
[2024-11-03T05:44:50.874+0000] {processor.py:186} INFO - Started process (PID=9124) to work on /home/airflow/.local/lib/python3.12/site-packages/airflow/example_dags/example_task_group.py
[2024-11-03T05:44:50.875+0000] {processor.py:914} INFO - Processing file /home/airflow/.local/lib/python3.12/site-packages/airflow/example_dags/example_task_group.py for tasks to queue
[2024-11-03T05:44:50.877+0000] {logging_mixin.py:190} INFO - [2024-11-03T05:44:50.877+0000] {dagbag.py:588} INFO - Filling up the DagBag from /home/airflow/.local/lib/python3.12/site-packages/airflow/example_dags/example_task_group.py
[2024-11-03T05:44:50.886+0000] {processor.py:925} INFO - DAG(s) 'example_task_group' retrieved from /home/airflow/.local/lib/python3.12/site-packages/airflow/example_dags/example_task_group.py
[2024-11-03T05:44:50.911+0000] {logging_mixin.py:190} INFO - [2024-11-03T05:44:50.911+0000] {dag.py:3239} INFO - Sync 1 DAGs
[2024-11-03T05:44:50.928+0000] {logging_mixin.py:190} INFO - [2024-11-03T05:44:50.927+0000] {dag.py:4180} INFO - Setting next_dagrun for example_task_group to None, run_after=None
[2024-11-03T05:44:50.951+0000] {processor.py:208} INFO - Processing /home/airflow/.local/lib/python3.12/site-packages/airflow/example_dags/example_task_group.py took 0.083 seconds
[2024-11-03T05:45:21.266+0000] {processor.py:186} INFO - Started process (PID=9415) to work on /home/airflow/.local/lib/python3.12/site-packages/airflow/example_dags/example_task_group.py
[2024-11-03T05:45:21.268+0000] {processor.py:914} INFO - Processing file /home/airflow/.local/lib/python3.12/site-packages/airflow/example_dags/example_task_group.py for tasks to queue
[2024-11-03T05:45:21.272+0000] {logging_mixin.py:190} INFO - [2024-11-03T05:45:21.271+0000] {dagbag.py:588} INFO - Filling up the DagBag from /home/airflow/.local/lib/python3.12/site-packages/airflow/example_dags/example_task_group.py
[2024-11-03T05:45:21.282+0000] {processor.py:925} INFO - DAG(s) 'example_task_group' retrieved from /home/airflow/.local/lib/python3.12/site-packages/airflow/example_dags/example_task_group.py
[2024-11-03T05:45:21.326+0000] {logging_mixin.py:190} INFO - [2024-11-03T05:45:21.326+0000] {dag.py:3239} INFO - Sync 1 DAGs
[2024-11-03T05:45:21.345+0000] {logging_mixin.py:190} INFO - [2024-11-03T05:45:21.345+0000] {dag.py:4180} INFO - Setting next_dagrun for example_task_group to None, run_after=None
[2024-11-03T05:45:21.373+0000] {processor.py:208} INFO - Processing /home/airflow/.local/lib/python3.12/site-packages/airflow/example_dags/example_task_group.py took 0.116 seconds
[2024-11-03T05:45:51.896+0000] {processor.py:186} INFO - Started process (PID=9706) to work on /home/airflow/.local/lib/python3.12/site-packages/airflow/example_dags/example_task_group.py
[2024-11-03T05:45:51.897+0000] {processor.py:914} INFO - Processing file /home/airflow/.local/lib/python3.12/site-packages/airflow/example_dags/example_task_group.py for tasks to queue
[2024-11-03T05:45:51.900+0000] {logging_mixin.py:190} INFO - [2024-11-03T05:45:51.899+0000] {dagbag.py:588} INFO - Filling up the DagBag from /home/airflow/.local/lib/python3.12/site-packages/airflow/example_dags/example_task_group.py
[2024-11-03T05:45:51.914+0000] {processor.py:925} INFO - DAG(s) 'example_task_group' retrieved from /home/airflow/.local/lib/python3.12/site-packages/airflow/example_dags/example_task_group.py
[2024-11-03T05:45:51.945+0000] {logging_mixin.py:190} INFO - [2024-11-03T05:45:51.945+0000] {dag.py:3239} INFO - Sync 1 DAGs
[2024-11-03T05:45:51.968+0000] {logging_mixin.py:190} INFO - [2024-11-03T05:45:51.968+0000] {dag.py:4180} INFO - Setting next_dagrun for example_task_group to None, run_after=None
[2024-11-03T05:45:51.992+0000] {processor.py:208} INFO - Processing /home/airflow/.local/lib/python3.12/site-packages/airflow/example_dags/example_task_group.py took 0.105 seconds
[2024-11-03T05:46:22.889+0000] {processor.py:186} INFO - Started process (PID=9997) to work on /home/airflow/.local/lib/python3.12/site-packages/airflow/example_dags/example_task_group.py
[2024-11-03T05:46:22.891+0000] {processor.py:914} INFO - Processing file /home/airflow/.local/lib/python3.12/site-packages/airflow/example_dags/example_task_group.py for tasks to queue
[2024-11-03T05:46:22.894+0000] {logging_mixin.py:190} INFO - [2024-11-03T05:46:22.893+0000] {dagbag.py:588} INFO - Filling up the DagBag from /home/airflow/.local/lib/python3.12/site-packages/airflow/example_dags/example_task_group.py
[2024-11-03T05:46:22.903+0000] {processor.py:925} INFO - DAG(s) 'example_task_group' retrieved from /home/airflow/.local/lib/python3.12/site-packages/airflow/example_dags/example_task_group.py
[2024-11-03T05:46:22.929+0000] {logging_mixin.py:190} INFO - [2024-11-03T05:46:22.929+0000] {dag.py:3239} INFO - Sync 1 DAGs
[2024-11-03T05:46:22.946+0000] {logging_mixin.py:190} INFO - [2024-11-03T05:46:22.945+0000] {dag.py:4180} INFO - Setting next_dagrun for example_task_group to None, run_after=None
[2024-11-03T05:46:22.971+0000] {processor.py:208} INFO - Processing /home/airflow/.local/lib/python3.12/site-packages/airflow/example_dags/example_task_group.py took 0.088 seconds
[2024-11-03T05:46:53.164+0000] {processor.py:186} INFO - Started process (PID=10288) to work on /home/airflow/.local/lib/python3.12/site-packages/airflow/example_dags/example_task_group.py
[2024-11-03T05:46:53.165+0000] {processor.py:914} INFO - Processing file /home/airflow/.local/lib/python3.12/site-packages/airflow/example_dags/example_task_group.py for tasks to queue
[2024-11-03T05:46:53.169+0000] {logging_mixin.py:190} INFO - [2024-11-03T05:46:53.168+0000] {dagbag.py:588} INFO - Filling up the DagBag from /home/airflow/.local/lib/python3.12/site-packages/airflow/example_dags/example_task_group.py
[2024-11-03T05:46:53.178+0000] {processor.py:925} INFO - DAG(s) 'example_task_group' retrieved from /home/airflow/.local/lib/python3.12/site-packages/airflow/example_dags/example_task_group.py
[2024-11-03T05:46:53.203+0000] {logging_mixin.py:190} INFO - [2024-11-03T05:46:53.203+0000] {dag.py:3239} INFO - Sync 1 DAGs
[2024-11-03T05:46:53.222+0000] {logging_mixin.py:190} INFO - [2024-11-03T05:46:53.222+0000] {dag.py:4180} INFO - Setting next_dagrun for example_task_group to None, run_after=None
[2024-11-03T05:46:53.245+0000] {processor.py:208} INFO - Processing /home/airflow/.local/lib/python3.12/site-packages/airflow/example_dags/example_task_group.py took 0.087 seconds
[2024-11-03T05:47:23.399+0000] {processor.py:186} INFO - Started process (PID=10579) to work on /home/airflow/.local/lib/python3.12/site-packages/airflow/example_dags/example_task_group.py
[2024-11-03T05:47:23.400+0000] {processor.py:914} INFO - Processing file /home/airflow/.local/lib/python3.12/site-packages/airflow/example_dags/example_task_group.py for tasks to queue
[2024-11-03T05:47:23.403+0000] {logging_mixin.py:190} INFO - [2024-11-03T05:47:23.403+0000] {dagbag.py:588} INFO - Filling up the DagBag from /home/airflow/.local/lib/python3.12/site-packages/airflow/example_dags/example_task_group.py
[2024-11-03T05:47:23.411+0000] {processor.py:925} INFO - DAG(s) 'example_task_group' retrieved from /home/airflow/.local/lib/python3.12/site-packages/airflow/example_dags/example_task_group.py
[2024-11-03T05:47:23.434+0000] {logging_mixin.py:190} INFO - [2024-11-03T05:47:23.433+0000] {dag.py:3239} INFO - Sync 1 DAGs
[2024-11-03T05:47:23.449+0000] {logging_mixin.py:190} INFO - [2024-11-03T05:47:23.448+0000] {dag.py:4180} INFO - Setting next_dagrun for example_task_group to None, run_after=None
[2024-11-03T05:47:23.469+0000] {processor.py:208} INFO - Processing /home/airflow/.local/lib/python3.12/site-packages/airflow/example_dags/example_task_group.py took 0.076 seconds
[2024-11-03T05:47:53.611+0000] {processor.py:186} INFO - Started process (PID=10865) to work on /home/airflow/.local/lib/python3.12/site-packages/airflow/example_dags/example_task_group.py
[2024-11-03T05:47:53.612+0000] {processor.py:914} INFO - Processing file /home/airflow/.local/lib/python3.12/site-packages/airflow/example_dags/example_task_group.py for tasks to queue
[2024-11-03T05:47:53.615+0000] {logging_mixin.py:190} INFO - [2024-11-03T05:47:53.614+0000] {dagbag.py:588} INFO - Filling up the DagBag from /home/airflow/.local/lib/python3.12/site-packages/airflow/example_dags/example_task_group.py
[2024-11-03T05:47:53.625+0000] {processor.py:925} INFO - DAG(s) 'example_task_group' retrieved from /home/airflow/.local/lib/python3.12/site-packages/airflow/example_dags/example_task_group.py
[2024-11-03T05:47:53.652+0000] {logging_mixin.py:190} INFO - [2024-11-03T05:47:53.652+0000] {dag.py:3239} INFO - Sync 1 DAGs
[2024-11-03T05:47:53.669+0000] {logging_mixin.py:190} INFO - [2024-11-03T05:47:53.669+0000] {dag.py:4180} INFO - Setting next_dagrun for example_task_group to None, run_after=None
[2024-11-03T05:47:53.699+0000] {processor.py:208} INFO - Processing /home/airflow/.local/lib/python3.12/site-packages/airflow/example_dags/example_task_group.py took 0.095 seconds
[2024-11-03T05:48:23.877+0000] {processor.py:186} INFO - Started process (PID=11156) to work on /home/airflow/.local/lib/python3.12/site-packages/airflow/example_dags/example_task_group.py
[2024-11-03T05:48:23.878+0000] {processor.py:914} INFO - Processing file /home/airflow/.local/lib/python3.12/site-packages/airflow/example_dags/example_task_group.py for tasks to queue
[2024-11-03T05:48:23.881+0000] {logging_mixin.py:190} INFO - [2024-11-03T05:48:23.881+0000] {dagbag.py:588} INFO - Filling up the DagBag from /home/airflow/.local/lib/python3.12/site-packages/airflow/example_dags/example_task_group.py
[2024-11-03T05:48:23.890+0000] {processor.py:925} INFO - DAG(s) 'example_task_group' retrieved from /home/airflow/.local/lib/python3.12/site-packages/airflow/example_dags/example_task_group.py
[2024-11-03T05:48:23.916+0000] {logging_mixin.py:190} INFO - [2024-11-03T05:48:23.916+0000] {dag.py:3239} INFO - Sync 1 DAGs
[2024-11-03T05:48:23.932+0000] {logging_mixin.py:190} INFO - [2024-11-03T05:48:23.932+0000] {dag.py:4180} INFO - Setting next_dagrun for example_task_group to None, run_after=None
[2024-11-03T05:48:23.958+0000] {processor.py:208} INFO - Processing /home/airflow/.local/lib/python3.12/site-packages/airflow/example_dags/example_task_group.py took 0.087 seconds
[2024-11-03T05:48:54.218+0000] {processor.py:186} INFO - Started process (PID=11447) to work on /home/airflow/.local/lib/python3.12/site-packages/airflow/example_dags/example_task_group.py
[2024-11-03T05:48:54.219+0000] {processor.py:914} INFO - Processing file /home/airflow/.local/lib/python3.12/site-packages/airflow/example_dags/example_task_group.py for tasks to queue
[2024-11-03T05:48:54.222+0000] {logging_mixin.py:190} INFO - [2024-11-03T05:48:54.222+0000] {dagbag.py:588} INFO - Filling up the DagBag from /home/airflow/.local/lib/python3.12/site-packages/airflow/example_dags/example_task_group.py
[2024-11-03T05:48:54.230+0000] {processor.py:925} INFO - DAG(s) 'example_task_group' retrieved from /home/airflow/.local/lib/python3.12/site-packages/airflow/example_dags/example_task_group.py
[2024-11-03T05:48:54.252+0000] {logging_mixin.py:190} INFO - [2024-11-03T05:48:54.251+0000] {dag.py:3239} INFO - Sync 1 DAGs
[2024-11-03T05:48:54.266+0000] {logging_mixin.py:190} INFO - [2024-11-03T05:48:54.266+0000] {dag.py:4180} INFO - Setting next_dagrun for example_task_group to None, run_after=None
[2024-11-03T05:48:54.294+0000] {processor.py:208} INFO - Processing /home/airflow/.local/lib/python3.12/site-packages/airflow/example_dags/example_task_group.py took 0.082 seconds
[2024-11-03T05:49:24.413+0000] {processor.py:186} INFO - Started process (PID=11738) to work on /home/airflow/.local/lib/python3.12/site-packages/airflow/example_dags/example_task_group.py
[2024-11-03T05:49:24.414+0000] {processor.py:914} INFO - Processing file /home/airflow/.local/lib/python3.12/site-packages/airflow/example_dags/example_task_group.py for tasks to queue
[2024-11-03T05:49:24.416+0000] {logging_mixin.py:190} INFO - [2024-11-03T05:49:24.416+0000] {dagbag.py:588} INFO - Filling up the DagBag from /home/airflow/.local/lib/python3.12/site-packages/airflow/example_dags/example_task_group.py
[2024-11-03T05:49:24.425+0000] {processor.py:925} INFO - DAG(s) 'example_task_group' retrieved from /home/airflow/.local/lib/python3.12/site-packages/airflow/example_dags/example_task_group.py
[2024-11-03T05:49:24.448+0000] {logging_mixin.py:190} INFO - [2024-11-03T05:49:24.448+0000] {dag.py:3239} INFO - Sync 1 DAGs
[2024-11-03T05:49:24.464+0000] {logging_mixin.py:190} INFO - [2024-11-03T05:49:24.464+0000] {dag.py:4180} INFO - Setting next_dagrun for example_task_group to None, run_after=None
[2024-11-03T05:49:24.490+0000] {processor.py:208} INFO - Processing /home/airflow/.local/lib/python3.12/site-packages/airflow/example_dags/example_task_group.py took 0.083 seconds
[2024-11-03T05:49:54.832+0000] {processor.py:186} INFO - Started process (PID=12029) to work on /home/airflow/.local/lib/python3.12/site-packages/airflow/example_dags/example_task_group.py
[2024-11-03T05:49:54.833+0000] {processor.py:914} INFO - Processing file /home/airflow/.local/lib/python3.12/site-packages/airflow/example_dags/example_task_group.py for tasks to queue
[2024-11-03T05:49:54.835+0000] {logging_mixin.py:190} INFO - [2024-11-03T05:49:54.835+0000] {dagbag.py:588} INFO - Filling up the DagBag from /home/airflow/.local/lib/python3.12/site-packages/airflow/example_dags/example_task_group.py
[2024-11-03T05:49:54.846+0000] {processor.py:925} INFO - DAG(s) 'example_task_group' retrieved from /home/airflow/.local/lib/python3.12/site-packages/airflow/example_dags/example_task_group.py
[2024-11-03T05:49:54.878+0000] {logging_mixin.py:190} INFO - [2024-11-03T05:49:54.878+0000] {dag.py:3239} INFO - Sync 1 DAGs
[2024-11-03T05:49:54.898+0000] {logging_mixin.py:190} INFO - [2024-11-03T05:49:54.898+0000] {dag.py:4180} INFO - Setting next_dagrun for example_task_group to None, run_after=None
[2024-11-03T05:49:54.923+0000] {processor.py:208} INFO - Processing /home/airflow/.local/lib/python3.12/site-packages/airflow/example_dags/example_task_group.py took 0.099 seconds
[2024-11-03T05:50:25.747+0000] {processor.py:186} INFO - Started process (PID=12322) to work on /home/airflow/.local/lib/python3.12/site-packages/airflow/example_dags/example_task_group.py
[2024-11-03T05:50:25.748+0000] {processor.py:914} INFO - Processing file /home/airflow/.local/lib/python3.12/site-packages/airflow/example_dags/example_task_group.py for tasks to queue
[2024-11-03T05:50:25.751+0000] {logging_mixin.py:190} INFO - [2024-11-03T05:50:25.751+0000] {dagbag.py:588} INFO - Filling up the DagBag from /home/airflow/.local/lib/python3.12/site-packages/airflow/example_dags/example_task_group.py
[2024-11-03T05:50:25.760+0000] {processor.py:925} INFO - DAG(s) 'example_task_group' retrieved from /home/airflow/.local/lib/python3.12/site-packages/airflow/example_dags/example_task_group.py
[2024-11-03T05:50:25.783+0000] {logging_mixin.py:190} INFO - [2024-11-03T05:50:25.783+0000] {dag.py:3239} INFO - Sync 1 DAGs
[2024-11-03T05:50:25.799+0000] {logging_mixin.py:190} INFO - [2024-11-03T05:50:25.798+0000] {dag.py:4180} INFO - Setting next_dagrun for example_task_group to None, run_after=None
[2024-11-03T05:50:25.820+0000] {processor.py:208} INFO - Processing /home/airflow/.local/lib/python3.12/site-packages/airflow/example_dags/example_task_group.py took 0.080 seconds
[2024-11-03T05:50:55.868+0000] {processor.py:186} INFO - Started process (PID=12613) to work on /home/airflow/.local/lib/python3.12/site-packages/airflow/example_dags/example_task_group.py
[2024-11-03T05:50:55.869+0000] {processor.py:914} INFO - Processing file /home/airflow/.local/lib/python3.12/site-packages/airflow/example_dags/example_task_group.py for tasks to queue
[2024-11-03T05:50:55.871+0000] {logging_mixin.py:190} INFO - [2024-11-03T05:50:55.871+0000] {dagbag.py:588} INFO - Filling up the DagBag from /home/airflow/.local/lib/python3.12/site-packages/airflow/example_dags/example_task_group.py
[2024-11-03T05:50:55.879+0000] {processor.py:925} INFO - DAG(s) 'example_task_group' retrieved from /home/airflow/.local/lib/python3.12/site-packages/airflow/example_dags/example_task_group.py
[2024-11-03T05:50:55.901+0000] {logging_mixin.py:190} INFO - [2024-11-03T05:50:55.901+0000] {dag.py:3239} INFO - Sync 1 DAGs
[2024-11-03T05:50:55.915+0000] {logging_mixin.py:190} INFO - [2024-11-03T05:50:55.915+0000] {dag.py:4180} INFO - Setting next_dagrun for example_task_group to None, run_after=None
[2024-11-03T05:50:55.935+0000] {processor.py:208} INFO - Processing /home/airflow/.local/lib/python3.12/site-packages/airflow/example_dags/example_task_group.py took 0.072 seconds
[2024-11-03T05:52:54.162+0000] {processor.py:186} INFO - Started process (PID=367) to work on /home/airflow/.local/lib/python3.12/site-packages/airflow/example_dags/example_task_group.py
[2024-11-03T05:52:54.164+0000] {processor.py:914} INFO - Processing file /home/airflow/.local/lib/python3.12/site-packages/airflow/example_dags/example_task_group.py for tasks to queue
[2024-11-03T05:52:54.168+0000] {logging_mixin.py:190} INFO - [2024-11-03T05:52:54.168+0000] {dagbag.py:588} INFO - Filling up the DagBag from /home/airflow/.local/lib/python3.12/site-packages/airflow/example_dags/example_task_group.py
[2024-11-03T05:52:54.183+0000] {processor.py:925} INFO - DAG(s) 'example_task_group' retrieved from /home/airflow/.local/lib/python3.12/site-packages/airflow/example_dags/example_task_group.py
[2024-11-03T05:52:54.225+0000] {logging_mixin.py:190} INFO - [2024-11-03T05:52:54.224+0000] {dag.py:3239} INFO - Sync 1 DAGs
[2024-11-03T05:52:54.251+0000] {logging_mixin.py:190} INFO - [2024-11-03T05:52:54.250+0000] {dag.py:4180} INFO - Setting next_dagrun for example_task_group to None, run_after=None
[2024-11-03T05:52:54.284+0000] {processor.py:208} INFO - Processing /home/airflow/.local/lib/python3.12/site-packages/airflow/example_dags/example_task_group.py took 0.134 seconds
[2024-11-03T05:53:25.101+0000] {processor.py:186} INFO - Started process (PID=658) to work on /home/airflow/.local/lib/python3.12/site-packages/airflow/example_dags/example_task_group.py
[2024-11-03T05:53:25.102+0000] {processor.py:914} INFO - Processing file /home/airflow/.local/lib/python3.12/site-packages/airflow/example_dags/example_task_group.py for tasks to queue
[2024-11-03T05:53:25.104+0000] {logging_mixin.py:190} INFO - [2024-11-03T05:53:25.104+0000] {dagbag.py:588} INFO - Filling up the DagBag from /home/airflow/.local/lib/python3.12/site-packages/airflow/example_dags/example_task_group.py
[2024-11-03T05:53:25.113+0000] {processor.py:925} INFO - DAG(s) 'example_task_group' retrieved from /home/airflow/.local/lib/python3.12/site-packages/airflow/example_dags/example_task_group.py
[2024-11-03T05:53:25.135+0000] {logging_mixin.py:190} INFO - [2024-11-03T05:53:25.135+0000] {dag.py:3239} INFO - Sync 1 DAGs
[2024-11-03T05:53:25.151+0000] {logging_mixin.py:190} INFO - [2024-11-03T05:53:25.151+0000] {dag.py:4180} INFO - Setting next_dagrun for example_task_group to None, run_after=None
[2024-11-03T05:53:25.176+0000] {processor.py:208} INFO - Processing /home/airflow/.local/lib/python3.12/site-packages/airflow/example_dags/example_task_group.py took 0.080 seconds
[2024-11-03T05:53:55.708+0000] {processor.py:186} INFO - Started process (PID=949) to work on /home/airflow/.local/lib/python3.12/site-packages/airflow/example_dags/example_task_group.py
[2024-11-03T05:53:55.710+0000] {processor.py:914} INFO - Processing file /home/airflow/.local/lib/python3.12/site-packages/airflow/example_dags/example_task_group.py for tasks to queue
[2024-11-03T05:53:55.713+0000] {logging_mixin.py:190} INFO - [2024-11-03T05:53:55.712+0000] {dagbag.py:588} INFO - Filling up the DagBag from /home/airflow/.local/lib/python3.12/site-packages/airflow/example_dags/example_task_group.py
[2024-11-03T05:53:55.731+0000] {processor.py:925} INFO - DAG(s) 'example_task_group' retrieved from /home/airflow/.local/lib/python3.12/site-packages/airflow/example_dags/example_task_group.py
[2024-11-03T05:53:55.762+0000] {logging_mixin.py:190} INFO - [2024-11-03T05:53:55.761+0000] {dag.py:3239} INFO - Sync 1 DAGs
[2024-11-03T05:53:55.781+0000] {logging_mixin.py:190} INFO - [2024-11-03T05:53:55.780+0000] {dag.py:4180} INFO - Setting next_dagrun for example_task_group to None, run_after=None
[2024-11-03T05:53:55.808+0000] {processor.py:208} INFO - Processing /home/airflow/.local/lib/python3.12/site-packages/airflow/example_dags/example_task_group.py took 0.107 seconds
[2024-11-03T05:54:26.134+0000] {processor.py:186} INFO - Started process (PID=1240) to work on /home/airflow/.local/lib/python3.12/site-packages/airflow/example_dags/example_task_group.py
[2024-11-03T05:54:26.135+0000] {processor.py:914} INFO - Processing file /home/airflow/.local/lib/python3.12/site-packages/airflow/example_dags/example_task_group.py for tasks to queue
[2024-11-03T05:54:26.137+0000] {logging_mixin.py:190} INFO - [2024-11-03T05:54:26.137+0000] {dagbag.py:588} INFO - Filling up the DagBag from /home/airflow/.local/lib/python3.12/site-packages/airflow/example_dags/example_task_group.py
[2024-11-03T05:54:26.146+0000] {processor.py:925} INFO - DAG(s) 'example_task_group' retrieved from /home/airflow/.local/lib/python3.12/site-packages/airflow/example_dags/example_task_group.py
[2024-11-03T05:54:26.169+0000] {logging_mixin.py:190} INFO - [2024-11-03T05:54:26.168+0000] {dag.py:3239} INFO - Sync 1 DAGs
[2024-11-03T05:54:26.184+0000] {logging_mixin.py:190} INFO - [2024-11-03T05:54:26.184+0000] {dag.py:4180} INFO - Setting next_dagrun for example_task_group to None, run_after=None
[2024-11-03T05:54:26.205+0000] {processor.py:208} INFO - Processing /home/airflow/.local/lib/python3.12/site-packages/airflow/example_dags/example_task_group.py took 0.077 seconds
[2024-11-03T05:54:57.013+0000] {processor.py:186} INFO - Started process (PID=1531) to work on /home/airflow/.local/lib/python3.12/site-packages/airflow/example_dags/example_task_group.py
[2024-11-03T05:54:57.014+0000] {processor.py:914} INFO - Processing file /home/airflow/.local/lib/python3.12/site-packages/airflow/example_dags/example_task_group.py for tasks to queue
[2024-11-03T05:54:57.016+0000] {logging_mixin.py:190} INFO - [2024-11-03T05:54:57.016+0000] {dagbag.py:588} INFO - Filling up the DagBag from /home/airflow/.local/lib/python3.12/site-packages/airflow/example_dags/example_task_group.py
[2024-11-03T05:54:57.024+0000] {processor.py:925} INFO - DAG(s) 'example_task_group' retrieved from /home/airflow/.local/lib/python3.12/site-packages/airflow/example_dags/example_task_group.py
[2024-11-03T05:54:57.048+0000] {logging_mixin.py:190} INFO - [2024-11-03T05:54:57.047+0000] {dag.py:3239} INFO - Sync 1 DAGs
[2024-11-03T05:54:57.063+0000] {logging_mixin.py:190} INFO - [2024-11-03T05:54:57.063+0000] {dag.py:4180} INFO - Setting next_dagrun for example_task_group to None, run_after=None
[2024-11-03T05:54:57.095+0000] {processor.py:208} INFO - Processing /home/airflow/.local/lib/python3.12/site-packages/airflow/example_dags/example_task_group.py took 0.088 seconds
[2024-11-03T05:57:18.805+0000] {processor.py:186} INFO - Started process (PID=367) to work on /home/airflow/.local/lib/python3.12/site-packages/airflow/example_dags/example_task_group.py
[2024-11-03T05:57:18.806+0000] {processor.py:914} INFO - Processing file /home/airflow/.local/lib/python3.12/site-packages/airflow/example_dags/example_task_group.py for tasks to queue
[2024-11-03T05:57:18.813+0000] {logging_mixin.py:190} INFO - [2024-11-03T05:57:18.812+0000] {dagbag.py:588} INFO - Filling up the DagBag from /home/airflow/.local/lib/python3.12/site-packages/airflow/example_dags/example_task_group.py
[2024-11-03T05:57:18.824+0000] {processor.py:925} INFO - DAG(s) 'example_task_group' retrieved from /home/airflow/.local/lib/python3.12/site-packages/airflow/example_dags/example_task_group.py
[2024-11-03T05:57:18.852+0000] {logging_mixin.py:190} INFO - [2024-11-03T05:57:18.852+0000] {dag.py:3239} INFO - Sync 1 DAGs
[2024-11-03T05:57:18.871+0000] {logging_mixin.py:190} INFO - [2024-11-03T05:57:18.870+0000] {dag.py:4180} INFO - Setting next_dagrun for example_task_group to None, run_after=None
[2024-11-03T05:57:18.900+0000] {processor.py:208} INFO - Processing /home/airflow/.local/lib/python3.12/site-packages/airflow/example_dags/example_task_group.py took 0.104 seconds
[2024-11-03T05:57:49.606+0000] {processor.py:186} INFO - Started process (PID=658) to work on /home/airflow/.local/lib/python3.12/site-packages/airflow/example_dags/example_task_group.py
[2024-11-03T05:57:49.608+0000] {processor.py:914} INFO - Processing file /home/airflow/.local/lib/python3.12/site-packages/airflow/example_dags/example_task_group.py for tasks to queue
[2024-11-03T05:57:49.610+0000] {logging_mixin.py:190} INFO - [2024-11-03T05:57:49.610+0000] {dagbag.py:588} INFO - Filling up the DagBag from /home/airflow/.local/lib/python3.12/site-packages/airflow/example_dags/example_task_group.py
[2024-11-03T05:57:49.620+0000] {processor.py:925} INFO - DAG(s) 'example_task_group' retrieved from /home/airflow/.local/lib/python3.12/site-packages/airflow/example_dags/example_task_group.py
[2024-11-03T05:57:49.648+0000] {logging_mixin.py:190} INFO - [2024-11-03T05:57:49.647+0000] {dag.py:3239} INFO - Sync 1 DAGs
[2024-11-03T05:57:49.664+0000] {logging_mixin.py:190} INFO - [2024-11-03T05:57:49.664+0000] {dag.py:4180} INFO - Setting next_dagrun for example_task_group to None, run_after=None
[2024-11-03T05:57:49.686+0000] {processor.py:208} INFO - Processing /home/airflow/.local/lib/python3.12/site-packages/airflow/example_dags/example_task_group.py took 0.088 seconds
[2024-11-03T05:58:19.911+0000] {processor.py:186} INFO - Started process (PID=949) to work on /home/airflow/.local/lib/python3.12/site-packages/airflow/example_dags/example_task_group.py
[2024-11-03T05:58:19.912+0000] {processor.py:914} INFO - Processing file /home/airflow/.local/lib/python3.12/site-packages/airflow/example_dags/example_task_group.py for tasks to queue
[2024-11-03T05:58:19.914+0000] {logging_mixin.py:190} INFO - [2024-11-03T05:58:19.914+0000] {dagbag.py:588} INFO - Filling up the DagBag from /home/airflow/.local/lib/python3.12/site-packages/airflow/example_dags/example_task_group.py
[2024-11-03T05:58:19.923+0000] {processor.py:925} INFO - DAG(s) 'example_task_group' retrieved from /home/airflow/.local/lib/python3.12/site-packages/airflow/example_dags/example_task_group.py
[2024-11-03T05:58:19.945+0000] {logging_mixin.py:190} INFO - [2024-11-03T05:58:19.945+0000] {dag.py:3239} INFO - Sync 1 DAGs
[2024-11-03T05:58:19.961+0000] {logging_mixin.py:190} INFO - [2024-11-03T05:58:19.961+0000] {dag.py:4180} INFO - Setting next_dagrun for example_task_group to None, run_after=None
[2024-11-03T05:58:19.982+0000] {processor.py:208} INFO - Processing /home/airflow/.local/lib/python3.12/site-packages/airflow/example_dags/example_task_group.py took 0.077 seconds
[2024-11-03T05:58:50.255+0000] {processor.py:186} INFO - Started process (PID=1240) to work on /home/airflow/.local/lib/python3.12/site-packages/airflow/example_dags/example_task_group.py
[2024-11-03T05:58:50.256+0000] {processor.py:914} INFO - Processing file /home/airflow/.local/lib/python3.12/site-packages/airflow/example_dags/example_task_group.py for tasks to queue
[2024-11-03T05:58:50.259+0000] {logging_mixin.py:190} INFO - [2024-11-03T05:58:50.258+0000] {dagbag.py:588} INFO - Filling up the DagBag from /home/airflow/.local/lib/python3.12/site-packages/airflow/example_dags/example_task_group.py
[2024-11-03T05:58:50.267+0000] {processor.py:925} INFO - DAG(s) 'example_task_group' retrieved from /home/airflow/.local/lib/python3.12/site-packages/airflow/example_dags/example_task_group.py
[2024-11-03T05:58:50.290+0000] {logging_mixin.py:190} INFO - [2024-11-03T05:58:50.290+0000] {dag.py:3239} INFO - Sync 1 DAGs
[2024-11-03T05:58:50.307+0000] {logging_mixin.py:190} INFO - [2024-11-03T05:58:50.307+0000] {dag.py:4180} INFO - Setting next_dagrun for example_task_group to None, run_after=None
[2024-11-03T05:58:50.338+0000] {processor.py:208} INFO - Processing /home/airflow/.local/lib/python3.12/site-packages/airflow/example_dags/example_task_group.py took 0.089 seconds
[2024-11-03T05:59:21.187+0000] {processor.py:186} INFO - Started process (PID=1531) to work on /home/airflow/.local/lib/python3.12/site-packages/airflow/example_dags/example_task_group.py
[2024-11-03T05:59:21.188+0000] {processor.py:914} INFO - Processing file /home/airflow/.local/lib/python3.12/site-packages/airflow/example_dags/example_task_group.py for tasks to queue
[2024-11-03T05:59:21.191+0000] {logging_mixin.py:190} INFO - [2024-11-03T05:59:21.191+0000] {dagbag.py:588} INFO - Filling up the DagBag from /home/airflow/.local/lib/python3.12/site-packages/airflow/example_dags/example_task_group.py
[2024-11-03T05:59:21.199+0000] {processor.py:925} INFO - DAG(s) 'example_task_group' retrieved from /home/airflow/.local/lib/python3.12/site-packages/airflow/example_dags/example_task_group.py
[2024-11-03T05:59:21.223+0000] {logging_mixin.py:190} INFO - [2024-11-03T05:59:21.223+0000] {dag.py:3239} INFO - Sync 1 DAGs
[2024-11-03T05:59:21.240+0000] {logging_mixin.py:190} INFO - [2024-11-03T05:59:21.239+0000] {dag.py:4180} INFO - Setting next_dagrun for example_task_group to None, run_after=None
[2024-11-03T05:59:21.260+0000] {processor.py:208} INFO - Processing /home/airflow/.local/lib/python3.12/site-packages/airflow/example_dags/example_task_group.py took 0.079 seconds
[2024-11-03T05:59:51.485+0000] {processor.py:186} INFO - Started process (PID=1822) to work on /home/airflow/.local/lib/python3.12/site-packages/airflow/example_dags/example_task_group.py
[2024-11-03T05:59:51.486+0000] {processor.py:914} INFO - Processing file /home/airflow/.local/lib/python3.12/site-packages/airflow/example_dags/example_task_group.py for tasks to queue
[2024-11-03T05:59:51.488+0000] {logging_mixin.py:190} INFO - [2024-11-03T05:59:51.488+0000] {dagbag.py:588} INFO - Filling up the DagBag from /home/airflow/.local/lib/python3.12/site-packages/airflow/example_dags/example_task_group.py
[2024-11-03T05:59:51.498+0000] {processor.py:925} INFO - DAG(s) 'example_task_group' retrieved from /home/airflow/.local/lib/python3.12/site-packages/airflow/example_dags/example_task_group.py
[2024-11-03T05:59:51.523+0000] {logging_mixin.py:190} INFO - [2024-11-03T05:59:51.523+0000] {dag.py:3239} INFO - Sync 1 DAGs
[2024-11-03T05:59:51.552+0000] {logging_mixin.py:190} INFO - [2024-11-03T05:59:51.552+0000] {dag.py:4180} INFO - Setting next_dagrun for example_task_group to None, run_after=None
[2024-11-03T05:59:51.585+0000] {processor.py:208} INFO - Processing /home/airflow/.local/lib/python3.12/site-packages/airflow/example_dags/example_task_group.py took 0.106 seconds
[2024-11-03T06:00:22.496+0000] {processor.py:186} INFO - Started process (PID=2113) to work on /home/airflow/.local/lib/python3.12/site-packages/airflow/example_dags/example_task_group.py
[2024-11-03T06:00:22.497+0000] {processor.py:914} INFO - Processing file /home/airflow/.local/lib/python3.12/site-packages/airflow/example_dags/example_task_group.py for tasks to queue
[2024-11-03T06:00:22.499+0000] {logging_mixin.py:190} INFO - [2024-11-03T06:00:22.499+0000] {dagbag.py:588} INFO - Filling up the DagBag from /home/airflow/.local/lib/python3.12/site-packages/airflow/example_dags/example_task_group.py
[2024-11-03T06:00:22.508+0000] {processor.py:925} INFO - DAG(s) 'example_task_group' retrieved from /home/airflow/.local/lib/python3.12/site-packages/airflow/example_dags/example_task_group.py
[2024-11-03T06:00:22.531+0000] {logging_mixin.py:190} INFO - [2024-11-03T06:00:22.531+0000] {dag.py:3239} INFO - Sync 1 DAGs
[2024-11-03T06:00:22.548+0000] {logging_mixin.py:190} INFO - [2024-11-03T06:00:22.548+0000] {dag.py:4180} INFO - Setting next_dagrun for example_task_group to None, run_after=None
[2024-11-03T06:00:22.571+0000] {processor.py:208} INFO - Processing /home/airflow/.local/lib/python3.12/site-packages/airflow/example_dags/example_task_group.py took 0.081 seconds
[2024-11-03T06:06:59.791+0000] {processor.py:186} INFO - Started process (PID=385) to work on /home/airflow/.local/lib/python3.12/site-packages/airflow/example_dags/example_task_group.py
[2024-11-03T06:06:59.792+0000] {processor.py:914} INFO - Processing file /home/airflow/.local/lib/python3.12/site-packages/airflow/example_dags/example_task_group.py for tasks to queue
[2024-11-03T06:06:59.797+0000] {logging_mixin.py:190} INFO - [2024-11-03T06:06:59.796+0000] {dagbag.py:588} INFO - Filling up the DagBag from /home/airflow/.local/lib/python3.12/site-packages/airflow/example_dags/example_task_group.py
[2024-11-03T06:06:59.810+0000] {processor.py:925} INFO - DAG(s) 'example_task_group' retrieved from /home/airflow/.local/lib/python3.12/site-packages/airflow/example_dags/example_task_group.py
[2024-11-03T06:06:59.968+0000] {logging_mixin.py:190} INFO - [2024-11-03T06:06:59.967+0000] {override.py:1900} INFO - Created Permission View: can edit on DAG:example_task_group
[2024-11-03T06:07:00.005+0000] {logging_mixin.py:190} INFO - [2024-11-03T06:07:00.004+0000] {override.py:1900} INFO - Created Permission View: can read on DAG:example_task_group
[2024-11-03T06:07:00.020+0000] {logging_mixin.py:190} INFO - [2024-11-03T06:07:00.020+0000] {override.py:1900} INFO - Created Permission View: can delete on DAG:example_task_group
[2024-11-03T06:07:00.037+0000] {logging_mixin.py:190} INFO - [2024-11-03T06:07:00.037+0000] {override.py:1900} INFO - Created Permission View: can create on DAG Run:example_task_group
[2024-11-03T06:07:00.052+0000] {logging_mixin.py:190} INFO - [2024-11-03T06:07:00.051+0000] {override.py:1900} INFO - Created Permission View: menu access on DAG Run:example_task_group
[2024-11-03T06:07:00.064+0000] {logging_mixin.py:190} INFO - [2024-11-03T06:07:00.063+0000] {override.py:1900} INFO - Created Permission View: can read on DAG Run:example_task_group
[2024-11-03T06:07:00.081+0000] {logging_mixin.py:190} INFO - [2024-11-03T06:07:00.081+0000] {override.py:1900} INFO - Created Permission View: can delete on DAG Run:example_task_group
[2024-11-03T06:07:00.082+0000] {logging_mixin.py:190} INFO - [2024-11-03T06:07:00.081+0000] {dag.py:3239} INFO - Sync 1 DAGs
[2024-11-03T06:07:00.099+0000] {logging_mixin.py:190} INFO - [2024-11-03T06:07:00.099+0000] {dag.py:3262} INFO - Creating ORM DAG for example_task_group
[2024-11-03T06:07:00.100+0000] {logging_mixin.py:190} INFO - [2024-11-03T06:07:00.100+0000] {dag.py:4180} INFO - Setting next_dagrun for example_task_group to None, run_after=None
[2024-11-03T06:07:00.128+0000] {processor.py:208} INFO - Processing /home/airflow/.local/lib/python3.12/site-packages/airflow/example_dags/example_task_group.py took 0.347 seconds
[2024-11-03T06:07:30.982+0000] {processor.py:186} INFO - Started process (PID=676) to work on /home/airflow/.local/lib/python3.12/site-packages/airflow/example_dags/example_task_group.py
[2024-11-03T06:07:30.983+0000] {processor.py:914} INFO - Processing file /home/airflow/.local/lib/python3.12/site-packages/airflow/example_dags/example_task_group.py for tasks to queue
[2024-11-03T06:07:30.986+0000] {logging_mixin.py:190} INFO - [2024-11-03T06:07:30.985+0000] {dagbag.py:588} INFO - Filling up the DagBag from /home/airflow/.local/lib/python3.12/site-packages/airflow/example_dags/example_task_group.py
[2024-11-03T06:07:30.996+0000] {processor.py:925} INFO - DAG(s) 'example_task_group' retrieved from /home/airflow/.local/lib/python3.12/site-packages/airflow/example_dags/example_task_group.py
[2024-11-03T06:07:31.018+0000] {logging_mixin.py:190} INFO - [2024-11-03T06:07:31.018+0000] {dag.py:3239} INFO - Sync 1 DAGs
[2024-11-03T06:07:31.037+0000] {logging_mixin.py:190} INFO - [2024-11-03T06:07:31.037+0000] {dag.py:4180} INFO - Setting next_dagrun for example_task_group to None, run_after=None
[2024-11-03T06:07:31.070+0000] {processor.py:208} INFO - Processing /home/airflow/.local/lib/python3.12/site-packages/airflow/example_dags/example_task_group.py took 0.094 seconds
[2024-11-03T06:10:51.234+0000] {processor.py:186} INFO - Started process (PID=380) to work on /home/airflow/.local/lib/python3.12/site-packages/airflow/example_dags/example_task_group.py
[2024-11-03T06:10:51.236+0000] {processor.py:914} INFO - Processing file /home/airflow/.local/lib/python3.12/site-packages/airflow/example_dags/example_task_group.py for tasks to queue
[2024-11-03T06:10:51.247+0000] {logging_mixin.py:190} INFO - [2024-11-03T06:10:51.246+0000] {dagbag.py:588} INFO - Filling up the DagBag from /home/airflow/.local/lib/python3.12/site-packages/airflow/example_dags/example_task_group.py
[2024-11-03T06:10:51.278+0000] {processor.py:925} INFO - DAG(s) 'example_task_group' retrieved from /home/airflow/.local/lib/python3.12/site-packages/airflow/example_dags/example_task_group.py
[2024-11-03T06:10:51.342+0000] {logging_mixin.py:190} INFO - [2024-11-03T06:10:51.341+0000] {dag.py:3239} INFO - Sync 1 DAGs
[2024-11-03T06:10:51.372+0000] {logging_mixin.py:190} INFO - [2024-11-03T06:10:51.371+0000] {dag.py:4180} INFO - Setting next_dagrun for example_task_group to None, run_after=None
[2024-11-03T06:10:51.400+0000] {processor.py:208} INFO - Processing /home/airflow/.local/lib/python3.12/site-packages/airflow/example_dags/example_task_group.py took 0.179 seconds
[2024-11-03T06:11:21.494+0000] {processor.py:186} INFO - Started process (PID=671) to work on /home/airflow/.local/lib/python3.12/site-packages/airflow/example_dags/example_task_group.py
[2024-11-03T06:11:21.495+0000] {processor.py:914} INFO - Processing file /home/airflow/.local/lib/python3.12/site-packages/airflow/example_dags/example_task_group.py for tasks to queue
[2024-11-03T06:11:21.499+0000] {logging_mixin.py:190} INFO - [2024-11-03T06:11:21.498+0000] {dagbag.py:588} INFO - Filling up the DagBag from /home/airflow/.local/lib/python3.12/site-packages/airflow/example_dags/example_task_group.py
[2024-11-03T06:11:21.508+0000] {processor.py:925} INFO - DAG(s) 'example_task_group' retrieved from /home/airflow/.local/lib/python3.12/site-packages/airflow/example_dags/example_task_group.py
[2024-11-03T06:11:21.536+0000] {logging_mixin.py:190} INFO - [2024-11-03T06:11:21.536+0000] {dag.py:3239} INFO - Sync 1 DAGs
[2024-11-03T06:11:21.557+0000] {logging_mixin.py:190} INFO - [2024-11-03T06:11:21.557+0000] {dag.py:4180} INFO - Setting next_dagrun for example_task_group to None, run_after=None
[2024-11-03T06:11:21.578+0000] {processor.py:208} INFO - Processing /home/airflow/.local/lib/python3.12/site-packages/airflow/example_dags/example_task_group.py took 0.092 seconds
[2024-11-03T06:11:52.296+0000] {processor.py:186} INFO - Started process (PID=964) to work on /home/airflow/.local/lib/python3.12/site-packages/airflow/example_dags/example_task_group.py
[2024-11-03T06:11:52.297+0000] {processor.py:914} INFO - Processing file /home/airflow/.local/lib/python3.12/site-packages/airflow/example_dags/example_task_group.py for tasks to queue
[2024-11-03T06:11:52.299+0000] {logging_mixin.py:190} INFO - [2024-11-03T06:11:52.299+0000] {dagbag.py:588} INFO - Filling up the DagBag from /home/airflow/.local/lib/python3.12/site-packages/airflow/example_dags/example_task_group.py
[2024-11-03T06:11:52.308+0000] {processor.py:925} INFO - DAG(s) 'example_task_group' retrieved from /home/airflow/.local/lib/python3.12/site-packages/airflow/example_dags/example_task_group.py
[2024-11-03T06:11:52.330+0000] {logging_mixin.py:190} INFO - [2024-11-03T06:11:52.330+0000] {dag.py:3239} INFO - Sync 1 DAGs
[2024-11-03T06:11:52.345+0000] {logging_mixin.py:190} INFO - [2024-11-03T06:11:52.345+0000] {dag.py:4180} INFO - Setting next_dagrun for example_task_group to None, run_after=None
[2024-11-03T06:11:52.367+0000] {processor.py:208} INFO - Processing /home/airflow/.local/lib/python3.12/site-packages/airflow/example_dags/example_task_group.py took 0.077 seconds
[2024-11-03T06:12:23.124+0000] {processor.py:186} INFO - Started process (PID=1255) to work on /home/airflow/.local/lib/python3.12/site-packages/airflow/example_dags/example_task_group.py
[2024-11-03T06:12:23.126+0000] {processor.py:914} INFO - Processing file /home/airflow/.local/lib/python3.12/site-packages/airflow/example_dags/example_task_group.py for tasks to queue
[2024-11-03T06:12:23.128+0000] {logging_mixin.py:190} INFO - [2024-11-03T06:12:23.128+0000] {dagbag.py:588} INFO - Filling up the DagBag from /home/airflow/.local/lib/python3.12/site-packages/airflow/example_dags/example_task_group.py
[2024-11-03T06:12:23.139+0000] {processor.py:925} INFO - DAG(s) 'example_task_group' retrieved from /home/airflow/.local/lib/python3.12/site-packages/airflow/example_dags/example_task_group.py
[2024-11-03T06:12:23.165+0000] {logging_mixin.py:190} INFO - [2024-11-03T06:12:23.165+0000] {dag.py:3239} INFO - Sync 1 DAGs
[2024-11-03T06:12:23.180+0000] {logging_mixin.py:190} INFO - [2024-11-03T06:12:23.180+0000] {dag.py:4180} INFO - Setting next_dagrun for example_task_group to None, run_after=None
[2024-11-03T06:12:23.205+0000] {processor.py:208} INFO - Processing /home/airflow/.local/lib/python3.12/site-packages/airflow/example_dags/example_task_group.py took 0.088 seconds
[2024-11-03T06:12:53.599+0000] {processor.py:186} INFO - Started process (PID=1546) to work on /home/airflow/.local/lib/python3.12/site-packages/airflow/example_dags/example_task_group.py
[2024-11-03T06:12:53.600+0000] {processor.py:914} INFO - Processing file /home/airflow/.local/lib/python3.12/site-packages/airflow/example_dags/example_task_group.py for tasks to queue
[2024-11-03T06:12:53.602+0000] {logging_mixin.py:190} INFO - [2024-11-03T06:12:53.602+0000] {dagbag.py:588} INFO - Filling up the DagBag from /home/airflow/.local/lib/python3.12/site-packages/airflow/example_dags/example_task_group.py
[2024-11-03T06:12:53.611+0000] {processor.py:925} INFO - DAG(s) 'example_task_group' retrieved from /home/airflow/.local/lib/python3.12/site-packages/airflow/example_dags/example_task_group.py
[2024-11-03T06:12:53.632+0000] {logging_mixin.py:190} INFO - [2024-11-03T06:12:53.632+0000] {dag.py:3239} INFO - Sync 1 DAGs
[2024-11-03T06:12:53.649+0000] {logging_mixin.py:190} INFO - [2024-11-03T06:12:53.648+0000] {dag.py:4180} INFO - Setting next_dagrun for example_task_group to None, run_after=None
[2024-11-03T06:12:53.669+0000] {processor.py:208} INFO - Processing /home/airflow/.local/lib/python3.12/site-packages/airflow/example_dags/example_task_group.py took 0.076 seconds
[2024-11-03T06:13:24.818+0000] {processor.py:186} INFO - Started process (PID=1835) to work on /home/airflow/.local/lib/python3.12/site-packages/airflow/example_dags/example_task_group.py
[2024-11-03T06:13:24.819+0000] {processor.py:914} INFO - Processing file /home/airflow/.local/lib/python3.12/site-packages/airflow/example_dags/example_task_group.py for tasks to queue
[2024-11-03T06:13:24.821+0000] {logging_mixin.py:190} INFO - [2024-11-03T06:13:24.821+0000] {dagbag.py:588} INFO - Filling up the DagBag from /home/airflow/.local/lib/python3.12/site-packages/airflow/example_dags/example_task_group.py
[2024-11-03T06:13:24.829+0000] {processor.py:925} INFO - DAG(s) 'example_task_group' retrieved from /home/airflow/.local/lib/python3.12/site-packages/airflow/example_dags/example_task_group.py
[2024-11-03T06:13:24.852+0000] {logging_mixin.py:190} INFO - [2024-11-03T06:13:24.852+0000] {dag.py:3239} INFO - Sync 1 DAGs
[2024-11-03T06:13:24.867+0000] {logging_mixin.py:190} INFO - [2024-11-03T06:13:24.867+0000] {dag.py:4180} INFO - Setting next_dagrun for example_task_group to None, run_after=None
[2024-11-03T06:13:24.889+0000] {processor.py:208} INFO - Processing /home/airflow/.local/lib/python3.12/site-packages/airflow/example_dags/example_task_group.py took 0.079 seconds
[2024-11-03T06:13:56.067+0000] {processor.py:186} INFO - Started process (PID=2126) to work on /home/airflow/.local/lib/python3.12/site-packages/airflow/example_dags/example_task_group.py
[2024-11-03T06:13:56.068+0000] {processor.py:914} INFO - Processing file /home/airflow/.local/lib/python3.12/site-packages/airflow/example_dags/example_task_group.py for tasks to queue
[2024-11-03T06:13:56.073+0000] {logging_mixin.py:190} INFO - [2024-11-03T06:13:56.072+0000] {dagbag.py:588} INFO - Filling up the DagBag from /home/airflow/.local/lib/python3.12/site-packages/airflow/example_dags/example_task_group.py
[2024-11-03T06:13:56.085+0000] {processor.py:925} INFO - DAG(s) 'example_task_group' retrieved from /home/airflow/.local/lib/python3.12/site-packages/airflow/example_dags/example_task_group.py
[2024-11-03T06:13:56.124+0000] {logging_mixin.py:190} INFO - [2024-11-03T06:13:56.124+0000] {dag.py:3239} INFO - Sync 1 DAGs
[2024-11-03T06:13:56.148+0000] {logging_mixin.py:190} INFO - [2024-11-03T06:13:56.148+0000] {dag.py:4180} INFO - Setting next_dagrun for example_task_group to None, run_after=None
[2024-11-03T06:13:56.178+0000] {processor.py:208} INFO - Processing /home/airflow/.local/lib/python3.12/site-packages/airflow/example_dags/example_task_group.py took 0.119 seconds
[2024-11-03T06:14:26.346+0000] {processor.py:186} INFO - Started process (PID=2419) to work on /home/airflow/.local/lib/python3.12/site-packages/airflow/example_dags/example_task_group.py
[2024-11-03T06:14:26.347+0000] {processor.py:914} INFO - Processing file /home/airflow/.local/lib/python3.12/site-packages/airflow/example_dags/example_task_group.py for tasks to queue
[2024-11-03T06:14:26.350+0000] {logging_mixin.py:190} INFO - [2024-11-03T06:14:26.350+0000] {dagbag.py:588} INFO - Filling up the DagBag from /home/airflow/.local/lib/python3.12/site-packages/airflow/example_dags/example_task_group.py
[2024-11-03T06:14:26.359+0000] {processor.py:925} INFO - DAG(s) 'example_task_group' retrieved from /home/airflow/.local/lib/python3.12/site-packages/airflow/example_dags/example_task_group.py
[2024-11-03T06:14:26.382+0000] {logging_mixin.py:190} INFO - [2024-11-03T06:14:26.381+0000] {dag.py:3239} INFO - Sync 1 DAGs
[2024-11-03T06:14:26.397+0000] {logging_mixin.py:190} INFO - [2024-11-03T06:14:26.397+0000] {dag.py:4180} INFO - Setting next_dagrun for example_task_group to None, run_after=None
[2024-11-03T06:14:26.419+0000] {processor.py:208} INFO - Processing /home/airflow/.local/lib/python3.12/site-packages/airflow/example_dags/example_task_group.py took 0.079 seconds
[2024-11-03T06:14:56.712+0000] {processor.py:186} INFO - Started process (PID=2708) to work on /home/airflow/.local/lib/python3.12/site-packages/airflow/example_dags/example_task_group.py
[2024-11-03T06:14:56.713+0000] {processor.py:914} INFO - Processing file /home/airflow/.local/lib/python3.12/site-packages/airflow/example_dags/example_task_group.py for tasks to queue
[2024-11-03T06:14:56.716+0000] {logging_mixin.py:190} INFO - [2024-11-03T06:14:56.716+0000] {dagbag.py:588} INFO - Filling up the DagBag from /home/airflow/.local/lib/python3.12/site-packages/airflow/example_dags/example_task_group.py
[2024-11-03T06:14:56.730+0000] {processor.py:925} INFO - DAG(s) 'example_task_group' retrieved from /home/airflow/.local/lib/python3.12/site-packages/airflow/example_dags/example_task_group.py
[2024-11-03T06:14:56.757+0000] {logging_mixin.py:190} INFO - [2024-11-03T06:14:56.757+0000] {dag.py:3239} INFO - Sync 1 DAGs
[2024-11-03T06:14:56.781+0000] {logging_mixin.py:190} INFO - [2024-11-03T06:14:56.780+0000] {dag.py:4180} INFO - Setting next_dagrun for example_task_group to None, run_after=None
[2024-11-03T06:14:56.804+0000] {processor.py:208} INFO - Processing /home/airflow/.local/lib/python3.12/site-packages/airflow/example_dags/example_task_group.py took 0.102 seconds
[2024-11-03T06:15:26.951+0000] {processor.py:186} INFO - Started process (PID=3001) to work on /home/airflow/.local/lib/python3.12/site-packages/airflow/example_dags/example_task_group.py
[2024-11-03T06:15:26.952+0000] {processor.py:914} INFO - Processing file /home/airflow/.local/lib/python3.12/site-packages/airflow/example_dags/example_task_group.py for tasks to queue
[2024-11-03T06:15:26.955+0000] {logging_mixin.py:190} INFO - [2024-11-03T06:15:26.955+0000] {dagbag.py:588} INFO - Filling up the DagBag from /home/airflow/.local/lib/python3.12/site-packages/airflow/example_dags/example_task_group.py
[2024-11-03T06:15:26.963+0000] {processor.py:925} INFO - DAG(s) 'example_task_group' retrieved from /home/airflow/.local/lib/python3.12/site-packages/airflow/example_dags/example_task_group.py
[2024-11-03T06:15:26.987+0000] {logging_mixin.py:190} INFO - [2024-11-03T06:15:26.987+0000] {dag.py:3239} INFO - Sync 1 DAGs
[2024-11-03T06:15:27.004+0000] {logging_mixin.py:190} INFO - [2024-11-03T06:15:27.003+0000] {dag.py:4180} INFO - Setting next_dagrun for example_task_group to None, run_after=None
[2024-11-03T06:15:27.035+0000] {processor.py:208} INFO - Processing /home/airflow/.local/lib/python3.12/site-packages/airflow/example_dags/example_task_group.py took 0.091 seconds
