[2024-11-03T05:29:37.941+0000] {processor.py:186} INFO - Started process (PID=451) to work on /home/airflow/.local/lib/python3.12/site-packages/airflow/example_dags/example_branch_labels.py
[2024-11-03T05:29:37.943+0000] {processor.py:914} INFO - Processing file /home/airflow/.local/lib/python3.12/site-packages/airflow/example_dags/example_branch_labels.py for tasks to queue
[2024-11-03T05:29:37.949+0000] {logging_mixin.py:190} INFO - [2024-11-03T05:29:37.949+0000] {dagbag.py:588} INFO - Filling up the DagBag from /home/airflow/.local/lib/python3.12/site-packages/airflow/example_dags/example_branch_labels.py
[2024-11-03T05:29:37.971+0000] {processor.py:925} INFO - DAG(s) 'example_branch_labels' retrieved from /home/airflow/.local/lib/python3.12/site-packages/airflow/example_dags/example_branch_labels.py
[2024-11-03T05:29:38.200+0000] {logging_mixin.py:190} INFO - [2024-11-03T05:29:38.199+0000] {override.py:1900} INFO - Created Permission View: can delete on DAG:example_branch_labels
[2024-11-03T05:29:38.225+0000] {logging_mixin.py:190} INFO - [2024-11-03T05:29:38.224+0000] {override.py:1900} INFO - Created Permission View: can edit on DAG:example_branch_labels
[2024-11-03T05:29:38.249+0000] {logging_mixin.py:190} INFO - [2024-11-03T05:29:38.248+0000] {override.py:1900} INFO - Created Permission View: can read on DAG:example_branch_labels
[2024-11-03T05:29:38.266+0000] {logging_mixin.py:190} INFO - [2024-11-03T05:29:38.266+0000] {override.py:1900} INFO - Created Permission View: can delete on DAG Run:example_branch_labels
[2024-11-03T05:29:38.283+0000] {logging_mixin.py:190} INFO - [2024-11-03T05:29:38.282+0000] {override.py:1900} INFO - Created Permission View: menu access on DAG Run:example_branch_labels
[2024-11-03T05:29:38.299+0000] {logging_mixin.py:190} INFO - [2024-11-03T05:29:38.298+0000] {override.py:1900} INFO - Created Permission View: can create on DAG Run:example_branch_labels
[2024-11-03T05:29:38.313+0000] {logging_mixin.py:190} INFO - [2024-11-03T05:29:38.313+0000] {override.py:1900} INFO - Created Permission View: can read on DAG Run:example_branch_labels
[2024-11-03T05:29:38.314+0000] {logging_mixin.py:190} INFO - [2024-11-03T05:29:38.314+0000] {dag.py:3239} INFO - Sync 1 DAGs
[2024-11-03T05:29:38.342+0000] {logging_mixin.py:190} INFO - [2024-11-03T05:29:38.341+0000] {dag.py:3262} INFO - Creating ORM DAG for example_branch_labels
[2024-11-03T05:29:38.359+0000] {logging_mixin.py:190} INFO - [2024-11-03T05:29:38.358+0000] {dag.py:4180} INFO - Setting next_dagrun for example_branch_labels to 2024-11-02 00:00:00+00:00, run_after=2024-11-03 00:00:00+00:00
[2024-11-03T05:29:38.381+0000] {processor.py:208} INFO - Processing /home/airflow/.local/lib/python3.12/site-packages/airflow/example_dags/example_branch_labels.py took 0.456 seconds
[2024-11-03T05:30:08.851+0000] {processor.py:186} INFO - Started process (PID=742) to work on /home/airflow/.local/lib/python3.12/site-packages/airflow/example_dags/example_branch_labels.py
[2024-11-03T05:30:08.852+0000] {processor.py:914} INFO - Processing file /home/airflow/.local/lib/python3.12/site-packages/airflow/example_dags/example_branch_labels.py for tasks to queue
[2024-11-03T05:30:08.855+0000] {logging_mixin.py:190} INFO - [2024-11-03T05:30:08.855+0000] {dagbag.py:588} INFO - Filling up the DagBag from /home/airflow/.local/lib/python3.12/site-packages/airflow/example_dags/example_branch_labels.py
[2024-11-03T05:30:08.872+0000] {processor.py:925} INFO - DAG(s) 'example_branch_labels' retrieved from /home/airflow/.local/lib/python3.12/site-packages/airflow/example_dags/example_branch_labels.py
[2024-11-03T05:30:08.903+0000] {logging_mixin.py:190} INFO - [2024-11-03T05:30:08.902+0000] {dag.py:3239} INFO - Sync 1 DAGs
[2024-11-03T05:30:08.948+0000] {logging_mixin.py:190} INFO - [2024-11-03T05:30:08.948+0000] {dag.py:4180} INFO - Setting next_dagrun for example_branch_labels to 2024-11-02 00:00:00+00:00, run_after=2024-11-03 00:00:00+00:00
[2024-11-03T05:30:08.988+0000] {processor.py:208} INFO - Processing /home/airflow/.local/lib/python3.12/site-packages/airflow/example_dags/example_branch_labels.py took 0.157 seconds
[2024-11-03T05:30:39.470+0000] {processor.py:186} INFO - Started process (PID=1033) to work on /home/airflow/.local/lib/python3.12/site-packages/airflow/example_dags/example_branch_labels.py
[2024-11-03T05:30:39.471+0000] {processor.py:914} INFO - Processing file /home/airflow/.local/lib/python3.12/site-packages/airflow/example_dags/example_branch_labels.py for tasks to queue
[2024-11-03T05:30:39.473+0000] {logging_mixin.py:190} INFO - [2024-11-03T05:30:39.473+0000] {dagbag.py:588} INFO - Filling up the DagBag from /home/airflow/.local/lib/python3.12/site-packages/airflow/example_dags/example_branch_labels.py
[2024-11-03T05:30:39.484+0000] {processor.py:925} INFO - DAG(s) 'example_branch_labels' retrieved from /home/airflow/.local/lib/python3.12/site-packages/airflow/example_dags/example_branch_labels.py
[2024-11-03T05:30:39.508+0000] {logging_mixin.py:190} INFO - [2024-11-03T05:30:39.507+0000] {dag.py:3239} INFO - Sync 1 DAGs
[2024-11-03T05:30:39.537+0000] {logging_mixin.py:190} INFO - [2024-11-03T05:30:39.536+0000] {dag.py:4180} INFO - Setting next_dagrun for example_branch_labels to 2024-11-02 00:00:00+00:00, run_after=2024-11-03 00:00:00+00:00
[2024-11-03T05:30:39.562+0000] {processor.py:208} INFO - Processing /home/airflow/.local/lib/python3.12/site-packages/airflow/example_dags/example_branch_labels.py took 0.099 seconds
[2024-11-03T05:31:10.099+0000] {processor.py:186} INFO - Started process (PID=1324) to work on /home/airflow/.local/lib/python3.12/site-packages/airflow/example_dags/example_branch_labels.py
[2024-11-03T05:31:10.100+0000] {processor.py:914} INFO - Processing file /home/airflow/.local/lib/python3.12/site-packages/airflow/example_dags/example_branch_labels.py for tasks to queue
[2024-11-03T05:31:10.103+0000] {logging_mixin.py:190} INFO - [2024-11-03T05:31:10.103+0000] {dagbag.py:588} INFO - Filling up the DagBag from /home/airflow/.local/lib/python3.12/site-packages/airflow/example_dags/example_branch_labels.py
[2024-11-03T05:31:10.114+0000] {processor.py:925} INFO - DAG(s) 'example_branch_labels' retrieved from /home/airflow/.local/lib/python3.12/site-packages/airflow/example_dags/example_branch_labels.py
[2024-11-03T05:31:10.136+0000] {logging_mixin.py:190} INFO - [2024-11-03T05:31:10.136+0000] {dag.py:3239} INFO - Sync 1 DAGs
[2024-11-03T05:31:10.167+0000] {logging_mixin.py:190} INFO - [2024-11-03T05:31:10.167+0000] {dag.py:4180} INFO - Setting next_dagrun for example_branch_labels to 2024-11-02 00:00:00+00:00, run_after=2024-11-03 00:00:00+00:00
[2024-11-03T05:31:10.191+0000] {processor.py:208} INFO - Processing /home/airflow/.local/lib/python3.12/site-packages/airflow/example_dags/example_branch_labels.py took 0.099 seconds
[2024-11-03T05:31:40.842+0000] {processor.py:186} INFO - Started process (PID=1615) to work on /home/airflow/.local/lib/python3.12/site-packages/airflow/example_dags/example_branch_labels.py
[2024-11-03T05:31:40.843+0000] {processor.py:914} INFO - Processing file /home/airflow/.local/lib/python3.12/site-packages/airflow/example_dags/example_branch_labels.py for tasks to queue
[2024-11-03T05:31:40.847+0000] {logging_mixin.py:190} INFO - [2024-11-03T05:31:40.846+0000] {dagbag.py:588} INFO - Filling up the DagBag from /home/airflow/.local/lib/python3.12/site-packages/airflow/example_dags/example_branch_labels.py
[2024-11-03T05:31:40.858+0000] {processor.py:925} INFO - DAG(s) 'example_branch_labels' retrieved from /home/airflow/.local/lib/python3.12/site-packages/airflow/example_dags/example_branch_labels.py
[2024-11-03T05:31:40.884+0000] {logging_mixin.py:190} INFO - [2024-11-03T05:31:40.884+0000] {dag.py:3239} INFO - Sync 1 DAGs
[2024-11-03T05:31:40.915+0000] {logging_mixin.py:190} INFO - [2024-11-03T05:31:40.914+0000] {dag.py:4180} INFO - Setting next_dagrun for example_branch_labels to 2024-11-02 00:00:00+00:00, run_after=2024-11-03 00:00:00+00:00
[2024-11-03T05:31:40.940+0000] {processor.py:208} INFO - Processing /home/airflow/.local/lib/python3.12/site-packages/airflow/example_dags/example_branch_labels.py took 0.106 seconds
[2024-11-03T05:32:11.630+0000] {processor.py:186} INFO - Started process (PID=1908) to work on /home/airflow/.local/lib/python3.12/site-packages/airflow/example_dags/example_branch_labels.py
[2024-11-03T05:32:11.631+0000] {processor.py:914} INFO - Processing file /home/airflow/.local/lib/python3.12/site-packages/airflow/example_dags/example_branch_labels.py for tasks to queue
[2024-11-03T05:32:11.634+0000] {logging_mixin.py:190} INFO - [2024-11-03T05:32:11.634+0000] {dagbag.py:588} INFO - Filling up the DagBag from /home/airflow/.local/lib/python3.12/site-packages/airflow/example_dags/example_branch_labels.py
[2024-11-03T05:32:11.646+0000] {processor.py:925} INFO - DAG(s) 'example_branch_labels' retrieved from /home/airflow/.local/lib/python3.12/site-packages/airflow/example_dags/example_branch_labels.py
[2024-11-03T05:32:11.674+0000] {logging_mixin.py:190} INFO - [2024-11-03T05:32:11.674+0000] {dag.py:3239} INFO - Sync 1 DAGs
[2024-11-03T05:32:11.712+0000] {logging_mixin.py:190} INFO - [2024-11-03T05:32:11.712+0000] {dag.py:4180} INFO - Setting next_dagrun for example_branch_labels to 2024-11-02 00:00:00+00:00, run_after=2024-11-03 00:00:00+00:00
[2024-11-03T05:32:11.744+0000] {processor.py:208} INFO - Processing /home/airflow/.local/lib/python3.12/site-packages/airflow/example_dags/example_branch_labels.py took 0.120 seconds
[2024-11-03T05:32:41.814+0000] {processor.py:186} INFO - Started process (PID=2199) to work on /home/airflow/.local/lib/python3.12/site-packages/airflow/example_dags/example_branch_labels.py
[2024-11-03T05:32:41.815+0000] {processor.py:914} INFO - Processing file /home/airflow/.local/lib/python3.12/site-packages/airflow/example_dags/example_branch_labels.py for tasks to queue
[2024-11-03T05:32:41.818+0000] {logging_mixin.py:190} INFO - [2024-11-03T05:32:41.818+0000] {dagbag.py:588} INFO - Filling up the DagBag from /home/airflow/.local/lib/python3.12/site-packages/airflow/example_dags/example_branch_labels.py
[2024-11-03T05:32:41.829+0000] {processor.py:925} INFO - DAG(s) 'example_branch_labels' retrieved from /home/airflow/.local/lib/python3.12/site-packages/airflow/example_dags/example_branch_labels.py
[2024-11-03T05:32:41.854+0000] {logging_mixin.py:190} INFO - [2024-11-03T05:32:41.853+0000] {dag.py:3239} INFO - Sync 1 DAGs
[2024-11-03T05:32:41.882+0000] {logging_mixin.py:190} INFO - [2024-11-03T05:32:41.882+0000] {dag.py:4180} INFO - Setting next_dagrun for example_branch_labels to 2024-11-02 00:00:00+00:00, run_after=2024-11-03 00:00:00+00:00
[2024-11-03T05:32:41.919+0000] {processor.py:208} INFO - Processing /home/airflow/.local/lib/python3.12/site-packages/airflow/example_dags/example_branch_labels.py took 0.112 seconds
[2024-11-03T05:33:12.322+0000] {processor.py:186} INFO - Started process (PID=2489) to work on /home/airflow/.local/lib/python3.12/site-packages/airflow/example_dags/example_branch_labels.py
[2024-11-03T05:33:12.324+0000] {processor.py:914} INFO - Processing file /home/airflow/.local/lib/python3.12/site-packages/airflow/example_dags/example_branch_labels.py for tasks to queue
[2024-11-03T05:33:12.328+0000] {logging_mixin.py:190} INFO - [2024-11-03T05:33:12.327+0000] {dagbag.py:588} INFO - Filling up the DagBag from /home/airflow/.local/lib/python3.12/site-packages/airflow/example_dags/example_branch_labels.py
[2024-11-03T05:33:12.357+0000] {processor.py:925} INFO - DAG(s) 'example_branch_labels' retrieved from /home/airflow/.local/lib/python3.12/site-packages/airflow/example_dags/example_branch_labels.py
[2024-11-03T05:33:12.398+0000] {logging_mixin.py:190} INFO - [2024-11-03T05:33:12.398+0000] {dag.py:3239} INFO - Sync 1 DAGs
[2024-11-03T05:33:12.452+0000] {logging_mixin.py:190} INFO - [2024-11-03T05:33:12.451+0000] {dag.py:4180} INFO - Setting next_dagrun for example_branch_labels to 2024-11-02 00:00:00+00:00, run_after=2024-11-03 00:00:00+00:00
[2024-11-03T05:33:12.486+0000] {processor.py:208} INFO - Processing /home/airflow/.local/lib/python3.12/site-packages/airflow/example_dags/example_branch_labels.py took 0.179 seconds
[2024-11-03T05:33:43.265+0000] {processor.py:186} INFO - Started process (PID=2780) to work on /home/airflow/.local/lib/python3.12/site-packages/airflow/example_dags/example_branch_labels.py
[2024-11-03T05:33:43.267+0000] {processor.py:914} INFO - Processing file /home/airflow/.local/lib/python3.12/site-packages/airflow/example_dags/example_branch_labels.py for tasks to queue
[2024-11-03T05:33:43.270+0000] {logging_mixin.py:190} INFO - [2024-11-03T05:33:43.269+0000] {dagbag.py:588} INFO - Filling up the DagBag from /home/airflow/.local/lib/python3.12/site-packages/airflow/example_dags/example_branch_labels.py
[2024-11-03T05:33:43.284+0000] {processor.py:925} INFO - DAG(s) 'example_branch_labels' retrieved from /home/airflow/.local/lib/python3.12/site-packages/airflow/example_dags/example_branch_labels.py
[2024-11-03T05:33:43.319+0000] {logging_mixin.py:190} INFO - [2024-11-03T05:33:43.319+0000] {dag.py:3239} INFO - Sync 1 DAGs
[2024-11-03T05:33:43.358+0000] {logging_mixin.py:190} INFO - [2024-11-03T05:33:43.357+0000] {dag.py:4180} INFO - Setting next_dagrun for example_branch_labels to 2024-11-02 00:00:00+00:00, run_after=2024-11-03 00:00:00+00:00
[2024-11-03T05:33:43.385+0000] {processor.py:208} INFO - Processing /home/airflow/.local/lib/python3.12/site-packages/airflow/example_dags/example_branch_labels.py took 0.128 seconds
[2024-11-03T05:34:13.645+0000] {processor.py:186} INFO - Started process (PID=3071) to work on /home/airflow/.local/lib/python3.12/site-packages/airflow/example_dags/example_branch_labels.py
[2024-11-03T05:34:13.646+0000] {processor.py:914} INFO - Processing file /home/airflow/.local/lib/python3.12/site-packages/airflow/example_dags/example_branch_labels.py for tasks to queue
[2024-11-03T05:34:13.649+0000] {logging_mixin.py:190} INFO - [2024-11-03T05:34:13.648+0000] {dagbag.py:588} INFO - Filling up the DagBag from /home/airflow/.local/lib/python3.12/site-packages/airflow/example_dags/example_branch_labels.py
[2024-11-03T05:34:13.658+0000] {processor.py:925} INFO - DAG(s) 'example_branch_labels' retrieved from /home/airflow/.local/lib/python3.12/site-packages/airflow/example_dags/example_branch_labels.py
[2024-11-03T05:34:13.682+0000] {logging_mixin.py:190} INFO - [2024-11-03T05:34:13.681+0000] {dag.py:3239} INFO - Sync 1 DAGs
[2024-11-03T05:34:13.707+0000] {logging_mixin.py:190} INFO - [2024-11-03T05:34:13.707+0000] {dag.py:4180} INFO - Setting next_dagrun for example_branch_labels to 2024-11-02 00:00:00+00:00, run_after=2024-11-03 00:00:00+00:00
[2024-11-03T05:34:13.731+0000] {processor.py:208} INFO - Processing /home/airflow/.local/lib/python3.12/site-packages/airflow/example_dags/example_branch_labels.py took 0.093 seconds
[2024-11-03T05:34:44.451+0000] {processor.py:186} INFO - Started process (PID=3362) to work on /home/airflow/.local/lib/python3.12/site-packages/airflow/example_dags/example_branch_labels.py
[2024-11-03T05:34:44.452+0000] {processor.py:914} INFO - Processing file /home/airflow/.local/lib/python3.12/site-packages/airflow/example_dags/example_branch_labels.py for tasks to queue
[2024-11-03T05:34:44.455+0000] {logging_mixin.py:190} INFO - [2024-11-03T05:34:44.454+0000] {dagbag.py:588} INFO - Filling up the DagBag from /home/airflow/.local/lib/python3.12/site-packages/airflow/example_dags/example_branch_labels.py
[2024-11-03T05:34:44.464+0000] {processor.py:925} INFO - DAG(s) 'example_branch_labels' retrieved from /home/airflow/.local/lib/python3.12/site-packages/airflow/example_dags/example_branch_labels.py
[2024-11-03T05:34:44.487+0000] {logging_mixin.py:190} INFO - [2024-11-03T05:34:44.486+0000] {dag.py:3239} INFO - Sync 1 DAGs
[2024-11-03T05:34:44.511+0000] {logging_mixin.py:190} INFO - [2024-11-03T05:34:44.511+0000] {dag.py:4180} INFO - Setting next_dagrun for example_branch_labels to 2024-11-02 00:00:00+00:00, run_after=2024-11-03 00:00:00+00:00
[2024-11-03T05:34:44.534+0000] {processor.py:208} INFO - Processing /home/airflow/.local/lib/python3.12/site-packages/airflow/example_dags/example_branch_labels.py took 0.090 seconds
[2024-11-03T05:35:15.155+0000] {processor.py:186} INFO - Started process (PID=3653) to work on /home/airflow/.local/lib/python3.12/site-packages/airflow/example_dags/example_branch_labels.py
[2024-11-03T05:35:15.156+0000] {processor.py:914} INFO - Processing file /home/airflow/.local/lib/python3.12/site-packages/airflow/example_dags/example_branch_labels.py for tasks to queue
[2024-11-03T05:35:15.159+0000] {logging_mixin.py:190} INFO - [2024-11-03T05:35:15.159+0000] {dagbag.py:588} INFO - Filling up the DagBag from /home/airflow/.local/lib/python3.12/site-packages/airflow/example_dags/example_branch_labels.py
[2024-11-03T05:35:15.171+0000] {processor.py:925} INFO - DAG(s) 'example_branch_labels' retrieved from /home/airflow/.local/lib/python3.12/site-packages/airflow/example_dags/example_branch_labels.py
[2024-11-03T05:35:15.196+0000] {logging_mixin.py:190} INFO - [2024-11-03T05:35:15.195+0000] {dag.py:3239} INFO - Sync 1 DAGs
[2024-11-03T05:35:15.224+0000] {logging_mixin.py:190} INFO - [2024-11-03T05:35:15.223+0000] {dag.py:4180} INFO - Setting next_dagrun for example_branch_labels to 2024-11-02 00:00:00+00:00, run_after=2024-11-03 00:00:00+00:00
[2024-11-03T05:35:15.247+0000] {processor.py:208} INFO - Processing /home/airflow/.local/lib/python3.12/site-packages/airflow/example_dags/example_branch_labels.py took 0.098 seconds
[2024-11-03T05:35:45.352+0000] {processor.py:186} INFO - Started process (PID=3939) to work on /home/airflow/.local/lib/python3.12/site-packages/airflow/example_dags/example_branch_labels.py
[2024-11-03T05:35:45.353+0000] {processor.py:914} INFO - Processing file /home/airflow/.local/lib/python3.12/site-packages/airflow/example_dags/example_branch_labels.py for tasks to queue
[2024-11-03T05:35:45.358+0000] {logging_mixin.py:190} INFO - [2024-11-03T05:35:45.357+0000] {dagbag.py:588} INFO - Filling up the DagBag from /home/airflow/.local/lib/python3.12/site-packages/airflow/example_dags/example_branch_labels.py
[2024-11-03T05:35:45.375+0000] {processor.py:925} INFO - DAG(s) 'example_branch_labels' retrieved from /home/airflow/.local/lib/python3.12/site-packages/airflow/example_dags/example_branch_labels.py
[2024-11-03T05:35:45.404+0000] {logging_mixin.py:190} INFO - [2024-11-03T05:35:45.404+0000] {dag.py:3239} INFO - Sync 1 DAGs
[2024-11-03T05:35:45.448+0000] {logging_mixin.py:190} INFO - [2024-11-03T05:35:45.448+0000] {dag.py:4180} INFO - Setting next_dagrun for example_branch_labels to 2024-11-02 00:00:00+00:00, run_after=2024-11-03 00:00:00+00:00
[2024-11-03T05:35:45.477+0000] {processor.py:208} INFO - Processing /home/airflow/.local/lib/python3.12/site-packages/airflow/example_dags/example_branch_labels.py took 0.136 seconds
[2024-11-03T05:36:15.568+0000] {processor.py:186} INFO - Started process (PID=4230) to work on /home/airflow/.local/lib/python3.12/site-packages/airflow/example_dags/example_branch_labels.py
[2024-11-03T05:36:15.569+0000] {processor.py:914} INFO - Processing file /home/airflow/.local/lib/python3.12/site-packages/airflow/example_dags/example_branch_labels.py for tasks to queue
[2024-11-03T05:36:15.572+0000] {logging_mixin.py:190} INFO - [2024-11-03T05:36:15.571+0000] {dagbag.py:588} INFO - Filling up the DagBag from /home/airflow/.local/lib/python3.12/site-packages/airflow/example_dags/example_branch_labels.py
[2024-11-03T05:36:15.581+0000] {processor.py:925} INFO - DAG(s) 'example_branch_labels' retrieved from /home/airflow/.local/lib/python3.12/site-packages/airflow/example_dags/example_branch_labels.py
[2024-11-03T05:36:15.605+0000] {logging_mixin.py:190} INFO - [2024-11-03T05:36:15.605+0000] {dag.py:3239} INFO - Sync 1 DAGs
[2024-11-03T05:36:15.631+0000] {logging_mixin.py:190} INFO - [2024-11-03T05:36:15.631+0000] {dag.py:4180} INFO - Setting next_dagrun for example_branch_labels to 2024-11-02 00:00:00+00:00, run_after=2024-11-03 00:00:00+00:00
[2024-11-03T05:36:15.654+0000] {processor.py:208} INFO - Processing /home/airflow/.local/lib/python3.12/site-packages/airflow/example_dags/example_branch_labels.py took 0.093 seconds
[2024-11-03T05:36:45.828+0000] {processor.py:186} INFO - Started process (PID=4521) to work on /home/airflow/.local/lib/python3.12/site-packages/airflow/example_dags/example_branch_labels.py
[2024-11-03T05:36:45.829+0000] {processor.py:914} INFO - Processing file /home/airflow/.local/lib/python3.12/site-packages/airflow/example_dags/example_branch_labels.py for tasks to queue
[2024-11-03T05:36:45.832+0000] {logging_mixin.py:190} INFO - [2024-11-03T05:36:45.831+0000] {dagbag.py:588} INFO - Filling up the DagBag from /home/airflow/.local/lib/python3.12/site-packages/airflow/example_dags/example_branch_labels.py
[2024-11-03T05:36:45.842+0000] {processor.py:925} INFO - DAG(s) 'example_branch_labels' retrieved from /home/airflow/.local/lib/python3.12/site-packages/airflow/example_dags/example_branch_labels.py
[2024-11-03T05:36:45.865+0000] {logging_mixin.py:190} INFO - [2024-11-03T05:36:45.865+0000] {dag.py:3239} INFO - Sync 1 DAGs
[2024-11-03T05:36:45.892+0000] {logging_mixin.py:190} INFO - [2024-11-03T05:36:45.892+0000] {dag.py:4180} INFO - Setting next_dagrun for example_branch_labels to 2024-11-02 00:00:00+00:00, run_after=2024-11-03 00:00:00+00:00
[2024-11-03T05:36:45.914+0000] {processor.py:208} INFO - Processing /home/airflow/.local/lib/python3.12/site-packages/airflow/example_dags/example_branch_labels.py took 0.094 seconds
[2024-11-03T05:37:16.071+0000] {processor.py:186} INFO - Started process (PID=4812) to work on /home/airflow/.local/lib/python3.12/site-packages/airflow/example_dags/example_branch_labels.py
[2024-11-03T05:37:16.072+0000] {processor.py:914} INFO - Processing file /home/airflow/.local/lib/python3.12/site-packages/airflow/example_dags/example_branch_labels.py for tasks to queue
[2024-11-03T05:37:16.074+0000] {logging_mixin.py:190} INFO - [2024-11-03T05:37:16.074+0000] {dagbag.py:588} INFO - Filling up the DagBag from /home/airflow/.local/lib/python3.12/site-packages/airflow/example_dags/example_branch_labels.py
[2024-11-03T05:37:16.084+0000] {processor.py:925} INFO - DAG(s) 'example_branch_labels' retrieved from /home/airflow/.local/lib/python3.12/site-packages/airflow/example_dags/example_branch_labels.py
[2024-11-03T05:37:16.105+0000] {logging_mixin.py:190} INFO - [2024-11-03T05:37:16.105+0000] {dag.py:3239} INFO - Sync 1 DAGs
[2024-11-03T05:37:16.131+0000] {logging_mixin.py:190} INFO - [2024-11-03T05:37:16.131+0000] {dag.py:4180} INFO - Setting next_dagrun for example_branch_labels to 2024-11-02 00:00:00+00:00, run_after=2024-11-03 00:00:00+00:00
[2024-11-03T05:37:16.154+0000] {processor.py:208} INFO - Processing /home/airflow/.local/lib/python3.12/site-packages/airflow/example_dags/example_branch_labels.py took 0.090 seconds
[2024-11-03T05:37:46.619+0000] {processor.py:186} INFO - Started process (PID=5103) to work on /home/airflow/.local/lib/python3.12/site-packages/airflow/example_dags/example_branch_labels.py
[2024-11-03T05:37:46.620+0000] {processor.py:914} INFO - Processing file /home/airflow/.local/lib/python3.12/site-packages/airflow/example_dags/example_branch_labels.py for tasks to queue
[2024-11-03T05:37:46.624+0000] {logging_mixin.py:190} INFO - [2024-11-03T05:37:46.623+0000] {dagbag.py:588} INFO - Filling up the DagBag from /home/airflow/.local/lib/python3.12/site-packages/airflow/example_dags/example_branch_labels.py
[2024-11-03T05:37:46.633+0000] {processor.py:925} INFO - DAG(s) 'example_branch_labels' retrieved from /home/airflow/.local/lib/python3.12/site-packages/airflow/example_dags/example_branch_labels.py
[2024-11-03T05:37:46.654+0000] {logging_mixin.py:190} INFO - [2024-11-03T05:37:46.654+0000] {dag.py:3239} INFO - Sync 1 DAGs
[2024-11-03T05:37:46.694+0000] {logging_mixin.py:190} INFO - [2024-11-03T05:37:46.694+0000] {dag.py:4180} INFO - Setting next_dagrun for example_branch_labels to 2024-11-02 00:00:00+00:00, run_after=2024-11-03 00:00:00+00:00
[2024-11-03T05:37:46.714+0000] {processor.py:208} INFO - Processing /home/airflow/.local/lib/python3.12/site-packages/airflow/example_dags/example_branch_labels.py took 0.101 seconds
[2024-11-03T05:38:17.490+0000] {processor.py:186} INFO - Started process (PID=5394) to work on /home/airflow/.local/lib/python3.12/site-packages/airflow/example_dags/example_branch_labels.py
[2024-11-03T05:38:17.492+0000] {processor.py:914} INFO - Processing file /home/airflow/.local/lib/python3.12/site-packages/airflow/example_dags/example_branch_labels.py for tasks to queue
[2024-11-03T05:38:17.494+0000] {logging_mixin.py:190} INFO - [2024-11-03T05:38:17.494+0000] {dagbag.py:588} INFO - Filling up the DagBag from /home/airflow/.local/lib/python3.12/site-packages/airflow/example_dags/example_branch_labels.py
[2024-11-03T05:38:17.505+0000] {processor.py:925} INFO - DAG(s) 'example_branch_labels' retrieved from /home/airflow/.local/lib/python3.12/site-packages/airflow/example_dags/example_branch_labels.py
[2024-11-03T05:38:17.528+0000] {logging_mixin.py:190} INFO - [2024-11-03T05:38:17.527+0000] {dag.py:3239} INFO - Sync 1 DAGs
[2024-11-03T05:38:17.555+0000] {logging_mixin.py:190} INFO - [2024-11-03T05:38:17.555+0000] {dag.py:4180} INFO - Setting next_dagrun for example_branch_labels to 2024-11-02 00:00:00+00:00, run_after=2024-11-03 00:00:00+00:00
[2024-11-03T05:38:17.577+0000] {processor.py:208} INFO - Processing /home/airflow/.local/lib/python3.12/site-packages/airflow/example_dags/example_branch_labels.py took 0.093 seconds
[2024-11-03T05:38:47.745+0000] {processor.py:186} INFO - Started process (PID=5685) to work on /home/airflow/.local/lib/python3.12/site-packages/airflow/example_dags/example_branch_labels.py
[2024-11-03T05:38:47.746+0000] {processor.py:914} INFO - Processing file /home/airflow/.local/lib/python3.12/site-packages/airflow/example_dags/example_branch_labels.py for tasks to queue
[2024-11-03T05:38:47.748+0000] {logging_mixin.py:190} INFO - [2024-11-03T05:38:47.748+0000] {dagbag.py:588} INFO - Filling up the DagBag from /home/airflow/.local/lib/python3.12/site-packages/airflow/example_dags/example_branch_labels.py
[2024-11-03T05:38:47.758+0000] {processor.py:925} INFO - DAG(s) 'example_branch_labels' retrieved from /home/airflow/.local/lib/python3.12/site-packages/airflow/example_dags/example_branch_labels.py
[2024-11-03T05:38:47.779+0000] {logging_mixin.py:190} INFO - [2024-11-03T05:38:47.779+0000] {dag.py:3239} INFO - Sync 1 DAGs
[2024-11-03T05:38:47.803+0000] {logging_mixin.py:190} INFO - [2024-11-03T05:38:47.803+0000] {dag.py:4180} INFO - Setting next_dagrun for example_branch_labels to 2024-11-02 00:00:00+00:00, run_after=2024-11-03 00:00:00+00:00
[2024-11-03T05:38:47.826+0000] {processor.py:208} INFO - Processing /home/airflow/.local/lib/python3.12/site-packages/airflow/example_dags/example_branch_labels.py took 0.086 seconds
[2024-11-03T05:39:18.181+0000] {processor.py:186} INFO - Started process (PID=5976) to work on /home/airflow/.local/lib/python3.12/site-packages/airflow/example_dags/example_branch_labels.py
[2024-11-03T05:39:18.182+0000] {processor.py:914} INFO - Processing file /home/airflow/.local/lib/python3.12/site-packages/airflow/example_dags/example_branch_labels.py for tasks to queue
[2024-11-03T05:39:18.185+0000] {logging_mixin.py:190} INFO - [2024-11-03T05:39:18.184+0000] {dagbag.py:588} INFO - Filling up the DagBag from /home/airflow/.local/lib/python3.12/site-packages/airflow/example_dags/example_branch_labels.py
[2024-11-03T05:39:18.194+0000] {processor.py:925} INFO - DAG(s) 'example_branch_labels' retrieved from /home/airflow/.local/lib/python3.12/site-packages/airflow/example_dags/example_branch_labels.py
[2024-11-03T05:39:18.215+0000] {logging_mixin.py:190} INFO - [2024-11-03T05:39:18.215+0000] {dag.py:3239} INFO - Sync 1 DAGs
[2024-11-03T05:39:18.240+0000] {logging_mixin.py:190} INFO - [2024-11-03T05:39:18.240+0000] {dag.py:4180} INFO - Setting next_dagrun for example_branch_labels to 2024-11-02 00:00:00+00:00, run_after=2024-11-03 00:00:00+00:00
[2024-11-03T05:39:18.261+0000] {processor.py:208} INFO - Processing /home/airflow/.local/lib/python3.12/site-packages/airflow/example_dags/example_branch_labels.py took 0.086 seconds
[2024-11-03T05:39:48.662+0000] {processor.py:186} INFO - Started process (PID=6273) to work on /home/airflow/.local/lib/python3.12/site-packages/airflow/example_dags/example_branch_labels.py
[2024-11-03T05:39:48.663+0000] {processor.py:914} INFO - Processing file /home/airflow/.local/lib/python3.12/site-packages/airflow/example_dags/example_branch_labels.py for tasks to queue
[2024-11-03T05:39:48.666+0000] {logging_mixin.py:190} INFO - [2024-11-03T05:39:48.666+0000] {dagbag.py:588} INFO - Filling up the DagBag from /home/airflow/.local/lib/python3.12/site-packages/airflow/example_dags/example_branch_labels.py
[2024-11-03T05:39:48.676+0000] {processor.py:925} INFO - DAG(s) 'example_branch_labels' retrieved from /home/airflow/.local/lib/python3.12/site-packages/airflow/example_dags/example_branch_labels.py
[2024-11-03T05:39:48.697+0000] {logging_mixin.py:190} INFO - [2024-11-03T05:39:48.697+0000] {dag.py:3239} INFO - Sync 1 DAGs
[2024-11-03T05:39:48.723+0000] {logging_mixin.py:190} INFO - [2024-11-03T05:39:48.723+0000] {dag.py:4180} INFO - Setting next_dagrun for example_branch_labels to 2024-11-02 00:00:00+00:00, run_after=2024-11-03 00:00:00+00:00
[2024-11-03T05:39:48.744+0000] {processor.py:208} INFO - Processing /home/airflow/.local/lib/python3.12/site-packages/airflow/example_dags/example_branch_labels.py took 0.091 seconds
[2024-11-03T05:40:18.969+0000] {processor.py:186} INFO - Started process (PID=6564) to work on /home/airflow/.local/lib/python3.12/site-packages/airflow/example_dags/example_branch_labels.py
[2024-11-03T05:40:18.970+0000] {processor.py:914} INFO - Processing file /home/airflow/.local/lib/python3.12/site-packages/airflow/example_dags/example_branch_labels.py for tasks to queue
[2024-11-03T05:40:18.972+0000] {logging_mixin.py:190} INFO - [2024-11-03T05:40:18.972+0000] {dagbag.py:588} INFO - Filling up the DagBag from /home/airflow/.local/lib/python3.12/site-packages/airflow/example_dags/example_branch_labels.py
[2024-11-03T05:40:18.982+0000] {processor.py:925} INFO - DAG(s) 'example_branch_labels' retrieved from /home/airflow/.local/lib/python3.12/site-packages/airflow/example_dags/example_branch_labels.py
[2024-11-03T05:40:19.003+0000] {logging_mixin.py:190} INFO - [2024-11-03T05:40:19.003+0000] {dag.py:3239} INFO - Sync 1 DAGs
[2024-11-03T05:40:19.029+0000] {logging_mixin.py:190} INFO - [2024-11-03T05:40:19.029+0000] {dag.py:4180} INFO - Setting next_dagrun for example_branch_labels to 2024-11-02 00:00:00+00:00, run_after=2024-11-03 00:00:00+00:00
[2024-11-03T05:40:19.051+0000] {processor.py:208} INFO - Processing /home/airflow/.local/lib/python3.12/site-packages/airflow/example_dags/example_branch_labels.py took 0.089 seconds
[2024-11-03T05:40:49.668+0000] {processor.py:186} INFO - Started process (PID=6855) to work on /home/airflow/.local/lib/python3.12/site-packages/airflow/example_dags/example_branch_labels.py
[2024-11-03T05:40:49.670+0000] {processor.py:914} INFO - Processing file /home/airflow/.local/lib/python3.12/site-packages/airflow/example_dags/example_branch_labels.py for tasks to queue
[2024-11-03T05:40:49.672+0000] {logging_mixin.py:190} INFO - [2024-11-03T05:40:49.672+0000] {dagbag.py:588} INFO - Filling up the DagBag from /home/airflow/.local/lib/python3.12/site-packages/airflow/example_dags/example_branch_labels.py
[2024-11-03T05:40:49.682+0000] {processor.py:925} INFO - DAG(s) 'example_branch_labels' retrieved from /home/airflow/.local/lib/python3.12/site-packages/airflow/example_dags/example_branch_labels.py
[2024-11-03T05:40:49.705+0000] {logging_mixin.py:190} INFO - [2024-11-03T05:40:49.704+0000] {dag.py:3239} INFO - Sync 1 DAGs
[2024-11-03T05:40:49.734+0000] {logging_mixin.py:190} INFO - [2024-11-03T05:40:49.734+0000] {dag.py:4180} INFO - Setting next_dagrun for example_branch_labels to 2024-11-02 00:00:00+00:00, run_after=2024-11-03 00:00:00+00:00
[2024-11-03T05:40:49.759+0000] {processor.py:208} INFO - Processing /home/airflow/.local/lib/python3.12/site-packages/airflow/example_dags/example_branch_labels.py took 0.097 seconds
[2024-11-03T05:41:20.326+0000] {processor.py:186} INFO - Started process (PID=7146) to work on /home/airflow/.local/lib/python3.12/site-packages/airflow/example_dags/example_branch_labels.py
[2024-11-03T05:41:20.327+0000] {processor.py:914} INFO - Processing file /home/airflow/.local/lib/python3.12/site-packages/airflow/example_dags/example_branch_labels.py for tasks to queue
[2024-11-03T05:41:20.330+0000] {logging_mixin.py:190} INFO - [2024-11-03T05:41:20.329+0000] {dagbag.py:588} INFO - Filling up the DagBag from /home/airflow/.local/lib/python3.12/site-packages/airflow/example_dags/example_branch_labels.py
[2024-11-03T05:41:20.340+0000] {processor.py:925} INFO - DAG(s) 'example_branch_labels' retrieved from /home/airflow/.local/lib/python3.12/site-packages/airflow/example_dags/example_branch_labels.py
[2024-11-03T05:41:20.364+0000] {logging_mixin.py:190} INFO - [2024-11-03T05:41:20.364+0000] {dag.py:3239} INFO - Sync 1 DAGs
[2024-11-03T05:41:20.394+0000] {logging_mixin.py:190} INFO - [2024-11-03T05:41:20.394+0000] {dag.py:4180} INFO - Setting next_dagrun for example_branch_labels to 2024-11-02 00:00:00+00:00, run_after=2024-11-03 00:00:00+00:00
[2024-11-03T05:41:20.416+0000] {processor.py:208} INFO - Processing /home/airflow/.local/lib/python3.12/site-packages/airflow/example_dags/example_branch_labels.py took 0.096 seconds
[2024-11-03T05:41:50.744+0000] {processor.py:186} INFO - Started process (PID=7437) to work on /home/airflow/.local/lib/python3.12/site-packages/airflow/example_dags/example_branch_labels.py
[2024-11-03T05:41:50.745+0000] {processor.py:914} INFO - Processing file /home/airflow/.local/lib/python3.12/site-packages/airflow/example_dags/example_branch_labels.py for tasks to queue
[2024-11-03T05:41:50.747+0000] {logging_mixin.py:190} INFO - [2024-11-03T05:41:50.747+0000] {dagbag.py:588} INFO - Filling up the DagBag from /home/airflow/.local/lib/python3.12/site-packages/airflow/example_dags/example_branch_labels.py
[2024-11-03T05:41:50.759+0000] {processor.py:925} INFO - DAG(s) 'example_branch_labels' retrieved from /home/airflow/.local/lib/python3.12/site-packages/airflow/example_dags/example_branch_labels.py
[2024-11-03T05:41:50.783+0000] {logging_mixin.py:190} INFO - [2024-11-03T05:41:50.782+0000] {dag.py:3239} INFO - Sync 1 DAGs
[2024-11-03T05:41:50.810+0000] {logging_mixin.py:190} INFO - [2024-11-03T05:41:50.810+0000] {dag.py:4180} INFO - Setting next_dagrun for example_branch_labels to 2024-11-02 00:00:00+00:00, run_after=2024-11-03 00:00:00+00:00
[2024-11-03T05:41:50.832+0000] {processor.py:208} INFO - Processing /home/airflow/.local/lib/python3.12/site-packages/airflow/example_dags/example_branch_labels.py took 0.095 seconds
[2024-11-03T05:42:20.960+0000] {processor.py:186} INFO - Started process (PID=7729) to work on /home/airflow/.local/lib/python3.12/site-packages/airflow/example_dags/example_branch_labels.py
[2024-11-03T05:42:20.961+0000] {processor.py:914} INFO - Processing file /home/airflow/.local/lib/python3.12/site-packages/airflow/example_dags/example_branch_labels.py for tasks to queue
[2024-11-03T05:42:20.964+0000] {logging_mixin.py:190} INFO - [2024-11-03T05:42:20.964+0000] {dagbag.py:588} INFO - Filling up the DagBag from /home/airflow/.local/lib/python3.12/site-packages/airflow/example_dags/example_branch_labels.py
[2024-11-03T05:42:20.974+0000] {processor.py:925} INFO - DAG(s) 'example_branch_labels' retrieved from /home/airflow/.local/lib/python3.12/site-packages/airflow/example_dags/example_branch_labels.py
[2024-11-03T05:42:20.996+0000] {logging_mixin.py:190} INFO - [2024-11-03T05:42:20.996+0000] {dag.py:3239} INFO - Sync 1 DAGs
[2024-11-03T05:42:21.022+0000] {logging_mixin.py:190} INFO - [2024-11-03T05:42:21.022+0000] {dag.py:4180} INFO - Setting next_dagrun for example_branch_labels to 2024-11-02 00:00:00+00:00, run_after=2024-11-03 00:00:00+00:00
[2024-11-03T05:42:21.046+0000] {processor.py:208} INFO - Processing /home/airflow/.local/lib/python3.12/site-packages/airflow/example_dags/example_branch_labels.py took 0.092 seconds
[2024-11-03T05:42:51.746+0000] {processor.py:186} INFO - Started process (PID=8020) to work on /home/airflow/.local/lib/python3.12/site-packages/airflow/example_dags/example_branch_labels.py
[2024-11-03T05:42:51.747+0000] {processor.py:914} INFO - Processing file /home/airflow/.local/lib/python3.12/site-packages/airflow/example_dags/example_branch_labels.py for tasks to queue
[2024-11-03T05:42:51.749+0000] {logging_mixin.py:190} INFO - [2024-11-03T05:42:51.749+0000] {dagbag.py:588} INFO - Filling up the DagBag from /home/airflow/.local/lib/python3.12/site-packages/airflow/example_dags/example_branch_labels.py
[2024-11-03T05:42:51.761+0000] {processor.py:925} INFO - DAG(s) 'example_branch_labels' retrieved from /home/airflow/.local/lib/python3.12/site-packages/airflow/example_dags/example_branch_labels.py
[2024-11-03T05:42:51.784+0000] {logging_mixin.py:190} INFO - [2024-11-03T05:42:51.784+0000] {dag.py:3239} INFO - Sync 1 DAGs
[2024-11-03T05:42:51.845+0000] {logging_mixin.py:190} INFO - [2024-11-03T05:42:51.844+0000] {dag.py:4180} INFO - Setting next_dagrun for example_branch_labels to 2024-11-02 00:00:00+00:00, run_after=2024-11-03 00:00:00+00:00
[2024-11-03T05:42:51.873+0000] {processor.py:208} INFO - Processing /home/airflow/.local/lib/python3.12/site-packages/airflow/example_dags/example_branch_labels.py took 0.133 seconds
[2024-11-03T05:43:22.567+0000] {processor.py:186} INFO - Started process (PID=8311) to work on /home/airflow/.local/lib/python3.12/site-packages/airflow/example_dags/example_branch_labels.py
[2024-11-03T05:43:22.568+0000] {processor.py:914} INFO - Processing file /home/airflow/.local/lib/python3.12/site-packages/airflow/example_dags/example_branch_labels.py for tasks to queue
[2024-11-03T05:43:22.570+0000] {logging_mixin.py:190} INFO - [2024-11-03T05:43:22.570+0000] {dagbag.py:588} INFO - Filling up the DagBag from /home/airflow/.local/lib/python3.12/site-packages/airflow/example_dags/example_branch_labels.py
[2024-11-03T05:43:22.580+0000] {processor.py:925} INFO - DAG(s) 'example_branch_labels' retrieved from /home/airflow/.local/lib/python3.12/site-packages/airflow/example_dags/example_branch_labels.py
[2024-11-03T05:43:22.614+0000] {logging_mixin.py:190} INFO - [2024-11-03T05:43:22.613+0000] {dag.py:3239} INFO - Sync 1 DAGs
[2024-11-03T05:43:22.642+0000] {logging_mixin.py:190} INFO - [2024-11-03T05:43:22.641+0000] {dag.py:4180} INFO - Setting next_dagrun for example_branch_labels to 2024-11-02 00:00:00+00:00, run_after=2024-11-03 00:00:00+00:00
[2024-11-03T05:43:22.668+0000] {processor.py:208} INFO - Processing /home/airflow/.local/lib/python3.12/site-packages/airflow/example_dags/example_branch_labels.py took 0.108 seconds
[2024-11-03T05:43:52.934+0000] {processor.py:186} INFO - Started process (PID=8602) to work on /home/airflow/.local/lib/python3.12/site-packages/airflow/example_dags/example_branch_labels.py
[2024-11-03T05:43:52.935+0000] {processor.py:914} INFO - Processing file /home/airflow/.local/lib/python3.12/site-packages/airflow/example_dags/example_branch_labels.py for tasks to queue
[2024-11-03T05:43:52.937+0000] {logging_mixin.py:190} INFO - [2024-11-03T05:43:52.937+0000] {dagbag.py:588} INFO - Filling up the DagBag from /home/airflow/.local/lib/python3.12/site-packages/airflow/example_dags/example_branch_labels.py
[2024-11-03T05:43:52.947+0000] {processor.py:925} INFO - DAG(s) 'example_branch_labels' retrieved from /home/airflow/.local/lib/python3.12/site-packages/airflow/example_dags/example_branch_labels.py
[2024-11-03T05:43:52.968+0000] {logging_mixin.py:190} INFO - [2024-11-03T05:43:52.968+0000] {dag.py:3239} INFO - Sync 1 DAGs
[2024-11-03T05:43:52.993+0000] {logging_mixin.py:190} INFO - [2024-11-03T05:43:52.993+0000] {dag.py:4180} INFO - Setting next_dagrun for example_branch_labels to 2024-11-02 00:00:00+00:00, run_after=2024-11-03 00:00:00+00:00
[2024-11-03T05:43:53.013+0000] {processor.py:208} INFO - Processing /home/airflow/.local/lib/python3.12/site-packages/airflow/example_dags/example_branch_labels.py took 0.085 seconds
[2024-11-03T05:44:23.460+0000] {processor.py:186} INFO - Started process (PID=8893) to work on /home/airflow/.local/lib/python3.12/site-packages/airflow/example_dags/example_branch_labels.py
[2024-11-03T05:44:23.461+0000] {processor.py:914} INFO - Processing file /home/airflow/.local/lib/python3.12/site-packages/airflow/example_dags/example_branch_labels.py for tasks to queue
[2024-11-03T05:44:23.464+0000] {logging_mixin.py:190} INFO - [2024-11-03T05:44:23.463+0000] {dagbag.py:588} INFO - Filling up the DagBag from /home/airflow/.local/lib/python3.12/site-packages/airflow/example_dags/example_branch_labels.py
[2024-11-03T05:44:23.473+0000] {processor.py:925} INFO - DAG(s) 'example_branch_labels' retrieved from /home/airflow/.local/lib/python3.12/site-packages/airflow/example_dags/example_branch_labels.py
[2024-11-03T05:44:23.494+0000] {logging_mixin.py:190} INFO - [2024-11-03T05:44:23.494+0000] {dag.py:3239} INFO - Sync 1 DAGs
[2024-11-03T05:44:23.518+0000] {logging_mixin.py:190} INFO - [2024-11-03T05:44:23.518+0000] {dag.py:4180} INFO - Setting next_dagrun for example_branch_labels to 2024-11-02 00:00:00+00:00, run_after=2024-11-03 00:00:00+00:00
[2024-11-03T05:44:23.539+0000] {processor.py:208} INFO - Processing /home/airflow/.local/lib/python3.12/site-packages/airflow/example_dags/example_branch_labels.py took 0.084 seconds
[2024-11-03T05:44:53.772+0000] {processor.py:186} INFO - Started process (PID=9184) to work on /home/airflow/.local/lib/python3.12/site-packages/airflow/example_dags/example_branch_labels.py
[2024-11-03T05:44:53.773+0000] {processor.py:914} INFO - Processing file /home/airflow/.local/lib/python3.12/site-packages/airflow/example_dags/example_branch_labels.py for tasks to queue
[2024-11-03T05:44:53.776+0000] {logging_mixin.py:190} INFO - [2024-11-03T05:44:53.775+0000] {dagbag.py:588} INFO - Filling up the DagBag from /home/airflow/.local/lib/python3.12/site-packages/airflow/example_dags/example_branch_labels.py
[2024-11-03T05:44:53.785+0000] {processor.py:925} INFO - DAG(s) 'example_branch_labels' retrieved from /home/airflow/.local/lib/python3.12/site-packages/airflow/example_dags/example_branch_labels.py
[2024-11-03T05:44:53.807+0000] {logging_mixin.py:190} INFO - [2024-11-03T05:44:53.806+0000] {dag.py:3239} INFO - Sync 1 DAGs
[2024-11-03T05:44:53.831+0000] {logging_mixin.py:190} INFO - [2024-11-03T05:44:53.831+0000] {dag.py:4180} INFO - Setting next_dagrun for example_branch_labels to 2024-11-02 00:00:00+00:00, run_after=2024-11-03 00:00:00+00:00
[2024-11-03T05:44:53.851+0000] {processor.py:208} INFO - Processing /home/airflow/.local/lib/python3.12/site-packages/airflow/example_dags/example_branch_labels.py took 0.085 seconds
[2024-11-03T05:45:24.048+0000] {processor.py:186} INFO - Started process (PID=9475) to work on /home/airflow/.local/lib/python3.12/site-packages/airflow/example_dags/example_branch_labels.py
[2024-11-03T05:45:24.049+0000] {processor.py:914} INFO - Processing file /home/airflow/.local/lib/python3.12/site-packages/airflow/example_dags/example_branch_labels.py for tasks to queue
[2024-11-03T05:45:24.051+0000] {logging_mixin.py:190} INFO - [2024-11-03T05:45:24.051+0000] {dagbag.py:588} INFO - Filling up the DagBag from /home/airflow/.local/lib/python3.12/site-packages/airflow/example_dags/example_branch_labels.py
[2024-11-03T05:45:24.061+0000] {processor.py:925} INFO - DAG(s) 'example_branch_labels' retrieved from /home/airflow/.local/lib/python3.12/site-packages/airflow/example_dags/example_branch_labels.py
[2024-11-03T05:45:24.082+0000] {logging_mixin.py:190} INFO - [2024-11-03T05:45:24.081+0000] {dag.py:3239} INFO - Sync 1 DAGs
[2024-11-03T05:45:24.106+0000] {logging_mixin.py:190} INFO - [2024-11-03T05:45:24.106+0000] {dag.py:4180} INFO - Setting next_dagrun for example_branch_labels to 2024-11-02 00:00:00+00:00, run_after=2024-11-03 00:00:00+00:00
[2024-11-03T05:45:24.127+0000] {processor.py:208} INFO - Processing /home/airflow/.local/lib/python3.12/site-packages/airflow/example_dags/example_branch_labels.py took 0.085 seconds
[2024-11-03T05:45:54.786+0000] {processor.py:186} INFO - Started process (PID=9766) to work on /home/airflow/.local/lib/python3.12/site-packages/airflow/example_dags/example_branch_labels.py
[2024-11-03T05:45:54.787+0000] {processor.py:914} INFO - Processing file /home/airflow/.local/lib/python3.12/site-packages/airflow/example_dags/example_branch_labels.py for tasks to queue
[2024-11-03T05:45:54.791+0000] {logging_mixin.py:190} INFO - [2024-11-03T05:45:54.790+0000] {dagbag.py:588} INFO - Filling up the DagBag from /home/airflow/.local/lib/python3.12/site-packages/airflow/example_dags/example_branch_labels.py
[2024-11-03T05:45:54.806+0000] {processor.py:925} INFO - DAG(s) 'example_branch_labels' retrieved from /home/airflow/.local/lib/python3.12/site-packages/airflow/example_dags/example_branch_labels.py
[2024-11-03T05:45:54.835+0000] {logging_mixin.py:190} INFO - [2024-11-03T05:45:54.835+0000] {dag.py:3239} INFO - Sync 1 DAGs
[2024-11-03T05:45:54.882+0000] {logging_mixin.py:190} INFO - [2024-11-03T05:45:54.881+0000] {dag.py:4180} INFO - Setting next_dagrun for example_branch_labels to 2024-11-02 00:00:00+00:00, run_after=2024-11-03 00:00:00+00:00
[2024-11-03T05:45:54.919+0000] {processor.py:208} INFO - Processing /home/airflow/.local/lib/python3.12/site-packages/airflow/example_dags/example_branch_labels.py took 0.142 seconds
[2024-11-03T05:46:25.625+0000] {processor.py:186} INFO - Started process (PID=10057) to work on /home/airflow/.local/lib/python3.12/site-packages/airflow/example_dags/example_branch_labels.py
[2024-11-03T05:46:25.626+0000] {processor.py:914} INFO - Processing file /home/airflow/.local/lib/python3.12/site-packages/airflow/example_dags/example_branch_labels.py for tasks to queue
[2024-11-03T05:46:25.628+0000] {logging_mixin.py:190} INFO - [2024-11-03T05:46:25.628+0000] {dagbag.py:588} INFO - Filling up the DagBag from /home/airflow/.local/lib/python3.12/site-packages/airflow/example_dags/example_branch_labels.py
[2024-11-03T05:46:25.638+0000] {processor.py:925} INFO - DAG(s) 'example_branch_labels' retrieved from /home/airflow/.local/lib/python3.12/site-packages/airflow/example_dags/example_branch_labels.py
[2024-11-03T05:46:25.659+0000] {logging_mixin.py:190} INFO - [2024-11-03T05:46:25.658+0000] {dag.py:3239} INFO - Sync 1 DAGs
[2024-11-03T05:46:25.684+0000] {logging_mixin.py:190} INFO - [2024-11-03T05:46:25.683+0000] {dag.py:4180} INFO - Setting next_dagrun for example_branch_labels to 2024-11-02 00:00:00+00:00, run_after=2024-11-03 00:00:00+00:00
[2024-11-03T05:46:25.705+0000] {processor.py:208} INFO - Processing /home/airflow/.local/lib/python3.12/site-packages/airflow/example_dags/example_branch_labels.py took 0.087 seconds
[2024-11-03T05:46:55.914+0000] {processor.py:186} INFO - Started process (PID=10348) to work on /home/airflow/.local/lib/python3.12/site-packages/airflow/example_dags/example_branch_labels.py
[2024-11-03T05:46:55.915+0000] {processor.py:914} INFO - Processing file /home/airflow/.local/lib/python3.12/site-packages/airflow/example_dags/example_branch_labels.py for tasks to queue
[2024-11-03T05:46:55.917+0000] {logging_mixin.py:190} INFO - [2024-11-03T05:46:55.917+0000] {dagbag.py:588} INFO - Filling up the DagBag from /home/airflow/.local/lib/python3.12/site-packages/airflow/example_dags/example_branch_labels.py
[2024-11-03T05:46:55.927+0000] {processor.py:925} INFO - DAG(s) 'example_branch_labels' retrieved from /home/airflow/.local/lib/python3.12/site-packages/airflow/example_dags/example_branch_labels.py
[2024-11-03T05:46:55.948+0000] {logging_mixin.py:190} INFO - [2024-11-03T05:46:55.948+0000] {dag.py:3239} INFO - Sync 1 DAGs
[2024-11-03T05:46:55.972+0000] {logging_mixin.py:190} INFO - [2024-11-03T05:46:55.972+0000] {dag.py:4180} INFO - Setting next_dagrun for example_branch_labels to 2024-11-02 00:00:00+00:00, run_after=2024-11-03 00:00:00+00:00
[2024-11-03T05:46:55.993+0000] {processor.py:208} INFO - Processing /home/airflow/.local/lib/python3.12/site-packages/airflow/example_dags/example_branch_labels.py took 0.085 seconds
[2024-11-03T05:47:26.269+0000] {processor.py:186} INFO - Started process (PID=10639) to work on /home/airflow/.local/lib/python3.12/site-packages/airflow/example_dags/example_branch_labels.py
[2024-11-03T05:47:26.271+0000] {processor.py:914} INFO - Processing file /home/airflow/.local/lib/python3.12/site-packages/airflow/example_dags/example_branch_labels.py for tasks to queue
[2024-11-03T05:47:26.274+0000] {logging_mixin.py:190} INFO - [2024-11-03T05:47:26.273+0000] {dagbag.py:588} INFO - Filling up the DagBag from /home/airflow/.local/lib/python3.12/site-packages/airflow/example_dags/example_branch_labels.py
[2024-11-03T05:47:26.295+0000] {processor.py:925} INFO - DAG(s) 'example_branch_labels' retrieved from /home/airflow/.local/lib/python3.12/site-packages/airflow/example_dags/example_branch_labels.py
[2024-11-03T05:47:26.324+0000] {logging_mixin.py:190} INFO - [2024-11-03T05:47:26.324+0000] {dag.py:3239} INFO - Sync 1 DAGs
[2024-11-03T05:47:26.363+0000] {logging_mixin.py:190} INFO - [2024-11-03T05:47:26.362+0000] {dag.py:4180} INFO - Setting next_dagrun for example_branch_labels to 2024-11-02 00:00:00+00:00, run_after=2024-11-03 00:00:00+00:00
[2024-11-03T05:47:26.385+0000] {processor.py:208} INFO - Processing /home/airflow/.local/lib/python3.12/site-packages/airflow/example_dags/example_branch_labels.py took 0.127 seconds
[2024-11-03T05:47:56.595+0000] {processor.py:186} INFO - Started process (PID=10930) to work on /home/airflow/.local/lib/python3.12/site-packages/airflow/example_dags/example_branch_labels.py
[2024-11-03T05:47:56.596+0000] {processor.py:914} INFO - Processing file /home/airflow/.local/lib/python3.12/site-packages/airflow/example_dags/example_branch_labels.py for tasks to queue
[2024-11-03T05:47:56.599+0000] {logging_mixin.py:190} INFO - [2024-11-03T05:47:56.598+0000] {dagbag.py:588} INFO - Filling up the DagBag from /home/airflow/.local/lib/python3.12/site-packages/airflow/example_dags/example_branch_labels.py
[2024-11-03T05:47:56.609+0000] {processor.py:925} INFO - DAG(s) 'example_branch_labels' retrieved from /home/airflow/.local/lib/python3.12/site-packages/airflow/example_dags/example_branch_labels.py
[2024-11-03T05:47:56.631+0000] {logging_mixin.py:190} INFO - [2024-11-03T05:47:56.631+0000] {dag.py:3239} INFO - Sync 1 DAGs
[2024-11-03T05:47:56.658+0000] {logging_mixin.py:190} INFO - [2024-11-03T05:47:56.658+0000] {dag.py:4180} INFO - Setting next_dagrun for example_branch_labels to 2024-11-02 00:00:00+00:00, run_after=2024-11-03 00:00:00+00:00
[2024-11-03T05:47:56.679+0000] {processor.py:208} INFO - Processing /home/airflow/.local/lib/python3.12/site-packages/airflow/example_dags/example_branch_labels.py took 0.090 seconds
[2024-11-03T05:48:26.860+0000] {processor.py:186} INFO - Started process (PID=11221) to work on /home/airflow/.local/lib/python3.12/site-packages/airflow/example_dags/example_branch_labels.py
[2024-11-03T05:48:26.861+0000] {processor.py:914} INFO - Processing file /home/airflow/.local/lib/python3.12/site-packages/airflow/example_dags/example_branch_labels.py for tasks to queue
[2024-11-03T05:48:26.864+0000] {logging_mixin.py:190} INFO - [2024-11-03T05:48:26.864+0000] {dagbag.py:588} INFO - Filling up the DagBag from /home/airflow/.local/lib/python3.12/site-packages/airflow/example_dags/example_branch_labels.py
[2024-11-03T05:48:26.875+0000] {processor.py:925} INFO - DAG(s) 'example_branch_labels' retrieved from /home/airflow/.local/lib/python3.12/site-packages/airflow/example_dags/example_branch_labels.py
[2024-11-03T05:48:26.897+0000] {logging_mixin.py:190} INFO - [2024-11-03T05:48:26.897+0000] {dag.py:3239} INFO - Sync 1 DAGs
[2024-11-03T05:48:26.925+0000] {logging_mixin.py:190} INFO - [2024-11-03T05:48:26.925+0000] {dag.py:4180} INFO - Setting next_dagrun for example_branch_labels to 2024-11-02 00:00:00+00:00, run_after=2024-11-03 00:00:00+00:00
[2024-11-03T05:48:26.947+0000] {processor.py:208} INFO - Processing /home/airflow/.local/lib/python3.12/site-packages/airflow/example_dags/example_branch_labels.py took 0.093 seconds
[2024-11-03T05:48:57.415+0000] {processor.py:186} INFO - Started process (PID=11512) to work on /home/airflow/.local/lib/python3.12/site-packages/airflow/example_dags/example_branch_labels.py
[2024-11-03T05:48:57.416+0000] {processor.py:914} INFO - Processing file /home/airflow/.local/lib/python3.12/site-packages/airflow/example_dags/example_branch_labels.py for tasks to queue
[2024-11-03T05:48:57.418+0000] {logging_mixin.py:190} INFO - [2024-11-03T05:48:57.418+0000] {dagbag.py:588} INFO - Filling up the DagBag from /home/airflow/.local/lib/python3.12/site-packages/airflow/example_dags/example_branch_labels.py
[2024-11-03T05:48:57.429+0000] {processor.py:925} INFO - DAG(s) 'example_branch_labels' retrieved from /home/airflow/.local/lib/python3.12/site-packages/airflow/example_dags/example_branch_labels.py
[2024-11-03T05:48:57.450+0000] {logging_mixin.py:190} INFO - [2024-11-03T05:48:57.450+0000] {dag.py:3239} INFO - Sync 1 DAGs
[2024-11-03T05:48:57.477+0000] {logging_mixin.py:190} INFO - [2024-11-03T05:48:57.476+0000] {dag.py:4180} INFO - Setting next_dagrun for example_branch_labels to 2024-11-02 00:00:00+00:00, run_after=2024-11-03 00:00:00+00:00
[2024-11-03T05:48:57.499+0000] {processor.py:208} INFO - Processing /home/airflow/.local/lib/python3.12/site-packages/airflow/example_dags/example_branch_labels.py took 0.090 seconds
[2024-11-03T05:49:27.866+0000] {processor.py:186} INFO - Started process (PID=11803) to work on /home/airflow/.local/lib/python3.12/site-packages/airflow/example_dags/example_branch_labels.py
[2024-11-03T05:49:27.868+0000] {processor.py:914} INFO - Processing file /home/airflow/.local/lib/python3.12/site-packages/airflow/example_dags/example_branch_labels.py for tasks to queue
[2024-11-03T05:49:27.870+0000] {logging_mixin.py:190} INFO - [2024-11-03T05:49:27.870+0000] {dagbag.py:588} INFO - Filling up the DagBag from /home/airflow/.local/lib/python3.12/site-packages/airflow/example_dags/example_branch_labels.py
[2024-11-03T05:49:27.880+0000] {processor.py:925} INFO - DAG(s) 'example_branch_labels' retrieved from /home/airflow/.local/lib/python3.12/site-packages/airflow/example_dags/example_branch_labels.py
[2024-11-03T05:49:27.904+0000] {logging_mixin.py:190} INFO - [2024-11-03T05:49:27.904+0000] {dag.py:3239} INFO - Sync 1 DAGs
[2024-11-03T05:49:27.937+0000] {logging_mixin.py:190} INFO - [2024-11-03T05:49:27.937+0000] {dag.py:4180} INFO - Setting next_dagrun for example_branch_labels to 2024-11-02 00:00:00+00:00, run_after=2024-11-03 00:00:00+00:00
[2024-11-03T05:49:27.968+0000] {processor.py:208} INFO - Processing /home/airflow/.local/lib/python3.12/site-packages/airflow/example_dags/example_branch_labels.py took 0.107 seconds
[2024-11-03T05:49:58.088+0000] {processor.py:186} INFO - Started process (PID=12094) to work on /home/airflow/.local/lib/python3.12/site-packages/airflow/example_dags/example_branch_labels.py
[2024-11-03T05:49:58.089+0000] {processor.py:914} INFO - Processing file /home/airflow/.local/lib/python3.12/site-packages/airflow/example_dags/example_branch_labels.py for tasks to queue
[2024-11-03T05:49:58.092+0000] {logging_mixin.py:190} INFO - [2024-11-03T05:49:58.092+0000] {dagbag.py:588} INFO - Filling up the DagBag from /home/airflow/.local/lib/python3.12/site-packages/airflow/example_dags/example_branch_labels.py
[2024-11-03T05:49:58.102+0000] {processor.py:925} INFO - DAG(s) 'example_branch_labels' retrieved from /home/airflow/.local/lib/python3.12/site-packages/airflow/example_dags/example_branch_labels.py
[2024-11-03T05:49:58.128+0000] {logging_mixin.py:190} INFO - [2024-11-03T05:49:58.128+0000] {dag.py:3239} INFO - Sync 1 DAGs
[2024-11-03T05:49:58.155+0000] {logging_mixin.py:190} INFO - [2024-11-03T05:49:58.154+0000] {dag.py:4180} INFO - Setting next_dagrun for example_branch_labels to 2024-11-02 00:00:00+00:00, run_after=2024-11-03 00:00:00+00:00
[2024-11-03T05:49:58.177+0000] {processor.py:208} INFO - Processing /home/airflow/.local/lib/python3.12/site-packages/airflow/example_dags/example_branch_labels.py took 0.095 seconds
[2024-11-03T05:50:28.548+0000] {processor.py:186} INFO - Started process (PID=12385) to work on /home/airflow/.local/lib/python3.12/site-packages/airflow/example_dags/example_branch_labels.py
[2024-11-03T05:50:28.549+0000] {processor.py:914} INFO - Processing file /home/airflow/.local/lib/python3.12/site-packages/airflow/example_dags/example_branch_labels.py for tasks to queue
[2024-11-03T05:50:28.551+0000] {logging_mixin.py:190} INFO - [2024-11-03T05:50:28.551+0000] {dagbag.py:588} INFO - Filling up the DagBag from /home/airflow/.local/lib/python3.12/site-packages/airflow/example_dags/example_branch_labels.py
[2024-11-03T05:50:28.563+0000] {processor.py:925} INFO - DAG(s) 'example_branch_labels' retrieved from /home/airflow/.local/lib/python3.12/site-packages/airflow/example_dags/example_branch_labels.py
[2024-11-03T05:50:28.586+0000] {logging_mixin.py:190} INFO - [2024-11-03T05:50:28.585+0000] {dag.py:3239} INFO - Sync 1 DAGs
[2024-11-03T05:50:28.612+0000] {logging_mixin.py:190} INFO - [2024-11-03T05:50:28.612+0000] {dag.py:4180} INFO - Setting next_dagrun for example_branch_labels to 2024-11-02 00:00:00+00:00, run_after=2024-11-03 00:00:00+00:00
[2024-11-03T05:50:28.641+0000] {processor.py:208} INFO - Processing /home/airflow/.local/lib/python3.12/site-packages/airflow/example_dags/example_branch_labels.py took 0.100 seconds
[2024-11-03T05:50:59.104+0000] {processor.py:186} INFO - Started process (PID=12676) to work on /home/airflow/.local/lib/python3.12/site-packages/airflow/example_dags/example_branch_labels.py
[2024-11-03T05:50:59.105+0000] {processor.py:914} INFO - Processing file /home/airflow/.local/lib/python3.12/site-packages/airflow/example_dags/example_branch_labels.py for tasks to queue
[2024-11-03T05:50:59.107+0000] {logging_mixin.py:190} INFO - [2024-11-03T05:50:59.107+0000] {dagbag.py:588} INFO - Filling up the DagBag from /home/airflow/.local/lib/python3.12/site-packages/airflow/example_dags/example_branch_labels.py
[2024-11-03T05:50:59.117+0000] {processor.py:925} INFO - DAG(s) 'example_branch_labels' retrieved from /home/airflow/.local/lib/python3.12/site-packages/airflow/example_dags/example_branch_labels.py
[2024-11-03T05:50:59.139+0000] {logging_mixin.py:190} INFO - [2024-11-03T05:50:59.139+0000] {dag.py:3239} INFO - Sync 1 DAGs
[2024-11-03T05:50:59.168+0000] {logging_mixin.py:190} INFO - [2024-11-03T05:50:59.167+0000] {dag.py:4180} INFO - Setting next_dagrun for example_branch_labels to 2024-11-02 00:00:00+00:00, run_after=2024-11-03 00:00:00+00:00
[2024-11-03T05:50:59.191+0000] {processor.py:208} INFO - Processing /home/airflow/.local/lib/python3.12/site-packages/airflow/example_dags/example_branch_labels.py took 0.093 seconds
[2024-11-03T05:52:55.833+0000] {processor.py:186} INFO - Started process (PID=434) to work on /home/airflow/.local/lib/python3.12/site-packages/airflow/example_dags/example_branch_labels.py
[2024-11-03T05:52:55.834+0000] {processor.py:914} INFO - Processing file /home/airflow/.local/lib/python3.12/site-packages/airflow/example_dags/example_branch_labels.py for tasks to queue
[2024-11-03T05:52:55.838+0000] {logging_mixin.py:190} INFO - [2024-11-03T05:52:55.838+0000] {dagbag.py:588} INFO - Filling up the DagBag from /home/airflow/.local/lib/python3.12/site-packages/airflow/example_dags/example_branch_labels.py
[2024-11-03T05:52:55.849+0000] {processor.py:925} INFO - DAG(s) 'example_branch_labels' retrieved from /home/airflow/.local/lib/python3.12/site-packages/airflow/example_dags/example_branch_labels.py
[2024-11-03T05:52:55.878+0000] {logging_mixin.py:190} INFO - [2024-11-03T05:52:55.878+0000] {dag.py:3239} INFO - Sync 1 DAGs
[2024-11-03T05:52:55.913+0000] {logging_mixin.py:190} INFO - [2024-11-03T05:52:55.913+0000] {dag.py:4180} INFO - Setting next_dagrun for example_branch_labels to 2024-11-02 00:00:00+00:00, run_after=2024-11-03 00:00:00+00:00
[2024-11-03T05:52:55.939+0000] {processor.py:208} INFO - Processing /home/airflow/.local/lib/python3.12/site-packages/airflow/example_dags/example_branch_labels.py took 0.115 seconds
[2024-11-03T05:53:26.507+0000] {processor.py:186} INFO - Started process (PID=725) to work on /home/airflow/.local/lib/python3.12/site-packages/airflow/example_dags/example_branch_labels.py
[2024-11-03T05:53:26.508+0000] {processor.py:914} INFO - Processing file /home/airflow/.local/lib/python3.12/site-packages/airflow/example_dags/example_branch_labels.py for tasks to queue
[2024-11-03T05:53:26.512+0000] {logging_mixin.py:190} INFO - [2024-11-03T05:53:26.512+0000] {dagbag.py:588} INFO - Filling up the DagBag from /home/airflow/.local/lib/python3.12/site-packages/airflow/example_dags/example_branch_labels.py
[2024-11-03T05:53:26.522+0000] {processor.py:925} INFO - DAG(s) 'example_branch_labels' retrieved from /home/airflow/.local/lib/python3.12/site-packages/airflow/example_dags/example_branch_labels.py
[2024-11-03T05:53:26.544+0000] {logging_mixin.py:190} INFO - [2024-11-03T05:53:26.543+0000] {dag.py:3239} INFO - Sync 1 DAGs
[2024-11-03T05:53:26.575+0000] {logging_mixin.py:190} INFO - [2024-11-03T05:53:26.575+0000] {dag.py:4180} INFO - Setting next_dagrun for example_branch_labels to 2024-11-02 00:00:00+00:00, run_after=2024-11-03 00:00:00+00:00
[2024-11-03T05:53:26.598+0000] {processor.py:208} INFO - Processing /home/airflow/.local/lib/python3.12/site-packages/airflow/example_dags/example_branch_labels.py took 0.099 seconds
[2024-11-03T05:53:56.741+0000] {processor.py:186} INFO - Started process (PID=1014) to work on /home/airflow/.local/lib/python3.12/site-packages/airflow/example_dags/example_branch_labels.py
[2024-11-03T05:53:56.742+0000] {processor.py:914} INFO - Processing file /home/airflow/.local/lib/python3.12/site-packages/airflow/example_dags/example_branch_labels.py for tasks to queue
[2024-11-03T05:53:56.744+0000] {logging_mixin.py:190} INFO - [2024-11-03T05:53:56.744+0000] {dagbag.py:588} INFO - Filling up the DagBag from /home/airflow/.local/lib/python3.12/site-packages/airflow/example_dags/example_branch_labels.py
[2024-11-03T05:53:56.753+0000] {processor.py:925} INFO - DAG(s) 'example_branch_labels' retrieved from /home/airflow/.local/lib/python3.12/site-packages/airflow/example_dags/example_branch_labels.py
[2024-11-03T05:53:56.774+0000] {logging_mixin.py:190} INFO - [2024-11-03T05:53:56.774+0000] {dag.py:3239} INFO - Sync 1 DAGs
[2024-11-03T05:53:56.800+0000] {logging_mixin.py:190} INFO - [2024-11-03T05:53:56.799+0000] {dag.py:4180} INFO - Setting next_dagrun for example_branch_labels to 2024-11-02 00:00:00+00:00, run_after=2024-11-03 00:00:00+00:00
[2024-11-03T05:53:56.821+0000] {processor.py:208} INFO - Processing /home/airflow/.local/lib/python3.12/site-packages/airflow/example_dags/example_branch_labels.py took 0.086 seconds
[2024-11-03T05:54:27.115+0000] {processor.py:186} INFO - Started process (PID=1305) to work on /home/airflow/.local/lib/python3.12/site-packages/airflow/example_dags/example_branch_labels.py
[2024-11-03T05:54:27.116+0000] {processor.py:914} INFO - Processing file /home/airflow/.local/lib/python3.12/site-packages/airflow/example_dags/example_branch_labels.py for tasks to queue
[2024-11-03T05:54:27.118+0000] {logging_mixin.py:190} INFO - [2024-11-03T05:54:27.118+0000] {dagbag.py:588} INFO - Filling up the DagBag from /home/airflow/.local/lib/python3.12/site-packages/airflow/example_dags/example_branch_labels.py
[2024-11-03T05:54:27.128+0000] {processor.py:925} INFO - DAG(s) 'example_branch_labels' retrieved from /home/airflow/.local/lib/python3.12/site-packages/airflow/example_dags/example_branch_labels.py
[2024-11-03T05:54:27.151+0000] {logging_mixin.py:190} INFO - [2024-11-03T05:54:27.151+0000] {dag.py:3239} INFO - Sync 1 DAGs
[2024-11-03T05:54:27.177+0000] {logging_mixin.py:190} INFO - [2024-11-03T05:54:27.176+0000] {dag.py:4180} INFO - Setting next_dagrun for example_branch_labels to 2024-11-02 00:00:00+00:00, run_after=2024-11-03 00:00:00+00:00
[2024-11-03T05:54:27.198+0000] {processor.py:208} INFO - Processing /home/airflow/.local/lib/python3.12/site-packages/airflow/example_dags/example_branch_labels.py took 0.088 seconds
[2024-11-03T05:54:58.042+0000] {processor.py:186} INFO - Started process (PID=1596) to work on /home/airflow/.local/lib/python3.12/site-packages/airflow/example_dags/example_branch_labels.py
[2024-11-03T05:54:58.043+0000] {processor.py:914} INFO - Processing file /home/airflow/.local/lib/python3.12/site-packages/airflow/example_dags/example_branch_labels.py for tasks to queue
[2024-11-03T05:54:58.045+0000] {logging_mixin.py:190} INFO - [2024-11-03T05:54:58.045+0000] {dagbag.py:588} INFO - Filling up the DagBag from /home/airflow/.local/lib/python3.12/site-packages/airflow/example_dags/example_branch_labels.py
[2024-11-03T05:54:58.055+0000] {processor.py:925} INFO - DAG(s) 'example_branch_labels' retrieved from /home/airflow/.local/lib/python3.12/site-packages/airflow/example_dags/example_branch_labels.py
[2024-11-03T05:54:58.079+0000] {logging_mixin.py:190} INFO - [2024-11-03T05:54:58.079+0000] {dag.py:3239} INFO - Sync 1 DAGs
[2024-11-03T05:54:58.106+0000] {logging_mixin.py:190} INFO - [2024-11-03T05:54:58.105+0000] {dag.py:4180} INFO - Setting next_dagrun for example_branch_labels to 2024-11-02 00:00:00+00:00, run_after=2024-11-03 00:00:00+00:00
[2024-11-03T05:54:58.127+0000] {processor.py:208} INFO - Processing /home/airflow/.local/lib/python3.12/site-packages/airflow/example_dags/example_branch_labels.py took 0.091 seconds
[2024-11-03T05:57:20.404+0000] {processor.py:186} INFO - Started process (PID=432) to work on /home/airflow/.local/lib/python3.12/site-packages/airflow/example_dags/example_branch_labels.py
[2024-11-03T05:57:20.405+0000] {processor.py:914} INFO - Processing file /home/airflow/.local/lib/python3.12/site-packages/airflow/example_dags/example_branch_labels.py for tasks to queue
[2024-11-03T05:57:20.409+0000] {logging_mixin.py:190} INFO - [2024-11-03T05:57:20.408+0000] {dagbag.py:588} INFO - Filling up the DagBag from /home/airflow/.local/lib/python3.12/site-packages/airflow/example_dags/example_branch_labels.py
[2024-11-03T05:57:20.426+0000] {processor.py:925} INFO - DAG(s) 'example_branch_labels' retrieved from /home/airflow/.local/lib/python3.12/site-packages/airflow/example_dags/example_branch_labels.py
[2024-11-03T05:57:20.464+0000] {logging_mixin.py:190} INFO - [2024-11-03T05:57:20.464+0000] {dag.py:3239} INFO - Sync 1 DAGs
[2024-11-03T05:57:20.496+0000] {logging_mixin.py:190} INFO - [2024-11-03T05:57:20.496+0000] {dag.py:4180} INFO - Setting next_dagrun for example_branch_labels to 2024-11-02 00:00:00+00:00, run_after=2024-11-03 00:00:00+00:00
[2024-11-03T05:57:20.519+0000] {processor.py:208} INFO - Processing /home/airflow/.local/lib/python3.12/site-packages/airflow/example_dags/example_branch_labels.py took 0.122 seconds
[2024-11-03T05:57:50.906+0000] {processor.py:186} INFO - Started process (PID=725) to work on /home/airflow/.local/lib/python3.12/site-packages/airflow/example_dags/example_branch_labels.py
[2024-11-03T05:57:50.907+0000] {processor.py:914} INFO - Processing file /home/airflow/.local/lib/python3.12/site-packages/airflow/example_dags/example_branch_labels.py for tasks to queue
[2024-11-03T05:57:50.909+0000] {logging_mixin.py:190} INFO - [2024-11-03T05:57:50.908+0000] {dagbag.py:588} INFO - Filling up the DagBag from /home/airflow/.local/lib/python3.12/site-packages/airflow/example_dags/example_branch_labels.py
[2024-11-03T05:57:50.919+0000] {processor.py:925} INFO - DAG(s) 'example_branch_labels' retrieved from /home/airflow/.local/lib/python3.12/site-packages/airflow/example_dags/example_branch_labels.py
[2024-11-03T05:57:50.940+0000] {logging_mixin.py:190} INFO - [2024-11-03T05:57:50.939+0000] {dag.py:3239} INFO - Sync 1 DAGs
[2024-11-03T05:57:50.967+0000] {logging_mixin.py:190} INFO - [2024-11-03T05:57:50.967+0000] {dag.py:4180} INFO - Setting next_dagrun for example_branch_labels to 2024-11-02 00:00:00+00:00, run_after=2024-11-03 00:00:00+00:00
[2024-11-03T05:57:50.995+0000] {processor.py:208} INFO - Processing /home/airflow/.local/lib/python3.12/site-packages/airflow/example_dags/example_branch_labels.py took 0.095 seconds
[2024-11-03T05:58:21.196+0000] {processor.py:186} INFO - Started process (PID=1016) to work on /home/airflow/.local/lib/python3.12/site-packages/airflow/example_dags/example_branch_labels.py
[2024-11-03T05:58:21.198+0000] {processor.py:914} INFO - Processing file /home/airflow/.local/lib/python3.12/site-packages/airflow/example_dags/example_branch_labels.py for tasks to queue
[2024-11-03T05:58:21.200+0000] {logging_mixin.py:190} INFO - [2024-11-03T05:58:21.200+0000] {dagbag.py:588} INFO - Filling up the DagBag from /home/airflow/.local/lib/python3.12/site-packages/airflow/example_dags/example_branch_labels.py
[2024-11-03T05:58:21.209+0000] {processor.py:925} INFO - DAG(s) 'example_branch_labels' retrieved from /home/airflow/.local/lib/python3.12/site-packages/airflow/example_dags/example_branch_labels.py
[2024-11-03T05:58:21.231+0000] {logging_mixin.py:190} INFO - [2024-11-03T05:58:21.231+0000] {dag.py:3239} INFO - Sync 1 DAGs
[2024-11-03T05:58:21.256+0000] {logging_mixin.py:190} INFO - [2024-11-03T05:58:21.256+0000] {dag.py:4180} INFO - Setting next_dagrun for example_branch_labels to 2024-11-02 00:00:00+00:00, run_after=2024-11-03 00:00:00+00:00
[2024-11-03T05:58:21.278+0000] {processor.py:208} INFO - Processing /home/airflow/.local/lib/python3.12/site-packages/airflow/example_dags/example_branch_labels.py took 0.087 seconds
[2024-11-03T05:58:52.190+0000] {processor.py:186} INFO - Started process (PID=1307) to work on /home/airflow/.local/lib/python3.12/site-packages/airflow/example_dags/example_branch_labels.py
[2024-11-03T05:58:52.191+0000] {processor.py:914} INFO - Processing file /home/airflow/.local/lib/python3.12/site-packages/airflow/example_dags/example_branch_labels.py for tasks to queue
[2024-11-03T05:58:52.193+0000] {logging_mixin.py:190} INFO - [2024-11-03T05:58:52.193+0000] {dagbag.py:588} INFO - Filling up the DagBag from /home/airflow/.local/lib/python3.12/site-packages/airflow/example_dags/example_branch_labels.py
[2024-11-03T05:58:52.203+0000] {processor.py:925} INFO - DAG(s) 'example_branch_labels' retrieved from /home/airflow/.local/lib/python3.12/site-packages/airflow/example_dags/example_branch_labels.py
[2024-11-03T05:58:52.223+0000] {logging_mixin.py:190} INFO - [2024-11-03T05:58:52.223+0000] {dag.py:3239} INFO - Sync 1 DAGs
[2024-11-03T05:58:52.249+0000] {logging_mixin.py:190} INFO - [2024-11-03T05:58:52.248+0000] {dag.py:4180} INFO - Setting next_dagrun for example_branch_labels to 2024-11-02 00:00:00+00:00, run_after=2024-11-03 00:00:00+00:00
[2024-11-03T05:58:52.270+0000] {processor.py:208} INFO - Processing /home/airflow/.local/lib/python3.12/site-packages/airflow/example_dags/example_branch_labels.py took 0.086 seconds
[2024-11-03T05:59:23.222+0000] {processor.py:186} INFO - Started process (PID=1598) to work on /home/airflow/.local/lib/python3.12/site-packages/airflow/example_dags/example_branch_labels.py
[2024-11-03T05:59:23.223+0000] {processor.py:914} INFO - Processing file /home/airflow/.local/lib/python3.12/site-packages/airflow/example_dags/example_branch_labels.py for tasks to queue
[2024-11-03T05:59:23.225+0000] {logging_mixin.py:190} INFO - [2024-11-03T05:59:23.225+0000] {dagbag.py:588} INFO - Filling up the DagBag from /home/airflow/.local/lib/python3.12/site-packages/airflow/example_dags/example_branch_labels.py
[2024-11-03T05:59:23.234+0000] {processor.py:925} INFO - DAG(s) 'example_branch_labels' retrieved from /home/airflow/.local/lib/python3.12/site-packages/airflow/example_dags/example_branch_labels.py
[2024-11-03T05:59:23.255+0000] {logging_mixin.py:190} INFO - [2024-11-03T05:59:23.255+0000] {dag.py:3239} INFO - Sync 1 DAGs
[2024-11-03T05:59:23.279+0000] {logging_mixin.py:190} INFO - [2024-11-03T05:59:23.278+0000] {dag.py:4180} INFO - Setting next_dagrun for example_branch_labels to 2024-11-02 00:00:00+00:00, run_after=2024-11-03 00:00:00+00:00
[2024-11-03T05:59:23.300+0000] {processor.py:208} INFO - Processing /home/airflow/.local/lib/python3.12/site-packages/airflow/example_dags/example_branch_labels.py took 0.084 seconds
[2024-11-03T05:59:53.586+0000] {processor.py:186} INFO - Started process (PID=1887) to work on /home/airflow/.local/lib/python3.12/site-packages/airflow/example_dags/example_branch_labels.py
[2024-11-03T05:59:53.587+0000] {processor.py:914} INFO - Processing file /home/airflow/.local/lib/python3.12/site-packages/airflow/example_dags/example_branch_labels.py for tasks to queue
[2024-11-03T05:59:53.590+0000] {logging_mixin.py:190} INFO - [2024-11-03T05:59:53.590+0000] {dagbag.py:588} INFO - Filling up the DagBag from /home/airflow/.local/lib/python3.12/site-packages/airflow/example_dags/example_branch_labels.py
[2024-11-03T05:59:53.601+0000] {processor.py:925} INFO - DAG(s) 'example_branch_labels' retrieved from /home/airflow/.local/lib/python3.12/site-packages/airflow/example_dags/example_branch_labels.py
[2024-11-03T05:59:53.628+0000] {logging_mixin.py:190} INFO - [2024-11-03T05:59:53.628+0000] {dag.py:3239} INFO - Sync 1 DAGs
[2024-11-03T05:59:53.668+0000] {logging_mixin.py:190} INFO - [2024-11-03T05:59:53.667+0000] {dag.py:4180} INFO - Setting next_dagrun for example_branch_labels to 2024-11-02 00:00:00+00:00, run_after=2024-11-03 00:00:00+00:00
[2024-11-03T05:59:53.700+0000] {processor.py:208} INFO - Processing /home/airflow/.local/lib/python3.12/site-packages/airflow/example_dags/example_branch_labels.py took 0.120 seconds
[2024-11-03T06:00:24.509+0000] {processor.py:186} INFO - Started process (PID=2180) to work on /home/airflow/.local/lib/python3.12/site-packages/airflow/example_dags/example_branch_labels.py
[2024-11-03T06:00:24.510+0000] {processor.py:914} INFO - Processing file /home/airflow/.local/lib/python3.12/site-packages/airflow/example_dags/example_branch_labels.py for tasks to queue
[2024-11-03T06:00:24.513+0000] {logging_mixin.py:190} INFO - [2024-11-03T06:00:24.512+0000] {dagbag.py:588} INFO - Filling up the DagBag from /home/airflow/.local/lib/python3.12/site-packages/airflow/example_dags/example_branch_labels.py
[2024-11-03T06:00:24.522+0000] {processor.py:925} INFO - DAG(s) 'example_branch_labels' retrieved from /home/airflow/.local/lib/python3.12/site-packages/airflow/example_dags/example_branch_labels.py
[2024-11-03T06:00:24.542+0000] {logging_mixin.py:190} INFO - [2024-11-03T06:00:24.542+0000] {dag.py:3239} INFO - Sync 1 DAGs
[2024-11-03T06:00:24.567+0000] {logging_mixin.py:190} INFO - [2024-11-03T06:00:24.567+0000] {dag.py:4180} INFO - Setting next_dagrun for example_branch_labels to 2024-11-02 00:00:00+00:00, run_after=2024-11-03 00:00:00+00:00
[2024-11-03T06:00:24.587+0000] {processor.py:208} INFO - Processing /home/airflow/.local/lib/python3.12/site-packages/airflow/example_dags/example_branch_labels.py took 0.084 seconds
[2024-11-03T06:07:03.205+0000] {processor.py:186} INFO - Started process (PID=450) to work on /home/airflow/.local/lib/python3.12/site-packages/airflow/example_dags/example_branch_labels.py
[2024-11-03T06:07:03.207+0000] {processor.py:914} INFO - Processing file /home/airflow/.local/lib/python3.12/site-packages/airflow/example_dags/example_branch_labels.py for tasks to queue
[2024-11-03T06:07:03.211+0000] {logging_mixin.py:190} INFO - [2024-11-03T06:07:03.211+0000] {dagbag.py:588} INFO - Filling up the DagBag from /home/airflow/.local/lib/python3.12/site-packages/airflow/example_dags/example_branch_labels.py
[2024-11-03T06:07:03.225+0000] {processor.py:925} INFO - DAG(s) 'example_branch_labels' retrieved from /home/airflow/.local/lib/python3.12/site-packages/airflow/example_dags/example_branch_labels.py
[2024-11-03T06:07:03.356+0000] {logging_mixin.py:190} INFO - [2024-11-03T06:07:03.355+0000] {override.py:1900} INFO - Created Permission View: can edit on DAG:example_branch_labels
[2024-11-03T06:07:03.371+0000] {logging_mixin.py:190} INFO - [2024-11-03T06:07:03.370+0000] {override.py:1900} INFO - Created Permission View: can read on DAG:example_branch_labels
[2024-11-03T06:07:03.381+0000] {logging_mixin.py:190} INFO - [2024-11-03T06:07:03.381+0000] {override.py:1900} INFO - Created Permission View: can delete on DAG:example_branch_labels
[2024-11-03T06:07:03.403+0000] {logging_mixin.py:190} INFO - [2024-11-03T06:07:03.402+0000] {override.py:1900} INFO - Created Permission View: can create on DAG Run:example_branch_labels
[2024-11-03T06:07:03.419+0000] {logging_mixin.py:190} INFO - [2024-11-03T06:07:03.418+0000] {override.py:1900} INFO - Created Permission View: menu access on DAG Run:example_branch_labels
[2024-11-03T06:07:03.434+0000] {logging_mixin.py:190} INFO - [2024-11-03T06:07:03.433+0000] {override.py:1900} INFO - Created Permission View: can read on DAG Run:example_branch_labels
[2024-11-03T06:07:03.445+0000] {logging_mixin.py:190} INFO - [2024-11-03T06:07:03.444+0000] {override.py:1900} INFO - Created Permission View: can delete on DAG Run:example_branch_labels
[2024-11-03T06:07:03.446+0000] {logging_mixin.py:190} INFO - [2024-11-03T06:07:03.445+0000] {dag.py:3239} INFO - Sync 1 DAGs
[2024-11-03T06:07:03.467+0000] {logging_mixin.py:190} INFO - [2024-11-03T06:07:03.467+0000] {dag.py:3262} INFO - Creating ORM DAG for example_branch_labels
[2024-11-03T06:07:03.483+0000] {logging_mixin.py:190} INFO - [2024-11-03T06:07:03.482+0000] {dag.py:4180} INFO - Setting next_dagrun for example_branch_labels to 2024-11-02 00:00:00+00:00, run_after=2024-11-03 00:00:00+00:00
[2024-11-03T06:07:03.523+0000] {processor.py:208} INFO - Processing /home/airflow/.local/lib/python3.12/site-packages/airflow/example_dags/example_branch_labels.py took 0.329 seconds
[2024-11-03T06:07:34.824+0000] {processor.py:186} INFO - Started process (PID=743) to work on /home/airflow/.local/lib/python3.12/site-packages/airflow/example_dags/example_branch_labels.py
[2024-11-03T06:07:34.825+0000] {processor.py:914} INFO - Processing file /home/airflow/.local/lib/python3.12/site-packages/airflow/example_dags/example_branch_labels.py for tasks to queue
[2024-11-03T06:07:34.827+0000] {logging_mixin.py:190} INFO - [2024-11-03T06:07:34.826+0000] {dagbag.py:588} INFO - Filling up the DagBag from /home/airflow/.local/lib/python3.12/site-packages/airflow/example_dags/example_branch_labels.py
[2024-11-03T06:07:34.838+0000] {processor.py:925} INFO - DAG(s) 'example_branch_labels' retrieved from /home/airflow/.local/lib/python3.12/site-packages/airflow/example_dags/example_branch_labels.py
[2024-11-03T06:07:34.863+0000] {logging_mixin.py:190} INFO - [2024-11-03T06:07:34.863+0000] {dag.py:3239} INFO - Sync 1 DAGs
[2024-11-03T06:07:34.888+0000] {logging_mixin.py:190} INFO - [2024-11-03T06:07:34.888+0000] {dag.py:4180} INFO - Setting next_dagrun for example_branch_labels to 2024-11-02 00:00:00+00:00, run_after=2024-11-03 00:00:00+00:00
[2024-11-03T06:07:35.104+0000] {processor.py:208} INFO - Processing /home/airflow/.local/lib/python3.12/site-packages/airflow/example_dags/example_branch_labels.py took 0.286 seconds
[2024-11-03T06:10:52.974+0000] {processor.py:186} INFO - Started process (PID=445) to work on /home/airflow/.local/lib/python3.12/site-packages/airflow/example_dags/example_branch_labels.py
[2024-11-03T06:10:52.976+0000] {processor.py:914} INFO - Processing file /home/airflow/.local/lib/python3.12/site-packages/airflow/example_dags/example_branch_labels.py for tasks to queue
[2024-11-03T06:10:52.979+0000] {logging_mixin.py:190} INFO - [2024-11-03T06:10:52.979+0000] {dagbag.py:588} INFO - Filling up the DagBag from /home/airflow/.local/lib/python3.12/site-packages/airflow/example_dags/example_branch_labels.py
[2024-11-03T06:10:52.994+0000] {processor.py:925} INFO - DAG(s) 'example_branch_labels' retrieved from /home/airflow/.local/lib/python3.12/site-packages/airflow/example_dags/example_branch_labels.py
[2024-11-03T06:10:53.023+0000] {logging_mixin.py:190} INFO - [2024-11-03T06:10:53.023+0000] {dag.py:3239} INFO - Sync 1 DAGs
[2024-11-03T06:10:53.063+0000] {logging_mixin.py:190} INFO - [2024-11-03T06:10:53.062+0000] {dag.py:4180} INFO - Setting next_dagrun for example_branch_labels to 2024-11-02 00:00:00+00:00, run_after=2024-11-03 00:00:00+00:00
[2024-11-03T06:10:53.093+0000] {processor.py:208} INFO - Processing /home/airflow/.local/lib/python3.12/site-packages/airflow/example_dags/example_branch_labels.py took 0.128 seconds
[2024-11-03T06:11:23.525+0000] {processor.py:186} INFO - Started process (PID=736) to work on /home/airflow/.local/lib/python3.12/site-packages/airflow/example_dags/example_branch_labels.py
[2024-11-03T06:11:23.526+0000] {processor.py:914} INFO - Processing file /home/airflow/.local/lib/python3.12/site-packages/airflow/example_dags/example_branch_labels.py for tasks to queue
[2024-11-03T06:11:23.529+0000] {logging_mixin.py:190} INFO - [2024-11-03T06:11:23.528+0000] {dagbag.py:588} INFO - Filling up the DagBag from /home/airflow/.local/lib/python3.12/site-packages/airflow/example_dags/example_branch_labels.py
[2024-11-03T06:11:23.541+0000] {processor.py:925} INFO - DAG(s) 'example_branch_labels' retrieved from /home/airflow/.local/lib/python3.12/site-packages/airflow/example_dags/example_branch_labels.py
[2024-11-03T06:11:23.566+0000] {logging_mixin.py:190} INFO - [2024-11-03T06:11:23.566+0000] {dag.py:3239} INFO - Sync 1 DAGs
[2024-11-03T06:11:23.597+0000] {logging_mixin.py:190} INFO - [2024-11-03T06:11:23.597+0000] {dag.py:4180} INFO - Setting next_dagrun for example_branch_labels to 2024-11-02 00:00:00+00:00, run_after=2024-11-03 00:00:00+00:00
[2024-11-03T06:11:23.620+0000] {processor.py:208} INFO - Processing /home/airflow/.local/lib/python3.12/site-packages/airflow/example_dags/example_branch_labels.py took 0.102 seconds
[2024-11-03T06:11:54.172+0000] {processor.py:186} INFO - Started process (PID=1027) to work on /home/airflow/.local/lib/python3.12/site-packages/airflow/example_dags/example_branch_labels.py
[2024-11-03T06:11:54.173+0000] {processor.py:914} INFO - Processing file /home/airflow/.local/lib/python3.12/site-packages/airflow/example_dags/example_branch_labels.py for tasks to queue
[2024-11-03T06:11:54.176+0000] {logging_mixin.py:190} INFO - [2024-11-03T06:11:54.176+0000] {dagbag.py:588} INFO - Filling up the DagBag from /home/airflow/.local/lib/python3.12/site-packages/airflow/example_dags/example_branch_labels.py
[2024-11-03T06:11:54.187+0000] {processor.py:925} INFO - DAG(s) 'example_branch_labels' retrieved from /home/airflow/.local/lib/python3.12/site-packages/airflow/example_dags/example_branch_labels.py
[2024-11-03T06:11:54.211+0000] {logging_mixin.py:190} INFO - [2024-11-03T06:11:54.211+0000] {dag.py:3239} INFO - Sync 1 DAGs
[2024-11-03T06:11:54.237+0000] {logging_mixin.py:190} INFO - [2024-11-03T06:11:54.237+0000] {dag.py:4180} INFO - Setting next_dagrun for example_branch_labels to 2024-11-02 00:00:00+00:00, run_after=2024-11-03 00:00:00+00:00
[2024-11-03T06:11:54.273+0000] {processor.py:208} INFO - Processing /home/airflow/.local/lib/python3.12/site-packages/airflow/example_dags/example_branch_labels.py took 0.107 seconds
[2024-11-03T06:12:25.109+0000] {processor.py:186} INFO - Started process (PID=1319) to work on /home/airflow/.local/lib/python3.12/site-packages/airflow/example_dags/example_branch_labels.py
[2024-11-03T06:12:25.110+0000] {processor.py:914} INFO - Processing file /home/airflow/.local/lib/python3.12/site-packages/airflow/example_dags/example_branch_labels.py for tasks to queue
[2024-11-03T06:12:25.112+0000] {logging_mixin.py:190} INFO - [2024-11-03T06:12:25.112+0000] {dagbag.py:588} INFO - Filling up the DagBag from /home/airflow/.local/lib/python3.12/site-packages/airflow/example_dags/example_branch_labels.py
[2024-11-03T06:12:25.123+0000] {processor.py:925} INFO - DAG(s) 'example_branch_labels' retrieved from /home/airflow/.local/lib/python3.12/site-packages/airflow/example_dags/example_branch_labels.py
[2024-11-03T06:12:25.147+0000] {logging_mixin.py:190} INFO - [2024-11-03T06:12:25.146+0000] {dag.py:3239} INFO - Sync 1 DAGs
[2024-11-03T06:12:25.183+0000] {logging_mixin.py:190} INFO - [2024-11-03T06:12:25.182+0000] {dag.py:4180} INFO - Setting next_dagrun for example_branch_labels to 2024-11-02 00:00:00+00:00, run_after=2024-11-03 00:00:00+00:00
[2024-11-03T06:12:25.208+0000] {processor.py:208} INFO - Processing /home/airflow/.local/lib/python3.12/site-packages/airflow/example_dags/example_branch_labels.py took 0.105 seconds
[2024-11-03T06:12:55.853+0000] {processor.py:186} INFO - Started process (PID=1611) to work on /home/airflow/.local/lib/python3.12/site-packages/airflow/example_dags/example_branch_labels.py
[2024-11-03T06:12:55.855+0000] {processor.py:914} INFO - Processing file /home/airflow/.local/lib/python3.12/site-packages/airflow/example_dags/example_branch_labels.py for tasks to queue
[2024-11-03T06:12:55.857+0000] {logging_mixin.py:190} INFO - [2024-11-03T06:12:55.857+0000] {dagbag.py:588} INFO - Filling up the DagBag from /home/airflow/.local/lib/python3.12/site-packages/airflow/example_dags/example_branch_labels.py
[2024-11-03T06:12:55.873+0000] {processor.py:925} INFO - DAG(s) 'example_branch_labels' retrieved from /home/airflow/.local/lib/python3.12/site-packages/airflow/example_dags/example_branch_labels.py
[2024-11-03T06:12:55.896+0000] {logging_mixin.py:190} INFO - [2024-11-03T06:12:55.895+0000] {dag.py:3239} INFO - Sync 1 DAGs
[2024-11-03T06:12:55.923+0000] {logging_mixin.py:190} INFO - [2024-11-03T06:12:55.922+0000] {dag.py:4180} INFO - Setting next_dagrun for example_branch_labels to 2024-11-02 00:00:00+00:00, run_after=2024-11-03 00:00:00+00:00
[2024-11-03T06:12:55.944+0000] {processor.py:208} INFO - Processing /home/airflow/.local/lib/python3.12/site-packages/airflow/example_dags/example_branch_labels.py took 0.098 seconds
[2024-11-03T06:13:26.153+0000] {processor.py:186} INFO - Started process (PID=1902) to work on /home/airflow/.local/lib/python3.12/site-packages/airflow/example_dags/example_branch_labels.py
[2024-11-03T06:13:26.154+0000] {processor.py:914} INFO - Processing file /home/airflow/.local/lib/python3.12/site-packages/airflow/example_dags/example_branch_labels.py for tasks to queue
[2024-11-03T06:13:26.157+0000] {logging_mixin.py:190} INFO - [2024-11-03T06:13:26.157+0000] {dagbag.py:588} INFO - Filling up the DagBag from /home/airflow/.local/lib/python3.12/site-packages/airflow/example_dags/example_branch_labels.py
[2024-11-03T06:13:26.168+0000] {processor.py:925} INFO - DAG(s) 'example_branch_labels' retrieved from /home/airflow/.local/lib/python3.12/site-packages/airflow/example_dags/example_branch_labels.py
[2024-11-03T06:13:26.190+0000] {logging_mixin.py:190} INFO - [2024-11-03T06:13:26.190+0000] {dag.py:3239} INFO - Sync 1 DAGs
[2024-11-03T06:13:26.214+0000] {logging_mixin.py:190} INFO - [2024-11-03T06:13:26.214+0000] {dag.py:4180} INFO - Setting next_dagrun for example_branch_labels to 2024-11-02 00:00:00+00:00, run_after=2024-11-03 00:00:00+00:00
[2024-11-03T06:13:26.236+0000] {processor.py:208} INFO - Processing /home/airflow/.local/lib/python3.12/site-packages/airflow/example_dags/example_branch_labels.py took 0.091 seconds
[2024-11-03T06:13:57.223+0000] {processor.py:186} INFO - Started process (PID=2191) to work on /home/airflow/.local/lib/python3.12/site-packages/airflow/example_dags/example_branch_labels.py
[2024-11-03T06:13:57.224+0000] {processor.py:914} INFO - Processing file /home/airflow/.local/lib/python3.12/site-packages/airflow/example_dags/example_branch_labels.py for tasks to queue
[2024-11-03T06:13:57.227+0000] {logging_mixin.py:190} INFO - [2024-11-03T06:13:57.226+0000] {dagbag.py:588} INFO - Filling up the DagBag from /home/airflow/.local/lib/python3.12/site-packages/airflow/example_dags/example_branch_labels.py
[2024-11-03T06:13:57.238+0000] {processor.py:925} INFO - DAG(s) 'example_branch_labels' retrieved from /home/airflow/.local/lib/python3.12/site-packages/airflow/example_dags/example_branch_labels.py
[2024-11-03T06:13:57.267+0000] {logging_mixin.py:190} INFO - [2024-11-03T06:13:57.266+0000] {dag.py:3239} INFO - Sync 1 DAGs
[2024-11-03T06:13:57.303+0000] {logging_mixin.py:190} INFO - [2024-11-03T06:13:57.303+0000] {dag.py:4180} INFO - Setting next_dagrun for example_branch_labels to 2024-11-02 00:00:00+00:00, run_after=2024-11-03 00:00:00+00:00
[2024-11-03T06:13:57.333+0000] {processor.py:208} INFO - Processing /home/airflow/.local/lib/python3.12/site-packages/airflow/example_dags/example_branch_labels.py took 0.116 seconds
[2024-11-03T06:14:27.629+0000] {processor.py:186} INFO - Started process (PID=2482) to work on /home/airflow/.local/lib/python3.12/site-packages/airflow/example_dags/example_branch_labels.py
[2024-11-03T06:14:27.630+0000] {processor.py:914} INFO - Processing file /home/airflow/.local/lib/python3.12/site-packages/airflow/example_dags/example_branch_labels.py for tasks to queue
[2024-11-03T06:14:27.632+0000] {logging_mixin.py:190} INFO - [2024-11-03T06:14:27.632+0000] {dagbag.py:588} INFO - Filling up the DagBag from /home/airflow/.local/lib/python3.12/site-packages/airflow/example_dags/example_branch_labels.py
[2024-11-03T06:14:27.642+0000] {processor.py:925} INFO - DAG(s) 'example_branch_labels' retrieved from /home/airflow/.local/lib/python3.12/site-packages/airflow/example_dags/example_branch_labels.py
[2024-11-03T06:14:27.663+0000] {logging_mixin.py:190} INFO - [2024-11-03T06:14:27.663+0000] {dag.py:3239} INFO - Sync 1 DAGs
[2024-11-03T06:14:27.691+0000] {logging_mixin.py:190} INFO - [2024-11-03T06:14:27.690+0000] {dag.py:4180} INFO - Setting next_dagrun for example_branch_labels to 2024-11-02 00:00:00+00:00, run_after=2024-11-03 00:00:00+00:00
[2024-11-03T06:14:27.713+0000] {processor.py:208} INFO - Processing /home/airflow/.local/lib/python3.12/site-packages/airflow/example_dags/example_branch_labels.py took 0.091 seconds
