[2024-11-03T05:29:38.169+0000] {processor.py:186} INFO - Started process (PID=456) to work on /home/airflow/.local/lib/python3.12/site-packages/airflow/example_dags/example_display_name.py
[2024-11-03T05:29:38.171+0000] {processor.py:914} INFO - Processing file /home/airflow/.local/lib/python3.12/site-packages/airflow/example_dags/example_display_name.py for tasks to queue
[2024-11-03T05:29:38.176+0000] {logging_mixin.py:190} INFO - [2024-11-03T05:29:38.176+0000] {dagbag.py:588} INFO - Filling up the DagBag from /home/airflow/.local/lib/python3.12/site-packages/airflow/example_dags/example_display_name.py
[2024-11-03T05:29:38.188+0000] {processor.py:925} INFO - DAG(s) 'example_display_name' retrieved from /home/airflow/.local/lib/python3.12/site-packages/airflow/example_dags/example_display_name.py
[2024-11-03T05:29:38.394+0000] {logging_mixin.py:190} INFO - [2024-11-03T05:29:38.393+0000] {override.py:1900} INFO - Created Permission View: can delete on DAG:example_display_name
[2024-11-03T05:29:38.412+0000] {logging_mixin.py:190} INFO - [2024-11-03T05:29:38.412+0000] {override.py:1900} INFO - Created Permission View: can edit on DAG:example_display_name
[2024-11-03T05:29:38.428+0000] {logging_mixin.py:190} INFO - [2024-11-03T05:29:38.427+0000] {override.py:1900} INFO - Created Permission View: can read on DAG:example_display_name
[2024-11-03T05:29:38.444+0000] {logging_mixin.py:190} INFO - [2024-11-03T05:29:38.443+0000] {override.py:1900} INFO - Created Permission View: can delete on DAG Run:example_display_name
[2024-11-03T05:29:38.458+0000] {logging_mixin.py:190} INFO - [2024-11-03T05:29:38.457+0000] {override.py:1900} INFO - Created Permission View: menu access on DAG Run:example_display_name
[2024-11-03T05:29:38.471+0000] {logging_mixin.py:190} INFO - [2024-11-03T05:29:38.471+0000] {override.py:1900} INFO - Created Permission View: can create on DAG Run:example_display_name
[2024-11-03T05:29:38.485+0000] {logging_mixin.py:190} INFO - [2024-11-03T05:29:38.485+0000] {override.py:1900} INFO - Created Permission View: can read on DAG Run:example_display_name
[2024-11-03T05:29:38.487+0000] {logging_mixin.py:190} INFO - [2024-11-03T05:29:38.486+0000] {dag.py:3239} INFO - Sync 1 DAGs
[2024-11-03T05:29:38.516+0000] {logging_mixin.py:190} INFO - [2024-11-03T05:29:38.516+0000] {dag.py:3262} INFO - Creating ORM DAG for example_display_name
[2024-11-03T05:29:38.518+0000] {logging_mixin.py:190} INFO - [2024-11-03T05:29:38.517+0000] {dag.py:4180} INFO - Setting next_dagrun for example_display_name to None, run_after=None
[2024-11-03T05:29:38.553+0000] {processor.py:208} INFO - Processing /home/airflow/.local/lib/python3.12/site-packages/airflow/example_dags/example_display_name.py took 0.397 seconds
[2024-11-03T05:30:08.989+0000] {processor.py:186} INFO - Started process (PID=747) to work on /home/airflow/.local/lib/python3.12/site-packages/airflow/example_dags/example_display_name.py
[2024-11-03T05:30:08.990+0000] {processor.py:914} INFO - Processing file /home/airflow/.local/lib/python3.12/site-packages/airflow/example_dags/example_display_name.py for tasks to queue
[2024-11-03T05:30:08.994+0000] {logging_mixin.py:190} INFO - [2024-11-03T05:30:08.993+0000] {dagbag.py:588} INFO - Filling up the DagBag from /home/airflow/.local/lib/python3.12/site-packages/airflow/example_dags/example_display_name.py
[2024-11-03T05:30:09.005+0000] {processor.py:925} INFO - DAG(s) 'example_display_name' retrieved from /home/airflow/.local/lib/python3.12/site-packages/airflow/example_dags/example_display_name.py
[2024-11-03T05:30:09.032+0000] {logging_mixin.py:190} INFO - [2024-11-03T05:30:09.031+0000] {dag.py:3239} INFO - Sync 1 DAGs
[2024-11-03T05:30:09.055+0000] {logging_mixin.py:190} INFO - [2024-11-03T05:30:09.054+0000] {dag.py:4180} INFO - Setting next_dagrun for example_display_name to None, run_after=None
[2024-11-03T05:30:09.087+0000] {processor.py:208} INFO - Processing /home/airflow/.local/lib/python3.12/site-packages/airflow/example_dags/example_display_name.py took 0.107 seconds
[2024-11-03T05:30:39.576+0000] {processor.py:186} INFO - Started process (PID=1038) to work on /home/airflow/.local/lib/python3.12/site-packages/airflow/example_dags/example_display_name.py
[2024-11-03T05:30:39.577+0000] {processor.py:914} INFO - Processing file /home/airflow/.local/lib/python3.12/site-packages/airflow/example_dags/example_display_name.py for tasks to queue
[2024-11-03T05:30:39.579+0000] {logging_mixin.py:190} INFO - [2024-11-03T05:30:39.579+0000] {dagbag.py:588} INFO - Filling up the DagBag from /home/airflow/.local/lib/python3.12/site-packages/airflow/example_dags/example_display_name.py
[2024-11-03T05:30:39.588+0000] {processor.py:925} INFO - DAG(s) 'example_display_name' retrieved from /home/airflow/.local/lib/python3.12/site-packages/airflow/example_dags/example_display_name.py
[2024-11-03T05:30:39.608+0000] {logging_mixin.py:190} INFO - [2024-11-03T05:30:39.608+0000] {dag.py:3239} INFO - Sync 1 DAGs
[2024-11-03T05:30:39.626+0000] {logging_mixin.py:190} INFO - [2024-11-03T05:30:39.625+0000] {dag.py:4180} INFO - Setting next_dagrun for example_display_name to None, run_after=None
[2024-11-03T05:30:39.650+0000] {processor.py:208} INFO - Processing /home/airflow/.local/lib/python3.12/site-packages/airflow/example_dags/example_display_name.py took 0.082 seconds
[2024-11-03T05:31:10.196+0000] {processor.py:186} INFO - Started process (PID=1329) to work on /home/airflow/.local/lib/python3.12/site-packages/airflow/example_dags/example_display_name.py
[2024-11-03T05:31:10.197+0000] {processor.py:914} INFO - Processing file /home/airflow/.local/lib/python3.12/site-packages/airflow/example_dags/example_display_name.py for tasks to queue
[2024-11-03T05:31:10.200+0000] {logging_mixin.py:190} INFO - [2024-11-03T05:31:10.199+0000] {dagbag.py:588} INFO - Filling up the DagBag from /home/airflow/.local/lib/python3.12/site-packages/airflow/example_dags/example_display_name.py
[2024-11-03T05:31:10.209+0000] {processor.py:925} INFO - DAG(s) 'example_display_name' retrieved from /home/airflow/.local/lib/python3.12/site-packages/airflow/example_dags/example_display_name.py
[2024-11-03T05:31:10.230+0000] {logging_mixin.py:190} INFO - [2024-11-03T05:31:10.229+0000] {dag.py:3239} INFO - Sync 1 DAGs
[2024-11-03T05:31:10.249+0000] {logging_mixin.py:190} INFO - [2024-11-03T05:31:10.249+0000] {dag.py:4180} INFO - Setting next_dagrun for example_display_name to None, run_after=None
[2024-11-03T05:31:10.273+0000] {processor.py:208} INFO - Processing /home/airflow/.local/lib/python3.12/site-packages/airflow/example_dags/example_display_name.py took 0.083 seconds
[2024-11-03T05:31:40.960+0000] {processor.py:186} INFO - Started process (PID=1620) to work on /home/airflow/.local/lib/python3.12/site-packages/airflow/example_dags/example_display_name.py
[2024-11-03T05:31:40.962+0000] {processor.py:914} INFO - Processing file /home/airflow/.local/lib/python3.12/site-packages/airflow/example_dags/example_display_name.py for tasks to queue
[2024-11-03T05:31:40.968+0000] {logging_mixin.py:190} INFO - [2024-11-03T05:31:40.967+0000] {dagbag.py:588} INFO - Filling up the DagBag from /home/airflow/.local/lib/python3.12/site-packages/airflow/example_dags/example_display_name.py
[2024-11-03T05:31:40.979+0000] {processor.py:925} INFO - DAG(s) 'example_display_name' retrieved from /home/airflow/.local/lib/python3.12/site-packages/airflow/example_dags/example_display_name.py
[2024-11-03T05:31:41.001+0000] {logging_mixin.py:190} INFO - [2024-11-03T05:31:41.000+0000] {dag.py:3239} INFO - Sync 1 DAGs
[2024-11-03T05:31:41.020+0000] {logging_mixin.py:190} INFO - [2024-11-03T05:31:41.020+0000] {dag.py:4180} INFO - Setting next_dagrun for example_display_name to None, run_after=None
[2024-11-03T05:31:41.049+0000] {processor.py:208} INFO - Processing /home/airflow/.local/lib/python3.12/site-packages/airflow/example_dags/example_display_name.py took 0.098 seconds
[2024-11-03T05:32:11.632+0000] {processor.py:186} INFO - Started process (PID=1911) to work on /home/airflow/.local/lib/python3.12/site-packages/airflow/example_dags/example_display_name.py
[2024-11-03T05:32:11.633+0000] {processor.py:914} INFO - Processing file /home/airflow/.local/lib/python3.12/site-packages/airflow/example_dags/example_display_name.py for tasks to queue
[2024-11-03T05:32:11.639+0000] {logging_mixin.py:190} INFO - [2024-11-03T05:32:11.638+0000] {dagbag.py:588} INFO - Filling up the DagBag from /home/airflow/.local/lib/python3.12/site-packages/airflow/example_dags/example_display_name.py
[2024-11-03T05:32:11.648+0000] {processor.py:925} INFO - DAG(s) 'example_display_name' retrieved from /home/airflow/.local/lib/python3.12/site-packages/airflow/example_dags/example_display_name.py
[2024-11-03T05:32:11.672+0000] {logging_mixin.py:190} INFO - [2024-11-03T05:32:11.671+0000] {dag.py:3239} INFO - Sync 1 DAGs
[2024-11-03T05:32:11.690+0000] {logging_mixin.py:190} INFO - [2024-11-03T05:32:11.689+0000] {dag.py:4180} INFO - Setting next_dagrun for example_display_name to None, run_after=None
[2024-11-03T05:32:11.718+0000] {processor.py:208} INFO - Processing /home/airflow/.local/lib/python3.12/site-packages/airflow/example_dags/example_display_name.py took 0.094 seconds
[2024-11-03T05:32:41.814+0000] {processor.py:186} INFO - Started process (PID=2202) to work on /home/airflow/.local/lib/python3.12/site-packages/airflow/example_dags/example_display_name.py
[2024-11-03T05:32:41.816+0000] {processor.py:914} INFO - Processing file /home/airflow/.local/lib/python3.12/site-packages/airflow/example_dags/example_display_name.py for tasks to queue
[2024-11-03T05:32:41.818+0000] {logging_mixin.py:190} INFO - [2024-11-03T05:32:41.818+0000] {dagbag.py:588} INFO - Filling up the DagBag from /home/airflow/.local/lib/python3.12/site-packages/airflow/example_dags/example_display_name.py
[2024-11-03T05:32:41.827+0000] {processor.py:925} INFO - DAG(s) 'example_display_name' retrieved from /home/airflow/.local/lib/python3.12/site-packages/airflow/example_dags/example_display_name.py
[2024-11-03T05:32:41.849+0000] {logging_mixin.py:190} INFO - [2024-11-03T05:32:41.849+0000] {dag.py:3239} INFO - Sync 1 DAGs
[2024-11-03T05:32:41.867+0000] {logging_mixin.py:190} INFO - [2024-11-03T05:32:41.867+0000] {dag.py:4180} INFO - Setting next_dagrun for example_display_name to None, run_after=None
[2024-11-03T05:32:41.896+0000] {processor.py:208} INFO - Processing /home/airflow/.local/lib/python3.12/site-packages/airflow/example_dags/example_display_name.py took 0.088 seconds
[2024-11-03T05:33:12.474+0000] {processor.py:186} INFO - Started process (PID=2494) to work on /home/airflow/.local/lib/python3.12/site-packages/airflow/example_dags/example_display_name.py
[2024-11-03T05:33:12.476+0000] {processor.py:914} INFO - Processing file /home/airflow/.local/lib/python3.12/site-packages/airflow/example_dags/example_display_name.py for tasks to queue
[2024-11-03T05:33:12.479+0000] {logging_mixin.py:190} INFO - [2024-11-03T05:33:12.479+0000] {dagbag.py:588} INFO - Filling up the DagBag from /home/airflow/.local/lib/python3.12/site-packages/airflow/example_dags/example_display_name.py
[2024-11-03T05:33:12.493+0000] {processor.py:925} INFO - DAG(s) 'example_display_name' retrieved from /home/airflow/.local/lib/python3.12/site-packages/airflow/example_dags/example_display_name.py
[2024-11-03T05:33:12.530+0000] {logging_mixin.py:190} INFO - [2024-11-03T05:33:12.529+0000] {dag.py:3239} INFO - Sync 1 DAGs
[2024-11-03T05:33:12.562+0000] {logging_mixin.py:190} INFO - [2024-11-03T05:33:12.562+0000] {dag.py:4180} INFO - Setting next_dagrun for example_display_name to None, run_after=None
[2024-11-03T05:33:12.604+0000] {processor.py:208} INFO - Processing /home/airflow/.local/lib/python3.12/site-packages/airflow/example_dags/example_display_name.py took 0.143 seconds
[2024-11-03T05:33:43.332+0000] {processor.py:186} INFO - Started process (PID=2785) to work on /home/airflow/.local/lib/python3.12/site-packages/airflow/example_dags/example_display_name.py
[2024-11-03T05:33:43.333+0000] {processor.py:914} INFO - Processing file /home/airflow/.local/lib/python3.12/site-packages/airflow/example_dags/example_display_name.py for tasks to queue
[2024-11-03T05:33:43.336+0000] {logging_mixin.py:190} INFO - [2024-11-03T05:33:43.335+0000] {dagbag.py:588} INFO - Filling up the DagBag from /home/airflow/.local/lib/python3.12/site-packages/airflow/example_dags/example_display_name.py
[2024-11-03T05:33:43.347+0000] {processor.py:925} INFO - DAG(s) 'example_display_name' retrieved from /home/airflow/.local/lib/python3.12/site-packages/airflow/example_dags/example_display_name.py
[2024-11-03T05:33:43.373+0000] {logging_mixin.py:190} INFO - [2024-11-03T05:33:43.372+0000] {dag.py:3239} INFO - Sync 1 DAGs
[2024-11-03T05:33:43.392+0000] {logging_mixin.py:190} INFO - [2024-11-03T05:33:43.392+0000] {dag.py:4180} INFO - Setting next_dagrun for example_display_name to None, run_after=None
[2024-11-03T05:33:43.420+0000] {processor.py:208} INFO - Processing /home/airflow/.local/lib/python3.12/site-packages/airflow/example_dags/example_display_name.py took 0.098 seconds
[2024-11-03T05:34:13.768+0000] {processor.py:186} INFO - Started process (PID=3078) to work on /home/airflow/.local/lib/python3.12/site-packages/airflow/example_dags/example_display_name.py
[2024-11-03T05:34:13.769+0000] {processor.py:914} INFO - Processing file /home/airflow/.local/lib/python3.12/site-packages/airflow/example_dags/example_display_name.py for tasks to queue
[2024-11-03T05:34:13.771+0000] {logging_mixin.py:190} INFO - [2024-11-03T05:34:13.771+0000] {dagbag.py:588} INFO - Filling up the DagBag from /home/airflow/.local/lib/python3.12/site-packages/airflow/example_dags/example_display_name.py
[2024-11-03T05:34:13.778+0000] {processor.py:925} INFO - DAG(s) 'example_display_name' retrieved from /home/airflow/.local/lib/python3.12/site-packages/airflow/example_dags/example_display_name.py
[2024-11-03T05:34:13.798+0000] {logging_mixin.py:190} INFO - [2024-11-03T05:34:13.798+0000] {dag.py:3239} INFO - Sync 1 DAGs
[2024-11-03T05:34:13.813+0000] {logging_mixin.py:190} INFO - [2024-11-03T05:34:13.813+0000] {dag.py:4180} INFO - Setting next_dagrun for example_display_name to None, run_after=None
[2024-11-03T05:34:13.834+0000] {processor.py:208} INFO - Processing /home/airflow/.local/lib/python3.12/site-packages/airflow/example_dags/example_display_name.py took 0.072 seconds
[2024-11-03T05:34:44.572+0000] {processor.py:186} INFO - Started process (PID=3367) to work on /home/airflow/.local/lib/python3.12/site-packages/airflow/example_dags/example_display_name.py
[2024-11-03T05:34:44.573+0000] {processor.py:914} INFO - Processing file /home/airflow/.local/lib/python3.12/site-packages/airflow/example_dags/example_display_name.py for tasks to queue
[2024-11-03T05:34:44.575+0000] {logging_mixin.py:190} INFO - [2024-11-03T05:34:44.575+0000] {dagbag.py:588} INFO - Filling up the DagBag from /home/airflow/.local/lib/python3.12/site-packages/airflow/example_dags/example_display_name.py
[2024-11-03T05:34:44.583+0000] {processor.py:925} INFO - DAG(s) 'example_display_name' retrieved from /home/airflow/.local/lib/python3.12/site-packages/airflow/example_dags/example_display_name.py
[2024-11-03T05:34:44.604+0000] {logging_mixin.py:190} INFO - [2024-11-03T05:34:44.604+0000] {dag.py:3239} INFO - Sync 1 DAGs
[2024-11-03T05:34:44.620+0000] {logging_mixin.py:190} INFO - [2024-11-03T05:34:44.620+0000] {dag.py:4180} INFO - Setting next_dagrun for example_display_name to None, run_after=None
[2024-11-03T05:34:44.643+0000] {processor.py:208} INFO - Processing /home/airflow/.local/lib/python3.12/site-packages/airflow/example_dags/example_display_name.py took 0.078 seconds
[2024-11-03T05:35:15.284+0000] {processor.py:186} INFO - Started process (PID=3658) to work on /home/airflow/.local/lib/python3.12/site-packages/airflow/example_dags/example_display_name.py
[2024-11-03T05:35:15.285+0000] {processor.py:914} INFO - Processing file /home/airflow/.local/lib/python3.12/site-packages/airflow/example_dags/example_display_name.py for tasks to queue
[2024-11-03T05:35:15.288+0000] {logging_mixin.py:190} INFO - [2024-11-03T05:35:15.287+0000] {dagbag.py:588} INFO - Filling up the DagBag from /home/airflow/.local/lib/python3.12/site-packages/airflow/example_dags/example_display_name.py
[2024-11-03T05:35:15.296+0000] {processor.py:925} INFO - DAG(s) 'example_display_name' retrieved from /home/airflow/.local/lib/python3.12/site-packages/airflow/example_dags/example_display_name.py
[2024-11-03T05:35:15.316+0000] {logging_mixin.py:190} INFO - [2024-11-03T05:35:15.315+0000] {dag.py:3239} INFO - Sync 1 DAGs
[2024-11-03T05:35:15.331+0000] {logging_mixin.py:190} INFO - [2024-11-03T05:35:15.331+0000] {dag.py:4180} INFO - Setting next_dagrun for example_display_name to None, run_after=None
[2024-11-03T05:35:15.353+0000] {processor.py:208} INFO - Processing /home/airflow/.local/lib/python3.12/site-packages/airflow/example_dags/example_display_name.py took 0.075 seconds
[2024-11-03T05:35:45.907+0000] {processor.py:186} INFO - Started process (PID=3951) to work on /home/airflow/.local/lib/python3.12/site-packages/airflow/example_dags/example_display_name.py
[2024-11-03T05:35:45.909+0000] {processor.py:914} INFO - Processing file /home/airflow/.local/lib/python3.12/site-packages/airflow/example_dags/example_display_name.py for tasks to queue
[2024-11-03T05:35:45.912+0000] {logging_mixin.py:190} INFO - [2024-11-03T05:35:45.912+0000] {dagbag.py:588} INFO - Filling up the DagBag from /home/airflow/.local/lib/python3.12/site-packages/airflow/example_dags/example_display_name.py
[2024-11-03T05:35:45.919+0000] {processor.py:925} INFO - DAG(s) 'example_display_name' retrieved from /home/airflow/.local/lib/python3.12/site-packages/airflow/example_dags/example_display_name.py
[2024-11-03T05:35:45.941+0000] {logging_mixin.py:190} INFO - [2024-11-03T05:35:45.941+0000] {dag.py:3239} INFO - Sync 1 DAGs
[2024-11-03T05:35:45.957+0000] {logging_mixin.py:190} INFO - [2024-11-03T05:35:45.957+0000] {dag.py:4180} INFO - Setting next_dagrun for example_display_name to None, run_after=None
[2024-11-03T05:35:45.982+0000] {processor.py:208} INFO - Processing /home/airflow/.local/lib/python3.12/site-packages/airflow/example_dags/example_display_name.py took 0.081 seconds
[2024-11-03T05:36:16.698+0000] {processor.py:186} INFO - Started process (PID=4240) to work on /home/airflow/.local/lib/python3.12/site-packages/airflow/example_dags/example_display_name.py
[2024-11-03T05:36:16.699+0000] {processor.py:914} INFO - Processing file /home/airflow/.local/lib/python3.12/site-packages/airflow/example_dags/example_display_name.py for tasks to queue
[2024-11-03T05:36:16.701+0000] {logging_mixin.py:190} INFO - [2024-11-03T05:36:16.701+0000] {dagbag.py:588} INFO - Filling up the DagBag from /home/airflow/.local/lib/python3.12/site-packages/airflow/example_dags/example_display_name.py
[2024-11-03T05:36:16.708+0000] {processor.py:925} INFO - DAG(s) 'example_display_name' retrieved from /home/airflow/.local/lib/python3.12/site-packages/airflow/example_dags/example_display_name.py
[2024-11-03T05:36:16.731+0000] {logging_mixin.py:190} INFO - [2024-11-03T05:36:16.731+0000] {dag.py:3239} INFO - Sync 1 DAGs
[2024-11-03T05:36:16.747+0000] {logging_mixin.py:190} INFO - [2024-11-03T05:36:16.747+0000] {dag.py:4180} INFO - Setting next_dagrun for example_display_name to None, run_after=None
[2024-11-03T05:36:16.773+0000] {processor.py:208} INFO - Processing /home/airflow/.local/lib/python3.12/site-packages/airflow/example_dags/example_display_name.py took 0.081 seconds
[2024-11-03T05:36:46.955+0000] {processor.py:186} INFO - Started process (PID=4528) to work on /home/airflow/.local/lib/python3.12/site-packages/airflow/example_dags/example_display_name.py
[2024-11-03T05:36:46.957+0000] {processor.py:914} INFO - Processing file /home/airflow/.local/lib/python3.12/site-packages/airflow/example_dags/example_display_name.py for tasks to queue
[2024-11-03T05:36:46.959+0000] {logging_mixin.py:190} INFO - [2024-11-03T05:36:46.959+0000] {dagbag.py:588} INFO - Filling up the DagBag from /home/airflow/.local/lib/python3.12/site-packages/airflow/example_dags/example_display_name.py
[2024-11-03T05:36:46.966+0000] {processor.py:925} INFO - DAG(s) 'example_display_name' retrieved from /home/airflow/.local/lib/python3.12/site-packages/airflow/example_dags/example_display_name.py
[2024-11-03T05:36:46.985+0000] {logging_mixin.py:190} INFO - [2024-11-03T05:36:46.985+0000] {dag.py:3239} INFO - Sync 1 DAGs
[2024-11-03T05:36:47.002+0000] {logging_mixin.py:190} INFO - [2024-11-03T05:36:47.002+0000] {dag.py:4180} INFO - Setting next_dagrun for example_display_name to None, run_after=None
[2024-11-03T05:36:47.025+0000] {processor.py:208} INFO - Processing /home/airflow/.local/lib/python3.12/site-packages/airflow/example_dags/example_display_name.py took 0.075 seconds
[2024-11-03T05:37:17.216+0000] {processor.py:186} INFO - Started process (PID=4819) to work on /home/airflow/.local/lib/python3.12/site-packages/airflow/example_dags/example_display_name.py
[2024-11-03T05:37:17.218+0000] {processor.py:914} INFO - Processing file /home/airflow/.local/lib/python3.12/site-packages/airflow/example_dags/example_display_name.py for tasks to queue
[2024-11-03T05:37:17.223+0000] {logging_mixin.py:190} INFO - [2024-11-03T05:37:17.222+0000] {dagbag.py:588} INFO - Filling up the DagBag from /home/airflow/.local/lib/python3.12/site-packages/airflow/example_dags/example_display_name.py
[2024-11-03T05:37:17.235+0000] {processor.py:925} INFO - DAG(s) 'example_display_name' retrieved from /home/airflow/.local/lib/python3.12/site-packages/airflow/example_dags/example_display_name.py
[2024-11-03T05:37:17.263+0000] {logging_mixin.py:190} INFO - [2024-11-03T05:37:17.263+0000] {dag.py:3239} INFO - Sync 1 DAGs
[2024-11-03T05:37:17.294+0000] {logging_mixin.py:190} INFO - [2024-11-03T05:37:17.294+0000] {dag.py:4180} INFO - Setting next_dagrun for example_display_name to None, run_after=None
[2024-11-03T05:37:17.328+0000] {processor.py:208} INFO - Processing /home/airflow/.local/lib/python3.12/site-packages/airflow/example_dags/example_display_name.py took 0.124 seconds
[2024-11-03T05:37:47.758+0000] {processor.py:186} INFO - Started process (PID=5110) to work on /home/airflow/.local/lib/python3.12/site-packages/airflow/example_dags/example_display_name.py
[2024-11-03T05:37:47.759+0000] {processor.py:914} INFO - Processing file /home/airflow/.local/lib/python3.12/site-packages/airflow/example_dags/example_display_name.py for tasks to queue
[2024-11-03T05:37:47.762+0000] {logging_mixin.py:190} INFO - [2024-11-03T05:37:47.762+0000] {dagbag.py:588} INFO - Filling up the DagBag from /home/airflow/.local/lib/python3.12/site-packages/airflow/example_dags/example_display_name.py
[2024-11-03T05:37:47.769+0000] {processor.py:925} INFO - DAG(s) 'example_display_name' retrieved from /home/airflow/.local/lib/python3.12/site-packages/airflow/example_dags/example_display_name.py
[2024-11-03T05:37:47.789+0000] {logging_mixin.py:190} INFO - [2024-11-03T05:37:47.789+0000] {dag.py:3239} INFO - Sync 1 DAGs
[2024-11-03T05:37:47.805+0000] {logging_mixin.py:190} INFO - [2024-11-03T05:37:47.804+0000] {dag.py:4180} INFO - Setting next_dagrun for example_display_name to None, run_after=None
[2024-11-03T05:37:47.827+0000] {processor.py:208} INFO - Processing /home/airflow/.local/lib/python3.12/site-packages/airflow/example_dags/example_display_name.py took 0.075 seconds
[2024-11-03T05:38:18.517+0000] {processor.py:186} INFO - Started process (PID=5410) to work on /home/airflow/.local/lib/python3.12/site-packages/airflow/example_dags/example_display_name.py
[2024-11-03T05:38:18.518+0000] {processor.py:914} INFO - Processing file /home/airflow/.local/lib/python3.12/site-packages/airflow/example_dags/example_display_name.py for tasks to queue
[2024-11-03T05:38:18.521+0000] {logging_mixin.py:190} INFO - [2024-11-03T05:38:18.520+0000] {dagbag.py:588} INFO - Filling up the DagBag from /home/airflow/.local/lib/python3.12/site-packages/airflow/example_dags/example_display_name.py
[2024-11-03T05:38:18.528+0000] {processor.py:925} INFO - DAG(s) 'example_display_name' retrieved from /home/airflow/.local/lib/python3.12/site-packages/airflow/example_dags/example_display_name.py
[2024-11-03T05:38:18.547+0000] {logging_mixin.py:190} INFO - [2024-11-03T05:38:18.547+0000] {dag.py:3239} INFO - Sync 1 DAGs
[2024-11-03T05:38:18.566+0000] {logging_mixin.py:190} INFO - [2024-11-03T05:38:18.566+0000] {dag.py:4180} INFO - Setting next_dagrun for example_display_name to None, run_after=None
[2024-11-03T05:38:18.588+0000] {processor.py:208} INFO - Processing /home/airflow/.local/lib/python3.12/site-packages/airflow/example_dags/example_display_name.py took 0.077 seconds
[2024-11-03T05:38:48.780+0000] {processor.py:186} INFO - Started process (PID=5698) to work on /home/airflow/.local/lib/python3.12/site-packages/airflow/example_dags/example_display_name.py
[2024-11-03T05:38:48.781+0000] {processor.py:914} INFO - Processing file /home/airflow/.local/lib/python3.12/site-packages/airflow/example_dags/example_display_name.py for tasks to queue
[2024-11-03T05:38:48.784+0000] {logging_mixin.py:190} INFO - [2024-11-03T05:38:48.783+0000] {dagbag.py:588} INFO - Filling up the DagBag from /home/airflow/.local/lib/python3.12/site-packages/airflow/example_dags/example_display_name.py
[2024-11-03T05:38:48.793+0000] {processor.py:925} INFO - DAG(s) 'example_display_name' retrieved from /home/airflow/.local/lib/python3.12/site-packages/airflow/example_dags/example_display_name.py
[2024-11-03T05:38:48.816+0000] {logging_mixin.py:190} INFO - [2024-11-03T05:38:48.816+0000] {dag.py:3239} INFO - Sync 1 DAGs
[2024-11-03T05:38:48.836+0000] {logging_mixin.py:190} INFO - [2024-11-03T05:38:48.836+0000] {dag.py:4180} INFO - Setting next_dagrun for example_display_name to None, run_after=None
[2024-11-03T05:38:48.863+0000] {processor.py:208} INFO - Processing /home/airflow/.local/lib/python3.12/site-packages/airflow/example_dags/example_display_name.py took 0.091 seconds
[2024-11-03T05:39:19.209+0000] {processor.py:186} INFO - Started process (PID=5989) to work on /home/airflow/.local/lib/python3.12/site-packages/airflow/example_dags/example_display_name.py
[2024-11-03T05:39:19.210+0000] {processor.py:914} INFO - Processing file /home/airflow/.local/lib/python3.12/site-packages/airflow/example_dags/example_display_name.py for tasks to queue
[2024-11-03T05:39:19.213+0000] {logging_mixin.py:190} INFO - [2024-11-03T05:39:19.212+0000] {dagbag.py:588} INFO - Filling up the DagBag from /home/airflow/.local/lib/python3.12/site-packages/airflow/example_dags/example_display_name.py
[2024-11-03T05:39:19.220+0000] {processor.py:925} INFO - DAG(s) 'example_display_name' retrieved from /home/airflow/.local/lib/python3.12/site-packages/airflow/example_dags/example_display_name.py
[2024-11-03T05:39:19.241+0000] {logging_mixin.py:190} INFO - [2024-11-03T05:39:19.241+0000] {dag.py:3239} INFO - Sync 1 DAGs
[2024-11-03T05:39:19.258+0000] {logging_mixin.py:190} INFO - [2024-11-03T05:39:19.258+0000] {dag.py:4180} INFO - Setting next_dagrun for example_display_name to None, run_after=None
[2024-11-03T05:39:19.281+0000] {processor.py:208} INFO - Processing /home/airflow/.local/lib/python3.12/site-packages/airflow/example_dags/example_display_name.py took 0.078 seconds
[2024-11-03T05:39:49.789+0000] {processor.py:186} INFO - Started process (PID=6283) to work on /home/airflow/.local/lib/python3.12/site-packages/airflow/example_dags/example_display_name.py
[2024-11-03T05:39:49.790+0000] {processor.py:914} INFO - Processing file /home/airflow/.local/lib/python3.12/site-packages/airflow/example_dags/example_display_name.py for tasks to queue
[2024-11-03T05:39:49.793+0000] {logging_mixin.py:190} INFO - [2024-11-03T05:39:49.792+0000] {dagbag.py:588} INFO - Filling up the DagBag from /home/airflow/.local/lib/python3.12/site-packages/airflow/example_dags/example_display_name.py
[2024-11-03T05:39:49.801+0000] {processor.py:925} INFO - DAG(s) 'example_display_name' retrieved from /home/airflow/.local/lib/python3.12/site-packages/airflow/example_dags/example_display_name.py
[2024-11-03T05:39:49.823+0000] {logging_mixin.py:190} INFO - [2024-11-03T05:39:49.822+0000] {dag.py:3239} INFO - Sync 1 DAGs
[2024-11-03T05:39:49.839+0000] {logging_mixin.py:190} INFO - [2024-11-03T05:39:49.838+0000] {dag.py:4180} INFO - Setting next_dagrun for example_display_name to None, run_after=None
[2024-11-03T05:39:49.874+0000] {processor.py:208} INFO - Processing /home/airflow/.local/lib/python3.12/site-packages/airflow/example_dags/example_display_name.py took 0.092 seconds
[2024-11-03T05:40:20.093+0000] {processor.py:186} INFO - Started process (PID=6571) to work on /home/airflow/.local/lib/python3.12/site-packages/airflow/example_dags/example_display_name.py
[2024-11-03T05:40:20.094+0000] {processor.py:914} INFO - Processing file /home/airflow/.local/lib/python3.12/site-packages/airflow/example_dags/example_display_name.py for tasks to queue
[2024-11-03T05:40:20.097+0000] {logging_mixin.py:190} INFO - [2024-11-03T05:40:20.097+0000] {dagbag.py:588} INFO - Filling up the DagBag from /home/airflow/.local/lib/python3.12/site-packages/airflow/example_dags/example_display_name.py
[2024-11-03T05:40:20.104+0000] {processor.py:925} INFO - DAG(s) 'example_display_name' retrieved from /home/airflow/.local/lib/python3.12/site-packages/airflow/example_dags/example_display_name.py
[2024-11-03T05:40:20.123+0000] {logging_mixin.py:190} INFO - [2024-11-03T05:40:20.123+0000] {dag.py:3239} INFO - Sync 1 DAGs
[2024-11-03T05:40:20.140+0000] {logging_mixin.py:190} INFO - [2024-11-03T05:40:20.140+0000] {dag.py:4180} INFO - Setting next_dagrun for example_display_name to None, run_after=None
[2024-11-03T05:40:20.165+0000] {processor.py:208} INFO - Processing /home/airflow/.local/lib/python3.12/site-packages/airflow/example_dags/example_display_name.py took 0.078 seconds
[2024-11-03T05:40:50.703+0000] {processor.py:186} INFO - Started process (PID=6865) to work on /home/airflow/.local/lib/python3.12/site-packages/airflow/example_dags/example_display_name.py
[2024-11-03T05:40:50.704+0000] {processor.py:914} INFO - Processing file /home/airflow/.local/lib/python3.12/site-packages/airflow/example_dags/example_display_name.py for tasks to queue
[2024-11-03T05:40:50.707+0000] {logging_mixin.py:190} INFO - [2024-11-03T05:40:50.706+0000] {dagbag.py:588} INFO - Filling up the DagBag from /home/airflow/.local/lib/python3.12/site-packages/airflow/example_dags/example_display_name.py
[2024-11-03T05:40:50.718+0000] {processor.py:925} INFO - DAG(s) 'example_display_name' retrieved from /home/airflow/.local/lib/python3.12/site-packages/airflow/example_dags/example_display_name.py
[2024-11-03T05:40:50.743+0000] {logging_mixin.py:190} INFO - [2024-11-03T05:40:50.743+0000] {dag.py:3239} INFO - Sync 1 DAGs
[2024-11-03T05:40:50.764+0000] {logging_mixin.py:190} INFO - [2024-11-03T05:40:50.764+0000] {dag.py:4180} INFO - Setting next_dagrun for example_display_name to None, run_after=None
[2024-11-03T05:40:50.793+0000] {processor.py:208} INFO - Processing /home/airflow/.local/lib/python3.12/site-packages/airflow/example_dags/example_display_name.py took 0.098 seconds
[2024-11-03T05:41:21.490+0000] {processor.py:186} INFO - Started process (PID=7156) to work on /home/airflow/.local/lib/python3.12/site-packages/airflow/example_dags/example_display_name.py
[2024-11-03T05:41:21.491+0000] {processor.py:914} INFO - Processing file /home/airflow/.local/lib/python3.12/site-packages/airflow/example_dags/example_display_name.py for tasks to queue
[2024-11-03T05:41:21.494+0000] {logging_mixin.py:190} INFO - [2024-11-03T05:41:21.493+0000] {dagbag.py:588} INFO - Filling up the DagBag from /home/airflow/.local/lib/python3.12/site-packages/airflow/example_dags/example_display_name.py
[2024-11-03T05:41:21.505+0000] {processor.py:925} INFO - DAG(s) 'example_display_name' retrieved from /home/airflow/.local/lib/python3.12/site-packages/airflow/example_dags/example_display_name.py
[2024-11-03T05:41:21.527+0000] {logging_mixin.py:190} INFO - [2024-11-03T05:41:21.527+0000] {dag.py:3239} INFO - Sync 1 DAGs
[2024-11-03T05:41:21.549+0000] {logging_mixin.py:190} INFO - [2024-11-03T05:41:21.549+0000] {dag.py:4180} INFO - Setting next_dagrun for example_display_name to None, run_after=None
[2024-11-03T05:41:21.578+0000] {processor.py:208} INFO - Processing /home/airflow/.local/lib/python3.12/site-packages/airflow/example_dags/example_display_name.py took 0.096 seconds
[2024-11-03T05:41:51.880+0000] {processor.py:186} INFO - Started process (PID=7444) to work on /home/airflow/.local/lib/python3.12/site-packages/airflow/example_dags/example_display_name.py
[2024-11-03T05:41:51.881+0000] {processor.py:914} INFO - Processing file /home/airflow/.local/lib/python3.12/site-packages/airflow/example_dags/example_display_name.py for tasks to queue
[2024-11-03T05:41:51.884+0000] {logging_mixin.py:190} INFO - [2024-11-03T05:41:51.884+0000] {dagbag.py:588} INFO - Filling up the DagBag from /home/airflow/.local/lib/python3.12/site-packages/airflow/example_dags/example_display_name.py
[2024-11-03T05:41:51.894+0000] {processor.py:925} INFO - DAG(s) 'example_display_name' retrieved from /home/airflow/.local/lib/python3.12/site-packages/airflow/example_dags/example_display_name.py
[2024-11-03T05:41:51.932+0000] {logging_mixin.py:190} INFO - [2024-11-03T05:41:51.931+0000] {dag.py:3239} INFO - Sync 1 DAGs
[2024-11-03T05:41:51.959+0000] {logging_mixin.py:190} INFO - [2024-11-03T05:41:51.959+0000] {dag.py:4180} INFO - Setting next_dagrun for example_display_name to None, run_after=None
[2024-11-03T05:41:51.992+0000] {processor.py:208} INFO - Processing /home/airflow/.local/lib/python3.12/site-packages/airflow/example_dags/example_display_name.py took 0.119 seconds
[2024-11-03T05:42:22.050+0000] {processor.py:186} INFO - Started process (PID=7741) to work on /home/airflow/.local/lib/python3.12/site-packages/airflow/example_dags/example_display_name.py
[2024-11-03T05:42:22.051+0000] {processor.py:914} INFO - Processing file /home/airflow/.local/lib/python3.12/site-packages/airflow/example_dags/example_display_name.py for tasks to queue
[2024-11-03T05:42:22.054+0000] {logging_mixin.py:190} INFO - [2024-11-03T05:42:22.053+0000] {dagbag.py:588} INFO - Filling up the DagBag from /home/airflow/.local/lib/python3.12/site-packages/airflow/example_dags/example_display_name.py
[2024-11-03T05:42:22.062+0000] {processor.py:925} INFO - DAG(s) 'example_display_name' retrieved from /home/airflow/.local/lib/python3.12/site-packages/airflow/example_dags/example_display_name.py
[2024-11-03T05:42:22.085+0000] {logging_mixin.py:190} INFO - [2024-11-03T05:42:22.085+0000] {dag.py:3239} INFO - Sync 1 DAGs
[2024-11-03T05:42:22.101+0000] {logging_mixin.py:190} INFO - [2024-11-03T05:42:22.101+0000] {dag.py:4180} INFO - Setting next_dagrun for example_display_name to None, run_after=None
[2024-11-03T05:42:22.125+0000] {processor.py:208} INFO - Processing /home/airflow/.local/lib/python3.12/site-packages/airflow/example_dags/example_display_name.py took 0.081 seconds
[2024-11-03T05:42:52.773+0000] {processor.py:186} INFO - Started process (PID=8027) to work on /home/airflow/.local/lib/python3.12/site-packages/airflow/example_dags/example_display_name.py
[2024-11-03T05:42:52.774+0000] {processor.py:914} INFO - Processing file /home/airflow/.local/lib/python3.12/site-packages/airflow/example_dags/example_display_name.py for tasks to queue
[2024-11-03T05:42:52.777+0000] {logging_mixin.py:190} INFO - [2024-11-03T05:42:52.777+0000] {dagbag.py:588} INFO - Filling up the DagBag from /home/airflow/.local/lib/python3.12/site-packages/airflow/example_dags/example_display_name.py
[2024-11-03T05:42:52.784+0000] {processor.py:925} INFO - DAG(s) 'example_display_name' retrieved from /home/airflow/.local/lib/python3.12/site-packages/airflow/example_dags/example_display_name.py
[2024-11-03T05:42:52.804+0000] {logging_mixin.py:190} INFO - [2024-11-03T05:42:52.804+0000] {dag.py:3239} INFO - Sync 1 DAGs
[2024-11-03T05:42:52.821+0000] {logging_mixin.py:190} INFO - [2024-11-03T05:42:52.821+0000] {dag.py:4180} INFO - Setting next_dagrun for example_display_name to None, run_after=None
[2024-11-03T05:42:52.845+0000] {processor.py:208} INFO - Processing /home/airflow/.local/lib/python3.12/site-packages/airflow/example_dags/example_display_name.py took 0.079 seconds
[2024-11-03T05:43:23.713+0000] {processor.py:186} INFO - Started process (PID=8318) to work on /home/airflow/.local/lib/python3.12/site-packages/airflow/example_dags/example_display_name.py
[2024-11-03T05:43:23.714+0000] {processor.py:914} INFO - Processing file /home/airflow/.local/lib/python3.12/site-packages/airflow/example_dags/example_display_name.py for tasks to queue
[2024-11-03T05:43:23.717+0000] {logging_mixin.py:190} INFO - [2024-11-03T05:43:23.717+0000] {dagbag.py:588} INFO - Filling up the DagBag from /home/airflow/.local/lib/python3.12/site-packages/airflow/example_dags/example_display_name.py
[2024-11-03T05:43:23.724+0000] {processor.py:925} INFO - DAG(s) 'example_display_name' retrieved from /home/airflow/.local/lib/python3.12/site-packages/airflow/example_dags/example_display_name.py
[2024-11-03T05:43:23.747+0000] {logging_mixin.py:190} INFO - [2024-11-03T05:43:23.746+0000] {dag.py:3239} INFO - Sync 1 DAGs
[2024-11-03T05:43:23.764+0000] {logging_mixin.py:190} INFO - [2024-11-03T05:43:23.764+0000] {dag.py:4180} INFO - Setting next_dagrun for example_display_name to None, run_after=None
[2024-11-03T05:43:23.789+0000] {processor.py:208} INFO - Processing /home/airflow/.local/lib/python3.12/site-packages/airflow/example_dags/example_display_name.py took 0.083 seconds
[2024-11-03T05:43:53.964+0000] {processor.py:186} INFO - Started process (PID=8609) to work on /home/airflow/.local/lib/python3.12/site-packages/airflow/example_dags/example_display_name.py
[2024-11-03T05:43:53.965+0000] {processor.py:914} INFO - Processing file /home/airflow/.local/lib/python3.12/site-packages/airflow/example_dags/example_display_name.py for tasks to queue
[2024-11-03T05:43:53.967+0000] {logging_mixin.py:190} INFO - [2024-11-03T05:43:53.967+0000] {dagbag.py:588} INFO - Filling up the DagBag from /home/airflow/.local/lib/python3.12/site-packages/airflow/example_dags/example_display_name.py
[2024-11-03T05:43:53.974+0000] {processor.py:925} INFO - DAG(s) 'example_display_name' retrieved from /home/airflow/.local/lib/python3.12/site-packages/airflow/example_dags/example_display_name.py
[2024-11-03T05:43:53.994+0000] {logging_mixin.py:190} INFO - [2024-11-03T05:43:53.994+0000] {dag.py:3239} INFO - Sync 1 DAGs
[2024-11-03T05:43:54.009+0000] {logging_mixin.py:190} INFO - [2024-11-03T05:43:54.009+0000] {dag.py:4180} INFO - Setting next_dagrun for example_display_name to None, run_after=None
[2024-11-03T05:43:54.032+0000] {processor.py:208} INFO - Processing /home/airflow/.local/lib/python3.12/site-packages/airflow/example_dags/example_display_name.py took 0.075 seconds
[2024-11-03T05:44:24.541+0000] {processor.py:186} INFO - Started process (PID=8900) to work on /home/airflow/.local/lib/python3.12/site-packages/airflow/example_dags/example_display_name.py
[2024-11-03T05:44:24.542+0000] {processor.py:914} INFO - Processing file /home/airflow/.local/lib/python3.12/site-packages/airflow/example_dags/example_display_name.py for tasks to queue
[2024-11-03T05:44:24.545+0000] {logging_mixin.py:190} INFO - [2024-11-03T05:44:24.544+0000] {dagbag.py:588} INFO - Filling up the DagBag from /home/airflow/.local/lib/python3.12/site-packages/airflow/example_dags/example_display_name.py
[2024-11-03T05:44:24.552+0000] {processor.py:925} INFO - DAG(s) 'example_display_name' retrieved from /home/airflow/.local/lib/python3.12/site-packages/airflow/example_dags/example_display_name.py
[2024-11-03T05:44:24.571+0000] {logging_mixin.py:190} INFO - [2024-11-03T05:44:24.571+0000] {dag.py:3239} INFO - Sync 1 DAGs
[2024-11-03T05:44:24.587+0000] {logging_mixin.py:190} INFO - [2024-11-03T05:44:24.587+0000] {dag.py:4180} INFO - Setting next_dagrun for example_display_name to None, run_after=None
[2024-11-03T05:44:24.609+0000] {processor.py:208} INFO - Processing /home/airflow/.local/lib/python3.12/site-packages/airflow/example_dags/example_display_name.py took 0.074 seconds
[2024-11-03T05:44:54.798+0000] {processor.py:186} INFO - Started process (PID=9191) to work on /home/airflow/.local/lib/python3.12/site-packages/airflow/example_dags/example_display_name.py
[2024-11-03T05:44:54.799+0000] {processor.py:914} INFO - Processing file /home/airflow/.local/lib/python3.12/site-packages/airflow/example_dags/example_display_name.py for tasks to queue
[2024-11-03T05:44:54.802+0000] {logging_mixin.py:190} INFO - [2024-11-03T05:44:54.801+0000] {dagbag.py:588} INFO - Filling up the DagBag from /home/airflow/.local/lib/python3.12/site-packages/airflow/example_dags/example_display_name.py
[2024-11-03T05:44:54.809+0000] {processor.py:925} INFO - DAG(s) 'example_display_name' retrieved from /home/airflow/.local/lib/python3.12/site-packages/airflow/example_dags/example_display_name.py
[2024-11-03T05:44:54.829+0000] {logging_mixin.py:190} INFO - [2024-11-03T05:44:54.828+0000] {dag.py:3239} INFO - Sync 1 DAGs
[2024-11-03T05:44:54.847+0000] {logging_mixin.py:190} INFO - [2024-11-03T05:44:54.847+0000] {dag.py:4180} INFO - Setting next_dagrun for example_display_name to None, run_after=None
[2024-11-03T05:44:54.871+0000] {processor.py:208} INFO - Processing /home/airflow/.local/lib/python3.12/site-packages/airflow/example_dags/example_display_name.py took 0.079 seconds
[2024-11-03T05:45:25.074+0000] {processor.py:186} INFO - Started process (PID=9482) to work on /home/airflow/.local/lib/python3.12/site-packages/airflow/example_dags/example_display_name.py
[2024-11-03T05:45:25.076+0000] {processor.py:914} INFO - Processing file /home/airflow/.local/lib/python3.12/site-packages/airflow/example_dags/example_display_name.py for tasks to queue
[2024-11-03T05:45:25.078+0000] {logging_mixin.py:190} INFO - [2024-11-03T05:45:25.078+0000] {dagbag.py:588} INFO - Filling up the DagBag from /home/airflow/.local/lib/python3.12/site-packages/airflow/example_dags/example_display_name.py
[2024-11-03T05:45:25.085+0000] {processor.py:925} INFO - DAG(s) 'example_display_name' retrieved from /home/airflow/.local/lib/python3.12/site-packages/airflow/example_dags/example_display_name.py
[2024-11-03T05:45:25.105+0000] {logging_mixin.py:190} INFO - [2024-11-03T05:45:25.105+0000] {dag.py:3239} INFO - Sync 1 DAGs
[2024-11-03T05:45:25.121+0000] {logging_mixin.py:190} INFO - [2024-11-03T05:45:25.121+0000] {dag.py:4180} INFO - Setting next_dagrun for example_display_name to None, run_after=None
[2024-11-03T05:45:25.144+0000] {processor.py:208} INFO - Processing /home/airflow/.local/lib/python3.12/site-packages/airflow/example_dags/example_display_name.py took 0.075 seconds
[2024-11-03T05:45:55.955+0000] {processor.py:186} INFO - Started process (PID=9773) to work on /home/airflow/.local/lib/python3.12/site-packages/airflow/example_dags/example_display_name.py
[2024-11-03T05:45:55.956+0000] {processor.py:914} INFO - Processing file /home/airflow/.local/lib/python3.12/site-packages/airflow/example_dags/example_display_name.py for tasks to queue
[2024-11-03T05:45:55.958+0000] {logging_mixin.py:190} INFO - [2024-11-03T05:45:55.958+0000] {dagbag.py:588} INFO - Filling up the DagBag from /home/airflow/.local/lib/python3.12/site-packages/airflow/example_dags/example_display_name.py
[2024-11-03T05:45:55.966+0000] {processor.py:925} INFO - DAG(s) 'example_display_name' retrieved from /home/airflow/.local/lib/python3.12/site-packages/airflow/example_dags/example_display_name.py
[2024-11-03T05:45:55.986+0000] {logging_mixin.py:190} INFO - [2024-11-03T05:45:55.986+0000] {dag.py:3239} INFO - Sync 1 DAGs
[2024-11-03T05:45:56.003+0000] {logging_mixin.py:190} INFO - [2024-11-03T05:45:56.003+0000] {dag.py:4180} INFO - Setting next_dagrun for example_display_name to None, run_after=None
[2024-11-03T05:45:56.027+0000] {processor.py:208} INFO - Processing /home/airflow/.local/lib/python3.12/site-packages/airflow/example_dags/example_display_name.py took 0.079 seconds
[2024-11-03T05:46:26.651+0000] {processor.py:186} INFO - Started process (PID=10064) to work on /home/airflow/.local/lib/python3.12/site-packages/airflow/example_dags/example_display_name.py
[2024-11-03T05:46:26.652+0000] {processor.py:914} INFO - Processing file /home/airflow/.local/lib/python3.12/site-packages/airflow/example_dags/example_display_name.py for tasks to queue
[2024-11-03T05:46:26.655+0000] {logging_mixin.py:190} INFO - [2024-11-03T05:46:26.655+0000] {dagbag.py:588} INFO - Filling up the DagBag from /home/airflow/.local/lib/python3.12/site-packages/airflow/example_dags/example_display_name.py
[2024-11-03T05:46:26.663+0000] {processor.py:925} INFO - DAG(s) 'example_display_name' retrieved from /home/airflow/.local/lib/python3.12/site-packages/airflow/example_dags/example_display_name.py
[2024-11-03T05:46:26.684+0000] {logging_mixin.py:190} INFO - [2024-11-03T05:46:26.684+0000] {dag.py:3239} INFO - Sync 1 DAGs
[2024-11-03T05:46:26.702+0000] {logging_mixin.py:190} INFO - [2024-11-03T05:46:26.702+0000] {dag.py:4180} INFO - Setting next_dagrun for example_display_name to None, run_after=None
[2024-11-03T05:46:26.727+0000] {processor.py:208} INFO - Processing /home/airflow/.local/lib/python3.12/site-packages/airflow/example_dags/example_display_name.py took 0.084 seconds
[2024-11-03T05:46:56.944+0000] {processor.py:186} INFO - Started process (PID=10355) to work on /home/airflow/.local/lib/python3.12/site-packages/airflow/example_dags/example_display_name.py
[2024-11-03T05:46:56.945+0000] {processor.py:914} INFO - Processing file /home/airflow/.local/lib/python3.12/site-packages/airflow/example_dags/example_display_name.py for tasks to queue
[2024-11-03T05:46:56.948+0000] {logging_mixin.py:190} INFO - [2024-11-03T05:46:56.948+0000] {dagbag.py:588} INFO - Filling up the DagBag from /home/airflow/.local/lib/python3.12/site-packages/airflow/example_dags/example_display_name.py
[2024-11-03T05:46:56.955+0000] {processor.py:925} INFO - DAG(s) 'example_display_name' retrieved from /home/airflow/.local/lib/python3.12/site-packages/airflow/example_dags/example_display_name.py
[2024-11-03T05:46:56.976+0000] {logging_mixin.py:190} INFO - [2024-11-03T05:46:56.976+0000] {dag.py:3239} INFO - Sync 1 DAGs
[2024-11-03T05:46:56.992+0000] {logging_mixin.py:190} INFO - [2024-11-03T05:46:56.992+0000] {dag.py:4180} INFO - Setting next_dagrun for example_display_name to None, run_after=None
[2024-11-03T05:46:57.014+0000] {processor.py:208} INFO - Processing /home/airflow/.local/lib/python3.12/site-packages/airflow/example_dags/example_display_name.py took 0.076 seconds
[2024-11-03T05:47:27.432+0000] {processor.py:186} INFO - Started process (PID=10646) to work on /home/airflow/.local/lib/python3.12/site-packages/airflow/example_dags/example_display_name.py
[2024-11-03T05:47:27.433+0000] {processor.py:914} INFO - Processing file /home/airflow/.local/lib/python3.12/site-packages/airflow/example_dags/example_display_name.py for tasks to queue
[2024-11-03T05:47:27.437+0000] {logging_mixin.py:190} INFO - [2024-11-03T05:47:27.436+0000] {dagbag.py:588} INFO - Filling up the DagBag from /home/airflow/.local/lib/python3.12/site-packages/airflow/example_dags/example_display_name.py
[2024-11-03T05:47:27.447+0000] {processor.py:925} INFO - DAG(s) 'example_display_name' retrieved from /home/airflow/.local/lib/python3.12/site-packages/airflow/example_dags/example_display_name.py
[2024-11-03T05:47:27.469+0000] {logging_mixin.py:190} INFO - [2024-11-03T05:47:27.469+0000] {dag.py:3239} INFO - Sync 1 DAGs
[2024-11-03T05:47:27.487+0000] {logging_mixin.py:190} INFO - [2024-11-03T05:47:27.487+0000] {dag.py:4180} INFO - Setting next_dagrun for example_display_name to None, run_after=None
[2024-11-03T05:47:27.511+0000] {processor.py:208} INFO - Processing /home/airflow/.local/lib/python3.12/site-packages/airflow/example_dags/example_display_name.py took 0.087 seconds
[2024-11-03T05:47:57.726+0000] {processor.py:186} INFO - Started process (PID=10937) to work on /home/airflow/.local/lib/python3.12/site-packages/airflow/example_dags/example_display_name.py
[2024-11-03T05:47:57.727+0000] {processor.py:914} INFO - Processing file /home/airflow/.local/lib/python3.12/site-packages/airflow/example_dags/example_display_name.py for tasks to queue
[2024-11-03T05:47:57.730+0000] {logging_mixin.py:190} INFO - [2024-11-03T05:47:57.730+0000] {dagbag.py:588} INFO - Filling up the DagBag from /home/airflow/.local/lib/python3.12/site-packages/airflow/example_dags/example_display_name.py
[2024-11-03T05:47:57.738+0000] {processor.py:925} INFO - DAG(s) 'example_display_name' retrieved from /home/airflow/.local/lib/python3.12/site-packages/airflow/example_dags/example_display_name.py
[2024-11-03T05:47:57.760+0000] {logging_mixin.py:190} INFO - [2024-11-03T05:47:57.759+0000] {dag.py:3239} INFO - Sync 1 DAGs
[2024-11-03T05:47:57.780+0000] {logging_mixin.py:190} INFO - [2024-11-03T05:47:57.780+0000] {dag.py:4180} INFO - Setting next_dagrun for example_display_name to None, run_after=None
[2024-11-03T05:47:57.814+0000] {processor.py:208} INFO - Processing /home/airflow/.local/lib/python3.12/site-packages/airflow/example_dags/example_display_name.py took 0.094 seconds
[2024-11-03T05:48:27.888+0000] {processor.py:186} INFO - Started process (PID=11228) to work on /home/airflow/.local/lib/python3.12/site-packages/airflow/example_dags/example_display_name.py
[2024-11-03T05:48:27.889+0000] {processor.py:914} INFO - Processing file /home/airflow/.local/lib/python3.12/site-packages/airflow/example_dags/example_display_name.py for tasks to queue
[2024-11-03T05:48:27.891+0000] {logging_mixin.py:190} INFO - [2024-11-03T05:48:27.891+0000] {dagbag.py:588} INFO - Filling up the DagBag from /home/airflow/.local/lib/python3.12/site-packages/airflow/example_dags/example_display_name.py
[2024-11-03T05:48:27.899+0000] {processor.py:925} INFO - DAG(s) 'example_display_name' retrieved from /home/airflow/.local/lib/python3.12/site-packages/airflow/example_dags/example_display_name.py
[2024-11-03T05:48:27.921+0000] {logging_mixin.py:190} INFO - [2024-11-03T05:48:27.921+0000] {dag.py:3239} INFO - Sync 1 DAGs
[2024-11-03T05:48:27.938+0000] {logging_mixin.py:190} INFO - [2024-11-03T05:48:27.938+0000] {dag.py:4180} INFO - Setting next_dagrun for example_display_name to None, run_after=None
[2024-11-03T05:48:27.964+0000] {processor.py:208} INFO - Processing /home/airflow/.local/lib/python3.12/site-packages/airflow/example_dags/example_display_name.py took 0.082 seconds
[2024-11-03T05:48:58.543+0000] {processor.py:186} INFO - Started process (PID=11519) to work on /home/airflow/.local/lib/python3.12/site-packages/airflow/example_dags/example_display_name.py
[2024-11-03T05:48:58.544+0000] {processor.py:914} INFO - Processing file /home/airflow/.local/lib/python3.12/site-packages/airflow/example_dags/example_display_name.py for tasks to queue
[2024-11-03T05:48:58.547+0000] {logging_mixin.py:190} INFO - [2024-11-03T05:48:58.546+0000] {dagbag.py:588} INFO - Filling up the DagBag from /home/airflow/.local/lib/python3.12/site-packages/airflow/example_dags/example_display_name.py
[2024-11-03T05:48:58.554+0000] {processor.py:925} INFO - DAG(s) 'example_display_name' retrieved from /home/airflow/.local/lib/python3.12/site-packages/airflow/example_dags/example_display_name.py
[2024-11-03T05:48:58.573+0000] {logging_mixin.py:190} INFO - [2024-11-03T05:48:58.573+0000] {dag.py:3239} INFO - Sync 1 DAGs
[2024-11-03T05:48:58.589+0000] {logging_mixin.py:190} INFO - [2024-11-03T05:48:58.589+0000] {dag.py:4180} INFO - Setting next_dagrun for example_display_name to None, run_after=None
[2024-11-03T05:48:58.611+0000] {processor.py:208} INFO - Processing /home/airflow/.local/lib/python3.12/site-packages/airflow/example_dags/example_display_name.py took 0.074 seconds
[2024-11-03T05:49:28.898+0000] {processor.py:186} INFO - Started process (PID=11810) to work on /home/airflow/.local/lib/python3.12/site-packages/airflow/example_dags/example_display_name.py
[2024-11-03T05:49:28.899+0000] {processor.py:914} INFO - Processing file /home/airflow/.local/lib/python3.12/site-packages/airflow/example_dags/example_display_name.py for tasks to queue
[2024-11-03T05:49:28.902+0000] {logging_mixin.py:190} INFO - [2024-11-03T05:49:28.902+0000] {dagbag.py:588} INFO - Filling up the DagBag from /home/airflow/.local/lib/python3.12/site-packages/airflow/example_dags/example_display_name.py
[2024-11-03T05:49:28.916+0000] {processor.py:925} INFO - DAG(s) 'example_display_name' retrieved from /home/airflow/.local/lib/python3.12/site-packages/airflow/example_dags/example_display_name.py
[2024-11-03T05:49:28.943+0000] {logging_mixin.py:190} INFO - [2024-11-03T05:49:28.942+0000] {dag.py:3239} INFO - Sync 1 DAGs
[2024-11-03T05:49:28.971+0000] {logging_mixin.py:190} INFO - [2024-11-03T05:49:28.971+0000] {dag.py:4180} INFO - Setting next_dagrun for example_display_name to None, run_after=None
[2024-11-03T05:49:29.009+0000] {processor.py:208} INFO - Processing /home/airflow/.local/lib/python3.12/site-packages/airflow/example_dags/example_display_name.py took 0.120 seconds
[2024-11-03T05:49:59.116+0000] {processor.py:186} INFO - Started process (PID=12101) to work on /home/airflow/.local/lib/python3.12/site-packages/airflow/example_dags/example_display_name.py
[2024-11-03T05:49:59.117+0000] {processor.py:914} INFO - Processing file /home/airflow/.local/lib/python3.12/site-packages/airflow/example_dags/example_display_name.py for tasks to queue
[2024-11-03T05:49:59.121+0000] {logging_mixin.py:190} INFO - [2024-11-03T05:49:59.120+0000] {dagbag.py:588} INFO - Filling up the DagBag from /home/airflow/.local/lib/python3.12/site-packages/airflow/example_dags/example_display_name.py
[2024-11-03T05:49:59.129+0000] {processor.py:925} INFO - DAG(s) 'example_display_name' retrieved from /home/airflow/.local/lib/python3.12/site-packages/airflow/example_dags/example_display_name.py
[2024-11-03T05:49:59.151+0000] {logging_mixin.py:190} INFO - [2024-11-03T05:49:59.151+0000] {dag.py:3239} INFO - Sync 1 DAGs
[2024-11-03T05:49:59.168+0000] {logging_mixin.py:190} INFO - [2024-11-03T05:49:59.168+0000] {dag.py:4180} INFO - Setting next_dagrun for example_display_name to None, run_after=None
[2024-11-03T05:49:59.192+0000] {processor.py:208} INFO - Processing /home/airflow/.local/lib/python3.12/site-packages/airflow/example_dags/example_display_name.py took 0.081 seconds
[2024-11-03T05:50:29.618+0000] {processor.py:186} INFO - Started process (PID=12392) to work on /home/airflow/.local/lib/python3.12/site-packages/airflow/example_dags/example_display_name.py
[2024-11-03T05:50:29.619+0000] {processor.py:914} INFO - Processing file /home/airflow/.local/lib/python3.12/site-packages/airflow/example_dags/example_display_name.py for tasks to queue
[2024-11-03T05:50:29.623+0000] {logging_mixin.py:190} INFO - [2024-11-03T05:50:29.622+0000] {dagbag.py:588} INFO - Filling up the DagBag from /home/airflow/.local/lib/python3.12/site-packages/airflow/example_dags/example_display_name.py
[2024-11-03T05:50:29.629+0000] {processor.py:925} INFO - DAG(s) 'example_display_name' retrieved from /home/airflow/.local/lib/python3.12/site-packages/airflow/example_dags/example_display_name.py
[2024-11-03T05:50:29.649+0000] {logging_mixin.py:190} INFO - [2024-11-03T05:50:29.649+0000] {dag.py:3239} INFO - Sync 1 DAGs
[2024-11-03T05:50:29.665+0000] {logging_mixin.py:190} INFO - [2024-11-03T05:50:29.665+0000] {dag.py:4180} INFO - Setting next_dagrun for example_display_name to None, run_after=None
[2024-11-03T05:50:29.686+0000] {processor.py:208} INFO - Processing /home/airflow/.local/lib/python3.12/site-packages/airflow/example_dags/example_display_name.py took 0.074 seconds
[2024-11-03T05:51:00.234+0000] {processor.py:186} INFO - Started process (PID=12683) to work on /home/airflow/.local/lib/python3.12/site-packages/airflow/example_dags/example_display_name.py
[2024-11-03T05:51:00.235+0000] {processor.py:914} INFO - Processing file /home/airflow/.local/lib/python3.12/site-packages/airflow/example_dags/example_display_name.py for tasks to queue
[2024-11-03T05:51:00.238+0000] {logging_mixin.py:190} INFO - [2024-11-03T05:51:00.238+0000] {dagbag.py:588} INFO - Filling up the DagBag from /home/airflow/.local/lib/python3.12/site-packages/airflow/example_dags/example_display_name.py
[2024-11-03T05:51:00.245+0000] {processor.py:925} INFO - DAG(s) 'example_display_name' retrieved from /home/airflow/.local/lib/python3.12/site-packages/airflow/example_dags/example_display_name.py
[2024-11-03T05:51:00.266+0000] {logging_mixin.py:190} INFO - [2024-11-03T05:51:00.266+0000] {dag.py:3239} INFO - Sync 1 DAGs
[2024-11-03T05:51:00.283+0000] {logging_mixin.py:190} INFO - [2024-11-03T05:51:00.282+0000] {dag.py:4180} INFO - Setting next_dagrun for example_display_name to None, run_after=None
[2024-11-03T05:51:00.305+0000] {processor.py:208} INFO - Processing /home/airflow/.local/lib/python3.12/site-packages/airflow/example_dags/example_display_name.py took 0.077 seconds
[2024-11-03T05:52:55.845+0000] {processor.py:186} INFO - Started process (PID=437) to work on /home/airflow/.local/lib/python3.12/site-packages/airflow/example_dags/example_display_name.py
[2024-11-03T05:52:55.846+0000] {processor.py:914} INFO - Processing file /home/airflow/.local/lib/python3.12/site-packages/airflow/example_dags/example_display_name.py for tasks to queue
[2024-11-03T05:52:55.850+0000] {logging_mixin.py:190} INFO - [2024-11-03T05:52:55.849+0000] {dagbag.py:588} INFO - Filling up the DagBag from /home/airflow/.local/lib/python3.12/site-packages/airflow/example_dags/example_display_name.py
[2024-11-03T05:52:55.858+0000] {processor.py:925} INFO - DAG(s) 'example_display_name' retrieved from /home/airflow/.local/lib/python3.12/site-packages/airflow/example_dags/example_display_name.py
[2024-11-03T05:52:55.882+0000] {logging_mixin.py:190} INFO - [2024-11-03T05:52:55.881+0000] {dag.py:3239} INFO - Sync 1 DAGs
[2024-11-03T05:52:55.900+0000] {logging_mixin.py:190} INFO - [2024-11-03T05:52:55.899+0000] {dag.py:4180} INFO - Setting next_dagrun for example_display_name to None, run_after=None
[2024-11-03T05:52:55.926+0000] {processor.py:208} INFO - Processing /home/airflow/.local/lib/python3.12/site-packages/airflow/example_dags/example_display_name.py took 0.088 seconds
[2024-11-03T05:53:26.509+0000] {processor.py:186} INFO - Started process (PID=728) to work on /home/airflow/.local/lib/python3.12/site-packages/airflow/example_dags/example_display_name.py
[2024-11-03T05:53:26.511+0000] {processor.py:914} INFO - Processing file /home/airflow/.local/lib/python3.12/site-packages/airflow/example_dags/example_display_name.py for tasks to queue
[2024-11-03T05:53:26.513+0000] {logging_mixin.py:190} INFO - [2024-11-03T05:53:26.513+0000] {dagbag.py:588} INFO - Filling up the DagBag from /home/airflow/.local/lib/python3.12/site-packages/airflow/example_dags/example_display_name.py
[2024-11-03T05:53:26.523+0000] {processor.py:925} INFO - DAG(s) 'example_display_name' retrieved from /home/airflow/.local/lib/python3.12/site-packages/airflow/example_dags/example_display_name.py
[2024-11-03T05:53:26.541+0000] {logging_mixin.py:190} INFO - [2024-11-03T05:53:26.541+0000] {dag.py:3239} INFO - Sync 1 DAGs
[2024-11-03T05:53:26.557+0000] {logging_mixin.py:190} INFO - [2024-11-03T05:53:26.557+0000] {dag.py:4180} INFO - Setting next_dagrun for example_display_name to None, run_after=None
[2024-11-03T05:53:26.580+0000] {processor.py:208} INFO - Processing /home/airflow/.local/lib/python3.12/site-packages/airflow/example_dags/example_display_name.py took 0.079 seconds
[2024-11-03T05:53:56.807+0000] {processor.py:186} INFO - Started process (PID=1019) to work on /home/airflow/.local/lib/python3.12/site-packages/airflow/example_dags/example_display_name.py
[2024-11-03T05:53:56.808+0000] {processor.py:914} INFO - Processing file /home/airflow/.local/lib/python3.12/site-packages/airflow/example_dags/example_display_name.py for tasks to queue
[2024-11-03T05:53:56.810+0000] {logging_mixin.py:190} INFO - [2024-11-03T05:53:56.810+0000] {dagbag.py:588} INFO - Filling up the DagBag from /home/airflow/.local/lib/python3.12/site-packages/airflow/example_dags/example_display_name.py
[2024-11-03T05:53:56.818+0000] {processor.py:925} INFO - DAG(s) 'example_display_name' retrieved from /home/airflow/.local/lib/python3.12/site-packages/airflow/example_dags/example_display_name.py
[2024-11-03T05:53:56.840+0000] {logging_mixin.py:190} INFO - [2024-11-03T05:53:56.839+0000] {dag.py:3239} INFO - Sync 1 DAGs
[2024-11-03T05:53:56.855+0000] {logging_mixin.py:190} INFO - [2024-11-03T05:53:56.855+0000] {dag.py:4180} INFO - Setting next_dagrun for example_display_name to None, run_after=None
[2024-11-03T05:53:56.884+0000] {processor.py:208} INFO - Processing /home/airflow/.local/lib/python3.12/site-packages/airflow/example_dags/example_display_name.py took 0.083 seconds
[2024-11-03T05:54:27.161+0000] {processor.py:186} INFO - Started process (PID=1310) to work on /home/airflow/.local/lib/python3.12/site-packages/airflow/example_dags/example_display_name.py
[2024-11-03T05:54:27.162+0000] {processor.py:914} INFO - Processing file /home/airflow/.local/lib/python3.12/site-packages/airflow/example_dags/example_display_name.py for tasks to queue
[2024-11-03T05:54:27.165+0000] {logging_mixin.py:190} INFO - [2024-11-03T05:54:27.164+0000] {dagbag.py:588} INFO - Filling up the DagBag from /home/airflow/.local/lib/python3.12/site-packages/airflow/example_dags/example_display_name.py
[2024-11-03T05:54:27.172+0000] {processor.py:925} INFO - DAG(s) 'example_display_name' retrieved from /home/airflow/.local/lib/python3.12/site-packages/airflow/example_dags/example_display_name.py
[2024-11-03T05:54:27.191+0000] {logging_mixin.py:190} INFO - [2024-11-03T05:54:27.191+0000] {dag.py:3239} INFO - Sync 1 DAGs
[2024-11-03T05:54:27.206+0000] {logging_mixin.py:190} INFO - [2024-11-03T05:54:27.206+0000] {dag.py:4180} INFO - Setting next_dagrun for example_display_name to None, run_after=None
[2024-11-03T05:54:27.230+0000] {processor.py:208} INFO - Processing /home/airflow/.local/lib/python3.12/site-packages/airflow/example_dags/example_display_name.py took 0.075 seconds
[2024-11-03T05:54:58.094+0000] {processor.py:186} INFO - Started process (PID=1601) to work on /home/airflow/.local/lib/python3.12/site-packages/airflow/example_dags/example_display_name.py
[2024-11-03T05:54:58.095+0000] {processor.py:914} INFO - Processing file /home/airflow/.local/lib/python3.12/site-packages/airflow/example_dags/example_display_name.py for tasks to queue
[2024-11-03T05:54:58.098+0000] {logging_mixin.py:190} INFO - [2024-11-03T05:54:58.097+0000] {dagbag.py:588} INFO - Filling up the DagBag from /home/airflow/.local/lib/python3.12/site-packages/airflow/example_dags/example_display_name.py
[2024-11-03T05:54:58.105+0000] {processor.py:925} INFO - DAG(s) 'example_display_name' retrieved from /home/airflow/.local/lib/python3.12/site-packages/airflow/example_dags/example_display_name.py
[2024-11-03T05:54:58.126+0000] {logging_mixin.py:190} INFO - [2024-11-03T05:54:58.125+0000] {dag.py:3239} INFO - Sync 1 DAGs
[2024-11-03T05:54:58.141+0000] {logging_mixin.py:190} INFO - [2024-11-03T05:54:58.141+0000] {dag.py:4180} INFO - Setting next_dagrun for example_display_name to None, run_after=None
[2024-11-03T05:54:58.163+0000] {processor.py:208} INFO - Processing /home/airflow/.local/lib/python3.12/site-packages/airflow/example_dags/example_display_name.py took 0.075 seconds
[2024-11-03T05:57:20.467+0000] {processor.py:186} INFO - Started process (PID=437) to work on /home/airflow/.local/lib/python3.12/site-packages/airflow/example_dags/example_display_name.py
[2024-11-03T05:57:20.468+0000] {processor.py:914} INFO - Processing file /home/airflow/.local/lib/python3.12/site-packages/airflow/example_dags/example_display_name.py for tasks to queue
[2024-11-03T05:57:20.471+0000] {logging_mixin.py:190} INFO - [2024-11-03T05:57:20.471+0000] {dagbag.py:588} INFO - Filling up the DagBag from /home/airflow/.local/lib/python3.12/site-packages/airflow/example_dags/example_display_name.py
[2024-11-03T05:57:20.481+0000] {processor.py:925} INFO - DAG(s) 'example_display_name' retrieved from /home/airflow/.local/lib/python3.12/site-packages/airflow/example_dags/example_display_name.py
[2024-11-03T05:57:20.502+0000] {logging_mixin.py:190} INFO - [2024-11-03T05:57:20.502+0000] {dag.py:3239} INFO - Sync 1 DAGs
[2024-11-03T05:57:20.519+0000] {logging_mixin.py:190} INFO - [2024-11-03T05:57:20.519+0000] {dag.py:4180} INFO - Setting next_dagrun for example_display_name to None, run_after=None
[2024-11-03T05:57:20.545+0000] {processor.py:208} INFO - Processing /home/airflow/.local/lib/python3.12/site-packages/airflow/example_dags/example_display_name.py took 0.087 seconds
[2024-11-03T05:57:51.048+0000] {processor.py:186} INFO - Started process (PID=730) to work on /home/airflow/.local/lib/python3.12/site-packages/airflow/example_dags/example_display_name.py
[2024-11-03T05:57:51.049+0000] {processor.py:914} INFO - Processing file /home/airflow/.local/lib/python3.12/site-packages/airflow/example_dags/example_display_name.py for tasks to queue
[2024-11-03T05:57:51.054+0000] {logging_mixin.py:190} INFO - [2024-11-03T05:57:51.053+0000] {dagbag.py:588} INFO - Filling up the DagBag from /home/airflow/.local/lib/python3.12/site-packages/airflow/example_dags/example_display_name.py
[2024-11-03T05:57:51.062+0000] {processor.py:925} INFO - DAG(s) 'example_display_name' retrieved from /home/airflow/.local/lib/python3.12/site-packages/airflow/example_dags/example_display_name.py
[2024-11-03T05:57:51.088+0000] {logging_mixin.py:190} INFO - [2024-11-03T05:57:51.088+0000] {dag.py:3239} INFO - Sync 1 DAGs
[2024-11-03T05:57:51.111+0000] {logging_mixin.py:190} INFO - [2024-11-03T05:57:51.111+0000] {dag.py:4180} INFO - Setting next_dagrun for example_display_name to None, run_after=None
[2024-11-03T05:57:51.145+0000] {processor.py:208} INFO - Processing /home/airflow/.local/lib/python3.12/site-packages/airflow/example_dags/example_display_name.py took 0.106 seconds
[2024-11-03T05:58:21.319+0000] {processor.py:186} INFO - Started process (PID=1021) to work on /home/airflow/.local/lib/python3.12/site-packages/airflow/example_dags/example_display_name.py
[2024-11-03T05:58:21.320+0000] {processor.py:914} INFO - Processing file /home/airflow/.local/lib/python3.12/site-packages/airflow/example_dags/example_display_name.py for tasks to queue
[2024-11-03T05:58:21.323+0000] {logging_mixin.py:190} INFO - [2024-11-03T05:58:21.323+0000] {dagbag.py:588} INFO - Filling up the DagBag from /home/airflow/.local/lib/python3.12/site-packages/airflow/example_dags/example_display_name.py
[2024-11-03T05:58:21.330+0000] {processor.py:925} INFO - DAG(s) 'example_display_name' retrieved from /home/airflow/.local/lib/python3.12/site-packages/airflow/example_dags/example_display_name.py
[2024-11-03T05:58:21.351+0000] {logging_mixin.py:190} INFO - [2024-11-03T05:58:21.350+0000] {dag.py:3239} INFO - Sync 1 DAGs
[2024-11-03T05:58:21.367+0000] {logging_mixin.py:190} INFO - [2024-11-03T05:58:21.367+0000] {dag.py:4180} INFO - Setting next_dagrun for example_display_name to None, run_after=None
[2024-11-03T05:58:21.392+0000] {processor.py:208} INFO - Processing /home/airflow/.local/lib/python3.12/site-packages/airflow/example_dags/example_display_name.py took 0.078 seconds
[2024-11-03T05:58:52.310+0000] {processor.py:186} INFO - Started process (PID=1312) to work on /home/airflow/.local/lib/python3.12/site-packages/airflow/example_dags/example_display_name.py
[2024-11-03T05:58:52.311+0000] {processor.py:914} INFO - Processing file /home/airflow/.local/lib/python3.12/site-packages/airflow/example_dags/example_display_name.py for tasks to queue
[2024-11-03T05:58:52.313+0000] {logging_mixin.py:190} INFO - [2024-11-03T05:58:52.313+0000] {dagbag.py:588} INFO - Filling up the DagBag from /home/airflow/.local/lib/python3.12/site-packages/airflow/example_dags/example_display_name.py
[2024-11-03T05:58:52.321+0000] {processor.py:925} INFO - DAG(s) 'example_display_name' retrieved from /home/airflow/.local/lib/python3.12/site-packages/airflow/example_dags/example_display_name.py
[2024-11-03T05:58:52.341+0000] {logging_mixin.py:190} INFO - [2024-11-03T05:58:52.341+0000] {dag.py:3239} INFO - Sync 1 DAGs
[2024-11-03T05:58:52.359+0000] {logging_mixin.py:190} INFO - [2024-11-03T05:58:52.359+0000] {dag.py:4180} INFO - Setting next_dagrun for example_display_name to None, run_after=None
[2024-11-03T05:58:52.383+0000] {processor.py:208} INFO - Processing /home/airflow/.local/lib/python3.12/site-packages/airflow/example_dags/example_display_name.py took 0.080 seconds
[2024-11-03T05:59:23.339+0000] {processor.py:186} INFO - Started process (PID=1603) to work on /home/airflow/.local/lib/python3.12/site-packages/airflow/example_dags/example_display_name.py
[2024-11-03T05:59:23.340+0000] {processor.py:914} INFO - Processing file /home/airflow/.local/lib/python3.12/site-packages/airflow/example_dags/example_display_name.py for tasks to queue
[2024-11-03T05:59:23.343+0000] {logging_mixin.py:190} INFO - [2024-11-03T05:59:23.342+0000] {dagbag.py:588} INFO - Filling up the DagBag from /home/airflow/.local/lib/python3.12/site-packages/airflow/example_dags/example_display_name.py
[2024-11-03T05:59:23.350+0000] {processor.py:925} INFO - DAG(s) 'example_display_name' retrieved from /home/airflow/.local/lib/python3.12/site-packages/airflow/example_dags/example_display_name.py
[2024-11-03T05:59:23.372+0000] {logging_mixin.py:190} INFO - [2024-11-03T05:59:23.372+0000] {dag.py:3239} INFO - Sync 1 DAGs
[2024-11-03T05:59:23.388+0000] {logging_mixin.py:190} INFO - [2024-11-03T05:59:23.388+0000] {dag.py:4180} INFO - Setting next_dagrun for example_display_name to None, run_after=None
[2024-11-03T05:59:23.409+0000] {processor.py:208} INFO - Processing /home/airflow/.local/lib/python3.12/site-packages/airflow/example_dags/example_display_name.py took 0.076 seconds
[2024-11-03T05:59:53.706+0000] {processor.py:186} INFO - Started process (PID=1892) to work on /home/airflow/.local/lib/python3.12/site-packages/airflow/example_dags/example_display_name.py
[2024-11-03T05:59:53.707+0000] {processor.py:914} INFO - Processing file /home/airflow/.local/lib/python3.12/site-packages/airflow/example_dags/example_display_name.py for tasks to queue
[2024-11-03T05:59:53.710+0000] {logging_mixin.py:190} INFO - [2024-11-03T05:59:53.709+0000] {dagbag.py:588} INFO - Filling up the DagBag from /home/airflow/.local/lib/python3.12/site-packages/airflow/example_dags/example_display_name.py
[2024-11-03T05:59:53.721+0000] {processor.py:925} INFO - DAG(s) 'example_display_name' retrieved from /home/airflow/.local/lib/python3.12/site-packages/airflow/example_dags/example_display_name.py
[2024-11-03T05:59:53.743+0000] {logging_mixin.py:190} INFO - [2024-11-03T05:59:53.743+0000] {dag.py:3239} INFO - Sync 1 DAGs
[2024-11-03T05:59:53.775+0000] {logging_mixin.py:190} INFO - [2024-11-03T05:59:53.775+0000] {dag.py:4180} INFO - Setting next_dagrun for example_display_name to None, run_after=None
[2024-11-03T05:59:53.803+0000] {processor.py:208} INFO - Processing /home/airflow/.local/lib/python3.12/site-packages/airflow/example_dags/example_display_name.py took 0.105 seconds
[2024-11-03T06:00:24.662+0000] {processor.py:186} INFO - Started process (PID=2185) to work on /home/airflow/.local/lib/python3.12/site-packages/airflow/example_dags/example_display_name.py
[2024-11-03T06:00:24.663+0000] {processor.py:914} INFO - Processing file /home/airflow/.local/lib/python3.12/site-packages/airflow/example_dags/example_display_name.py for tasks to queue
[2024-11-03T06:00:24.665+0000] {logging_mixin.py:190} INFO - [2024-11-03T06:00:24.665+0000] {dagbag.py:588} INFO - Filling up the DagBag from /home/airflow/.local/lib/python3.12/site-packages/airflow/example_dags/example_display_name.py
[2024-11-03T06:00:24.673+0000] {processor.py:925} INFO - DAG(s) 'example_display_name' retrieved from /home/airflow/.local/lib/python3.12/site-packages/airflow/example_dags/example_display_name.py
[2024-11-03T06:00:24.693+0000] {logging_mixin.py:190} INFO - [2024-11-03T06:00:24.693+0000] {dag.py:3239} INFO - Sync 1 DAGs
[2024-11-03T06:00:24.710+0000] {logging_mixin.py:190} INFO - [2024-11-03T06:00:24.709+0000] {dag.py:4180} INFO - Setting next_dagrun for example_display_name to None, run_after=None
[2024-11-03T06:00:24.733+0000] {processor.py:208} INFO - Processing /home/airflow/.local/lib/python3.12/site-packages/airflow/example_dags/example_display_name.py took 0.080 seconds
[2024-11-03T06:07:03.250+0000] {processor.py:186} INFO - Started process (PID=455) to work on /home/airflow/.local/lib/python3.12/site-packages/airflow/example_dags/example_display_name.py
[2024-11-03T06:07:03.252+0000] {processor.py:914} INFO - Processing file /home/airflow/.local/lib/python3.12/site-packages/airflow/example_dags/example_display_name.py for tasks to queue
[2024-11-03T06:07:03.255+0000] {logging_mixin.py:190} INFO - [2024-11-03T06:07:03.254+0000] {dagbag.py:588} INFO - Filling up the DagBag from /home/airflow/.local/lib/python3.12/site-packages/airflow/example_dags/example_display_name.py
[2024-11-03T06:07:03.265+0000] {processor.py:925} INFO - DAG(s) 'example_display_name' retrieved from /home/airflow/.local/lib/python3.12/site-packages/airflow/example_dags/example_display_name.py
[2024-11-03T06:07:03.401+0000] {logging_mixin.py:190} INFO - [2024-11-03T06:07:03.400+0000] {override.py:1900} INFO - Created Permission View: can edit on DAG:example_display_name
[2024-11-03T06:07:03.431+0000] {logging_mixin.py:190} INFO - [2024-11-03T06:07:03.431+0000] {override.py:1900} INFO - Created Permission View: can read on DAG:example_display_name
[2024-11-03T06:07:03.442+0000] {logging_mixin.py:190} INFO - [2024-11-03T06:07:03.442+0000] {override.py:1900} INFO - Created Permission View: can delete on DAG:example_display_name
[2024-11-03T06:07:03.456+0000] {logging_mixin.py:190} INFO - [2024-11-03T06:07:03.456+0000] {override.py:1900} INFO - Created Permission View: can create on DAG Run:example_display_name
[2024-11-03T06:07:03.468+0000] {logging_mixin.py:190} INFO - [2024-11-03T06:07:03.468+0000] {override.py:1900} INFO - Created Permission View: menu access on DAG Run:example_display_name
[2024-11-03T06:07:03.480+0000] {logging_mixin.py:190} INFO - [2024-11-03T06:07:03.479+0000] {override.py:1900} INFO - Created Permission View: can read on DAG Run:example_display_name
[2024-11-03T06:07:03.497+0000] {logging_mixin.py:190} INFO - [2024-11-03T06:07:03.497+0000] {override.py:1900} INFO - Created Permission View: can delete on DAG Run:example_display_name
[2024-11-03T06:07:03.498+0000] {logging_mixin.py:190} INFO - [2024-11-03T06:07:03.498+0000] {dag.py:3239} INFO - Sync 1 DAGs
[2024-11-03T06:07:03.540+0000] {logging_mixin.py:190} INFO - [2024-11-03T06:07:03.540+0000] {dag.py:3262} INFO - Creating ORM DAG for example_display_name
[2024-11-03T06:07:03.542+0000] {logging_mixin.py:190} INFO - [2024-11-03T06:07:03.542+0000] {dag.py:4180} INFO - Setting next_dagrun for example_display_name to None, run_after=None
[2024-11-03T06:07:03.606+0000] {processor.py:208} INFO - Processing /home/airflow/.local/lib/python3.12/site-packages/airflow/example_dags/example_display_name.py took 0.365 seconds
[2024-11-03T06:07:35.149+0000] {processor.py:186} INFO - Started process (PID=748) to work on /home/airflow/.local/lib/python3.12/site-packages/airflow/example_dags/example_display_name.py
[2024-11-03T06:07:35.150+0000] {processor.py:914} INFO - Processing file /home/airflow/.local/lib/python3.12/site-packages/airflow/example_dags/example_display_name.py for tasks to queue
[2024-11-03T06:07:35.154+0000] {logging_mixin.py:190} INFO - [2024-11-03T06:07:35.153+0000] {dagbag.py:588} INFO - Filling up the DagBag from /home/airflow/.local/lib/python3.12/site-packages/airflow/example_dags/example_display_name.py
[2024-11-03T06:07:35.162+0000] {processor.py:925} INFO - DAG(s) 'example_display_name' retrieved from /home/airflow/.local/lib/python3.12/site-packages/airflow/example_dags/example_display_name.py
[2024-11-03T06:07:35.189+0000] {logging_mixin.py:190} INFO - [2024-11-03T06:07:35.189+0000] {dag.py:3239} INFO - Sync 1 DAGs
[2024-11-03T06:07:35.212+0000] {logging_mixin.py:190} INFO - [2024-11-03T06:07:35.211+0000] {dag.py:4180} INFO - Setting next_dagrun for example_display_name to None, run_after=None
[2024-11-03T06:07:35.246+0000] {processor.py:208} INFO - Processing /home/airflow/.local/lib/python3.12/site-packages/airflow/example_dags/example_display_name.py took 0.103 seconds
[2024-11-03T06:10:53.014+0000] {processor.py:186} INFO - Started process (PID=450) to work on /home/airflow/.local/lib/python3.12/site-packages/airflow/example_dags/example_display_name.py
[2024-11-03T06:10:53.015+0000] {processor.py:914} INFO - Processing file /home/airflow/.local/lib/python3.12/site-packages/airflow/example_dags/example_display_name.py for tasks to queue
[2024-11-03T06:10:53.019+0000] {logging_mixin.py:190} INFO - [2024-11-03T06:10:53.018+0000] {dagbag.py:588} INFO - Filling up the DagBag from /home/airflow/.local/lib/python3.12/site-packages/airflow/example_dags/example_display_name.py
[2024-11-03T06:10:53.028+0000] {processor.py:925} INFO - DAG(s) 'example_display_name' retrieved from /home/airflow/.local/lib/python3.12/site-packages/airflow/example_dags/example_display_name.py
[2024-11-03T06:10:53.057+0000] {logging_mixin.py:190} INFO - [2024-11-03T06:10:53.057+0000] {dag.py:3239} INFO - Sync 1 DAGs
[2024-11-03T06:10:53.081+0000] {logging_mixin.py:190} INFO - [2024-11-03T06:10:53.081+0000] {dag.py:4180} INFO - Setting next_dagrun for example_display_name to None, run_after=None
[2024-11-03T06:10:53.108+0000] {processor.py:208} INFO - Processing /home/airflow/.local/lib/python3.12/site-packages/airflow/example_dags/example_display_name.py took 0.101 seconds
[2024-11-03T06:11:23.564+0000] {processor.py:186} INFO - Started process (PID=741) to work on /home/airflow/.local/lib/python3.12/site-packages/airflow/example_dags/example_display_name.py
[2024-11-03T06:11:23.565+0000] {processor.py:914} INFO - Processing file /home/airflow/.local/lib/python3.12/site-packages/airflow/example_dags/example_display_name.py for tasks to queue
[2024-11-03T06:11:23.569+0000] {logging_mixin.py:190} INFO - [2024-11-03T06:11:23.567+0000] {dagbag.py:588} INFO - Filling up the DagBag from /home/airflow/.local/lib/python3.12/site-packages/airflow/example_dags/example_display_name.py
[2024-11-03T06:11:23.579+0000] {processor.py:925} INFO - DAG(s) 'example_display_name' retrieved from /home/airflow/.local/lib/python3.12/site-packages/airflow/example_dags/example_display_name.py
[2024-11-03T06:11:23.602+0000] {logging_mixin.py:190} INFO - [2024-11-03T06:11:23.602+0000] {dag.py:3239} INFO - Sync 1 DAGs
[2024-11-03T06:11:23.619+0000] {logging_mixin.py:190} INFO - [2024-11-03T06:11:23.619+0000] {dag.py:4180} INFO - Setting next_dagrun for example_display_name to None, run_after=None
[2024-11-03T06:11:23.645+0000] {processor.py:208} INFO - Processing /home/airflow/.local/lib/python3.12/site-packages/airflow/example_dags/example_display_name.py took 0.088 seconds
[2024-11-03T06:11:54.310+0000] {processor.py:186} INFO - Started process (PID=1033) to work on /home/airflow/.local/lib/python3.12/site-packages/airflow/example_dags/example_display_name.py
[2024-11-03T06:11:54.313+0000] {processor.py:914} INFO - Processing file /home/airflow/.local/lib/python3.12/site-packages/airflow/example_dags/example_display_name.py for tasks to queue
[2024-11-03T06:11:54.318+0000] {logging_mixin.py:190} INFO - [2024-11-03T06:11:54.317+0000] {dagbag.py:588} INFO - Filling up the DagBag from /home/airflow/.local/lib/python3.12/site-packages/airflow/example_dags/example_display_name.py
[2024-11-03T06:11:54.333+0000] {processor.py:925} INFO - DAG(s) 'example_display_name' retrieved from /home/airflow/.local/lib/python3.12/site-packages/airflow/example_dags/example_display_name.py
[2024-11-03T06:11:54.374+0000] {logging_mixin.py:190} INFO - [2024-11-03T06:11:54.374+0000] {dag.py:3239} INFO - Sync 1 DAGs
[2024-11-03T06:11:54.404+0000] {logging_mixin.py:190} INFO - [2024-11-03T06:11:54.404+0000] {dag.py:4180} INFO - Setting next_dagrun for example_display_name to None, run_after=None
[2024-11-03T06:11:54.436+0000] {processor.py:208} INFO - Processing /home/airflow/.local/lib/python3.12/site-packages/airflow/example_dags/example_display_name.py took 0.137 seconds
[2024-11-03T06:12:25.127+0000] {processor.py:186} INFO - Started process (PID=1323) to work on /home/airflow/.local/lib/python3.12/site-packages/airflow/example_dags/example_display_name.py
[2024-11-03T06:12:25.128+0000] {processor.py:914} INFO - Processing file /home/airflow/.local/lib/python3.12/site-packages/airflow/example_dags/example_display_name.py for tasks to queue
[2024-11-03T06:12:25.131+0000] {logging_mixin.py:190} INFO - [2024-11-03T06:12:25.130+0000] {dagbag.py:588} INFO - Filling up the DagBag from /home/airflow/.local/lib/python3.12/site-packages/airflow/example_dags/example_display_name.py
[2024-11-03T06:12:25.139+0000] {processor.py:925} INFO - DAG(s) 'example_display_name' retrieved from /home/airflow/.local/lib/python3.12/site-packages/airflow/example_dags/example_display_name.py
[2024-11-03T06:12:25.165+0000] {logging_mixin.py:190} INFO - [2024-11-03T06:12:25.165+0000] {dag.py:3239} INFO - Sync 1 DAGs
[2024-11-03T06:12:25.184+0000] {logging_mixin.py:190} INFO - [2024-11-03T06:12:25.184+0000] {dag.py:4180} INFO - Setting next_dagrun for example_display_name to None, run_after=None
[2024-11-03T06:12:25.209+0000] {processor.py:208} INFO - Processing /home/airflow/.local/lib/python3.12/site-packages/airflow/example_dags/example_display_name.py took 0.088 seconds
[2024-11-03T06:12:55.873+0000] {processor.py:186} INFO - Started process (PID=1614) to work on /home/airflow/.local/lib/python3.12/site-packages/airflow/example_dags/example_display_name.py
[2024-11-03T06:12:55.874+0000] {processor.py:914} INFO - Processing file /home/airflow/.local/lib/python3.12/site-packages/airflow/example_dags/example_display_name.py for tasks to queue
[2024-11-03T06:12:55.877+0000] {logging_mixin.py:190} INFO - [2024-11-03T06:12:55.876+0000] {dagbag.py:588} INFO - Filling up the DagBag from /home/airflow/.local/lib/python3.12/site-packages/airflow/example_dags/example_display_name.py
[2024-11-03T06:12:55.885+0000] {processor.py:925} INFO - DAG(s) 'example_display_name' retrieved from /home/airflow/.local/lib/python3.12/site-packages/airflow/example_dags/example_display_name.py
[2024-11-03T06:12:55.905+0000] {logging_mixin.py:190} INFO - [2024-11-03T06:12:55.905+0000] {dag.py:3239} INFO - Sync 1 DAGs
[2024-11-03T06:12:55.920+0000] {logging_mixin.py:190} INFO - [2024-11-03T06:12:55.920+0000] {dag.py:4180} INFO - Setting next_dagrun for example_display_name to None, run_after=None
[2024-11-03T06:12:55.942+0000] {processor.py:208} INFO - Processing /home/airflow/.local/lib/python3.12/site-packages/airflow/example_dags/example_display_name.py took 0.077 seconds
[2024-11-03T06:13:26.279+0000] {processor.py:186} INFO - Started process (PID=1907) to work on /home/airflow/.local/lib/python3.12/site-packages/airflow/example_dags/example_display_name.py
[2024-11-03T06:13:26.280+0000] {processor.py:914} INFO - Processing file /home/airflow/.local/lib/python3.12/site-packages/airflow/example_dags/example_display_name.py for tasks to queue
[2024-11-03T06:13:26.283+0000] {logging_mixin.py:190} INFO - [2024-11-03T06:13:26.282+0000] {dagbag.py:588} INFO - Filling up the DagBag from /home/airflow/.local/lib/python3.12/site-packages/airflow/example_dags/example_display_name.py
[2024-11-03T06:13:26.290+0000] {processor.py:925} INFO - DAG(s) 'example_display_name' retrieved from /home/airflow/.local/lib/python3.12/site-packages/airflow/example_dags/example_display_name.py
[2024-11-03T06:13:26.310+0000] {logging_mixin.py:190} INFO - [2024-11-03T06:13:26.310+0000] {dag.py:3239} INFO - Sync 1 DAGs
[2024-11-03T06:13:26.331+0000] {logging_mixin.py:190} INFO - [2024-11-03T06:13:26.331+0000] {dag.py:4180} INFO - Setting next_dagrun for example_display_name to None, run_after=None
[2024-11-03T06:13:26.366+0000] {processor.py:208} INFO - Processing /home/airflow/.local/lib/python3.12/site-packages/airflow/example_dags/example_display_name.py took 0.093 seconds
[2024-11-03T06:13:57.269+0000] {processor.py:186} INFO - Started process (PID=2196) to work on /home/airflow/.local/lib/python3.12/site-packages/airflow/example_dags/example_display_name.py
[2024-11-03T06:13:57.270+0000] {processor.py:914} INFO - Processing file /home/airflow/.local/lib/python3.12/site-packages/airflow/example_dags/example_display_name.py for tasks to queue
[2024-11-03T06:13:57.273+0000] {logging_mixin.py:190} INFO - [2024-11-03T06:13:57.272+0000] {dagbag.py:588} INFO - Filling up the DagBag from /home/airflow/.local/lib/python3.12/site-packages/airflow/example_dags/example_display_name.py
[2024-11-03T06:13:57.283+0000] {processor.py:925} INFO - DAG(s) 'example_display_name' retrieved from /home/airflow/.local/lib/python3.12/site-packages/airflow/example_dags/example_display_name.py
[2024-11-03T06:13:57.310+0000] {logging_mixin.py:190} INFO - [2024-11-03T06:13:57.310+0000] {dag.py:3239} INFO - Sync 1 DAGs
[2024-11-03T06:13:57.332+0000] {logging_mixin.py:190} INFO - [2024-11-03T06:13:57.331+0000] {dag.py:4180} INFO - Setting next_dagrun for example_display_name to None, run_after=None
[2024-11-03T06:13:57.368+0000] {processor.py:208} INFO - Processing /home/airflow/.local/lib/python3.12/site-packages/airflow/example_dags/example_display_name.py took 0.107 seconds
