[2024-11-03T05:29:32.040+0000] {processor.py:186} INFO - Started process (PID=356) to work on /home/airflow/.local/lib/python3.12/site-packages/airflow/example_dags/example_skip_dag.py
[2024-11-03T05:29:32.041+0000] {processor.py:914} INFO - Processing file /home/airflow/.local/lib/python3.12/site-packages/airflow/example_dags/example_skip_dag.py for tasks to queue
[2024-11-03T05:29:32.044+0000] {logging_mixin.py:190} INFO - [2024-11-03T05:29:32.044+0000] {dagbag.py:588} INFO - Filling up the DagBag from /home/airflow/.local/lib/python3.12/site-packages/airflow/example_dags/example_skip_dag.py
[2024-11-03T05:29:32.056+0000] {processor.py:925} INFO - DAG(s) 'example_skip_dag' retrieved from /home/airflow/.local/lib/python3.12/site-packages/airflow/example_dags/example_skip_dag.py
[2024-11-03T05:29:32.247+0000] {logging_mixin.py:190} INFO - [2024-11-03T05:29:32.246+0000] {override.py:1900} INFO - Created Permission View: can delete on DAG:example_skip_dag
[2024-11-03T05:29:32.290+0000] {logging_mixin.py:190} INFO - [2024-11-03T05:29:32.289+0000] {override.py:1900} INFO - Created Permission View: can edit on DAG:example_skip_dag
[2024-11-03T05:29:32.338+0000] {logging_mixin.py:190} INFO - [2024-11-03T05:29:32.337+0000] {override.py:1900} INFO - Created Permission View: can read on DAG:example_skip_dag
[2024-11-03T05:29:32.377+0000] {logging_mixin.py:190} INFO - [2024-11-03T05:29:32.376+0000] {override.py:1900} INFO - Created Permission View: can delete on DAG Run:example_skip_dag
[2024-11-03T05:29:32.389+0000] {logging_mixin.py:190} INFO - [2024-11-03T05:29:32.388+0000] {override.py:1900} INFO - Created Permission View: menu access on DAG Run:example_skip_dag
[2024-11-03T05:29:32.403+0000] {logging_mixin.py:190} INFO - [2024-11-03T05:29:32.402+0000] {override.py:1900} INFO - Created Permission View: can create on DAG Run:example_skip_dag
[2024-11-03T05:29:32.415+0000] {logging_mixin.py:190} INFO - [2024-11-03T05:29:32.415+0000] {override.py:1900} INFO - Created Permission View: can read on DAG Run:example_skip_dag
[2024-11-03T05:29:32.416+0000] {logging_mixin.py:190} INFO - [2024-11-03T05:29:32.416+0000] {dag.py:3239} INFO - Sync 1 DAGs
[2024-11-03T05:29:32.437+0000] {logging_mixin.py:190} INFO - [2024-11-03T05:29:32.436+0000] {dag.py:3262} INFO - Creating ORM DAG for example_skip_dag
[2024-11-03T05:29:32.454+0000] {logging_mixin.py:190} INFO - [2024-11-03T05:29:32.453+0000] {dag.py:4180} INFO - Setting next_dagrun for example_skip_dag to 2024-11-02 00:00:00+00:00, run_after=2024-11-03 00:00:00+00:00
[2024-11-03T05:29:32.490+0000] {processor.py:208} INFO - Processing /home/airflow/.local/lib/python3.12/site-packages/airflow/example_dags/example_skip_dag.py took 0.459 seconds
[2024-11-03T05:30:03.340+0000] {processor.py:186} INFO - Started process (PID=647) to work on /home/airflow/.local/lib/python3.12/site-packages/airflow/example_dags/example_skip_dag.py
[2024-11-03T05:30:03.341+0000] {processor.py:914} INFO - Processing file /home/airflow/.local/lib/python3.12/site-packages/airflow/example_dags/example_skip_dag.py for tasks to queue
[2024-11-03T05:30:03.345+0000] {logging_mixin.py:190} INFO - [2024-11-03T05:30:03.344+0000] {dagbag.py:588} INFO - Filling up the DagBag from /home/airflow/.local/lib/python3.12/site-packages/airflow/example_dags/example_skip_dag.py
[2024-11-03T05:30:03.367+0000] {processor.py:925} INFO - DAG(s) 'example_skip_dag' retrieved from /home/airflow/.local/lib/python3.12/site-packages/airflow/example_dags/example_skip_dag.py
[2024-11-03T05:30:03.418+0000] {logging_mixin.py:190} INFO - [2024-11-03T05:30:03.418+0000] {dag.py:3239} INFO - Sync 1 DAGs
[2024-11-03T05:30:03.483+0000] {logging_mixin.py:190} INFO - [2024-11-03T05:30:03.483+0000] {dag.py:4180} INFO - Setting next_dagrun for example_skip_dag to 2024-11-02 00:00:00+00:00, run_after=2024-11-03 00:00:00+00:00
[2024-11-03T05:30:03.568+0000] {processor.py:208} INFO - Processing /home/airflow/.local/lib/python3.12/site-packages/airflow/example_dags/example_skip_dag.py took 0.235 seconds
[2024-11-03T05:30:34.026+0000] {processor.py:186} INFO - Started process (PID=938) to work on /home/airflow/.local/lib/python3.12/site-packages/airflow/example_dags/example_skip_dag.py
[2024-11-03T05:30:34.028+0000] {processor.py:914} INFO - Processing file /home/airflow/.local/lib/python3.12/site-packages/airflow/example_dags/example_skip_dag.py for tasks to queue
[2024-11-03T05:30:34.030+0000] {logging_mixin.py:190} INFO - [2024-11-03T05:30:34.030+0000] {dagbag.py:588} INFO - Filling up the DagBag from /home/airflow/.local/lib/python3.12/site-packages/airflow/example_dags/example_skip_dag.py
[2024-11-03T05:30:34.039+0000] {processor.py:925} INFO - DAG(s) 'example_skip_dag' retrieved from /home/airflow/.local/lib/python3.12/site-packages/airflow/example_dags/example_skip_dag.py
[2024-11-03T05:30:34.067+0000] {logging_mixin.py:190} INFO - [2024-11-03T05:30:34.067+0000] {dag.py:3239} INFO - Sync 1 DAGs
[2024-11-03T05:30:34.102+0000] {logging_mixin.py:190} INFO - [2024-11-03T05:30:34.102+0000] {dag.py:4180} INFO - Setting next_dagrun for example_skip_dag to 2024-11-02 00:00:00+00:00, run_after=2024-11-03 00:00:00+00:00
[2024-11-03T05:30:34.140+0000] {processor.py:208} INFO - Processing /home/airflow/.local/lib/python3.12/site-packages/airflow/example_dags/example_skip_dag.py took 0.120 seconds
[2024-11-03T05:31:04.476+0000] {processor.py:186} INFO - Started process (PID=1229) to work on /home/airflow/.local/lib/python3.12/site-packages/airflow/example_dags/example_skip_dag.py
[2024-11-03T05:31:04.478+0000] {processor.py:914} INFO - Processing file /home/airflow/.local/lib/python3.12/site-packages/airflow/example_dags/example_skip_dag.py for tasks to queue
[2024-11-03T05:31:04.483+0000] {logging_mixin.py:190} INFO - [2024-11-03T05:31:04.482+0000] {dagbag.py:588} INFO - Filling up the DagBag from /home/airflow/.local/lib/python3.12/site-packages/airflow/example_dags/example_skip_dag.py
[2024-11-03T05:31:04.508+0000] {processor.py:925} INFO - DAG(s) 'example_skip_dag' retrieved from /home/airflow/.local/lib/python3.12/site-packages/airflow/example_dags/example_skip_dag.py
[2024-11-03T05:31:04.554+0000] {logging_mixin.py:190} INFO - [2024-11-03T05:31:04.554+0000] {dag.py:3239} INFO - Sync 1 DAGs
[2024-11-03T05:31:04.613+0000] {logging_mixin.py:190} INFO - [2024-11-03T05:31:04.612+0000] {dag.py:4180} INFO - Setting next_dagrun for example_skip_dag to 2024-11-02 00:00:00+00:00, run_after=2024-11-03 00:00:00+00:00
[2024-11-03T05:31:04.655+0000] {processor.py:208} INFO - Processing /home/airflow/.local/lib/python3.12/site-packages/airflow/example_dags/example_skip_dag.py took 0.199 seconds
[2024-11-03T05:31:35.203+0000] {processor.py:186} INFO - Started process (PID=1520) to work on /home/airflow/.local/lib/python3.12/site-packages/airflow/example_dags/example_skip_dag.py
[2024-11-03T05:31:35.204+0000] {processor.py:914} INFO - Processing file /home/airflow/.local/lib/python3.12/site-packages/airflow/example_dags/example_skip_dag.py for tasks to queue
[2024-11-03T05:31:35.206+0000] {logging_mixin.py:190} INFO - [2024-11-03T05:31:35.206+0000] {dagbag.py:588} INFO - Filling up the DagBag from /home/airflow/.local/lib/python3.12/site-packages/airflow/example_dags/example_skip_dag.py
[2024-11-03T05:31:35.216+0000] {processor.py:925} INFO - DAG(s) 'example_skip_dag' retrieved from /home/airflow/.local/lib/python3.12/site-packages/airflow/example_dags/example_skip_dag.py
[2024-11-03T05:31:35.242+0000] {logging_mixin.py:190} INFO - [2024-11-03T05:31:35.241+0000] {dag.py:3239} INFO - Sync 1 DAGs
[2024-11-03T05:31:35.272+0000] {logging_mixin.py:190} INFO - [2024-11-03T05:31:35.271+0000] {dag.py:4180} INFO - Setting next_dagrun for example_skip_dag to 2024-11-02 00:00:00+00:00, run_after=2024-11-03 00:00:00+00:00
[2024-11-03T05:31:35.300+0000] {processor.py:208} INFO - Processing /home/airflow/.local/lib/python3.12/site-packages/airflow/example_dags/example_skip_dag.py took 0.104 seconds
[2024-11-03T05:32:06.014+0000] {processor.py:186} INFO - Started process (PID=1811) to work on /home/airflow/.local/lib/python3.12/site-packages/airflow/example_dags/example_skip_dag.py
[2024-11-03T05:32:06.015+0000] {processor.py:914} INFO - Processing file /home/airflow/.local/lib/python3.12/site-packages/airflow/example_dags/example_skip_dag.py for tasks to queue
[2024-11-03T05:32:06.018+0000] {logging_mixin.py:190} INFO - [2024-11-03T05:32:06.017+0000] {dagbag.py:588} INFO - Filling up the DagBag from /home/airflow/.local/lib/python3.12/site-packages/airflow/example_dags/example_skip_dag.py
[2024-11-03T05:32:06.026+0000] {processor.py:925} INFO - DAG(s) 'example_skip_dag' retrieved from /home/airflow/.local/lib/python3.12/site-packages/airflow/example_dags/example_skip_dag.py
[2024-11-03T05:32:06.050+0000] {logging_mixin.py:190} INFO - [2024-11-03T05:32:06.049+0000] {dag.py:3239} INFO - Sync 1 DAGs
[2024-11-03T05:32:06.076+0000] {logging_mixin.py:190} INFO - [2024-11-03T05:32:06.075+0000] {dag.py:4180} INFO - Setting next_dagrun for example_skip_dag to 2024-11-02 00:00:00+00:00, run_after=2024-11-03 00:00:00+00:00
[2024-11-03T05:32:06.103+0000] {processor.py:208} INFO - Processing /home/airflow/.local/lib/python3.12/site-packages/airflow/example_dags/example_skip_dag.py took 0.095 seconds
[2024-11-03T05:32:37.002+0000] {processor.py:186} INFO - Started process (PID=2102) to work on /home/airflow/.local/lib/python3.12/site-packages/airflow/example_dags/example_skip_dag.py
[2024-11-03T05:32:37.004+0000] {processor.py:914} INFO - Processing file /home/airflow/.local/lib/python3.12/site-packages/airflow/example_dags/example_skip_dag.py for tasks to queue
[2024-11-03T05:32:37.007+0000] {logging_mixin.py:190} INFO - [2024-11-03T05:32:37.006+0000] {dagbag.py:588} INFO - Filling up the DagBag from /home/airflow/.local/lib/python3.12/site-packages/airflow/example_dags/example_skip_dag.py
[2024-11-03T05:32:37.021+0000] {processor.py:925} INFO - DAG(s) 'example_skip_dag' retrieved from /home/airflow/.local/lib/python3.12/site-packages/airflow/example_dags/example_skip_dag.py
[2024-11-03T05:32:37.058+0000] {logging_mixin.py:190} INFO - [2024-11-03T05:32:37.058+0000] {dag.py:3239} INFO - Sync 1 DAGs
[2024-11-03T05:32:37.115+0000] {logging_mixin.py:190} INFO - [2024-11-03T05:32:37.115+0000] {dag.py:4180} INFO - Setting next_dagrun for example_skip_dag to 2024-11-02 00:00:00+00:00, run_after=2024-11-03 00:00:00+00:00
[2024-11-03T05:32:37.155+0000] {processor.py:208} INFO - Processing /home/airflow/.local/lib/python3.12/site-packages/airflow/example_dags/example_skip_dag.py took 0.165 seconds
[2024-11-03T05:33:07.389+0000] {processor.py:186} INFO - Started process (PID=2394) to work on /home/airflow/.local/lib/python3.12/site-packages/airflow/example_dags/example_skip_dag.py
[2024-11-03T05:33:07.391+0000] {processor.py:914} INFO - Processing file /home/airflow/.local/lib/python3.12/site-packages/airflow/example_dags/example_skip_dag.py for tasks to queue
[2024-11-03T05:33:07.393+0000] {logging_mixin.py:190} INFO - [2024-11-03T05:33:07.393+0000] {dagbag.py:588} INFO - Filling up the DagBag from /home/airflow/.local/lib/python3.12/site-packages/airflow/example_dags/example_skip_dag.py
[2024-11-03T05:33:07.403+0000] {processor.py:925} INFO - DAG(s) 'example_skip_dag' retrieved from /home/airflow/.local/lib/python3.12/site-packages/airflow/example_dags/example_skip_dag.py
[2024-11-03T05:33:07.428+0000] {logging_mixin.py:190} INFO - [2024-11-03T05:33:07.428+0000] {dag.py:3239} INFO - Sync 1 DAGs
[2024-11-03T05:33:07.460+0000] {logging_mixin.py:190} INFO - [2024-11-03T05:33:07.460+0000] {dag.py:4180} INFO - Setting next_dagrun for example_skip_dag to 2024-11-02 00:00:00+00:00, run_after=2024-11-03 00:00:00+00:00
[2024-11-03T05:33:07.484+0000] {processor.py:208} INFO - Processing /home/airflow/.local/lib/python3.12/site-packages/airflow/example_dags/example_skip_dag.py took 0.102 seconds
[2024-11-03T05:33:37.630+0000] {processor.py:186} INFO - Started process (PID=2685) to work on /home/airflow/.local/lib/python3.12/site-packages/airflow/example_dags/example_skip_dag.py
[2024-11-03T05:33:37.631+0000] {processor.py:914} INFO - Processing file /home/airflow/.local/lib/python3.12/site-packages/airflow/example_dags/example_skip_dag.py for tasks to queue
[2024-11-03T05:33:37.635+0000] {logging_mixin.py:190} INFO - [2024-11-03T05:33:37.634+0000] {dagbag.py:588} INFO - Filling up the DagBag from /home/airflow/.local/lib/python3.12/site-packages/airflow/example_dags/example_skip_dag.py
[2024-11-03T05:33:37.648+0000] {processor.py:925} INFO - DAG(s) 'example_skip_dag' retrieved from /home/airflow/.local/lib/python3.12/site-packages/airflow/example_dags/example_skip_dag.py
[2024-11-03T05:33:37.685+0000] {logging_mixin.py:190} INFO - [2024-11-03T05:33:37.684+0000] {dag.py:3239} INFO - Sync 1 DAGs
[2024-11-03T05:33:37.732+0000] {logging_mixin.py:190} INFO - [2024-11-03T05:33:37.732+0000] {dag.py:4180} INFO - Setting next_dagrun for example_skip_dag to 2024-11-02 00:00:00+00:00, run_after=2024-11-03 00:00:00+00:00
[2024-11-03T05:33:37.766+0000] {processor.py:208} INFO - Processing /home/airflow/.local/lib/python3.12/site-packages/airflow/example_dags/example_skip_dag.py took 0.146 seconds
[2024-11-03T05:34:08.675+0000] {processor.py:186} INFO - Started process (PID=2978) to work on /home/airflow/.local/lib/python3.12/site-packages/airflow/example_dags/example_skip_dag.py
[2024-11-03T05:34:08.676+0000] {processor.py:914} INFO - Processing file /home/airflow/.local/lib/python3.12/site-packages/airflow/example_dags/example_skip_dag.py for tasks to queue
[2024-11-03T05:34:08.680+0000] {logging_mixin.py:190} INFO - [2024-11-03T05:34:08.680+0000] {dagbag.py:588} INFO - Filling up the DagBag from /home/airflow/.local/lib/python3.12/site-packages/airflow/example_dags/example_skip_dag.py
[2024-11-03T05:34:08.691+0000] {processor.py:925} INFO - DAG(s) 'example_skip_dag' retrieved from /home/airflow/.local/lib/python3.12/site-packages/airflow/example_dags/example_skip_dag.py
[2024-11-03T05:34:08.716+0000] {logging_mixin.py:190} INFO - [2024-11-03T05:34:08.716+0000] {dag.py:3239} INFO - Sync 1 DAGs
[2024-11-03T05:34:08.749+0000] {logging_mixin.py:190} INFO - [2024-11-03T05:34:08.749+0000] {dag.py:4180} INFO - Setting next_dagrun for example_skip_dag to 2024-11-02 00:00:00+00:00, run_after=2024-11-03 00:00:00+00:00
[2024-11-03T05:34:08.771+0000] {processor.py:208} INFO - Processing /home/airflow/.local/lib/python3.12/site-packages/airflow/example_dags/example_skip_dag.py took 0.110 seconds
[2024-11-03T05:34:39.134+0000] {processor.py:186} INFO - Started process (PID=3267) to work on /home/airflow/.local/lib/python3.12/site-packages/airflow/example_dags/example_skip_dag.py
[2024-11-03T05:34:39.137+0000] {processor.py:914} INFO - Processing file /home/airflow/.local/lib/python3.12/site-packages/airflow/example_dags/example_skip_dag.py for tasks to queue
[2024-11-03T05:34:39.142+0000] {logging_mixin.py:190} INFO - [2024-11-03T05:34:39.142+0000] {dagbag.py:588} INFO - Filling up the DagBag from /home/airflow/.local/lib/python3.12/site-packages/airflow/example_dags/example_skip_dag.py
[2024-11-03T05:34:39.158+0000] {processor.py:925} INFO - DAG(s) 'example_skip_dag' retrieved from /home/airflow/.local/lib/python3.12/site-packages/airflow/example_dags/example_skip_dag.py
[2024-11-03T05:34:39.198+0000] {logging_mixin.py:190} INFO - [2024-11-03T05:34:39.198+0000] {dag.py:3239} INFO - Sync 1 DAGs
[2024-11-03T05:34:39.240+0000] {logging_mixin.py:190} INFO - [2024-11-03T05:34:39.239+0000] {dag.py:4180} INFO - Setting next_dagrun for example_skip_dag to 2024-11-02 00:00:00+00:00, run_after=2024-11-03 00:00:00+00:00
[2024-11-03T05:34:39.273+0000] {processor.py:208} INFO - Processing /home/airflow/.local/lib/python3.12/site-packages/airflow/example_dags/example_skip_dag.py took 0.150 seconds
[2024-11-03T05:35:09.736+0000] {processor.py:186} INFO - Started process (PID=3558) to work on /home/airflow/.local/lib/python3.12/site-packages/airflow/example_dags/example_skip_dag.py
[2024-11-03T05:35:09.738+0000] {processor.py:914} INFO - Processing file /home/airflow/.local/lib/python3.12/site-packages/airflow/example_dags/example_skip_dag.py for tasks to queue
[2024-11-03T05:35:09.741+0000] {logging_mixin.py:190} INFO - [2024-11-03T05:35:09.741+0000] {dagbag.py:588} INFO - Filling up the DagBag from /home/airflow/.local/lib/python3.12/site-packages/airflow/example_dags/example_skip_dag.py
[2024-11-03T05:35:09.755+0000] {processor.py:925} INFO - DAG(s) 'example_skip_dag' retrieved from /home/airflow/.local/lib/python3.12/site-packages/airflow/example_dags/example_skip_dag.py
[2024-11-03T05:35:09.790+0000] {logging_mixin.py:190} INFO - [2024-11-03T05:35:09.789+0000] {dag.py:3239} INFO - Sync 1 DAGs
[2024-11-03T05:35:09.830+0000] {logging_mixin.py:190} INFO - [2024-11-03T05:35:09.830+0000] {dag.py:4180} INFO - Setting next_dagrun for example_skip_dag to 2024-11-02 00:00:00+00:00, run_after=2024-11-03 00:00:00+00:00
[2024-11-03T05:35:09.868+0000] {processor.py:208} INFO - Processing /home/airflow/.local/lib/python3.12/site-packages/airflow/example_dags/example_skip_dag.py took 0.140 seconds
[2024-11-03T05:35:40.794+0000] {processor.py:186} INFO - Started process (PID=3849) to work on /home/airflow/.local/lib/python3.12/site-packages/airflow/example_dags/example_skip_dag.py
[2024-11-03T05:35:40.796+0000] {processor.py:914} INFO - Processing file /home/airflow/.local/lib/python3.12/site-packages/airflow/example_dags/example_skip_dag.py for tasks to queue
[2024-11-03T05:35:40.798+0000] {logging_mixin.py:190} INFO - [2024-11-03T05:35:40.798+0000] {dagbag.py:588} INFO - Filling up the DagBag from /home/airflow/.local/lib/python3.12/site-packages/airflow/example_dags/example_skip_dag.py
[2024-11-03T05:35:40.806+0000] {processor.py:925} INFO - DAG(s) 'example_skip_dag' retrieved from /home/airflow/.local/lib/python3.12/site-packages/airflow/example_dags/example_skip_dag.py
[2024-11-03T05:35:40.829+0000] {logging_mixin.py:190} INFO - [2024-11-03T05:35:40.829+0000] {dag.py:3239} INFO - Sync 1 DAGs
[2024-11-03T05:35:40.857+0000] {logging_mixin.py:190} INFO - [2024-11-03T05:35:40.857+0000] {dag.py:4180} INFO - Setting next_dagrun for example_skip_dag to 2024-11-02 00:00:00+00:00, run_after=2024-11-03 00:00:00+00:00
[2024-11-03T05:35:40.881+0000] {processor.py:208} INFO - Processing /home/airflow/.local/lib/python3.12/site-packages/airflow/example_dags/example_skip_dag.py took 0.092 seconds
[2024-11-03T05:36:11.367+0000] {processor.py:186} INFO - Started process (PID=4140) to work on /home/airflow/.local/lib/python3.12/site-packages/airflow/example_dags/example_skip_dag.py
[2024-11-03T05:36:11.368+0000] {processor.py:914} INFO - Processing file /home/airflow/.local/lib/python3.12/site-packages/airflow/example_dags/example_skip_dag.py for tasks to queue
[2024-11-03T05:36:11.370+0000] {logging_mixin.py:190} INFO - [2024-11-03T05:36:11.370+0000] {dagbag.py:588} INFO - Filling up the DagBag from /home/airflow/.local/lib/python3.12/site-packages/airflow/example_dags/example_skip_dag.py
[2024-11-03T05:36:11.380+0000] {processor.py:925} INFO - DAG(s) 'example_skip_dag' retrieved from /home/airflow/.local/lib/python3.12/site-packages/airflow/example_dags/example_skip_dag.py
[2024-11-03T05:36:11.407+0000] {logging_mixin.py:190} INFO - [2024-11-03T05:36:11.407+0000] {dag.py:3239} INFO - Sync 1 DAGs
[2024-11-03T05:36:11.432+0000] {logging_mixin.py:190} INFO - [2024-11-03T05:36:11.432+0000] {dag.py:4180} INFO - Setting next_dagrun for example_skip_dag to 2024-11-02 00:00:00+00:00, run_after=2024-11-03 00:00:00+00:00
[2024-11-03T05:36:11.455+0000] {processor.py:208} INFO - Processing /home/airflow/.local/lib/python3.12/site-packages/airflow/example_dags/example_skip_dag.py took 0.094 seconds
[2024-11-03T05:36:41.655+0000] {processor.py:186} INFO - Started process (PID=4431) to work on /home/airflow/.local/lib/python3.12/site-packages/airflow/example_dags/example_skip_dag.py
[2024-11-03T05:36:41.656+0000] {processor.py:914} INFO - Processing file /home/airflow/.local/lib/python3.12/site-packages/airflow/example_dags/example_skip_dag.py for tasks to queue
[2024-11-03T05:36:41.659+0000] {logging_mixin.py:190} INFO - [2024-11-03T05:36:41.659+0000] {dagbag.py:588} INFO - Filling up the DagBag from /home/airflow/.local/lib/python3.12/site-packages/airflow/example_dags/example_skip_dag.py
[2024-11-03T05:36:41.666+0000] {processor.py:925} INFO - DAG(s) 'example_skip_dag' retrieved from /home/airflow/.local/lib/python3.12/site-packages/airflow/example_dags/example_skip_dag.py
[2024-11-03T05:36:41.691+0000] {logging_mixin.py:190} INFO - [2024-11-03T05:36:41.691+0000] {dag.py:3239} INFO - Sync 1 DAGs
[2024-11-03T05:36:41.715+0000] {logging_mixin.py:190} INFO - [2024-11-03T05:36:41.715+0000] {dag.py:4180} INFO - Setting next_dagrun for example_skip_dag to 2024-11-02 00:00:00+00:00, run_after=2024-11-03 00:00:00+00:00
[2024-11-03T05:36:41.737+0000] {processor.py:208} INFO - Processing /home/airflow/.local/lib/python3.12/site-packages/airflow/example_dags/example_skip_dag.py took 0.087 seconds
[2024-11-03T05:37:11.956+0000] {processor.py:186} INFO - Started process (PID=4722) to work on /home/airflow/.local/lib/python3.12/site-packages/airflow/example_dags/example_skip_dag.py
[2024-11-03T05:37:11.957+0000] {processor.py:914} INFO - Processing file /home/airflow/.local/lib/python3.12/site-packages/airflow/example_dags/example_skip_dag.py for tasks to queue
[2024-11-03T05:37:11.960+0000] {logging_mixin.py:190} INFO - [2024-11-03T05:37:11.960+0000] {dagbag.py:588} INFO - Filling up the DagBag from /home/airflow/.local/lib/python3.12/site-packages/airflow/example_dags/example_skip_dag.py
[2024-11-03T05:37:11.967+0000] {processor.py:925} INFO - DAG(s) 'example_skip_dag' retrieved from /home/airflow/.local/lib/python3.12/site-packages/airflow/example_dags/example_skip_dag.py
[2024-11-03T05:37:11.990+0000] {logging_mixin.py:190} INFO - [2024-11-03T05:37:11.989+0000] {dag.py:3239} INFO - Sync 1 DAGs
[2024-11-03T05:37:12.013+0000] {logging_mixin.py:190} INFO - [2024-11-03T05:37:12.013+0000] {dag.py:4180} INFO - Setting next_dagrun for example_skip_dag to 2024-11-02 00:00:00+00:00, run_after=2024-11-03 00:00:00+00:00
[2024-11-03T05:37:12.035+0000] {processor.py:208} INFO - Processing /home/airflow/.local/lib/python3.12/site-packages/airflow/example_dags/example_skip_dag.py took 0.085 seconds
[2024-11-03T05:37:42.392+0000] {processor.py:186} INFO - Started process (PID=5013) to work on /home/airflow/.local/lib/python3.12/site-packages/airflow/example_dags/example_skip_dag.py
[2024-11-03T05:37:42.419+0000] {processor.py:914} INFO - Processing file /home/airflow/.local/lib/python3.12/site-packages/airflow/example_dags/example_skip_dag.py for tasks to queue
[2024-11-03T05:37:42.423+0000] {logging_mixin.py:190} INFO - [2024-11-03T05:37:42.423+0000] {dagbag.py:588} INFO - Filling up the DagBag from /home/airflow/.local/lib/python3.12/site-packages/airflow/example_dags/example_skip_dag.py
[2024-11-03T05:37:42.441+0000] {processor.py:925} INFO - DAG(s) 'example_skip_dag' retrieved from /home/airflow/.local/lib/python3.12/site-packages/airflow/example_dags/example_skip_dag.py
[2024-11-03T05:37:42.470+0000] {logging_mixin.py:190} INFO - [2024-11-03T05:37:42.470+0000] {dag.py:3239} INFO - Sync 1 DAGs
[2024-11-03T05:37:42.502+0000] {logging_mixin.py:190} INFO - [2024-11-03T05:37:42.501+0000] {dag.py:4180} INFO - Setting next_dagrun for example_skip_dag to 2024-11-02 00:00:00+00:00, run_after=2024-11-03 00:00:00+00:00
[2024-11-03T05:37:42.531+0000] {processor.py:208} INFO - Processing /home/airflow/.local/lib/python3.12/site-packages/airflow/example_dags/example_skip_dag.py took 0.158 seconds
[2024-11-03T05:38:13.390+0000] {processor.py:186} INFO - Started process (PID=5304) to work on /home/airflow/.local/lib/python3.12/site-packages/airflow/example_dags/example_skip_dag.py
[2024-11-03T05:38:13.391+0000] {processor.py:914} INFO - Processing file /home/airflow/.local/lib/python3.12/site-packages/airflow/example_dags/example_skip_dag.py for tasks to queue
[2024-11-03T05:38:13.393+0000] {logging_mixin.py:190} INFO - [2024-11-03T05:38:13.393+0000] {dagbag.py:588} INFO - Filling up the DagBag from /home/airflow/.local/lib/python3.12/site-packages/airflow/example_dags/example_skip_dag.py
[2024-11-03T05:38:13.401+0000] {processor.py:925} INFO - DAG(s) 'example_skip_dag' retrieved from /home/airflow/.local/lib/python3.12/site-packages/airflow/example_dags/example_skip_dag.py
[2024-11-03T05:38:13.424+0000] {logging_mixin.py:190} INFO - [2024-11-03T05:38:13.424+0000] {dag.py:3239} INFO - Sync 1 DAGs
[2024-11-03T05:38:13.452+0000] {logging_mixin.py:190} INFO - [2024-11-03T05:38:13.452+0000] {dag.py:4180} INFO - Setting next_dagrun for example_skip_dag to 2024-11-02 00:00:00+00:00, run_after=2024-11-03 00:00:00+00:00
[2024-11-03T05:38:13.475+0000] {processor.py:208} INFO - Processing /home/airflow/.local/lib/python3.12/site-packages/airflow/example_dags/example_skip_dag.py took 0.091 seconds
[2024-11-03T05:38:44.380+0000] {processor.py:186} INFO - Started process (PID=5595) to work on /home/airflow/.local/lib/python3.12/site-packages/airflow/example_dags/example_skip_dag.py
[2024-11-03T05:38:44.381+0000] {processor.py:914} INFO - Processing file /home/airflow/.local/lib/python3.12/site-packages/airflow/example_dags/example_skip_dag.py for tasks to queue
[2024-11-03T05:38:44.383+0000] {logging_mixin.py:190} INFO - [2024-11-03T05:38:44.383+0000] {dagbag.py:588} INFO - Filling up the DagBag from /home/airflow/.local/lib/python3.12/site-packages/airflow/example_dags/example_skip_dag.py
[2024-11-03T05:38:44.393+0000] {processor.py:925} INFO - DAG(s) 'example_skip_dag' retrieved from /home/airflow/.local/lib/python3.12/site-packages/airflow/example_dags/example_skip_dag.py
[2024-11-03T05:38:44.422+0000] {logging_mixin.py:190} INFO - [2024-11-03T05:38:44.421+0000] {dag.py:3239} INFO - Sync 1 DAGs
[2024-11-03T05:38:44.454+0000] {logging_mixin.py:190} INFO - [2024-11-03T05:38:44.454+0000] {dag.py:4180} INFO - Setting next_dagrun for example_skip_dag to 2024-11-02 00:00:00+00:00, run_after=2024-11-03 00:00:00+00:00
[2024-11-03T05:38:44.491+0000] {processor.py:208} INFO - Processing /home/airflow/.local/lib/python3.12/site-packages/airflow/example_dags/example_skip_dag.py took 0.116 seconds
[2024-11-03T05:39:14.700+0000] {processor.py:186} INFO - Started process (PID=5886) to work on /home/airflow/.local/lib/python3.12/site-packages/airflow/example_dags/example_skip_dag.py
[2024-11-03T05:39:14.701+0000] {processor.py:914} INFO - Processing file /home/airflow/.local/lib/python3.12/site-packages/airflow/example_dags/example_skip_dag.py for tasks to queue
[2024-11-03T05:39:14.703+0000] {logging_mixin.py:190} INFO - [2024-11-03T05:39:14.703+0000] {dagbag.py:588} INFO - Filling up the DagBag from /home/airflow/.local/lib/python3.12/site-packages/airflow/example_dags/example_skip_dag.py
[2024-11-03T05:39:14.711+0000] {processor.py:925} INFO - DAG(s) 'example_skip_dag' retrieved from /home/airflow/.local/lib/python3.12/site-packages/airflow/example_dags/example_skip_dag.py
[2024-11-03T05:39:14.736+0000] {logging_mixin.py:190} INFO - [2024-11-03T05:39:14.736+0000] {dag.py:3239} INFO - Sync 1 DAGs
[2024-11-03T05:39:14.763+0000] {logging_mixin.py:190} INFO - [2024-11-03T05:39:14.763+0000] {dag.py:4180} INFO - Setting next_dagrun for example_skip_dag to 2024-11-02 00:00:00+00:00, run_after=2024-11-03 00:00:00+00:00
[2024-11-03T05:39:14.794+0000] {processor.py:208} INFO - Processing /home/airflow/.local/lib/python3.12/site-packages/airflow/example_dags/example_skip_dag.py took 0.100 seconds
[2024-11-03T05:39:45.348+0000] {processor.py:186} INFO - Started process (PID=6177) to work on /home/airflow/.local/lib/python3.12/site-packages/airflow/example_dags/example_skip_dag.py
[2024-11-03T05:39:45.350+0000] {processor.py:914} INFO - Processing file /home/airflow/.local/lib/python3.12/site-packages/airflow/example_dags/example_skip_dag.py for tasks to queue
[2024-11-03T05:39:45.352+0000] {logging_mixin.py:190} INFO - [2024-11-03T05:39:45.352+0000] {dagbag.py:588} INFO - Filling up the DagBag from /home/airflow/.local/lib/python3.12/site-packages/airflow/example_dags/example_skip_dag.py
[2024-11-03T05:39:45.362+0000] {processor.py:925} INFO - DAG(s) 'example_skip_dag' retrieved from /home/airflow/.local/lib/python3.12/site-packages/airflow/example_dags/example_skip_dag.py
[2024-11-03T05:39:45.387+0000] {logging_mixin.py:190} INFO - [2024-11-03T05:39:45.387+0000] {dag.py:3239} INFO - Sync 1 DAGs
[2024-11-03T05:39:45.414+0000] {logging_mixin.py:190} INFO - [2024-11-03T05:39:45.414+0000] {dag.py:4180} INFO - Setting next_dagrun for example_skip_dag to 2024-11-02 00:00:00+00:00, run_after=2024-11-03 00:00:00+00:00
[2024-11-03T05:39:45.440+0000] {processor.py:208} INFO - Processing /home/airflow/.local/lib/python3.12/site-packages/airflow/example_dags/example_skip_dag.py took 0.097 seconds
[2024-11-03T05:40:15.689+0000] {processor.py:186} INFO - Started process (PID=6468) to work on /home/airflow/.local/lib/python3.12/site-packages/airflow/example_dags/example_skip_dag.py
[2024-11-03T05:40:15.690+0000] {processor.py:914} INFO - Processing file /home/airflow/.local/lib/python3.12/site-packages/airflow/example_dags/example_skip_dag.py for tasks to queue
[2024-11-03T05:40:15.693+0000] {logging_mixin.py:190} INFO - [2024-11-03T05:40:15.693+0000] {dagbag.py:588} INFO - Filling up the DagBag from /home/airflow/.local/lib/python3.12/site-packages/airflow/example_dags/example_skip_dag.py
[2024-11-03T05:40:15.700+0000] {processor.py:925} INFO - DAG(s) 'example_skip_dag' retrieved from /home/airflow/.local/lib/python3.12/site-packages/airflow/example_dags/example_skip_dag.py
[2024-11-03T05:40:15.724+0000] {logging_mixin.py:190} INFO - [2024-11-03T05:40:15.723+0000] {dag.py:3239} INFO - Sync 1 DAGs
[2024-11-03T05:40:15.749+0000] {logging_mixin.py:190} INFO - [2024-11-03T05:40:15.749+0000] {dag.py:4180} INFO - Setting next_dagrun for example_skip_dag to 2024-11-02 00:00:00+00:00, run_after=2024-11-03 00:00:00+00:00
[2024-11-03T05:40:15.771+0000] {processor.py:208} INFO - Processing /home/airflow/.local/lib/python3.12/site-packages/airflow/example_dags/example_skip_dag.py took 0.089 seconds
[2024-11-03T05:40:46.265+0000] {processor.py:186} INFO - Started process (PID=6759) to work on /home/airflow/.local/lib/python3.12/site-packages/airflow/example_dags/example_skip_dag.py
[2024-11-03T05:40:46.267+0000] {processor.py:914} INFO - Processing file /home/airflow/.local/lib/python3.12/site-packages/airflow/example_dags/example_skip_dag.py for tasks to queue
[2024-11-03T05:40:46.269+0000] {logging_mixin.py:190} INFO - [2024-11-03T05:40:46.269+0000] {dagbag.py:588} INFO - Filling up the DagBag from /home/airflow/.local/lib/python3.12/site-packages/airflow/example_dags/example_skip_dag.py
[2024-11-03T05:40:46.277+0000] {processor.py:925} INFO - DAG(s) 'example_skip_dag' retrieved from /home/airflow/.local/lib/python3.12/site-packages/airflow/example_dags/example_skip_dag.py
[2024-11-03T05:40:46.302+0000] {logging_mixin.py:190} INFO - [2024-11-03T05:40:46.302+0000] {dag.py:3239} INFO - Sync 1 DAGs
[2024-11-03T05:40:46.329+0000] {logging_mixin.py:190} INFO - [2024-11-03T05:40:46.329+0000] {dag.py:4180} INFO - Setting next_dagrun for example_skip_dag to 2024-11-02 00:00:00+00:00, run_after=2024-11-03 00:00:00+00:00
[2024-11-03T05:40:46.355+0000] {processor.py:208} INFO - Processing /home/airflow/.local/lib/python3.12/site-packages/airflow/example_dags/example_skip_dag.py took 0.098 seconds
[2024-11-03T05:41:16.898+0000] {processor.py:186} INFO - Started process (PID=7050) to work on /home/airflow/.local/lib/python3.12/site-packages/airflow/example_dags/example_skip_dag.py
[2024-11-03T05:41:16.899+0000] {processor.py:914} INFO - Processing file /home/airflow/.local/lib/python3.12/site-packages/airflow/example_dags/example_skip_dag.py for tasks to queue
[2024-11-03T05:41:16.901+0000] {logging_mixin.py:190} INFO - [2024-11-03T05:41:16.901+0000] {dagbag.py:588} INFO - Filling up the DagBag from /home/airflow/.local/lib/python3.12/site-packages/airflow/example_dags/example_skip_dag.py
[2024-11-03T05:41:16.909+0000] {processor.py:925} INFO - DAG(s) 'example_skip_dag' retrieved from /home/airflow/.local/lib/python3.12/site-packages/airflow/example_dags/example_skip_dag.py
[2024-11-03T05:41:16.934+0000] {logging_mixin.py:190} INFO - [2024-11-03T05:41:16.933+0000] {dag.py:3239} INFO - Sync 1 DAGs
[2024-11-03T05:41:16.960+0000] {logging_mixin.py:190} INFO - [2024-11-03T05:41:16.960+0000] {dag.py:4180} INFO - Setting next_dagrun for example_skip_dag to 2024-11-02 00:00:00+00:00, run_after=2024-11-03 00:00:00+00:00
[2024-11-03T05:41:16.982+0000] {processor.py:208} INFO - Processing /home/airflow/.local/lib/python3.12/site-packages/airflow/example_dags/example_skip_dag.py took 0.091 seconds
[2024-11-03T05:41:47.457+0000] {processor.py:186} INFO - Started process (PID=7341) to work on /home/airflow/.local/lib/python3.12/site-packages/airflow/example_dags/example_skip_dag.py
[2024-11-03T05:41:47.459+0000] {processor.py:914} INFO - Processing file /home/airflow/.local/lib/python3.12/site-packages/airflow/example_dags/example_skip_dag.py for tasks to queue
[2024-11-03T05:41:47.461+0000] {logging_mixin.py:190} INFO - [2024-11-03T05:41:47.461+0000] {dagbag.py:588} INFO - Filling up the DagBag from /home/airflow/.local/lib/python3.12/site-packages/airflow/example_dags/example_skip_dag.py
[2024-11-03T05:41:47.468+0000] {processor.py:925} INFO - DAG(s) 'example_skip_dag' retrieved from /home/airflow/.local/lib/python3.12/site-packages/airflow/example_dags/example_skip_dag.py
[2024-11-03T05:41:47.491+0000] {logging_mixin.py:190} INFO - [2024-11-03T05:41:47.491+0000] {dag.py:3239} INFO - Sync 1 DAGs
[2024-11-03T05:41:47.515+0000] {logging_mixin.py:190} INFO - [2024-11-03T05:41:47.515+0000] {dag.py:4180} INFO - Setting next_dagrun for example_skip_dag to 2024-11-02 00:00:00+00:00, run_after=2024-11-03 00:00:00+00:00
[2024-11-03T05:41:47.539+0000] {processor.py:208} INFO - Processing /home/airflow/.local/lib/python3.12/site-packages/airflow/example_dags/example_skip_dag.py took 0.088 seconds
[2024-11-03T05:42:17.745+0000] {processor.py:186} INFO - Started process (PID=7632) to work on /home/airflow/.local/lib/python3.12/site-packages/airflow/example_dags/example_skip_dag.py
[2024-11-03T05:42:17.746+0000] {processor.py:914} INFO - Processing file /home/airflow/.local/lib/python3.12/site-packages/airflow/example_dags/example_skip_dag.py for tasks to queue
[2024-11-03T05:42:17.749+0000] {logging_mixin.py:190} INFO - [2024-11-03T05:42:17.748+0000] {dagbag.py:588} INFO - Filling up the DagBag from /home/airflow/.local/lib/python3.12/site-packages/airflow/example_dags/example_skip_dag.py
[2024-11-03T05:42:17.756+0000] {processor.py:925} INFO - DAG(s) 'example_skip_dag' retrieved from /home/airflow/.local/lib/python3.12/site-packages/airflow/example_dags/example_skip_dag.py
[2024-11-03T05:42:17.779+0000] {logging_mixin.py:190} INFO - [2024-11-03T05:42:17.778+0000] {dag.py:3239} INFO - Sync 1 DAGs
[2024-11-03T05:42:17.803+0000] {logging_mixin.py:190} INFO - [2024-11-03T05:42:17.803+0000] {dag.py:4180} INFO - Setting next_dagrun for example_skip_dag to 2024-11-02 00:00:00+00:00, run_after=2024-11-03 00:00:00+00:00
[2024-11-03T05:42:17.825+0000] {processor.py:208} INFO - Processing /home/airflow/.local/lib/python3.12/site-packages/airflow/example_dags/example_skip_dag.py took 0.085 seconds
[2024-11-03T05:42:48.484+0000] {processor.py:186} INFO - Started process (PID=7924) to work on /home/airflow/.local/lib/python3.12/site-packages/airflow/example_dags/example_skip_dag.py
[2024-11-03T05:42:48.486+0000] {processor.py:914} INFO - Processing file /home/airflow/.local/lib/python3.12/site-packages/airflow/example_dags/example_skip_dag.py for tasks to queue
[2024-11-03T05:42:48.488+0000] {logging_mixin.py:190} INFO - [2024-11-03T05:42:48.488+0000] {dagbag.py:588} INFO - Filling up the DagBag from /home/airflow/.local/lib/python3.12/site-packages/airflow/example_dags/example_skip_dag.py
[2024-11-03T05:42:48.496+0000] {processor.py:925} INFO - DAG(s) 'example_skip_dag' retrieved from /home/airflow/.local/lib/python3.12/site-packages/airflow/example_dags/example_skip_dag.py
[2024-11-03T05:42:48.518+0000] {logging_mixin.py:190} INFO - [2024-11-03T05:42:48.518+0000] {dag.py:3239} INFO - Sync 1 DAGs
[2024-11-03T05:42:48.544+0000] {logging_mixin.py:190} INFO - [2024-11-03T05:42:48.544+0000] {dag.py:4180} INFO - Setting next_dagrun for example_skip_dag to 2024-11-02 00:00:00+00:00, run_after=2024-11-03 00:00:00+00:00
[2024-11-03T05:42:48.566+0000] {processor.py:208} INFO - Processing /home/airflow/.local/lib/python3.12/site-packages/airflow/example_dags/example_skip_dag.py took 0.088 seconds
[2024-11-03T05:43:19.389+0000] {processor.py:186} INFO - Started process (PID=8221) to work on /home/airflow/.local/lib/python3.12/site-packages/airflow/example_dags/example_skip_dag.py
[2024-11-03T05:43:19.390+0000] {processor.py:914} INFO - Processing file /home/airflow/.local/lib/python3.12/site-packages/airflow/example_dags/example_skip_dag.py for tasks to queue
[2024-11-03T05:43:19.393+0000] {logging_mixin.py:190} INFO - [2024-11-03T05:43:19.392+0000] {dagbag.py:588} INFO - Filling up the DagBag from /home/airflow/.local/lib/python3.12/site-packages/airflow/example_dags/example_skip_dag.py
[2024-11-03T05:43:19.401+0000] {processor.py:925} INFO - DAG(s) 'example_skip_dag' retrieved from /home/airflow/.local/lib/python3.12/site-packages/airflow/example_dags/example_skip_dag.py
[2024-11-03T05:43:19.426+0000] {logging_mixin.py:190} INFO - [2024-11-03T05:43:19.426+0000] {dag.py:3239} INFO - Sync 1 DAGs
[2024-11-03T05:43:19.450+0000] {logging_mixin.py:190} INFO - [2024-11-03T05:43:19.450+0000] {dag.py:4180} INFO - Setting next_dagrun for example_skip_dag to 2024-11-02 00:00:00+00:00, run_after=2024-11-03 00:00:00+00:00
[2024-11-03T05:43:19.481+0000] {processor.py:208} INFO - Processing /home/airflow/.local/lib/python3.12/site-packages/airflow/example_dags/example_skip_dag.py took 0.098 seconds
[2024-11-03T05:43:49.681+0000] {processor.py:186} INFO - Started process (PID=8512) to work on /home/airflow/.local/lib/python3.12/site-packages/airflow/example_dags/example_skip_dag.py
[2024-11-03T05:43:49.682+0000] {processor.py:914} INFO - Processing file /home/airflow/.local/lib/python3.12/site-packages/airflow/example_dags/example_skip_dag.py for tasks to queue
[2024-11-03T05:43:49.684+0000] {logging_mixin.py:190} INFO - [2024-11-03T05:43:49.684+0000] {dagbag.py:588} INFO - Filling up the DagBag from /home/airflow/.local/lib/python3.12/site-packages/airflow/example_dags/example_skip_dag.py
[2024-11-03T05:43:49.692+0000] {processor.py:925} INFO - DAG(s) 'example_skip_dag' retrieved from /home/airflow/.local/lib/python3.12/site-packages/airflow/example_dags/example_skip_dag.py
[2024-11-03T05:43:49.717+0000] {logging_mixin.py:190} INFO - [2024-11-03T05:43:49.716+0000] {dag.py:3239} INFO - Sync 1 DAGs
[2024-11-03T05:43:49.741+0000] {logging_mixin.py:190} INFO - [2024-11-03T05:43:49.741+0000] {dag.py:4180} INFO - Setting next_dagrun for example_skip_dag to 2024-11-02 00:00:00+00:00, run_after=2024-11-03 00:00:00+00:00
[2024-11-03T05:43:49.763+0000] {processor.py:208} INFO - Processing /home/airflow/.local/lib/python3.12/site-packages/airflow/example_dags/example_skip_dag.py took 0.089 seconds
[2024-11-03T05:44:20.109+0000] {processor.py:186} INFO - Started process (PID=8803) to work on /home/airflow/.local/lib/python3.12/site-packages/airflow/example_dags/example_skip_dag.py
[2024-11-03T05:44:20.110+0000] {processor.py:914} INFO - Processing file /home/airflow/.local/lib/python3.12/site-packages/airflow/example_dags/example_skip_dag.py for tasks to queue
[2024-11-03T05:44:20.113+0000] {logging_mixin.py:190} INFO - [2024-11-03T05:44:20.112+0000] {dagbag.py:588} INFO - Filling up the DagBag from /home/airflow/.local/lib/python3.12/site-packages/airflow/example_dags/example_skip_dag.py
[2024-11-03T05:44:20.121+0000] {processor.py:925} INFO - DAG(s) 'example_skip_dag' retrieved from /home/airflow/.local/lib/python3.12/site-packages/airflow/example_dags/example_skip_dag.py
[2024-11-03T05:44:20.143+0000] {logging_mixin.py:190} INFO - [2024-11-03T05:44:20.143+0000] {dag.py:3239} INFO - Sync 1 DAGs
[2024-11-03T05:44:20.172+0000] {logging_mixin.py:190} INFO - [2024-11-03T05:44:20.172+0000] {dag.py:4180} INFO - Setting next_dagrun for example_skip_dag to 2024-11-02 00:00:00+00:00, run_after=2024-11-03 00:00:00+00:00
[2024-11-03T05:44:20.194+0000] {processor.py:208} INFO - Processing /home/airflow/.local/lib/python3.12/site-packages/airflow/example_dags/example_skip_dag.py took 0.090 seconds
[2024-11-03T05:44:50.369+0000] {processor.py:186} INFO - Started process (PID=9091) to work on /home/airflow/.local/lib/python3.12/site-packages/airflow/example_dags/example_skip_dag.py
[2024-11-03T05:44:50.370+0000] {processor.py:914} INFO - Processing file /home/airflow/.local/lib/python3.12/site-packages/airflow/example_dags/example_skip_dag.py for tasks to queue
[2024-11-03T05:44:50.372+0000] {logging_mixin.py:190} INFO - [2024-11-03T05:44:50.372+0000] {dagbag.py:588} INFO - Filling up the DagBag from /home/airflow/.local/lib/python3.12/site-packages/airflow/example_dags/example_skip_dag.py
[2024-11-03T05:44:50.380+0000] {processor.py:925} INFO - DAG(s) 'example_skip_dag' retrieved from /home/airflow/.local/lib/python3.12/site-packages/airflow/example_dags/example_skip_dag.py
[2024-11-03T05:44:50.402+0000] {logging_mixin.py:190} INFO - [2024-11-03T05:44:50.402+0000] {dag.py:3239} INFO - Sync 1 DAGs
[2024-11-03T05:44:50.426+0000] {logging_mixin.py:190} INFO - [2024-11-03T05:44:50.425+0000] {dag.py:4180} INFO - Setting next_dagrun for example_skip_dag to 2024-11-02 00:00:00+00:00, run_after=2024-11-03 00:00:00+00:00
[2024-11-03T05:44:50.449+0000] {processor.py:208} INFO - Processing /home/airflow/.local/lib/python3.12/site-packages/airflow/example_dags/example_skip_dag.py took 0.086 seconds
[2024-11-03T05:45:20.599+0000] {processor.py:186} INFO - Started process (PID=9382) to work on /home/airflow/.local/lib/python3.12/site-packages/airflow/example_dags/example_skip_dag.py
[2024-11-03T05:45:20.600+0000] {processor.py:914} INFO - Processing file /home/airflow/.local/lib/python3.12/site-packages/airflow/example_dags/example_skip_dag.py for tasks to queue
[2024-11-03T05:45:20.602+0000] {logging_mixin.py:190} INFO - [2024-11-03T05:45:20.602+0000] {dagbag.py:588} INFO - Filling up the DagBag from /home/airflow/.local/lib/python3.12/site-packages/airflow/example_dags/example_skip_dag.py
[2024-11-03T05:45:20.609+0000] {processor.py:925} INFO - DAG(s) 'example_skip_dag' retrieved from /home/airflow/.local/lib/python3.12/site-packages/airflow/example_dags/example_skip_dag.py
[2024-11-03T05:45:20.632+0000] {logging_mixin.py:190} INFO - [2024-11-03T05:45:20.631+0000] {dag.py:3239} INFO - Sync 1 DAGs
[2024-11-03T05:45:20.656+0000] {logging_mixin.py:190} INFO - [2024-11-03T05:45:20.656+0000] {dag.py:4180} INFO - Setting next_dagrun for example_skip_dag to 2024-11-02 00:00:00+00:00, run_after=2024-11-03 00:00:00+00:00
[2024-11-03T05:45:20.678+0000] {processor.py:208} INFO - Processing /home/airflow/.local/lib/python3.12/site-packages/airflow/example_dags/example_skip_dag.py took 0.085 seconds
[2024-11-03T05:45:50.969+0000] {processor.py:186} INFO - Started process (PID=9673) to work on /home/airflow/.local/lib/python3.12/site-packages/airflow/example_dags/example_skip_dag.py
[2024-11-03T05:45:50.975+0000] {processor.py:914} INFO - Processing file /home/airflow/.local/lib/python3.12/site-packages/airflow/example_dags/example_skip_dag.py for tasks to queue
[2024-11-03T05:45:50.979+0000] {logging_mixin.py:190} INFO - [2024-11-03T05:45:50.978+0000] {dagbag.py:588} INFO - Filling up the DagBag from /home/airflow/.local/lib/python3.12/site-packages/airflow/example_dags/example_skip_dag.py
[2024-11-03T05:45:50.998+0000] {processor.py:925} INFO - DAG(s) 'example_skip_dag' retrieved from /home/airflow/.local/lib/python3.12/site-packages/airflow/example_dags/example_skip_dag.py
[2024-11-03T05:45:51.046+0000] {logging_mixin.py:190} INFO - [2024-11-03T05:45:51.045+0000] {dag.py:3239} INFO - Sync 1 DAGs
[2024-11-03T05:45:51.094+0000] {logging_mixin.py:190} INFO - [2024-11-03T05:45:51.093+0000] {dag.py:4180} INFO - Setting next_dagrun for example_skip_dag to 2024-11-02 00:00:00+00:00, run_after=2024-11-03 00:00:00+00:00
[2024-11-03T05:45:51.127+0000] {processor.py:208} INFO - Processing /home/airflow/.local/lib/python3.12/site-packages/airflow/example_dags/example_skip_dag.py took 0.173 seconds
[2024-11-03T05:46:21.407+0000] {processor.py:186} INFO - Started process (PID=9964) to work on /home/airflow/.local/lib/python3.12/site-packages/airflow/example_dags/example_skip_dag.py
[2024-11-03T05:46:21.408+0000] {processor.py:914} INFO - Processing file /home/airflow/.local/lib/python3.12/site-packages/airflow/example_dags/example_skip_dag.py for tasks to queue
[2024-11-03T05:46:21.410+0000] {logging_mixin.py:190} INFO - [2024-11-03T05:46:21.410+0000] {dagbag.py:588} INFO - Filling up the DagBag from /home/airflow/.local/lib/python3.12/site-packages/airflow/example_dags/example_skip_dag.py
[2024-11-03T05:46:21.419+0000] {processor.py:925} INFO - DAG(s) 'example_skip_dag' retrieved from /home/airflow/.local/lib/python3.12/site-packages/airflow/example_dags/example_skip_dag.py
[2024-11-03T05:46:21.443+0000] {logging_mixin.py:190} INFO - [2024-11-03T05:46:21.443+0000] {dag.py:3239} INFO - Sync 1 DAGs
[2024-11-03T05:46:21.469+0000] {logging_mixin.py:190} INFO - [2024-11-03T05:46:21.469+0000] {dag.py:4180} INFO - Setting next_dagrun for example_skip_dag to 2024-11-02 00:00:00+00:00, run_after=2024-11-03 00:00:00+00:00
[2024-11-03T05:46:21.502+0000] {processor.py:208} INFO - Processing /home/airflow/.local/lib/python3.12/site-packages/airflow/example_dags/example_skip_dag.py took 0.101 seconds
[2024-11-03T05:46:51.653+0000] {processor.py:186} INFO - Started process (PID=10255) to work on /home/airflow/.local/lib/python3.12/site-packages/airflow/example_dags/example_skip_dag.py
[2024-11-03T05:46:51.655+0000] {processor.py:914} INFO - Processing file /home/airflow/.local/lib/python3.12/site-packages/airflow/example_dags/example_skip_dag.py for tasks to queue
[2024-11-03T05:46:51.657+0000] {logging_mixin.py:190} INFO - [2024-11-03T05:46:51.657+0000] {dagbag.py:588} INFO - Filling up the DagBag from /home/airflow/.local/lib/python3.12/site-packages/airflow/example_dags/example_skip_dag.py
[2024-11-03T05:46:51.665+0000] {processor.py:925} INFO - DAG(s) 'example_skip_dag' retrieved from /home/airflow/.local/lib/python3.12/site-packages/airflow/example_dags/example_skip_dag.py
[2024-11-03T05:46:51.688+0000] {logging_mixin.py:190} INFO - [2024-11-03T05:46:51.688+0000] {dag.py:3239} INFO - Sync 1 DAGs
[2024-11-03T05:46:51.713+0000] {logging_mixin.py:190} INFO - [2024-11-03T05:46:51.713+0000] {dag.py:4180} INFO - Setting next_dagrun for example_skip_dag to 2024-11-02 00:00:00+00:00, run_after=2024-11-03 00:00:00+00:00
[2024-11-03T05:46:51.737+0000] {processor.py:208} INFO - Processing /home/airflow/.local/lib/python3.12/site-packages/airflow/example_dags/example_skip_dag.py took 0.090 seconds
[2024-11-03T05:47:22.038+0000] {processor.py:186} INFO - Started process (PID=10546) to work on /home/airflow/.local/lib/python3.12/site-packages/airflow/example_dags/example_skip_dag.py
[2024-11-03T05:47:22.039+0000] {processor.py:914} INFO - Processing file /home/airflow/.local/lib/python3.12/site-packages/airflow/example_dags/example_skip_dag.py for tasks to queue
[2024-11-03T05:47:22.042+0000] {logging_mixin.py:190} INFO - [2024-11-03T05:47:22.041+0000] {dagbag.py:588} INFO - Filling up the DagBag from /home/airflow/.local/lib/python3.12/site-packages/airflow/example_dags/example_skip_dag.py
[2024-11-03T05:47:22.051+0000] {processor.py:925} INFO - DAG(s) 'example_skip_dag' retrieved from /home/airflow/.local/lib/python3.12/site-packages/airflow/example_dags/example_skip_dag.py
[2024-11-03T05:47:22.075+0000] {logging_mixin.py:190} INFO - [2024-11-03T05:47:22.074+0000] {dag.py:3239} INFO - Sync 1 DAGs
[2024-11-03T05:47:22.100+0000] {logging_mixin.py:190} INFO - [2024-11-03T05:47:22.100+0000] {dag.py:4180} INFO - Setting next_dagrun for example_skip_dag to 2024-11-02 00:00:00+00:00, run_after=2024-11-03 00:00:00+00:00
[2024-11-03T05:47:22.124+0000] {processor.py:208} INFO - Processing /home/airflow/.local/lib/python3.12/site-packages/airflow/example_dags/example_skip_dag.py took 0.091 seconds
[2024-11-03T05:47:52.338+0000] {processor.py:186} INFO - Started process (PID=10837) to work on /home/airflow/.local/lib/python3.12/site-packages/airflow/example_dags/example_skip_dag.py
[2024-11-03T05:47:52.339+0000] {processor.py:914} INFO - Processing file /home/airflow/.local/lib/python3.12/site-packages/airflow/example_dags/example_skip_dag.py for tasks to queue
[2024-11-03T05:47:52.342+0000] {logging_mixin.py:190} INFO - [2024-11-03T05:47:52.341+0000] {dagbag.py:588} INFO - Filling up the DagBag from /home/airflow/.local/lib/python3.12/site-packages/airflow/example_dags/example_skip_dag.py
[2024-11-03T05:47:52.350+0000] {processor.py:925} INFO - DAG(s) 'example_skip_dag' retrieved from /home/airflow/.local/lib/python3.12/site-packages/airflow/example_dags/example_skip_dag.py
[2024-11-03T05:47:52.376+0000] {logging_mixin.py:190} INFO - [2024-11-03T05:47:52.375+0000] {dag.py:3239} INFO - Sync 1 DAGs
[2024-11-03T05:47:52.402+0000] {logging_mixin.py:190} INFO - [2024-11-03T05:47:52.402+0000] {dag.py:4180} INFO - Setting next_dagrun for example_skip_dag to 2024-11-02 00:00:00+00:00, run_after=2024-11-03 00:00:00+00:00
[2024-11-03T05:47:52.425+0000] {processor.py:208} INFO - Processing /home/airflow/.local/lib/python3.12/site-packages/airflow/example_dags/example_skip_dag.py took 0.093 seconds
[2024-11-03T05:48:22.605+0000] {processor.py:186} INFO - Started process (PID=11128) to work on /home/airflow/.local/lib/python3.12/site-packages/airflow/example_dags/example_skip_dag.py
[2024-11-03T05:48:22.606+0000] {processor.py:914} INFO - Processing file /home/airflow/.local/lib/python3.12/site-packages/airflow/example_dags/example_skip_dag.py for tasks to queue
[2024-11-03T05:48:22.608+0000] {logging_mixin.py:190} INFO - [2024-11-03T05:48:22.608+0000] {dagbag.py:588} INFO - Filling up the DagBag from /home/airflow/.local/lib/python3.12/site-packages/airflow/example_dags/example_skip_dag.py
[2024-11-03T05:48:22.616+0000] {processor.py:925} INFO - DAG(s) 'example_skip_dag' retrieved from /home/airflow/.local/lib/python3.12/site-packages/airflow/example_dags/example_skip_dag.py
[2024-11-03T05:48:22.640+0000] {logging_mixin.py:190} INFO - [2024-11-03T05:48:22.640+0000] {dag.py:3239} INFO - Sync 1 DAGs
[2024-11-03T05:48:22.668+0000] {logging_mixin.py:190} INFO - [2024-11-03T05:48:22.668+0000] {dag.py:4180} INFO - Setting next_dagrun for example_skip_dag to 2024-11-02 00:00:00+00:00, run_after=2024-11-03 00:00:00+00:00
[2024-11-03T05:48:22.692+0000] {processor.py:208} INFO - Processing /home/airflow/.local/lib/python3.12/site-packages/airflow/example_dags/example_skip_dag.py took 0.094 seconds
[2024-11-03T05:48:52.954+0000] {processor.py:186} INFO - Started process (PID=11419) to work on /home/airflow/.local/lib/python3.12/site-packages/airflow/example_dags/example_skip_dag.py
[2024-11-03T05:48:52.955+0000] {processor.py:914} INFO - Processing file /home/airflow/.local/lib/python3.12/site-packages/airflow/example_dags/example_skip_dag.py for tasks to queue
[2024-11-03T05:48:52.957+0000] {logging_mixin.py:190} INFO - [2024-11-03T05:48:52.957+0000] {dagbag.py:588} INFO - Filling up the DagBag from /home/airflow/.local/lib/python3.12/site-packages/airflow/example_dags/example_skip_dag.py
[2024-11-03T05:48:52.965+0000] {processor.py:925} INFO - DAG(s) 'example_skip_dag' retrieved from /home/airflow/.local/lib/python3.12/site-packages/airflow/example_dags/example_skip_dag.py
[2024-11-03T05:48:52.988+0000] {logging_mixin.py:190} INFO - [2024-11-03T05:48:52.988+0000] {dag.py:3239} INFO - Sync 1 DAGs
[2024-11-03T05:48:53.015+0000] {logging_mixin.py:190} INFO - [2024-11-03T05:48:53.015+0000] {dag.py:4180} INFO - Setting next_dagrun for example_skip_dag to 2024-11-02 00:00:00+00:00, run_after=2024-11-03 00:00:00+00:00
[2024-11-03T05:48:53.041+0000] {processor.py:208} INFO - Processing /home/airflow/.local/lib/python3.12/site-packages/airflow/example_dags/example_skip_dag.py took 0.093 seconds
[2024-11-03T05:49:23.153+0000] {processor.py:186} INFO - Started process (PID=11710) to work on /home/airflow/.local/lib/python3.12/site-packages/airflow/example_dags/example_skip_dag.py
[2024-11-03T05:49:23.154+0000] {processor.py:914} INFO - Processing file /home/airflow/.local/lib/python3.12/site-packages/airflow/example_dags/example_skip_dag.py for tasks to queue
[2024-11-03T05:49:23.157+0000] {logging_mixin.py:190} INFO - [2024-11-03T05:49:23.156+0000] {dagbag.py:588} INFO - Filling up the DagBag from /home/airflow/.local/lib/python3.12/site-packages/airflow/example_dags/example_skip_dag.py
[2024-11-03T05:49:23.165+0000] {processor.py:925} INFO - DAG(s) 'example_skip_dag' retrieved from /home/airflow/.local/lib/python3.12/site-packages/airflow/example_dags/example_skip_dag.py
[2024-11-03T05:49:23.188+0000] {logging_mixin.py:190} INFO - [2024-11-03T05:49:23.187+0000] {dag.py:3239} INFO - Sync 1 DAGs
[2024-11-03T05:49:23.213+0000] {logging_mixin.py:190} INFO - [2024-11-03T05:49:23.212+0000] {dag.py:4180} INFO - Setting next_dagrun for example_skip_dag to 2024-11-02 00:00:00+00:00, run_after=2024-11-03 00:00:00+00:00
[2024-11-03T05:49:23.235+0000] {processor.py:208} INFO - Processing /home/airflow/.local/lib/python3.12/site-packages/airflow/example_dags/example_skip_dag.py took 0.088 seconds
[2024-11-03T05:49:53.505+0000] {processor.py:186} INFO - Started process (PID=12000) to work on /home/airflow/.local/lib/python3.12/site-packages/airflow/example_dags/example_skip_dag.py
[2024-11-03T05:49:53.506+0000] {processor.py:914} INFO - Processing file /home/airflow/.local/lib/python3.12/site-packages/airflow/example_dags/example_skip_dag.py for tasks to queue
[2024-11-03T05:49:53.508+0000] {logging_mixin.py:190} INFO - [2024-11-03T05:49:53.508+0000] {dagbag.py:588} INFO - Filling up the DagBag from /home/airflow/.local/lib/python3.12/site-packages/airflow/example_dags/example_skip_dag.py
[2024-11-03T05:49:53.517+0000] {processor.py:925} INFO - DAG(s) 'example_skip_dag' retrieved from /home/airflow/.local/lib/python3.12/site-packages/airflow/example_dags/example_skip_dag.py
[2024-11-03T05:49:53.541+0000] {logging_mixin.py:190} INFO - [2024-11-03T05:49:53.540+0000] {dag.py:3239} INFO - Sync 1 DAGs
[2024-11-03T05:49:53.566+0000] {logging_mixin.py:190} INFO - [2024-11-03T05:49:53.566+0000] {dag.py:4180} INFO - Setting next_dagrun for example_skip_dag to 2024-11-02 00:00:00+00:00, run_after=2024-11-03 00:00:00+00:00
[2024-11-03T05:49:53.588+0000] {processor.py:208} INFO - Processing /home/airflow/.local/lib/python3.12/site-packages/airflow/example_dags/example_skip_dag.py took 0.089 seconds
[2024-11-03T05:50:24.270+0000] {processor.py:186} INFO - Started process (PID=12292) to work on /home/airflow/.local/lib/python3.12/site-packages/airflow/example_dags/example_skip_dag.py
[2024-11-03T05:50:24.271+0000] {processor.py:914} INFO - Processing file /home/airflow/.local/lib/python3.12/site-packages/airflow/example_dags/example_skip_dag.py for tasks to queue
[2024-11-03T05:50:24.273+0000] {logging_mixin.py:190} INFO - [2024-11-03T05:50:24.273+0000] {dagbag.py:588} INFO - Filling up the DagBag from /home/airflow/.local/lib/python3.12/site-packages/airflow/example_dags/example_skip_dag.py
[2024-11-03T05:50:24.281+0000] {processor.py:925} INFO - DAG(s) 'example_skip_dag' retrieved from /home/airflow/.local/lib/python3.12/site-packages/airflow/example_dags/example_skip_dag.py
[2024-11-03T05:50:24.303+0000] {logging_mixin.py:190} INFO - [2024-11-03T05:50:24.303+0000] {dag.py:3239} INFO - Sync 1 DAGs
[2024-11-03T05:50:24.331+0000] {logging_mixin.py:190} INFO - [2024-11-03T05:50:24.331+0000] {dag.py:4180} INFO - Setting next_dagrun for example_skip_dag to 2024-11-02 00:00:00+00:00, run_after=2024-11-03 00:00:00+00:00
[2024-11-03T05:50:24.355+0000] {processor.py:208} INFO - Processing /home/airflow/.local/lib/python3.12/site-packages/airflow/example_dags/example_skip_dag.py took 0.091 seconds
[2024-11-03T05:50:55.382+0000] {processor.py:186} INFO - Started process (PID=12581) to work on /home/airflow/.local/lib/python3.12/site-packages/airflow/example_dags/example_skip_dag.py
[2024-11-03T05:50:55.383+0000] {processor.py:914} INFO - Processing file /home/airflow/.local/lib/python3.12/site-packages/airflow/example_dags/example_skip_dag.py for tasks to queue
[2024-11-03T05:50:55.387+0000] {logging_mixin.py:190} INFO - [2024-11-03T05:50:55.386+0000] {dagbag.py:588} INFO - Filling up the DagBag from /home/airflow/.local/lib/python3.12/site-packages/airflow/example_dags/example_skip_dag.py
[2024-11-03T05:50:55.397+0000] {processor.py:925} INFO - DAG(s) 'example_skip_dag' retrieved from /home/airflow/.local/lib/python3.12/site-packages/airflow/example_dags/example_skip_dag.py
[2024-11-03T05:50:55.423+0000] {logging_mixin.py:190} INFO - [2024-11-03T05:50:55.422+0000] {dag.py:3239} INFO - Sync 1 DAGs
[2024-11-03T05:50:55.447+0000] {logging_mixin.py:190} INFO - [2024-11-03T05:50:55.447+0000] {dag.py:4180} INFO - Setting next_dagrun for example_skip_dag to 2024-11-02 00:00:00+00:00, run_after=2024-11-03 00:00:00+00:00
[2024-11-03T05:50:55.469+0000] {processor.py:208} INFO - Processing /home/airflow/.local/lib/python3.12/site-packages/airflow/example_dags/example_skip_dag.py took 0.095 seconds
[2024-11-03T05:52:53.587+0000] {processor.py:186} INFO - Started process (PID=339) to work on /home/airflow/.local/lib/python3.12/site-packages/airflow/example_dags/example_skip_dag.py
[2024-11-03T05:52:53.589+0000] {processor.py:914} INFO - Processing file /home/airflow/.local/lib/python3.12/site-packages/airflow/example_dags/example_skip_dag.py for tasks to queue
[2024-11-03T05:52:53.593+0000] {logging_mixin.py:190} INFO - [2024-11-03T05:52:53.593+0000] {dagbag.py:588} INFO - Filling up the DagBag from /home/airflow/.local/lib/python3.12/site-packages/airflow/example_dags/example_skip_dag.py
[2024-11-03T05:52:53.606+0000] {processor.py:925} INFO - DAG(s) 'example_skip_dag' retrieved from /home/airflow/.local/lib/python3.12/site-packages/airflow/example_dags/example_skip_dag.py
[2024-11-03T05:52:53.645+0000] {logging_mixin.py:190} INFO - [2024-11-03T05:52:53.645+0000] {dag.py:3239} INFO - Sync 1 DAGs
[2024-11-03T05:52:53.685+0000] {logging_mixin.py:190} INFO - [2024-11-03T05:52:53.685+0000] {dag.py:4180} INFO - Setting next_dagrun for example_skip_dag to 2024-11-02 00:00:00+00:00, run_after=2024-11-03 00:00:00+00:00
[2024-11-03T05:52:53.714+0000] {processor.py:208} INFO - Processing /home/airflow/.local/lib/python3.12/site-packages/airflow/example_dags/example_skip_dag.py took 0.138 seconds
[2024-11-03T05:53:23.834+0000] {processor.py:186} INFO - Started process (PID=630) to work on /home/airflow/.local/lib/python3.12/site-packages/airflow/example_dags/example_skip_dag.py
[2024-11-03T05:53:23.835+0000] {processor.py:914} INFO - Processing file /home/airflow/.local/lib/python3.12/site-packages/airflow/example_dags/example_skip_dag.py for tasks to queue
[2024-11-03T05:53:23.837+0000] {logging_mixin.py:190} INFO - [2024-11-03T05:53:23.837+0000] {dagbag.py:588} INFO - Filling up the DagBag from /home/airflow/.local/lib/python3.12/site-packages/airflow/example_dags/example_skip_dag.py
[2024-11-03T05:53:23.845+0000] {processor.py:925} INFO - DAG(s) 'example_skip_dag' retrieved from /home/airflow/.local/lib/python3.12/site-packages/airflow/example_dags/example_skip_dag.py
[2024-11-03T05:53:23.867+0000] {logging_mixin.py:190} INFO - [2024-11-03T05:53:23.867+0000] {dag.py:3239} INFO - Sync 1 DAGs
[2024-11-03T05:53:23.891+0000] {logging_mixin.py:190} INFO - [2024-11-03T05:53:23.891+0000] {dag.py:4180} INFO - Setting next_dagrun for example_skip_dag to 2024-11-02 00:00:00+00:00, run_after=2024-11-03 00:00:00+00:00
[2024-11-03T05:53:23.913+0000] {processor.py:208} INFO - Processing /home/airflow/.local/lib/python3.12/site-packages/airflow/example_dags/example_skip_dag.py took 0.084 seconds
[2024-11-03T05:53:54.414+0000] {processor.py:186} INFO - Started process (PID=921) to work on /home/airflow/.local/lib/python3.12/site-packages/airflow/example_dags/example_skip_dag.py
[2024-11-03T05:53:54.415+0000] {processor.py:914} INFO - Processing file /home/airflow/.local/lib/python3.12/site-packages/airflow/example_dags/example_skip_dag.py for tasks to queue
[2024-11-03T05:53:54.418+0000] {logging_mixin.py:190} INFO - [2024-11-03T05:53:54.417+0000] {dagbag.py:588} INFO - Filling up the DagBag from /home/airflow/.local/lib/python3.12/site-packages/airflow/example_dags/example_skip_dag.py
[2024-11-03T05:53:54.425+0000] {processor.py:925} INFO - DAG(s) 'example_skip_dag' retrieved from /home/airflow/.local/lib/python3.12/site-packages/airflow/example_dags/example_skip_dag.py
[2024-11-03T05:53:54.448+0000] {logging_mixin.py:190} INFO - [2024-11-03T05:53:54.447+0000] {dag.py:3239} INFO - Sync 1 DAGs
[2024-11-03T05:53:54.471+0000] {logging_mixin.py:190} INFO - [2024-11-03T05:53:54.471+0000] {dag.py:4180} INFO - Setting next_dagrun for example_skip_dag to 2024-11-02 00:00:00+00:00, run_after=2024-11-03 00:00:00+00:00
[2024-11-03T05:53:54.494+0000] {processor.py:208} INFO - Processing /home/airflow/.local/lib/python3.12/site-packages/airflow/example_dags/example_skip_dag.py took 0.085 seconds
[2024-11-03T05:54:25.374+0000] {processor.py:186} INFO - Started process (PID=1210) to work on /home/airflow/.local/lib/python3.12/site-packages/airflow/example_dags/example_skip_dag.py
[2024-11-03T05:54:25.375+0000] {processor.py:914} INFO - Processing file /home/airflow/.local/lib/python3.12/site-packages/airflow/example_dags/example_skip_dag.py for tasks to queue
[2024-11-03T05:54:25.378+0000] {logging_mixin.py:190} INFO - [2024-11-03T05:54:25.378+0000] {dagbag.py:588} INFO - Filling up the DagBag from /home/airflow/.local/lib/python3.12/site-packages/airflow/example_dags/example_skip_dag.py
[2024-11-03T05:54:25.392+0000] {processor.py:925} INFO - DAG(s) 'example_skip_dag' retrieved from /home/airflow/.local/lib/python3.12/site-packages/airflow/example_dags/example_skip_dag.py
[2024-11-03T05:54:25.459+0000] {logging_mixin.py:190} INFO - [2024-11-03T05:54:25.455+0000] {dag.py:3239} INFO - Sync 1 DAGs
[2024-11-03T05:54:25.538+0000] {logging_mixin.py:190} INFO - [2024-11-03T05:54:25.534+0000] {dag.py:4180} INFO - Setting next_dagrun for example_skip_dag to 2024-11-02 00:00:00+00:00, run_after=2024-11-03 00:00:00+00:00
[2024-11-03T05:54:25.601+0000] {processor.py:208} INFO - Processing /home/airflow/.local/lib/python3.12/site-packages/airflow/example_dags/example_skip_dag.py took 0.236 seconds
[2024-11-03T05:54:56.491+0000] {processor.py:186} INFO - Started process (PID=1501) to work on /home/airflow/.local/lib/python3.12/site-packages/airflow/example_dags/example_skip_dag.py
[2024-11-03T05:54:56.492+0000] {processor.py:914} INFO - Processing file /home/airflow/.local/lib/python3.12/site-packages/airflow/example_dags/example_skip_dag.py for tasks to queue
[2024-11-03T05:54:56.495+0000] {logging_mixin.py:190} INFO - [2024-11-03T05:54:56.495+0000] {dagbag.py:588} INFO - Filling up the DagBag from /home/airflow/.local/lib/python3.12/site-packages/airflow/example_dags/example_skip_dag.py
[2024-11-03T05:54:56.503+0000] {processor.py:925} INFO - DAG(s) 'example_skip_dag' retrieved from /home/airflow/.local/lib/python3.12/site-packages/airflow/example_dags/example_skip_dag.py
[2024-11-03T05:54:56.528+0000] {logging_mixin.py:190} INFO - [2024-11-03T05:54:56.528+0000] {dag.py:3239} INFO - Sync 1 DAGs
[2024-11-03T05:54:56.557+0000] {logging_mixin.py:190} INFO - [2024-11-03T05:54:56.556+0000] {dag.py:4180} INFO - Setting next_dagrun for example_skip_dag to 2024-11-02 00:00:00+00:00, run_after=2024-11-03 00:00:00+00:00
[2024-11-03T05:54:56.581+0000] {processor.py:208} INFO - Processing /home/airflow/.local/lib/python3.12/site-packages/airflow/example_dags/example_skip_dag.py took 0.096 seconds
[2024-11-03T05:57:18.249+0000] {processor.py:186} INFO - Started process (PID=337) to work on /home/airflow/.local/lib/python3.12/site-packages/airflow/example_dags/example_skip_dag.py
[2024-11-03T05:57:18.250+0000] {processor.py:914} INFO - Processing file /home/airflow/.local/lib/python3.12/site-packages/airflow/example_dags/example_skip_dag.py for tasks to queue
[2024-11-03T05:57:18.253+0000] {logging_mixin.py:190} INFO - [2024-11-03T05:57:18.253+0000] {dagbag.py:588} INFO - Filling up the DagBag from /home/airflow/.local/lib/python3.12/site-packages/airflow/example_dags/example_skip_dag.py
[2024-11-03T05:57:18.273+0000] {processor.py:925} INFO - DAG(s) 'example_skip_dag' retrieved from /home/airflow/.local/lib/python3.12/site-packages/airflow/example_dags/example_skip_dag.py
[2024-11-03T05:57:18.352+0000] {logging_mixin.py:190} INFO - [2024-11-03T05:57:18.352+0000] {dag.py:3239} INFO - Sync 1 DAGs
[2024-11-03T05:57:18.413+0000] {logging_mixin.py:190} INFO - [2024-11-03T05:57:18.412+0000] {dag.py:4180} INFO - Setting next_dagrun for example_skip_dag to 2024-11-02 00:00:00+00:00, run_after=2024-11-03 00:00:00+00:00
[2024-11-03T05:57:18.448+0000] {processor.py:208} INFO - Processing /home/airflow/.local/lib/python3.12/site-packages/airflow/example_dags/example_skip_dag.py took 0.209 seconds
[2024-11-03T05:57:49.228+0000] {processor.py:186} INFO - Started process (PID=628) to work on /home/airflow/.local/lib/python3.12/site-packages/airflow/example_dags/example_skip_dag.py
[2024-11-03T05:57:49.229+0000] {processor.py:914} INFO - Processing file /home/airflow/.local/lib/python3.12/site-packages/airflow/example_dags/example_skip_dag.py for tasks to queue
[2024-11-03T05:57:49.231+0000] {logging_mixin.py:190} INFO - [2024-11-03T05:57:49.231+0000] {dagbag.py:588} INFO - Filling up the DagBag from /home/airflow/.local/lib/python3.12/site-packages/airflow/example_dags/example_skip_dag.py
[2024-11-03T05:57:49.240+0000] {processor.py:925} INFO - DAG(s) 'example_skip_dag' retrieved from /home/airflow/.local/lib/python3.12/site-packages/airflow/example_dags/example_skip_dag.py
[2024-11-03T05:57:49.264+0000] {logging_mixin.py:190} INFO - [2024-11-03T05:57:49.263+0000] {dag.py:3239} INFO - Sync 1 DAGs
[2024-11-03T05:57:49.292+0000] {logging_mixin.py:190} INFO - [2024-11-03T05:57:49.291+0000] {dag.py:4180} INFO - Setting next_dagrun for example_skip_dag to 2024-11-02 00:00:00+00:00, run_after=2024-11-03 00:00:00+00:00
[2024-11-03T05:57:49.315+0000] {processor.py:208} INFO - Processing /home/airflow/.local/lib/python3.12/site-packages/airflow/example_dags/example_skip_dag.py took 0.093 seconds
[2024-11-03T05:58:19.551+0000] {processor.py:186} INFO - Started process (PID=919) to work on /home/airflow/.local/lib/python3.12/site-packages/airflow/example_dags/example_skip_dag.py
[2024-11-03T05:58:19.552+0000] {processor.py:914} INFO - Processing file /home/airflow/.local/lib/python3.12/site-packages/airflow/example_dags/example_skip_dag.py for tasks to queue
[2024-11-03T05:58:19.554+0000] {logging_mixin.py:190} INFO - [2024-11-03T05:58:19.554+0000] {dagbag.py:588} INFO - Filling up the DagBag from /home/airflow/.local/lib/python3.12/site-packages/airflow/example_dags/example_skip_dag.py
[2024-11-03T05:58:19.562+0000] {processor.py:925} INFO - DAG(s) 'example_skip_dag' retrieved from /home/airflow/.local/lib/python3.12/site-packages/airflow/example_dags/example_skip_dag.py
[2024-11-03T05:58:19.583+0000] {logging_mixin.py:190} INFO - [2024-11-03T05:58:19.583+0000] {dag.py:3239} INFO - Sync 1 DAGs
[2024-11-03T05:58:19.607+0000] {logging_mixin.py:190} INFO - [2024-11-03T05:58:19.607+0000] {dag.py:4180} INFO - Setting next_dagrun for example_skip_dag to 2024-11-02 00:00:00+00:00, run_after=2024-11-03 00:00:00+00:00
[2024-11-03T05:58:19.629+0000] {processor.py:208} INFO - Processing /home/airflow/.local/lib/python3.12/site-packages/airflow/example_dags/example_skip_dag.py took 0.084 seconds
[2024-11-03T05:58:49.900+0000] {processor.py:186} INFO - Started process (PID=1210) to work on /home/airflow/.local/lib/python3.12/site-packages/airflow/example_dags/example_skip_dag.py
[2024-11-03T05:58:49.901+0000] {processor.py:914} INFO - Processing file /home/airflow/.local/lib/python3.12/site-packages/airflow/example_dags/example_skip_dag.py for tasks to queue
[2024-11-03T05:58:49.903+0000] {logging_mixin.py:190} INFO - [2024-11-03T05:58:49.903+0000] {dagbag.py:588} INFO - Filling up the DagBag from /home/airflow/.local/lib/python3.12/site-packages/airflow/example_dags/example_skip_dag.py
[2024-11-03T05:58:49.911+0000] {processor.py:925} INFO - DAG(s) 'example_skip_dag' retrieved from /home/airflow/.local/lib/python3.12/site-packages/airflow/example_dags/example_skip_dag.py
[2024-11-03T05:58:49.933+0000] {logging_mixin.py:190} INFO - [2024-11-03T05:58:49.933+0000] {dag.py:3239} INFO - Sync 1 DAGs
[2024-11-03T05:58:49.959+0000] {logging_mixin.py:190} INFO - [2024-11-03T05:58:49.958+0000] {dag.py:4180} INFO - Setting next_dagrun for example_skip_dag to 2024-11-02 00:00:00+00:00, run_after=2024-11-03 00:00:00+00:00
[2024-11-03T05:58:49.980+0000] {processor.py:208} INFO - Processing /home/airflow/.local/lib/python3.12/site-packages/airflow/example_dags/example_skip_dag.py took 0.086 seconds
[2024-11-03T05:59:20.819+0000] {processor.py:186} INFO - Started process (PID=1501) to work on /home/airflow/.local/lib/python3.12/site-packages/airflow/example_dags/example_skip_dag.py
[2024-11-03T05:59:20.820+0000] {processor.py:914} INFO - Processing file /home/airflow/.local/lib/python3.12/site-packages/airflow/example_dags/example_skip_dag.py for tasks to queue
[2024-11-03T05:59:20.823+0000] {logging_mixin.py:190} INFO - [2024-11-03T05:59:20.822+0000] {dagbag.py:588} INFO - Filling up the DagBag from /home/airflow/.local/lib/python3.12/site-packages/airflow/example_dags/example_skip_dag.py
[2024-11-03T05:59:20.830+0000] {processor.py:925} INFO - DAG(s) 'example_skip_dag' retrieved from /home/airflow/.local/lib/python3.12/site-packages/airflow/example_dags/example_skip_dag.py
[2024-11-03T05:59:20.853+0000] {logging_mixin.py:190} INFO - [2024-11-03T05:59:20.853+0000] {dag.py:3239} INFO - Sync 1 DAGs
[2024-11-03T05:59:20.879+0000] {logging_mixin.py:190} INFO - [2024-11-03T05:59:20.879+0000] {dag.py:4180} INFO - Setting next_dagrun for example_skip_dag to 2024-11-02 00:00:00+00:00, run_after=2024-11-03 00:00:00+00:00
[2024-11-03T05:59:20.903+0000] {processor.py:208} INFO - Processing /home/airflow/.local/lib/python3.12/site-packages/airflow/example_dags/example_skip_dag.py took 0.090 seconds
[2024-11-03T05:59:51.057+0000] {processor.py:186} INFO - Started process (PID=1792) to work on /home/airflow/.local/lib/python3.12/site-packages/airflow/example_dags/example_skip_dag.py
[2024-11-03T05:59:51.058+0000] {processor.py:914} INFO - Processing file /home/airflow/.local/lib/python3.12/site-packages/airflow/example_dags/example_skip_dag.py for tasks to queue
[2024-11-03T05:59:51.060+0000] {logging_mixin.py:190} INFO - [2024-11-03T05:59:51.060+0000] {dagbag.py:588} INFO - Filling up the DagBag from /home/airflow/.local/lib/python3.12/site-packages/airflow/example_dags/example_skip_dag.py
[2024-11-03T05:59:51.069+0000] {processor.py:925} INFO - DAG(s) 'example_skip_dag' retrieved from /home/airflow/.local/lib/python3.12/site-packages/airflow/example_dags/example_skip_dag.py
[2024-11-03T05:59:51.096+0000] {logging_mixin.py:190} INFO - [2024-11-03T05:59:51.096+0000] {dag.py:3239} INFO - Sync 1 DAGs
[2024-11-03T05:59:51.124+0000] {logging_mixin.py:190} INFO - [2024-11-03T05:59:51.123+0000] {dag.py:4180} INFO - Setting next_dagrun for example_skip_dag to 2024-11-02 00:00:00+00:00, run_after=2024-11-03 00:00:00+00:00
[2024-11-03T05:59:51.146+0000] {processor.py:208} INFO - Processing /home/airflow/.local/lib/python3.12/site-packages/airflow/example_dags/example_skip_dag.py took 0.095 seconds
[2024-11-03T06:00:21.955+0000] {processor.py:186} INFO - Started process (PID=2083) to work on /home/airflow/.local/lib/python3.12/site-packages/airflow/example_dags/example_skip_dag.py
[2024-11-03T06:00:21.957+0000] {processor.py:914} INFO - Processing file /home/airflow/.local/lib/python3.12/site-packages/airflow/example_dags/example_skip_dag.py for tasks to queue
[2024-11-03T06:00:21.960+0000] {logging_mixin.py:190} INFO - [2024-11-03T06:00:21.960+0000] {dagbag.py:588} INFO - Filling up the DagBag from /home/airflow/.local/lib/python3.12/site-packages/airflow/example_dags/example_skip_dag.py
[2024-11-03T06:00:21.971+0000] {processor.py:925} INFO - DAG(s) 'example_skip_dag' retrieved from /home/airflow/.local/lib/python3.12/site-packages/airflow/example_dags/example_skip_dag.py
[2024-11-03T06:00:22.005+0000] {logging_mixin.py:190} INFO - [2024-11-03T06:00:22.005+0000] {dag.py:3239} INFO - Sync 1 DAGs
[2024-11-03T06:00:22.038+0000] {logging_mixin.py:190} INFO - [2024-11-03T06:00:22.038+0000] {dag.py:4180} INFO - Setting next_dagrun for example_skip_dag to 2024-11-02 00:00:00+00:00, run_after=2024-11-03 00:00:00+00:00
[2024-11-03T06:00:22.071+0000] {processor.py:208} INFO - Processing /home/airflow/.local/lib/python3.12/site-packages/airflow/example_dags/example_skip_dag.py took 0.126 seconds
[2024-11-03T06:06:58.728+0000] {processor.py:186} INFO - Started process (PID=355) to work on /home/airflow/.local/lib/python3.12/site-packages/airflow/example_dags/example_skip_dag.py
[2024-11-03T06:06:58.729+0000] {processor.py:914} INFO - Processing file /home/airflow/.local/lib/python3.12/site-packages/airflow/example_dags/example_skip_dag.py for tasks to queue
[2024-11-03T06:06:58.732+0000] {logging_mixin.py:190} INFO - [2024-11-03T06:06:58.731+0000] {dagbag.py:588} INFO - Filling up the DagBag from /home/airflow/.local/lib/python3.12/site-packages/airflow/example_dags/example_skip_dag.py
[2024-11-03T06:06:58.741+0000] {processor.py:925} INFO - DAG(s) 'example_skip_dag' retrieved from /home/airflow/.local/lib/python3.12/site-packages/airflow/example_dags/example_skip_dag.py
[2024-11-03T06:06:58.896+0000] {logging_mixin.py:190} INFO - [2024-11-03T06:06:58.895+0000] {override.py:1900} INFO - Created Permission View: can edit on DAG:example_skip_dag
[2024-11-03T06:06:58.921+0000] {logging_mixin.py:190} INFO - [2024-11-03T06:06:58.921+0000] {override.py:1900} INFO - Created Permission View: can read on DAG:example_skip_dag
[2024-11-03T06:06:58.935+0000] {logging_mixin.py:190} INFO - [2024-11-03T06:06:58.934+0000] {override.py:1900} INFO - Created Permission View: can delete on DAG:example_skip_dag
[2024-11-03T06:06:58.951+0000] {logging_mixin.py:190} INFO - [2024-11-03T06:06:58.951+0000] {override.py:1900} INFO - Created Permission View: can create on DAG Run:example_skip_dag
[2024-11-03T06:06:58.963+0000] {logging_mixin.py:190} INFO - [2024-11-03T06:06:58.963+0000] {override.py:1900} INFO - Created Permission View: menu access on DAG Run:example_skip_dag
[2024-11-03T06:06:58.993+0000] {logging_mixin.py:190} INFO - [2024-11-03T06:06:58.993+0000] {override.py:1900} INFO - Created Permission View: can read on DAG Run:example_skip_dag
[2024-11-03T06:06:59.003+0000] {logging_mixin.py:190} INFO - [2024-11-03T06:06:59.003+0000] {override.py:1900} INFO - Created Permission View: can delete on DAG Run:example_skip_dag
[2024-11-03T06:06:59.004+0000] {logging_mixin.py:190} INFO - [2024-11-03T06:06:59.004+0000] {dag.py:3239} INFO - Sync 1 DAGs
[2024-11-03T06:06:59.026+0000] {logging_mixin.py:190} INFO - [2024-11-03T06:06:59.025+0000] {dag.py:3262} INFO - Creating ORM DAG for example_skip_dag
[2024-11-03T06:06:59.039+0000] {logging_mixin.py:190} INFO - [2024-11-03T06:06:59.038+0000] {dag.py:4180} INFO - Setting next_dagrun for example_skip_dag to 2024-11-02 00:00:00+00:00, run_after=2024-11-03 00:00:00+00:00
[2024-11-03T06:06:59.068+0000] {processor.py:208} INFO - Processing /home/airflow/.local/lib/python3.12/site-packages/airflow/example_dags/example_skip_dag.py took 0.347 seconds
[2024-11-03T06:07:29.607+0000] {processor.py:186} INFO - Started process (PID=646) to work on /home/airflow/.local/lib/python3.12/site-packages/airflow/example_dags/example_skip_dag.py
[2024-11-03T06:07:29.608+0000] {processor.py:914} INFO - Processing file /home/airflow/.local/lib/python3.12/site-packages/airflow/example_dags/example_skip_dag.py for tasks to queue
[2024-11-03T06:07:29.610+0000] {logging_mixin.py:190} INFO - [2024-11-03T06:07:29.610+0000] {dagbag.py:588} INFO - Filling up the DagBag from /home/airflow/.local/lib/python3.12/site-packages/airflow/example_dags/example_skip_dag.py
[2024-11-03T06:07:29.619+0000] {processor.py:925} INFO - DAG(s) 'example_skip_dag' retrieved from /home/airflow/.local/lib/python3.12/site-packages/airflow/example_dags/example_skip_dag.py
[2024-11-03T06:07:29.642+0000] {logging_mixin.py:190} INFO - [2024-11-03T06:07:29.642+0000] {dag.py:3239} INFO - Sync 1 DAGs
[2024-11-03T06:07:29.674+0000] {logging_mixin.py:190} INFO - [2024-11-03T06:07:29.674+0000] {dag.py:4180} INFO - Setting next_dagrun for example_skip_dag to 2024-11-02 00:00:00+00:00, run_after=2024-11-03 00:00:00+00:00
[2024-11-03T06:07:29.700+0000] {processor.py:208} INFO - Processing /home/airflow/.local/lib/python3.12/site-packages/airflow/example_dags/example_skip_dag.py took 0.099 seconds
[2024-11-03T06:10:50.725+0000] {processor.py:186} INFO - Started process (PID=350) to work on /home/airflow/.local/lib/python3.12/site-packages/airflow/example_dags/example_skip_dag.py
[2024-11-03T06:10:50.726+0000] {processor.py:914} INFO - Processing file /home/airflow/.local/lib/python3.12/site-packages/airflow/example_dags/example_skip_dag.py for tasks to queue
[2024-11-03T06:10:50.729+0000] {logging_mixin.py:190} INFO - [2024-11-03T06:10:50.729+0000] {dagbag.py:588} INFO - Filling up the DagBag from /home/airflow/.local/lib/python3.12/site-packages/airflow/example_dags/example_skip_dag.py
[2024-11-03T06:10:50.743+0000] {processor.py:925} INFO - DAG(s) 'example_skip_dag' retrieved from /home/airflow/.local/lib/python3.12/site-packages/airflow/example_dags/example_skip_dag.py
[2024-11-03T06:10:50.774+0000] {logging_mixin.py:190} INFO - [2024-11-03T06:10:50.774+0000] {dag.py:3239} INFO - Sync 1 DAGs
[2024-11-03T06:10:50.810+0000] {logging_mixin.py:190} INFO - [2024-11-03T06:10:50.810+0000] {dag.py:4180} INFO - Setting next_dagrun for example_skip_dag to 2024-11-02 00:00:00+00:00, run_after=2024-11-03 00:00:00+00:00
[2024-11-03T06:10:50.838+0000] {processor.py:208} INFO - Processing /home/airflow/.local/lib/python3.12/site-packages/airflow/example_dags/example_skip_dag.py took 0.124 seconds
[2024-11-03T06:11:21.071+0000] {processor.py:186} INFO - Started process (PID=641) to work on /home/airflow/.local/lib/python3.12/site-packages/airflow/example_dags/example_skip_dag.py
[2024-11-03T06:11:21.072+0000] {processor.py:914} INFO - Processing file /home/airflow/.local/lib/python3.12/site-packages/airflow/example_dags/example_skip_dag.py for tasks to queue
[2024-11-03T06:11:21.075+0000] {logging_mixin.py:190} INFO - [2024-11-03T06:11:21.075+0000] {dagbag.py:588} INFO - Filling up the DagBag from /home/airflow/.local/lib/python3.12/site-packages/airflow/example_dags/example_skip_dag.py
[2024-11-03T06:11:21.084+0000] {processor.py:925} INFO - DAG(s) 'example_skip_dag' retrieved from /home/airflow/.local/lib/python3.12/site-packages/airflow/example_dags/example_skip_dag.py
[2024-11-03T06:11:21.107+0000] {logging_mixin.py:190} INFO - [2024-11-03T06:11:21.106+0000] {dag.py:3239} INFO - Sync 1 DAGs
[2024-11-03T06:11:21.132+0000] {logging_mixin.py:190} INFO - [2024-11-03T06:11:21.132+0000] {dag.py:4180} INFO - Setting next_dagrun for example_skip_dag to 2024-11-02 00:00:00+00:00, run_after=2024-11-03 00:00:00+00:00
[2024-11-03T06:11:21.158+0000] {processor.py:208} INFO - Processing /home/airflow/.local/lib/python3.12/site-packages/airflow/example_dags/example_skip_dag.py took 0.093 seconds
[2024-11-03T06:11:51.883+0000] {processor.py:186} INFO - Started process (PID=932) to work on /home/airflow/.local/lib/python3.12/site-packages/airflow/example_dags/example_skip_dag.py
[2024-11-03T06:11:51.884+0000] {processor.py:914} INFO - Processing file /home/airflow/.local/lib/python3.12/site-packages/airflow/example_dags/example_skip_dag.py for tasks to queue
[2024-11-03T06:11:51.887+0000] {logging_mixin.py:190} INFO - [2024-11-03T06:11:51.887+0000] {dagbag.py:588} INFO - Filling up the DagBag from /home/airflow/.local/lib/python3.12/site-packages/airflow/example_dags/example_skip_dag.py
[2024-11-03T06:11:51.896+0000] {processor.py:925} INFO - DAG(s) 'example_skip_dag' retrieved from /home/airflow/.local/lib/python3.12/site-packages/airflow/example_dags/example_skip_dag.py
[2024-11-03T06:11:51.920+0000] {logging_mixin.py:190} INFO - [2024-11-03T06:11:51.920+0000] {dag.py:3239} INFO - Sync 1 DAGs
[2024-11-03T06:11:51.950+0000] {logging_mixin.py:190} INFO - [2024-11-03T06:11:51.950+0000] {dag.py:4180} INFO - Setting next_dagrun for example_skip_dag to 2024-11-02 00:00:00+00:00, run_after=2024-11-03 00:00:00+00:00
[2024-11-03T06:11:51.971+0000] {processor.py:208} INFO - Processing /home/airflow/.local/lib/python3.12/site-packages/airflow/example_dags/example_skip_dag.py took 0.097 seconds
[2024-11-03T06:12:22.687+0000] {processor.py:186} INFO - Started process (PID=1223) to work on /home/airflow/.local/lib/python3.12/site-packages/airflow/example_dags/example_skip_dag.py
[2024-11-03T06:12:22.688+0000] {processor.py:914} INFO - Processing file /home/airflow/.local/lib/python3.12/site-packages/airflow/example_dags/example_skip_dag.py for tasks to queue
[2024-11-03T06:12:22.691+0000] {logging_mixin.py:190} INFO - [2024-11-03T06:12:22.691+0000] {dagbag.py:588} INFO - Filling up the DagBag from /home/airflow/.local/lib/python3.12/site-packages/airflow/example_dags/example_skip_dag.py
[2024-11-03T06:12:22.701+0000] {processor.py:925} INFO - DAG(s) 'example_skip_dag' retrieved from /home/airflow/.local/lib/python3.12/site-packages/airflow/example_dags/example_skip_dag.py
[2024-11-03T06:12:22.731+0000] {logging_mixin.py:190} INFO - [2024-11-03T06:12:22.730+0000] {dag.py:3239} INFO - Sync 1 DAGs
[2024-11-03T06:12:22.760+0000] {logging_mixin.py:190} INFO - [2024-11-03T06:12:22.759+0000] {dag.py:4180} INFO - Setting next_dagrun for example_skip_dag to 2024-11-02 00:00:00+00:00, run_after=2024-11-03 00:00:00+00:00
[2024-11-03T06:12:22.781+0000] {processor.py:208} INFO - Processing /home/airflow/.local/lib/python3.12/site-packages/airflow/example_dags/example_skip_dag.py took 0.102 seconds
[2024-11-03T06:12:53.230+0000] {processor.py:186} INFO - Started process (PID=1514) to work on /home/airflow/.local/lib/python3.12/site-packages/airflow/example_dags/example_skip_dag.py
[2024-11-03T06:12:53.232+0000] {processor.py:914} INFO - Processing file /home/airflow/.local/lib/python3.12/site-packages/airflow/example_dags/example_skip_dag.py for tasks to queue
[2024-11-03T06:12:53.234+0000] {logging_mixin.py:190} INFO - [2024-11-03T06:12:53.234+0000] {dagbag.py:588} INFO - Filling up the DagBag from /home/airflow/.local/lib/python3.12/site-packages/airflow/example_dags/example_skip_dag.py
[2024-11-03T06:12:53.242+0000] {processor.py:925} INFO - DAG(s) 'example_skip_dag' retrieved from /home/airflow/.local/lib/python3.12/site-packages/airflow/example_dags/example_skip_dag.py
[2024-11-03T06:12:53.266+0000] {logging_mixin.py:190} INFO - [2024-11-03T06:12:53.266+0000] {dag.py:3239} INFO - Sync 1 DAGs
[2024-11-03T06:12:53.293+0000] {logging_mixin.py:190} INFO - [2024-11-03T06:12:53.293+0000] {dag.py:4180} INFO - Setting next_dagrun for example_skip_dag to 2024-11-02 00:00:00+00:00, run_after=2024-11-03 00:00:00+00:00
[2024-11-03T06:12:53.315+0000] {processor.py:208} INFO - Processing /home/airflow/.local/lib/python3.12/site-packages/airflow/example_dags/example_skip_dag.py took 0.091 seconds
[2024-11-03T06:13:24.197+0000] {processor.py:186} INFO - Started process (PID=1805) to work on /home/airflow/.local/lib/python3.12/site-packages/airflow/example_dags/example_skip_dag.py
[2024-11-03T06:13:24.199+0000] {processor.py:914} INFO - Processing file /home/airflow/.local/lib/python3.12/site-packages/airflow/example_dags/example_skip_dag.py for tasks to queue
[2024-11-03T06:13:24.202+0000] {logging_mixin.py:190} INFO - [2024-11-03T06:13:24.201+0000] {dagbag.py:588} INFO - Filling up the DagBag from /home/airflow/.local/lib/python3.12/site-packages/airflow/example_dags/example_skip_dag.py
[2024-11-03T06:13:24.211+0000] {processor.py:925} INFO - DAG(s) 'example_skip_dag' retrieved from /home/airflow/.local/lib/python3.12/site-packages/airflow/example_dags/example_skip_dag.py
[2024-11-03T06:13:24.242+0000] {logging_mixin.py:190} INFO - [2024-11-03T06:13:24.241+0000] {dag.py:3239} INFO - Sync 1 DAGs
[2024-11-03T06:13:24.279+0000] {logging_mixin.py:190} INFO - [2024-11-03T06:13:24.279+0000] {dag.py:4180} INFO - Setting next_dagrun for example_skip_dag to 2024-11-02 00:00:00+00:00, run_after=2024-11-03 00:00:00+00:00
[2024-11-03T06:13:24.307+0000] {processor.py:208} INFO - Processing /home/airflow/.local/lib/python3.12/site-packages/airflow/example_dags/example_skip_dag.py took 0.118 seconds
[2024-11-03T06:13:55.499+0000] {processor.py:186} INFO - Started process (PID=2096) to work on /home/airflow/.local/lib/python3.12/site-packages/airflow/example_dags/example_skip_dag.py
[2024-11-03T06:13:55.501+0000] {processor.py:914} INFO - Processing file /home/airflow/.local/lib/python3.12/site-packages/airflow/example_dags/example_skip_dag.py for tasks to queue
[2024-11-03T06:13:55.507+0000] {logging_mixin.py:190} INFO - [2024-11-03T06:13:55.507+0000] {dagbag.py:588} INFO - Filling up the DagBag from /home/airflow/.local/lib/python3.12/site-packages/airflow/example_dags/example_skip_dag.py
[2024-11-03T06:13:55.517+0000] {processor.py:925} INFO - DAG(s) 'example_skip_dag' retrieved from /home/airflow/.local/lib/python3.12/site-packages/airflow/example_dags/example_skip_dag.py
[2024-11-03T06:13:55.549+0000] {logging_mixin.py:190} INFO - [2024-11-03T06:13:55.549+0000] {dag.py:3239} INFO - Sync 1 DAGs
[2024-11-03T06:13:55.584+0000] {logging_mixin.py:190} INFO - [2024-11-03T06:13:55.584+0000] {dag.py:4180} INFO - Setting next_dagrun for example_skip_dag to 2024-11-02 00:00:00+00:00, run_after=2024-11-03 00:00:00+00:00
[2024-11-03T06:13:55.622+0000] {processor.py:208} INFO - Processing /home/airflow/.local/lib/python3.12/site-packages/airflow/example_dags/example_skip_dag.py took 0.131 seconds
[2024-11-03T06:14:25.723+0000] {processor.py:186} INFO - Started process (PID=2387) to work on /home/airflow/.local/lib/python3.12/site-packages/airflow/example_dags/example_skip_dag.py
[2024-11-03T06:14:25.724+0000] {processor.py:914} INFO - Processing file /home/airflow/.local/lib/python3.12/site-packages/airflow/example_dags/example_skip_dag.py for tasks to queue
[2024-11-03T06:14:25.727+0000] {logging_mixin.py:190} INFO - [2024-11-03T06:14:25.727+0000] {dagbag.py:588} INFO - Filling up the DagBag from /home/airflow/.local/lib/python3.12/site-packages/airflow/example_dags/example_skip_dag.py
[2024-11-03T06:14:25.736+0000] {processor.py:925} INFO - DAG(s) 'example_skip_dag' retrieved from /home/airflow/.local/lib/python3.12/site-packages/airflow/example_dags/example_skip_dag.py
[2024-11-03T06:14:25.760+0000] {logging_mixin.py:190} INFO - [2024-11-03T06:14:25.759+0000] {dag.py:3239} INFO - Sync 1 DAGs
[2024-11-03T06:14:25.787+0000] {logging_mixin.py:190} INFO - [2024-11-03T06:14:25.786+0000] {dag.py:4180} INFO - Setting next_dagrun for example_skip_dag to 2024-11-02 00:00:00+00:00, run_after=2024-11-03 00:00:00+00:00
[2024-11-03T06:14:25.807+0000] {processor.py:208} INFO - Processing /home/airflow/.local/lib/python3.12/site-packages/airflow/example_dags/example_skip_dag.py took 0.090 seconds
[2024-11-03T06:14:56.166+0000] {processor.py:186} INFO - Started process (PID=2678) to work on /home/airflow/.local/lib/python3.12/site-packages/airflow/example_dags/example_skip_dag.py
[2024-11-03T06:14:56.168+0000] {processor.py:914} INFO - Processing file /home/airflow/.local/lib/python3.12/site-packages/airflow/example_dags/example_skip_dag.py for tasks to queue
[2024-11-03T06:14:56.171+0000] {logging_mixin.py:190} INFO - [2024-11-03T06:14:56.170+0000] {dagbag.py:588} INFO - Filling up the DagBag from /home/airflow/.local/lib/python3.12/site-packages/airflow/example_dags/example_skip_dag.py
[2024-11-03T06:14:56.180+0000] {processor.py:925} INFO - DAG(s) 'example_skip_dag' retrieved from /home/airflow/.local/lib/python3.12/site-packages/airflow/example_dags/example_skip_dag.py
[2024-11-03T06:14:56.214+0000] {logging_mixin.py:190} INFO - [2024-11-03T06:14:56.213+0000] {dag.py:3239} INFO - Sync 1 DAGs
[2024-11-03T06:14:56.250+0000] {logging_mixin.py:190} INFO - [2024-11-03T06:14:56.249+0000] {dag.py:4180} INFO - Setting next_dagrun for example_skip_dag to 2024-11-02 00:00:00+00:00, run_after=2024-11-03 00:00:00+00:00
[2024-11-03T06:14:56.278+0000] {processor.py:208} INFO - Processing /home/airflow/.local/lib/python3.12/site-packages/airflow/example_dags/example_skip_dag.py took 0.121 seconds
[2024-11-03T06:15:26.419+0000] {processor.py:186} INFO - Started process (PID=2969) to work on /home/airflow/.local/lib/python3.12/site-packages/airflow/example_dags/example_skip_dag.py
[2024-11-03T06:15:26.420+0000] {processor.py:914} INFO - Processing file /home/airflow/.local/lib/python3.12/site-packages/airflow/example_dags/example_skip_dag.py for tasks to queue
[2024-11-03T06:15:26.422+0000] {logging_mixin.py:190} INFO - [2024-11-03T06:15:26.422+0000] {dagbag.py:588} INFO - Filling up the DagBag from /home/airflow/.local/lib/python3.12/site-packages/airflow/example_dags/example_skip_dag.py
[2024-11-03T06:15:26.431+0000] {processor.py:925} INFO - DAG(s) 'example_skip_dag' retrieved from /home/airflow/.local/lib/python3.12/site-packages/airflow/example_dags/example_skip_dag.py
[2024-11-03T06:15:26.459+0000] {logging_mixin.py:190} INFO - [2024-11-03T06:15:26.459+0000] {dag.py:3239} INFO - Sync 1 DAGs
[2024-11-03T06:15:26.490+0000] {logging_mixin.py:190} INFO - [2024-11-03T06:15:26.490+0000] {dag.py:4180} INFO - Setting next_dagrun for example_skip_dag to 2024-11-02 00:00:00+00:00, run_after=2024-11-03 00:00:00+00:00
[2024-11-03T06:15:26.516+0000] {processor.py:208} INFO - Processing /home/airflow/.local/lib/python3.12/site-packages/airflow/example_dags/example_skip_dag.py took 0.104 seconds
