[2024-11-03T05:29:32.038+0000] {processor.py:186} INFO - Started process (PID=353) to work on /home/airflow/.local/lib/python3.12/site-packages/airflow/example_dags/example_latest_only_with_trigger.py
[2024-11-03T05:29:32.040+0000] {processor.py:914} INFO - Processing file /home/airflow/.local/lib/python3.12/site-packages/airflow/example_dags/example_latest_only_with_trigger.py for tasks to queue
[2024-11-03T05:29:32.043+0000] {logging_mixin.py:190} INFO - [2024-11-03T05:29:32.042+0000] {dagbag.py:588} INFO - Filling up the DagBag from /home/airflow/.local/lib/python3.12/site-packages/airflow/example_dags/example_latest_only_with_trigger.py
[2024-11-03T05:29:32.055+0000] {processor.py:925} INFO - DAG(s) 'latest_only_with_trigger' retrieved from /home/airflow/.local/lib/python3.12/site-packages/airflow/example_dags/example_latest_only_with_trigger.py
[2024-11-03T05:29:32.258+0000] {logging_mixin.py:190} INFO - [2024-11-03T05:29:32.256+0000] {override.py:1900} INFO - Created Permission View: can delete on DAG:latest_only_with_trigger
[2024-11-03T05:29:32.322+0000] {logging_mixin.py:190} INFO - [2024-11-03T05:29:32.321+0000] {override.py:1900} INFO - Created Permission View: can edit on DAG:latest_only_with_trigger
[2024-11-03T05:29:32.346+0000] {logging_mixin.py:190} INFO - [2024-11-03T05:29:32.345+0000] {override.py:1900} INFO - Created Permission View: can read on DAG:latest_only_with_trigger
[2024-11-03T05:29:32.380+0000] {logging_mixin.py:190} INFO - [2024-11-03T05:29:32.379+0000] {override.py:1900} INFO - Created Permission View: can delete on DAG Run:latest_only_with_trigger
[2024-11-03T05:29:32.401+0000] {logging_mixin.py:190} INFO - [2024-11-03T05:29:32.400+0000] {override.py:1900} INFO - Created Permission View: menu access on DAG Run:latest_only_with_trigger
[2024-11-03T05:29:32.413+0000] {logging_mixin.py:190} INFO - [2024-11-03T05:29:32.413+0000] {override.py:1900} INFO - Created Permission View: can create on DAG Run:latest_only_with_trigger
[2024-11-03T05:29:32.425+0000] {logging_mixin.py:190} INFO - [2024-11-03T05:29:32.424+0000] {override.py:1900} INFO - Created Permission View: can read on DAG Run:latest_only_with_trigger
[2024-11-03T05:29:32.426+0000] {logging_mixin.py:190} INFO - [2024-11-03T05:29:32.425+0000] {dag.py:3239} INFO - Sync 1 DAGs
[2024-11-03T05:29:32.450+0000] {logging_mixin.py:190} INFO - [2024-11-03T05:29:32.450+0000] {dag.py:3262} INFO - Creating ORM DAG for latest_only_with_trigger
[2024-11-03T05:29:32.466+0000] {logging_mixin.py:190} INFO - [2024-11-03T05:29:32.465+0000] {dag.py:4180} INFO - Setting next_dagrun for latest_only_with_trigger to 2024-11-03 00:00:00+00:00, run_after=2024-11-03 04:00:00+00:00
[2024-11-03T05:29:32.505+0000] {processor.py:208} INFO - Processing /home/airflow/.local/lib/python3.12/site-packages/airflow/example_dags/example_latest_only_with_trigger.py took 0.475 seconds
[2024-11-03T05:30:03.340+0000] {processor.py:186} INFO - Started process (PID=644) to work on /home/airflow/.local/lib/python3.12/site-packages/airflow/example_dags/example_latest_only_with_trigger.py
[2024-11-03T05:30:03.341+0000] {processor.py:914} INFO - Processing file /home/airflow/.local/lib/python3.12/site-packages/airflow/example_dags/example_latest_only_with_trigger.py for tasks to queue
[2024-11-03T05:30:03.345+0000] {logging_mixin.py:190} INFO - [2024-11-03T05:30:03.344+0000] {dagbag.py:588} INFO - Filling up the DagBag from /home/airflow/.local/lib/python3.12/site-packages/airflow/example_dags/example_latest_only_with_trigger.py
[2024-11-03T05:30:03.367+0000] {processor.py:925} INFO - DAG(s) 'latest_only_with_trigger' retrieved from /home/airflow/.local/lib/python3.12/site-packages/airflow/example_dags/example_latest_only_with_trigger.py
[2024-11-03T05:30:03.417+0000] {logging_mixin.py:190} INFO - [2024-11-03T05:30:03.417+0000] {dag.py:3239} INFO - Sync 1 DAGs
[2024-11-03T05:30:03.503+0000] {logging_mixin.py:190} INFO - [2024-11-03T05:30:03.502+0000] {dag.py:4180} INFO - Setting next_dagrun for latest_only_with_trigger to 2024-11-03 00:00:00+00:00, run_after=2024-11-03 04:00:00+00:00
[2024-11-03T05:30:03.592+0000] {processor.py:208} INFO - Processing /home/airflow/.local/lib/python3.12/site-packages/airflow/example_dags/example_latest_only_with_trigger.py took 0.259 seconds
[2024-11-03T05:30:34.026+0000] {processor.py:186} INFO - Started process (PID=935) to work on /home/airflow/.local/lib/python3.12/site-packages/airflow/example_dags/example_latest_only_with_trigger.py
[2024-11-03T05:30:34.027+0000] {processor.py:914} INFO - Processing file /home/airflow/.local/lib/python3.12/site-packages/airflow/example_dags/example_latest_only_with_trigger.py for tasks to queue
[2024-11-03T05:30:34.030+0000] {logging_mixin.py:190} INFO - [2024-11-03T05:30:34.030+0000] {dagbag.py:588} INFO - Filling up the DagBag from /home/airflow/.local/lib/python3.12/site-packages/airflow/example_dags/example_latest_only_with_trigger.py
[2024-11-03T05:30:34.039+0000] {processor.py:925} INFO - DAG(s) 'latest_only_with_trigger' retrieved from /home/airflow/.local/lib/python3.12/site-packages/airflow/example_dags/example_latest_only_with_trigger.py
[2024-11-03T05:30:34.066+0000] {logging_mixin.py:190} INFO - [2024-11-03T05:30:34.065+0000] {dag.py:3239} INFO - Sync 1 DAGs
[2024-11-03T05:30:34.101+0000] {logging_mixin.py:190} INFO - [2024-11-03T05:30:34.101+0000] {dag.py:4180} INFO - Setting next_dagrun for latest_only_with_trigger to 2024-11-03 00:00:00+00:00, run_after=2024-11-03 04:00:00+00:00
[2024-11-03T05:30:34.152+0000] {processor.py:208} INFO - Processing /home/airflow/.local/lib/python3.12/site-packages/airflow/example_dags/example_latest_only_with_trigger.py took 0.133 seconds
[2024-11-03T05:31:04.472+0000] {processor.py:186} INFO - Started process (PID=1226) to work on /home/airflow/.local/lib/python3.12/site-packages/airflow/example_dags/example_latest_only_with_trigger.py
[2024-11-03T05:31:04.473+0000] {processor.py:914} INFO - Processing file /home/airflow/.local/lib/python3.12/site-packages/airflow/example_dags/example_latest_only_with_trigger.py for tasks to queue
[2024-11-03T05:31:04.479+0000] {logging_mixin.py:190} INFO - [2024-11-03T05:31:04.478+0000] {dagbag.py:588} INFO - Filling up the DagBag from /home/airflow/.local/lib/python3.12/site-packages/airflow/example_dags/example_latest_only_with_trigger.py
[2024-11-03T05:31:04.493+0000] {processor.py:925} INFO - DAG(s) 'latest_only_with_trigger' retrieved from /home/airflow/.local/lib/python3.12/site-packages/airflow/example_dags/example_latest_only_with_trigger.py
[2024-11-03T05:31:04.544+0000] {logging_mixin.py:190} INFO - [2024-11-03T05:31:04.543+0000] {dag.py:3239} INFO - Sync 1 DAGs
[2024-11-03T05:31:04.593+0000] {logging_mixin.py:190} INFO - [2024-11-03T05:31:04.592+0000] {dag.py:4180} INFO - Setting next_dagrun for latest_only_with_trigger to 2024-11-03 00:00:00+00:00, run_after=2024-11-03 04:00:00+00:00
[2024-11-03T05:31:04.637+0000] {processor.py:208} INFO - Processing /home/airflow/.local/lib/python3.12/site-packages/airflow/example_dags/example_latest_only_with_trigger.py took 0.187 seconds
[2024-11-03T05:31:35.202+0000] {processor.py:186} INFO - Started process (PID=1517) to work on /home/airflow/.local/lib/python3.12/site-packages/airflow/example_dags/example_latest_only_with_trigger.py
[2024-11-03T05:31:35.203+0000] {processor.py:914} INFO - Processing file /home/airflow/.local/lib/python3.12/site-packages/airflow/example_dags/example_latest_only_with_trigger.py for tasks to queue
[2024-11-03T05:31:35.206+0000] {logging_mixin.py:190} INFO - [2024-11-03T05:31:35.205+0000] {dagbag.py:588} INFO - Filling up the DagBag from /home/airflow/.local/lib/python3.12/site-packages/airflow/example_dags/example_latest_only_with_trigger.py
[2024-11-03T05:31:35.213+0000] {processor.py:925} INFO - DAG(s) 'latest_only_with_trigger' retrieved from /home/airflow/.local/lib/python3.12/site-packages/airflow/example_dags/example_latest_only_with_trigger.py
[2024-11-03T05:31:35.239+0000] {logging_mixin.py:190} INFO - [2024-11-03T05:31:35.238+0000] {dag.py:3239} INFO - Sync 1 DAGs
[2024-11-03T05:31:35.270+0000] {logging_mixin.py:190} INFO - [2024-11-03T05:31:35.270+0000] {dag.py:4180} INFO - Setting next_dagrun for latest_only_with_trigger to 2024-11-03 00:00:00+00:00, run_after=2024-11-03 04:00:00+00:00
[2024-11-03T05:31:35.296+0000] {processor.py:208} INFO - Processing /home/airflow/.local/lib/python3.12/site-packages/airflow/example_dags/example_latest_only_with_trigger.py took 0.100 seconds
[2024-11-03T05:32:06.013+0000] {processor.py:186} INFO - Started process (PID=1808) to work on /home/airflow/.local/lib/python3.12/site-packages/airflow/example_dags/example_latest_only_with_trigger.py
[2024-11-03T05:32:06.015+0000] {processor.py:914} INFO - Processing file /home/airflow/.local/lib/python3.12/site-packages/airflow/example_dags/example_latest_only_with_trigger.py for tasks to queue
[2024-11-03T05:32:06.017+0000] {logging_mixin.py:190} INFO - [2024-11-03T05:32:06.017+0000] {dagbag.py:588} INFO - Filling up the DagBag from /home/airflow/.local/lib/python3.12/site-packages/airflow/example_dags/example_latest_only_with_trigger.py
[2024-11-03T05:32:06.026+0000] {processor.py:925} INFO - DAG(s) 'latest_only_with_trigger' retrieved from /home/airflow/.local/lib/python3.12/site-packages/airflow/example_dags/example_latest_only_with_trigger.py
[2024-11-03T05:32:06.047+0000] {logging_mixin.py:190} INFO - [2024-11-03T05:32:06.047+0000] {dag.py:3239} INFO - Sync 1 DAGs
[2024-11-03T05:32:06.074+0000] {logging_mixin.py:190} INFO - [2024-11-03T05:32:06.074+0000] {dag.py:4180} INFO - Setting next_dagrun for latest_only_with_trigger to 2024-11-03 00:00:00+00:00, run_after=2024-11-03 04:00:00+00:00
[2024-11-03T05:32:06.100+0000] {processor.py:208} INFO - Processing /home/airflow/.local/lib/python3.12/site-packages/airflow/example_dags/example_latest_only_with_trigger.py took 0.092 seconds
[2024-11-03T05:32:36.996+0000] {processor.py:186} INFO - Started process (PID=2099) to work on /home/airflow/.local/lib/python3.12/site-packages/airflow/example_dags/example_latest_only_with_trigger.py
[2024-11-03T05:32:36.999+0000] {processor.py:914} INFO - Processing file /home/airflow/.local/lib/python3.12/site-packages/airflow/example_dags/example_latest_only_with_trigger.py for tasks to queue
[2024-11-03T05:32:37.004+0000] {logging_mixin.py:190} INFO - [2024-11-03T05:32:37.004+0000] {dagbag.py:588} INFO - Filling up the DagBag from /home/airflow/.local/lib/python3.12/site-packages/airflow/example_dags/example_latest_only_with_trigger.py
[2024-11-03T05:32:37.019+0000] {processor.py:925} INFO - DAG(s) 'latest_only_with_trigger' retrieved from /home/airflow/.local/lib/python3.12/site-packages/airflow/example_dags/example_latest_only_with_trigger.py
[2024-11-03T05:32:37.057+0000] {logging_mixin.py:190} INFO - [2024-11-03T05:32:37.057+0000] {dag.py:3239} INFO - Sync 1 DAGs
[2024-11-03T05:32:37.110+0000] {logging_mixin.py:190} INFO - [2024-11-03T05:32:37.109+0000] {dag.py:4180} INFO - Setting next_dagrun for latest_only_with_trigger to 2024-11-03 00:00:00+00:00, run_after=2024-11-03 04:00:00+00:00
[2024-11-03T05:32:37.151+0000] {processor.py:208} INFO - Processing /home/airflow/.local/lib/python3.12/site-packages/airflow/example_dags/example_latest_only_with_trigger.py took 0.164 seconds
[2024-11-03T05:33:07.388+0000] {processor.py:186} INFO - Started process (PID=2391) to work on /home/airflow/.local/lib/python3.12/site-packages/airflow/example_dags/example_latest_only_with_trigger.py
[2024-11-03T05:33:07.390+0000] {processor.py:914} INFO - Processing file /home/airflow/.local/lib/python3.12/site-packages/airflow/example_dags/example_latest_only_with_trigger.py for tasks to queue
[2024-11-03T05:33:07.392+0000] {logging_mixin.py:190} INFO - [2024-11-03T05:33:07.392+0000] {dagbag.py:588} INFO - Filling up the DagBag from /home/airflow/.local/lib/python3.12/site-packages/airflow/example_dags/example_latest_only_with_trigger.py
[2024-11-03T05:33:07.402+0000] {processor.py:925} INFO - DAG(s) 'latest_only_with_trigger' retrieved from /home/airflow/.local/lib/python3.12/site-packages/airflow/example_dags/example_latest_only_with_trigger.py
[2024-11-03T05:33:07.427+0000] {logging_mixin.py:190} INFO - [2024-11-03T05:33:07.427+0000] {dag.py:3239} INFO - Sync 1 DAGs
[2024-11-03T05:33:07.458+0000] {logging_mixin.py:190} INFO - [2024-11-03T05:33:07.458+0000] {dag.py:4180} INFO - Setting next_dagrun for latest_only_with_trigger to 2024-11-03 00:00:00+00:00, run_after=2024-11-03 04:00:00+00:00
[2024-11-03T05:33:07.481+0000] {processor.py:208} INFO - Processing /home/airflow/.local/lib/python3.12/site-packages/airflow/example_dags/example_latest_only_with_trigger.py took 0.099 seconds
[2024-11-03T05:33:37.629+0000] {processor.py:186} INFO - Started process (PID=2682) to work on /home/airflow/.local/lib/python3.12/site-packages/airflow/example_dags/example_latest_only_with_trigger.py
[2024-11-03T05:33:37.630+0000] {processor.py:914} INFO - Processing file /home/airflow/.local/lib/python3.12/site-packages/airflow/example_dags/example_latest_only_with_trigger.py for tasks to queue
[2024-11-03T05:33:37.633+0000] {logging_mixin.py:190} INFO - [2024-11-03T05:33:37.633+0000] {dagbag.py:588} INFO - Filling up the DagBag from /home/airflow/.local/lib/python3.12/site-packages/airflow/example_dags/example_latest_only_with_trigger.py
[2024-11-03T05:33:37.646+0000] {processor.py:925} INFO - DAG(s) 'latest_only_with_trigger' retrieved from /home/airflow/.local/lib/python3.12/site-packages/airflow/example_dags/example_latest_only_with_trigger.py
[2024-11-03T05:33:37.680+0000] {logging_mixin.py:190} INFO - [2024-11-03T05:33:37.679+0000] {dag.py:3239} INFO - Sync 1 DAGs
[2024-11-03T05:33:37.727+0000] {logging_mixin.py:190} INFO - [2024-11-03T05:33:37.726+0000] {dag.py:4180} INFO - Setting next_dagrun for latest_only_with_trigger to 2024-11-03 00:00:00+00:00, run_after=2024-11-03 04:00:00+00:00
[2024-11-03T05:33:37.762+0000] {processor.py:208} INFO - Processing /home/airflow/.local/lib/python3.12/site-packages/airflow/example_dags/example_latest_only_with_trigger.py took 0.144 seconds
[2024-11-03T05:34:08.368+0000] {processor.py:186} INFO - Started process (PID=2971) to work on /home/airflow/.local/lib/python3.12/site-packages/airflow/example_dags/example_latest_only_with_trigger.py
[2024-11-03T05:34:08.369+0000] {processor.py:914} INFO - Processing file /home/airflow/.local/lib/python3.12/site-packages/airflow/example_dags/example_latest_only_with_trigger.py for tasks to queue
[2024-11-03T05:34:08.372+0000] {logging_mixin.py:190} INFO - [2024-11-03T05:34:08.372+0000] {dagbag.py:588} INFO - Filling up the DagBag from /home/airflow/.local/lib/python3.12/site-packages/airflow/example_dags/example_latest_only_with_trigger.py
[2024-11-03T05:34:08.379+0000] {processor.py:925} INFO - DAG(s) 'latest_only_with_trigger' retrieved from /home/airflow/.local/lib/python3.12/site-packages/airflow/example_dags/example_latest_only_with_trigger.py
[2024-11-03T05:34:08.403+0000] {logging_mixin.py:190} INFO - [2024-11-03T05:34:08.403+0000] {dag.py:3239} INFO - Sync 1 DAGs
[2024-11-03T05:34:08.428+0000] {logging_mixin.py:190} INFO - [2024-11-03T05:34:08.428+0000] {dag.py:4180} INFO - Setting next_dagrun for latest_only_with_trigger to 2024-11-03 00:00:00+00:00, run_after=2024-11-03 04:00:00+00:00
[2024-11-03T05:34:08.453+0000] {processor.py:208} INFO - Processing /home/airflow/.local/lib/python3.12/site-packages/airflow/example_dags/example_latest_only_with_trigger.py took 0.091 seconds
[2024-11-03T05:34:38.867+0000] {processor.py:186} INFO - Started process (PID=3262) to work on /home/airflow/.local/lib/python3.12/site-packages/airflow/example_dags/example_latest_only_with_trigger.py
[2024-11-03T05:34:38.871+0000] {processor.py:914} INFO - Processing file /home/airflow/.local/lib/python3.12/site-packages/airflow/example_dags/example_latest_only_with_trigger.py for tasks to queue
[2024-11-03T05:34:38.877+0000] {logging_mixin.py:190} INFO - [2024-11-03T05:34:38.876+0000] {dagbag.py:588} INFO - Filling up the DagBag from /home/airflow/.local/lib/python3.12/site-packages/airflow/example_dags/example_latest_only_with_trigger.py
[2024-11-03T05:34:38.903+0000] {processor.py:925} INFO - DAG(s) 'latest_only_with_trigger' retrieved from /home/airflow/.local/lib/python3.12/site-packages/airflow/example_dags/example_latest_only_with_trigger.py
[2024-11-03T05:34:38.956+0000] {logging_mixin.py:190} INFO - [2024-11-03T05:34:38.955+0000] {dag.py:3239} INFO - Sync 1 DAGs
[2024-11-03T05:34:39.012+0000] {logging_mixin.py:190} INFO - [2024-11-03T05:34:39.011+0000] {dag.py:4180} INFO - Setting next_dagrun for latest_only_with_trigger to 2024-11-03 00:00:00+00:00, run_after=2024-11-03 04:00:00+00:00
[2024-11-03T05:34:39.069+0000] {processor.py:208} INFO - Processing /home/airflow/.local/lib/python3.12/site-packages/airflow/example_dags/example_latest_only_with_trigger.py took 0.229 seconds
[2024-11-03T05:35:09.553+0000] {processor.py:186} INFO - Started process (PID=3553) to work on /home/airflow/.local/lib/python3.12/site-packages/airflow/example_dags/example_latest_only_with_trigger.py
[2024-11-03T05:35:09.554+0000] {processor.py:914} INFO - Processing file /home/airflow/.local/lib/python3.12/site-packages/airflow/example_dags/example_latest_only_with_trigger.py for tasks to queue
[2024-11-03T05:35:09.559+0000] {logging_mixin.py:190} INFO - [2024-11-03T05:35:09.558+0000] {dagbag.py:588} INFO - Filling up the DagBag from /home/airflow/.local/lib/python3.12/site-packages/airflow/example_dags/example_latest_only_with_trigger.py
[2024-11-03T05:35:09.569+0000] {processor.py:925} INFO - DAG(s) 'latest_only_with_trigger' retrieved from /home/airflow/.local/lib/python3.12/site-packages/airflow/example_dags/example_latest_only_with_trigger.py
[2024-11-03T05:35:09.604+0000] {logging_mixin.py:190} INFO - [2024-11-03T05:35:09.603+0000] {dag.py:3239} INFO - Sync 1 DAGs
[2024-11-03T05:35:09.642+0000] {logging_mixin.py:190} INFO - [2024-11-03T05:35:09.642+0000] {dag.py:4180} INFO - Setting next_dagrun for latest_only_with_trigger to 2024-11-03 00:00:00+00:00, run_after=2024-11-03 04:00:00+00:00
[2024-11-03T05:35:09.686+0000] {processor.py:208} INFO - Processing /home/airflow/.local/lib/python3.12/site-packages/airflow/example_dags/example_latest_only_with_trigger.py took 0.141 seconds
[2024-11-03T05:35:39.737+0000] {processor.py:186} INFO - Started process (PID=3839) to work on /home/airflow/.local/lib/python3.12/site-packages/airflow/example_dags/example_latest_only_with_trigger.py
[2024-11-03T05:35:39.738+0000] {processor.py:914} INFO - Processing file /home/airflow/.local/lib/python3.12/site-packages/airflow/example_dags/example_latest_only_with_trigger.py for tasks to queue
[2024-11-03T05:35:39.741+0000] {logging_mixin.py:190} INFO - [2024-11-03T05:35:39.740+0000] {dagbag.py:588} INFO - Filling up the DagBag from /home/airflow/.local/lib/python3.12/site-packages/airflow/example_dags/example_latest_only_with_trigger.py
[2024-11-03T05:35:39.751+0000] {processor.py:925} INFO - DAG(s) 'latest_only_with_trigger' retrieved from /home/airflow/.local/lib/python3.12/site-packages/airflow/example_dags/example_latest_only_with_trigger.py
[2024-11-03T05:35:39.775+0000] {logging_mixin.py:190} INFO - [2024-11-03T05:35:39.775+0000] {dag.py:3239} INFO - Sync 1 DAGs
[2024-11-03T05:35:39.799+0000] {logging_mixin.py:190} INFO - [2024-11-03T05:35:39.798+0000] {dag.py:4180} INFO - Setting next_dagrun for latest_only_with_trigger to 2024-11-03 00:00:00+00:00, run_after=2024-11-03 04:00:00+00:00
[2024-11-03T05:35:39.817+0000] {processor.py:208} INFO - Processing /home/airflow/.local/lib/python3.12/site-packages/airflow/example_dags/example_latest_only_with_trigger.py took 0.090 seconds
[2024-11-03T05:36:10.317+0000] {processor.py:186} INFO - Started process (PID=4130) to work on /home/airflow/.local/lib/python3.12/site-packages/airflow/example_dags/example_latest_only_with_trigger.py
[2024-11-03T05:36:10.318+0000] {processor.py:914} INFO - Processing file /home/airflow/.local/lib/python3.12/site-packages/airflow/example_dags/example_latest_only_with_trigger.py for tasks to queue
[2024-11-03T05:36:10.320+0000] {logging_mixin.py:190} INFO - [2024-11-03T05:36:10.320+0000] {dagbag.py:588} INFO - Filling up the DagBag from /home/airflow/.local/lib/python3.12/site-packages/airflow/example_dags/example_latest_only_with_trigger.py
[2024-11-03T05:36:10.328+0000] {processor.py:925} INFO - DAG(s) 'latest_only_with_trigger' retrieved from /home/airflow/.local/lib/python3.12/site-packages/airflow/example_dags/example_latest_only_with_trigger.py
[2024-11-03T05:36:10.348+0000] {logging_mixin.py:190} INFO - [2024-11-03T05:36:10.348+0000] {dag.py:3239} INFO - Sync 1 DAGs
[2024-11-03T05:36:10.371+0000] {logging_mixin.py:190} INFO - [2024-11-03T05:36:10.371+0000] {dag.py:4180} INFO - Setting next_dagrun for latest_only_with_trigger to 2024-11-03 00:00:00+00:00, run_after=2024-11-03 04:00:00+00:00
[2024-11-03T05:36:10.391+0000] {processor.py:208} INFO - Processing /home/airflow/.local/lib/python3.12/site-packages/airflow/example_dags/example_latest_only_with_trigger.py took 0.080 seconds
[2024-11-03T05:36:40.644+0000] {processor.py:186} INFO - Started process (PID=4423) to work on /home/airflow/.local/lib/python3.12/site-packages/airflow/example_dags/example_latest_only_with_trigger.py
[2024-11-03T05:36:40.645+0000] {processor.py:914} INFO - Processing file /home/airflow/.local/lib/python3.12/site-packages/airflow/example_dags/example_latest_only_with_trigger.py for tasks to queue
[2024-11-03T05:36:40.647+0000] {logging_mixin.py:190} INFO - [2024-11-03T05:36:40.647+0000] {dagbag.py:588} INFO - Filling up the DagBag from /home/airflow/.local/lib/python3.12/site-packages/airflow/example_dags/example_latest_only_with_trigger.py
[2024-11-03T05:36:40.654+0000] {processor.py:925} INFO - DAG(s) 'latest_only_with_trigger' retrieved from /home/airflow/.local/lib/python3.12/site-packages/airflow/example_dags/example_latest_only_with_trigger.py
[2024-11-03T05:36:40.675+0000] {logging_mixin.py:190} INFO - [2024-11-03T05:36:40.675+0000] {dag.py:3239} INFO - Sync 1 DAGs
[2024-11-03T05:36:40.698+0000] {logging_mixin.py:190} INFO - [2024-11-03T05:36:40.698+0000] {dag.py:4180} INFO - Setting next_dagrun for latest_only_with_trigger to 2024-11-03 00:00:00+00:00, run_after=2024-11-03 04:00:00+00:00
[2024-11-03T05:36:40.720+0000] {processor.py:208} INFO - Processing /home/airflow/.local/lib/python3.12/site-packages/airflow/example_dags/example_latest_only_with_trigger.py took 0.081 seconds
[2024-11-03T05:37:10.945+0000] {processor.py:186} INFO - Started process (PID=4714) to work on /home/airflow/.local/lib/python3.12/site-packages/airflow/example_dags/example_latest_only_with_trigger.py
[2024-11-03T05:37:10.946+0000] {processor.py:914} INFO - Processing file /home/airflow/.local/lib/python3.12/site-packages/airflow/example_dags/example_latest_only_with_trigger.py for tasks to queue
[2024-11-03T05:37:10.948+0000] {logging_mixin.py:190} INFO - [2024-11-03T05:37:10.948+0000] {dagbag.py:588} INFO - Filling up the DagBag from /home/airflow/.local/lib/python3.12/site-packages/airflow/example_dags/example_latest_only_with_trigger.py
[2024-11-03T05:37:10.956+0000] {processor.py:925} INFO - DAG(s) 'latest_only_with_trigger' retrieved from /home/airflow/.local/lib/python3.12/site-packages/airflow/example_dags/example_latest_only_with_trigger.py
[2024-11-03T05:37:10.977+0000] {logging_mixin.py:190} INFO - [2024-11-03T05:37:10.976+0000] {dag.py:3239} INFO - Sync 1 DAGs
[2024-11-03T05:37:11.000+0000] {logging_mixin.py:190} INFO - [2024-11-03T05:37:10.999+0000] {dag.py:4180} INFO - Setting next_dagrun for latest_only_with_trigger to 2024-11-03 00:00:00+00:00, run_after=2024-11-03 04:00:00+00:00
[2024-11-03T05:37:11.030+0000] {processor.py:208} INFO - Processing /home/airflow/.local/lib/python3.12/site-packages/airflow/example_dags/example_latest_only_with_trigger.py took 0.091 seconds
[2024-11-03T05:37:41.345+0000] {processor.py:186} INFO - Started process (PID=5003) to work on /home/airflow/.local/lib/python3.12/site-packages/airflow/example_dags/example_latest_only_with_trigger.py
[2024-11-03T05:37:41.347+0000] {processor.py:914} INFO - Processing file /home/airflow/.local/lib/python3.12/site-packages/airflow/example_dags/example_latest_only_with_trigger.py for tasks to queue
[2024-11-03T05:37:41.349+0000] {logging_mixin.py:190} INFO - [2024-11-03T05:37:41.349+0000] {dagbag.py:588} INFO - Filling up the DagBag from /home/airflow/.local/lib/python3.12/site-packages/airflow/example_dags/example_latest_only_with_trigger.py
[2024-11-03T05:37:41.357+0000] {processor.py:925} INFO - DAG(s) 'latest_only_with_trigger' retrieved from /home/airflow/.local/lib/python3.12/site-packages/airflow/example_dags/example_latest_only_with_trigger.py
[2024-11-03T05:37:41.384+0000] {logging_mixin.py:190} INFO - [2024-11-03T05:37:41.383+0000] {dag.py:3239} INFO - Sync 1 DAGs
[2024-11-03T05:37:41.413+0000] {logging_mixin.py:190} INFO - [2024-11-03T05:37:41.412+0000] {dag.py:4180} INFO - Setting next_dagrun for latest_only_with_trigger to 2024-11-03 00:00:00+00:00, run_after=2024-11-03 04:00:00+00:00
[2024-11-03T05:37:41.435+0000] {processor.py:208} INFO - Processing /home/airflow/.local/lib/python3.12/site-packages/airflow/example_dags/example_latest_only_with_trigger.py took 0.097 seconds
[2024-11-03T05:38:12.376+0000] {processor.py:186} INFO - Started process (PID=5294) to work on /home/airflow/.local/lib/python3.12/site-packages/airflow/example_dags/example_latest_only_with_trigger.py
[2024-11-03T05:38:12.377+0000] {processor.py:914} INFO - Processing file /home/airflow/.local/lib/python3.12/site-packages/airflow/example_dags/example_latest_only_with_trigger.py for tasks to queue
[2024-11-03T05:38:12.379+0000] {logging_mixin.py:190} INFO - [2024-11-03T05:38:12.379+0000] {dagbag.py:588} INFO - Filling up the DagBag from /home/airflow/.local/lib/python3.12/site-packages/airflow/example_dags/example_latest_only_with_trigger.py
[2024-11-03T05:38:12.386+0000] {processor.py:925} INFO - DAG(s) 'latest_only_with_trigger' retrieved from /home/airflow/.local/lib/python3.12/site-packages/airflow/example_dags/example_latest_only_with_trigger.py
[2024-11-03T05:38:12.408+0000] {logging_mixin.py:190} INFO - [2024-11-03T05:38:12.408+0000] {dag.py:3239} INFO - Sync 1 DAGs
[2024-11-03T05:38:12.432+0000] {logging_mixin.py:190} INFO - [2024-11-03T05:38:12.431+0000] {dag.py:4180} INFO - Setting next_dagrun for latest_only_with_trigger to 2024-11-03 00:00:00+00:00, run_after=2024-11-03 04:00:00+00:00
[2024-11-03T05:38:12.453+0000] {processor.py:208} INFO - Processing /home/airflow/.local/lib/python3.12/site-packages/airflow/example_dags/example_latest_only_with_trigger.py took 0.083 seconds
[2024-11-03T05:38:43.333+0000] {processor.py:186} INFO - Started process (PID=5585) to work on /home/airflow/.local/lib/python3.12/site-packages/airflow/example_dags/example_latest_only_with_trigger.py
[2024-11-03T05:38:43.334+0000] {processor.py:914} INFO - Processing file /home/airflow/.local/lib/python3.12/site-packages/airflow/example_dags/example_latest_only_with_trigger.py for tasks to queue
[2024-11-03T05:38:43.336+0000] {logging_mixin.py:190} INFO - [2024-11-03T05:38:43.336+0000] {dagbag.py:588} INFO - Filling up the DagBag from /home/airflow/.local/lib/python3.12/site-packages/airflow/example_dags/example_latest_only_with_trigger.py
[2024-11-03T05:38:43.344+0000] {processor.py:925} INFO - DAG(s) 'latest_only_with_trigger' retrieved from /home/airflow/.local/lib/python3.12/site-packages/airflow/example_dags/example_latest_only_with_trigger.py
[2024-11-03T05:38:43.364+0000] {logging_mixin.py:190} INFO - [2024-11-03T05:38:43.364+0000] {dag.py:3239} INFO - Sync 1 DAGs
[2024-11-03T05:38:43.387+0000] {logging_mixin.py:190} INFO - [2024-11-03T05:38:43.387+0000] {dag.py:4180} INFO - Setting next_dagrun for latest_only_with_trigger to 2024-11-03 00:00:00+00:00, run_after=2024-11-03 04:00:00+00:00
[2024-11-03T05:38:43.408+0000] {processor.py:208} INFO - Processing /home/airflow/.local/lib/python3.12/site-packages/airflow/example_dags/example_latest_only_with_trigger.py took 0.081 seconds
[2024-11-03T05:39:13.688+0000] {processor.py:186} INFO - Started process (PID=5878) to work on /home/airflow/.local/lib/python3.12/site-packages/airflow/example_dags/example_latest_only_with_trigger.py
[2024-11-03T05:39:13.689+0000] {processor.py:914} INFO - Processing file /home/airflow/.local/lib/python3.12/site-packages/airflow/example_dags/example_latest_only_with_trigger.py for tasks to queue
[2024-11-03T05:39:13.692+0000] {logging_mixin.py:190} INFO - [2024-11-03T05:39:13.691+0000] {dagbag.py:588} INFO - Filling up the DagBag from /home/airflow/.local/lib/python3.12/site-packages/airflow/example_dags/example_latest_only_with_trigger.py
[2024-11-03T05:39:13.699+0000] {processor.py:925} INFO - DAG(s) 'latest_only_with_trigger' retrieved from /home/airflow/.local/lib/python3.12/site-packages/airflow/example_dags/example_latest_only_with_trigger.py
[2024-11-03T05:39:13.720+0000] {logging_mixin.py:190} INFO - [2024-11-03T05:39:13.720+0000] {dag.py:3239} INFO - Sync 1 DAGs
[2024-11-03T05:39:13.748+0000] {logging_mixin.py:190} INFO - [2024-11-03T05:39:13.748+0000] {dag.py:4180} INFO - Setting next_dagrun for latest_only_with_trigger to 2024-11-03 00:00:00+00:00, run_after=2024-11-03 04:00:00+00:00
[2024-11-03T05:39:13.771+0000] {processor.py:208} INFO - Processing /home/airflow/.local/lib/python3.12/site-packages/airflow/example_dags/example_latest_only_with_trigger.py took 0.089 seconds
[2024-11-03T05:39:44.292+0000] {processor.py:186} INFO - Started process (PID=6167) to work on /home/airflow/.local/lib/python3.12/site-packages/airflow/example_dags/example_latest_only_with_trigger.py
[2024-11-03T05:39:44.294+0000] {processor.py:914} INFO - Processing file /home/airflow/.local/lib/python3.12/site-packages/airflow/example_dags/example_latest_only_with_trigger.py for tasks to queue
[2024-11-03T05:39:44.297+0000] {logging_mixin.py:190} INFO - [2024-11-03T05:39:44.296+0000] {dagbag.py:588} INFO - Filling up the DagBag from /home/airflow/.local/lib/python3.12/site-packages/airflow/example_dags/example_latest_only_with_trigger.py
[2024-11-03T05:39:44.308+0000] {processor.py:925} INFO - DAG(s) 'latest_only_with_trigger' retrieved from /home/airflow/.local/lib/python3.12/site-packages/airflow/example_dags/example_latest_only_with_trigger.py
[2024-11-03T05:39:44.332+0000] {logging_mixin.py:190} INFO - [2024-11-03T05:39:44.331+0000] {dag.py:3239} INFO - Sync 1 DAGs
[2024-11-03T05:39:44.359+0000] {logging_mixin.py:190} INFO - [2024-11-03T05:39:44.359+0000] {dag.py:4180} INFO - Setting next_dagrun for latest_only_with_trigger to 2024-11-03 00:00:00+00:00, run_after=2024-11-03 04:00:00+00:00
[2024-11-03T05:39:44.381+0000] {processor.py:208} INFO - Processing /home/airflow/.local/lib/python3.12/site-packages/airflow/example_dags/example_latest_only_with_trigger.py took 0.097 seconds
[2024-11-03T05:40:14.642+0000] {processor.py:186} INFO - Started process (PID=6458) to work on /home/airflow/.local/lib/python3.12/site-packages/airflow/example_dags/example_latest_only_with_trigger.py
[2024-11-03T05:40:14.643+0000] {processor.py:914} INFO - Processing file /home/airflow/.local/lib/python3.12/site-packages/airflow/example_dags/example_latest_only_with_trigger.py for tasks to queue
[2024-11-03T05:40:14.645+0000] {logging_mixin.py:190} INFO - [2024-11-03T05:40:14.645+0000] {dagbag.py:588} INFO - Filling up the DagBag from /home/airflow/.local/lib/python3.12/site-packages/airflow/example_dags/example_latest_only_with_trigger.py
[2024-11-03T05:40:14.653+0000] {processor.py:925} INFO - DAG(s) 'latest_only_with_trigger' retrieved from /home/airflow/.local/lib/python3.12/site-packages/airflow/example_dags/example_latest_only_with_trigger.py
[2024-11-03T05:40:14.674+0000] {logging_mixin.py:190} INFO - [2024-11-03T05:40:14.674+0000] {dag.py:3239} INFO - Sync 1 DAGs
[2024-11-03T05:40:14.697+0000] {logging_mixin.py:190} INFO - [2024-11-03T05:40:14.697+0000] {dag.py:4180} INFO - Setting next_dagrun for latest_only_with_trigger to 2024-11-03 00:00:00+00:00, run_after=2024-11-03 04:00:00+00:00
[2024-11-03T05:40:14.717+0000] {processor.py:208} INFO - Processing /home/airflow/.local/lib/python3.12/site-packages/airflow/example_dags/example_latest_only_with_trigger.py took 0.082 seconds
[2024-11-03T05:40:45.205+0000] {processor.py:186} INFO - Started process (PID=6749) to work on /home/airflow/.local/lib/python3.12/site-packages/airflow/example_dags/example_latest_only_with_trigger.py
[2024-11-03T05:40:45.206+0000] {processor.py:914} INFO - Processing file /home/airflow/.local/lib/python3.12/site-packages/airflow/example_dags/example_latest_only_with_trigger.py for tasks to queue
[2024-11-03T05:40:45.209+0000] {logging_mixin.py:190} INFO - [2024-11-03T05:40:45.209+0000] {dagbag.py:588} INFO - Filling up the DagBag from /home/airflow/.local/lib/python3.12/site-packages/airflow/example_dags/example_latest_only_with_trigger.py
[2024-11-03T05:40:45.218+0000] {processor.py:925} INFO - DAG(s) 'latest_only_with_trigger' retrieved from /home/airflow/.local/lib/python3.12/site-packages/airflow/example_dags/example_latest_only_with_trigger.py
[2024-11-03T05:40:45.241+0000] {logging_mixin.py:190} INFO - [2024-11-03T05:40:45.241+0000] {dag.py:3239} INFO - Sync 1 DAGs
[2024-11-03T05:40:45.268+0000] {logging_mixin.py:190} INFO - [2024-11-03T05:40:45.267+0000] {dag.py:4180} INFO - Setting next_dagrun for latest_only_with_trigger to 2024-11-03 00:00:00+00:00, run_after=2024-11-03 04:00:00+00:00
[2024-11-03T05:40:45.297+0000] {processor.py:208} INFO - Processing /home/airflow/.local/lib/python3.12/site-packages/airflow/example_dags/example_latest_only_with_trigger.py took 0.100 seconds
[2024-11-03T05:41:15.886+0000] {processor.py:186} INFO - Started process (PID=7042) to work on /home/airflow/.local/lib/python3.12/site-packages/airflow/example_dags/example_latest_only_with_trigger.py
[2024-11-03T05:41:15.887+0000] {processor.py:914} INFO - Processing file /home/airflow/.local/lib/python3.12/site-packages/airflow/example_dags/example_latest_only_with_trigger.py for tasks to queue
[2024-11-03T05:41:15.889+0000] {logging_mixin.py:190} INFO - [2024-11-03T05:41:15.889+0000] {dagbag.py:588} INFO - Filling up the DagBag from /home/airflow/.local/lib/python3.12/site-packages/airflow/example_dags/example_latest_only_with_trigger.py
[2024-11-03T05:41:15.896+0000] {processor.py:925} INFO - DAG(s) 'latest_only_with_trigger' retrieved from /home/airflow/.local/lib/python3.12/site-packages/airflow/example_dags/example_latest_only_with_trigger.py
[2024-11-03T05:41:15.918+0000] {logging_mixin.py:190} INFO - [2024-11-03T05:41:15.918+0000] {dag.py:3239} INFO - Sync 1 DAGs
[2024-11-03T05:41:15.951+0000] {logging_mixin.py:190} INFO - [2024-11-03T05:41:15.950+0000] {dag.py:4180} INFO - Setting next_dagrun for latest_only_with_trigger to 2024-11-03 00:00:00+00:00, run_after=2024-11-03 04:00:00+00:00
[2024-11-03T05:41:15.979+0000] {processor.py:208} INFO - Processing /home/airflow/.local/lib/python3.12/site-packages/airflow/example_dags/example_latest_only_with_trigger.py took 0.099 seconds
[2024-11-03T05:41:46.406+0000] {processor.py:186} INFO - Started process (PID=7331) to work on /home/airflow/.local/lib/python3.12/site-packages/airflow/example_dags/example_latest_only_with_trigger.py
[2024-11-03T05:41:46.408+0000] {processor.py:914} INFO - Processing file /home/airflow/.local/lib/python3.12/site-packages/airflow/example_dags/example_latest_only_with_trigger.py for tasks to queue
[2024-11-03T05:41:46.412+0000] {logging_mixin.py:190} INFO - [2024-11-03T05:41:46.411+0000] {dagbag.py:588} INFO - Filling up the DagBag from /home/airflow/.local/lib/python3.12/site-packages/airflow/example_dags/example_latest_only_with_trigger.py
[2024-11-03T05:41:46.419+0000] {processor.py:925} INFO - DAG(s) 'latest_only_with_trigger' retrieved from /home/airflow/.local/lib/python3.12/site-packages/airflow/example_dags/example_latest_only_with_trigger.py
[2024-11-03T05:41:46.439+0000] {logging_mixin.py:190} INFO - [2024-11-03T05:41:46.439+0000] {dag.py:3239} INFO - Sync 1 DAGs
[2024-11-03T05:41:46.462+0000] {logging_mixin.py:190} INFO - [2024-11-03T05:41:46.462+0000] {dag.py:4180} INFO - Setting next_dagrun for latest_only_with_trigger to 2024-11-03 00:00:00+00:00, run_after=2024-11-03 04:00:00+00:00
[2024-11-03T05:41:46.481+0000] {processor.py:208} INFO - Processing /home/airflow/.local/lib/python3.12/site-packages/airflow/example_dags/example_latest_only_with_trigger.py took 0.082 seconds
[2024-11-03T05:42:16.708+0000] {processor.py:186} INFO - Started process (PID=7622) to work on /home/airflow/.local/lib/python3.12/site-packages/airflow/example_dags/example_latest_only_with_trigger.py
[2024-11-03T05:42:16.709+0000] {processor.py:914} INFO - Processing file /home/airflow/.local/lib/python3.12/site-packages/airflow/example_dags/example_latest_only_with_trigger.py for tasks to queue
[2024-11-03T05:42:16.711+0000] {logging_mixin.py:190} INFO - [2024-11-03T05:42:16.711+0000] {dagbag.py:588} INFO - Filling up the DagBag from /home/airflow/.local/lib/python3.12/site-packages/airflow/example_dags/example_latest_only_with_trigger.py
[2024-11-03T05:42:16.718+0000] {processor.py:925} INFO - DAG(s) 'latest_only_with_trigger' retrieved from /home/airflow/.local/lib/python3.12/site-packages/airflow/example_dags/example_latest_only_with_trigger.py
[2024-11-03T05:42:16.738+0000] {logging_mixin.py:190} INFO - [2024-11-03T05:42:16.737+0000] {dag.py:3239} INFO - Sync 1 DAGs
[2024-11-03T05:42:16.762+0000] {logging_mixin.py:190} INFO - [2024-11-03T05:42:16.761+0000] {dag.py:4180} INFO - Setting next_dagrun for latest_only_with_trigger to 2024-11-03 00:00:00+00:00, run_after=2024-11-03 04:00:00+00:00
[2024-11-03T05:42:16.780+0000] {processor.py:208} INFO - Processing /home/airflow/.local/lib/python3.12/site-packages/airflow/example_dags/example_latest_only_with_trigger.py took 0.079 seconds
[2024-11-03T05:42:47.455+0000] {processor.py:186} INFO - Started process (PID=7915) to work on /home/airflow/.local/lib/python3.12/site-packages/airflow/example_dags/example_latest_only_with_trigger.py
[2024-11-03T05:42:47.456+0000] {processor.py:914} INFO - Processing file /home/airflow/.local/lib/python3.12/site-packages/airflow/example_dags/example_latest_only_with_trigger.py for tasks to queue
[2024-11-03T05:42:47.459+0000] {logging_mixin.py:190} INFO - [2024-11-03T05:42:47.458+0000] {dagbag.py:588} INFO - Filling up the DagBag from /home/airflow/.local/lib/python3.12/site-packages/airflow/example_dags/example_latest_only_with_trigger.py
[2024-11-03T05:42:47.466+0000] {processor.py:925} INFO - DAG(s) 'latest_only_with_trigger' retrieved from /home/airflow/.local/lib/python3.12/site-packages/airflow/example_dags/example_latest_only_with_trigger.py
[2024-11-03T05:42:47.485+0000] {logging_mixin.py:190} INFO - [2024-11-03T05:42:47.484+0000] {dag.py:3239} INFO - Sync 1 DAGs
[2024-11-03T05:42:47.508+0000] {logging_mixin.py:190} INFO - [2024-11-03T05:42:47.508+0000] {dag.py:4180} INFO - Setting next_dagrun for latest_only_with_trigger to 2024-11-03 00:00:00+00:00, run_after=2024-11-03 04:00:00+00:00
[2024-11-03T05:42:47.530+0000] {processor.py:208} INFO - Processing /home/airflow/.local/lib/python3.12/site-packages/airflow/example_dags/example_latest_only_with_trigger.py took 0.081 seconds
[2024-11-03T05:43:18.333+0000] {processor.py:186} INFO - Started process (PID=8205) to work on /home/airflow/.local/lib/python3.12/site-packages/airflow/example_dags/example_latest_only_with_trigger.py
[2024-11-03T05:43:18.335+0000] {processor.py:914} INFO - Processing file /home/airflow/.local/lib/python3.12/site-packages/airflow/example_dags/example_latest_only_with_trigger.py for tasks to queue
[2024-11-03T05:43:18.338+0000] {logging_mixin.py:190} INFO - [2024-11-03T05:43:18.338+0000] {dagbag.py:588} INFO - Filling up the DagBag from /home/airflow/.local/lib/python3.12/site-packages/airflow/example_dags/example_latest_only_with_trigger.py
[2024-11-03T05:43:18.350+0000] {processor.py:925} INFO - DAG(s) 'latest_only_with_trigger' retrieved from /home/airflow/.local/lib/python3.12/site-packages/airflow/example_dags/example_latest_only_with_trigger.py
[2024-11-03T05:43:18.373+0000] {logging_mixin.py:190} INFO - [2024-11-03T05:43:18.372+0000] {dag.py:3239} INFO - Sync 1 DAGs
[2024-11-03T05:43:18.400+0000] {logging_mixin.py:190} INFO - [2024-11-03T05:43:18.400+0000] {dag.py:4180} INFO - Setting next_dagrun for latest_only_with_trigger to 2024-11-03 00:00:00+00:00, run_after=2024-11-03 04:00:00+00:00
[2024-11-03T05:43:18.421+0000] {processor.py:208} INFO - Processing /home/airflow/.local/lib/python3.12/site-packages/airflow/example_dags/example_latest_only_with_trigger.py took 0.096 seconds
[2024-11-03T05:43:48.638+0000] {processor.py:186} INFO - Started process (PID=8496) to work on /home/airflow/.local/lib/python3.12/site-packages/airflow/example_dags/example_latest_only_with_trigger.py
[2024-11-03T05:43:48.639+0000] {processor.py:914} INFO - Processing file /home/airflow/.local/lib/python3.12/site-packages/airflow/example_dags/example_latest_only_with_trigger.py for tasks to queue
[2024-11-03T05:43:48.643+0000] {logging_mixin.py:190} INFO - [2024-11-03T05:43:48.643+0000] {dagbag.py:588} INFO - Filling up the DagBag from /home/airflow/.local/lib/python3.12/site-packages/airflow/example_dags/example_latest_only_with_trigger.py
[2024-11-03T05:43:48.656+0000] {processor.py:925} INFO - DAG(s) 'latest_only_with_trigger' retrieved from /home/airflow/.local/lib/python3.12/site-packages/airflow/example_dags/example_latest_only_with_trigger.py
[2024-11-03T05:43:48.678+0000] {logging_mixin.py:190} INFO - [2024-11-03T05:43:48.677+0000] {dag.py:3239} INFO - Sync 1 DAGs
[2024-11-03T05:43:48.704+0000] {logging_mixin.py:190} INFO - [2024-11-03T05:43:48.704+0000] {dag.py:4180} INFO - Setting next_dagrun for latest_only_with_trigger to 2024-11-03 00:00:00+00:00, run_after=2024-11-03 04:00:00+00:00
[2024-11-03T05:43:48.730+0000] {processor.py:208} INFO - Processing /home/airflow/.local/lib/python3.12/site-packages/airflow/example_dags/example_latest_only_with_trigger.py took 0.103 seconds
[2024-11-03T05:44:19.058+0000] {processor.py:186} INFO - Started process (PID=8793) to work on /home/airflow/.local/lib/python3.12/site-packages/airflow/example_dags/example_latest_only_with_trigger.py
[2024-11-03T05:44:19.059+0000] {processor.py:914} INFO - Processing file /home/airflow/.local/lib/python3.12/site-packages/airflow/example_dags/example_latest_only_with_trigger.py for tasks to queue
[2024-11-03T05:44:19.062+0000] {logging_mixin.py:190} INFO - [2024-11-03T05:44:19.061+0000] {dagbag.py:588} INFO - Filling up the DagBag from /home/airflow/.local/lib/python3.12/site-packages/airflow/example_dags/example_latest_only_with_trigger.py
[2024-11-03T05:44:19.070+0000] {processor.py:925} INFO - DAG(s) 'latest_only_with_trigger' retrieved from /home/airflow/.local/lib/python3.12/site-packages/airflow/example_dags/example_latest_only_with_trigger.py
[2024-11-03T05:44:19.091+0000] {logging_mixin.py:190} INFO - [2024-11-03T05:44:19.091+0000] {dag.py:3239} INFO - Sync 1 DAGs
[2024-11-03T05:44:19.115+0000] {logging_mixin.py:190} INFO - [2024-11-03T05:44:19.115+0000] {dag.py:4180} INFO - Setting next_dagrun for latest_only_with_trigger to 2024-11-03 00:00:00+00:00, run_after=2024-11-03 04:00:00+00:00
[2024-11-03T05:44:19.135+0000] {processor.py:208} INFO - Processing /home/airflow/.local/lib/python3.12/site-packages/airflow/example_dags/example_latest_only_with_trigger.py took 0.083 seconds
[2024-11-03T05:44:49.336+0000] {processor.py:186} INFO - Started process (PID=9084) to work on /home/airflow/.local/lib/python3.12/site-packages/airflow/example_dags/example_latest_only_with_trigger.py
[2024-11-03T05:44:49.337+0000] {processor.py:914} INFO - Processing file /home/airflow/.local/lib/python3.12/site-packages/airflow/example_dags/example_latest_only_with_trigger.py for tasks to queue
[2024-11-03T05:44:49.340+0000] {logging_mixin.py:190} INFO - [2024-11-03T05:44:49.339+0000] {dagbag.py:588} INFO - Filling up the DagBag from /home/airflow/.local/lib/python3.12/site-packages/airflow/example_dags/example_latest_only_with_trigger.py
[2024-11-03T05:44:49.347+0000] {processor.py:925} INFO - DAG(s) 'latest_only_with_trigger' retrieved from /home/airflow/.local/lib/python3.12/site-packages/airflow/example_dags/example_latest_only_with_trigger.py
[2024-11-03T05:44:49.367+0000] {logging_mixin.py:190} INFO - [2024-11-03T05:44:49.367+0000] {dag.py:3239} INFO - Sync 1 DAGs
[2024-11-03T05:44:49.390+0000] {logging_mixin.py:190} INFO - [2024-11-03T05:44:49.389+0000] {dag.py:4180} INFO - Setting next_dagrun for latest_only_with_trigger to 2024-11-03 00:00:00+00:00, run_after=2024-11-03 04:00:00+00:00
[2024-11-03T05:44:49.410+0000] {processor.py:208} INFO - Processing /home/airflow/.local/lib/python3.12/site-packages/airflow/example_dags/example_latest_only_with_trigger.py took 0.081 seconds
[2024-11-03T05:45:19.581+0000] {processor.py:186} INFO - Started process (PID=9375) to work on /home/airflow/.local/lib/python3.12/site-packages/airflow/example_dags/example_latest_only_with_trigger.py
[2024-11-03T05:45:19.582+0000] {processor.py:914} INFO - Processing file /home/airflow/.local/lib/python3.12/site-packages/airflow/example_dags/example_latest_only_with_trigger.py for tasks to queue
[2024-11-03T05:45:19.584+0000] {logging_mixin.py:190} INFO - [2024-11-03T05:45:19.584+0000] {dagbag.py:588} INFO - Filling up the DagBag from /home/airflow/.local/lib/python3.12/site-packages/airflow/example_dags/example_latest_only_with_trigger.py
[2024-11-03T05:45:19.591+0000] {processor.py:925} INFO - DAG(s) 'latest_only_with_trigger' retrieved from /home/airflow/.local/lib/python3.12/site-packages/airflow/example_dags/example_latest_only_with_trigger.py
[2024-11-03T05:45:19.613+0000] {logging_mixin.py:190} INFO - [2024-11-03T05:45:19.612+0000] {dag.py:3239} INFO - Sync 1 DAGs
[2024-11-03T05:45:19.639+0000] {logging_mixin.py:190} INFO - [2024-11-03T05:45:19.639+0000] {dag.py:4180} INFO - Setting next_dagrun for latest_only_with_trigger to 2024-11-03 00:00:00+00:00, run_after=2024-11-03 04:00:00+00:00
[2024-11-03T05:45:19.665+0000] {processor.py:208} INFO - Processing /home/airflow/.local/lib/python3.12/site-packages/airflow/example_dags/example_latest_only_with_trigger.py took 0.090 seconds
[2024-11-03T05:45:49.788+0000] {processor.py:186} INFO - Started process (PID=9666) to work on /home/airflow/.local/lib/python3.12/site-packages/airflow/example_dags/example_latest_only_with_trigger.py
[2024-11-03T05:45:49.789+0000] {processor.py:914} INFO - Processing file /home/airflow/.local/lib/python3.12/site-packages/airflow/example_dags/example_latest_only_with_trigger.py for tasks to queue
[2024-11-03T05:45:49.793+0000] {logging_mixin.py:190} INFO - [2024-11-03T05:45:49.792+0000] {dagbag.py:588} INFO - Filling up the DagBag from /home/airflow/.local/lib/python3.12/site-packages/airflow/example_dags/example_latest_only_with_trigger.py
[2024-11-03T05:45:49.803+0000] {processor.py:925} INFO - DAG(s) 'latest_only_with_trigger' retrieved from /home/airflow/.local/lib/python3.12/site-packages/airflow/example_dags/example_latest_only_with_trigger.py
[2024-11-03T05:45:49.827+0000] {logging_mixin.py:190} INFO - [2024-11-03T05:45:49.827+0000] {dag.py:3239} INFO - Sync 1 DAGs
[2024-11-03T05:45:49.858+0000] {logging_mixin.py:190} INFO - [2024-11-03T05:45:49.858+0000] {dag.py:4180} INFO - Setting next_dagrun for latest_only_with_trigger to 2024-11-03 00:00:00+00:00, run_after=2024-11-03 04:00:00+00:00
[2024-11-03T05:45:49.888+0000] {processor.py:208} INFO - Processing /home/airflow/.local/lib/python3.12/site-packages/airflow/example_dags/example_latest_only_with_trigger.py took 0.107 seconds
[2024-11-03T05:46:19.990+0000] {processor.py:186} INFO - Started process (PID=9952) to work on /home/airflow/.local/lib/python3.12/site-packages/airflow/example_dags/example_latest_only_with_trigger.py
[2024-11-03T05:46:19.992+0000] {processor.py:914} INFO - Processing file /home/airflow/.local/lib/python3.12/site-packages/airflow/example_dags/example_latest_only_with_trigger.py for tasks to queue
[2024-11-03T05:46:19.997+0000] {logging_mixin.py:190} INFO - [2024-11-03T05:46:19.995+0000] {dagbag.py:588} INFO - Filling up the DagBag from /home/airflow/.local/lib/python3.12/site-packages/airflow/example_dags/example_latest_only_with_trigger.py
[2024-11-03T05:46:20.006+0000] {processor.py:925} INFO - DAG(s) 'latest_only_with_trigger' retrieved from /home/airflow/.local/lib/python3.12/site-packages/airflow/example_dags/example_latest_only_with_trigger.py
[2024-11-03T05:46:20.027+0000] {logging_mixin.py:190} INFO - [2024-11-03T05:46:20.027+0000] {dag.py:3239} INFO - Sync 1 DAGs
[2024-11-03T05:46:20.053+0000] {logging_mixin.py:190} INFO - [2024-11-03T05:46:20.053+0000] {dag.py:4180} INFO - Setting next_dagrun for latest_only_with_trigger to 2024-11-03 00:00:00+00:00, run_after=2024-11-03 04:00:00+00:00
[2024-11-03T05:46:20.076+0000] {processor.py:208} INFO - Processing /home/airflow/.local/lib/python3.12/site-packages/airflow/example_dags/example_latest_only_with_trigger.py took 0.094 seconds
[2024-11-03T05:46:50.272+0000] {processor.py:186} INFO - Started process (PID=10245) to work on /home/airflow/.local/lib/python3.12/site-packages/airflow/example_dags/example_latest_only_with_trigger.py
[2024-11-03T05:46:50.274+0000] {processor.py:914} INFO - Processing file /home/airflow/.local/lib/python3.12/site-packages/airflow/example_dags/example_latest_only_with_trigger.py for tasks to queue
[2024-11-03T05:46:50.278+0000] {logging_mixin.py:190} INFO - [2024-11-03T05:46:50.278+0000] {dagbag.py:588} INFO - Filling up the DagBag from /home/airflow/.local/lib/python3.12/site-packages/airflow/example_dags/example_latest_only_with_trigger.py
[2024-11-03T05:46:50.288+0000] {processor.py:925} INFO - DAG(s) 'latest_only_with_trigger' retrieved from /home/airflow/.local/lib/python3.12/site-packages/airflow/example_dags/example_latest_only_with_trigger.py
[2024-11-03T05:46:50.310+0000] {logging_mixin.py:190} INFO - [2024-11-03T05:46:50.310+0000] {dag.py:3239} INFO - Sync 1 DAGs
[2024-11-03T05:46:50.335+0000] {logging_mixin.py:190} INFO - [2024-11-03T05:46:50.335+0000] {dag.py:4180} INFO - Setting next_dagrun for latest_only_with_trigger to 2024-11-03 00:00:00+00:00, run_after=2024-11-03 04:00:00+00:00
[2024-11-03T05:46:50.356+0000] {processor.py:208} INFO - Processing /home/airflow/.local/lib/python3.12/site-packages/airflow/example_dags/example_latest_only_with_trigger.py took 0.096 seconds
[2024-11-03T05:47:20.628+0000] {processor.py:186} INFO - Started process (PID=10536) to work on /home/airflow/.local/lib/python3.12/site-packages/airflow/example_dags/example_latest_only_with_trigger.py
[2024-11-03T05:47:20.629+0000] {processor.py:914} INFO - Processing file /home/airflow/.local/lib/python3.12/site-packages/airflow/example_dags/example_latest_only_with_trigger.py for tasks to queue
[2024-11-03T05:47:20.632+0000] {logging_mixin.py:190} INFO - [2024-11-03T05:47:20.632+0000] {dagbag.py:588} INFO - Filling up the DagBag from /home/airflow/.local/lib/python3.12/site-packages/airflow/example_dags/example_latest_only_with_trigger.py
[2024-11-03T05:47:20.639+0000] {processor.py:925} INFO - DAG(s) 'latest_only_with_trigger' retrieved from /home/airflow/.local/lib/python3.12/site-packages/airflow/example_dags/example_latest_only_with_trigger.py
[2024-11-03T05:47:20.661+0000] {logging_mixin.py:190} INFO - [2024-11-03T05:47:20.661+0000] {dag.py:3239} INFO - Sync 1 DAGs
[2024-11-03T05:47:20.685+0000] {logging_mixin.py:190} INFO - [2024-11-03T05:47:20.685+0000] {dag.py:4180} INFO - Setting next_dagrun for latest_only_with_trigger to 2024-11-03 00:00:00+00:00, run_after=2024-11-03 04:00:00+00:00
[2024-11-03T05:47:20.717+0000] {processor.py:208} INFO - Processing /home/airflow/.local/lib/python3.12/site-packages/airflow/example_dags/example_latest_only_with_trigger.py took 0.096 seconds
[2024-11-03T05:47:50.959+0000] {processor.py:186} INFO - Started process (PID=10825) to work on /home/airflow/.local/lib/python3.12/site-packages/airflow/example_dags/example_latest_only_with_trigger.py
[2024-11-03T05:47:50.960+0000] {processor.py:914} INFO - Processing file /home/airflow/.local/lib/python3.12/site-packages/airflow/example_dags/example_latest_only_with_trigger.py for tasks to queue
[2024-11-03T05:47:50.963+0000] {logging_mixin.py:190} INFO - [2024-11-03T05:47:50.962+0000] {dagbag.py:588} INFO - Filling up the DagBag from /home/airflow/.local/lib/python3.12/site-packages/airflow/example_dags/example_latest_only_with_trigger.py
[2024-11-03T05:47:50.971+0000] {processor.py:925} INFO - DAG(s) 'latest_only_with_trigger' retrieved from /home/airflow/.local/lib/python3.12/site-packages/airflow/example_dags/example_latest_only_with_trigger.py
[2024-11-03T05:47:50.992+0000] {logging_mixin.py:190} INFO - [2024-11-03T05:47:50.992+0000] {dag.py:3239} INFO - Sync 1 DAGs
[2024-11-03T05:47:51.018+0000] {logging_mixin.py:190} INFO - [2024-11-03T05:47:51.018+0000] {dag.py:4180} INFO - Setting next_dagrun for latest_only_with_trigger to 2024-11-03 00:00:00+00:00, run_after=2024-11-03 04:00:00+00:00
[2024-11-03T05:47:51.039+0000] {processor.py:208} INFO - Processing /home/airflow/.local/lib/python3.12/site-packages/airflow/example_dags/example_latest_only_with_trigger.py took 0.085 seconds
[2024-11-03T05:48:21.470+0000] {processor.py:186} INFO - Started process (PID=11118) to work on /home/airflow/.local/lib/python3.12/site-packages/airflow/example_dags/example_latest_only_with_trigger.py
[2024-11-03T05:48:21.471+0000] {processor.py:914} INFO - Processing file /home/airflow/.local/lib/python3.12/site-packages/airflow/example_dags/example_latest_only_with_trigger.py for tasks to queue
[2024-11-03T05:48:21.474+0000] {logging_mixin.py:190} INFO - [2024-11-03T05:48:21.474+0000] {dagbag.py:588} INFO - Filling up the DagBag from /home/airflow/.local/lib/python3.12/site-packages/airflow/example_dags/example_latest_only_with_trigger.py
[2024-11-03T05:48:21.481+0000] {processor.py:925} INFO - DAG(s) 'latest_only_with_trigger' retrieved from /home/airflow/.local/lib/python3.12/site-packages/airflow/example_dags/example_latest_only_with_trigger.py
[2024-11-03T05:48:21.502+0000] {logging_mixin.py:190} INFO - [2024-11-03T05:48:21.502+0000] {dag.py:3239} INFO - Sync 1 DAGs
[2024-11-03T05:48:21.527+0000] {logging_mixin.py:190} INFO - [2024-11-03T05:48:21.527+0000] {dag.py:4180} INFO - Setting next_dagrun for latest_only_with_trigger to 2024-11-03 00:00:00+00:00, run_after=2024-11-03 04:00:00+00:00
[2024-11-03T05:48:21.549+0000] {processor.py:208} INFO - Processing /home/airflow/.local/lib/python3.12/site-packages/airflow/example_dags/example_latest_only_with_trigger.py took 0.085 seconds
[2024-11-03T05:48:51.822+0000] {processor.py:186} INFO - Started process (PID=11407) to work on /home/airflow/.local/lib/python3.12/site-packages/airflow/example_dags/example_latest_only_with_trigger.py
[2024-11-03T05:48:51.823+0000] {processor.py:914} INFO - Processing file /home/airflow/.local/lib/python3.12/site-packages/airflow/example_dags/example_latest_only_with_trigger.py for tasks to queue
[2024-11-03T05:48:51.826+0000] {logging_mixin.py:190} INFO - [2024-11-03T05:48:51.825+0000] {dagbag.py:588} INFO - Filling up the DagBag from /home/airflow/.local/lib/python3.12/site-packages/airflow/example_dags/example_latest_only_with_trigger.py
[2024-11-03T05:48:51.833+0000] {processor.py:925} INFO - DAG(s) 'latest_only_with_trigger' retrieved from /home/airflow/.local/lib/python3.12/site-packages/airflow/example_dags/example_latest_only_with_trigger.py
[2024-11-03T05:48:51.855+0000] {logging_mixin.py:190} INFO - [2024-11-03T05:48:51.855+0000] {dag.py:3239} INFO - Sync 1 DAGs
[2024-11-03T05:48:51.880+0000] {logging_mixin.py:190} INFO - [2024-11-03T05:48:51.880+0000] {dag.py:4180} INFO - Setting next_dagrun for latest_only_with_trigger to 2024-11-03 00:00:00+00:00, run_after=2024-11-03 04:00:00+00:00
[2024-11-03T05:48:51.904+0000] {processor.py:208} INFO - Processing /home/airflow/.local/lib/python3.12/site-packages/airflow/example_dags/example_latest_only_with_trigger.py took 0.087 seconds
[2024-11-03T05:49:23.025+0000] {processor.py:186} INFO - Started process (PID=11705) to work on /home/airflow/.local/lib/python3.12/site-packages/airflow/example_dags/example_latest_only_with_trigger.py
[2024-11-03T05:49:23.027+0000] {processor.py:914} INFO - Processing file /home/airflow/.local/lib/python3.12/site-packages/airflow/example_dags/example_latest_only_with_trigger.py for tasks to queue
[2024-11-03T05:49:23.029+0000] {logging_mixin.py:190} INFO - [2024-11-03T05:49:23.029+0000] {dagbag.py:588} INFO - Filling up the DagBag from /home/airflow/.local/lib/python3.12/site-packages/airflow/example_dags/example_latest_only_with_trigger.py
[2024-11-03T05:49:23.036+0000] {processor.py:925} INFO - DAG(s) 'latest_only_with_trigger' retrieved from /home/airflow/.local/lib/python3.12/site-packages/airflow/example_dags/example_latest_only_with_trigger.py
[2024-11-03T05:49:23.058+0000] {logging_mixin.py:190} INFO - [2024-11-03T05:49:23.058+0000] {dag.py:3239} INFO - Sync 1 DAGs
[2024-11-03T05:49:23.082+0000] {logging_mixin.py:190} INFO - [2024-11-03T05:49:23.082+0000] {dag.py:4180} INFO - Setting next_dagrun for latest_only_with_trigger to 2024-11-03 00:00:00+00:00, run_after=2024-11-03 04:00:00+00:00
[2024-11-03T05:49:23.103+0000] {processor.py:208} INFO - Processing /home/airflow/.local/lib/python3.12/site-packages/airflow/example_dags/example_latest_only_with_trigger.py took 0.084 seconds
[2024-11-03T05:49:53.404+0000] {processor.py:186} INFO - Started process (PID=11994) to work on /home/airflow/.local/lib/python3.12/site-packages/airflow/example_dags/example_latest_only_with_trigger.py
[2024-11-03T05:49:53.405+0000] {processor.py:914} INFO - Processing file /home/airflow/.local/lib/python3.12/site-packages/airflow/example_dags/example_latest_only_with_trigger.py for tasks to queue
[2024-11-03T05:49:53.407+0000] {logging_mixin.py:190} INFO - [2024-11-03T05:49:53.407+0000] {dagbag.py:588} INFO - Filling up the DagBag from /home/airflow/.local/lib/python3.12/site-packages/airflow/example_dags/example_latest_only_with_trigger.py
[2024-11-03T05:49:53.414+0000] {processor.py:925} INFO - DAG(s) 'latest_only_with_trigger' retrieved from /home/airflow/.local/lib/python3.12/site-packages/airflow/example_dags/example_latest_only_with_trigger.py
[2024-11-03T05:49:53.437+0000] {logging_mixin.py:190} INFO - [2024-11-03T05:49:53.436+0000] {dag.py:3239} INFO - Sync 1 DAGs
[2024-11-03T05:49:53.460+0000] {logging_mixin.py:190} INFO - [2024-11-03T05:49:53.460+0000] {dag.py:4180} INFO - Setting next_dagrun for latest_only_with_trigger to 2024-11-03 00:00:00+00:00, run_after=2024-11-03 04:00:00+00:00
[2024-11-03T05:49:53.483+0000] {processor.py:208} INFO - Processing /home/airflow/.local/lib/python3.12/site-packages/airflow/example_dags/example_latest_only_with_trigger.py took 0.086 seconds
[2024-11-03T05:50:24.147+0000] {processor.py:186} INFO - Started process (PID=12285) to work on /home/airflow/.local/lib/python3.12/site-packages/airflow/example_dags/example_latest_only_with_trigger.py
[2024-11-03T05:50:24.148+0000] {processor.py:914} INFO - Processing file /home/airflow/.local/lib/python3.12/site-packages/airflow/example_dags/example_latest_only_with_trigger.py for tasks to queue
[2024-11-03T05:50:24.151+0000] {logging_mixin.py:190} INFO - [2024-11-03T05:50:24.150+0000] {dagbag.py:588} INFO - Filling up the DagBag from /home/airflow/.local/lib/python3.12/site-packages/airflow/example_dags/example_latest_only_with_trigger.py
[2024-11-03T05:50:24.159+0000] {processor.py:925} INFO - DAG(s) 'latest_only_with_trigger' retrieved from /home/airflow/.local/lib/python3.12/site-packages/airflow/example_dags/example_latest_only_with_trigger.py
[2024-11-03T05:50:24.188+0000] {logging_mixin.py:190} INFO - [2024-11-03T05:50:24.188+0000] {dag.py:3239} INFO - Sync 1 DAGs
[2024-11-03T05:50:24.212+0000] {logging_mixin.py:190} INFO - [2024-11-03T05:50:24.211+0000] {dag.py:4180} INFO - Setting next_dagrun for latest_only_with_trigger to 2024-11-03 00:00:00+00:00, run_after=2024-11-03 04:00:00+00:00
[2024-11-03T05:50:24.231+0000] {processor.py:208} INFO - Processing /home/airflow/.local/lib/python3.12/site-packages/airflow/example_dags/example_latest_only_with_trigger.py took 0.090 seconds
[2024-11-03T05:50:55.318+0000] {processor.py:186} INFO - Started process (PID=12576) to work on /home/airflow/.local/lib/python3.12/site-packages/airflow/example_dags/example_latest_only_with_trigger.py
[2024-11-03T05:50:55.319+0000] {processor.py:914} INFO - Processing file /home/airflow/.local/lib/python3.12/site-packages/airflow/example_dags/example_latest_only_with_trigger.py for tasks to queue
[2024-11-03T05:50:55.322+0000] {logging_mixin.py:190} INFO - [2024-11-03T05:50:55.321+0000] {dagbag.py:588} INFO - Filling up the DagBag from /home/airflow/.local/lib/python3.12/site-packages/airflow/example_dags/example_latest_only_with_trigger.py
[2024-11-03T05:50:55.331+0000] {processor.py:925} INFO - DAG(s) 'latest_only_with_trigger' retrieved from /home/airflow/.local/lib/python3.12/site-packages/airflow/example_dags/example_latest_only_with_trigger.py
[2024-11-03T05:50:55.359+0000] {logging_mixin.py:190} INFO - [2024-11-03T05:50:55.358+0000] {dag.py:3239} INFO - Sync 1 DAGs
[2024-11-03T05:50:55.393+0000] {logging_mixin.py:190} INFO - [2024-11-03T05:50:55.392+0000] {dag.py:4180} INFO - Setting next_dagrun for latest_only_with_trigger to 2024-11-03 00:00:00+00:00, run_after=2024-11-03 04:00:00+00:00
[2024-11-03T05:50:55.420+0000] {processor.py:208} INFO - Processing /home/airflow/.local/lib/python3.12/site-packages/airflow/example_dags/example_latest_only_with_trigger.py took 0.111 seconds
[2024-11-03T05:52:53.409+0000] {processor.py:186} INFO - Started process (PID=332) to work on /home/airflow/.local/lib/python3.12/site-packages/airflow/example_dags/example_latest_only_with_trigger.py
[2024-11-03T05:52:53.410+0000] {processor.py:914} INFO - Processing file /home/airflow/.local/lib/python3.12/site-packages/airflow/example_dags/example_latest_only_with_trigger.py for tasks to queue
[2024-11-03T05:52:53.413+0000] {logging_mixin.py:190} INFO - [2024-11-03T05:52:53.413+0000] {dagbag.py:588} INFO - Filling up the DagBag from /home/airflow/.local/lib/python3.12/site-packages/airflow/example_dags/example_latest_only_with_trigger.py
[2024-11-03T05:52:53.425+0000] {processor.py:925} INFO - DAG(s) 'latest_only_with_trigger' retrieved from /home/airflow/.local/lib/python3.12/site-packages/airflow/example_dags/example_latest_only_with_trigger.py
[2024-11-03T05:52:53.461+0000] {logging_mixin.py:190} INFO - [2024-11-03T05:52:53.461+0000] {dag.py:3239} INFO - Sync 1 DAGs
[2024-11-03T05:52:53.502+0000] {logging_mixin.py:190} INFO - [2024-11-03T05:52:53.501+0000] {dag.py:4180} INFO - Setting next_dagrun for latest_only_with_trigger to 2024-11-03 00:00:00+00:00, run_after=2024-11-03 04:00:00+00:00
[2024-11-03T05:52:53.538+0000] {processor.py:208} INFO - Processing /home/airflow/.local/lib/python3.12/site-packages/airflow/example_dags/example_latest_only_with_trigger.py took 0.138 seconds
[2024-11-03T05:53:23.711+0000] {processor.py:186} INFO - Started process (PID=623) to work on /home/airflow/.local/lib/python3.12/site-packages/airflow/example_dags/example_latest_only_with_trigger.py
[2024-11-03T05:53:23.712+0000] {processor.py:914} INFO - Processing file /home/airflow/.local/lib/python3.12/site-packages/airflow/example_dags/example_latest_only_with_trigger.py for tasks to queue
[2024-11-03T05:53:23.714+0000] {logging_mixin.py:190} INFO - [2024-11-03T05:53:23.714+0000] {dagbag.py:588} INFO - Filling up the DagBag from /home/airflow/.local/lib/python3.12/site-packages/airflow/example_dags/example_latest_only_with_trigger.py
[2024-11-03T05:53:23.722+0000] {processor.py:925} INFO - DAG(s) 'latest_only_with_trigger' retrieved from /home/airflow/.local/lib/python3.12/site-packages/airflow/example_dags/example_latest_only_with_trigger.py
[2024-11-03T05:53:23.744+0000] {logging_mixin.py:190} INFO - [2024-11-03T05:53:23.743+0000] {dag.py:3239} INFO - Sync 1 DAGs
[2024-11-03T05:53:23.769+0000] {logging_mixin.py:190} INFO - [2024-11-03T05:53:23.769+0000] {dag.py:4180} INFO - Setting next_dagrun for latest_only_with_trigger to 2024-11-03 00:00:00+00:00, run_after=2024-11-03 04:00:00+00:00
[2024-11-03T05:53:23.794+0000] {processor.py:208} INFO - Processing /home/airflow/.local/lib/python3.12/site-packages/airflow/example_dags/example_latest_only_with_trigger.py took 0.089 seconds
[2024-11-03T05:53:54.296+0000] {processor.py:186} INFO - Started process (PID=914) to work on /home/airflow/.local/lib/python3.12/site-packages/airflow/example_dags/example_latest_only_with_trigger.py
[2024-11-03T05:53:54.297+0000] {processor.py:914} INFO - Processing file /home/airflow/.local/lib/python3.12/site-packages/airflow/example_dags/example_latest_only_with_trigger.py for tasks to queue
[2024-11-03T05:53:54.299+0000] {logging_mixin.py:190} INFO - [2024-11-03T05:53:54.299+0000] {dagbag.py:588} INFO - Filling up the DagBag from /home/airflow/.local/lib/python3.12/site-packages/airflow/example_dags/example_latest_only_with_trigger.py
[2024-11-03T05:53:54.307+0000] {processor.py:925} INFO - DAG(s) 'latest_only_with_trigger' retrieved from /home/airflow/.local/lib/python3.12/site-packages/airflow/example_dags/example_latest_only_with_trigger.py
[2024-11-03T05:53:54.329+0000] {logging_mixin.py:190} INFO - [2024-11-03T05:53:54.329+0000] {dag.py:3239} INFO - Sync 1 DAGs
[2024-11-03T05:53:54.354+0000] {logging_mixin.py:190} INFO - [2024-11-03T05:53:54.353+0000] {dag.py:4180} INFO - Setting next_dagrun for latest_only_with_trigger to 2024-11-03 00:00:00+00:00, run_after=2024-11-03 04:00:00+00:00
[2024-11-03T05:53:54.375+0000] {processor.py:208} INFO - Processing /home/airflow/.local/lib/python3.12/site-packages/airflow/example_dags/example_latest_only_with_trigger.py took 0.086 seconds
[2024-11-03T05:54:25.372+0000] {processor.py:186} INFO - Started process (PID=1207) to work on /home/airflow/.local/lib/python3.12/site-packages/airflow/example_dags/example_latest_only_with_trigger.py
[2024-11-03T05:54:25.373+0000] {processor.py:914} INFO - Processing file /home/airflow/.local/lib/python3.12/site-packages/airflow/example_dags/example_latest_only_with_trigger.py for tasks to queue
[2024-11-03T05:54:25.376+0000] {logging_mixin.py:190} INFO - [2024-11-03T05:54:25.375+0000] {dagbag.py:588} INFO - Filling up the DagBag from /home/airflow/.local/lib/python3.12/site-packages/airflow/example_dags/example_latest_only_with_trigger.py
[2024-11-03T05:54:25.387+0000] {processor.py:925} INFO - DAG(s) 'latest_only_with_trigger' retrieved from /home/airflow/.local/lib/python3.12/site-packages/airflow/example_dags/example_latest_only_with_trigger.py
[2024-11-03T05:54:25.436+0000] {logging_mixin.py:190} INFO - [2024-11-03T05:54:25.435+0000] {dag.py:3239} INFO - Sync 1 DAGs
[2024-11-03T05:54:25.517+0000] {logging_mixin.py:190} INFO - [2024-11-03T05:54:25.517+0000] {dag.py:4180} INFO - Setting next_dagrun for latest_only_with_trigger to 2024-11-03 00:00:00+00:00, run_after=2024-11-03 04:00:00+00:00
[2024-11-03T05:54:25.568+0000] {processor.py:208} INFO - Processing /home/airflow/.local/lib/python3.12/site-packages/airflow/example_dags/example_latest_only_with_trigger.py took 0.205 seconds
[2024-11-03T05:54:56.491+0000] {processor.py:186} INFO - Started process (PID=1498) to work on /home/airflow/.local/lib/python3.12/site-packages/airflow/example_dags/example_latest_only_with_trigger.py
[2024-11-03T05:54:56.492+0000] {processor.py:914} INFO - Processing file /home/airflow/.local/lib/python3.12/site-packages/airflow/example_dags/example_latest_only_with_trigger.py for tasks to queue
[2024-11-03T05:54:56.495+0000] {logging_mixin.py:190} INFO - [2024-11-03T05:54:56.495+0000] {dagbag.py:588} INFO - Filling up the DagBag from /home/airflow/.local/lib/python3.12/site-packages/airflow/example_dags/example_latest_only_with_trigger.py
[2024-11-03T05:54:56.503+0000] {processor.py:925} INFO - DAG(s) 'latest_only_with_trigger' retrieved from /home/airflow/.local/lib/python3.12/site-packages/airflow/example_dags/example_latest_only_with_trigger.py
[2024-11-03T05:54:56.525+0000] {logging_mixin.py:190} INFO - [2024-11-03T05:54:56.525+0000] {dag.py:3239} INFO - Sync 1 DAGs
[2024-11-03T05:54:56.552+0000] {logging_mixin.py:190} INFO - [2024-11-03T05:54:56.552+0000] {dag.py:4180} INFO - Setting next_dagrun for latest_only_with_trigger to 2024-11-03 00:00:00+00:00, run_after=2024-11-03 04:00:00+00:00
[2024-11-03T05:54:56.576+0000] {processor.py:208} INFO - Processing /home/airflow/.local/lib/python3.12/site-packages/airflow/example_dags/example_latest_only_with_trigger.py took 0.092 seconds
[2024-11-03T05:57:18.138+0000] {processor.py:186} INFO - Started process (PID=332) to work on /home/airflow/.local/lib/python3.12/site-packages/airflow/example_dags/example_latest_only_with_trigger.py
[2024-11-03T05:57:18.140+0000] {processor.py:914} INFO - Processing file /home/airflow/.local/lib/python3.12/site-packages/airflow/example_dags/example_latest_only_with_trigger.py for tasks to queue
[2024-11-03T05:57:18.142+0000] {logging_mixin.py:190} INFO - [2024-11-03T05:57:18.142+0000] {dagbag.py:588} INFO - Filling up the DagBag from /home/airflow/.local/lib/python3.12/site-packages/airflow/example_dags/example_latest_only_with_trigger.py
[2024-11-03T05:57:18.155+0000] {processor.py:925} INFO - DAG(s) 'latest_only_with_trigger' retrieved from /home/airflow/.local/lib/python3.12/site-packages/airflow/example_dags/example_latest_only_with_trigger.py
[2024-11-03T05:57:18.186+0000] {logging_mixin.py:190} INFO - [2024-11-03T05:57:18.185+0000] {dag.py:3239} INFO - Sync 1 DAGs
[2024-11-03T05:57:18.223+0000] {logging_mixin.py:190} INFO - [2024-11-03T05:57:18.222+0000] {dag.py:4180} INFO - Setting next_dagrun for latest_only_with_trigger to 2024-11-03 00:00:00+00:00, run_after=2024-11-03 04:00:00+00:00
[2024-11-03T05:57:18.256+0000] {processor.py:208} INFO - Processing /home/airflow/.local/lib/python3.12/site-packages/airflow/example_dags/example_latest_only_with_trigger.py took 0.125 seconds
[2024-11-03T05:57:49.195+0000] {processor.py:186} INFO - Started process (PID=623) to work on /home/airflow/.local/lib/python3.12/site-packages/airflow/example_dags/example_latest_only_with_trigger.py
[2024-11-03T05:57:49.196+0000] {processor.py:914} INFO - Processing file /home/airflow/.local/lib/python3.12/site-packages/airflow/example_dags/example_latest_only_with_trigger.py for tasks to queue
[2024-11-03T05:57:49.198+0000] {logging_mixin.py:190} INFO - [2024-11-03T05:57:49.198+0000] {dagbag.py:588} INFO - Filling up the DagBag from /home/airflow/.local/lib/python3.12/site-packages/airflow/example_dags/example_latest_only_with_trigger.py
[2024-11-03T05:57:49.207+0000] {processor.py:925} INFO - DAG(s) 'latest_only_with_trigger' retrieved from /home/airflow/.local/lib/python3.12/site-packages/airflow/example_dags/example_latest_only_with_trigger.py
[2024-11-03T05:57:49.229+0000] {logging_mixin.py:190} INFO - [2024-11-03T05:57:49.229+0000] {dag.py:3239} INFO - Sync 1 DAGs
[2024-11-03T05:57:49.256+0000] {logging_mixin.py:190} INFO - [2024-11-03T05:57:49.256+0000] {dag.py:4180} INFO - Setting next_dagrun for latest_only_with_trigger to 2024-11-03 00:00:00+00:00, run_after=2024-11-03 04:00:00+00:00
[2024-11-03T05:57:49.279+0000] {processor.py:208} INFO - Processing /home/airflow/.local/lib/python3.12/site-packages/airflow/example_dags/example_latest_only_with_trigger.py took 0.090 seconds
[2024-11-03T05:58:19.529+0000] {processor.py:186} INFO - Started process (PID=914) to work on /home/airflow/.local/lib/python3.12/site-packages/airflow/example_dags/example_latest_only_with_trigger.py
[2024-11-03T05:58:19.530+0000] {processor.py:914} INFO - Processing file /home/airflow/.local/lib/python3.12/site-packages/airflow/example_dags/example_latest_only_with_trigger.py for tasks to queue
[2024-11-03T05:58:19.532+0000] {logging_mixin.py:190} INFO - [2024-11-03T05:58:19.532+0000] {dagbag.py:588} INFO - Filling up the DagBag from /home/airflow/.local/lib/python3.12/site-packages/airflow/example_dags/example_latest_only_with_trigger.py
[2024-11-03T05:58:19.539+0000] {processor.py:925} INFO - DAG(s) 'latest_only_with_trigger' retrieved from /home/airflow/.local/lib/python3.12/site-packages/airflow/example_dags/example_latest_only_with_trigger.py
[2024-11-03T05:58:19.559+0000] {logging_mixin.py:190} INFO - [2024-11-03T05:58:19.559+0000] {dag.py:3239} INFO - Sync 1 DAGs
[2024-11-03T05:58:19.584+0000] {logging_mixin.py:190} INFO - [2024-11-03T05:58:19.583+0000] {dag.py:4180} INFO - Setting next_dagrun for latest_only_with_trigger to 2024-11-03 00:00:00+00:00, run_after=2024-11-03 04:00:00+00:00
[2024-11-03T05:58:19.604+0000] {processor.py:208} INFO - Processing /home/airflow/.local/lib/python3.12/site-packages/airflow/example_dags/example_latest_only_with_trigger.py took 0.081 seconds
[2024-11-03T05:58:49.867+0000] {processor.py:186} INFO - Started process (PID=1205) to work on /home/airflow/.local/lib/python3.12/site-packages/airflow/example_dags/example_latest_only_with_trigger.py
[2024-11-03T05:58:49.868+0000] {processor.py:914} INFO - Processing file /home/airflow/.local/lib/python3.12/site-packages/airflow/example_dags/example_latest_only_with_trigger.py for tasks to queue
[2024-11-03T05:58:49.870+0000] {logging_mixin.py:190} INFO - [2024-11-03T05:58:49.870+0000] {dagbag.py:588} INFO - Filling up the DagBag from /home/airflow/.local/lib/python3.12/site-packages/airflow/example_dags/example_latest_only_with_trigger.py
[2024-11-03T05:58:49.878+0000] {processor.py:925} INFO - DAG(s) 'latest_only_with_trigger' retrieved from /home/airflow/.local/lib/python3.12/site-packages/airflow/example_dags/example_latest_only_with_trigger.py
[2024-11-03T05:58:49.899+0000] {logging_mixin.py:190} INFO - [2024-11-03T05:58:49.899+0000] {dag.py:3239} INFO - Sync 1 DAGs
[2024-11-03T05:58:49.924+0000] {logging_mixin.py:190} INFO - [2024-11-03T05:58:49.923+0000] {dag.py:4180} INFO - Setting next_dagrun for latest_only_with_trigger to 2024-11-03 00:00:00+00:00, run_after=2024-11-03 04:00:00+00:00
[2024-11-03T05:58:49.945+0000] {processor.py:208} INFO - Processing /home/airflow/.local/lib/python3.12/site-packages/airflow/example_dags/example_latest_only_with_trigger.py took 0.084 seconds
[2024-11-03T05:59:20.786+0000] {processor.py:186} INFO - Started process (PID=1496) to work on /home/airflow/.local/lib/python3.12/site-packages/airflow/example_dags/example_latest_only_with_trigger.py
[2024-11-03T05:59:20.787+0000] {processor.py:914} INFO - Processing file /home/airflow/.local/lib/python3.12/site-packages/airflow/example_dags/example_latest_only_with_trigger.py for tasks to queue
[2024-11-03T05:59:20.790+0000] {logging_mixin.py:190} INFO - [2024-11-03T05:59:20.789+0000] {dagbag.py:588} INFO - Filling up the DagBag from /home/airflow/.local/lib/python3.12/site-packages/airflow/example_dags/example_latest_only_with_trigger.py
[2024-11-03T05:59:20.797+0000] {processor.py:925} INFO - DAG(s) 'latest_only_with_trigger' retrieved from /home/airflow/.local/lib/python3.12/site-packages/airflow/example_dags/example_latest_only_with_trigger.py
[2024-11-03T05:59:20.819+0000] {logging_mixin.py:190} INFO - [2024-11-03T05:59:20.819+0000] {dag.py:3239} INFO - Sync 1 DAGs
[2024-11-03T05:59:20.844+0000] {logging_mixin.py:190} INFO - [2024-11-03T05:59:20.844+0000] {dag.py:4180} INFO - Setting next_dagrun for latest_only_with_trigger to 2024-11-03 00:00:00+00:00, run_after=2024-11-03 04:00:00+00:00
[2024-11-03T05:59:20.866+0000] {processor.py:208} INFO - Processing /home/airflow/.local/lib/python3.12/site-packages/airflow/example_dags/example_latest_only_with_trigger.py took 0.086 seconds
[2024-11-03T05:59:50.934+0000] {processor.py:186} INFO - Started process (PID=1787) to work on /home/airflow/.local/lib/python3.12/site-packages/airflow/example_dags/example_latest_only_with_trigger.py
[2024-11-03T05:59:50.935+0000] {processor.py:914} INFO - Processing file /home/airflow/.local/lib/python3.12/site-packages/airflow/example_dags/example_latest_only_with_trigger.py for tasks to queue
[2024-11-03T05:59:50.937+0000] {logging_mixin.py:190} INFO - [2024-11-03T05:59:50.937+0000] {dagbag.py:588} INFO - Filling up the DagBag from /home/airflow/.local/lib/python3.12/site-packages/airflow/example_dags/example_latest_only_with_trigger.py
[2024-11-03T05:59:50.945+0000] {processor.py:925} INFO - DAG(s) 'latest_only_with_trigger' retrieved from /home/airflow/.local/lib/python3.12/site-packages/airflow/example_dags/example_latest_only_with_trigger.py
[2024-11-03T05:59:50.967+0000] {logging_mixin.py:190} INFO - [2024-11-03T05:59:50.967+0000] {dag.py:3239} INFO - Sync 1 DAGs
[2024-11-03T05:59:50.994+0000] {logging_mixin.py:190} INFO - [2024-11-03T05:59:50.994+0000] {dag.py:4180} INFO - Setting next_dagrun for latest_only_with_trigger to 2024-11-03 00:00:00+00:00, run_after=2024-11-03 04:00:00+00:00
[2024-11-03T05:59:51.015+0000] {processor.py:208} INFO - Processing /home/airflow/.local/lib/python3.12/site-packages/airflow/example_dags/example_latest_only_with_trigger.py took 0.087 seconds
[2024-11-03T06:00:21.956+0000] {processor.py:186} INFO - Started process (PID=2080) to work on /home/airflow/.local/lib/python3.12/site-packages/airflow/example_dags/example_latest_only_with_trigger.py
[2024-11-03T06:00:21.957+0000] {processor.py:914} INFO - Processing file /home/airflow/.local/lib/python3.12/site-packages/airflow/example_dags/example_latest_only_with_trigger.py for tasks to queue
[2024-11-03T06:00:21.961+0000] {logging_mixin.py:190} INFO - [2024-11-03T06:00:21.961+0000] {dagbag.py:588} INFO - Filling up the DagBag from /home/airflow/.local/lib/python3.12/site-packages/airflow/example_dags/example_latest_only_with_trigger.py
[2024-11-03T06:00:21.971+0000] {processor.py:925} INFO - DAG(s) 'latest_only_with_trigger' retrieved from /home/airflow/.local/lib/python3.12/site-packages/airflow/example_dags/example_latest_only_with_trigger.py
[2024-11-03T06:00:22.003+0000] {logging_mixin.py:190} INFO - [2024-11-03T06:00:22.002+0000] {dag.py:3239} INFO - Sync 1 DAGs
[2024-11-03T06:00:22.036+0000] {logging_mixin.py:190} INFO - [2024-11-03T06:00:22.035+0000] {dag.py:4180} INFO - Setting next_dagrun for latest_only_with_trigger to 2024-11-03 00:00:00+00:00, run_after=2024-11-03 04:00:00+00:00
[2024-11-03T06:00:22.062+0000] {processor.py:208} INFO - Processing /home/airflow/.local/lib/python3.12/site-packages/airflow/example_dags/example_latest_only_with_trigger.py took 0.120 seconds
[2024-11-03T06:06:58.727+0000] {processor.py:186} INFO - Started process (PID=352) to work on /home/airflow/.local/lib/python3.12/site-packages/airflow/example_dags/example_latest_only_with_trigger.py
[2024-11-03T06:06:58.729+0000] {processor.py:914} INFO - Processing file /home/airflow/.local/lib/python3.12/site-packages/airflow/example_dags/example_latest_only_with_trigger.py for tasks to queue
[2024-11-03T06:06:58.731+0000] {logging_mixin.py:190} INFO - [2024-11-03T06:06:58.731+0000] {dagbag.py:588} INFO - Filling up the DagBag from /home/airflow/.local/lib/python3.12/site-packages/airflow/example_dags/example_latest_only_with_trigger.py
[2024-11-03T06:06:58.740+0000] {processor.py:925} INFO - DAG(s) 'latest_only_with_trigger' retrieved from /home/airflow/.local/lib/python3.12/site-packages/airflow/example_dags/example_latest_only_with_trigger.py
[2024-11-03T06:06:58.891+0000] {logging_mixin.py:190} INFO - [2024-11-03T06:06:58.890+0000] {override.py:1900} INFO - Created Permission View: can edit on DAG:latest_only_with_trigger
[2024-11-03T06:06:58.912+0000] {logging_mixin.py:190} INFO - [2024-11-03T06:06:58.912+0000] {override.py:1900} INFO - Created Permission View: can read on DAG:latest_only_with_trigger
[2024-11-03T06:06:58.924+0000] {logging_mixin.py:190} INFO - [2024-11-03T06:06:58.923+0000] {override.py:1900} INFO - Created Permission View: can delete on DAG:latest_only_with_trigger
[2024-11-03T06:06:58.938+0000] {logging_mixin.py:190} INFO - [2024-11-03T06:06:58.937+0000] {override.py:1900} INFO - Created Permission View: can create on DAG Run:latest_only_with_trigger
[2024-11-03T06:06:58.949+0000] {logging_mixin.py:190} INFO - [2024-11-03T06:06:58.949+0000] {override.py:1900} INFO - Created Permission View: menu access on DAG Run:latest_only_with_trigger
[2024-11-03T06:06:58.960+0000] {logging_mixin.py:190} INFO - [2024-11-03T06:06:58.960+0000] {override.py:1900} INFO - Created Permission View: can read on DAG Run:latest_only_with_trigger
[2024-11-03T06:06:58.981+0000] {logging_mixin.py:190} INFO - [2024-11-03T06:06:58.980+0000] {override.py:1900} INFO - Created Permission View: can delete on DAG Run:latest_only_with_trigger
[2024-11-03T06:06:58.982+0000] {logging_mixin.py:190} INFO - [2024-11-03T06:06:58.981+0000] {dag.py:3239} INFO - Sync 1 DAGs
[2024-11-03T06:06:58.997+0000] {logging_mixin.py:190} INFO - [2024-11-03T06:06:58.997+0000] {dag.py:3262} INFO - Creating ORM DAG for latest_only_with_trigger
[2024-11-03T06:06:59.010+0000] {logging_mixin.py:190} INFO - [2024-11-03T06:06:59.009+0000] {dag.py:4180} INFO - Setting next_dagrun for latest_only_with_trigger to 2024-11-03 00:00:00+00:00, run_after=2024-11-03 04:00:00+00:00
[2024-11-03T06:06:59.035+0000] {processor.py:208} INFO - Processing /home/airflow/.local/lib/python3.12/site-packages/airflow/example_dags/example_latest_only_with_trigger.py took 0.315 seconds
[2024-11-03T06:07:29.583+0000] {processor.py:186} INFO - Started process (PID=641) to work on /home/airflow/.local/lib/python3.12/site-packages/airflow/example_dags/example_latest_only_with_trigger.py
[2024-11-03T06:07:29.584+0000] {processor.py:914} INFO - Processing file /home/airflow/.local/lib/python3.12/site-packages/airflow/example_dags/example_latest_only_with_trigger.py for tasks to queue
[2024-11-03T06:07:29.587+0000] {logging_mixin.py:190} INFO - [2024-11-03T06:07:29.587+0000] {dagbag.py:588} INFO - Filling up the DagBag from /home/airflow/.local/lib/python3.12/site-packages/airflow/example_dags/example_latest_only_with_trigger.py
[2024-11-03T06:07:29.595+0000] {processor.py:925} INFO - DAG(s) 'latest_only_with_trigger' retrieved from /home/airflow/.local/lib/python3.12/site-packages/airflow/example_dags/example_latest_only_with_trigger.py
[2024-11-03T06:07:29.617+0000] {logging_mixin.py:190} INFO - [2024-11-03T06:07:29.617+0000] {dag.py:3239} INFO - Sync 1 DAGs
[2024-11-03T06:07:29.643+0000] {logging_mixin.py:190} INFO - [2024-11-03T06:07:29.643+0000] {dag.py:4180} INFO - Setting next_dagrun for latest_only_with_trigger to 2024-11-03 00:00:00+00:00, run_after=2024-11-03 04:00:00+00:00
[2024-11-03T06:07:29.670+0000] {processor.py:208} INFO - Processing /home/airflow/.local/lib/python3.12/site-packages/airflow/example_dags/example_latest_only_with_trigger.py took 0.094 seconds
[2024-11-03T06:10:50.568+0000] {processor.py:186} INFO - Started process (PID=345) to work on /home/airflow/.local/lib/python3.12/site-packages/airflow/example_dags/example_latest_only_with_trigger.py
[2024-11-03T06:10:50.569+0000] {processor.py:914} INFO - Processing file /home/airflow/.local/lib/python3.12/site-packages/airflow/example_dags/example_latest_only_with_trigger.py for tasks to queue
[2024-11-03T06:10:50.573+0000] {logging_mixin.py:190} INFO - [2024-11-03T06:10:50.573+0000] {dagbag.py:588} INFO - Filling up the DagBag from /home/airflow/.local/lib/python3.12/site-packages/airflow/example_dags/example_latest_only_with_trigger.py
[2024-11-03T06:10:50.586+0000] {processor.py:925} INFO - DAG(s) 'latest_only_with_trigger' retrieved from /home/airflow/.local/lib/python3.12/site-packages/airflow/example_dags/example_latest_only_with_trigger.py
[2024-11-03T06:10:50.624+0000] {logging_mixin.py:190} INFO - [2024-11-03T06:10:50.624+0000] {dag.py:3239} INFO - Sync 1 DAGs
[2024-11-03T06:10:50.663+0000] {logging_mixin.py:190} INFO - [2024-11-03T06:10:50.663+0000] {dag.py:4180} INFO - Setting next_dagrun for latest_only_with_trigger to 2024-11-03 00:00:00+00:00, run_after=2024-11-03 04:00:00+00:00
[2024-11-03T06:10:50.700+0000] {processor.py:208} INFO - Processing /home/airflow/.local/lib/python3.12/site-packages/airflow/example_dags/example_latest_only_with_trigger.py took 0.144 seconds
[2024-11-03T06:11:21.032+0000] {processor.py:186} INFO - Started process (PID=636) to work on /home/airflow/.local/lib/python3.12/site-packages/airflow/example_dags/example_latest_only_with_trigger.py
[2024-11-03T06:11:21.033+0000] {processor.py:914} INFO - Processing file /home/airflow/.local/lib/python3.12/site-packages/airflow/example_dags/example_latest_only_with_trigger.py for tasks to queue
[2024-11-03T06:11:21.036+0000] {logging_mixin.py:190} INFO - [2024-11-03T06:11:21.035+0000] {dagbag.py:588} INFO - Filling up the DagBag from /home/airflow/.local/lib/python3.12/site-packages/airflow/example_dags/example_latest_only_with_trigger.py
[2024-11-03T06:11:21.044+0000] {processor.py:925} INFO - DAG(s) 'latest_only_with_trigger' retrieved from /home/airflow/.local/lib/python3.12/site-packages/airflow/example_dags/example_latest_only_with_trigger.py
[2024-11-03T06:11:21.068+0000] {logging_mixin.py:190} INFO - [2024-11-03T06:11:21.068+0000] {dag.py:3239} INFO - Sync 1 DAGs
[2024-11-03T06:11:21.097+0000] {logging_mixin.py:190} INFO - [2024-11-03T06:11:21.097+0000] {dag.py:4180} INFO - Setting next_dagrun for latest_only_with_trigger to 2024-11-03 00:00:00+00:00, run_after=2024-11-03 04:00:00+00:00
[2024-11-03T06:11:21.120+0000] {processor.py:208} INFO - Processing /home/airflow/.local/lib/python3.12/site-packages/airflow/example_dags/example_latest_only_with_trigger.py took 0.094 seconds
[2024-11-03T06:11:51.770+0000] {processor.py:186} INFO - Started process (PID=927) to work on /home/airflow/.local/lib/python3.12/site-packages/airflow/example_dags/example_latest_only_with_trigger.py
[2024-11-03T06:11:51.771+0000] {processor.py:914} INFO - Processing file /home/airflow/.local/lib/python3.12/site-packages/airflow/example_dags/example_latest_only_with_trigger.py for tasks to queue
[2024-11-03T06:11:51.774+0000] {logging_mixin.py:190} INFO - [2024-11-03T06:11:51.774+0000] {dagbag.py:588} INFO - Filling up the DagBag from /home/airflow/.local/lib/python3.12/site-packages/airflow/example_dags/example_latest_only_with_trigger.py
[2024-11-03T06:11:51.781+0000] {processor.py:925} INFO - DAG(s) 'latest_only_with_trigger' retrieved from /home/airflow/.local/lib/python3.12/site-packages/airflow/example_dags/example_latest_only_with_trigger.py
[2024-11-03T06:11:51.804+0000] {logging_mixin.py:190} INFO - [2024-11-03T06:11:51.804+0000] {dag.py:3239} INFO - Sync 1 DAGs
[2024-11-03T06:11:51.840+0000] {logging_mixin.py:190} INFO - [2024-11-03T06:11:51.840+0000] {dag.py:4180} INFO - Setting next_dagrun for latest_only_with_trigger to 2024-11-03 00:00:00+00:00, run_after=2024-11-03 04:00:00+00:00
[2024-11-03T06:11:51.871+0000] {processor.py:208} INFO - Processing /home/airflow/.local/lib/python3.12/site-packages/airflow/example_dags/example_latest_only_with_trigger.py took 0.107 seconds
[2024-11-03T06:12:22.592+0000] {processor.py:186} INFO - Started process (PID=1218) to work on /home/airflow/.local/lib/python3.12/site-packages/airflow/example_dags/example_latest_only_with_trigger.py
[2024-11-03T06:12:22.593+0000] {processor.py:914} INFO - Processing file /home/airflow/.local/lib/python3.12/site-packages/airflow/example_dags/example_latest_only_with_trigger.py for tasks to queue
[2024-11-03T06:12:22.595+0000] {logging_mixin.py:190} INFO - [2024-11-03T06:12:22.595+0000] {dagbag.py:588} INFO - Filling up the DagBag from /home/airflow/.local/lib/python3.12/site-packages/airflow/example_dags/example_latest_only_with_trigger.py
[2024-11-03T06:12:22.603+0000] {processor.py:925} INFO - DAG(s) 'latest_only_with_trigger' retrieved from /home/airflow/.local/lib/python3.12/site-packages/airflow/example_dags/example_latest_only_with_trigger.py
[2024-11-03T06:12:22.631+0000] {logging_mixin.py:190} INFO - [2024-11-03T06:12:22.631+0000] {dag.py:3239} INFO - Sync 1 DAGs
[2024-11-03T06:12:22.665+0000] {logging_mixin.py:190} INFO - [2024-11-03T06:12:22.665+0000] {dag.py:4180} INFO - Setting next_dagrun for latest_only_with_trigger to 2024-11-03 00:00:00+00:00, run_after=2024-11-03 04:00:00+00:00
[2024-11-03T06:12:22.694+0000] {processor.py:208} INFO - Processing /home/airflow/.local/lib/python3.12/site-packages/airflow/example_dags/example_latest_only_with_trigger.py took 0.111 seconds
[2024-11-03T06:12:53.138+0000] {processor.py:186} INFO - Started process (PID=1509) to work on /home/airflow/.local/lib/python3.12/site-packages/airflow/example_dags/example_latest_only_with_trigger.py
[2024-11-03T06:12:53.139+0000] {processor.py:914} INFO - Processing file /home/airflow/.local/lib/python3.12/site-packages/airflow/example_dags/example_latest_only_with_trigger.py for tasks to queue
[2024-11-03T06:12:53.141+0000] {logging_mixin.py:190} INFO - [2024-11-03T06:12:53.141+0000] {dagbag.py:588} INFO - Filling up the DagBag from /home/airflow/.local/lib/python3.12/site-packages/airflow/example_dags/example_latest_only_with_trigger.py
[2024-11-03T06:12:53.148+0000] {processor.py:925} INFO - DAG(s) 'latest_only_with_trigger' retrieved from /home/airflow/.local/lib/python3.12/site-packages/airflow/example_dags/example_latest_only_with_trigger.py
[2024-11-03T06:12:53.170+0000] {logging_mixin.py:190} INFO - [2024-11-03T06:12:53.169+0000] {dag.py:3239} INFO - Sync 1 DAGs
[2024-11-03T06:12:53.194+0000] {logging_mixin.py:190} INFO - [2024-11-03T06:12:53.194+0000] {dag.py:4180} INFO - Setting next_dagrun for latest_only_with_trigger to 2024-11-03 00:00:00+00:00, run_after=2024-11-03 04:00:00+00:00
[2024-11-03T06:12:53.217+0000] {processor.py:208} INFO - Processing /home/airflow/.local/lib/python3.12/site-packages/airflow/example_dags/example_latest_only_with_trigger.py took 0.085 seconds
[2024-11-03T06:13:24.196+0000] {processor.py:186} INFO - Started process (PID=1802) to work on /home/airflow/.local/lib/python3.12/site-packages/airflow/example_dags/example_latest_only_with_trigger.py
[2024-11-03T06:13:24.197+0000] {processor.py:914} INFO - Processing file /home/airflow/.local/lib/python3.12/site-packages/airflow/example_dags/example_latest_only_with_trigger.py for tasks to queue
[2024-11-03T06:13:24.200+0000] {logging_mixin.py:190} INFO - [2024-11-03T06:13:24.200+0000] {dagbag.py:588} INFO - Filling up the DagBag from /home/airflow/.local/lib/python3.12/site-packages/airflow/example_dags/example_latest_only_with_trigger.py
[2024-11-03T06:13:24.210+0000] {processor.py:925} INFO - DAG(s) 'latest_only_with_trigger' retrieved from /home/airflow/.local/lib/python3.12/site-packages/airflow/example_dags/example_latest_only_with_trigger.py
[2024-11-03T06:13:24.241+0000] {logging_mixin.py:190} INFO - [2024-11-03T06:13:24.241+0000] {dag.py:3239} INFO - Sync 1 DAGs
[2024-11-03T06:13:24.280+0000] {logging_mixin.py:190} INFO - [2024-11-03T06:13:24.280+0000] {dag.py:4180} INFO - Setting next_dagrun for latest_only_with_trigger to 2024-11-03 00:00:00+00:00, run_after=2024-11-03 04:00:00+00:00
[2024-11-03T06:13:24.309+0000] {processor.py:208} INFO - Processing /home/airflow/.local/lib/python3.12/site-packages/airflow/example_dags/example_latest_only_with_trigger.py took 0.121 seconds
[2024-11-03T06:13:55.496+0000] {processor.py:186} INFO - Started process (PID=2093) to work on /home/airflow/.local/lib/python3.12/site-packages/airflow/example_dags/example_latest_only_with_trigger.py
[2024-11-03T06:13:55.498+0000] {processor.py:914} INFO - Processing file /home/airflow/.local/lib/python3.12/site-packages/airflow/example_dags/example_latest_only_with_trigger.py for tasks to queue
[2024-11-03T06:13:55.503+0000] {logging_mixin.py:190} INFO - [2024-11-03T06:13:55.502+0000] {dagbag.py:588} INFO - Filling up the DagBag from /home/airflow/.local/lib/python3.12/site-packages/airflow/example_dags/example_latest_only_with_trigger.py
[2024-11-03T06:13:55.514+0000] {processor.py:925} INFO - DAG(s) 'latest_only_with_trigger' retrieved from /home/airflow/.local/lib/python3.12/site-packages/airflow/example_dags/example_latest_only_with_trigger.py
[2024-11-03T06:13:55.543+0000] {logging_mixin.py:190} INFO - [2024-11-03T06:13:55.542+0000] {dag.py:3239} INFO - Sync 1 DAGs
[2024-11-03T06:13:55.575+0000] {logging_mixin.py:190} INFO - [2024-11-03T06:13:55.575+0000] {dag.py:4180} INFO - Setting next_dagrun for latest_only_with_trigger to 2024-11-03 00:00:00+00:00, run_after=2024-11-03 04:00:00+00:00
[2024-11-03T06:13:55.611+0000] {processor.py:208} INFO - Processing /home/airflow/.local/lib/python3.12/site-packages/airflow/example_dags/example_latest_only_with_trigger.py took 0.122 seconds
[2024-11-03T06:14:25.674+0000] {processor.py:186} INFO - Started process (PID=2382) to work on /home/airflow/.local/lib/python3.12/site-packages/airflow/example_dags/example_latest_only_with_trigger.py
[2024-11-03T06:14:25.676+0000] {processor.py:914} INFO - Processing file /home/airflow/.local/lib/python3.12/site-packages/airflow/example_dags/example_latest_only_with_trigger.py for tasks to queue
[2024-11-03T06:14:25.679+0000] {logging_mixin.py:190} INFO - [2024-11-03T06:14:25.678+0000] {dagbag.py:588} INFO - Filling up the DagBag from /home/airflow/.local/lib/python3.12/site-packages/airflow/example_dags/example_latest_only_with_trigger.py
[2024-11-03T06:14:25.687+0000] {processor.py:925} INFO - DAG(s) 'latest_only_with_trigger' retrieved from /home/airflow/.local/lib/python3.12/site-packages/airflow/example_dags/example_latest_only_with_trigger.py
[2024-11-03T06:14:25.710+0000] {logging_mixin.py:190} INFO - [2024-11-03T06:14:25.710+0000] {dag.py:3239} INFO - Sync 1 DAGs
[2024-11-03T06:14:25.737+0000] {logging_mixin.py:190} INFO - [2024-11-03T06:14:25.737+0000] {dag.py:4180} INFO - Setting next_dagrun for latest_only_with_trigger to 2024-11-03 00:00:00+00:00, run_after=2024-11-03 04:00:00+00:00
[2024-11-03T06:14:25.758+0000] {processor.py:208} INFO - Processing /home/airflow/.local/lib/python3.12/site-packages/airflow/example_dags/example_latest_only_with_trigger.py took 0.090 seconds
[2024-11-03T06:14:56.123+0000] {processor.py:186} INFO - Started process (PID=2673) to work on /home/airflow/.local/lib/python3.12/site-packages/airflow/example_dags/example_latest_only_with_trigger.py
[2024-11-03T06:14:56.124+0000] {processor.py:914} INFO - Processing file /home/airflow/.local/lib/python3.12/site-packages/airflow/example_dags/example_latest_only_with_trigger.py for tasks to queue
[2024-11-03T06:14:56.127+0000] {logging_mixin.py:190} INFO - [2024-11-03T06:14:56.127+0000] {dagbag.py:588} INFO - Filling up the DagBag from /home/airflow/.local/lib/python3.12/site-packages/airflow/example_dags/example_latest_only_with_trigger.py
[2024-11-03T06:14:56.138+0000] {processor.py:925} INFO - DAG(s) 'latest_only_with_trigger' retrieved from /home/airflow/.local/lib/python3.12/site-packages/airflow/example_dags/example_latest_only_with_trigger.py
[2024-11-03T06:14:56.164+0000] {logging_mixin.py:190} INFO - [2024-11-03T06:14:56.164+0000] {dag.py:3239} INFO - Sync 1 DAGs
[2024-11-03T06:14:56.198+0000] {logging_mixin.py:190} INFO - [2024-11-03T06:14:56.198+0000] {dag.py:4180} INFO - Setting next_dagrun for latest_only_with_trigger to 2024-11-03 00:00:00+00:00, run_after=2024-11-03 04:00:00+00:00
[2024-11-03T06:14:56.227+0000] {processor.py:208} INFO - Processing /home/airflow/.local/lib/python3.12/site-packages/airflow/example_dags/example_latest_only_with_trigger.py took 0.112 seconds
[2024-11-03T06:15:26.293+0000] {processor.py:186} INFO - Started process (PID=2964) to work on /home/airflow/.local/lib/python3.12/site-packages/airflow/example_dags/example_latest_only_with_trigger.py
[2024-11-03T06:15:26.294+0000] {processor.py:914} INFO - Processing file /home/airflow/.local/lib/python3.12/site-packages/airflow/example_dags/example_latest_only_with_trigger.py for tasks to queue
[2024-11-03T06:15:26.297+0000] {logging_mixin.py:190} INFO - [2024-11-03T06:15:26.296+0000] {dagbag.py:588} INFO - Filling up the DagBag from /home/airflow/.local/lib/python3.12/site-packages/airflow/example_dags/example_latest_only_with_trigger.py
[2024-11-03T06:15:26.305+0000] {processor.py:925} INFO - DAG(s) 'latest_only_with_trigger' retrieved from /home/airflow/.local/lib/python3.12/site-packages/airflow/example_dags/example_latest_only_with_trigger.py
[2024-11-03T06:15:26.329+0000] {logging_mixin.py:190} INFO - [2024-11-03T06:15:26.329+0000] {dag.py:3239} INFO - Sync 1 DAGs
[2024-11-03T06:15:26.355+0000] {logging_mixin.py:190} INFO - [2024-11-03T06:15:26.355+0000] {dag.py:4180} INFO - Setting next_dagrun for latest_only_with_trigger to 2024-11-03 00:00:00+00:00, run_after=2024-11-03 04:00:00+00:00
[2024-11-03T06:15:26.377+0000] {processor.py:208} INFO - Processing /home/airflow/.local/lib/python3.12/site-packages/airflow/example_dags/example_latest_only_with_trigger.py took 0.092 seconds
