[2024-11-03T05:29:33.393+0000] {processor.py:186} INFO - Started process (PID=378) to work on /home/airflow/.local/lib/python3.12/site-packages/airflow/example_dags/example_sla_dag.py
[2024-11-03T05:29:33.395+0000] {processor.py:914} INFO - Processing file /home/airflow/.local/lib/python3.12/site-packages/airflow/example_dags/example_sla_dag.py for tasks to queue
[2024-11-03T05:29:33.399+0000] {logging_mixin.py:190} INFO - [2024-11-03T05:29:33.399+0000] {dagbag.py:588} INFO - Filling up the DagBag from /home/airflow/.local/lib/python3.12/site-packages/airflow/example_dags/example_sla_dag.py
[2024-11-03T05:29:33.417+0000] {processor.py:925} INFO - DAG(s) 'example_sla_dag' retrieved from /home/airflow/.local/lib/python3.12/site-packages/airflow/example_dags/example_sla_dag.py
[2024-11-03T05:29:33.600+0000] {logging_mixin.py:190} INFO - [2024-11-03T05:29:33.599+0000] {override.py:1900} INFO - Created Permission View: can delete on DAG:example_sla_dag
[2024-11-03T05:29:33.620+0000] {logging_mixin.py:190} INFO - [2024-11-03T05:29:33.619+0000] {override.py:1900} INFO - Created Permission View: can edit on DAG:example_sla_dag
[2024-11-03T05:29:33.632+0000] {logging_mixin.py:190} INFO - [2024-11-03T05:29:33.632+0000] {override.py:1900} INFO - Created Permission View: can read on DAG:example_sla_dag
[2024-11-03T05:29:33.649+0000] {logging_mixin.py:190} INFO - [2024-11-03T05:29:33.648+0000] {override.py:1900} INFO - Created Permission View: can delete on DAG Run:example_sla_dag
[2024-11-03T05:29:33.660+0000] {logging_mixin.py:190} INFO - [2024-11-03T05:29:33.660+0000] {override.py:1900} INFO - Created Permission View: menu access on DAG Run:example_sla_dag
[2024-11-03T05:29:33.675+0000] {logging_mixin.py:190} INFO - [2024-11-03T05:29:33.674+0000] {override.py:1900} INFO - Created Permission View: can create on DAG Run:example_sla_dag
[2024-11-03T05:29:33.687+0000] {logging_mixin.py:190} INFO - [2024-11-03T05:29:33.687+0000] {override.py:1900} INFO - Created Permission View: can read on DAG Run:example_sla_dag
[2024-11-03T05:29:33.688+0000] {logging_mixin.py:190} INFO - [2024-11-03T05:29:33.688+0000] {dag.py:3239} INFO - Sync 1 DAGs
[2024-11-03T05:29:33.708+0000] {logging_mixin.py:190} INFO - [2024-11-03T05:29:33.707+0000] {dag.py:3262} INFO - Creating ORM DAG for example_sla_dag
[2024-11-03T05:29:33.730+0000] {logging_mixin.py:190} INFO - [2024-11-03T05:29:33.729+0000] {dag.py:4180} INFO - Setting next_dagrun for example_sla_dag to 2024-11-03 05:26:00+00:00, run_after=2024-11-03 05:28:00+00:00
[2024-11-03T05:29:33.756+0000] {processor.py:208} INFO - Processing /home/airflow/.local/lib/python3.12/site-packages/airflow/example_dags/example_sla_dag.py took 0.374 seconds
[2024-11-03T05:30:04.514+0000] {processor.py:186} INFO - Started process (PID=669) to work on /home/airflow/.local/lib/python3.12/site-packages/airflow/example_dags/example_sla_dag.py
[2024-11-03T05:30:04.516+0000] {processor.py:914} INFO - Processing file /home/airflow/.local/lib/python3.12/site-packages/airflow/example_dags/example_sla_dag.py for tasks to queue
[2024-11-03T05:30:04.519+0000] {logging_mixin.py:190} INFO - [2024-11-03T05:30:04.519+0000] {dagbag.py:588} INFO - Filling up the DagBag from /home/airflow/.local/lib/python3.12/site-packages/airflow/example_dags/example_sla_dag.py
[2024-11-03T05:30:04.533+0000] {processor.py:925} INFO - DAG(s) 'example_sla_dag' retrieved from /home/airflow/.local/lib/python3.12/site-packages/airflow/example_dags/example_sla_dag.py
[2024-11-03T05:30:04.558+0000] {logging_mixin.py:190} INFO - [2024-11-03T05:30:04.558+0000] {dag.py:3239} INFO - Sync 1 DAGs
[2024-11-03T05:30:04.596+0000] {logging_mixin.py:190} INFO - [2024-11-03T05:30:04.595+0000] {dag.py:4180} INFO - Setting next_dagrun for example_sla_dag to 2024-11-03 05:28:00+00:00, run_after=2024-11-03 05:30:00+00:00
[2024-11-03T05:30:04.621+0000] {processor.py:208} INFO - Processing /home/airflow/.local/lib/python3.12/site-packages/airflow/example_dags/example_sla_dag.py took 0.115 seconds
[2024-11-03T05:30:35.458+0000] {processor.py:186} INFO - Started process (PID=960) to work on /home/airflow/.local/lib/python3.12/site-packages/airflow/example_dags/example_sla_dag.py
[2024-11-03T05:30:35.460+0000] {processor.py:914} INFO - Processing file /home/airflow/.local/lib/python3.12/site-packages/airflow/example_dags/example_sla_dag.py for tasks to queue
[2024-11-03T05:30:35.463+0000] {logging_mixin.py:190} INFO - [2024-11-03T05:30:35.462+0000] {dagbag.py:588} INFO - Filling up the DagBag from /home/airflow/.local/lib/python3.12/site-packages/airflow/example_dags/example_sla_dag.py
[2024-11-03T05:30:35.476+0000] {processor.py:925} INFO - DAG(s) 'example_sla_dag' retrieved from /home/airflow/.local/lib/python3.12/site-packages/airflow/example_dags/example_sla_dag.py
[2024-11-03T05:30:35.498+0000] {logging_mixin.py:190} INFO - [2024-11-03T05:30:35.498+0000] {dag.py:3239} INFO - Sync 1 DAGs
[2024-11-03T05:30:35.531+0000] {logging_mixin.py:190} INFO - [2024-11-03T05:30:35.530+0000] {dag.py:4180} INFO - Setting next_dagrun for example_sla_dag to 2024-11-03 05:28:00+00:00, run_after=2024-11-03 05:30:00+00:00
[2024-11-03T05:30:35.564+0000] {processor.py:208} INFO - Processing /home/airflow/.local/lib/python3.12/site-packages/airflow/example_dags/example_sla_dag.py took 0.112 seconds
[2024-11-03T05:31:05.867+0000] {processor.py:186} INFO - Started process (PID=1249) to work on /home/airflow/.local/lib/python3.12/site-packages/airflow/example_dags/example_sla_dag.py
[2024-11-03T05:31:05.868+0000] {processor.py:914} INFO - Processing file /home/airflow/.local/lib/python3.12/site-packages/airflow/example_dags/example_sla_dag.py for tasks to queue
[2024-11-03T05:31:05.871+0000] {logging_mixin.py:190} INFO - [2024-11-03T05:31:05.871+0000] {dagbag.py:588} INFO - Filling up the DagBag from /home/airflow/.local/lib/python3.12/site-packages/airflow/example_dags/example_sla_dag.py
[2024-11-03T05:31:05.882+0000] {processor.py:925} INFO - DAG(s) 'example_sla_dag' retrieved from /home/airflow/.local/lib/python3.12/site-packages/airflow/example_dags/example_sla_dag.py
[2024-11-03T05:31:05.903+0000] {logging_mixin.py:190} INFO - [2024-11-03T05:31:05.902+0000] {dag.py:3239} INFO - Sync 1 DAGs
[2024-11-03T05:31:05.933+0000] {logging_mixin.py:190} INFO - [2024-11-03T05:31:05.932+0000] {dag.py:4180} INFO - Setting next_dagrun for example_sla_dag to 2024-11-03 05:28:00+00:00, run_after=2024-11-03 05:30:00+00:00
[2024-11-03T05:31:05.962+0000] {processor.py:208} INFO - Processing /home/airflow/.local/lib/python3.12/site-packages/airflow/example_dags/example_sla_dag.py took 0.102 seconds
[2024-11-03T05:31:36.594+0000] {processor.py:186} INFO - Started process (PID=1542) to work on /home/airflow/.local/lib/python3.12/site-packages/airflow/example_dags/example_sla_dag.py
[2024-11-03T05:31:36.595+0000] {processor.py:914} INFO - Processing file /home/airflow/.local/lib/python3.12/site-packages/airflow/example_dags/example_sla_dag.py for tasks to queue
[2024-11-03T05:31:36.599+0000] {logging_mixin.py:190} INFO - [2024-11-03T05:31:36.599+0000] {dagbag.py:588} INFO - Filling up the DagBag from /home/airflow/.local/lib/python3.12/site-packages/airflow/example_dags/example_sla_dag.py
[2024-11-03T05:31:36.611+0000] {processor.py:925} INFO - DAG(s) 'example_sla_dag' retrieved from /home/airflow/.local/lib/python3.12/site-packages/airflow/example_dags/example_sla_dag.py
[2024-11-03T05:31:36.636+0000] {logging_mixin.py:190} INFO - [2024-11-03T05:31:36.636+0000] {dag.py:3239} INFO - Sync 1 DAGs
[2024-11-03T05:31:36.667+0000] {logging_mixin.py:190} INFO - [2024-11-03T05:31:36.667+0000] {dag.py:4180} INFO - Setting next_dagrun for example_sla_dag to 2024-11-03 05:28:00+00:00, run_after=2024-11-03 05:30:00+00:00
[2024-11-03T05:31:36.693+0000] {processor.py:208} INFO - Processing /home/airflow/.local/lib/python3.12/site-packages/airflow/example_dags/example_sla_dag.py took 0.105 seconds
[2024-11-03T05:32:07.423+0000] {processor.py:186} INFO - Started process (PID=1833) to work on /home/airflow/.local/lib/python3.12/site-packages/airflow/example_dags/example_sla_dag.py
[2024-11-03T05:32:07.424+0000] {processor.py:914} INFO - Processing file /home/airflow/.local/lib/python3.12/site-packages/airflow/example_dags/example_sla_dag.py for tasks to queue
[2024-11-03T05:32:07.427+0000] {logging_mixin.py:190} INFO - [2024-11-03T05:32:07.426+0000] {dagbag.py:588} INFO - Filling up the DagBag from /home/airflow/.local/lib/python3.12/site-packages/airflow/example_dags/example_sla_dag.py
[2024-11-03T05:32:07.437+0000] {processor.py:925} INFO - DAG(s) 'example_sla_dag' retrieved from /home/airflow/.local/lib/python3.12/site-packages/airflow/example_dags/example_sla_dag.py
[2024-11-03T05:32:07.460+0000] {logging_mixin.py:190} INFO - [2024-11-03T05:32:07.459+0000] {dag.py:3239} INFO - Sync 1 DAGs
[2024-11-03T05:32:07.489+0000] {logging_mixin.py:190} INFO - [2024-11-03T05:32:07.489+0000] {dag.py:4180} INFO - Setting next_dagrun for example_sla_dag to 2024-11-03 05:30:00+00:00, run_after=2024-11-03 05:32:00+00:00
[2024-11-03T05:32:07.514+0000] {processor.py:208} INFO - Processing /home/airflow/.local/lib/python3.12/site-packages/airflow/example_dags/example_sla_dag.py took 0.097 seconds
[2024-11-03T05:32:38.447+0000] {processor.py:186} INFO - Started process (PID=2124) to work on /home/airflow/.local/lib/python3.12/site-packages/airflow/example_dags/example_sla_dag.py
[2024-11-03T05:32:38.448+0000] {processor.py:914} INFO - Processing file /home/airflow/.local/lib/python3.12/site-packages/airflow/example_dags/example_sla_dag.py for tasks to queue
[2024-11-03T05:32:38.452+0000] {logging_mixin.py:190} INFO - [2024-11-03T05:32:38.451+0000] {dagbag.py:588} INFO - Filling up the DagBag from /home/airflow/.local/lib/python3.12/site-packages/airflow/example_dags/example_sla_dag.py
[2024-11-03T05:32:38.469+0000] {processor.py:925} INFO - DAG(s) 'example_sla_dag' retrieved from /home/airflow/.local/lib/python3.12/site-packages/airflow/example_dags/example_sla_dag.py
[2024-11-03T05:32:38.496+0000] {logging_mixin.py:190} INFO - [2024-11-03T05:32:38.495+0000] {dag.py:3239} INFO - Sync 1 DAGs
[2024-11-03T05:32:38.537+0000] {logging_mixin.py:190} INFO - [2024-11-03T05:32:38.537+0000] {dag.py:4180} INFO - Setting next_dagrun for example_sla_dag to 2024-11-03 05:30:00+00:00, run_after=2024-11-03 05:32:00+00:00
[2024-11-03T05:32:38.565+0000] {processor.py:208} INFO - Processing /home/airflow/.local/lib/python3.12/site-packages/airflow/example_dags/example_sla_dag.py took 0.128 seconds
[2024-11-03T05:33:08.672+0000] {processor.py:186} INFO - Started process (PID=2416) to work on /home/airflow/.local/lib/python3.12/site-packages/airflow/example_dags/example_sla_dag.py
[2024-11-03T05:33:08.673+0000] {processor.py:914} INFO - Processing file /home/airflow/.local/lib/python3.12/site-packages/airflow/example_dags/example_sla_dag.py for tasks to queue
[2024-11-03T05:33:08.675+0000] {logging_mixin.py:190} INFO - [2024-11-03T05:33:08.675+0000] {dagbag.py:588} INFO - Filling up the DagBag from /home/airflow/.local/lib/python3.12/site-packages/airflow/example_dags/example_sla_dag.py
[2024-11-03T05:33:08.688+0000] {processor.py:925} INFO - DAG(s) 'example_sla_dag' retrieved from /home/airflow/.local/lib/python3.12/site-packages/airflow/example_dags/example_sla_dag.py
[2024-11-03T05:33:08.710+0000] {logging_mixin.py:190} INFO - [2024-11-03T05:33:08.709+0000] {dag.py:3239} INFO - Sync 1 DAGs
[2024-11-03T05:33:08.740+0000] {logging_mixin.py:190} INFO - [2024-11-03T05:33:08.740+0000] {dag.py:4180} INFO - Setting next_dagrun for example_sla_dag to 2024-11-03 05:30:00+00:00, run_after=2024-11-03 05:32:00+00:00
[2024-11-03T05:33:08.769+0000] {processor.py:208} INFO - Processing /home/airflow/.local/lib/python3.12/site-packages/airflow/example_dags/example_sla_dag.py took 0.104 seconds
[2024-11-03T05:33:38.852+0000] {processor.py:186} INFO - Started process (PID=2705) to work on /home/airflow/.local/lib/python3.12/site-packages/airflow/example_dags/example_sla_dag.py
[2024-11-03T05:33:38.853+0000] {processor.py:914} INFO - Processing file /home/airflow/.local/lib/python3.12/site-packages/airflow/example_dags/example_sla_dag.py for tasks to queue
[2024-11-03T05:33:38.860+0000] {logging_mixin.py:190} INFO - [2024-11-03T05:33:38.860+0000] {dagbag.py:588} INFO - Filling up the DagBag from /home/airflow/.local/lib/python3.12/site-packages/airflow/example_dags/example_sla_dag.py
[2024-11-03T05:33:38.878+0000] {processor.py:925} INFO - DAG(s) 'example_sla_dag' retrieved from /home/airflow/.local/lib/python3.12/site-packages/airflow/example_dags/example_sla_dag.py
[2024-11-03T05:33:38.912+0000] {logging_mixin.py:190} INFO - [2024-11-03T05:33:38.911+0000] {dag.py:3239} INFO - Sync 1 DAGs
[2024-11-03T05:33:38.959+0000] {logging_mixin.py:190} INFO - [2024-11-03T05:33:38.959+0000] {dag.py:4180} INFO - Setting next_dagrun for example_sla_dag to 2024-11-03 05:30:00+00:00, run_after=2024-11-03 05:32:00+00:00
[2024-11-03T05:33:38.998+0000] {processor.py:208} INFO - Processing /home/airflow/.local/lib/python3.12/site-packages/airflow/example_dags/example_sla_dag.py took 0.156 seconds
[2024-11-03T05:34:09.920+0000] {processor.py:186} INFO - Started process (PID=2998) to work on /home/airflow/.local/lib/python3.12/site-packages/airflow/example_dags/example_sla_dag.py
[2024-11-03T05:34:09.921+0000] {processor.py:914} INFO - Processing file /home/airflow/.local/lib/python3.12/site-packages/airflow/example_dags/example_sla_dag.py for tasks to queue
[2024-11-03T05:34:09.924+0000] {logging_mixin.py:190} INFO - [2024-11-03T05:34:09.923+0000] {dagbag.py:588} INFO - Filling up the DagBag from /home/airflow/.local/lib/python3.12/site-packages/airflow/example_dags/example_sla_dag.py
[2024-11-03T05:34:09.935+0000] {processor.py:925} INFO - DAG(s) 'example_sla_dag' retrieved from /home/airflow/.local/lib/python3.12/site-packages/airflow/example_dags/example_sla_dag.py
[2024-11-03T05:34:09.958+0000] {logging_mixin.py:190} INFO - [2024-11-03T05:34:09.957+0000] {dag.py:3239} INFO - Sync 1 DAGs
[2024-11-03T05:34:10.009+0000] {logging_mixin.py:190} INFO - [2024-11-03T05:34:10.008+0000] {dag.py:4180} INFO - Setting next_dagrun for example_sla_dag to 2024-11-03 05:32:00+00:00, run_after=2024-11-03 05:34:00+00:00
[2024-11-03T05:34:10.055+0000] {processor.py:208} INFO - Processing /home/airflow/.local/lib/python3.12/site-packages/airflow/example_dags/example_sla_dag.py took 0.141 seconds
[2024-11-03T05:34:40.463+0000] {processor.py:186} INFO - Started process (PID=3287) to work on /home/airflow/.local/lib/python3.12/site-packages/airflow/example_dags/example_sla_dag.py
[2024-11-03T05:34:40.464+0000] {processor.py:914} INFO - Processing file /home/airflow/.local/lib/python3.12/site-packages/airflow/example_dags/example_sla_dag.py for tasks to queue
[2024-11-03T05:34:40.467+0000] {logging_mixin.py:190} INFO - [2024-11-03T05:34:40.467+0000] {dagbag.py:588} INFO - Filling up the DagBag from /home/airflow/.local/lib/python3.12/site-packages/airflow/example_dags/example_sla_dag.py
[2024-11-03T05:34:40.479+0000] {processor.py:925} INFO - DAG(s) 'example_sla_dag' retrieved from /home/airflow/.local/lib/python3.12/site-packages/airflow/example_dags/example_sla_dag.py
[2024-11-03T05:34:40.501+0000] {logging_mixin.py:190} INFO - [2024-11-03T05:34:40.501+0000] {dag.py:3239} INFO - Sync 1 DAGs
[2024-11-03T05:34:40.532+0000] {logging_mixin.py:190} INFO - [2024-11-03T05:34:40.532+0000] {dag.py:4180} INFO - Setting next_dagrun for example_sla_dag to 2024-11-03 05:32:00+00:00, run_after=2024-11-03 05:34:00+00:00
[2024-11-03T05:34:40.557+0000] {processor.py:208} INFO - Processing /home/airflow/.local/lib/python3.12/site-packages/airflow/example_dags/example_sla_dag.py took 0.101 seconds
[2024-11-03T05:35:11.078+0000] {processor.py:186} INFO - Started process (PID=3578) to work on /home/airflow/.local/lib/python3.12/site-packages/airflow/example_dags/example_sla_dag.py
[2024-11-03T05:35:11.079+0000] {processor.py:914} INFO - Processing file /home/airflow/.local/lib/python3.12/site-packages/airflow/example_dags/example_sla_dag.py for tasks to queue
[2024-11-03T05:35:11.083+0000] {logging_mixin.py:190} INFO - [2024-11-03T05:35:11.082+0000] {dagbag.py:588} INFO - Filling up the DagBag from /home/airflow/.local/lib/python3.12/site-packages/airflow/example_dags/example_sla_dag.py
[2024-11-03T05:35:11.095+0000] {processor.py:925} INFO - DAG(s) 'example_sla_dag' retrieved from /home/airflow/.local/lib/python3.12/site-packages/airflow/example_dags/example_sla_dag.py
[2024-11-03T05:35:11.119+0000] {logging_mixin.py:190} INFO - [2024-11-03T05:35:11.119+0000] {dag.py:3239} INFO - Sync 1 DAGs
[2024-11-03T05:35:11.155+0000] {logging_mixin.py:190} INFO - [2024-11-03T05:35:11.155+0000] {dag.py:4180} INFO - Setting next_dagrun for example_sla_dag to 2024-11-03 05:32:00+00:00, run_after=2024-11-03 05:34:00+00:00
[2024-11-03T05:35:11.183+0000] {processor.py:208} INFO - Processing /home/airflow/.local/lib/python3.12/site-packages/airflow/example_dags/example_sla_dag.py took 0.112 seconds
[2024-11-03T05:35:41.310+0000] {processor.py:186} INFO - Started process (PID=3869) to work on /home/airflow/.local/lib/python3.12/site-packages/airflow/example_dags/example_sla_dag.py
[2024-11-03T05:35:41.312+0000] {processor.py:914} INFO - Processing file /home/airflow/.local/lib/python3.12/site-packages/airflow/example_dags/example_sla_dag.py for tasks to queue
[2024-11-03T05:35:41.314+0000] {logging_mixin.py:190} INFO - [2024-11-03T05:35:41.314+0000] {dagbag.py:588} INFO - Filling up the DagBag from /home/airflow/.local/lib/python3.12/site-packages/airflow/example_dags/example_sla_dag.py
[2024-11-03T05:35:41.325+0000] {processor.py:925} INFO - DAG(s) 'example_sla_dag' retrieved from /home/airflow/.local/lib/python3.12/site-packages/airflow/example_dags/example_sla_dag.py
[2024-11-03T05:35:41.346+0000] {logging_mixin.py:190} INFO - [2024-11-03T05:35:41.346+0000] {dag.py:3239} INFO - Sync 1 DAGs
[2024-11-03T05:35:41.373+0000] {logging_mixin.py:190} INFO - [2024-11-03T05:35:41.373+0000] {dag.py:4180} INFO - Setting next_dagrun for example_sla_dag to 2024-11-03 05:32:00+00:00, run_after=2024-11-03 05:34:00+00:00
[2024-11-03T05:35:41.393+0000] {processor.py:208} INFO - Processing /home/airflow/.local/lib/python3.12/site-packages/airflow/example_dags/example_sla_dag.py took 0.088 seconds
[2024-11-03T05:36:11.742+0000] {processor.py:186} INFO - Started process (PID=4160) to work on /home/airflow/.local/lib/python3.12/site-packages/airflow/example_dags/example_sla_dag.py
[2024-11-03T05:36:11.743+0000] {processor.py:914} INFO - Processing file /home/airflow/.local/lib/python3.12/site-packages/airflow/example_dags/example_sla_dag.py for tasks to queue
[2024-11-03T05:36:11.746+0000] {logging_mixin.py:190} INFO - [2024-11-03T05:36:11.746+0000] {dagbag.py:588} INFO - Filling up the DagBag from /home/airflow/.local/lib/python3.12/site-packages/airflow/example_dags/example_sla_dag.py
[2024-11-03T05:36:11.759+0000] {processor.py:925} INFO - DAG(s) 'example_sla_dag' retrieved from /home/airflow/.local/lib/python3.12/site-packages/airflow/example_dags/example_sla_dag.py
[2024-11-03T05:36:11.780+0000] {logging_mixin.py:190} INFO - [2024-11-03T05:36:11.780+0000] {dag.py:3239} INFO - Sync 1 DAGs
[2024-11-03T05:36:11.817+0000] {logging_mixin.py:190} INFO - [2024-11-03T05:36:11.817+0000] {dag.py:4180} INFO - Setting next_dagrun for example_sla_dag to 2024-11-03 05:34:00+00:00, run_after=2024-11-03 05:36:00+00:00
[2024-11-03T05:36:11.853+0000] {processor.py:208} INFO - Processing /home/airflow/.local/lib/python3.12/site-packages/airflow/example_dags/example_sla_dag.py took 0.119 seconds
[2024-11-03T05:36:42.006+0000] {processor.py:186} INFO - Started process (PID=4451) to work on /home/airflow/.local/lib/python3.12/site-packages/airflow/example_dags/example_sla_dag.py
[2024-11-03T05:36:42.007+0000] {processor.py:914} INFO - Processing file /home/airflow/.local/lib/python3.12/site-packages/airflow/example_dags/example_sla_dag.py for tasks to queue
[2024-11-03T05:36:42.010+0000] {logging_mixin.py:190} INFO - [2024-11-03T05:36:42.009+0000] {dagbag.py:588} INFO - Filling up the DagBag from /home/airflow/.local/lib/python3.12/site-packages/airflow/example_dags/example_sla_dag.py
[2024-11-03T05:36:42.020+0000] {processor.py:925} INFO - DAG(s) 'example_sla_dag' retrieved from /home/airflow/.local/lib/python3.12/site-packages/airflow/example_dags/example_sla_dag.py
[2024-11-03T05:36:42.039+0000] {logging_mixin.py:190} INFO - [2024-11-03T05:36:42.039+0000] {dag.py:3239} INFO - Sync 1 DAGs
[2024-11-03T05:36:42.065+0000] {logging_mixin.py:190} INFO - [2024-11-03T05:36:42.065+0000] {dag.py:4180} INFO - Setting next_dagrun for example_sla_dag to 2024-11-03 05:34:00+00:00, run_after=2024-11-03 05:36:00+00:00
[2024-11-03T05:36:42.085+0000] {processor.py:208} INFO - Processing /home/airflow/.local/lib/python3.12/site-packages/airflow/example_dags/example_sla_dag.py took 0.086 seconds
[2024-11-03T05:37:12.308+0000] {processor.py:186} INFO - Started process (PID=4742) to work on /home/airflow/.local/lib/python3.12/site-packages/airflow/example_dags/example_sla_dag.py
[2024-11-03T05:37:12.309+0000] {processor.py:914} INFO - Processing file /home/airflow/.local/lib/python3.12/site-packages/airflow/example_dags/example_sla_dag.py for tasks to queue
[2024-11-03T05:37:12.313+0000] {logging_mixin.py:190} INFO - [2024-11-03T05:37:12.312+0000] {dagbag.py:588} INFO - Filling up the DagBag from /home/airflow/.local/lib/python3.12/site-packages/airflow/example_dags/example_sla_dag.py
[2024-11-03T05:37:12.324+0000] {processor.py:925} INFO - DAG(s) 'example_sla_dag' retrieved from /home/airflow/.local/lib/python3.12/site-packages/airflow/example_dags/example_sla_dag.py
[2024-11-03T05:37:12.346+0000] {logging_mixin.py:190} INFO - [2024-11-03T05:37:12.345+0000] {dag.py:3239} INFO - Sync 1 DAGs
[2024-11-03T05:37:12.379+0000] {logging_mixin.py:190} INFO - [2024-11-03T05:37:12.379+0000] {dag.py:4180} INFO - Setting next_dagrun for example_sla_dag to 2024-11-03 05:34:00+00:00, run_after=2024-11-03 05:36:00+00:00
[2024-11-03T05:37:12.402+0000] {processor.py:208} INFO - Processing /home/airflow/.local/lib/python3.12/site-packages/airflow/example_dags/example_sla_dag.py took 0.100 seconds
[2024-11-03T05:37:42.808+0000] {processor.py:186} INFO - Started process (PID=5033) to work on /home/airflow/.local/lib/python3.12/site-packages/airflow/example_dags/example_sla_dag.py
[2024-11-03T05:37:42.810+0000] {processor.py:914} INFO - Processing file /home/airflow/.local/lib/python3.12/site-packages/airflow/example_dags/example_sla_dag.py for tasks to queue
[2024-11-03T05:37:42.813+0000] {logging_mixin.py:190} INFO - [2024-11-03T05:37:42.812+0000] {dagbag.py:588} INFO - Filling up the DagBag from /home/airflow/.local/lib/python3.12/site-packages/airflow/example_dags/example_sla_dag.py
[2024-11-03T05:37:42.823+0000] {processor.py:925} INFO - DAG(s) 'example_sla_dag' retrieved from /home/airflow/.local/lib/python3.12/site-packages/airflow/example_dags/example_sla_dag.py
[2024-11-03T05:37:42.845+0000] {logging_mixin.py:190} INFO - [2024-11-03T05:37:42.845+0000] {dag.py:3239} INFO - Sync 1 DAGs
[2024-11-03T05:37:42.873+0000] {logging_mixin.py:190} INFO - [2024-11-03T05:37:42.873+0000] {dag.py:4180} INFO - Setting next_dagrun for example_sla_dag to 2024-11-03 05:34:00+00:00, run_after=2024-11-03 05:36:00+00:00
[2024-11-03T05:37:42.896+0000] {processor.py:208} INFO - Processing /home/airflow/.local/lib/python3.12/site-packages/airflow/example_dags/example_sla_dag.py took 0.094 seconds
[2024-11-03T05:38:13.739+0000] {processor.py:186} INFO - Started process (PID=5324) to work on /home/airflow/.local/lib/python3.12/site-packages/airflow/example_dags/example_sla_dag.py
[2024-11-03T05:38:13.740+0000] {processor.py:914} INFO - Processing file /home/airflow/.local/lib/python3.12/site-packages/airflow/example_dags/example_sla_dag.py for tasks to queue
[2024-11-03T05:38:13.742+0000] {logging_mixin.py:190} INFO - [2024-11-03T05:38:13.742+0000] {dagbag.py:588} INFO - Filling up the DagBag from /home/airflow/.local/lib/python3.12/site-packages/airflow/example_dags/example_sla_dag.py
[2024-11-03T05:38:13.753+0000] {processor.py:925} INFO - DAG(s) 'example_sla_dag' retrieved from /home/airflow/.local/lib/python3.12/site-packages/airflow/example_dags/example_sla_dag.py
[2024-11-03T05:38:13.773+0000] {logging_mixin.py:190} INFO - [2024-11-03T05:38:13.773+0000] {dag.py:3239} INFO - Sync 1 DAGs
[2024-11-03T05:38:13.801+0000] {logging_mixin.py:190} INFO - [2024-11-03T05:38:13.800+0000] {dag.py:4180} INFO - Setting next_dagrun for example_sla_dag to 2024-11-03 05:36:00+00:00, run_after=2024-11-03 05:38:00+00:00
[2024-11-03T05:38:13.821+0000] {processor.py:208} INFO - Processing /home/airflow/.local/lib/python3.12/site-packages/airflow/example_dags/example_sla_dag.py took 0.090 seconds
[2024-11-03T05:38:44.781+0000] {processor.py:186} INFO - Started process (PID=5615) to work on /home/airflow/.local/lib/python3.12/site-packages/airflow/example_dags/example_sla_dag.py
[2024-11-03T05:38:44.782+0000] {processor.py:914} INFO - Processing file /home/airflow/.local/lib/python3.12/site-packages/airflow/example_dags/example_sla_dag.py for tasks to queue
[2024-11-03T05:38:44.785+0000] {logging_mixin.py:190} INFO - [2024-11-03T05:38:44.785+0000] {dagbag.py:588} INFO - Filling up the DagBag from /home/airflow/.local/lib/python3.12/site-packages/airflow/example_dags/example_sla_dag.py
[2024-11-03T05:38:44.796+0000] {processor.py:925} INFO - DAG(s) 'example_sla_dag' retrieved from /home/airflow/.local/lib/python3.12/site-packages/airflow/example_dags/example_sla_dag.py
[2024-11-03T05:38:44.816+0000] {logging_mixin.py:190} INFO - [2024-11-03T05:38:44.815+0000] {dag.py:3239} INFO - Sync 1 DAGs
[2024-11-03T05:38:44.846+0000] {logging_mixin.py:190} INFO - [2024-11-03T05:38:44.846+0000] {dag.py:4180} INFO - Setting next_dagrun for example_sla_dag to 2024-11-03 05:36:00+00:00, run_after=2024-11-03 05:38:00+00:00
[2024-11-03T05:38:44.868+0000] {processor.py:208} INFO - Processing /home/airflow/.local/lib/python3.12/site-packages/airflow/example_dags/example_sla_dag.py took 0.092 seconds
[2024-11-03T05:39:15.078+0000] {processor.py:186} INFO - Started process (PID=5908) to work on /home/airflow/.local/lib/python3.12/site-packages/airflow/example_dags/example_sla_dag.py
[2024-11-03T05:39:15.079+0000] {processor.py:914} INFO - Processing file /home/airflow/.local/lib/python3.12/site-packages/airflow/example_dags/example_sla_dag.py for tasks to queue
[2024-11-03T05:39:15.081+0000] {logging_mixin.py:190} INFO - [2024-11-03T05:39:15.081+0000] {dagbag.py:588} INFO - Filling up the DagBag from /home/airflow/.local/lib/python3.12/site-packages/airflow/example_dags/example_sla_dag.py
[2024-11-03T05:39:15.092+0000] {processor.py:925} INFO - DAG(s) 'example_sla_dag' retrieved from /home/airflow/.local/lib/python3.12/site-packages/airflow/example_dags/example_sla_dag.py
[2024-11-03T05:39:15.112+0000] {logging_mixin.py:190} INFO - [2024-11-03T05:39:15.112+0000] {dag.py:3239} INFO - Sync 1 DAGs
[2024-11-03T05:39:15.139+0000] {logging_mixin.py:190} INFO - [2024-11-03T05:39:15.139+0000] {dag.py:4180} INFO - Setting next_dagrun for example_sla_dag to 2024-11-03 05:36:00+00:00, run_after=2024-11-03 05:38:00+00:00
[2024-11-03T05:39:15.162+0000] {processor.py:208} INFO - Processing /home/airflow/.local/lib/python3.12/site-packages/airflow/example_dags/example_sla_dag.py took 0.091 seconds
[2024-11-03T05:39:45.732+0000] {processor.py:186} INFO - Started process (PID=6197) to work on /home/airflow/.local/lib/python3.12/site-packages/airflow/example_dags/example_sla_dag.py
[2024-11-03T05:39:45.734+0000] {processor.py:914} INFO - Processing file /home/airflow/.local/lib/python3.12/site-packages/airflow/example_dags/example_sla_dag.py for tasks to queue
[2024-11-03T05:39:45.736+0000] {logging_mixin.py:190} INFO - [2024-11-03T05:39:45.736+0000] {dagbag.py:588} INFO - Filling up the DagBag from /home/airflow/.local/lib/python3.12/site-packages/airflow/example_dags/example_sla_dag.py
[2024-11-03T05:39:45.746+0000] {processor.py:925} INFO - DAG(s) 'example_sla_dag' retrieved from /home/airflow/.local/lib/python3.12/site-packages/airflow/example_dags/example_sla_dag.py
[2024-11-03T05:39:45.769+0000] {logging_mixin.py:190} INFO - [2024-11-03T05:39:45.769+0000] {dag.py:3239} INFO - Sync 1 DAGs
[2024-11-03T05:39:45.799+0000] {logging_mixin.py:190} INFO - [2024-11-03T05:39:45.798+0000] {dag.py:4180} INFO - Setting next_dagrun for example_sla_dag to 2024-11-03 05:36:00+00:00, run_after=2024-11-03 05:38:00+00:00
[2024-11-03T05:39:45.820+0000] {processor.py:208} INFO - Processing /home/airflow/.local/lib/python3.12/site-packages/airflow/example_dags/example_sla_dag.py took 0.095 seconds
[2024-11-03T05:40:16.096+0000] {processor.py:186} INFO - Started process (PID=6488) to work on /home/airflow/.local/lib/python3.12/site-packages/airflow/example_dags/example_sla_dag.py
[2024-11-03T05:40:16.097+0000] {processor.py:914} INFO - Processing file /home/airflow/.local/lib/python3.12/site-packages/airflow/example_dags/example_sla_dag.py for tasks to queue
[2024-11-03T05:40:16.099+0000] {logging_mixin.py:190} INFO - [2024-11-03T05:40:16.099+0000] {dagbag.py:588} INFO - Filling up the DagBag from /home/airflow/.local/lib/python3.12/site-packages/airflow/example_dags/example_sla_dag.py
[2024-11-03T05:40:16.110+0000] {processor.py:925} INFO - DAG(s) 'example_sla_dag' retrieved from /home/airflow/.local/lib/python3.12/site-packages/airflow/example_dags/example_sla_dag.py
[2024-11-03T05:40:16.128+0000] {logging_mixin.py:190} INFO - [2024-11-03T05:40:16.128+0000] {dag.py:3239} INFO - Sync 1 DAGs
[2024-11-03T05:40:16.158+0000] {logging_mixin.py:190} INFO - [2024-11-03T05:40:16.158+0000] {dag.py:4180} INFO - Setting next_dagrun for example_sla_dag to 2024-11-03 05:38:00+00:00, run_after=2024-11-03 05:40:00+00:00
[2024-11-03T05:40:16.178+0000] {processor.py:208} INFO - Processing /home/airflow/.local/lib/python3.12/site-packages/airflow/example_dags/example_sla_dag.py took 0.089 seconds
[2024-11-03T05:40:46.656+0000] {processor.py:186} INFO - Started process (PID=6779) to work on /home/airflow/.local/lib/python3.12/site-packages/airflow/example_dags/example_sla_dag.py
[2024-11-03T05:40:46.657+0000] {processor.py:914} INFO - Processing file /home/airflow/.local/lib/python3.12/site-packages/airflow/example_dags/example_sla_dag.py for tasks to queue
[2024-11-03T05:40:46.660+0000] {logging_mixin.py:190} INFO - [2024-11-03T05:40:46.660+0000] {dagbag.py:588} INFO - Filling up the DagBag from /home/airflow/.local/lib/python3.12/site-packages/airflow/example_dags/example_sla_dag.py
[2024-11-03T05:40:46.673+0000] {processor.py:925} INFO - DAG(s) 'example_sla_dag' retrieved from /home/airflow/.local/lib/python3.12/site-packages/airflow/example_dags/example_sla_dag.py
[2024-11-03T05:40:46.697+0000] {logging_mixin.py:190} INFO - [2024-11-03T05:40:46.697+0000] {dag.py:3239} INFO - Sync 1 DAGs
[2024-11-03T05:40:46.739+0000] {logging_mixin.py:190} INFO - [2024-11-03T05:40:46.739+0000] {dag.py:4180} INFO - Setting next_dagrun for example_sla_dag to 2024-11-03 05:38:00+00:00, run_after=2024-11-03 05:40:00+00:00
[2024-11-03T05:40:46.769+0000] {processor.py:208} INFO - Processing /home/airflow/.local/lib/python3.12/site-packages/airflow/example_dags/example_sla_dag.py took 0.119 seconds
[2024-11-03T05:41:17.272+0000] {processor.py:186} INFO - Started process (PID=7070) to work on /home/airflow/.local/lib/python3.12/site-packages/airflow/example_dags/example_sla_dag.py
[2024-11-03T05:41:17.273+0000] {processor.py:914} INFO - Processing file /home/airflow/.local/lib/python3.12/site-packages/airflow/example_dags/example_sla_dag.py for tasks to queue
[2024-11-03T05:41:17.276+0000] {logging_mixin.py:190} INFO - [2024-11-03T05:41:17.276+0000] {dagbag.py:588} INFO - Filling up the DagBag from /home/airflow/.local/lib/python3.12/site-packages/airflow/example_dags/example_sla_dag.py
[2024-11-03T05:41:17.299+0000] {processor.py:925} INFO - DAG(s) 'example_sla_dag' retrieved from /home/airflow/.local/lib/python3.12/site-packages/airflow/example_dags/example_sla_dag.py
[2024-11-03T05:41:17.321+0000] {logging_mixin.py:190} INFO - [2024-11-03T05:41:17.320+0000] {dag.py:3239} INFO - Sync 1 DAGs
[2024-11-03T05:41:17.356+0000] {logging_mixin.py:190} INFO - [2024-11-03T05:41:17.356+0000] {dag.py:4180} INFO - Setting next_dagrun for example_sla_dag to 2024-11-03 05:38:00+00:00, run_after=2024-11-03 05:40:00+00:00
[2024-11-03T05:41:17.378+0000] {processor.py:208} INFO - Processing /home/airflow/.local/lib/python3.12/site-packages/airflow/example_dags/example_sla_dag.py took 0.112 seconds
[2024-11-03T05:41:47.820+0000] {processor.py:186} INFO - Started process (PID=7361) to work on /home/airflow/.local/lib/python3.12/site-packages/airflow/example_dags/example_sla_dag.py
[2024-11-03T05:41:47.821+0000] {processor.py:914} INFO - Processing file /home/airflow/.local/lib/python3.12/site-packages/airflow/example_dags/example_sla_dag.py for tasks to queue
[2024-11-03T05:41:47.823+0000] {logging_mixin.py:190} INFO - [2024-11-03T05:41:47.823+0000] {dagbag.py:588} INFO - Filling up the DagBag from /home/airflow/.local/lib/python3.12/site-packages/airflow/example_dags/example_sla_dag.py
[2024-11-03T05:41:47.833+0000] {processor.py:925} INFO - DAG(s) 'example_sla_dag' retrieved from /home/airflow/.local/lib/python3.12/site-packages/airflow/example_dags/example_sla_dag.py
[2024-11-03T05:41:47.853+0000] {logging_mixin.py:190} INFO - [2024-11-03T05:41:47.852+0000] {dag.py:3239} INFO - Sync 1 DAGs
[2024-11-03T05:41:47.881+0000] {logging_mixin.py:190} INFO - [2024-11-03T05:41:47.881+0000] {dag.py:4180} INFO - Setting next_dagrun for example_sla_dag to 2024-11-03 05:38:00+00:00, run_after=2024-11-03 05:40:00+00:00
[2024-11-03T05:41:47.903+0000] {processor.py:208} INFO - Processing /home/airflow/.local/lib/python3.12/site-packages/airflow/example_dags/example_sla_dag.py took 0.089 seconds
[2024-11-03T05:42:18.099+0000] {processor.py:186} INFO - Started process (PID=7652) to work on /home/airflow/.local/lib/python3.12/site-packages/airflow/example_dags/example_sla_dag.py
[2024-11-03T05:42:18.100+0000] {processor.py:914} INFO - Processing file /home/airflow/.local/lib/python3.12/site-packages/airflow/example_dags/example_sla_dag.py for tasks to queue
[2024-11-03T05:42:18.102+0000] {logging_mixin.py:190} INFO - [2024-11-03T05:42:18.102+0000] {dagbag.py:588} INFO - Filling up the DagBag from /home/airflow/.local/lib/python3.12/site-packages/airflow/example_dags/example_sla_dag.py
[2024-11-03T05:42:18.113+0000] {processor.py:925} INFO - DAG(s) 'example_sla_dag' retrieved from /home/airflow/.local/lib/python3.12/site-packages/airflow/example_dags/example_sla_dag.py
[2024-11-03T05:42:18.133+0000] {logging_mixin.py:190} INFO - [2024-11-03T05:42:18.132+0000] {dag.py:3239} INFO - Sync 1 DAGs
[2024-11-03T05:42:18.160+0000] {logging_mixin.py:190} INFO - [2024-11-03T05:42:18.160+0000] {dag.py:4180} INFO - Setting next_dagrun for example_sla_dag to 2024-11-03 05:40:00+00:00, run_after=2024-11-03 05:42:00+00:00
[2024-11-03T05:42:18.181+0000] {processor.py:208} INFO - Processing /home/airflow/.local/lib/python3.12/site-packages/airflow/example_dags/example_sla_dag.py took 0.089 seconds
[2024-11-03T05:42:48.891+0000] {processor.py:186} INFO - Started process (PID=7950) to work on /home/airflow/.local/lib/python3.12/site-packages/airflow/example_dags/example_sla_dag.py
[2024-11-03T05:42:48.892+0000] {processor.py:914} INFO - Processing file /home/airflow/.local/lib/python3.12/site-packages/airflow/example_dags/example_sla_dag.py for tasks to queue
[2024-11-03T05:42:48.895+0000] {logging_mixin.py:190} INFO - [2024-11-03T05:42:48.894+0000] {dagbag.py:588} INFO - Filling up the DagBag from /home/airflow/.local/lib/python3.12/site-packages/airflow/example_dags/example_sla_dag.py
[2024-11-03T05:42:48.905+0000] {processor.py:925} INFO - DAG(s) 'example_sla_dag' retrieved from /home/airflow/.local/lib/python3.12/site-packages/airflow/example_dags/example_sla_dag.py
[2024-11-03T05:42:48.923+0000] {logging_mixin.py:190} INFO - [2024-11-03T05:42:48.923+0000] {dag.py:3239} INFO - Sync 1 DAGs
[2024-11-03T05:42:48.950+0000] {logging_mixin.py:190} INFO - [2024-11-03T05:42:48.950+0000] {dag.py:4180} INFO - Setting next_dagrun for example_sla_dag to 2024-11-03 05:40:00+00:00, run_after=2024-11-03 05:42:00+00:00
[2024-11-03T05:42:48.972+0000] {processor.py:208} INFO - Processing /home/airflow/.local/lib/python3.12/site-packages/airflow/example_dags/example_sla_dag.py took 0.088 seconds
[2024-11-03T05:43:19.748+0000] {processor.py:186} INFO - Started process (PID=8241) to work on /home/airflow/.local/lib/python3.12/site-packages/airflow/example_dags/example_sla_dag.py
[2024-11-03T05:43:19.749+0000] {processor.py:914} INFO - Processing file /home/airflow/.local/lib/python3.12/site-packages/airflow/example_dags/example_sla_dag.py for tasks to queue
[2024-11-03T05:43:19.751+0000] {logging_mixin.py:190} INFO - [2024-11-03T05:43:19.751+0000] {dagbag.py:588} INFO - Filling up the DagBag from /home/airflow/.local/lib/python3.12/site-packages/airflow/example_dags/example_sla_dag.py
[2024-11-03T05:43:19.761+0000] {processor.py:925} INFO - DAG(s) 'example_sla_dag' retrieved from /home/airflow/.local/lib/python3.12/site-packages/airflow/example_dags/example_sla_dag.py
[2024-11-03T05:43:19.779+0000] {logging_mixin.py:190} INFO - [2024-11-03T05:43:19.779+0000] {dag.py:3239} INFO - Sync 1 DAGs
[2024-11-03T05:43:19.805+0000] {logging_mixin.py:190} INFO - [2024-11-03T05:43:19.804+0000] {dag.py:4180} INFO - Setting next_dagrun for example_sla_dag to 2024-11-03 05:40:00+00:00, run_after=2024-11-03 05:42:00+00:00
[2024-11-03T05:43:19.824+0000] {processor.py:208} INFO - Processing /home/airflow/.local/lib/python3.12/site-packages/airflow/example_dags/example_sla_dag.py took 0.082 seconds
[2024-11-03T05:43:50.049+0000] {processor.py:186} INFO - Started process (PID=8532) to work on /home/airflow/.local/lib/python3.12/site-packages/airflow/example_dags/example_sla_dag.py
[2024-11-03T05:43:50.050+0000] {processor.py:914} INFO - Processing file /home/airflow/.local/lib/python3.12/site-packages/airflow/example_dags/example_sla_dag.py for tasks to queue
[2024-11-03T05:43:50.053+0000] {logging_mixin.py:190} INFO - [2024-11-03T05:43:50.052+0000] {dagbag.py:588} INFO - Filling up the DagBag from /home/airflow/.local/lib/python3.12/site-packages/airflow/example_dags/example_sla_dag.py
[2024-11-03T05:43:50.063+0000] {processor.py:925} INFO - DAG(s) 'example_sla_dag' retrieved from /home/airflow/.local/lib/python3.12/site-packages/airflow/example_dags/example_sla_dag.py
[2024-11-03T05:43:50.084+0000] {logging_mixin.py:190} INFO - [2024-11-03T05:43:50.084+0000] {dag.py:3239} INFO - Sync 1 DAGs
[2024-11-03T05:43:50.112+0000] {logging_mixin.py:190} INFO - [2024-11-03T05:43:50.111+0000] {dag.py:4180} INFO - Setting next_dagrun for example_sla_dag to 2024-11-03 05:40:00+00:00, run_after=2024-11-03 05:42:00+00:00
[2024-11-03T05:43:50.133+0000] {processor.py:208} INFO - Processing /home/airflow/.local/lib/python3.12/site-packages/airflow/example_dags/example_sla_dag.py took 0.092 seconds
[2024-11-03T05:44:20.488+0000] {processor.py:186} INFO - Started process (PID=8823) to work on /home/airflow/.local/lib/python3.12/site-packages/airflow/example_dags/example_sla_dag.py
[2024-11-03T05:44:20.489+0000] {processor.py:914} INFO - Processing file /home/airflow/.local/lib/python3.12/site-packages/airflow/example_dags/example_sla_dag.py for tasks to queue
[2024-11-03T05:44:20.491+0000] {logging_mixin.py:190} INFO - [2024-11-03T05:44:20.491+0000] {dagbag.py:588} INFO - Filling up the DagBag from /home/airflow/.local/lib/python3.12/site-packages/airflow/example_dags/example_sla_dag.py
[2024-11-03T05:44:20.502+0000] {processor.py:925} INFO - DAG(s) 'example_sla_dag' retrieved from /home/airflow/.local/lib/python3.12/site-packages/airflow/example_dags/example_sla_dag.py
[2024-11-03T05:44:20.525+0000] {logging_mixin.py:190} INFO - [2024-11-03T05:44:20.524+0000] {dag.py:3239} INFO - Sync 1 DAGs
[2024-11-03T05:44:20.552+0000] {logging_mixin.py:190} INFO - [2024-11-03T05:44:20.552+0000] {dag.py:4180} INFO - Setting next_dagrun for example_sla_dag to 2024-11-03 05:42:00+00:00, run_after=2024-11-03 05:44:00+00:00
[2024-11-03T05:44:20.576+0000] {processor.py:208} INFO - Processing /home/airflow/.local/lib/python3.12/site-packages/airflow/example_dags/example_sla_dag.py took 0.097 seconds
[2024-11-03T05:44:50.748+0000] {processor.py:186} INFO - Started process (PID=9114) to work on /home/airflow/.local/lib/python3.12/site-packages/airflow/example_dags/example_sla_dag.py
[2024-11-03T05:44:50.749+0000] {processor.py:914} INFO - Processing file /home/airflow/.local/lib/python3.12/site-packages/airflow/example_dags/example_sla_dag.py for tasks to queue
[2024-11-03T05:44:50.752+0000] {logging_mixin.py:190} INFO - [2024-11-03T05:44:50.751+0000] {dagbag.py:588} INFO - Filling up the DagBag from /home/airflow/.local/lib/python3.12/site-packages/airflow/example_dags/example_sla_dag.py
[2024-11-03T05:44:50.763+0000] {processor.py:925} INFO - DAG(s) 'example_sla_dag' retrieved from /home/airflow/.local/lib/python3.12/site-packages/airflow/example_dags/example_sla_dag.py
[2024-11-03T05:44:50.783+0000] {logging_mixin.py:190} INFO - [2024-11-03T05:44:50.783+0000] {dag.py:3239} INFO - Sync 1 DAGs
[2024-11-03T05:44:50.811+0000] {logging_mixin.py:190} INFO - [2024-11-03T05:44:50.810+0000] {dag.py:4180} INFO - Setting next_dagrun for example_sla_dag to 2024-11-03 05:42:00+00:00, run_after=2024-11-03 05:44:00+00:00
[2024-11-03T05:44:50.834+0000] {processor.py:208} INFO - Processing /home/airflow/.local/lib/python3.12/site-packages/airflow/example_dags/example_sla_dag.py took 0.092 seconds
[2024-11-03T05:45:21.094+0000] {processor.py:186} INFO - Started process (PID=9405) to work on /home/airflow/.local/lib/python3.12/site-packages/airflow/example_dags/example_sla_dag.py
[2024-11-03T05:45:21.095+0000] {processor.py:914} INFO - Processing file /home/airflow/.local/lib/python3.12/site-packages/airflow/example_dags/example_sla_dag.py for tasks to queue
[2024-11-03T05:45:21.099+0000] {logging_mixin.py:190} INFO - [2024-11-03T05:45:21.098+0000] {dagbag.py:588} INFO - Filling up the DagBag from /home/airflow/.local/lib/python3.12/site-packages/airflow/example_dags/example_sla_dag.py
[2024-11-03T05:45:21.115+0000] {processor.py:925} INFO - DAG(s) 'example_sla_dag' retrieved from /home/airflow/.local/lib/python3.12/site-packages/airflow/example_dags/example_sla_dag.py
[2024-11-03T05:45:21.145+0000] {logging_mixin.py:190} INFO - [2024-11-03T05:45:21.145+0000] {dag.py:3239} INFO - Sync 1 DAGs
[2024-11-03T05:45:21.193+0000] {logging_mixin.py:190} INFO - [2024-11-03T05:45:21.193+0000] {dag.py:4180} INFO - Setting next_dagrun for example_sla_dag to 2024-11-03 05:42:00+00:00, run_after=2024-11-03 05:44:00+00:00
[2024-11-03T05:45:21.223+0000] {processor.py:208} INFO - Processing /home/airflow/.local/lib/python3.12/site-packages/airflow/example_dags/example_sla_dag.py took 0.139 seconds
[2024-11-03T05:45:51.722+0000] {processor.py:186} INFO - Started process (PID=9696) to work on /home/airflow/.local/lib/python3.12/site-packages/airflow/example_dags/example_sla_dag.py
[2024-11-03T05:45:51.724+0000] {processor.py:914} INFO - Processing file /home/airflow/.local/lib/python3.12/site-packages/airflow/example_dags/example_sla_dag.py for tasks to queue
[2024-11-03T05:45:51.729+0000] {logging_mixin.py:190} INFO - [2024-11-03T05:45:51.728+0000] {dagbag.py:588} INFO - Filling up the DagBag from /home/airflow/.local/lib/python3.12/site-packages/airflow/example_dags/example_sla_dag.py
[2024-11-03T05:45:51.745+0000] {processor.py:925} INFO - DAG(s) 'example_sla_dag' retrieved from /home/airflow/.local/lib/python3.12/site-packages/airflow/example_dags/example_sla_dag.py
[2024-11-03T05:45:51.786+0000] {logging_mixin.py:190} INFO - [2024-11-03T05:45:51.785+0000] {dag.py:3239} INFO - Sync 1 DAGs
[2024-11-03T05:45:51.830+0000] {logging_mixin.py:190} INFO - [2024-11-03T05:45:51.830+0000] {dag.py:4180} INFO - Setting next_dagrun for example_sla_dag to 2024-11-03 05:42:00+00:00, run_after=2024-11-03 05:44:00+00:00
[2024-11-03T05:45:51.854+0000] {processor.py:208} INFO - Processing /home/airflow/.local/lib/python3.12/site-packages/airflow/example_dags/example_sla_dag.py took 0.144 seconds
[2024-11-03T05:46:22.710+0000] {processor.py:186} INFO - Started process (PID=9987) to work on /home/airflow/.local/lib/python3.12/site-packages/airflow/example_dags/example_sla_dag.py
[2024-11-03T05:46:22.711+0000] {processor.py:914} INFO - Processing file /home/airflow/.local/lib/python3.12/site-packages/airflow/example_dags/example_sla_dag.py for tasks to queue
[2024-11-03T05:46:22.714+0000] {logging_mixin.py:190} INFO - [2024-11-03T05:46:22.713+0000] {dagbag.py:588} INFO - Filling up the DagBag from /home/airflow/.local/lib/python3.12/site-packages/airflow/example_dags/example_sla_dag.py
[2024-11-03T05:46:22.723+0000] {processor.py:925} INFO - DAG(s) 'example_sla_dag' retrieved from /home/airflow/.local/lib/python3.12/site-packages/airflow/example_dags/example_sla_dag.py
[2024-11-03T05:46:22.743+0000] {logging_mixin.py:190} INFO - [2024-11-03T05:46:22.743+0000] {dag.py:3239} INFO - Sync 1 DAGs
[2024-11-03T05:46:22.770+0000] {logging_mixin.py:190} INFO - [2024-11-03T05:46:22.770+0000] {dag.py:4180} INFO - Setting next_dagrun for example_sla_dag to 2024-11-03 05:44:00+00:00, run_after=2024-11-03 05:46:00+00:00
[2024-11-03T05:46:22.791+0000] {processor.py:208} INFO - Processing /home/airflow/.local/lib/python3.12/site-packages/airflow/example_dags/example_sla_dag.py took 0.087 seconds
[2024-11-03T05:46:52.908+0000] {processor.py:186} INFO - Started process (PID=10278) to work on /home/airflow/.local/lib/python3.12/site-packages/airflow/example_dags/example_sla_dag.py
[2024-11-03T05:46:52.909+0000] {processor.py:914} INFO - Processing file /home/airflow/.local/lib/python3.12/site-packages/airflow/example_dags/example_sla_dag.py for tasks to queue
[2024-11-03T05:46:52.912+0000] {logging_mixin.py:190} INFO - [2024-11-03T05:46:52.912+0000] {dagbag.py:588} INFO - Filling up the DagBag from /home/airflow/.local/lib/python3.12/site-packages/airflow/example_dags/example_sla_dag.py
[2024-11-03T05:46:52.922+0000] {processor.py:925} INFO - DAG(s) 'example_sla_dag' retrieved from /home/airflow/.local/lib/python3.12/site-packages/airflow/example_dags/example_sla_dag.py
[2024-11-03T05:46:52.944+0000] {logging_mixin.py:190} INFO - [2024-11-03T05:46:52.944+0000] {dag.py:3239} INFO - Sync 1 DAGs
[2024-11-03T05:46:52.974+0000] {logging_mixin.py:190} INFO - [2024-11-03T05:46:52.974+0000] {dag.py:4180} INFO - Setting next_dagrun for example_sla_dag to 2024-11-03 05:44:00+00:00, run_after=2024-11-03 05:46:00+00:00
[2024-11-03T05:46:52.995+0000] {processor.py:208} INFO - Processing /home/airflow/.local/lib/python3.12/site-packages/airflow/example_dags/example_sla_dag.py took 0.093 seconds
[2024-11-03T05:47:23.179+0000] {processor.py:186} INFO - Started process (PID=10564) to work on /home/airflow/.local/lib/python3.12/site-packages/airflow/example_dags/example_sla_dag.py
[2024-11-03T05:47:23.180+0000] {processor.py:914} INFO - Processing file /home/airflow/.local/lib/python3.12/site-packages/airflow/example_dags/example_sla_dag.py for tasks to queue
[2024-11-03T05:47:23.183+0000] {logging_mixin.py:190} INFO - [2024-11-03T05:47:23.182+0000] {dagbag.py:588} INFO - Filling up the DagBag from /home/airflow/.local/lib/python3.12/site-packages/airflow/example_dags/example_sla_dag.py
[2024-11-03T05:47:23.192+0000] {processor.py:925} INFO - DAG(s) 'example_sla_dag' retrieved from /home/airflow/.local/lib/python3.12/site-packages/airflow/example_dags/example_sla_dag.py
[2024-11-03T05:47:23.212+0000] {logging_mixin.py:190} INFO - [2024-11-03T05:47:23.212+0000] {dag.py:3239} INFO - Sync 1 DAGs
[2024-11-03T05:47:23.239+0000] {logging_mixin.py:190} INFO - [2024-11-03T05:47:23.239+0000] {dag.py:4180} INFO - Setting next_dagrun for example_sla_dag to 2024-11-03 05:44:00+00:00, run_after=2024-11-03 05:46:00+00:00
[2024-11-03T05:47:23.260+0000] {processor.py:208} INFO - Processing /home/airflow/.local/lib/python3.12/site-packages/airflow/example_dags/example_sla_dag.py took 0.087 seconds
[2024-11-03T05:47:53.481+0000] {processor.py:186} INFO - Started process (PID=10855) to work on /home/airflow/.local/lib/python3.12/site-packages/airflow/example_dags/example_sla_dag.py
[2024-11-03T05:47:53.482+0000] {processor.py:914} INFO - Processing file /home/airflow/.local/lib/python3.12/site-packages/airflow/example_dags/example_sla_dag.py for tasks to queue
[2024-11-03T05:47:53.485+0000] {logging_mixin.py:190} INFO - [2024-11-03T05:47:53.485+0000] {dagbag.py:588} INFO - Filling up the DagBag from /home/airflow/.local/lib/python3.12/site-packages/airflow/example_dags/example_sla_dag.py
[2024-11-03T05:47:53.495+0000] {processor.py:925} INFO - DAG(s) 'example_sla_dag' retrieved from /home/airflow/.local/lib/python3.12/site-packages/airflow/example_dags/example_sla_dag.py
[2024-11-03T05:47:53.514+0000] {logging_mixin.py:190} INFO - [2024-11-03T05:47:53.514+0000] {dag.py:3239} INFO - Sync 1 DAGs
[2024-11-03T05:47:53.541+0000] {logging_mixin.py:190} INFO - [2024-11-03T05:47:53.541+0000] {dag.py:4180} INFO - Setting next_dagrun for example_sla_dag to 2024-11-03 05:44:00+00:00, run_after=2024-11-03 05:46:00+00:00
[2024-11-03T05:47:53.564+0000] {processor.py:208} INFO - Processing /home/airflow/.local/lib/python3.12/site-packages/airflow/example_dags/example_sla_dag.py took 0.088 seconds
[2024-11-03T05:48:23.749+0000] {processor.py:186} INFO - Started process (PID=11146) to work on /home/airflow/.local/lib/python3.12/site-packages/airflow/example_dags/example_sla_dag.py
[2024-11-03T05:48:23.750+0000] {processor.py:914} INFO - Processing file /home/airflow/.local/lib/python3.12/site-packages/airflow/example_dags/example_sla_dag.py for tasks to queue
[2024-11-03T05:48:23.753+0000] {logging_mixin.py:190} INFO - [2024-11-03T05:48:23.752+0000] {dagbag.py:588} INFO - Filling up the DagBag from /home/airflow/.local/lib/python3.12/site-packages/airflow/example_dags/example_sla_dag.py
[2024-11-03T05:48:23.763+0000] {processor.py:925} INFO - DAG(s) 'example_sla_dag' retrieved from /home/airflow/.local/lib/python3.12/site-packages/airflow/example_dags/example_sla_dag.py
[2024-11-03T05:48:23.785+0000] {logging_mixin.py:190} INFO - [2024-11-03T05:48:23.784+0000] {dag.py:3239} INFO - Sync 1 DAGs
[2024-11-03T05:48:23.813+0000] {logging_mixin.py:190} INFO - [2024-11-03T05:48:23.813+0000] {dag.py:4180} INFO - Setting next_dagrun for example_sla_dag to 2024-11-03 05:46:00+00:00, run_after=2024-11-03 05:48:00+00:00
[2024-11-03T05:48:23.837+0000] {processor.py:208} INFO - Processing /home/airflow/.local/lib/python3.12/site-packages/airflow/example_dags/example_sla_dag.py took 0.094 seconds
[2024-11-03T05:48:54.097+0000] {processor.py:186} INFO - Started process (PID=11437) to work on /home/airflow/.local/lib/python3.12/site-packages/airflow/example_dags/example_sla_dag.py
[2024-11-03T05:48:54.098+0000] {processor.py:914} INFO - Processing file /home/airflow/.local/lib/python3.12/site-packages/airflow/example_dags/example_sla_dag.py for tasks to queue
[2024-11-03T05:48:54.101+0000] {logging_mixin.py:190} INFO - [2024-11-03T05:48:54.101+0000] {dagbag.py:588} INFO - Filling up the DagBag from /home/airflow/.local/lib/python3.12/site-packages/airflow/example_dags/example_sla_dag.py
[2024-11-03T05:48:54.111+0000] {processor.py:925} INFO - DAG(s) 'example_sla_dag' retrieved from /home/airflow/.local/lib/python3.12/site-packages/airflow/example_dags/example_sla_dag.py
[2024-11-03T05:48:54.131+0000] {logging_mixin.py:190} INFO - [2024-11-03T05:48:54.130+0000] {dag.py:3239} INFO - Sync 1 DAGs
[2024-11-03T05:48:54.157+0000] {logging_mixin.py:190} INFO - [2024-11-03T05:48:54.157+0000] {dag.py:4180} INFO - Setting next_dagrun for example_sla_dag to 2024-11-03 05:46:00+00:00, run_after=2024-11-03 05:48:00+00:00
[2024-11-03T05:48:54.178+0000] {processor.py:208} INFO - Processing /home/airflow/.local/lib/python3.12/site-packages/airflow/example_dags/example_sla_dag.py took 0.087 seconds
[2024-11-03T05:49:24.293+0000] {processor.py:186} INFO - Started process (PID=11728) to work on /home/airflow/.local/lib/python3.12/site-packages/airflow/example_dags/example_sla_dag.py
[2024-11-03T05:49:24.294+0000] {processor.py:914} INFO - Processing file /home/airflow/.local/lib/python3.12/site-packages/airflow/example_dags/example_sla_dag.py for tasks to queue
[2024-11-03T05:49:24.296+0000] {logging_mixin.py:190} INFO - [2024-11-03T05:49:24.296+0000] {dagbag.py:588} INFO - Filling up the DagBag from /home/airflow/.local/lib/python3.12/site-packages/airflow/example_dags/example_sla_dag.py
[2024-11-03T05:49:24.306+0000] {processor.py:925} INFO - DAG(s) 'example_sla_dag' retrieved from /home/airflow/.local/lib/python3.12/site-packages/airflow/example_dags/example_sla_dag.py
[2024-11-03T05:49:24.326+0000] {logging_mixin.py:190} INFO - [2024-11-03T05:49:24.326+0000] {dag.py:3239} INFO - Sync 1 DAGs
[2024-11-03T05:49:24.354+0000] {logging_mixin.py:190} INFO - [2024-11-03T05:49:24.354+0000] {dag.py:4180} INFO - Setting next_dagrun for example_sla_dag to 2024-11-03 05:46:00+00:00, run_after=2024-11-03 05:48:00+00:00
[2024-11-03T05:49:24.376+0000] {processor.py:208} INFO - Processing /home/airflow/.local/lib/python3.12/site-packages/airflow/example_dags/example_sla_dag.py took 0.089 seconds
[2024-11-03T05:49:54.673+0000] {processor.py:186} INFO - Started process (PID=12019) to work on /home/airflow/.local/lib/python3.12/site-packages/airflow/example_dags/example_sla_dag.py
[2024-11-03T05:49:54.674+0000] {processor.py:914} INFO - Processing file /home/airflow/.local/lib/python3.12/site-packages/airflow/example_dags/example_sla_dag.py for tasks to queue
[2024-11-03T05:49:54.677+0000] {logging_mixin.py:190} INFO - [2024-11-03T05:49:54.677+0000] {dagbag.py:588} INFO - Filling up the DagBag from /home/airflow/.local/lib/python3.12/site-packages/airflow/example_dags/example_sla_dag.py
[2024-11-03T05:49:54.689+0000] {processor.py:925} INFO - DAG(s) 'example_sla_dag' retrieved from /home/airflow/.local/lib/python3.12/site-packages/airflow/example_dags/example_sla_dag.py
[2024-11-03T05:49:54.717+0000] {logging_mixin.py:190} INFO - [2024-11-03T05:49:54.717+0000] {dag.py:3239} INFO - Sync 1 DAGs
[2024-11-03T05:49:54.752+0000] {logging_mixin.py:190} INFO - [2024-11-03T05:49:54.752+0000] {dag.py:4180} INFO - Setting next_dagrun for example_sla_dag to 2024-11-03 05:46:00+00:00, run_after=2024-11-03 05:48:00+00:00
[2024-11-03T05:49:54.779+0000] {processor.py:208} INFO - Processing /home/airflow/.local/lib/python3.12/site-packages/airflow/example_dags/example_sla_dag.py took 0.112 seconds
[2024-11-03T05:50:25.519+0000] {processor.py:186} INFO - Started process (PID=12310) to work on /home/airflow/.local/lib/python3.12/site-packages/airflow/example_dags/example_sla_dag.py
[2024-11-03T05:50:25.520+0000] {processor.py:914} INFO - Processing file /home/airflow/.local/lib/python3.12/site-packages/airflow/example_dags/example_sla_dag.py for tasks to queue
[2024-11-03T05:50:25.522+0000] {logging_mixin.py:190} INFO - [2024-11-03T05:50:25.522+0000] {dagbag.py:588} INFO - Filling up the DagBag from /home/airflow/.local/lib/python3.12/site-packages/airflow/example_dags/example_sla_dag.py
[2024-11-03T05:50:25.532+0000] {processor.py:925} INFO - DAG(s) 'example_sla_dag' retrieved from /home/airflow/.local/lib/python3.12/site-packages/airflow/example_dags/example_sla_dag.py
[2024-11-03T05:50:25.551+0000] {logging_mixin.py:190} INFO - [2024-11-03T05:50:25.551+0000] {dag.py:3239} INFO - Sync 1 DAGs
[2024-11-03T05:50:25.577+0000] {logging_mixin.py:190} INFO - [2024-11-03T05:50:25.577+0000] {dag.py:4180} INFO - Setting next_dagrun for example_sla_dag to 2024-11-03 05:48:00+00:00, run_after=2024-11-03 05:50:00+00:00
[2024-11-03T05:50:25.605+0000] {processor.py:208} INFO - Processing /home/airflow/.local/lib/python3.12/site-packages/airflow/example_dags/example_sla_dag.py took 0.092 seconds
[2024-11-03T05:50:55.756+0000] {processor.py:186} INFO - Started process (PID=12603) to work on /home/airflow/.local/lib/python3.12/site-packages/airflow/example_dags/example_sla_dag.py
[2024-11-03T05:50:55.757+0000] {processor.py:914} INFO - Processing file /home/airflow/.local/lib/python3.12/site-packages/airflow/example_dags/example_sla_dag.py for tasks to queue
[2024-11-03T05:50:55.759+0000] {logging_mixin.py:190} INFO - [2024-11-03T05:50:55.759+0000] {dagbag.py:588} INFO - Filling up the DagBag from /home/airflow/.local/lib/python3.12/site-packages/airflow/example_dags/example_sla_dag.py
[2024-11-03T05:50:55.769+0000] {processor.py:925} INFO - DAG(s) 'example_sla_dag' retrieved from /home/airflow/.local/lib/python3.12/site-packages/airflow/example_dags/example_sla_dag.py
[2024-11-03T05:50:55.789+0000] {logging_mixin.py:190} INFO - [2024-11-03T05:50:55.789+0000] {dag.py:3239} INFO - Sync 1 DAGs
[2024-11-03T05:50:55.815+0000] {logging_mixin.py:190} INFO - [2024-11-03T05:50:55.814+0000] {dag.py:4180} INFO - Setting next_dagrun for example_sla_dag to 2024-11-03 05:48:00+00:00, run_after=2024-11-03 05:50:00+00:00
[2024-11-03T05:50:55.837+0000] {processor.py:208} INFO - Processing /home/airflow/.local/lib/python3.12/site-packages/airflow/example_dags/example_sla_dag.py took 0.087 seconds
[2024-11-03T05:52:53.955+0000] {processor.py:186} INFO - Started process (PID=357) to work on /home/airflow/.local/lib/python3.12/site-packages/airflow/example_dags/example_sla_dag.py
[2024-11-03T05:52:53.956+0000] {processor.py:914} INFO - Processing file /home/airflow/.local/lib/python3.12/site-packages/airflow/example_dags/example_sla_dag.py for tasks to queue
[2024-11-03T05:52:53.960+0000] {logging_mixin.py:190} INFO - [2024-11-03T05:52:53.959+0000] {dagbag.py:588} INFO - Filling up the DagBag from /home/airflow/.local/lib/python3.12/site-packages/airflow/example_dags/example_sla_dag.py
[2024-11-03T05:52:53.978+0000] {processor.py:925} INFO - DAG(s) 'example_sla_dag' retrieved from /home/airflow/.local/lib/python3.12/site-packages/airflow/example_dags/example_sla_dag.py
[2024-11-03T05:52:54.011+0000] {logging_mixin.py:190} INFO - [2024-11-03T05:52:54.011+0000] {dag.py:3239} INFO - Sync 1 DAGs
[2024-11-03T05:52:54.062+0000] {logging_mixin.py:190} INFO - [2024-11-03T05:52:54.062+0000] {dag.py:4180} INFO - Setting next_dagrun for example_sla_dag to 2024-11-03 05:50:00+00:00, run_after=2024-11-03 05:52:00+00:00
[2024-11-03T05:52:54.104+0000] {processor.py:208} INFO - Processing /home/airflow/.local/lib/python3.12/site-packages/airflow/example_dags/example_sla_dag.py took 0.160 seconds
[2024-11-03T05:53:24.973+0000] {processor.py:186} INFO - Started process (PID=648) to work on /home/airflow/.local/lib/python3.12/site-packages/airflow/example_dags/example_sla_dag.py
[2024-11-03T05:53:24.975+0000] {processor.py:914} INFO - Processing file /home/airflow/.local/lib/python3.12/site-packages/airflow/example_dags/example_sla_dag.py for tasks to queue
[2024-11-03T05:53:24.977+0000] {logging_mixin.py:190} INFO - [2024-11-03T05:53:24.977+0000] {dagbag.py:588} INFO - Filling up the DagBag from /home/airflow/.local/lib/python3.12/site-packages/airflow/example_dags/example_sla_dag.py
[2024-11-03T05:53:24.987+0000] {processor.py:925} INFO - DAG(s) 'example_sla_dag' retrieved from /home/airflow/.local/lib/python3.12/site-packages/airflow/example_dags/example_sla_dag.py
[2024-11-03T05:53:25.006+0000] {logging_mixin.py:190} INFO - [2024-11-03T05:53:25.005+0000] {dag.py:3239} INFO - Sync 1 DAGs
[2024-11-03T05:53:25.034+0000] {logging_mixin.py:190} INFO - [2024-11-03T05:53:25.034+0000] {dag.py:4180} INFO - Setting next_dagrun for example_sla_dag to 2024-11-03 05:50:00+00:00, run_after=2024-11-03 05:52:00+00:00
[2024-11-03T05:53:25.063+0000] {processor.py:208} INFO - Processing /home/airflow/.local/lib/python3.12/site-packages/airflow/example_dags/example_sla_dag.py took 0.094 seconds
[2024-11-03T05:53:55.558+0000] {processor.py:186} INFO - Started process (PID=939) to work on /home/airflow/.local/lib/python3.12/site-packages/airflow/example_dags/example_sla_dag.py
[2024-11-03T05:53:55.559+0000] {processor.py:914} INFO - Processing file /home/airflow/.local/lib/python3.12/site-packages/airflow/example_dags/example_sla_dag.py for tasks to queue
[2024-11-03T05:53:55.562+0000] {logging_mixin.py:190} INFO - [2024-11-03T05:53:55.561+0000] {dagbag.py:588} INFO - Filling up the DagBag from /home/airflow/.local/lib/python3.12/site-packages/airflow/example_dags/example_sla_dag.py
[2024-11-03T05:53:55.574+0000] {processor.py:925} INFO - DAG(s) 'example_sla_dag' retrieved from /home/airflow/.local/lib/python3.12/site-packages/airflow/example_dags/example_sla_dag.py
[2024-11-03T05:53:55.597+0000] {logging_mixin.py:190} INFO - [2024-11-03T05:53:55.596+0000] {dag.py:3239} INFO - Sync 1 DAGs
[2024-11-03T05:53:55.628+0000] {logging_mixin.py:190} INFO - [2024-11-03T05:53:55.628+0000] {dag.py:4180} INFO - Setting next_dagrun for example_sla_dag to 2024-11-03 05:50:00+00:00, run_after=2024-11-03 05:52:00+00:00
[2024-11-03T05:53:55.661+0000] {processor.py:208} INFO - Processing /home/airflow/.local/lib/python3.12/site-packages/airflow/example_dags/example_sla_dag.py took 0.112 seconds
[2024-11-03T05:54:25.986+0000] {processor.py:186} INFO - Started process (PID=1232) to work on /home/airflow/.local/lib/python3.12/site-packages/airflow/example_dags/example_sla_dag.py
[2024-11-03T05:54:25.988+0000] {processor.py:914} INFO - Processing file /home/airflow/.local/lib/python3.12/site-packages/airflow/example_dags/example_sla_dag.py for tasks to queue
[2024-11-03T05:54:25.992+0000] {logging_mixin.py:190} INFO - [2024-11-03T05:54:25.991+0000] {dagbag.py:588} INFO - Filling up the DagBag from /home/airflow/.local/lib/python3.12/site-packages/airflow/example_dags/example_sla_dag.py
[2024-11-03T05:54:26.011+0000] {processor.py:925} INFO - DAG(s) 'example_sla_dag' retrieved from /home/airflow/.local/lib/python3.12/site-packages/airflow/example_dags/example_sla_dag.py
[2024-11-03T05:54:26.039+0000] {logging_mixin.py:190} INFO - [2024-11-03T05:54:26.038+0000] {dag.py:3239} INFO - Sync 1 DAGs
[2024-11-03T05:54:26.072+0000] {logging_mixin.py:190} INFO - [2024-11-03T05:54:26.072+0000] {dag.py:4180} INFO - Setting next_dagrun for example_sla_dag to 2024-11-03 05:52:00+00:00, run_after=2024-11-03 05:54:00+00:00
[2024-11-03T05:54:26.094+0000] {processor.py:208} INFO - Processing /home/airflow/.local/lib/python3.12/site-packages/airflow/example_dags/example_sla_dag.py took 0.115 seconds
[2024-11-03T05:54:56.887+0000] {processor.py:186} INFO - Started process (PID=1523) to work on /home/airflow/.local/lib/python3.12/site-packages/airflow/example_dags/example_sla_dag.py
[2024-11-03T05:54:56.888+0000] {processor.py:914} INFO - Processing file /home/airflow/.local/lib/python3.12/site-packages/airflow/example_dags/example_sla_dag.py for tasks to queue
[2024-11-03T05:54:56.891+0000] {logging_mixin.py:190} INFO - [2024-11-03T05:54:56.891+0000] {dagbag.py:588} INFO - Filling up the DagBag from /home/airflow/.local/lib/python3.12/site-packages/airflow/example_dags/example_sla_dag.py
[2024-11-03T05:54:56.901+0000] {processor.py:925} INFO - DAG(s) 'example_sla_dag' retrieved from /home/airflow/.local/lib/python3.12/site-packages/airflow/example_dags/example_sla_dag.py
[2024-11-03T05:54:56.920+0000] {logging_mixin.py:190} INFO - [2024-11-03T05:54:56.920+0000] {dag.py:3239} INFO - Sync 1 DAGs
[2024-11-03T05:54:56.949+0000] {logging_mixin.py:190} INFO - [2024-11-03T05:54:56.949+0000] {dag.py:4180} INFO - Setting next_dagrun for example_sla_dag to 2024-11-03 05:52:00+00:00, run_after=2024-11-03 05:54:00+00:00
[2024-11-03T05:54:56.971+0000] {processor.py:208} INFO - Processing /home/airflow/.local/lib/python3.12/site-packages/airflow/example_dags/example_sla_dag.py took 0.089 seconds
[2024-11-03T05:57:18.653+0000] {processor.py:186} INFO - Started process (PID=357) to work on /home/airflow/.local/lib/python3.12/site-packages/airflow/example_dags/example_sla_dag.py
[2024-11-03T05:57:18.654+0000] {processor.py:914} INFO - Processing file /home/airflow/.local/lib/python3.12/site-packages/airflow/example_dags/example_sla_dag.py for tasks to queue
[2024-11-03T05:57:18.657+0000] {logging_mixin.py:190} INFO - [2024-11-03T05:57:18.657+0000] {dagbag.py:588} INFO - Filling up the DagBag from /home/airflow/.local/lib/python3.12/site-packages/airflow/example_dags/example_sla_dag.py
[2024-11-03T05:57:18.674+0000] {processor.py:925} INFO - DAG(s) 'example_sla_dag' retrieved from /home/airflow/.local/lib/python3.12/site-packages/airflow/example_dags/example_sla_dag.py
[2024-11-03T05:57:18.698+0000] {logging_mixin.py:190} INFO - [2024-11-03T05:57:18.697+0000] {dag.py:3239} INFO - Sync 1 DAGs
[2024-11-03T05:57:18.732+0000] {logging_mixin.py:190} INFO - [2024-11-03T05:57:18.732+0000] {dag.py:4180} INFO - Setting next_dagrun for example_sla_dag to 2024-11-03 05:54:00+00:00, run_after=2024-11-03 05:56:00+00:00
[2024-11-03T05:57:18.759+0000] {processor.py:208} INFO - Processing /home/airflow/.local/lib/python3.12/site-packages/airflow/example_dags/example_sla_dag.py took 0.114 seconds
[2024-11-03T05:57:49.483+0000] {processor.py:186} INFO - Started process (PID=648) to work on /home/airflow/.local/lib/python3.12/site-packages/airflow/example_dags/example_sla_dag.py
[2024-11-03T05:57:49.484+0000] {processor.py:914} INFO - Processing file /home/airflow/.local/lib/python3.12/site-packages/airflow/example_dags/example_sla_dag.py for tasks to queue
[2024-11-03T05:57:49.487+0000] {logging_mixin.py:190} INFO - [2024-11-03T05:57:49.487+0000] {dagbag.py:588} INFO - Filling up the DagBag from /home/airflow/.local/lib/python3.12/site-packages/airflow/example_dags/example_sla_dag.py
[2024-11-03T05:57:49.497+0000] {processor.py:925} INFO - DAG(s) 'example_sla_dag' retrieved from /home/airflow/.local/lib/python3.12/site-packages/airflow/example_dags/example_sla_dag.py
[2024-11-03T05:57:49.517+0000] {logging_mixin.py:190} INFO - [2024-11-03T05:57:49.516+0000] {dag.py:3239} INFO - Sync 1 DAGs
[2024-11-03T05:57:49.544+0000] {logging_mixin.py:190} INFO - [2024-11-03T05:57:49.544+0000] {dag.py:4180} INFO - Setting next_dagrun for example_sla_dag to 2024-11-03 05:54:00+00:00, run_after=2024-11-03 05:56:00+00:00
[2024-11-03T05:57:49.566+0000] {processor.py:208} INFO - Processing /home/airflow/.local/lib/python3.12/site-packages/airflow/example_dags/example_sla_dag.py took 0.089 seconds
[2024-11-03T05:58:19.796+0000] {processor.py:186} INFO - Started process (PID=939) to work on /home/airflow/.local/lib/python3.12/site-packages/airflow/example_dags/example_sla_dag.py
[2024-11-03T05:58:19.797+0000] {processor.py:914} INFO - Processing file /home/airflow/.local/lib/python3.12/site-packages/airflow/example_dags/example_sla_dag.py for tasks to queue
[2024-11-03T05:58:19.800+0000] {logging_mixin.py:190} INFO - [2024-11-03T05:58:19.799+0000] {dagbag.py:588} INFO - Filling up the DagBag from /home/airflow/.local/lib/python3.12/site-packages/airflow/example_dags/example_sla_dag.py
[2024-11-03T05:58:19.809+0000] {processor.py:925} INFO - DAG(s) 'example_sla_dag' retrieved from /home/airflow/.local/lib/python3.12/site-packages/airflow/example_dags/example_sla_dag.py
[2024-11-03T05:58:19.828+0000] {logging_mixin.py:190} INFO - [2024-11-03T05:58:19.828+0000] {dag.py:3239} INFO - Sync 1 DAGs
[2024-11-03T05:58:19.855+0000] {logging_mixin.py:190} INFO - [2024-11-03T05:58:19.855+0000] {dag.py:4180} INFO - Setting next_dagrun for example_sla_dag to 2024-11-03 05:56:00+00:00, run_after=2024-11-03 05:58:00+00:00
[2024-11-03T05:58:19.877+0000] {processor.py:208} INFO - Processing /home/airflow/.local/lib/python3.12/site-packages/airflow/example_dags/example_sla_dag.py took 0.086 seconds
[2024-11-03T05:58:50.134+0000] {processor.py:186} INFO - Started process (PID=1230) to work on /home/airflow/.local/lib/python3.12/site-packages/airflow/example_dags/example_sla_dag.py
[2024-11-03T05:58:50.135+0000] {processor.py:914} INFO - Processing file /home/airflow/.local/lib/python3.12/site-packages/airflow/example_dags/example_sla_dag.py for tasks to queue
[2024-11-03T05:58:50.137+0000] {logging_mixin.py:190} INFO - [2024-11-03T05:58:50.137+0000] {dagbag.py:588} INFO - Filling up the DagBag from /home/airflow/.local/lib/python3.12/site-packages/airflow/example_dags/example_sla_dag.py
[2024-11-03T05:58:50.147+0000] {processor.py:925} INFO - DAG(s) 'example_sla_dag' retrieved from /home/airflow/.local/lib/python3.12/site-packages/airflow/example_dags/example_sla_dag.py
[2024-11-03T05:58:50.167+0000] {logging_mixin.py:190} INFO - [2024-11-03T05:58:50.167+0000] {dag.py:3239} INFO - Sync 1 DAGs
[2024-11-03T05:58:50.198+0000] {logging_mixin.py:190} INFO - [2024-11-03T05:58:50.198+0000] {dag.py:4180} INFO - Setting next_dagrun for example_sla_dag to 2024-11-03 05:56:00+00:00, run_after=2024-11-03 05:58:00+00:00
[2024-11-03T05:58:50.218+0000] {processor.py:208} INFO - Processing /home/airflow/.local/lib/python3.12/site-packages/airflow/example_dags/example_sla_dag.py took 0.090 seconds
[2024-11-03T05:59:21.059+0000] {processor.py:186} INFO - Started process (PID=1521) to work on /home/airflow/.local/lib/python3.12/site-packages/airflow/example_dags/example_sla_dag.py
[2024-11-03T05:59:21.060+0000] {processor.py:914} INFO - Processing file /home/airflow/.local/lib/python3.12/site-packages/airflow/example_dags/example_sla_dag.py for tasks to queue
[2024-11-03T05:59:21.063+0000] {logging_mixin.py:190} INFO - [2024-11-03T05:59:21.062+0000] {dagbag.py:588} INFO - Filling up the DagBag from /home/airflow/.local/lib/python3.12/site-packages/airflow/example_dags/example_sla_dag.py
[2024-11-03T05:59:21.076+0000] {processor.py:925} INFO - DAG(s) 'example_sla_dag' retrieved from /home/airflow/.local/lib/python3.12/site-packages/airflow/example_dags/example_sla_dag.py
[2024-11-03T05:59:21.098+0000] {logging_mixin.py:190} INFO - [2024-11-03T05:59:21.097+0000] {dag.py:3239} INFO - Sync 1 DAGs
[2024-11-03T05:59:21.127+0000] {logging_mixin.py:190} INFO - [2024-11-03T05:59:21.127+0000] {dag.py:4180} INFO - Setting next_dagrun for example_sla_dag to 2024-11-03 05:56:00+00:00, run_after=2024-11-03 05:58:00+00:00
[2024-11-03T05:59:21.150+0000] {processor.py:208} INFO - Processing /home/airflow/.local/lib/python3.12/site-packages/airflow/example_dags/example_sla_dag.py took 0.096 seconds
[2024-11-03T05:59:51.356+0000] {processor.py:186} INFO - Started process (PID=1812) to work on /home/airflow/.local/lib/python3.12/site-packages/airflow/example_dags/example_sla_dag.py
[2024-11-03T05:59:51.357+0000] {processor.py:914} INFO - Processing file /home/airflow/.local/lib/python3.12/site-packages/airflow/example_dags/example_sla_dag.py for tasks to queue
[2024-11-03T05:59:51.360+0000] {logging_mixin.py:190} INFO - [2024-11-03T05:59:51.359+0000] {dagbag.py:588} INFO - Filling up the DagBag from /home/airflow/.local/lib/python3.12/site-packages/airflow/example_dags/example_sla_dag.py
[2024-11-03T05:59:51.370+0000] {processor.py:925} INFO - DAG(s) 'example_sla_dag' retrieved from /home/airflow/.local/lib/python3.12/site-packages/airflow/example_dags/example_sla_dag.py
[2024-11-03T05:59:51.390+0000] {logging_mixin.py:190} INFO - [2024-11-03T05:59:51.389+0000] {dag.py:3239} INFO - Sync 1 DAGs
[2024-11-03T05:59:51.421+0000] {logging_mixin.py:190} INFO - [2024-11-03T05:59:51.421+0000] {dag.py:4180} INFO - Setting next_dagrun for example_sla_dag to 2024-11-03 05:56:00+00:00, run_after=2024-11-03 05:58:00+00:00
[2024-11-03T05:59:51.446+0000] {processor.py:208} INFO - Processing /home/airflow/.local/lib/python3.12/site-packages/airflow/example_dags/example_sla_dag.py took 0.096 seconds
[2024-11-03T06:00:22.370+0000] {processor.py:186} INFO - Started process (PID=2105) to work on /home/airflow/.local/lib/python3.12/site-packages/airflow/example_dags/example_sla_dag.py
[2024-11-03T06:00:22.371+0000] {processor.py:914} INFO - Processing file /home/airflow/.local/lib/python3.12/site-packages/airflow/example_dags/example_sla_dag.py for tasks to queue
[2024-11-03T06:00:22.373+0000] {logging_mixin.py:190} INFO - [2024-11-03T06:00:22.373+0000] {dagbag.py:588} INFO - Filling up the DagBag from /home/airflow/.local/lib/python3.12/site-packages/airflow/example_dags/example_sla_dag.py
[2024-11-03T06:00:22.384+0000] {processor.py:925} INFO - DAG(s) 'example_sla_dag' retrieved from /home/airflow/.local/lib/python3.12/site-packages/airflow/example_dags/example_sla_dag.py
[2024-11-03T06:00:22.404+0000] {logging_mixin.py:190} INFO - [2024-11-03T06:00:22.403+0000] {dag.py:3239} INFO - Sync 1 DAGs
[2024-11-03T06:00:22.430+0000] {logging_mixin.py:190} INFO - [2024-11-03T06:00:22.430+0000] {dag.py:4180} INFO - Setting next_dagrun for example_sla_dag to 2024-11-03 05:58:00+00:00, run_after=2024-11-03 06:00:00+00:00
[2024-11-03T06:00:22.452+0000] {processor.py:208} INFO - Processing /home/airflow/.local/lib/python3.12/site-packages/airflow/example_dags/example_sla_dag.py took 0.088 seconds
[2024-11-03T06:06:59.461+0000] {processor.py:186} INFO - Started process (PID=375) to work on /home/airflow/.local/lib/python3.12/site-packages/airflow/example_dags/example_sla_dag.py
[2024-11-03T06:06:59.463+0000] {processor.py:914} INFO - Processing file /home/airflow/.local/lib/python3.12/site-packages/airflow/example_dags/example_sla_dag.py for tasks to queue
[2024-11-03T06:06:59.465+0000] {logging_mixin.py:190} INFO - [2024-11-03T06:06:59.465+0000] {dagbag.py:588} INFO - Filling up the DagBag from /home/airflow/.local/lib/python3.12/site-packages/airflow/example_dags/example_sla_dag.py
[2024-11-03T06:06:59.477+0000] {processor.py:925} INFO - DAG(s) 'example_sla_dag' retrieved from /home/airflow/.local/lib/python3.12/site-packages/airflow/example_dags/example_sla_dag.py
[2024-11-03T06:06:59.611+0000] {logging_mixin.py:190} INFO - [2024-11-03T06:06:59.611+0000] {override.py:1900} INFO - Created Permission View: can edit on DAG:example_sla_dag
[2024-11-03T06:06:59.625+0000] {logging_mixin.py:190} INFO - [2024-11-03T06:06:59.625+0000] {override.py:1900} INFO - Created Permission View: can read on DAG:example_sla_dag
[2024-11-03T06:06:59.635+0000] {logging_mixin.py:190} INFO - [2024-11-03T06:06:59.635+0000] {override.py:1900} INFO - Created Permission View: can delete on DAG:example_sla_dag
[2024-11-03T06:06:59.654+0000] {logging_mixin.py:190} INFO - [2024-11-03T06:06:59.653+0000] {override.py:1900} INFO - Created Permission View: can create on DAG Run:example_sla_dag
[2024-11-03T06:06:59.664+0000] {logging_mixin.py:190} INFO - [2024-11-03T06:06:59.664+0000] {override.py:1900} INFO - Created Permission View: menu access on DAG Run:example_sla_dag
[2024-11-03T06:06:59.674+0000] {logging_mixin.py:190} INFO - [2024-11-03T06:06:59.674+0000] {override.py:1900} INFO - Created Permission View: can read on DAG Run:example_sla_dag
[2024-11-03T06:06:59.686+0000] {logging_mixin.py:190} INFO - [2024-11-03T06:06:59.685+0000] {override.py:1900} INFO - Created Permission View: can delete on DAG Run:example_sla_dag
[2024-11-03T06:06:59.687+0000] {logging_mixin.py:190} INFO - [2024-11-03T06:06:59.686+0000] {dag.py:3239} INFO - Sync 1 DAGs
[2024-11-03T06:06:59.704+0000] {logging_mixin.py:190} INFO - [2024-11-03T06:06:59.704+0000] {dag.py:3262} INFO - Creating ORM DAG for example_sla_dag
[2024-11-03T06:06:59.719+0000] {logging_mixin.py:190} INFO - [2024-11-03T06:06:59.719+0000] {dag.py:4180} INFO - Setting next_dagrun for example_sla_dag to 2024-11-03 06:04:00+00:00, run_after=2024-11-03 06:06:00+00:00
[2024-11-03T06:06:59.742+0000] {processor.py:208} INFO - Processing /home/airflow/.local/lib/python3.12/site-packages/airflow/example_dags/example_sla_dag.py took 0.288 seconds
[2024-11-03T06:07:29.969+0000] {processor.py:186} INFO - Started process (PID=668) to work on /home/airflow/.local/lib/python3.12/site-packages/airflow/example_dags/example_sla_dag.py
[2024-11-03T06:07:29.970+0000] {processor.py:914} INFO - Processing file /home/airflow/.local/lib/python3.12/site-packages/airflow/example_dags/example_sla_dag.py for tasks to queue
[2024-11-03T06:07:29.973+0000] {logging_mixin.py:190} INFO - [2024-11-03T06:07:29.973+0000] {dagbag.py:588} INFO - Filling up the DagBag from /home/airflow/.local/lib/python3.12/site-packages/airflow/example_dags/example_sla_dag.py
[2024-11-03T06:07:29.983+0000] {processor.py:925} INFO - DAG(s) 'example_sla_dag' retrieved from /home/airflow/.local/lib/python3.12/site-packages/airflow/example_dags/example_sla_dag.py
[2024-11-03T06:07:30.004+0000] {logging_mixin.py:190} INFO - [2024-11-03T06:07:30.003+0000] {dag.py:3239} INFO - Sync 1 DAGs
[2024-11-03T06:07:30.031+0000] {logging_mixin.py:190} INFO - [2024-11-03T06:07:30.031+0000] {dag.py:4180} INFO - Setting next_dagrun for example_sla_dag to 2024-11-03 06:04:00+00:00, run_after=2024-11-03 06:06:00+00:00
[2024-11-03T06:07:30.052+0000] {processor.py:208} INFO - Processing /home/airflow/.local/lib/python3.12/site-packages/airflow/example_dags/example_sla_dag.py took 0.088 seconds
[2024-11-03T06:10:51.058+0000] {processor.py:186} INFO - Started process (PID=372) to work on /home/airflow/.local/lib/python3.12/site-packages/airflow/example_dags/example_sla_dag.py
[2024-11-03T06:10:51.059+0000] {processor.py:914} INFO - Processing file /home/airflow/.local/lib/python3.12/site-packages/airflow/example_dags/example_sla_dag.py for tasks to queue
[2024-11-03T06:10:51.063+0000] {logging_mixin.py:190} INFO - [2024-11-03T06:10:51.061+0000] {dagbag.py:588} INFO - Filling up the DagBag from /home/airflow/.local/lib/python3.12/site-packages/airflow/example_dags/example_sla_dag.py
[2024-11-03T06:10:51.075+0000] {processor.py:925} INFO - DAG(s) 'example_sla_dag' retrieved from /home/airflow/.local/lib/python3.12/site-packages/airflow/example_dags/example_sla_dag.py
[2024-11-03T06:10:51.102+0000] {logging_mixin.py:190} INFO - [2024-11-03T06:10:51.101+0000] {dag.py:3239} INFO - Sync 1 DAGs
[2024-11-03T06:10:51.134+0000] {logging_mixin.py:190} INFO - [2024-11-03T06:10:51.134+0000] {dag.py:4180} INFO - Setting next_dagrun for example_sla_dag to 2024-11-03 06:08:00+00:00, run_after=2024-11-03 06:10:00+00:00
[2024-11-03T06:10:51.160+0000] {processor.py:208} INFO - Processing /home/airflow/.local/lib/python3.12/site-packages/airflow/example_dags/example_sla_dag.py took 0.110 seconds
[2024-11-03T06:11:21.364+0000] {processor.py:186} INFO - Started process (PID=661) to work on /home/airflow/.local/lib/python3.12/site-packages/airflow/example_dags/example_sla_dag.py
[2024-11-03T06:11:21.365+0000] {processor.py:914} INFO - Processing file /home/airflow/.local/lib/python3.12/site-packages/airflow/example_dags/example_sla_dag.py for tasks to queue
[2024-11-03T06:11:21.368+0000] {logging_mixin.py:190} INFO - [2024-11-03T06:11:21.368+0000] {dagbag.py:588} INFO - Filling up the DagBag from /home/airflow/.local/lib/python3.12/site-packages/airflow/example_dags/example_sla_dag.py
[2024-11-03T06:11:21.379+0000] {processor.py:925} INFO - DAG(s) 'example_sla_dag' retrieved from /home/airflow/.local/lib/python3.12/site-packages/airflow/example_dags/example_sla_dag.py
[2024-11-03T06:11:21.399+0000] {logging_mixin.py:190} INFO - [2024-11-03T06:11:21.399+0000] {dag.py:3239} INFO - Sync 1 DAGs
[2024-11-03T06:11:21.431+0000] {logging_mixin.py:190} INFO - [2024-11-03T06:11:21.430+0000] {dag.py:4180} INFO - Setting next_dagrun for example_sla_dag to 2024-11-03 06:08:00+00:00, run_after=2024-11-03 06:10:00+00:00
[2024-11-03T06:11:21.452+0000] {processor.py:208} INFO - Processing /home/airflow/.local/lib/python3.12/site-packages/airflow/example_dags/example_sla_dag.py took 0.095 seconds
[2024-11-03T06:11:52.132+0000] {processor.py:186} INFO - Started process (PID=952) to work on /home/airflow/.local/lib/python3.12/site-packages/airflow/example_dags/example_sla_dag.py
[2024-11-03T06:11:52.134+0000] {processor.py:914} INFO - Processing file /home/airflow/.local/lib/python3.12/site-packages/airflow/example_dags/example_sla_dag.py for tasks to queue
[2024-11-03T06:11:52.137+0000] {logging_mixin.py:190} INFO - [2024-11-03T06:11:52.136+0000] {dagbag.py:588} INFO - Filling up the DagBag from /home/airflow/.local/lib/python3.12/site-packages/airflow/example_dags/example_sla_dag.py
[2024-11-03T06:11:52.151+0000] {processor.py:925} INFO - DAG(s) 'example_sla_dag' retrieved from /home/airflow/.local/lib/python3.12/site-packages/airflow/example_dags/example_sla_dag.py
[2024-11-03T06:11:52.180+0000] {logging_mixin.py:190} INFO - [2024-11-03T06:11:52.180+0000] {dag.py:3239} INFO - Sync 1 DAGs
[2024-11-03T06:11:52.220+0000] {logging_mixin.py:190} INFO - [2024-11-03T06:11:52.219+0000] {dag.py:4180} INFO - Setting next_dagrun for example_sla_dag to 2024-11-03 06:08:00+00:00, run_after=2024-11-03 06:10:00+00:00
[2024-11-03T06:11:52.252+0000] {processor.py:208} INFO - Processing /home/airflow/.local/lib/python3.12/site-packages/airflow/example_dags/example_sla_dag.py took 0.128 seconds
[2024-11-03T06:12:22.966+0000] {processor.py:186} INFO - Started process (PID=1243) to work on /home/airflow/.local/lib/python3.12/site-packages/airflow/example_dags/example_sla_dag.py
[2024-11-03T06:12:22.967+0000] {processor.py:914} INFO - Processing file /home/airflow/.local/lib/python3.12/site-packages/airflow/example_dags/example_sla_dag.py for tasks to queue
[2024-11-03T06:12:22.971+0000] {logging_mixin.py:190} INFO - [2024-11-03T06:12:22.970+0000] {dagbag.py:588} INFO - Filling up the DagBag from /home/airflow/.local/lib/python3.12/site-packages/airflow/example_dags/example_sla_dag.py
[2024-11-03T06:12:22.986+0000] {processor.py:925} INFO - DAG(s) 'example_sla_dag' retrieved from /home/airflow/.local/lib/python3.12/site-packages/airflow/example_dags/example_sla_dag.py
[2024-11-03T06:12:23.006+0000] {logging_mixin.py:190} INFO - [2024-11-03T06:12:23.006+0000] {dag.py:3239} INFO - Sync 1 DAGs
[2024-11-03T06:12:23.037+0000] {logging_mixin.py:190} INFO - [2024-11-03T06:12:23.037+0000] {dag.py:4180} INFO - Setting next_dagrun for example_sla_dag to 2024-11-03 06:10:00+00:00, run_after=2024-11-03 06:12:00+00:00
[2024-11-03T06:12:23.069+0000] {processor.py:208} INFO - Processing /home/airflow/.local/lib/python3.12/site-packages/airflow/example_dags/example_sla_dag.py took 0.112 seconds
[2024-11-03T06:12:53.472+0000] {processor.py:186} INFO - Started process (PID=1534) to work on /home/airflow/.local/lib/python3.12/site-packages/airflow/example_dags/example_sla_dag.py
[2024-11-03T06:12:53.473+0000] {processor.py:914} INFO - Processing file /home/airflow/.local/lib/python3.12/site-packages/airflow/example_dags/example_sla_dag.py for tasks to queue
[2024-11-03T06:12:53.475+0000] {logging_mixin.py:190} INFO - [2024-11-03T06:12:53.475+0000] {dagbag.py:588} INFO - Filling up the DagBag from /home/airflow/.local/lib/python3.12/site-packages/airflow/example_dags/example_sla_dag.py
[2024-11-03T06:12:53.486+0000] {processor.py:925} INFO - DAG(s) 'example_sla_dag' retrieved from /home/airflow/.local/lib/python3.12/site-packages/airflow/example_dags/example_sla_dag.py
[2024-11-03T06:12:53.506+0000] {logging_mixin.py:190} INFO - [2024-11-03T06:12:53.505+0000] {dag.py:3239} INFO - Sync 1 DAGs
[2024-11-03T06:12:53.533+0000] {logging_mixin.py:190} INFO - [2024-11-03T06:12:53.533+0000] {dag.py:4180} INFO - Setting next_dagrun for example_sla_dag to 2024-11-03 06:10:00+00:00, run_after=2024-11-03 06:12:00+00:00
[2024-11-03T06:12:53.554+0000] {processor.py:208} INFO - Processing /home/airflow/.local/lib/python3.12/site-packages/airflow/example_dags/example_sla_dag.py took 0.089 seconds
[2024-11-03T06:13:24.686+0000] {processor.py:186} INFO - Started process (PID=1827) to work on /home/airflow/.local/lib/python3.12/site-packages/airflow/example_dags/example_sla_dag.py
[2024-11-03T06:13:24.687+0000] {processor.py:914} INFO - Processing file /home/airflow/.local/lib/python3.12/site-packages/airflow/example_dags/example_sla_dag.py for tasks to queue
[2024-11-03T06:13:24.689+0000] {logging_mixin.py:190} INFO - [2024-11-03T06:13:24.689+0000] {dagbag.py:588} INFO - Filling up the DagBag from /home/airflow/.local/lib/python3.12/site-packages/airflow/example_dags/example_sla_dag.py
[2024-11-03T06:13:24.699+0000] {processor.py:925} INFO - DAG(s) 'example_sla_dag' retrieved from /home/airflow/.local/lib/python3.12/site-packages/airflow/example_dags/example_sla_dag.py
[2024-11-03T06:13:24.717+0000] {logging_mixin.py:190} INFO - [2024-11-03T06:13:24.717+0000] {dag.py:3239} INFO - Sync 1 DAGs
[2024-11-03T06:13:24.744+0000] {logging_mixin.py:190} INFO - [2024-11-03T06:13:24.744+0000] {dag.py:4180} INFO - Setting next_dagrun for example_sla_dag to 2024-11-03 06:10:00+00:00, run_after=2024-11-03 06:12:00+00:00
[2024-11-03T06:13:24.774+0000] {processor.py:208} INFO - Processing /home/airflow/.local/lib/python3.12/site-packages/airflow/example_dags/example_sla_dag.py took 0.095 seconds
[2024-11-03T06:13:55.928+0000] {processor.py:186} INFO - Started process (PID=2118) to work on /home/airflow/.local/lib/python3.12/site-packages/airflow/example_dags/example_sla_dag.py
[2024-11-03T06:13:55.929+0000] {processor.py:914} INFO - Processing file /home/airflow/.local/lib/python3.12/site-packages/airflow/example_dags/example_sla_dag.py for tasks to queue
[2024-11-03T06:13:55.931+0000] {logging_mixin.py:190} INFO - [2024-11-03T06:13:55.931+0000] {dagbag.py:588} INFO - Filling up the DagBag from /home/airflow/.local/lib/python3.12/site-packages/airflow/example_dags/example_sla_dag.py
[2024-11-03T06:13:55.941+0000] {processor.py:925} INFO - DAG(s) 'example_sla_dag' retrieved from /home/airflow/.local/lib/python3.12/site-packages/airflow/example_dags/example_sla_dag.py
[2024-11-03T06:13:55.961+0000] {logging_mixin.py:190} INFO - [2024-11-03T06:13:55.960+0000] {dag.py:3239} INFO - Sync 1 DAGs
[2024-11-03T06:13:55.987+0000] {logging_mixin.py:190} INFO - [2024-11-03T06:13:55.987+0000] {dag.py:4180} INFO - Setting next_dagrun for example_sla_dag to 2024-11-03 06:10:00+00:00, run_after=2024-11-03 06:12:00+00:00
[2024-11-03T06:13:56.009+0000] {processor.py:208} INFO - Processing /home/airflow/.local/lib/python3.12/site-packages/airflow/example_dags/example_sla_dag.py took 0.087 seconds
[2024-11-03T06:14:26.094+0000] {processor.py:186} INFO - Started process (PID=2409) to work on /home/airflow/.local/lib/python3.12/site-packages/airflow/example_dags/example_sla_dag.py
[2024-11-03T06:14:26.095+0000] {processor.py:914} INFO - Processing file /home/airflow/.local/lib/python3.12/site-packages/airflow/example_dags/example_sla_dag.py for tasks to queue
[2024-11-03T06:14:26.097+0000] {logging_mixin.py:190} INFO - [2024-11-03T06:14:26.097+0000] {dagbag.py:588} INFO - Filling up the DagBag from /home/airflow/.local/lib/python3.12/site-packages/airflow/example_dags/example_sla_dag.py
[2024-11-03T06:14:26.109+0000] {processor.py:925} INFO - DAG(s) 'example_sla_dag' retrieved from /home/airflow/.local/lib/python3.12/site-packages/airflow/example_dags/example_sla_dag.py
[2024-11-03T06:14:26.131+0000] {logging_mixin.py:190} INFO - [2024-11-03T06:14:26.130+0000] {dag.py:3239} INFO - Sync 1 DAGs
[2024-11-03T06:14:26.159+0000] {logging_mixin.py:190} INFO - [2024-11-03T06:14:26.159+0000] {dag.py:4180} INFO - Setting next_dagrun for example_sla_dag to 2024-11-03 06:12:00+00:00, run_after=2024-11-03 06:14:00+00:00
[2024-11-03T06:14:26.182+0000] {processor.py:208} INFO - Processing /home/airflow/.local/lib/python3.12/site-packages/airflow/example_dags/example_sla_dag.py took 0.094 seconds
[2024-11-03T06:14:56.505+0000] {processor.py:186} INFO - Started process (PID=2698) to work on /home/airflow/.local/lib/python3.12/site-packages/airflow/example_dags/example_sla_dag.py
[2024-11-03T06:14:56.507+0000] {processor.py:914} INFO - Processing file /home/airflow/.local/lib/python3.12/site-packages/airflow/example_dags/example_sla_dag.py for tasks to queue
[2024-11-03T06:14:56.511+0000] {logging_mixin.py:190} INFO - [2024-11-03T06:14:56.510+0000] {dagbag.py:588} INFO - Filling up the DagBag from /home/airflow/.local/lib/python3.12/site-packages/airflow/example_dags/example_sla_dag.py
[2024-11-03T06:14:56.529+0000] {processor.py:925} INFO - DAG(s) 'example_sla_dag' retrieved from /home/airflow/.local/lib/python3.12/site-packages/airflow/example_dags/example_sla_dag.py
[2024-11-03T06:14:56.554+0000] {logging_mixin.py:190} INFO - [2024-11-03T06:14:56.554+0000] {dag.py:3239} INFO - Sync 1 DAGs
[2024-11-03T06:14:56.620+0000] {logging_mixin.py:190} INFO - [2024-11-03T06:14:56.620+0000] {dag.py:4180} INFO - Setting next_dagrun for example_sla_dag to 2024-11-03 06:12:00+00:00, run_after=2024-11-03 06:14:00+00:00
[2024-11-03T06:14:56.653+0000] {processor.py:208} INFO - Processing /home/airflow/.local/lib/python3.12/site-packages/airflow/example_dags/example_sla_dag.py took 0.159 seconds
[2024-11-03T06:15:26.705+0000] {processor.py:186} INFO - Started process (PID=2989) to work on /home/airflow/.local/lib/python3.12/site-packages/airflow/example_dags/example_sla_dag.py
[2024-11-03T06:15:26.706+0000] {processor.py:914} INFO - Processing file /home/airflow/.local/lib/python3.12/site-packages/airflow/example_dags/example_sla_dag.py for tasks to queue
[2024-11-03T06:15:26.708+0000] {logging_mixin.py:190} INFO - [2024-11-03T06:15:26.708+0000] {dagbag.py:588} INFO - Filling up the DagBag from /home/airflow/.local/lib/python3.12/site-packages/airflow/example_dags/example_sla_dag.py
[2024-11-03T06:15:26.719+0000] {processor.py:925} INFO - DAG(s) 'example_sla_dag' retrieved from /home/airflow/.local/lib/python3.12/site-packages/airflow/example_dags/example_sla_dag.py
[2024-11-03T06:15:26.740+0000] {logging_mixin.py:190} INFO - [2024-11-03T06:15:26.740+0000] {dag.py:3239} INFO - Sync 1 DAGs
[2024-11-03T06:15:26.768+0000] {logging_mixin.py:190} INFO - [2024-11-03T06:15:26.768+0000] {dag.py:4180} INFO - Setting next_dagrun for example_sla_dag to 2024-11-03 06:12:00+00:00, run_after=2024-11-03 06:14:00+00:00
[2024-11-03T06:15:26.788+0000] {processor.py:208} INFO - Processing /home/airflow/.local/lib/python3.12/site-packages/airflow/example_dags/example_sla_dag.py took 0.089 seconds
