[2024-11-03T05:29:30.107+0000] {processor.py:186} INFO - Started process (PID=321) to work on /home/airflow/.local/lib/python3.12/site-packages/airflow/example_dags/example_nested_branch_dag.py
[2024-11-03T05:29:30.109+0000] {processor.py:914} INFO - Processing file /home/airflow/.local/lib/python3.12/site-packages/airflow/example_dags/example_nested_branch_dag.py for tasks to queue
[2024-11-03T05:29:30.112+0000] {logging_mixin.py:190} INFO - [2024-11-03T05:29:30.112+0000] {dagbag.py:588} INFO - Filling up the DagBag from /home/airflow/.local/lib/python3.12/site-packages/airflow/example_dags/example_nested_branch_dag.py
[2024-11-03T05:29:30.132+0000] {processor.py:925} INFO - DAG(s) 'example_nested_branch_dag' retrieved from /home/airflow/.local/lib/python3.12/site-packages/airflow/example_dags/example_nested_branch_dag.py
[2024-11-03T05:29:30.325+0000] {logging_mixin.py:190} INFO - [2024-11-03T05:29:30.324+0000] {override.py:1900} INFO - Created Permission View: can delete on DAG:example_nested_branch_dag
[2024-11-03T05:29:30.342+0000] {logging_mixin.py:190} INFO - [2024-11-03T05:29:30.342+0000] {override.py:1900} INFO - Created Permission View: can edit on DAG:example_nested_branch_dag
[2024-11-03T05:29:30.354+0000] {logging_mixin.py:190} INFO - [2024-11-03T05:29:30.353+0000] {override.py:1900} INFO - Created Permission View: can read on DAG:example_nested_branch_dag
[2024-11-03T05:29:30.368+0000] {logging_mixin.py:190} INFO - [2024-11-03T05:29:30.367+0000] {override.py:1900} INFO - Created Permission View: can delete on DAG Run:example_nested_branch_dag
[2024-11-03T05:29:30.380+0000] {logging_mixin.py:190} INFO - [2024-11-03T05:29:30.380+0000] {override.py:1900} INFO - Created Permission View: menu access on DAG Run:example_nested_branch_dag
[2024-11-03T05:29:30.392+0000] {logging_mixin.py:190} INFO - [2024-11-03T05:29:30.392+0000] {override.py:1900} INFO - Created Permission View: can create on DAG Run:example_nested_branch_dag
[2024-11-03T05:29:30.404+0000] {logging_mixin.py:190} INFO - [2024-11-03T05:29:30.403+0000] {override.py:1900} INFO - Created Permission View: can read on DAG Run:example_nested_branch_dag
[2024-11-03T05:29:30.405+0000] {logging_mixin.py:190} INFO - [2024-11-03T05:29:30.405+0000] {dag.py:3239} INFO - Sync 1 DAGs
[2024-11-03T05:29:30.425+0000] {logging_mixin.py:190} INFO - [2024-11-03T05:29:30.425+0000] {dag.py:3262} INFO - Creating ORM DAG for example_nested_branch_dag
[2024-11-03T05:29:30.443+0000] {logging_mixin.py:190} INFO - [2024-11-03T05:29:30.442+0000] {dag.py:4180} INFO - Setting next_dagrun for example_nested_branch_dag to 2024-11-02 00:00:00+00:00, run_after=2024-11-03 00:00:00+00:00
[2024-11-03T05:29:30.478+0000] {processor.py:208} INFO - Processing /home/airflow/.local/lib/python3.12/site-packages/airflow/example_dags/example_nested_branch_dag.py took 0.382 seconds
[2024-11-03T05:30:00.781+0000] {processor.py:186} INFO - Started process (PID=612) to work on /home/airflow/.local/lib/python3.12/site-packages/airflow/example_dags/example_nested_branch_dag.py
[2024-11-03T05:30:00.783+0000] {processor.py:914} INFO - Processing file /home/airflow/.local/lib/python3.12/site-packages/airflow/example_dags/example_nested_branch_dag.py for tasks to queue
[2024-11-03T05:30:00.787+0000] {logging_mixin.py:190} INFO - [2024-11-03T05:30:00.786+0000] {dagbag.py:588} INFO - Filling up the DagBag from /home/airflow/.local/lib/python3.12/site-packages/airflow/example_dags/example_nested_branch_dag.py
[2024-11-03T05:30:00.806+0000] {processor.py:925} INFO - DAG(s) 'example_nested_branch_dag' retrieved from /home/airflow/.local/lib/python3.12/site-packages/airflow/example_dags/example_nested_branch_dag.py
[2024-11-03T05:30:00.846+0000] {logging_mixin.py:190} INFO - [2024-11-03T05:30:00.845+0000] {dag.py:3239} INFO - Sync 1 DAGs
[2024-11-03T05:30:00.889+0000] {logging_mixin.py:190} INFO - [2024-11-03T05:30:00.889+0000] {dag.py:4180} INFO - Setting next_dagrun for example_nested_branch_dag to 2024-11-02 00:00:00+00:00, run_after=2024-11-03 00:00:00+00:00
[2024-11-03T05:30:00.927+0000] {processor.py:208} INFO - Processing /home/airflow/.local/lib/python3.12/site-packages/airflow/example_dags/example_nested_branch_dag.py took 0.154 seconds
[2024-11-03T05:30:31.359+0000] {processor.py:186} INFO - Started process (PID=903) to work on /home/airflow/.local/lib/python3.12/site-packages/airflow/example_dags/example_nested_branch_dag.py
[2024-11-03T05:30:31.360+0000] {processor.py:914} INFO - Processing file /home/airflow/.local/lib/python3.12/site-packages/airflow/example_dags/example_nested_branch_dag.py for tasks to queue
[2024-11-03T05:30:31.363+0000] {logging_mixin.py:190} INFO - [2024-11-03T05:30:31.363+0000] {dagbag.py:588} INFO - Filling up the DagBag from /home/airflow/.local/lib/python3.12/site-packages/airflow/example_dags/example_nested_branch_dag.py
[2024-11-03T05:30:31.380+0000] {processor.py:925} INFO - DAG(s) 'example_nested_branch_dag' retrieved from /home/airflow/.local/lib/python3.12/site-packages/airflow/example_dags/example_nested_branch_dag.py
[2024-11-03T05:30:31.408+0000] {logging_mixin.py:190} INFO - [2024-11-03T05:30:31.408+0000] {dag.py:3239} INFO - Sync 1 DAGs
[2024-11-03T05:30:31.443+0000] {logging_mixin.py:190} INFO - [2024-11-03T05:30:31.442+0000] {dag.py:4180} INFO - Setting next_dagrun for example_nested_branch_dag to 2024-11-02 00:00:00+00:00, run_after=2024-11-03 00:00:00+00:00
[2024-11-03T05:30:31.469+0000] {processor.py:208} INFO - Processing /home/airflow/.local/lib/python3.12/site-packages/airflow/example_dags/example_nested_branch_dag.py took 0.118 seconds
[2024-11-03T05:31:01.825+0000] {processor.py:186} INFO - Started process (PID=1194) to work on /home/airflow/.local/lib/python3.12/site-packages/airflow/example_dags/example_nested_branch_dag.py
[2024-11-03T05:31:01.826+0000] {processor.py:914} INFO - Processing file /home/airflow/.local/lib/python3.12/site-packages/airflow/example_dags/example_nested_branch_dag.py for tasks to queue
[2024-11-03T05:31:01.829+0000] {logging_mixin.py:190} INFO - [2024-11-03T05:31:01.828+0000] {dagbag.py:588} INFO - Filling up the DagBag from /home/airflow/.local/lib/python3.12/site-packages/airflow/example_dags/example_nested_branch_dag.py
[2024-11-03T05:31:01.841+0000] {processor.py:925} INFO - DAG(s) 'example_nested_branch_dag' retrieved from /home/airflow/.local/lib/python3.12/site-packages/airflow/example_dags/example_nested_branch_dag.py
[2024-11-03T05:31:01.875+0000] {logging_mixin.py:190} INFO - [2024-11-03T05:31:01.875+0000] {dag.py:3239} INFO - Sync 1 DAGs
[2024-11-03T05:31:01.913+0000] {logging_mixin.py:190} INFO - [2024-11-03T05:31:01.913+0000] {dag.py:4180} INFO - Setting next_dagrun for example_nested_branch_dag to 2024-11-02 00:00:00+00:00, run_after=2024-11-03 00:00:00+00:00
[2024-11-03T05:31:01.948+0000] {processor.py:208} INFO - Processing /home/airflow/.local/lib/python3.12/site-packages/airflow/example_dags/example_nested_branch_dag.py took 0.130 seconds
[2024-11-03T05:31:32.635+0000] {processor.py:186} INFO - Started process (PID=1485) to work on /home/airflow/.local/lib/python3.12/site-packages/airflow/example_dags/example_nested_branch_dag.py
[2024-11-03T05:31:32.637+0000] {processor.py:914} INFO - Processing file /home/airflow/.local/lib/python3.12/site-packages/airflow/example_dags/example_nested_branch_dag.py for tasks to queue
[2024-11-03T05:31:32.641+0000] {logging_mixin.py:190} INFO - [2024-11-03T05:31:32.640+0000] {dagbag.py:588} INFO - Filling up the DagBag from /home/airflow/.local/lib/python3.12/site-packages/airflow/example_dags/example_nested_branch_dag.py
[2024-11-03T05:31:32.667+0000] {processor.py:925} INFO - DAG(s) 'example_nested_branch_dag' retrieved from /home/airflow/.local/lib/python3.12/site-packages/airflow/example_dags/example_nested_branch_dag.py
[2024-11-03T05:31:32.703+0000] {logging_mixin.py:190} INFO - [2024-11-03T05:31:32.703+0000] {dag.py:3239} INFO - Sync 1 DAGs
[2024-11-03T05:31:32.740+0000] {logging_mixin.py:190} INFO - [2024-11-03T05:31:32.740+0000] {dag.py:4180} INFO - Setting next_dagrun for example_nested_branch_dag to 2024-11-02 00:00:00+00:00, run_after=2024-11-03 00:00:00+00:00
[2024-11-03T05:31:32.767+0000] {processor.py:208} INFO - Processing /home/airflow/.local/lib/python3.12/site-packages/airflow/example_dags/example_nested_branch_dag.py took 0.156 seconds
[2024-11-03T05:32:03.451+0000] {processor.py:186} INFO - Started process (PID=1776) to work on /home/airflow/.local/lib/python3.12/site-packages/airflow/example_dags/example_nested_branch_dag.py
[2024-11-03T05:32:03.453+0000] {processor.py:914} INFO - Processing file /home/airflow/.local/lib/python3.12/site-packages/airflow/example_dags/example_nested_branch_dag.py for tasks to queue
[2024-11-03T05:32:03.458+0000] {logging_mixin.py:190} INFO - [2024-11-03T05:32:03.457+0000] {dagbag.py:588} INFO - Filling up the DagBag from /home/airflow/.local/lib/python3.12/site-packages/airflow/example_dags/example_nested_branch_dag.py
[2024-11-03T05:32:03.472+0000] {processor.py:925} INFO - DAG(s) 'example_nested_branch_dag' retrieved from /home/airflow/.local/lib/python3.12/site-packages/airflow/example_dags/example_nested_branch_dag.py
[2024-11-03T05:32:03.501+0000] {logging_mixin.py:190} INFO - [2024-11-03T05:32:03.501+0000] {dag.py:3239} INFO - Sync 1 DAGs
[2024-11-03T05:32:03.537+0000] {logging_mixin.py:190} INFO - [2024-11-03T05:32:03.537+0000] {dag.py:4180} INFO - Setting next_dagrun for example_nested_branch_dag to 2024-11-02 00:00:00+00:00, run_after=2024-11-03 00:00:00+00:00
[2024-11-03T05:32:03.565+0000] {processor.py:208} INFO - Processing /home/airflow/.local/lib/python3.12/site-packages/airflow/example_dags/example_nested_branch_dag.py took 0.120 seconds
[2024-11-03T05:32:34.216+0000] {processor.py:186} INFO - Started process (PID=2067) to work on /home/airflow/.local/lib/python3.12/site-packages/airflow/example_dags/example_nested_branch_dag.py
[2024-11-03T05:32:34.218+0000] {processor.py:914} INFO - Processing file /home/airflow/.local/lib/python3.12/site-packages/airflow/example_dags/example_nested_branch_dag.py for tasks to queue
[2024-11-03T05:32:34.233+0000] {logging_mixin.py:190} INFO - [2024-11-03T05:32:34.232+0000] {dagbag.py:588} INFO - Filling up the DagBag from /home/airflow/.local/lib/python3.12/site-packages/airflow/example_dags/example_nested_branch_dag.py
[2024-11-03T05:32:34.274+0000] {processor.py:925} INFO - DAG(s) 'example_nested_branch_dag' retrieved from /home/airflow/.local/lib/python3.12/site-packages/airflow/example_dags/example_nested_branch_dag.py
[2024-11-03T05:32:34.353+0000] {logging_mixin.py:190} INFO - [2024-11-03T05:32:34.353+0000] {dag.py:3239} INFO - Sync 1 DAGs
[2024-11-03T05:32:34.467+0000] {logging_mixin.py:190} INFO - [2024-11-03T05:32:34.467+0000] {dag.py:4180} INFO - Setting next_dagrun for example_nested_branch_dag to 2024-11-02 00:00:00+00:00, run_after=2024-11-03 00:00:00+00:00
[2024-11-03T05:32:34.529+0000] {processor.py:208} INFO - Processing /home/airflow/.local/lib/python3.12/site-packages/airflow/example_dags/example_nested_branch_dag.py took 0.334 seconds
[2024-11-03T05:33:04.626+0000] {processor.py:186} INFO - Started process (PID=2359) to work on /home/airflow/.local/lib/python3.12/site-packages/airflow/example_dags/example_nested_branch_dag.py
[2024-11-03T05:33:04.628+0000] {processor.py:914} INFO - Processing file /home/airflow/.local/lib/python3.12/site-packages/airflow/example_dags/example_nested_branch_dag.py for tasks to queue
[2024-11-03T05:33:04.631+0000] {logging_mixin.py:190} INFO - [2024-11-03T05:33:04.630+0000] {dagbag.py:588} INFO - Filling up the DagBag from /home/airflow/.local/lib/python3.12/site-packages/airflow/example_dags/example_nested_branch_dag.py
[2024-11-03T05:33:04.646+0000] {processor.py:925} INFO - DAG(s) 'example_nested_branch_dag' retrieved from /home/airflow/.local/lib/python3.12/site-packages/airflow/example_dags/example_nested_branch_dag.py
[2024-11-03T05:33:04.673+0000] {logging_mixin.py:190} INFO - [2024-11-03T05:33:04.672+0000] {dag.py:3239} INFO - Sync 1 DAGs
[2024-11-03T05:33:04.704+0000] {logging_mixin.py:190} INFO - [2024-11-03T05:33:04.704+0000] {dag.py:4180} INFO - Setting next_dagrun for example_nested_branch_dag to 2024-11-02 00:00:00+00:00, run_after=2024-11-03 00:00:00+00:00
[2024-11-03T05:33:04.728+0000] {processor.py:208} INFO - Processing /home/airflow/.local/lib/python3.12/site-packages/airflow/example_dags/example_nested_branch_dag.py took 0.111 seconds
[2024-11-03T05:33:36.256+0000] {processor.py:186} INFO - Started process (PID=2650) to work on /home/airflow/.local/lib/python3.12/site-packages/airflow/example_dags/example_nested_branch_dag.py
[2024-11-03T05:33:36.295+0000] {processor.py:914} INFO - Processing file /home/airflow/.local/lib/python3.12/site-packages/airflow/example_dags/example_nested_branch_dag.py for tasks to queue
[2024-11-03T05:33:36.332+0000] {logging_mixin.py:190} INFO - [2024-11-03T05:33:36.331+0000] {dagbag.py:588} INFO - Filling up the DagBag from /home/airflow/.local/lib/python3.12/site-packages/airflow/example_dags/example_nested_branch_dag.py
[2024-11-03T05:33:36.360+0000] {processor.py:925} INFO - DAG(s) 'example_nested_branch_dag' retrieved from /home/airflow/.local/lib/python3.12/site-packages/airflow/example_dags/example_nested_branch_dag.py
[2024-11-03T05:33:36.453+0000] {logging_mixin.py:190} INFO - [2024-11-03T05:33:36.453+0000] {dag.py:3239} INFO - Sync 1 DAGs
[2024-11-03T05:33:36.580+0000] {logging_mixin.py:190} INFO - [2024-11-03T05:33:36.579+0000] {dag.py:4180} INFO - Setting next_dagrun for example_nested_branch_dag to 2024-11-02 00:00:00+00:00, run_after=2024-11-03 00:00:00+00:00
[2024-11-03T05:33:36.666+0000] {processor.py:208} INFO - Processing /home/airflow/.local/lib/python3.12/site-packages/airflow/example_dags/example_nested_branch_dag.py took 0.432 seconds
[2024-11-03T05:34:06.983+0000] {processor.py:186} INFO - Started process (PID=2941) to work on /home/airflow/.local/lib/python3.12/site-packages/airflow/example_dags/example_nested_branch_dag.py
[2024-11-03T05:34:06.984+0000] {processor.py:914} INFO - Processing file /home/airflow/.local/lib/python3.12/site-packages/airflow/example_dags/example_nested_branch_dag.py for tasks to queue
[2024-11-03T05:34:06.986+0000] {logging_mixin.py:190} INFO - [2024-11-03T05:34:06.986+0000] {dagbag.py:588} INFO - Filling up the DagBag from /home/airflow/.local/lib/python3.12/site-packages/airflow/example_dags/example_nested_branch_dag.py
[2024-11-03T05:34:06.998+0000] {processor.py:925} INFO - DAG(s) 'example_nested_branch_dag' retrieved from /home/airflow/.local/lib/python3.12/site-packages/airflow/example_dags/example_nested_branch_dag.py
[2024-11-03T05:34:07.024+0000] {logging_mixin.py:190} INFO - [2024-11-03T05:34:07.024+0000] {dag.py:3239} INFO - Sync 1 DAGs
[2024-11-03T05:34:07.051+0000] {logging_mixin.py:190} INFO - [2024-11-03T05:34:07.050+0000] {dag.py:4180} INFO - Setting next_dagrun for example_nested_branch_dag to 2024-11-02 00:00:00+00:00, run_after=2024-11-03 00:00:00+00:00
[2024-11-03T05:34:07.073+0000] {processor.py:208} INFO - Processing /home/airflow/.local/lib/python3.12/site-packages/airflow/example_dags/example_nested_branch_dag.py took 0.096 seconds
[2024-11-03T05:34:37.813+0000] {processor.py:186} INFO - Started process (PID=3232) to work on /home/airflow/.local/lib/python3.12/site-packages/airflow/example_dags/example_nested_branch_dag.py
[2024-11-03T05:34:37.815+0000] {processor.py:914} INFO - Processing file /home/airflow/.local/lib/python3.12/site-packages/airflow/example_dags/example_nested_branch_dag.py for tasks to queue
[2024-11-03T05:34:37.828+0000] {logging_mixin.py:190} INFO - [2024-11-03T05:34:37.823+0000] {dagbag.py:588} INFO - Filling up the DagBag from /home/airflow/.local/lib/python3.12/site-packages/airflow/example_dags/example_nested_branch_dag.py
[2024-11-03T05:34:37.870+0000] {processor.py:925} INFO - DAG(s) 'example_nested_branch_dag' retrieved from /home/airflow/.local/lib/python3.12/site-packages/airflow/example_dags/example_nested_branch_dag.py
[2024-11-03T05:34:37.951+0000] {logging_mixin.py:190} INFO - [2024-11-03T05:34:37.950+0000] {dag.py:3239} INFO - Sync 1 DAGs
[2024-11-03T05:34:38.011+0000] {logging_mixin.py:190} INFO - [2024-11-03T05:34:38.010+0000] {dag.py:4180} INFO - Setting next_dagrun for example_nested_branch_dag to 2024-11-02 00:00:00+00:00, run_after=2024-11-03 00:00:00+00:00
[2024-11-03T05:34:38.048+0000] {processor.py:208} INFO - Processing /home/airflow/.local/lib/python3.12/site-packages/airflow/example_dags/example_nested_branch_dag.py took 0.255 seconds
[2024-11-03T05:35:08.655+0000] {processor.py:186} INFO - Started process (PID=3523) to work on /home/airflow/.local/lib/python3.12/site-packages/airflow/example_dags/example_nested_branch_dag.py
[2024-11-03T05:35:08.656+0000] {processor.py:914} INFO - Processing file /home/airflow/.local/lib/python3.12/site-packages/airflow/example_dags/example_nested_branch_dag.py for tasks to queue
[2024-11-03T05:35:08.661+0000] {logging_mixin.py:190} INFO - [2024-11-03T05:35:08.660+0000] {dagbag.py:588} INFO - Filling up the DagBag from /home/airflow/.local/lib/python3.12/site-packages/airflow/example_dags/example_nested_branch_dag.py
[2024-11-03T05:35:08.679+0000] {processor.py:925} INFO - DAG(s) 'example_nested_branch_dag' retrieved from /home/airflow/.local/lib/python3.12/site-packages/airflow/example_dags/example_nested_branch_dag.py
[2024-11-03T05:35:08.718+0000] {logging_mixin.py:190} INFO - [2024-11-03T05:35:08.717+0000] {dag.py:3239} INFO - Sync 1 DAGs
[2024-11-03T05:35:08.765+0000] {logging_mixin.py:190} INFO - [2024-11-03T05:35:08.765+0000] {dag.py:4180} INFO - Setting next_dagrun for example_nested_branch_dag to 2024-11-02 00:00:00+00:00, run_after=2024-11-03 00:00:00+00:00
[2024-11-03T05:35:08.802+0000] {processor.py:208} INFO - Processing /home/airflow/.local/lib/python3.12/site-packages/airflow/example_dags/example_nested_branch_dag.py took 0.156 seconds
[2024-11-03T05:35:39.293+0000] {processor.py:186} INFO - Started process (PID=3814) to work on /home/airflow/.local/lib/python3.12/site-packages/airflow/example_dags/example_nested_branch_dag.py
[2024-11-03T05:35:39.294+0000] {processor.py:914} INFO - Processing file /home/airflow/.local/lib/python3.12/site-packages/airflow/example_dags/example_nested_branch_dag.py for tasks to queue
[2024-11-03T05:35:39.297+0000] {logging_mixin.py:190} INFO - [2024-11-03T05:35:39.296+0000] {dagbag.py:588} INFO - Filling up the DagBag from /home/airflow/.local/lib/python3.12/site-packages/airflow/example_dags/example_nested_branch_dag.py
[2024-11-03T05:35:39.308+0000] {processor.py:925} INFO - DAG(s) 'example_nested_branch_dag' retrieved from /home/airflow/.local/lib/python3.12/site-packages/airflow/example_dags/example_nested_branch_dag.py
[2024-11-03T05:35:39.332+0000] {logging_mixin.py:190} INFO - [2024-11-03T05:35:39.332+0000] {dag.py:3239} INFO - Sync 1 DAGs
[2024-11-03T05:35:39.360+0000] {logging_mixin.py:190} INFO - [2024-11-03T05:35:39.360+0000] {dag.py:4180} INFO - Setting next_dagrun for example_nested_branch_dag to 2024-11-02 00:00:00+00:00, run_after=2024-11-03 00:00:00+00:00
[2024-11-03T05:35:39.396+0000] {processor.py:208} INFO - Processing /home/airflow/.local/lib/python3.12/site-packages/airflow/example_dags/example_nested_branch_dag.py took 0.111 seconds
[2024-11-03T05:36:09.955+0000] {processor.py:186} INFO - Started process (PID=4105) to work on /home/airflow/.local/lib/python3.12/site-packages/airflow/example_dags/example_nested_branch_dag.py
[2024-11-03T05:36:09.956+0000] {processor.py:914} INFO - Processing file /home/airflow/.local/lib/python3.12/site-packages/airflow/example_dags/example_nested_branch_dag.py for tasks to queue
[2024-11-03T05:36:09.958+0000] {logging_mixin.py:190} INFO - [2024-11-03T05:36:09.958+0000] {dagbag.py:588} INFO - Filling up the DagBag from /home/airflow/.local/lib/python3.12/site-packages/airflow/example_dags/example_nested_branch_dag.py
[2024-11-03T05:36:09.971+0000] {processor.py:925} INFO - DAG(s) 'example_nested_branch_dag' retrieved from /home/airflow/.local/lib/python3.12/site-packages/airflow/example_dags/example_nested_branch_dag.py
[2024-11-03T05:36:09.995+0000] {logging_mixin.py:190} INFO - [2024-11-03T05:36:09.995+0000] {dag.py:3239} INFO - Sync 1 DAGs
[2024-11-03T05:36:10.022+0000] {logging_mixin.py:190} INFO - [2024-11-03T05:36:10.021+0000] {dag.py:4180} INFO - Setting next_dagrun for example_nested_branch_dag to 2024-11-02 00:00:00+00:00, run_after=2024-11-03 00:00:00+00:00
[2024-11-03T05:36:10.045+0000] {processor.py:208} INFO - Processing /home/airflow/.local/lib/python3.12/site-packages/airflow/example_dags/example_nested_branch_dag.py took 0.098 seconds
[2024-11-03T05:36:40.151+0000] {processor.py:186} INFO - Started process (PID=4396) to work on /home/airflow/.local/lib/python3.12/site-packages/airflow/example_dags/example_nested_branch_dag.py
[2024-11-03T05:36:40.153+0000] {processor.py:914} INFO - Processing file /home/airflow/.local/lib/python3.12/site-packages/airflow/example_dags/example_nested_branch_dag.py for tasks to queue
[2024-11-03T05:36:40.156+0000] {logging_mixin.py:190} INFO - [2024-11-03T05:36:40.155+0000] {dagbag.py:588} INFO - Filling up the DagBag from /home/airflow/.local/lib/python3.12/site-packages/airflow/example_dags/example_nested_branch_dag.py
[2024-11-03T05:36:40.171+0000] {processor.py:925} INFO - DAG(s) 'example_nested_branch_dag' retrieved from /home/airflow/.local/lib/python3.12/site-packages/airflow/example_dags/example_nested_branch_dag.py
[2024-11-03T05:36:40.194+0000] {logging_mixin.py:190} INFO - [2024-11-03T05:36:40.194+0000] {dag.py:3239} INFO - Sync 1 DAGs
[2024-11-03T05:36:40.221+0000] {logging_mixin.py:190} INFO - [2024-11-03T05:36:40.221+0000] {dag.py:4180} INFO - Setting next_dagrun for example_nested_branch_dag to 2024-11-02 00:00:00+00:00, run_after=2024-11-03 00:00:00+00:00
[2024-11-03T05:36:40.251+0000] {processor.py:208} INFO - Processing /home/airflow/.local/lib/python3.12/site-packages/airflow/example_dags/example_nested_branch_dag.py took 0.106 seconds
[2024-11-03T05:37:10.328+0000] {processor.py:186} INFO - Started process (PID=4682) to work on /home/airflow/.local/lib/python3.12/site-packages/airflow/example_dags/example_nested_branch_dag.py
[2024-11-03T05:37:10.329+0000] {processor.py:914} INFO - Processing file /home/airflow/.local/lib/python3.12/site-packages/airflow/example_dags/example_nested_branch_dag.py for tasks to queue
[2024-11-03T05:37:10.332+0000] {logging_mixin.py:190} INFO - [2024-11-03T05:37:10.331+0000] {dagbag.py:588} INFO - Filling up the DagBag from /home/airflow/.local/lib/python3.12/site-packages/airflow/example_dags/example_nested_branch_dag.py
[2024-11-03T05:37:10.342+0000] {processor.py:925} INFO - DAG(s) 'example_nested_branch_dag' retrieved from /home/airflow/.local/lib/python3.12/site-packages/airflow/example_dags/example_nested_branch_dag.py
[2024-11-03T05:37:10.363+0000] {logging_mixin.py:190} INFO - [2024-11-03T05:37:10.363+0000] {dag.py:3239} INFO - Sync 1 DAGs
[2024-11-03T05:37:10.387+0000] {logging_mixin.py:190} INFO - [2024-11-03T05:37:10.387+0000] {dag.py:4180} INFO - Setting next_dagrun for example_nested_branch_dag to 2024-11-02 00:00:00+00:00, run_after=2024-11-03 00:00:00+00:00
[2024-11-03T05:37:10.407+0000] {processor.py:208} INFO - Processing /home/airflow/.local/lib/python3.12/site-packages/airflow/example_dags/example_nested_branch_dag.py took 0.087 seconds
[2024-11-03T05:37:40.505+0000] {processor.py:186} INFO - Started process (PID=4973) to work on /home/airflow/.local/lib/python3.12/site-packages/airflow/example_dags/example_nested_branch_dag.py
[2024-11-03T05:37:40.508+0000] {processor.py:914} INFO - Processing file /home/airflow/.local/lib/python3.12/site-packages/airflow/example_dags/example_nested_branch_dag.py for tasks to queue
[2024-11-03T05:37:40.512+0000] {logging_mixin.py:190} INFO - [2024-11-03T05:37:40.512+0000] {dagbag.py:588} INFO - Filling up the DagBag from /home/airflow/.local/lib/python3.12/site-packages/airflow/example_dags/example_nested_branch_dag.py
[2024-11-03T05:37:40.548+0000] {processor.py:925} INFO - DAG(s) 'example_nested_branch_dag' retrieved from /home/airflow/.local/lib/python3.12/site-packages/airflow/example_dags/example_nested_branch_dag.py
[2024-11-03T05:37:40.599+0000] {logging_mixin.py:190} INFO - [2024-11-03T05:37:40.599+0000] {dag.py:3239} INFO - Sync 1 DAGs
[2024-11-03T05:37:40.671+0000] {logging_mixin.py:190} INFO - [2024-11-03T05:37:40.670+0000] {dag.py:4180} INFO - Setting next_dagrun for example_nested_branch_dag to 2024-11-02 00:00:00+00:00, run_after=2024-11-03 00:00:00+00:00
[2024-11-03T05:37:40.712+0000] {processor.py:208} INFO - Processing /home/airflow/.local/lib/python3.12/site-packages/airflow/example_dags/example_nested_branch_dag.py took 0.226 seconds
[2024-11-03T05:38:10.905+0000] {processor.py:186} INFO - Started process (PID=5264) to work on /home/airflow/.local/lib/python3.12/site-packages/airflow/example_dags/example_nested_branch_dag.py
[2024-11-03T05:38:10.906+0000] {processor.py:914} INFO - Processing file /home/airflow/.local/lib/python3.12/site-packages/airflow/example_dags/example_nested_branch_dag.py for tasks to queue
[2024-11-03T05:38:10.909+0000] {logging_mixin.py:190} INFO - [2024-11-03T05:38:10.908+0000] {dagbag.py:588} INFO - Filling up the DagBag from /home/airflow/.local/lib/python3.12/site-packages/airflow/example_dags/example_nested_branch_dag.py
[2024-11-03T05:38:10.920+0000] {processor.py:925} INFO - DAG(s) 'example_nested_branch_dag' retrieved from /home/airflow/.local/lib/python3.12/site-packages/airflow/example_dags/example_nested_branch_dag.py
[2024-11-03T05:38:10.943+0000] {logging_mixin.py:190} INFO - [2024-11-03T05:38:10.943+0000] {dag.py:3239} INFO - Sync 1 DAGs
[2024-11-03T05:38:10.969+0000] {logging_mixin.py:190} INFO - [2024-11-03T05:38:10.969+0000] {dag.py:4180} INFO - Setting next_dagrun for example_nested_branch_dag to 2024-11-02 00:00:00+00:00, run_after=2024-11-03 00:00:00+00:00
[2024-11-03T05:38:10.992+0000] {processor.py:208} INFO - Processing /home/airflow/.local/lib/python3.12/site-packages/airflow/example_dags/example_nested_branch_dag.py took 0.093 seconds
[2024-11-03T05:38:41.845+0000] {processor.py:186} INFO - Started process (PID=5555) to work on /home/airflow/.local/lib/python3.12/site-packages/airflow/example_dags/example_nested_branch_dag.py
[2024-11-03T05:38:41.846+0000] {processor.py:914} INFO - Processing file /home/airflow/.local/lib/python3.12/site-packages/airflow/example_dags/example_nested_branch_dag.py for tasks to queue
[2024-11-03T05:38:41.849+0000] {logging_mixin.py:190} INFO - [2024-11-03T05:38:41.848+0000] {dagbag.py:588} INFO - Filling up the DagBag from /home/airflow/.local/lib/python3.12/site-packages/airflow/example_dags/example_nested_branch_dag.py
[2024-11-03T05:38:41.860+0000] {processor.py:925} INFO - DAG(s) 'example_nested_branch_dag' retrieved from /home/airflow/.local/lib/python3.12/site-packages/airflow/example_dags/example_nested_branch_dag.py
[2024-11-03T05:38:41.882+0000] {logging_mixin.py:190} INFO - [2024-11-03T05:38:41.882+0000] {dag.py:3239} INFO - Sync 1 DAGs
[2024-11-03T05:38:41.909+0000] {logging_mixin.py:190} INFO - [2024-11-03T05:38:41.909+0000] {dag.py:4180} INFO - Setting next_dagrun for example_nested_branch_dag to 2024-11-02 00:00:00+00:00, run_after=2024-11-03 00:00:00+00:00
[2024-11-03T05:38:41.931+0000] {processor.py:208} INFO - Processing /home/airflow/.local/lib/python3.12/site-packages/airflow/example_dags/example_nested_branch_dag.py took 0.092 seconds
[2024-11-03T05:39:12.175+0000] {processor.py:186} INFO - Started process (PID=5846) to work on /home/airflow/.local/lib/python3.12/site-packages/airflow/example_dags/example_nested_branch_dag.py
[2024-11-03T05:39:12.176+0000] {processor.py:914} INFO - Processing file /home/airflow/.local/lib/python3.12/site-packages/airflow/example_dags/example_nested_branch_dag.py for tasks to queue
[2024-11-03T05:39:12.178+0000] {logging_mixin.py:190} INFO - [2024-11-03T05:39:12.178+0000] {dagbag.py:588} INFO - Filling up the DagBag from /home/airflow/.local/lib/python3.12/site-packages/airflow/example_dags/example_nested_branch_dag.py
[2024-11-03T05:39:12.189+0000] {processor.py:925} INFO - DAG(s) 'example_nested_branch_dag' retrieved from /home/airflow/.local/lib/python3.12/site-packages/airflow/example_dags/example_nested_branch_dag.py
[2024-11-03T05:39:12.211+0000] {logging_mixin.py:190} INFO - [2024-11-03T05:39:12.211+0000] {dag.py:3239} INFO - Sync 1 DAGs
[2024-11-03T05:39:12.237+0000] {logging_mixin.py:190} INFO - [2024-11-03T05:39:12.236+0000] {dag.py:4180} INFO - Setting next_dagrun for example_nested_branch_dag to 2024-11-02 00:00:00+00:00, run_after=2024-11-03 00:00:00+00:00
[2024-11-03T05:39:12.261+0000] {processor.py:208} INFO - Processing /home/airflow/.local/lib/python3.12/site-packages/airflow/example_dags/example_nested_branch_dag.py took 0.092 seconds
[2024-11-03T05:39:42.820+0000] {processor.py:186} INFO - Started process (PID=6139) to work on /home/airflow/.local/lib/python3.12/site-packages/airflow/example_dags/example_nested_branch_dag.py
[2024-11-03T05:39:42.821+0000] {processor.py:914} INFO - Processing file /home/airflow/.local/lib/python3.12/site-packages/airflow/example_dags/example_nested_branch_dag.py for tasks to queue
[2024-11-03T05:39:42.823+0000] {logging_mixin.py:190} INFO - [2024-11-03T05:39:42.823+0000] {dagbag.py:588} INFO - Filling up the DagBag from /home/airflow/.local/lib/python3.12/site-packages/airflow/example_dags/example_nested_branch_dag.py
[2024-11-03T05:39:42.835+0000] {processor.py:925} INFO - DAG(s) 'example_nested_branch_dag' retrieved from /home/airflow/.local/lib/python3.12/site-packages/airflow/example_dags/example_nested_branch_dag.py
[2024-11-03T05:39:42.859+0000] {logging_mixin.py:190} INFO - [2024-11-03T05:39:42.859+0000] {dag.py:3239} INFO - Sync 1 DAGs
[2024-11-03T05:39:42.893+0000] {logging_mixin.py:190} INFO - [2024-11-03T05:39:42.893+0000] {dag.py:4180} INFO - Setting next_dagrun for example_nested_branch_dag to 2024-11-02 00:00:00+00:00, run_after=2024-11-03 00:00:00+00:00
[2024-11-03T05:39:42.916+0000] {processor.py:208} INFO - Processing /home/airflow/.local/lib/python3.12/site-packages/airflow/example_dags/example_nested_branch_dag.py took 0.106 seconds
[2024-11-03T05:40:13.166+0000] {processor.py:186} INFO - Started process (PID=6428) to work on /home/airflow/.local/lib/python3.12/site-packages/airflow/example_dags/example_nested_branch_dag.py
[2024-11-03T05:40:13.167+0000] {processor.py:914} INFO - Processing file /home/airflow/.local/lib/python3.12/site-packages/airflow/example_dags/example_nested_branch_dag.py for tasks to queue
[2024-11-03T05:40:13.170+0000] {logging_mixin.py:190} INFO - [2024-11-03T05:40:13.169+0000] {dagbag.py:588} INFO - Filling up the DagBag from /home/airflow/.local/lib/python3.12/site-packages/airflow/example_dags/example_nested_branch_dag.py
[2024-11-03T05:40:13.181+0000] {processor.py:925} INFO - DAG(s) 'example_nested_branch_dag' retrieved from /home/airflow/.local/lib/python3.12/site-packages/airflow/example_dags/example_nested_branch_dag.py
[2024-11-03T05:40:13.203+0000] {logging_mixin.py:190} INFO - [2024-11-03T05:40:13.203+0000] {dag.py:3239} INFO - Sync 1 DAGs
[2024-11-03T05:40:13.228+0000] {logging_mixin.py:190} INFO - [2024-11-03T05:40:13.228+0000] {dag.py:4180} INFO - Setting next_dagrun for example_nested_branch_dag to 2024-11-02 00:00:00+00:00, run_after=2024-11-03 00:00:00+00:00
[2024-11-03T05:40:13.250+0000] {processor.py:208} INFO - Processing /home/airflow/.local/lib/python3.12/site-packages/airflow/example_dags/example_nested_branch_dag.py took 0.090 seconds
[2024-11-03T05:40:43.543+0000] {processor.py:186} INFO - Started process (PID=6719) to work on /home/airflow/.local/lib/python3.12/site-packages/airflow/example_dags/example_nested_branch_dag.py
[2024-11-03T05:40:43.544+0000] {processor.py:914} INFO - Processing file /home/airflow/.local/lib/python3.12/site-packages/airflow/example_dags/example_nested_branch_dag.py for tasks to queue
[2024-11-03T05:40:43.547+0000] {logging_mixin.py:190} INFO - [2024-11-03T05:40:43.547+0000] {dagbag.py:588} INFO - Filling up the DagBag from /home/airflow/.local/lib/python3.12/site-packages/airflow/example_dags/example_nested_branch_dag.py
[2024-11-03T05:40:43.560+0000] {processor.py:925} INFO - DAG(s) 'example_nested_branch_dag' retrieved from /home/airflow/.local/lib/python3.12/site-packages/airflow/example_dags/example_nested_branch_dag.py
[2024-11-03T05:40:43.590+0000] {logging_mixin.py:190} INFO - [2024-11-03T05:40:43.590+0000] {dag.py:3239} INFO - Sync 1 DAGs
[2024-11-03T05:40:43.620+0000] {logging_mixin.py:190} INFO - [2024-11-03T05:40:43.620+0000] {dag.py:4180} INFO - Setting next_dagrun for example_nested_branch_dag to 2024-11-02 00:00:00+00:00, run_after=2024-11-03 00:00:00+00:00
[2024-11-03T05:40:43.644+0000] {processor.py:208} INFO - Processing /home/airflow/.local/lib/python3.12/site-packages/airflow/example_dags/example_nested_branch_dag.py took 0.108 seconds
[2024-11-03T05:41:14.325+0000] {processor.py:186} INFO - Started process (PID=7012) to work on /home/airflow/.local/lib/python3.12/site-packages/airflow/example_dags/example_nested_branch_dag.py
[2024-11-03T05:41:14.326+0000] {processor.py:914} INFO - Processing file /home/airflow/.local/lib/python3.12/site-packages/airflow/example_dags/example_nested_branch_dag.py for tasks to queue
[2024-11-03T05:41:14.329+0000] {logging_mixin.py:190} INFO - [2024-11-03T05:41:14.329+0000] {dagbag.py:588} INFO - Filling up the DagBag from /home/airflow/.local/lib/python3.12/site-packages/airflow/example_dags/example_nested_branch_dag.py
[2024-11-03T05:41:14.341+0000] {processor.py:925} INFO - DAG(s) 'example_nested_branch_dag' retrieved from /home/airflow/.local/lib/python3.12/site-packages/airflow/example_dags/example_nested_branch_dag.py
[2024-11-03T05:41:14.364+0000] {logging_mixin.py:190} INFO - [2024-11-03T05:41:14.364+0000] {dag.py:3239} INFO - Sync 1 DAGs
[2024-11-03T05:41:14.391+0000] {logging_mixin.py:190} INFO - [2024-11-03T05:41:14.391+0000] {dag.py:4180} INFO - Setting next_dagrun for example_nested_branch_dag to 2024-11-02 00:00:00+00:00, run_after=2024-11-03 00:00:00+00:00
[2024-11-03T05:41:14.424+0000] {processor.py:208} INFO - Processing /home/airflow/.local/lib/python3.12/site-packages/airflow/example_dags/example_nested_branch_dag.py took 0.105 seconds
[2024-11-03T05:41:44.875+0000] {processor.py:186} INFO - Started process (PID=7301) to work on /home/airflow/.local/lib/python3.12/site-packages/airflow/example_dags/example_nested_branch_dag.py
[2024-11-03T05:41:44.876+0000] {processor.py:914} INFO - Processing file /home/airflow/.local/lib/python3.12/site-packages/airflow/example_dags/example_nested_branch_dag.py for tasks to queue
[2024-11-03T05:41:44.879+0000] {logging_mixin.py:190} INFO - [2024-11-03T05:41:44.878+0000] {dagbag.py:588} INFO - Filling up the DagBag from /home/airflow/.local/lib/python3.12/site-packages/airflow/example_dags/example_nested_branch_dag.py
[2024-11-03T05:41:44.890+0000] {processor.py:925} INFO - DAG(s) 'example_nested_branch_dag' retrieved from /home/airflow/.local/lib/python3.12/site-packages/airflow/example_dags/example_nested_branch_dag.py
[2024-11-03T05:41:44.913+0000] {logging_mixin.py:190} INFO - [2024-11-03T05:41:44.913+0000] {dag.py:3239} INFO - Sync 1 DAGs
[2024-11-03T05:41:44.938+0000] {logging_mixin.py:190} INFO - [2024-11-03T05:41:44.938+0000] {dag.py:4180} INFO - Setting next_dagrun for example_nested_branch_dag to 2024-11-02 00:00:00+00:00, run_after=2024-11-03 00:00:00+00:00
[2024-11-03T05:41:44.962+0000] {processor.py:208} INFO - Processing /home/airflow/.local/lib/python3.12/site-packages/airflow/example_dags/example_nested_branch_dag.py took 0.093 seconds
[2024-11-03T05:42:15.251+0000] {processor.py:186} INFO - Started process (PID=7592) to work on /home/airflow/.local/lib/python3.12/site-packages/airflow/example_dags/example_nested_branch_dag.py
[2024-11-03T05:42:15.252+0000] {processor.py:914} INFO - Processing file /home/airflow/.local/lib/python3.12/site-packages/airflow/example_dags/example_nested_branch_dag.py for tasks to queue
[2024-11-03T05:42:15.254+0000] {logging_mixin.py:190} INFO - [2024-11-03T05:42:15.253+0000] {dagbag.py:588} INFO - Filling up the DagBag from /home/airflow/.local/lib/python3.12/site-packages/airflow/example_dags/example_nested_branch_dag.py
[2024-11-03T05:42:15.265+0000] {processor.py:925} INFO - DAG(s) 'example_nested_branch_dag' retrieved from /home/airflow/.local/lib/python3.12/site-packages/airflow/example_dags/example_nested_branch_dag.py
[2024-11-03T05:42:15.289+0000] {logging_mixin.py:190} INFO - [2024-11-03T05:42:15.289+0000] {dag.py:3239} INFO - Sync 1 DAGs
[2024-11-03T05:42:15.318+0000] {logging_mixin.py:190} INFO - [2024-11-03T05:42:15.318+0000] {dag.py:4180} INFO - Setting next_dagrun for example_nested_branch_dag to 2024-11-02 00:00:00+00:00, run_after=2024-11-03 00:00:00+00:00
[2024-11-03T05:42:15.339+0000] {processor.py:208} INFO - Processing /home/airflow/.local/lib/python3.12/site-packages/airflow/example_dags/example_nested_branch_dag.py took 0.094 seconds
[2024-11-03T05:42:46.061+0000] {processor.py:186} INFO - Started process (PID=7884) to work on /home/airflow/.local/lib/python3.12/site-packages/airflow/example_dags/example_nested_branch_dag.py
[2024-11-03T05:42:46.062+0000] {processor.py:914} INFO - Processing file /home/airflow/.local/lib/python3.12/site-packages/airflow/example_dags/example_nested_branch_dag.py for tasks to queue
[2024-11-03T05:42:46.065+0000] {logging_mixin.py:190} INFO - [2024-11-03T05:42:46.065+0000] {dagbag.py:588} INFO - Filling up the DagBag from /home/airflow/.local/lib/python3.12/site-packages/airflow/example_dags/example_nested_branch_dag.py
[2024-11-03T05:42:46.082+0000] {processor.py:925} INFO - DAG(s) 'example_nested_branch_dag' retrieved from /home/airflow/.local/lib/python3.12/site-packages/airflow/example_dags/example_nested_branch_dag.py
[2024-11-03T05:42:46.120+0000] {logging_mixin.py:190} INFO - [2024-11-03T05:42:46.120+0000] {dag.py:3239} INFO - Sync 1 DAGs
[2024-11-03T05:42:46.156+0000] {logging_mixin.py:190} INFO - [2024-11-03T05:42:46.156+0000] {dag.py:4180} INFO - Setting next_dagrun for example_nested_branch_dag to 2024-11-02 00:00:00+00:00, run_after=2024-11-03 00:00:00+00:00
[2024-11-03T05:42:46.178+0000] {processor.py:208} INFO - Processing /home/airflow/.local/lib/python3.12/site-packages/airflow/example_dags/example_nested_branch_dag.py took 0.128 seconds
[2024-11-03T05:43:16.921+0000] {processor.py:186} INFO - Started process (PID=8175) to work on /home/airflow/.local/lib/python3.12/site-packages/airflow/example_dags/example_nested_branch_dag.py
[2024-11-03T05:43:16.922+0000] {processor.py:914} INFO - Processing file /home/airflow/.local/lib/python3.12/site-packages/airflow/example_dags/example_nested_branch_dag.py for tasks to queue
[2024-11-03T05:43:16.925+0000] {logging_mixin.py:190} INFO - [2024-11-03T05:43:16.924+0000] {dagbag.py:588} INFO - Filling up the DagBag from /home/airflow/.local/lib/python3.12/site-packages/airflow/example_dags/example_nested_branch_dag.py
[2024-11-03T05:43:16.936+0000] {processor.py:925} INFO - DAG(s) 'example_nested_branch_dag' retrieved from /home/airflow/.local/lib/python3.12/site-packages/airflow/example_dags/example_nested_branch_dag.py
[2024-11-03T05:43:16.960+0000] {logging_mixin.py:190} INFO - [2024-11-03T05:43:16.960+0000] {dag.py:3239} INFO - Sync 1 DAGs
[2024-11-03T05:43:16.986+0000] {logging_mixin.py:190} INFO - [2024-11-03T05:43:16.986+0000] {dag.py:4180} INFO - Setting next_dagrun for example_nested_branch_dag to 2024-11-02 00:00:00+00:00, run_after=2024-11-03 00:00:00+00:00
[2024-11-03T05:43:17.007+0000] {processor.py:208} INFO - Processing /home/airflow/.local/lib/python3.12/site-packages/airflow/example_dags/example_nested_branch_dag.py took 0.094 seconds
[2024-11-03T05:43:47.260+0000] {processor.py:186} INFO - Started process (PID=8468) to work on /home/airflow/.local/lib/python3.12/site-packages/airflow/example_dags/example_nested_branch_dag.py
[2024-11-03T05:43:47.261+0000] {processor.py:914} INFO - Processing file /home/airflow/.local/lib/python3.12/site-packages/airflow/example_dags/example_nested_branch_dag.py for tasks to queue
[2024-11-03T05:43:47.263+0000] {logging_mixin.py:190} INFO - [2024-11-03T05:43:47.263+0000] {dagbag.py:588} INFO - Filling up the DagBag from /home/airflow/.local/lib/python3.12/site-packages/airflow/example_dags/example_nested_branch_dag.py
[2024-11-03T05:43:47.275+0000] {processor.py:925} INFO - DAG(s) 'example_nested_branch_dag' retrieved from /home/airflow/.local/lib/python3.12/site-packages/airflow/example_dags/example_nested_branch_dag.py
[2024-11-03T05:43:47.297+0000] {logging_mixin.py:190} INFO - [2024-11-03T05:43:47.297+0000] {dag.py:3239} INFO - Sync 1 DAGs
[2024-11-03T05:43:47.322+0000] {logging_mixin.py:190} INFO - [2024-11-03T05:43:47.321+0000] {dag.py:4180} INFO - Setting next_dagrun for example_nested_branch_dag to 2024-11-02 00:00:00+00:00, run_after=2024-11-03 00:00:00+00:00
[2024-11-03T05:43:47.341+0000] {processor.py:208} INFO - Processing /home/airflow/.local/lib/python3.12/site-packages/airflow/example_dags/example_nested_branch_dag.py took 0.087 seconds
[2024-11-03T05:44:17.606+0000] {processor.py:186} INFO - Started process (PID=8759) to work on /home/airflow/.local/lib/python3.12/site-packages/airflow/example_dags/example_nested_branch_dag.py
[2024-11-03T05:44:17.608+0000] {processor.py:914} INFO - Processing file /home/airflow/.local/lib/python3.12/site-packages/airflow/example_dags/example_nested_branch_dag.py for tasks to queue
[2024-11-03T05:44:17.612+0000] {logging_mixin.py:190} INFO - [2024-11-03T05:44:17.612+0000] {dagbag.py:588} INFO - Filling up the DagBag from /home/airflow/.local/lib/python3.12/site-packages/airflow/example_dags/example_nested_branch_dag.py
[2024-11-03T05:44:17.628+0000] {processor.py:925} INFO - DAG(s) 'example_nested_branch_dag' retrieved from /home/airflow/.local/lib/python3.12/site-packages/airflow/example_dags/example_nested_branch_dag.py
[2024-11-03T05:44:17.665+0000] {logging_mixin.py:190} INFO - [2024-11-03T05:44:17.665+0000] {dag.py:3239} INFO - Sync 1 DAGs
[2024-11-03T05:44:17.698+0000] {logging_mixin.py:190} INFO - [2024-11-03T05:44:17.698+0000] {dag.py:4180} INFO - Setting next_dagrun for example_nested_branch_dag to 2024-11-02 00:00:00+00:00, run_after=2024-11-03 00:00:00+00:00
[2024-11-03T05:44:17.725+0000] {processor.py:208} INFO - Processing /home/airflow/.local/lib/python3.12/site-packages/airflow/example_dags/example_nested_branch_dag.py took 0.124 seconds
[2024-11-03T05:44:47.901+0000] {processor.py:186} INFO - Started process (PID=9048) to work on /home/airflow/.local/lib/python3.12/site-packages/airflow/example_dags/example_nested_branch_dag.py
[2024-11-03T05:44:47.902+0000] {processor.py:914} INFO - Processing file /home/airflow/.local/lib/python3.12/site-packages/airflow/example_dags/example_nested_branch_dag.py for tasks to queue
[2024-11-03T05:44:47.905+0000] {logging_mixin.py:190} INFO - [2024-11-03T05:44:47.905+0000] {dagbag.py:588} INFO - Filling up the DagBag from /home/airflow/.local/lib/python3.12/site-packages/airflow/example_dags/example_nested_branch_dag.py
[2024-11-03T05:44:47.916+0000] {processor.py:925} INFO - DAG(s) 'example_nested_branch_dag' retrieved from /home/airflow/.local/lib/python3.12/site-packages/airflow/example_dags/example_nested_branch_dag.py
[2024-11-03T05:44:47.939+0000] {logging_mixin.py:190} INFO - [2024-11-03T05:44:47.939+0000] {dag.py:3239} INFO - Sync 1 DAGs
[2024-11-03T05:44:47.964+0000] {logging_mixin.py:190} INFO - [2024-11-03T05:44:47.963+0000] {dag.py:4180} INFO - Setting next_dagrun for example_nested_branch_dag to 2024-11-02 00:00:00+00:00, run_after=2024-11-03 00:00:00+00:00
[2024-11-03T05:44:47.984+0000] {processor.py:208} INFO - Processing /home/airflow/.local/lib/python3.12/site-packages/airflow/example_dags/example_nested_branch_dag.py took 0.089 seconds
[2024-11-03T05:45:18.119+0000] {processor.py:186} INFO - Started process (PID=9341) to work on /home/airflow/.local/lib/python3.12/site-packages/airflow/example_dags/example_nested_branch_dag.py
[2024-11-03T05:45:18.120+0000] {processor.py:914} INFO - Processing file /home/airflow/.local/lib/python3.12/site-packages/airflow/example_dags/example_nested_branch_dag.py for tasks to queue
[2024-11-03T05:45:18.123+0000] {logging_mixin.py:190} INFO - [2024-11-03T05:45:18.122+0000] {dagbag.py:588} INFO - Filling up the DagBag from /home/airflow/.local/lib/python3.12/site-packages/airflow/example_dags/example_nested_branch_dag.py
[2024-11-03T05:45:18.135+0000] {processor.py:925} INFO - DAG(s) 'example_nested_branch_dag' retrieved from /home/airflow/.local/lib/python3.12/site-packages/airflow/example_dags/example_nested_branch_dag.py
[2024-11-03T05:45:18.159+0000] {logging_mixin.py:190} INFO - [2024-11-03T05:45:18.158+0000] {dag.py:3239} INFO - Sync 1 DAGs
[2024-11-03T05:45:18.185+0000] {logging_mixin.py:190} INFO - [2024-11-03T05:45:18.185+0000] {dag.py:4180} INFO - Setting next_dagrun for example_nested_branch_dag to 2024-11-02 00:00:00+00:00, run_after=2024-11-03 00:00:00+00:00
[2024-11-03T05:45:18.207+0000] {processor.py:208} INFO - Processing /home/airflow/.local/lib/python3.12/site-packages/airflow/example_dags/example_nested_branch_dag.py took 0.094 seconds
[2024-11-03T05:45:48.357+0000] {processor.py:186} INFO - Started process (PID=9630) to work on /home/airflow/.local/lib/python3.12/site-packages/airflow/example_dags/example_nested_branch_dag.py
[2024-11-03T05:45:48.359+0000] {processor.py:914} INFO - Processing file /home/airflow/.local/lib/python3.12/site-packages/airflow/example_dags/example_nested_branch_dag.py for tasks to queue
[2024-11-03T05:45:48.361+0000] {logging_mixin.py:190} INFO - [2024-11-03T05:45:48.361+0000] {dagbag.py:588} INFO - Filling up the DagBag from /home/airflow/.local/lib/python3.12/site-packages/airflow/example_dags/example_nested_branch_dag.py
[2024-11-03T05:45:48.374+0000] {processor.py:925} INFO - DAG(s) 'example_nested_branch_dag' retrieved from /home/airflow/.local/lib/python3.12/site-packages/airflow/example_dags/example_nested_branch_dag.py
[2024-11-03T05:45:48.399+0000] {logging_mixin.py:190} INFO - [2024-11-03T05:45:48.398+0000] {dag.py:3239} INFO - Sync 1 DAGs
[2024-11-03T05:45:48.427+0000] {logging_mixin.py:190} INFO - [2024-11-03T05:45:48.427+0000] {dag.py:4180} INFO - Setting next_dagrun for example_nested_branch_dag to 2024-11-02 00:00:00+00:00, run_after=2024-11-03 00:00:00+00:00
[2024-11-03T05:45:48.450+0000] {processor.py:208} INFO - Processing /home/airflow/.local/lib/python3.12/site-packages/airflow/example_dags/example_nested_branch_dag.py took 0.099 seconds
[2024-11-03T05:46:19.588+0000] {processor.py:186} INFO - Started process (PID=9929) to work on /home/airflow/.local/lib/python3.12/site-packages/airflow/example_dags/example_nested_branch_dag.py
[2024-11-03T05:46:19.589+0000] {processor.py:914} INFO - Processing file /home/airflow/.local/lib/python3.12/site-packages/airflow/example_dags/example_nested_branch_dag.py for tasks to queue
[2024-11-03T05:46:19.591+0000] {logging_mixin.py:190} INFO - [2024-11-03T05:46:19.591+0000] {dagbag.py:588} INFO - Filling up the DagBag from /home/airflow/.local/lib/python3.12/site-packages/airflow/example_dags/example_nested_branch_dag.py
[2024-11-03T05:46:19.603+0000] {processor.py:925} INFO - DAG(s) 'example_nested_branch_dag' retrieved from /home/airflow/.local/lib/python3.12/site-packages/airflow/example_dags/example_nested_branch_dag.py
[2024-11-03T05:46:19.623+0000] {logging_mixin.py:190} INFO - [2024-11-03T05:46:19.623+0000] {dag.py:3239} INFO - Sync 1 DAGs
[2024-11-03T05:46:19.648+0000] {logging_mixin.py:190} INFO - [2024-11-03T05:46:19.648+0000] {dag.py:4180} INFO - Setting next_dagrun for example_nested_branch_dag to 2024-11-02 00:00:00+00:00, run_after=2024-11-03 00:00:00+00:00
[2024-11-03T05:46:19.669+0000] {processor.py:208} INFO - Processing /home/airflow/.local/lib/python3.12/site-packages/airflow/example_dags/example_nested_branch_dag.py took 0.087 seconds
[2024-11-03T05:46:49.857+0000] {processor.py:186} INFO - Started process (PID=10220) to work on /home/airflow/.local/lib/python3.12/site-packages/airflow/example_dags/example_nested_branch_dag.py
[2024-11-03T05:46:49.858+0000] {processor.py:914} INFO - Processing file /home/airflow/.local/lib/python3.12/site-packages/airflow/example_dags/example_nested_branch_dag.py for tasks to queue
[2024-11-03T05:46:49.862+0000] {logging_mixin.py:190} INFO - [2024-11-03T05:46:49.861+0000] {dagbag.py:588} INFO - Filling up the DagBag from /home/airflow/.local/lib/python3.12/site-packages/airflow/example_dags/example_nested_branch_dag.py
[2024-11-03T05:46:49.873+0000] {processor.py:925} INFO - DAG(s) 'example_nested_branch_dag' retrieved from /home/airflow/.local/lib/python3.12/site-packages/airflow/example_dags/example_nested_branch_dag.py
[2024-11-03T05:46:49.897+0000] {logging_mixin.py:190} INFO - [2024-11-03T05:46:49.897+0000] {dag.py:3239} INFO - Sync 1 DAGs
[2024-11-03T05:46:49.924+0000] {logging_mixin.py:190} INFO - [2024-11-03T05:46:49.924+0000] {dag.py:4180} INFO - Setting next_dagrun for example_nested_branch_dag to 2024-11-02 00:00:00+00:00, run_after=2024-11-03 00:00:00+00:00
[2024-11-03T05:46:49.947+0000] {processor.py:208} INFO - Processing /home/airflow/.local/lib/python3.12/site-packages/airflow/example_dags/example_nested_branch_dag.py took 0.096 seconds
[2024-11-03T05:47:20.115+0000] {processor.py:186} INFO - Started process (PID=10511) to work on /home/airflow/.local/lib/python3.12/site-packages/airflow/example_dags/example_nested_branch_dag.py
[2024-11-03T05:47:20.116+0000] {processor.py:914} INFO - Processing file /home/airflow/.local/lib/python3.12/site-packages/airflow/example_dags/example_nested_branch_dag.py for tasks to queue
[2024-11-03T05:47:20.118+0000] {logging_mixin.py:190} INFO - [2024-11-03T05:47:20.118+0000] {dagbag.py:588} INFO - Filling up the DagBag from /home/airflow/.local/lib/python3.12/site-packages/airflow/example_dags/example_nested_branch_dag.py
[2024-11-03T05:47:20.129+0000] {processor.py:925} INFO - DAG(s) 'example_nested_branch_dag' retrieved from /home/airflow/.local/lib/python3.12/site-packages/airflow/example_dags/example_nested_branch_dag.py
[2024-11-03T05:47:20.152+0000] {logging_mixin.py:190} INFO - [2024-11-03T05:47:20.152+0000] {dag.py:3239} INFO - Sync 1 DAGs
[2024-11-03T05:47:20.181+0000] {logging_mixin.py:190} INFO - [2024-11-03T05:47:20.181+0000] {dag.py:4180} INFO - Setting next_dagrun for example_nested_branch_dag to 2024-11-02 00:00:00+00:00, run_after=2024-11-03 00:00:00+00:00
[2024-11-03T05:47:20.202+0000] {processor.py:208} INFO - Processing /home/airflow/.local/lib/python3.12/site-packages/airflow/example_dags/example_nested_branch_dag.py took 0.093 seconds
[2024-11-03T05:47:50.581+0000] {processor.py:186} INFO - Started process (PID=10802) to work on /home/airflow/.local/lib/python3.12/site-packages/airflow/example_dags/example_nested_branch_dag.py
[2024-11-03T05:47:50.582+0000] {processor.py:914} INFO - Processing file /home/airflow/.local/lib/python3.12/site-packages/airflow/example_dags/example_nested_branch_dag.py for tasks to queue
[2024-11-03T05:47:50.585+0000] {logging_mixin.py:190} INFO - [2024-11-03T05:47:50.584+0000] {dagbag.py:588} INFO - Filling up the DagBag from /home/airflow/.local/lib/python3.12/site-packages/airflow/example_dags/example_nested_branch_dag.py
[2024-11-03T05:47:50.598+0000] {processor.py:925} INFO - DAG(s) 'example_nested_branch_dag' retrieved from /home/airflow/.local/lib/python3.12/site-packages/airflow/example_dags/example_nested_branch_dag.py
[2024-11-03T05:47:50.622+0000] {logging_mixin.py:190} INFO - [2024-11-03T05:47:50.622+0000] {dag.py:3239} INFO - Sync 1 DAGs
[2024-11-03T05:47:50.648+0000] {logging_mixin.py:190} INFO - [2024-11-03T05:47:50.648+0000] {dag.py:4180} INFO - Setting next_dagrun for example_nested_branch_dag to 2024-11-02 00:00:00+00:00, run_after=2024-11-03 00:00:00+00:00
[2024-11-03T05:47:50.671+0000] {processor.py:208} INFO - Processing /home/airflow/.local/lib/python3.12/site-packages/airflow/example_dags/example_nested_branch_dag.py took 0.096 seconds
[2024-11-03T05:48:20.952+0000] {processor.py:186} INFO - Started process (PID=11091) to work on /home/airflow/.local/lib/python3.12/site-packages/airflow/example_dags/example_nested_branch_dag.py
[2024-11-03T05:48:20.953+0000] {processor.py:914} INFO - Processing file /home/airflow/.local/lib/python3.12/site-packages/airflow/example_dags/example_nested_branch_dag.py for tasks to queue
[2024-11-03T05:48:20.956+0000] {logging_mixin.py:190} INFO - [2024-11-03T05:48:20.955+0000] {dagbag.py:588} INFO - Filling up the DagBag from /home/airflow/.local/lib/python3.12/site-packages/airflow/example_dags/example_nested_branch_dag.py
[2024-11-03T05:48:20.967+0000] {processor.py:925} INFO - DAG(s) 'example_nested_branch_dag' retrieved from /home/airflow/.local/lib/python3.12/site-packages/airflow/example_dags/example_nested_branch_dag.py
[2024-11-03T05:48:20.991+0000] {logging_mixin.py:190} INFO - [2024-11-03T05:48:20.991+0000] {dag.py:3239} INFO - Sync 1 DAGs
[2024-11-03T05:48:21.020+0000] {logging_mixin.py:190} INFO - [2024-11-03T05:48:21.020+0000] {dag.py:4180} INFO - Setting next_dagrun for example_nested_branch_dag to 2024-11-02 00:00:00+00:00, run_after=2024-11-03 00:00:00+00:00
[2024-11-03T05:48:21.043+0000] {processor.py:208} INFO - Processing /home/airflow/.local/lib/python3.12/site-packages/airflow/example_dags/example_nested_branch_dag.py took 0.097 seconds
[2024-11-03T05:48:51.526+0000] {processor.py:186} INFO - Started process (PID=11382) to work on /home/airflow/.local/lib/python3.12/site-packages/airflow/example_dags/example_nested_branch_dag.py
[2024-11-03T05:48:51.527+0000] {processor.py:914} INFO - Processing file /home/airflow/.local/lib/python3.12/site-packages/airflow/example_dags/example_nested_branch_dag.py for tasks to queue
[2024-11-03T05:48:51.530+0000] {logging_mixin.py:190} INFO - [2024-11-03T05:48:51.529+0000] {dagbag.py:588} INFO - Filling up the DagBag from /home/airflow/.local/lib/python3.12/site-packages/airflow/example_dags/example_nested_branch_dag.py
[2024-11-03T05:48:51.542+0000] {processor.py:925} INFO - DAG(s) 'example_nested_branch_dag' retrieved from /home/airflow/.local/lib/python3.12/site-packages/airflow/example_dags/example_nested_branch_dag.py
[2024-11-03T05:48:51.567+0000] {logging_mixin.py:190} INFO - [2024-11-03T05:48:51.567+0000] {dag.py:3239} INFO - Sync 1 DAGs
[2024-11-03T05:48:51.593+0000] {logging_mixin.py:190} INFO - [2024-11-03T05:48:51.593+0000] {dag.py:4180} INFO - Setting next_dagrun for example_nested_branch_dag to 2024-11-02 00:00:00+00:00, run_after=2024-11-03 00:00:00+00:00
[2024-11-03T05:48:51.616+0000] {processor.py:208} INFO - Processing /home/airflow/.local/lib/python3.12/site-packages/airflow/example_dags/example_nested_branch_dag.py took 0.097 seconds
[2024-11-03T05:49:22.515+0000] {processor.py:186} INFO - Started process (PID=11678) to work on /home/airflow/.local/lib/python3.12/site-packages/airflow/example_dags/example_nested_branch_dag.py
[2024-11-03T05:49:22.516+0000] {processor.py:914} INFO - Processing file /home/airflow/.local/lib/python3.12/site-packages/airflow/example_dags/example_nested_branch_dag.py for tasks to queue
[2024-11-03T05:49:22.518+0000] {logging_mixin.py:190} INFO - [2024-11-03T05:49:22.518+0000] {dagbag.py:588} INFO - Filling up the DagBag from /home/airflow/.local/lib/python3.12/site-packages/airflow/example_dags/example_nested_branch_dag.py
[2024-11-03T05:49:22.530+0000] {processor.py:925} INFO - DAG(s) 'example_nested_branch_dag' retrieved from /home/airflow/.local/lib/python3.12/site-packages/airflow/example_dags/example_nested_branch_dag.py
[2024-11-03T05:49:22.556+0000] {logging_mixin.py:190} INFO - [2024-11-03T05:49:22.555+0000] {dag.py:3239} INFO - Sync 1 DAGs
[2024-11-03T05:49:22.586+0000] {logging_mixin.py:190} INFO - [2024-11-03T05:49:22.585+0000] {dag.py:4180} INFO - Setting next_dagrun for example_nested_branch_dag to 2024-11-02 00:00:00+00:00, run_after=2024-11-03 00:00:00+00:00
[2024-11-03T05:49:22.612+0000] {processor.py:208} INFO - Processing /home/airflow/.local/lib/python3.12/site-packages/airflow/example_dags/example_nested_branch_dag.py took 0.104 seconds
[2024-11-03T05:49:52.986+0000] {processor.py:186} INFO - Started process (PID=11966) to work on /home/airflow/.local/lib/python3.12/site-packages/airflow/example_dags/example_nested_branch_dag.py
[2024-11-03T05:49:52.987+0000] {processor.py:914} INFO - Processing file /home/airflow/.local/lib/python3.12/site-packages/airflow/example_dags/example_nested_branch_dag.py for tasks to queue
[2024-11-03T05:49:52.992+0000] {logging_mixin.py:190} INFO - [2024-11-03T05:49:52.991+0000] {dagbag.py:588} INFO - Filling up the DagBag from /home/airflow/.local/lib/python3.12/site-packages/airflow/example_dags/example_nested_branch_dag.py
[2024-11-03T05:49:53.014+0000] {processor.py:925} INFO - DAG(s) 'example_nested_branch_dag' retrieved from /home/airflow/.local/lib/python3.12/site-packages/airflow/example_dags/example_nested_branch_dag.py
[2024-11-03T05:49:53.044+0000] {logging_mixin.py:190} INFO - [2024-11-03T05:49:53.043+0000] {dag.py:3239} INFO - Sync 1 DAGs
[2024-11-03T05:49:53.072+0000] {logging_mixin.py:190} INFO - [2024-11-03T05:49:53.072+0000] {dag.py:4180} INFO - Setting next_dagrun for example_nested_branch_dag to 2024-11-02 00:00:00+00:00, run_after=2024-11-03 00:00:00+00:00
[2024-11-03T05:49:53.095+0000] {processor.py:208} INFO - Processing /home/airflow/.local/lib/python3.12/site-packages/airflow/example_dags/example_nested_branch_dag.py took 0.123 seconds
[2024-11-03T05:50:23.907+0000] {processor.py:186} INFO - Started process (PID=12262) to work on /home/airflow/.local/lib/python3.12/site-packages/airflow/example_dags/example_nested_branch_dag.py
[2024-11-03T05:50:23.908+0000] {processor.py:914} INFO - Processing file /home/airflow/.local/lib/python3.12/site-packages/airflow/example_dags/example_nested_branch_dag.py for tasks to queue
[2024-11-03T05:50:23.910+0000] {logging_mixin.py:190} INFO - [2024-11-03T05:50:23.910+0000] {dagbag.py:588} INFO - Filling up the DagBag from /home/airflow/.local/lib/python3.12/site-packages/airflow/example_dags/example_nested_branch_dag.py
[2024-11-03T05:50:23.922+0000] {processor.py:925} INFO - DAG(s) 'example_nested_branch_dag' retrieved from /home/airflow/.local/lib/python3.12/site-packages/airflow/example_dags/example_nested_branch_dag.py
[2024-11-03T05:50:23.944+0000] {logging_mixin.py:190} INFO - [2024-11-03T05:50:23.944+0000] {dag.py:3239} INFO - Sync 1 DAGs
[2024-11-03T05:50:23.970+0000] {logging_mixin.py:190} INFO - [2024-11-03T05:50:23.970+0000] {dag.py:4180} INFO - Setting next_dagrun for example_nested_branch_dag to 2024-11-02 00:00:00+00:00, run_after=2024-11-03 00:00:00+00:00
[2024-11-03T05:50:23.992+0000] {processor.py:208} INFO - Processing /home/airflow/.local/lib/python3.12/site-packages/airflow/example_dags/example_nested_branch_dag.py took 0.091 seconds
[2024-11-03T05:50:54.810+0000] {processor.py:186} INFO - Started process (PID=12551) to work on /home/airflow/.local/lib/python3.12/site-packages/airflow/example_dags/example_nested_branch_dag.py
[2024-11-03T05:50:54.811+0000] {processor.py:914} INFO - Processing file /home/airflow/.local/lib/python3.12/site-packages/airflow/example_dags/example_nested_branch_dag.py for tasks to queue
[2024-11-03T05:50:54.813+0000] {logging_mixin.py:190} INFO - [2024-11-03T05:50:54.813+0000] {dagbag.py:588} INFO - Filling up the DagBag from /home/airflow/.local/lib/python3.12/site-packages/airflow/example_dags/example_nested_branch_dag.py
[2024-11-03T05:50:54.824+0000] {processor.py:925} INFO - DAG(s) 'example_nested_branch_dag' retrieved from /home/airflow/.local/lib/python3.12/site-packages/airflow/example_dags/example_nested_branch_dag.py
[2024-11-03T05:50:54.848+0000] {logging_mixin.py:190} INFO - [2024-11-03T05:50:54.847+0000] {dag.py:3239} INFO - Sync 1 DAGs
[2024-11-03T05:50:54.872+0000] {logging_mixin.py:190} INFO - [2024-11-03T05:50:54.872+0000] {dag.py:4180} INFO - Setting next_dagrun for example_nested_branch_dag to 2024-11-02 00:00:00+00:00, run_after=2024-11-03 00:00:00+00:00
[2024-11-03T05:50:54.894+0000] {processor.py:208} INFO - Processing /home/airflow/.local/lib/python3.12/site-packages/airflow/example_dags/example_nested_branch_dag.py took 0.090 seconds
[2024-11-03T05:52:52.757+0000] {processor.py:186} INFO - Started process (PID=302) to work on /home/airflow/.local/lib/python3.12/site-packages/airflow/example_dags/example_nested_branch_dag.py
[2024-11-03T05:52:52.759+0000] {processor.py:914} INFO - Processing file /home/airflow/.local/lib/python3.12/site-packages/airflow/example_dags/example_nested_branch_dag.py for tasks to queue
[2024-11-03T05:52:52.763+0000] {logging_mixin.py:190} INFO - [2024-11-03T05:52:52.762+0000] {dagbag.py:588} INFO - Filling up the DagBag from /home/airflow/.local/lib/python3.12/site-packages/airflow/example_dags/example_nested_branch_dag.py
[2024-11-03T05:52:52.786+0000] {processor.py:925} INFO - DAG(s) 'example_nested_branch_dag' retrieved from /home/airflow/.local/lib/python3.12/site-packages/airflow/example_dags/example_nested_branch_dag.py
[2024-11-03T05:52:52.823+0000] {logging_mixin.py:190} INFO - [2024-11-03T05:52:52.822+0000] {dag.py:3239} INFO - Sync 1 DAGs
[2024-11-03T05:52:52.866+0000] {logging_mixin.py:190} INFO - [2024-11-03T05:52:52.866+0000] {dag.py:4180} INFO - Setting next_dagrun for example_nested_branch_dag to 2024-11-02 00:00:00+00:00, run_after=2024-11-03 00:00:00+00:00
[2024-11-03T05:52:52.901+0000] {processor.py:208} INFO - Processing /home/airflow/.local/lib/python3.12/site-packages/airflow/example_dags/example_nested_branch_dag.py took 0.154 seconds
[2024-11-03T05:53:23.304+0000] {processor.py:186} INFO - Started process (PID=593) to work on /home/airflow/.local/lib/python3.12/site-packages/airflow/example_dags/example_nested_branch_dag.py
[2024-11-03T05:53:23.305+0000] {processor.py:914} INFO - Processing file /home/airflow/.local/lib/python3.12/site-packages/airflow/example_dags/example_nested_branch_dag.py for tasks to queue
[2024-11-03T05:53:23.308+0000] {logging_mixin.py:190} INFO - [2024-11-03T05:53:23.308+0000] {dagbag.py:588} INFO - Filling up the DagBag from /home/airflow/.local/lib/python3.12/site-packages/airflow/example_dags/example_nested_branch_dag.py
[2024-11-03T05:53:23.323+0000] {processor.py:925} INFO - DAG(s) 'example_nested_branch_dag' retrieved from /home/airflow/.local/lib/python3.12/site-packages/airflow/example_dags/example_nested_branch_dag.py
[2024-11-03T05:53:23.347+0000] {logging_mixin.py:190} INFO - [2024-11-03T05:53:23.346+0000] {dag.py:3239} INFO - Sync 1 DAGs
[2024-11-03T05:53:23.372+0000] {logging_mixin.py:190} INFO - [2024-11-03T05:53:23.372+0000] {dag.py:4180} INFO - Setting next_dagrun for example_nested_branch_dag to 2024-11-02 00:00:00+00:00, run_after=2024-11-03 00:00:00+00:00
[2024-11-03T05:53:23.393+0000] {processor.py:208} INFO - Processing /home/airflow/.local/lib/python3.12/site-packages/airflow/example_dags/example_nested_branch_dag.py took 0.095 seconds
[2024-11-03T05:53:53.888+0000] {processor.py:186} INFO - Started process (PID=884) to work on /home/airflow/.local/lib/python3.12/site-packages/airflow/example_dags/example_nested_branch_dag.py
[2024-11-03T05:53:53.890+0000] {processor.py:914} INFO - Processing file /home/airflow/.local/lib/python3.12/site-packages/airflow/example_dags/example_nested_branch_dag.py for tasks to queue
[2024-11-03T05:53:53.892+0000] {logging_mixin.py:190} INFO - [2024-11-03T05:53:53.892+0000] {dagbag.py:588} INFO - Filling up the DagBag from /home/airflow/.local/lib/python3.12/site-packages/airflow/example_dags/example_nested_branch_dag.py
[2024-11-03T05:53:53.904+0000] {processor.py:925} INFO - DAG(s) 'example_nested_branch_dag' retrieved from /home/airflow/.local/lib/python3.12/site-packages/airflow/example_dags/example_nested_branch_dag.py
[2024-11-03T05:53:53.928+0000] {logging_mixin.py:190} INFO - [2024-11-03T05:53:53.928+0000] {dag.py:3239} INFO - Sync 1 DAGs
[2024-11-03T05:53:53.958+0000] {logging_mixin.py:190} INFO - [2024-11-03T05:53:53.958+0000] {dag.py:4180} INFO - Setting next_dagrun for example_nested_branch_dag to 2024-11-02 00:00:00+00:00, run_after=2024-11-03 00:00:00+00:00
[2024-11-03T05:53:53.980+0000] {processor.py:208} INFO - Processing /home/airflow/.local/lib/python3.12/site-packages/airflow/example_dags/example_nested_branch_dag.py took 0.100 seconds
[2024-11-03T05:54:24.473+0000] {processor.py:186} INFO - Started process (PID=1175) to work on /home/airflow/.local/lib/python3.12/site-packages/airflow/example_dags/example_nested_branch_dag.py
[2024-11-03T05:54:24.474+0000] {processor.py:914} INFO - Processing file /home/airflow/.local/lib/python3.12/site-packages/airflow/example_dags/example_nested_branch_dag.py for tasks to queue
[2024-11-03T05:54:24.477+0000] {logging_mixin.py:190} INFO - [2024-11-03T05:54:24.476+0000] {dagbag.py:588} INFO - Filling up the DagBag from /home/airflow/.local/lib/python3.12/site-packages/airflow/example_dags/example_nested_branch_dag.py
[2024-11-03T05:54:24.490+0000] {processor.py:925} INFO - DAG(s) 'example_nested_branch_dag' retrieved from /home/airflow/.local/lib/python3.12/site-packages/airflow/example_dags/example_nested_branch_dag.py
[2024-11-03T05:54:24.514+0000] {logging_mixin.py:190} INFO - [2024-11-03T05:54:24.514+0000] {dag.py:3239} INFO - Sync 1 DAGs
[2024-11-03T05:54:24.552+0000] {logging_mixin.py:190} INFO - [2024-11-03T05:54:24.552+0000] {dag.py:4180} INFO - Setting next_dagrun for example_nested_branch_dag to 2024-11-02 00:00:00+00:00, run_after=2024-11-03 00:00:00+00:00
[2024-11-03T05:54:24.598+0000] {processor.py:208} INFO - Processing /home/airflow/.local/lib/python3.12/site-packages/airflow/example_dags/example_nested_branch_dag.py took 0.132 seconds
[2024-11-03T05:54:54.744+0000] {processor.py:186} INFO - Started process (PID=1466) to work on /home/airflow/.local/lib/python3.12/site-packages/airflow/example_dags/example_nested_branch_dag.py
[2024-11-03T05:54:54.745+0000] {processor.py:914} INFO - Processing file /home/airflow/.local/lib/python3.12/site-packages/airflow/example_dags/example_nested_branch_dag.py for tasks to queue
[2024-11-03T05:54:54.748+0000] {logging_mixin.py:190} INFO - [2024-11-03T05:54:54.747+0000] {dagbag.py:588} INFO - Filling up the DagBag from /home/airflow/.local/lib/python3.12/site-packages/airflow/example_dags/example_nested_branch_dag.py
[2024-11-03T05:54:54.764+0000] {processor.py:925} INFO - DAG(s) 'example_nested_branch_dag' retrieved from /home/airflow/.local/lib/python3.12/site-packages/airflow/example_dags/example_nested_branch_dag.py
[2024-11-03T05:54:54.790+0000] {logging_mixin.py:190} INFO - [2024-11-03T05:54:54.789+0000] {dag.py:3239} INFO - Sync 1 DAGs
[2024-11-03T05:54:54.818+0000] {logging_mixin.py:190} INFO - [2024-11-03T05:54:54.818+0000] {dag.py:4180} INFO - Setting next_dagrun for example_nested_branch_dag to 2024-11-02 00:00:00+00:00, run_after=2024-11-03 00:00:00+00:00
[2024-11-03T05:54:54.844+0000] {processor.py:208} INFO - Processing /home/airflow/.local/lib/python3.12/site-packages/airflow/example_dags/example_nested_branch_dag.py took 0.107 seconds
[2024-11-03T05:57:17.501+0000] {processor.py:186} INFO - Started process (PID=302) to work on /home/airflow/.local/lib/python3.12/site-packages/airflow/example_dags/example_nested_branch_dag.py
[2024-11-03T05:57:17.503+0000] {processor.py:914} INFO - Processing file /home/airflow/.local/lib/python3.12/site-packages/airflow/example_dags/example_nested_branch_dag.py for tasks to queue
[2024-11-03T05:57:17.507+0000] {logging_mixin.py:190} INFO - [2024-11-03T05:57:17.507+0000] {dagbag.py:588} INFO - Filling up the DagBag from /home/airflow/.local/lib/python3.12/site-packages/airflow/example_dags/example_nested_branch_dag.py
[2024-11-03T05:57:17.527+0000] {processor.py:925} INFO - DAG(s) 'example_nested_branch_dag' retrieved from /home/airflow/.local/lib/python3.12/site-packages/airflow/example_dags/example_nested_branch_dag.py
[2024-11-03T05:57:17.563+0000] {logging_mixin.py:190} INFO - [2024-11-03T05:57:17.563+0000] {dag.py:3239} INFO - Sync 1 DAGs
[2024-11-03T05:57:17.610+0000] {logging_mixin.py:190} INFO - [2024-11-03T05:57:17.609+0000] {dag.py:4180} INFO - Setting next_dagrun for example_nested_branch_dag to 2024-11-02 00:00:00+00:00, run_after=2024-11-03 00:00:00+00:00
[2024-11-03T05:57:17.641+0000] {processor.py:208} INFO - Processing /home/airflow/.local/lib/python3.12/site-packages/airflow/example_dags/example_nested_branch_dag.py took 0.150 seconds
[2024-11-03T05:57:47.688+0000] {processor.py:186} INFO - Started process (PID=593) to work on /home/airflow/.local/lib/python3.12/site-packages/airflow/example_dags/example_nested_branch_dag.py
[2024-11-03T05:57:47.689+0000] {processor.py:914} INFO - Processing file /home/airflow/.local/lib/python3.12/site-packages/airflow/example_dags/example_nested_branch_dag.py for tasks to queue
[2024-11-03T05:57:47.692+0000] {logging_mixin.py:190} INFO - [2024-11-03T05:57:47.691+0000] {dagbag.py:588} INFO - Filling up the DagBag from /home/airflow/.local/lib/python3.12/site-packages/airflow/example_dags/example_nested_branch_dag.py
[2024-11-03T05:57:47.702+0000] {processor.py:925} INFO - DAG(s) 'example_nested_branch_dag' retrieved from /home/airflow/.local/lib/python3.12/site-packages/airflow/example_dags/example_nested_branch_dag.py
[2024-11-03T05:57:47.725+0000] {logging_mixin.py:190} INFO - [2024-11-03T05:57:47.724+0000] {dag.py:3239} INFO - Sync 1 DAGs
[2024-11-03T05:57:47.749+0000] {logging_mixin.py:190} INFO - [2024-11-03T05:57:47.749+0000] {dag.py:4180} INFO - Setting next_dagrun for example_nested_branch_dag to 2024-11-02 00:00:00+00:00, run_after=2024-11-03 00:00:00+00:00
[2024-11-03T05:57:47.770+0000] {processor.py:208} INFO - Processing /home/airflow/.local/lib/python3.12/site-packages/airflow/example_dags/example_nested_branch_dag.py took 0.088 seconds
[2024-11-03T05:58:18.045+0000] {processor.py:186} INFO - Started process (PID=884) to work on /home/airflow/.local/lib/python3.12/site-packages/airflow/example_dags/example_nested_branch_dag.py
[2024-11-03T05:58:18.046+0000] {processor.py:914} INFO - Processing file /home/airflow/.local/lib/python3.12/site-packages/airflow/example_dags/example_nested_branch_dag.py for tasks to queue
[2024-11-03T05:58:18.049+0000] {logging_mixin.py:190} INFO - [2024-11-03T05:58:18.048+0000] {dagbag.py:588} INFO - Filling up the DagBag from /home/airflow/.local/lib/python3.12/site-packages/airflow/example_dags/example_nested_branch_dag.py
[2024-11-03T05:58:18.060+0000] {processor.py:925} INFO - DAG(s) 'example_nested_branch_dag' retrieved from /home/airflow/.local/lib/python3.12/site-packages/airflow/example_dags/example_nested_branch_dag.py
[2024-11-03T05:58:18.082+0000] {logging_mixin.py:190} INFO - [2024-11-03T05:58:18.082+0000] {dag.py:3239} INFO - Sync 1 DAGs
[2024-11-03T05:58:18.108+0000] {logging_mixin.py:190} INFO - [2024-11-03T05:58:18.108+0000] {dag.py:4180} INFO - Setting next_dagrun for example_nested_branch_dag to 2024-11-02 00:00:00+00:00, run_after=2024-11-03 00:00:00+00:00
[2024-11-03T05:58:18.130+0000] {processor.py:208} INFO - Processing /home/airflow/.local/lib/python3.12/site-packages/airflow/example_dags/example_nested_branch_dag.py took 0.090 seconds
[2024-11-03T05:58:48.392+0000] {processor.py:186} INFO - Started process (PID=1175) to work on /home/airflow/.local/lib/python3.12/site-packages/airflow/example_dags/example_nested_branch_dag.py
[2024-11-03T05:58:48.393+0000] {processor.py:914} INFO - Processing file /home/airflow/.local/lib/python3.12/site-packages/airflow/example_dags/example_nested_branch_dag.py for tasks to queue
[2024-11-03T05:58:48.395+0000] {logging_mixin.py:190} INFO - [2024-11-03T05:58:48.395+0000] {dagbag.py:588} INFO - Filling up the DagBag from /home/airflow/.local/lib/python3.12/site-packages/airflow/example_dags/example_nested_branch_dag.py
[2024-11-03T05:58:48.407+0000] {processor.py:925} INFO - DAG(s) 'example_nested_branch_dag' retrieved from /home/airflow/.local/lib/python3.12/site-packages/airflow/example_dags/example_nested_branch_dag.py
[2024-11-03T05:58:48.429+0000] {logging_mixin.py:190} INFO - [2024-11-03T05:58:48.429+0000] {dag.py:3239} INFO - Sync 1 DAGs
[2024-11-03T05:58:48.455+0000] {logging_mixin.py:190} INFO - [2024-11-03T05:58:48.455+0000] {dag.py:4180} INFO - Setting next_dagrun for example_nested_branch_dag to 2024-11-02 00:00:00+00:00, run_after=2024-11-03 00:00:00+00:00
[2024-11-03T05:58:48.477+0000] {processor.py:208} INFO - Processing /home/airflow/.local/lib/python3.12/site-packages/airflow/example_dags/example_nested_branch_dag.py took 0.091 seconds
[2024-11-03T05:59:19.305+0000] {processor.py:186} INFO - Started process (PID=1466) to work on /home/airflow/.local/lib/python3.12/site-packages/airflow/example_dags/example_nested_branch_dag.py
[2024-11-03T05:59:19.306+0000] {processor.py:914} INFO - Processing file /home/airflow/.local/lib/python3.12/site-packages/airflow/example_dags/example_nested_branch_dag.py for tasks to queue
[2024-11-03T05:59:19.309+0000] {logging_mixin.py:190} INFO - [2024-11-03T05:59:19.308+0000] {dagbag.py:588} INFO - Filling up the DagBag from /home/airflow/.local/lib/python3.12/site-packages/airflow/example_dags/example_nested_branch_dag.py
[2024-11-03T05:59:19.320+0000] {processor.py:925} INFO - DAG(s) 'example_nested_branch_dag' retrieved from /home/airflow/.local/lib/python3.12/site-packages/airflow/example_dags/example_nested_branch_dag.py
[2024-11-03T05:59:19.342+0000] {logging_mixin.py:190} INFO - [2024-11-03T05:59:19.342+0000] {dag.py:3239} INFO - Sync 1 DAGs
[2024-11-03T05:59:19.371+0000] {logging_mixin.py:190} INFO - [2024-11-03T05:59:19.371+0000] {dag.py:4180} INFO - Setting next_dagrun for example_nested_branch_dag to 2024-11-02 00:00:00+00:00, run_after=2024-11-03 00:00:00+00:00
[2024-11-03T05:59:19.391+0000] {processor.py:208} INFO - Processing /home/airflow/.local/lib/python3.12/site-packages/airflow/example_dags/example_nested_branch_dag.py took 0.092 seconds
[2024-11-03T05:59:50.305+0000] {processor.py:186} INFO - Started process (PID=1752) to work on /home/airflow/.local/lib/python3.12/site-packages/airflow/example_dags/example_nested_branch_dag.py
[2024-11-03T05:59:50.306+0000] {processor.py:914} INFO - Processing file /home/airflow/.local/lib/python3.12/site-packages/airflow/example_dags/example_nested_branch_dag.py for tasks to queue
[2024-11-03T05:59:50.308+0000] {logging_mixin.py:190} INFO - [2024-11-03T05:59:50.308+0000] {dagbag.py:588} INFO - Filling up the DagBag from /home/airflow/.local/lib/python3.12/site-packages/airflow/example_dags/example_nested_branch_dag.py
[2024-11-03T05:59:50.319+0000] {processor.py:925} INFO - DAG(s) 'example_nested_branch_dag' retrieved from /home/airflow/.local/lib/python3.12/site-packages/airflow/example_dags/example_nested_branch_dag.py
[2024-11-03T05:59:50.343+0000] {logging_mixin.py:190} INFO - [2024-11-03T05:59:50.343+0000] {dag.py:3239} INFO - Sync 1 DAGs
[2024-11-03T05:59:50.373+0000] {logging_mixin.py:190} INFO - [2024-11-03T05:59:50.373+0000] {dag.py:4180} INFO - Setting next_dagrun for example_nested_branch_dag to 2024-11-02 00:00:00+00:00, run_after=2024-11-03 00:00:00+00:00
[2024-11-03T05:59:50.396+0000] {processor.py:208} INFO - Processing /home/airflow/.local/lib/python3.12/site-packages/airflow/example_dags/example_nested_branch_dag.py took 0.097 seconds
[2024-11-03T06:00:21.322+0000] {processor.py:186} INFO - Started process (PID=2048) to work on /home/airflow/.local/lib/python3.12/site-packages/airflow/example_dags/example_nested_branch_dag.py
[2024-11-03T06:00:21.323+0000] {processor.py:914} INFO - Processing file /home/airflow/.local/lib/python3.12/site-packages/airflow/example_dags/example_nested_branch_dag.py for tasks to queue
[2024-11-03T06:00:21.326+0000] {logging_mixin.py:190} INFO - [2024-11-03T06:00:21.325+0000] {dagbag.py:588} INFO - Filling up the DagBag from /home/airflow/.local/lib/python3.12/site-packages/airflow/example_dags/example_nested_branch_dag.py
[2024-11-03T06:00:21.337+0000] {processor.py:925} INFO - DAG(s) 'example_nested_branch_dag' retrieved from /home/airflow/.local/lib/python3.12/site-packages/airflow/example_dags/example_nested_branch_dag.py
[2024-11-03T06:00:21.360+0000] {logging_mixin.py:190} INFO - [2024-11-03T06:00:21.360+0000] {dag.py:3239} INFO - Sync 1 DAGs
[2024-11-03T06:00:21.391+0000] {logging_mixin.py:190} INFO - [2024-11-03T06:00:21.391+0000] {dag.py:4180} INFO - Setting next_dagrun for example_nested_branch_dag to 2024-11-02 00:00:00+00:00, run_after=2024-11-03 00:00:00+00:00
[2024-11-03T06:00:21.416+0000] {processor.py:208} INFO - Processing /home/airflow/.local/lib/python3.12/site-packages/airflow/example_dags/example_nested_branch_dag.py took 0.099 seconds
[2024-11-03T06:06:57.232+0000] {processor.py:186} INFO - Started process (PID=320) to work on /home/airflow/.local/lib/python3.12/site-packages/airflow/example_dags/example_nested_branch_dag.py
[2024-11-03T06:06:57.233+0000] {processor.py:914} INFO - Processing file /home/airflow/.local/lib/python3.12/site-packages/airflow/example_dags/example_nested_branch_dag.py for tasks to queue
[2024-11-03T06:06:57.236+0000] {logging_mixin.py:190} INFO - [2024-11-03T06:06:57.235+0000] {dagbag.py:588} INFO - Filling up the DagBag from /home/airflow/.local/lib/python3.12/site-packages/airflow/example_dags/example_nested_branch_dag.py
[2024-11-03T06:06:57.249+0000] {processor.py:925} INFO - DAG(s) 'example_nested_branch_dag' retrieved from /home/airflow/.local/lib/python3.12/site-packages/airflow/example_dags/example_nested_branch_dag.py
[2024-11-03T06:06:57.417+0000] {logging_mixin.py:190} INFO - [2024-11-03T06:06:57.416+0000] {override.py:1900} INFO - Created Permission View: can edit on DAG:example_nested_branch_dag
[2024-11-03T06:06:57.432+0000] {logging_mixin.py:190} INFO - [2024-11-03T06:06:57.432+0000] {override.py:1900} INFO - Created Permission View: can read on DAG:example_nested_branch_dag
[2024-11-03T06:06:57.444+0000] {logging_mixin.py:190} INFO - [2024-11-03T06:06:57.443+0000] {override.py:1900} INFO - Created Permission View: can delete on DAG:example_nested_branch_dag
[2024-11-03T06:06:57.460+0000] {logging_mixin.py:190} INFO - [2024-11-03T06:06:57.460+0000] {override.py:1900} INFO - Created Permission View: can create on DAG Run:example_nested_branch_dag
[2024-11-03T06:06:57.471+0000] {logging_mixin.py:190} INFO - [2024-11-03T06:06:57.471+0000] {override.py:1900} INFO - Created Permission View: menu access on DAG Run:example_nested_branch_dag
[2024-11-03T06:06:57.481+0000] {logging_mixin.py:190} INFO - [2024-11-03T06:06:57.480+0000] {override.py:1900} INFO - Created Permission View: can read on DAG Run:example_nested_branch_dag
[2024-11-03T06:06:57.497+0000] {logging_mixin.py:190} INFO - [2024-11-03T06:06:57.497+0000] {override.py:1900} INFO - Created Permission View: can delete on DAG Run:example_nested_branch_dag
[2024-11-03T06:06:57.498+0000] {logging_mixin.py:190} INFO - [2024-11-03T06:06:57.497+0000] {dag.py:3239} INFO - Sync 1 DAGs
[2024-11-03T06:06:57.512+0000] {logging_mixin.py:190} INFO - [2024-11-03T06:06:57.512+0000] {dag.py:3262} INFO - Creating ORM DAG for example_nested_branch_dag
[2024-11-03T06:06:57.524+0000] {logging_mixin.py:190} INFO - [2024-11-03T06:06:57.524+0000] {dag.py:4180} INFO - Setting next_dagrun for example_nested_branch_dag to 2024-11-02 00:00:00+00:00, run_after=2024-11-03 00:00:00+00:00
[2024-11-03T06:06:57.546+0000] {processor.py:208} INFO - Processing /home/airflow/.local/lib/python3.12/site-packages/airflow/example_dags/example_nested_branch_dag.py took 0.321 seconds
[2024-11-03T06:07:28.050+0000] {processor.py:186} INFO - Started process (PID=611) to work on /home/airflow/.local/lib/python3.12/site-packages/airflow/example_dags/example_nested_branch_dag.py
[2024-11-03T06:07:28.051+0000] {processor.py:914} INFO - Processing file /home/airflow/.local/lib/python3.12/site-packages/airflow/example_dags/example_nested_branch_dag.py for tasks to queue
[2024-11-03T06:07:28.053+0000] {logging_mixin.py:190} INFO - [2024-11-03T06:07:28.053+0000] {dagbag.py:588} INFO - Filling up the DagBag from /home/airflow/.local/lib/python3.12/site-packages/airflow/example_dags/example_nested_branch_dag.py
[2024-11-03T06:07:28.068+0000] {processor.py:925} INFO - DAG(s) 'example_nested_branch_dag' retrieved from /home/airflow/.local/lib/python3.12/site-packages/airflow/example_dags/example_nested_branch_dag.py
[2024-11-03T06:07:28.097+0000] {logging_mixin.py:190} INFO - [2024-11-03T06:07:28.097+0000] {dag.py:3239} INFO - Sync 1 DAGs
[2024-11-03T06:07:28.129+0000] {logging_mixin.py:190} INFO - [2024-11-03T06:07:28.129+0000] {dag.py:4180} INFO - Setting next_dagrun for example_nested_branch_dag to 2024-11-02 00:00:00+00:00, run_after=2024-11-03 00:00:00+00:00
[2024-11-03T06:07:28.157+0000] {processor.py:208} INFO - Processing /home/airflow/.local/lib/python3.12/site-packages/airflow/example_dags/example_nested_branch_dag.py took 0.114 seconds
[2024-11-03T06:10:49.912+0000] {processor.py:186} INFO - Started process (PID=315) to work on /home/airflow/.local/lib/python3.12/site-packages/airflow/example_dags/example_nested_branch_dag.py
[2024-11-03T06:10:49.913+0000] {processor.py:914} INFO - Processing file /home/airflow/.local/lib/python3.12/site-packages/airflow/example_dags/example_nested_branch_dag.py for tasks to queue
[2024-11-03T06:10:49.917+0000] {logging_mixin.py:190} INFO - [2024-11-03T06:10:49.916+0000] {dagbag.py:588} INFO - Filling up the DagBag from /home/airflow/.local/lib/python3.12/site-packages/airflow/example_dags/example_nested_branch_dag.py
[2024-11-03T06:10:49.936+0000] {processor.py:925} INFO - DAG(s) 'example_nested_branch_dag' retrieved from /home/airflow/.local/lib/python3.12/site-packages/airflow/example_dags/example_nested_branch_dag.py
[2024-11-03T06:10:49.977+0000] {logging_mixin.py:190} INFO - [2024-11-03T06:10:49.976+0000] {dag.py:3239} INFO - Sync 1 DAGs
[2024-11-03T06:10:50.012+0000] {logging_mixin.py:190} INFO - [2024-11-03T06:10:50.012+0000] {dag.py:4180} INFO - Setting next_dagrun for example_nested_branch_dag to 2024-11-02 00:00:00+00:00, run_after=2024-11-03 00:00:00+00:00
[2024-11-03T06:10:50.039+0000] {processor.py:208} INFO - Processing /home/airflow/.local/lib/python3.12/site-packages/airflow/example_dags/example_nested_branch_dag.py took 0.136 seconds
[2024-11-03T06:11:20.546+0000] {processor.py:186} INFO - Started process (PID=606) to work on /home/airflow/.local/lib/python3.12/site-packages/airflow/example_dags/example_nested_branch_dag.py
[2024-11-03T06:11:20.547+0000] {processor.py:914} INFO - Processing file /home/airflow/.local/lib/python3.12/site-packages/airflow/example_dags/example_nested_branch_dag.py for tasks to queue
[2024-11-03T06:11:20.550+0000] {logging_mixin.py:190} INFO - [2024-11-03T06:11:20.550+0000] {dagbag.py:588} INFO - Filling up the DagBag from /home/airflow/.local/lib/python3.12/site-packages/airflow/example_dags/example_nested_branch_dag.py
[2024-11-03T06:11:20.562+0000] {processor.py:925} INFO - DAG(s) 'example_nested_branch_dag' retrieved from /home/airflow/.local/lib/python3.12/site-packages/airflow/example_dags/example_nested_branch_dag.py
[2024-11-03T06:11:20.587+0000] {logging_mixin.py:190} INFO - [2024-11-03T06:11:20.587+0000] {dag.py:3239} INFO - Sync 1 DAGs
[2024-11-03T06:11:20.615+0000] {logging_mixin.py:190} INFO - [2024-11-03T06:11:20.614+0000] {dag.py:4180} INFO - Setting next_dagrun for example_nested_branch_dag to 2024-11-02 00:00:00+00:00, run_after=2024-11-03 00:00:00+00:00
[2024-11-03T06:11:20.637+0000] {processor.py:208} INFO - Processing /home/airflow/.local/lib/python3.12/site-packages/airflow/example_dags/example_nested_branch_dag.py took 0.097 seconds
[2024-11-03T06:11:51.231+0000] {processor.py:186} INFO - Started process (PID=897) to work on /home/airflow/.local/lib/python3.12/site-packages/airflow/example_dags/example_nested_branch_dag.py
[2024-11-03T06:11:51.232+0000] {processor.py:914} INFO - Processing file /home/airflow/.local/lib/python3.12/site-packages/airflow/example_dags/example_nested_branch_dag.py for tasks to queue
[2024-11-03T06:11:51.236+0000] {logging_mixin.py:190} INFO - [2024-11-03T06:11:51.235+0000] {dagbag.py:588} INFO - Filling up the DagBag from /home/airflow/.local/lib/python3.12/site-packages/airflow/example_dags/example_nested_branch_dag.py
[2024-11-03T06:11:51.274+0000] {processor.py:925} INFO - DAG(s) 'example_nested_branch_dag' retrieved from /home/airflow/.local/lib/python3.12/site-packages/airflow/example_dags/example_nested_branch_dag.py
[2024-11-03T06:11:51.337+0000] {logging_mixin.py:190} INFO - [2024-11-03T06:11:51.337+0000] {dag.py:3239} INFO - Sync 1 DAGs
[2024-11-03T06:11:51.373+0000] {logging_mixin.py:190} INFO - [2024-11-03T06:11:51.373+0000] {dag.py:4180} INFO - Setting next_dagrun for example_nested_branch_dag to 2024-11-02 00:00:00+00:00, run_after=2024-11-03 00:00:00+00:00
[2024-11-03T06:11:51.408+0000] {processor.py:208} INFO - Processing /home/airflow/.local/lib/python3.12/site-packages/airflow/example_dags/example_nested_branch_dag.py took 0.185 seconds
[2024-11-03T06:12:21.919+0000] {processor.py:186} INFO - Started process (PID=1190) to work on /home/airflow/.local/lib/python3.12/site-packages/airflow/example_dags/example_nested_branch_dag.py
[2024-11-03T06:12:21.920+0000] {processor.py:914} INFO - Processing file /home/airflow/.local/lib/python3.12/site-packages/airflow/example_dags/example_nested_branch_dag.py for tasks to queue
[2024-11-03T06:12:21.923+0000] {logging_mixin.py:190} INFO - [2024-11-03T06:12:21.922+0000] {dagbag.py:588} INFO - Filling up the DagBag from /home/airflow/.local/lib/python3.12/site-packages/airflow/example_dags/example_nested_branch_dag.py
[2024-11-03T06:12:21.934+0000] {processor.py:925} INFO - DAG(s) 'example_nested_branch_dag' retrieved from /home/airflow/.local/lib/python3.12/site-packages/airflow/example_dags/example_nested_branch_dag.py
[2024-11-03T06:12:21.957+0000] {logging_mixin.py:190} INFO - [2024-11-03T06:12:21.957+0000] {dag.py:3239} INFO - Sync 1 DAGs
[2024-11-03T06:12:21.995+0000] {logging_mixin.py:190} INFO - [2024-11-03T06:12:21.995+0000] {dag.py:4180} INFO - Setting next_dagrun for example_nested_branch_dag to 2024-11-02 00:00:00+00:00, run_after=2024-11-03 00:00:00+00:00
[2024-11-03T06:12:22.023+0000] {processor.py:208} INFO - Processing /home/airflow/.local/lib/python3.12/site-packages/airflow/example_dags/example_nested_branch_dag.py took 0.111 seconds
[2024-11-03T06:12:52.599+0000] {processor.py:186} INFO - Started process (PID=1481) to work on /home/airflow/.local/lib/python3.12/site-packages/airflow/example_dags/example_nested_branch_dag.py
[2024-11-03T06:12:52.601+0000] {processor.py:914} INFO - Processing file /home/airflow/.local/lib/python3.12/site-packages/airflow/example_dags/example_nested_branch_dag.py for tasks to queue
[2024-11-03T06:12:52.603+0000] {logging_mixin.py:190} INFO - [2024-11-03T06:12:52.603+0000] {dagbag.py:588} INFO - Filling up the DagBag from /home/airflow/.local/lib/python3.12/site-packages/airflow/example_dags/example_nested_branch_dag.py
[2024-11-03T06:12:52.614+0000] {processor.py:925} INFO - DAG(s) 'example_nested_branch_dag' retrieved from /home/airflow/.local/lib/python3.12/site-packages/airflow/example_dags/example_nested_branch_dag.py
[2024-11-03T06:12:52.636+0000] {logging_mixin.py:190} INFO - [2024-11-03T06:12:52.636+0000] {dag.py:3239} INFO - Sync 1 DAGs
[2024-11-03T06:12:52.661+0000] {logging_mixin.py:190} INFO - [2024-11-03T06:12:52.661+0000] {dag.py:4180} INFO - Setting next_dagrun for example_nested_branch_dag to 2024-11-02 00:00:00+00:00, run_after=2024-11-03 00:00:00+00:00
[2024-11-03T06:12:52.681+0000] {processor.py:208} INFO - Processing /home/airflow/.local/lib/python3.12/site-packages/airflow/example_dags/example_nested_branch_dag.py took 0.087 seconds
[2024-11-03T06:13:23.456+0000] {processor.py:186} INFO - Started process (PID=1771) to work on /home/airflow/.local/lib/python3.12/site-packages/airflow/example_dags/example_nested_branch_dag.py
[2024-11-03T06:13:23.457+0000] {processor.py:914} INFO - Processing file /home/airflow/.local/lib/python3.12/site-packages/airflow/example_dags/example_nested_branch_dag.py for tasks to queue
[2024-11-03T06:13:23.460+0000] {logging_mixin.py:190} INFO - [2024-11-03T06:13:23.460+0000] {dagbag.py:588} INFO - Filling up the DagBag from /home/airflow/.local/lib/python3.12/site-packages/airflow/example_dags/example_nested_branch_dag.py
[2024-11-03T06:13:23.474+0000] {processor.py:925} INFO - DAG(s) 'example_nested_branch_dag' retrieved from /home/airflow/.local/lib/python3.12/site-packages/airflow/example_dags/example_nested_branch_dag.py
[2024-11-03T06:13:23.496+0000] {logging_mixin.py:190} INFO - [2024-11-03T06:13:23.496+0000] {dag.py:3239} INFO - Sync 1 DAGs
[2024-11-03T06:13:23.524+0000] {logging_mixin.py:190} INFO - [2024-11-03T06:13:23.524+0000] {dag.py:4180} INFO - Setting next_dagrun for example_nested_branch_dag to 2024-11-02 00:00:00+00:00, run_after=2024-11-03 00:00:00+00:00
[2024-11-03T06:13:23.547+0000] {processor.py:208} INFO - Processing /home/airflow/.local/lib/python3.12/site-packages/airflow/example_dags/example_nested_branch_dag.py took 0.098 seconds
[2024-11-03T06:13:53.946+0000] {processor.py:186} INFO - Started process (PID=2061) to work on /home/airflow/.local/lib/python3.12/site-packages/airflow/example_dags/example_nested_branch_dag.py
[2024-11-03T06:13:53.948+0000] {processor.py:914} INFO - Processing file /home/airflow/.local/lib/python3.12/site-packages/airflow/example_dags/example_nested_branch_dag.py for tasks to queue
[2024-11-03T06:13:53.956+0000] {logging_mixin.py:190} INFO - [2024-11-03T06:13:53.955+0000] {dagbag.py:588} INFO - Filling up the DagBag from /home/airflow/.local/lib/python3.12/site-packages/airflow/example_dags/example_nested_branch_dag.py
[2024-11-03T06:13:53.987+0000] {processor.py:925} INFO - DAG(s) 'example_nested_branch_dag' retrieved from /home/airflow/.local/lib/python3.12/site-packages/airflow/example_dags/example_nested_branch_dag.py
[2024-11-03T06:13:54.063+0000] {logging_mixin.py:190} INFO - [2024-11-03T06:13:54.063+0000] {dag.py:3239} INFO - Sync 1 DAGs
[2024-11-03T06:13:54.129+0000] {logging_mixin.py:190} INFO - [2024-11-03T06:13:54.128+0000] {dag.py:4180} INFO - Setting next_dagrun for example_nested_branch_dag to 2024-11-02 00:00:00+00:00, run_after=2024-11-03 00:00:00+00:00
[2024-11-03T06:13:54.185+0000] {processor.py:208} INFO - Processing /home/airflow/.local/lib/python3.12/site-packages/airflow/example_dags/example_nested_branch_dag.py took 0.252 seconds
[2024-11-03T06:14:24.997+0000] {processor.py:186} INFO - Started process (PID=2352) to work on /home/airflow/.local/lib/python3.12/site-packages/airflow/example_dags/example_nested_branch_dag.py
[2024-11-03T06:14:24.999+0000] {processor.py:914} INFO - Processing file /home/airflow/.local/lib/python3.12/site-packages/airflow/example_dags/example_nested_branch_dag.py for tasks to queue
[2024-11-03T06:14:25.002+0000] {logging_mixin.py:190} INFO - [2024-11-03T06:14:25.001+0000] {dagbag.py:588} INFO - Filling up the DagBag from /home/airflow/.local/lib/python3.12/site-packages/airflow/example_dags/example_nested_branch_dag.py
[2024-11-03T06:14:25.020+0000] {processor.py:925} INFO - DAG(s) 'example_nested_branch_dag' retrieved from /home/airflow/.local/lib/python3.12/site-packages/airflow/example_dags/example_nested_branch_dag.py
[2024-11-03T06:14:25.051+0000] {logging_mixin.py:190} INFO - [2024-11-03T06:14:25.050+0000] {dag.py:3239} INFO - Sync 1 DAGs
[2024-11-03T06:14:25.081+0000] {logging_mixin.py:190} INFO - [2024-11-03T06:14:25.081+0000] {dag.py:4180} INFO - Setting next_dagrun for example_nested_branch_dag to 2024-11-02 00:00:00+00:00, run_after=2024-11-03 00:00:00+00:00
[2024-11-03T06:14:25.102+0000] {processor.py:208} INFO - Processing /home/airflow/.local/lib/python3.12/site-packages/airflow/example_dags/example_nested_branch_dag.py took 0.113 seconds
[2024-11-03T06:14:55.436+0000] {processor.py:186} INFO - Started process (PID=2643) to work on /home/airflow/.local/lib/python3.12/site-packages/airflow/example_dags/example_nested_branch_dag.py
[2024-11-03T06:14:55.437+0000] {processor.py:914} INFO - Processing file /home/airflow/.local/lib/python3.12/site-packages/airflow/example_dags/example_nested_branch_dag.py for tasks to queue
[2024-11-03T06:14:55.439+0000] {logging_mixin.py:190} INFO - [2024-11-03T06:14:55.439+0000] {dagbag.py:588} INFO - Filling up the DagBag from /home/airflow/.local/lib/python3.12/site-packages/airflow/example_dags/example_nested_branch_dag.py
[2024-11-03T06:14:55.453+0000] {processor.py:925} INFO - DAG(s) 'example_nested_branch_dag' retrieved from /home/airflow/.local/lib/python3.12/site-packages/airflow/example_dags/example_nested_branch_dag.py
[2024-11-03T06:14:55.478+0000] {logging_mixin.py:190} INFO - [2024-11-03T06:14:55.478+0000] {dag.py:3239} INFO - Sync 1 DAGs
[2024-11-03T06:14:55.510+0000] {logging_mixin.py:190} INFO - [2024-11-03T06:14:55.509+0000] {dag.py:4180} INFO - Setting next_dagrun for example_nested_branch_dag to 2024-11-02 00:00:00+00:00, run_after=2024-11-03 00:00:00+00:00
[2024-11-03T06:14:55.535+0000] {processor.py:208} INFO - Processing /home/airflow/.local/lib/python3.12/site-packages/airflow/example_dags/example_nested_branch_dag.py took 0.106 seconds
[2024-11-03T06:15:25.693+0000] {processor.py:186} INFO - Started process (PID=2929) to work on /home/airflow/.local/lib/python3.12/site-packages/airflow/example_dags/example_nested_branch_dag.py
[2024-11-03T06:15:25.695+0000] {processor.py:914} INFO - Processing file /home/airflow/.local/lib/python3.12/site-packages/airflow/example_dags/example_nested_branch_dag.py for tasks to queue
[2024-11-03T06:15:25.697+0000] {logging_mixin.py:190} INFO - [2024-11-03T06:15:25.697+0000] {dagbag.py:588} INFO - Filling up the DagBag from /home/airflow/.local/lib/python3.12/site-packages/airflow/example_dags/example_nested_branch_dag.py
[2024-11-03T06:15:25.710+0000] {processor.py:925} INFO - DAG(s) 'example_nested_branch_dag' retrieved from /home/airflow/.local/lib/python3.12/site-packages/airflow/example_dags/example_nested_branch_dag.py
[2024-11-03T06:15:25.739+0000] {logging_mixin.py:190} INFO - [2024-11-03T06:15:25.739+0000] {dag.py:3239} INFO - Sync 1 DAGs
[2024-11-03T06:15:25.776+0000] {logging_mixin.py:190} INFO - [2024-11-03T06:15:25.775+0000] {dag.py:4180} INFO - Setting next_dagrun for example_nested_branch_dag to 2024-11-02 00:00:00+00:00, run_after=2024-11-03 00:00:00+00:00
[2024-11-03T06:15:25.805+0000] {processor.py:208} INFO - Processing /home/airflow/.local/lib/python3.12/site-packages/airflow/example_dags/example_nested_branch_dag.py took 0.119 seconds
