[2024-11-03T05:29:33.823+0000] {processor.py:186} INFO - Started process (PID=383) to work on /home/airflow/.local/lib/python3.12/site-packages/airflow/example_dags/example_trigger_target_dag.py
[2024-11-03T05:29:33.825+0000] {processor.py:914} INFO - Processing file /home/airflow/.local/lib/python3.12/site-packages/airflow/example_dags/example_trigger_target_dag.py for tasks to queue
[2024-11-03T05:29:33.828+0000] {logging_mixin.py:190} INFO - [2024-11-03T05:29:33.828+0000] {dagbag.py:588} INFO - Filling up the DagBag from /home/airflow/.local/lib/python3.12/site-packages/airflow/example_dags/example_trigger_target_dag.py
[2024-11-03T05:29:33.842+0000] {processor.py:925} INFO - DAG(s) 'example_trigger_target_dag' retrieved from /home/airflow/.local/lib/python3.12/site-packages/airflow/example_dags/example_trigger_target_dag.py
[2024-11-03T05:29:34.022+0000] {logging_mixin.py:190} INFO - [2024-11-03T05:29:34.021+0000] {override.py:1900} INFO - Created Permission View: can delete on DAG:example_trigger_target_dag
[2024-11-03T05:29:34.039+0000] {logging_mixin.py:190} INFO - [2024-11-03T05:29:34.038+0000] {override.py:1900} INFO - Created Permission View: can edit on DAG:example_trigger_target_dag
[2024-11-03T05:29:34.050+0000] {logging_mixin.py:190} INFO - [2024-11-03T05:29:34.050+0000] {override.py:1900} INFO - Created Permission View: can read on DAG:example_trigger_target_dag
[2024-11-03T05:29:34.066+0000] {logging_mixin.py:190} INFO - [2024-11-03T05:29:34.065+0000] {override.py:1900} INFO - Created Permission View: can delete on DAG Run:example_trigger_target_dag
[2024-11-03T05:29:34.077+0000] {logging_mixin.py:190} INFO - [2024-11-03T05:29:34.077+0000] {override.py:1900} INFO - Created Permission View: menu access on DAG Run:example_trigger_target_dag
[2024-11-03T05:29:34.090+0000] {logging_mixin.py:190} INFO - [2024-11-03T05:29:34.090+0000] {override.py:1900} INFO - Created Permission View: can create on DAG Run:example_trigger_target_dag
[2024-11-03T05:29:34.103+0000] {logging_mixin.py:190} INFO - [2024-11-03T05:29:34.103+0000] {override.py:1900} INFO - Created Permission View: can read on DAG Run:example_trigger_target_dag
[2024-11-03T05:29:34.104+0000] {logging_mixin.py:190} INFO - [2024-11-03T05:29:34.104+0000] {dag.py:3239} INFO - Sync 1 DAGs
[2024-11-03T05:29:34.123+0000] {logging_mixin.py:190} INFO - [2024-11-03T05:29:34.122+0000] {dag.py:3262} INFO - Creating ORM DAG for example_trigger_target_dag
[2024-11-03T05:29:34.124+0000] {logging_mixin.py:190} INFO - [2024-11-03T05:29:34.123+0000] {dag.py:4180} INFO - Setting next_dagrun for example_trigger_target_dag to None, run_after=None
[2024-11-03T05:29:34.148+0000] {processor.py:208} INFO - Processing /home/airflow/.local/lib/python3.12/site-packages/airflow/example_dags/example_trigger_target_dag.py took 0.335 seconds
[2024-11-03T05:30:04.675+0000] {processor.py:186} INFO - Started process (PID=674) to work on /home/airflow/.local/lib/python3.12/site-packages/airflow/example_dags/example_trigger_target_dag.py
[2024-11-03T05:30:04.677+0000] {processor.py:914} INFO - Processing file /home/airflow/.local/lib/python3.12/site-packages/airflow/example_dags/example_trigger_target_dag.py for tasks to queue
[2024-11-03T05:30:04.679+0000] {logging_mixin.py:190} INFO - [2024-11-03T05:30:04.679+0000] {dagbag.py:588} INFO - Filling up the DagBag from /home/airflow/.local/lib/python3.12/site-packages/airflow/example_dags/example_trigger_target_dag.py
[2024-11-03T05:30:04.689+0000] {processor.py:925} INFO - DAG(s) 'example_trigger_target_dag' retrieved from /home/airflow/.local/lib/python3.12/site-packages/airflow/example_dags/example_trigger_target_dag.py
[2024-11-03T05:30:04.714+0000] {logging_mixin.py:190} INFO - [2024-11-03T05:30:04.713+0000] {dag.py:3239} INFO - Sync 1 DAGs
[2024-11-03T05:30:04.733+0000] {logging_mixin.py:190} INFO - [2024-11-03T05:30:04.733+0000] {dag.py:4180} INFO - Setting next_dagrun for example_trigger_target_dag to None, run_after=None
[2024-11-03T05:30:04.761+0000] {processor.py:208} INFO - Processing /home/airflow/.local/lib/python3.12/site-packages/airflow/example_dags/example_trigger_target_dag.py took 0.093 seconds
[2024-11-03T05:30:35.458+0000] {processor.py:186} INFO - Started process (PID=963) to work on /home/airflow/.local/lib/python3.12/site-packages/airflow/example_dags/example_trigger_target_dag.py
[2024-11-03T05:30:35.460+0000] {processor.py:914} INFO - Processing file /home/airflow/.local/lib/python3.12/site-packages/airflow/example_dags/example_trigger_target_dag.py for tasks to queue
[2024-11-03T05:30:35.463+0000] {logging_mixin.py:190} INFO - [2024-11-03T05:30:35.462+0000] {dagbag.py:588} INFO - Filling up the DagBag from /home/airflow/.local/lib/python3.12/site-packages/airflow/example_dags/example_trigger_target_dag.py
[2024-11-03T05:30:35.473+0000] {processor.py:925} INFO - DAG(s) 'example_trigger_target_dag' retrieved from /home/airflow/.local/lib/python3.12/site-packages/airflow/example_dags/example_trigger_target_dag.py
[2024-11-03T05:30:35.497+0000] {logging_mixin.py:190} INFO - [2024-11-03T05:30:35.497+0000] {dag.py:3239} INFO - Sync 1 DAGs
[2024-11-03T05:30:35.516+0000] {logging_mixin.py:190} INFO - [2024-11-03T05:30:35.515+0000] {dag.py:4180} INFO - Setting next_dagrun for example_trigger_target_dag to None, run_after=None
[2024-11-03T05:30:35.542+0000] {processor.py:208} INFO - Processing /home/airflow/.local/lib/python3.12/site-packages/airflow/example_dags/example_trigger_target_dag.py took 0.091 seconds
[2024-11-03T05:31:05.982+0000] {processor.py:186} INFO - Started process (PID=1254) to work on /home/airflow/.local/lib/python3.12/site-packages/airflow/example_dags/example_trigger_target_dag.py
[2024-11-03T05:31:05.983+0000] {processor.py:914} INFO - Processing file /home/airflow/.local/lib/python3.12/site-packages/airflow/example_dags/example_trigger_target_dag.py for tasks to queue
[2024-11-03T05:31:05.987+0000] {logging_mixin.py:190} INFO - [2024-11-03T05:31:05.986+0000] {dagbag.py:588} INFO - Filling up the DagBag from /home/airflow/.local/lib/python3.12/site-packages/airflow/example_dags/example_trigger_target_dag.py
[2024-11-03T05:31:05.999+0000] {processor.py:925} INFO - DAG(s) 'example_trigger_target_dag' retrieved from /home/airflow/.local/lib/python3.12/site-packages/airflow/example_dags/example_trigger_target_dag.py
[2024-11-03T05:31:06.021+0000] {logging_mixin.py:190} INFO - [2024-11-03T05:31:06.021+0000] {dag.py:3239} INFO - Sync 1 DAGs
[2024-11-03T05:31:06.045+0000] {logging_mixin.py:190} INFO - [2024-11-03T05:31:06.045+0000] {dag.py:4180} INFO - Setting next_dagrun for example_trigger_target_dag to None, run_after=None
[2024-11-03T05:31:06.075+0000] {processor.py:208} INFO - Processing /home/airflow/.local/lib/python3.12/site-packages/airflow/example_dags/example_trigger_target_dag.py took 0.102 seconds
[2024-11-03T05:31:36.594+0000] {processor.py:186} INFO - Started process (PID=1545) to work on /home/airflow/.local/lib/python3.12/site-packages/airflow/example_dags/example_trigger_target_dag.py
[2024-11-03T05:31:36.595+0000] {processor.py:914} INFO - Processing file /home/airflow/.local/lib/python3.12/site-packages/airflow/example_dags/example_trigger_target_dag.py for tasks to queue
[2024-11-03T05:31:36.600+0000] {logging_mixin.py:190} INFO - [2024-11-03T05:31:36.599+0000] {dagbag.py:588} INFO - Filling up the DagBag from /home/airflow/.local/lib/python3.12/site-packages/airflow/example_dags/example_trigger_target_dag.py
[2024-11-03T05:31:36.607+0000] {processor.py:925} INFO - DAG(s) 'example_trigger_target_dag' retrieved from /home/airflow/.local/lib/python3.12/site-packages/airflow/example_dags/example_trigger_target_dag.py
[2024-11-03T05:31:36.633+0000] {logging_mixin.py:190} INFO - [2024-11-03T05:31:36.632+0000] {dag.py:3239} INFO - Sync 1 DAGs
[2024-11-03T05:31:36.651+0000] {logging_mixin.py:190} INFO - [2024-11-03T05:31:36.651+0000] {dag.py:4180} INFO - Setting next_dagrun for example_trigger_target_dag to None, run_after=None
[2024-11-03T05:31:36.675+0000] {processor.py:208} INFO - Processing /home/airflow/.local/lib/python3.12/site-packages/airflow/example_dags/example_trigger_target_dag.py took 0.087 seconds
[2024-11-03T05:32:07.423+0000] {processor.py:186} INFO - Started process (PID=1836) to work on /home/airflow/.local/lib/python3.12/site-packages/airflow/example_dags/example_trigger_target_dag.py
[2024-11-03T05:32:07.424+0000] {processor.py:914} INFO - Processing file /home/airflow/.local/lib/python3.12/site-packages/airflow/example_dags/example_trigger_target_dag.py for tasks to queue
[2024-11-03T05:32:07.427+0000] {logging_mixin.py:190} INFO - [2024-11-03T05:32:07.427+0000] {dagbag.py:588} INFO - Filling up the DagBag from /home/airflow/.local/lib/python3.12/site-packages/airflow/example_dags/example_trigger_target_dag.py
[2024-11-03T05:32:07.435+0000] {processor.py:925} INFO - DAG(s) 'example_trigger_target_dag' retrieved from /home/airflow/.local/lib/python3.12/site-packages/airflow/example_dags/example_trigger_target_dag.py
[2024-11-03T05:32:07.457+0000] {logging_mixin.py:190} INFO - [2024-11-03T05:32:07.457+0000] {dag.py:3239} INFO - Sync 1 DAGs
[2024-11-03T05:32:07.475+0000] {logging_mixin.py:190} INFO - [2024-11-03T05:32:07.475+0000] {dag.py:4180} INFO - Setting next_dagrun for example_trigger_target_dag to None, run_after=None
[2024-11-03T05:32:07.498+0000] {processor.py:208} INFO - Processing /home/airflow/.local/lib/python3.12/site-packages/airflow/example_dags/example_trigger_target_dag.py took 0.080 seconds
[2024-11-03T05:32:38.448+0000] {processor.py:186} INFO - Started process (PID=2127) to work on /home/airflow/.local/lib/python3.12/site-packages/airflow/example_dags/example_trigger_target_dag.py
[2024-11-03T05:32:38.449+0000] {processor.py:914} INFO - Processing file /home/airflow/.local/lib/python3.12/site-packages/airflow/example_dags/example_trigger_target_dag.py for tasks to queue
[2024-11-03T05:32:38.453+0000] {logging_mixin.py:190} INFO - [2024-11-03T05:32:38.453+0000] {dagbag.py:588} INFO - Filling up the DagBag from /home/airflow/.local/lib/python3.12/site-packages/airflow/example_dags/example_trigger_target_dag.py
[2024-11-03T05:32:38.468+0000] {processor.py:925} INFO - DAG(s) 'example_trigger_target_dag' retrieved from /home/airflow/.local/lib/python3.12/site-packages/airflow/example_dags/example_trigger_target_dag.py
[2024-11-03T05:32:38.493+0000] {logging_mixin.py:190} INFO - [2024-11-03T05:32:38.493+0000] {dag.py:3239} INFO - Sync 1 DAGs
[2024-11-03T05:32:38.519+0000] {logging_mixin.py:190} INFO - [2024-11-03T05:32:38.518+0000] {dag.py:4180} INFO - Setting next_dagrun for example_trigger_target_dag to None, run_after=None
[2024-11-03T05:32:38.548+0000] {processor.py:208} INFO - Processing /home/airflow/.local/lib/python3.12/site-packages/airflow/example_dags/example_trigger_target_dag.py took 0.111 seconds
[2024-11-03T05:33:08.672+0000] {processor.py:186} INFO - Started process (PID=2419) to work on /home/airflow/.local/lib/python3.12/site-packages/airflow/example_dags/example_trigger_target_dag.py
[2024-11-03T05:33:08.673+0000] {processor.py:914} INFO - Processing file /home/airflow/.local/lib/python3.12/site-packages/airflow/example_dags/example_trigger_target_dag.py for tasks to queue
[2024-11-03T05:33:08.676+0000] {logging_mixin.py:190} INFO - [2024-11-03T05:33:08.675+0000] {dagbag.py:588} INFO - Filling up the DagBag from /home/airflow/.local/lib/python3.12/site-packages/airflow/example_dags/example_trigger_target_dag.py
[2024-11-03T05:33:08.685+0000] {processor.py:925} INFO - DAG(s) 'example_trigger_target_dag' retrieved from /home/airflow/.local/lib/python3.12/site-packages/airflow/example_dags/example_trigger_target_dag.py
[2024-11-03T05:33:08.706+0000] {logging_mixin.py:190} INFO - [2024-11-03T05:33:08.706+0000] {dag.py:3239} INFO - Sync 1 DAGs
[2024-11-03T05:33:08.723+0000] {logging_mixin.py:190} INFO - [2024-11-03T05:33:08.723+0000] {dag.py:4180} INFO - Setting next_dagrun for example_trigger_target_dag to None, run_after=None
[2024-11-03T05:33:08.760+0000] {processor.py:208} INFO - Processing /home/airflow/.local/lib/python3.12/site-packages/airflow/example_dags/example_trigger_target_dag.py took 0.095 seconds
[2024-11-03T05:33:39.036+0000] {processor.py:186} INFO - Started process (PID=2712) to work on /home/airflow/.local/lib/python3.12/site-packages/airflow/example_dags/example_trigger_target_dag.py
[2024-11-03T05:33:39.038+0000] {processor.py:914} INFO - Processing file /home/airflow/.local/lib/python3.12/site-packages/airflow/example_dags/example_trigger_target_dag.py for tasks to queue
[2024-11-03T05:33:39.044+0000] {logging_mixin.py:190} INFO - [2024-11-03T05:33:39.043+0000] {dagbag.py:588} INFO - Filling up the DagBag from /home/airflow/.local/lib/python3.12/site-packages/airflow/example_dags/example_trigger_target_dag.py
[2024-11-03T05:33:39.059+0000] {processor.py:925} INFO - DAG(s) 'example_trigger_target_dag' retrieved from /home/airflow/.local/lib/python3.12/site-packages/airflow/example_dags/example_trigger_target_dag.py
[2024-11-03T05:33:39.089+0000] {logging_mixin.py:190} INFO - [2024-11-03T05:33:39.088+0000] {dag.py:3239} INFO - Sync 1 DAGs
[2024-11-03T05:33:39.119+0000] {logging_mixin.py:190} INFO - [2024-11-03T05:33:39.119+0000] {dag.py:4180} INFO - Setting next_dagrun for example_trigger_target_dag to None, run_after=None
[2024-11-03T05:33:39.164+0000] {processor.py:208} INFO - Processing /home/airflow/.local/lib/python3.12/site-packages/airflow/example_dags/example_trigger_target_dag.py took 0.139 seconds
[2024-11-03T05:34:09.922+0000] {processor.py:186} INFO - Started process (PID=3001) to work on /home/airflow/.local/lib/python3.12/site-packages/airflow/example_dags/example_trigger_target_dag.py
[2024-11-03T05:34:09.923+0000] {processor.py:914} INFO - Processing file /home/airflow/.local/lib/python3.12/site-packages/airflow/example_dags/example_trigger_target_dag.py for tasks to queue
[2024-11-03T05:34:09.927+0000] {logging_mixin.py:190} INFO - [2024-11-03T05:34:09.926+0000] {dagbag.py:588} INFO - Filling up the DagBag from /home/airflow/.local/lib/python3.12/site-packages/airflow/example_dags/example_trigger_target_dag.py
[2024-11-03T05:34:09.936+0000] {processor.py:925} INFO - DAG(s) 'example_trigger_target_dag' retrieved from /home/airflow/.local/lib/python3.12/site-packages/airflow/example_dags/example_trigger_target_dag.py
[2024-11-03T05:34:09.960+0000] {logging_mixin.py:190} INFO - [2024-11-03T05:34:09.960+0000] {dag.py:3239} INFO - Sync 1 DAGs
[2024-11-03T05:34:09.992+0000] {logging_mixin.py:190} INFO - [2024-11-03T05:34:09.992+0000] {dag.py:4180} INFO - Setting next_dagrun for example_trigger_target_dag to None, run_after=None
[2024-11-03T05:34:10.038+0000] {processor.py:208} INFO - Processing /home/airflow/.local/lib/python3.12/site-packages/airflow/example_dags/example_trigger_target_dag.py took 0.123 seconds
[2024-11-03T05:34:40.575+0000] {processor.py:186} INFO - Started process (PID=3292) to work on /home/airflow/.local/lib/python3.12/site-packages/airflow/example_dags/example_trigger_target_dag.py
[2024-11-03T05:34:40.576+0000] {processor.py:914} INFO - Processing file /home/airflow/.local/lib/python3.12/site-packages/airflow/example_dags/example_trigger_target_dag.py for tasks to queue
[2024-11-03T05:34:40.580+0000] {logging_mixin.py:190} INFO - [2024-11-03T05:34:40.579+0000] {dagbag.py:588} INFO - Filling up the DagBag from /home/airflow/.local/lib/python3.12/site-packages/airflow/example_dags/example_trigger_target_dag.py
[2024-11-03T05:34:40.589+0000] {processor.py:925} INFO - DAG(s) 'example_trigger_target_dag' retrieved from /home/airflow/.local/lib/python3.12/site-packages/airflow/example_dags/example_trigger_target_dag.py
[2024-11-03T05:34:40.611+0000] {logging_mixin.py:190} INFO - [2024-11-03T05:34:40.610+0000] {dag.py:3239} INFO - Sync 1 DAGs
[2024-11-03T05:34:40.630+0000] {logging_mixin.py:190} INFO - [2024-11-03T05:34:40.629+0000] {dag.py:4180} INFO - Setting next_dagrun for example_trigger_target_dag to None, run_after=None
[2024-11-03T05:34:40.654+0000] {processor.py:208} INFO - Processing /home/airflow/.local/lib/python3.12/site-packages/airflow/example_dags/example_trigger_target_dag.py took 0.086 seconds
[2024-11-03T05:35:11.196+0000] {processor.py:186} INFO - Started process (PID=3583) to work on /home/airflow/.local/lib/python3.12/site-packages/airflow/example_dags/example_trigger_target_dag.py
[2024-11-03T05:35:11.198+0000] {processor.py:914} INFO - Processing file /home/airflow/.local/lib/python3.12/site-packages/airflow/example_dags/example_trigger_target_dag.py for tasks to queue
[2024-11-03T05:35:11.203+0000] {logging_mixin.py:190} INFO - [2024-11-03T05:35:11.203+0000] {dagbag.py:588} INFO - Filling up the DagBag from /home/airflow/.local/lib/python3.12/site-packages/airflow/example_dags/example_trigger_target_dag.py
[2024-11-03T05:35:11.215+0000] {processor.py:925} INFO - DAG(s) 'example_trigger_target_dag' retrieved from /home/airflow/.local/lib/python3.12/site-packages/airflow/example_dags/example_trigger_target_dag.py
[2024-11-03T05:35:11.248+0000] {logging_mixin.py:190} INFO - [2024-11-03T05:35:11.248+0000] {dag.py:3239} INFO - Sync 1 DAGs
[2024-11-03T05:35:11.274+0000] {logging_mixin.py:190} INFO - [2024-11-03T05:35:11.274+0000] {dag.py:4180} INFO - Setting next_dagrun for example_trigger_target_dag to None, run_after=None
[2024-11-03T05:35:11.311+0000] {processor.py:208} INFO - Processing /home/airflow/.local/lib/python3.12/site-packages/airflow/example_dags/example_trigger_target_dag.py took 0.124 seconds
[2024-11-03T05:35:41.426+0000] {processor.py:186} INFO - Started process (PID=3876) to work on /home/airflow/.local/lib/python3.12/site-packages/airflow/example_dags/example_trigger_target_dag.py
[2024-11-03T05:35:41.427+0000] {processor.py:914} INFO - Processing file /home/airflow/.local/lib/python3.12/site-packages/airflow/example_dags/example_trigger_target_dag.py for tasks to queue
[2024-11-03T05:35:41.430+0000] {logging_mixin.py:190} INFO - [2024-11-03T05:35:41.430+0000] {dagbag.py:588} INFO - Filling up the DagBag from /home/airflow/.local/lib/python3.12/site-packages/airflow/example_dags/example_trigger_target_dag.py
[2024-11-03T05:35:41.437+0000] {processor.py:925} INFO - DAG(s) 'example_trigger_target_dag' retrieved from /home/airflow/.local/lib/python3.12/site-packages/airflow/example_dags/example_trigger_target_dag.py
[2024-11-03T05:35:41.456+0000] {logging_mixin.py:190} INFO - [2024-11-03T05:35:41.456+0000] {dag.py:3239} INFO - Sync 1 DAGs
[2024-11-03T05:35:41.471+0000] {logging_mixin.py:190} INFO - [2024-11-03T05:35:41.470+0000] {dag.py:4180} INFO - Setting next_dagrun for example_trigger_target_dag to None, run_after=None
[2024-11-03T05:35:41.492+0000] {processor.py:208} INFO - Processing /home/airflow/.local/lib/python3.12/site-packages/airflow/example_dags/example_trigger_target_dag.py took 0.071 seconds
[2024-11-03T05:36:11.768+0000] {processor.py:186} INFO - Started process (PID=4165) to work on /home/airflow/.local/lib/python3.12/site-packages/airflow/example_dags/example_trigger_target_dag.py
[2024-11-03T05:36:11.769+0000] {processor.py:914} INFO - Processing file /home/airflow/.local/lib/python3.12/site-packages/airflow/example_dags/example_trigger_target_dag.py for tasks to queue
[2024-11-03T05:36:11.773+0000] {logging_mixin.py:190} INFO - [2024-11-03T05:36:11.772+0000] {dagbag.py:588} INFO - Filling up the DagBag from /home/airflow/.local/lib/python3.12/site-packages/airflow/example_dags/example_trigger_target_dag.py
[2024-11-03T05:36:11.780+0000] {processor.py:925} INFO - DAG(s) 'example_trigger_target_dag' retrieved from /home/airflow/.local/lib/python3.12/site-packages/airflow/example_dags/example_trigger_target_dag.py
[2024-11-03T05:36:11.806+0000] {logging_mixin.py:190} INFO - [2024-11-03T05:36:11.805+0000] {dag.py:3239} INFO - Sync 1 DAGs
[2024-11-03T05:36:11.826+0000] {logging_mixin.py:190} INFO - [2024-11-03T05:36:11.825+0000] {dag.py:4180} INFO - Setting next_dagrun for example_trigger_target_dag to None, run_after=None
[2024-11-03T05:36:11.865+0000] {processor.py:208} INFO - Processing /home/airflow/.local/lib/python3.12/site-packages/airflow/example_dags/example_trigger_target_dag.py took 0.105 seconds
[2024-11-03T05:36:42.036+0000] {processor.py:186} INFO - Started process (PID=4456) to work on /home/airflow/.local/lib/python3.12/site-packages/airflow/example_dags/example_trigger_target_dag.py
[2024-11-03T05:36:42.038+0000] {processor.py:914} INFO - Processing file /home/airflow/.local/lib/python3.12/site-packages/airflow/example_dags/example_trigger_target_dag.py for tasks to queue
[2024-11-03T05:36:42.041+0000] {logging_mixin.py:190} INFO - [2024-11-03T05:36:42.040+0000] {dagbag.py:588} INFO - Filling up the DagBag from /home/airflow/.local/lib/python3.12/site-packages/airflow/example_dags/example_trigger_target_dag.py
[2024-11-03T05:36:42.048+0000] {processor.py:925} INFO - DAG(s) 'example_trigger_target_dag' retrieved from /home/airflow/.local/lib/python3.12/site-packages/airflow/example_dags/example_trigger_target_dag.py
[2024-11-03T05:36:42.067+0000] {logging_mixin.py:190} INFO - [2024-11-03T05:36:42.067+0000] {dag.py:3239} INFO - Sync 1 DAGs
[2024-11-03T05:36:42.081+0000] {logging_mixin.py:190} INFO - [2024-11-03T05:36:42.081+0000] {dag.py:4180} INFO - Setting next_dagrun for example_trigger_target_dag to None, run_after=None
[2024-11-03T05:36:42.104+0000] {processor.py:208} INFO - Processing /home/airflow/.local/lib/python3.12/site-packages/airflow/example_dags/example_trigger_target_dag.py took 0.074 seconds
[2024-11-03T05:37:12.341+0000] {processor.py:186} INFO - Started process (PID=4747) to work on /home/airflow/.local/lib/python3.12/site-packages/airflow/example_dags/example_trigger_target_dag.py
[2024-11-03T05:37:12.342+0000] {processor.py:914} INFO - Processing file /home/airflow/.local/lib/python3.12/site-packages/airflow/example_dags/example_trigger_target_dag.py for tasks to queue
[2024-11-03T05:37:12.346+0000] {logging_mixin.py:190} INFO - [2024-11-03T05:37:12.345+0000] {dagbag.py:588} INFO - Filling up the DagBag from /home/airflow/.local/lib/python3.12/site-packages/airflow/example_dags/example_trigger_target_dag.py
[2024-11-03T05:37:12.355+0000] {processor.py:925} INFO - DAG(s) 'example_trigger_target_dag' retrieved from /home/airflow/.local/lib/python3.12/site-packages/airflow/example_dags/example_trigger_target_dag.py
[2024-11-03T05:37:12.377+0000] {logging_mixin.py:190} INFO - [2024-11-03T05:37:12.377+0000] {dag.py:3239} INFO - Sync 1 DAGs
[2024-11-03T05:37:12.394+0000] {logging_mixin.py:190} INFO - [2024-11-03T05:37:12.393+0000] {dag.py:4180} INFO - Setting next_dagrun for example_trigger_target_dag to None, run_after=None
[2024-11-03T05:37:12.417+0000] {processor.py:208} INFO - Processing /home/airflow/.local/lib/python3.12/site-packages/airflow/example_dags/example_trigger_target_dag.py took 0.083 seconds
[2024-11-03T05:37:42.858+0000] {processor.py:186} INFO - Started process (PID=5038) to work on /home/airflow/.local/lib/python3.12/site-packages/airflow/example_dags/example_trigger_target_dag.py
[2024-11-03T05:37:42.859+0000] {processor.py:914} INFO - Processing file /home/airflow/.local/lib/python3.12/site-packages/airflow/example_dags/example_trigger_target_dag.py for tasks to queue
[2024-11-03T05:37:42.863+0000] {logging_mixin.py:190} INFO - [2024-11-03T05:37:42.862+0000] {dagbag.py:588} INFO - Filling up the DagBag from /home/airflow/.local/lib/python3.12/site-packages/airflow/example_dags/example_trigger_target_dag.py
[2024-11-03T05:37:42.870+0000] {processor.py:925} INFO - DAG(s) 'example_trigger_target_dag' retrieved from /home/airflow/.local/lib/python3.12/site-packages/airflow/example_dags/example_trigger_target_dag.py
[2024-11-03T05:37:42.890+0000] {logging_mixin.py:190} INFO - [2024-11-03T05:37:42.890+0000] {dag.py:3239} INFO - Sync 1 DAGs
[2024-11-03T05:37:42.907+0000] {logging_mixin.py:190} INFO - [2024-11-03T05:37:42.906+0000] {dag.py:4180} INFO - Setting next_dagrun for example_trigger_target_dag to None, run_after=None
[2024-11-03T05:37:42.940+0000] {processor.py:208} INFO - Processing /home/airflow/.local/lib/python3.12/site-packages/airflow/example_dags/example_trigger_target_dag.py took 0.089 seconds
[2024-11-03T05:38:13.771+0000] {processor.py:186} INFO - Started process (PID=5329) to work on /home/airflow/.local/lib/python3.12/site-packages/airflow/example_dags/example_trigger_target_dag.py
[2024-11-03T05:38:13.772+0000] {processor.py:914} INFO - Processing file /home/airflow/.local/lib/python3.12/site-packages/airflow/example_dags/example_trigger_target_dag.py for tasks to queue
[2024-11-03T05:38:13.774+0000] {logging_mixin.py:190} INFO - [2024-11-03T05:38:13.774+0000] {dagbag.py:588} INFO - Filling up the DagBag from /home/airflow/.local/lib/python3.12/site-packages/airflow/example_dags/example_trigger_target_dag.py
[2024-11-03T05:38:13.782+0000] {processor.py:925} INFO - DAG(s) 'example_trigger_target_dag' retrieved from /home/airflow/.local/lib/python3.12/site-packages/airflow/example_dags/example_trigger_target_dag.py
[2024-11-03T05:38:13.802+0000] {logging_mixin.py:190} INFO - [2024-11-03T05:38:13.802+0000] {dag.py:3239} INFO - Sync 1 DAGs
[2024-11-03T05:38:13.817+0000] {logging_mixin.py:190} INFO - [2024-11-03T05:38:13.817+0000] {dag.py:4180} INFO - Setting next_dagrun for example_trigger_target_dag to None, run_after=None
[2024-11-03T05:38:13.839+0000] {processor.py:208} INFO - Processing /home/airflow/.local/lib/python3.12/site-packages/airflow/example_dags/example_trigger_target_dag.py took 0.075 seconds
[2024-11-03T05:38:44.802+0000] {processor.py:186} INFO - Started process (PID=5620) to work on /home/airflow/.local/lib/python3.12/site-packages/airflow/example_dags/example_trigger_target_dag.py
[2024-11-03T05:38:44.803+0000] {processor.py:914} INFO - Processing file /home/airflow/.local/lib/python3.12/site-packages/airflow/example_dags/example_trigger_target_dag.py for tasks to queue
[2024-11-03T05:38:44.806+0000] {logging_mixin.py:190} INFO - [2024-11-03T05:38:44.805+0000] {dagbag.py:588} INFO - Filling up the DagBag from /home/airflow/.local/lib/python3.12/site-packages/airflow/example_dags/example_trigger_target_dag.py
[2024-11-03T05:38:44.814+0000] {processor.py:925} INFO - DAG(s) 'example_trigger_target_dag' retrieved from /home/airflow/.local/lib/python3.12/site-packages/airflow/example_dags/example_trigger_target_dag.py
[2024-11-03T05:38:44.834+0000] {logging_mixin.py:190} INFO - [2024-11-03T05:38:44.834+0000] {dag.py:3239} INFO - Sync 1 DAGs
[2024-11-03T05:38:44.850+0000] {logging_mixin.py:190} INFO - [2024-11-03T05:38:44.850+0000] {dag.py:4180} INFO - Setting next_dagrun for example_trigger_target_dag to None, run_after=None
[2024-11-03T05:38:44.872+0000] {processor.py:208} INFO - Processing /home/airflow/.local/lib/python3.12/site-packages/airflow/example_dags/example_trigger_target_dag.py took 0.078 seconds
[2024-11-03T05:39:15.086+0000] {processor.py:186} INFO - Started process (PID=5911) to work on /home/airflow/.local/lib/python3.12/site-packages/airflow/example_dags/example_trigger_target_dag.py
[2024-11-03T05:39:15.087+0000] {processor.py:914} INFO - Processing file /home/airflow/.local/lib/python3.12/site-packages/airflow/example_dags/example_trigger_target_dag.py for tasks to queue
[2024-11-03T05:39:15.090+0000] {logging_mixin.py:190} INFO - [2024-11-03T05:39:15.089+0000] {dagbag.py:588} INFO - Filling up the DagBag from /home/airflow/.local/lib/python3.12/site-packages/airflow/example_dags/example_trigger_target_dag.py
[2024-11-03T05:39:15.098+0000] {processor.py:925} INFO - DAG(s) 'example_trigger_target_dag' retrieved from /home/airflow/.local/lib/python3.12/site-packages/airflow/example_dags/example_trigger_target_dag.py
[2024-11-03T05:39:15.118+0000] {logging_mixin.py:190} INFO - [2024-11-03T05:39:15.117+0000] {dag.py:3239} INFO - Sync 1 DAGs
[2024-11-03T05:39:15.133+0000] {logging_mixin.py:190} INFO - [2024-11-03T05:39:15.132+0000] {dag.py:4180} INFO - Setting next_dagrun for example_trigger_target_dag to None, run_after=None
[2024-11-03T05:39:15.155+0000] {processor.py:208} INFO - Processing /home/airflow/.local/lib/python3.12/site-packages/airflow/example_dags/example_trigger_target_dag.py took 0.074 seconds
[2024-11-03T05:39:45.776+0000] {processor.py:186} INFO - Started process (PID=6202) to work on /home/airflow/.local/lib/python3.12/site-packages/airflow/example_dags/example_trigger_target_dag.py
[2024-11-03T05:39:45.777+0000] {processor.py:914} INFO - Processing file /home/airflow/.local/lib/python3.12/site-packages/airflow/example_dags/example_trigger_target_dag.py for tasks to queue
[2024-11-03T05:39:45.780+0000] {logging_mixin.py:190} INFO - [2024-11-03T05:39:45.779+0000] {dagbag.py:588} INFO - Filling up the DagBag from /home/airflow/.local/lib/python3.12/site-packages/airflow/example_dags/example_trigger_target_dag.py
[2024-11-03T05:39:45.788+0000] {processor.py:925} INFO - DAG(s) 'example_trigger_target_dag' retrieved from /home/airflow/.local/lib/python3.12/site-packages/airflow/example_dags/example_trigger_target_dag.py
[2024-11-03T05:39:45.808+0000] {logging_mixin.py:190} INFO - [2024-11-03T05:39:45.808+0000] {dag.py:3239} INFO - Sync 1 DAGs
[2024-11-03T05:39:45.824+0000] {logging_mixin.py:190} INFO - [2024-11-03T05:39:45.824+0000] {dag.py:4180} INFO - Setting next_dagrun for example_trigger_target_dag to None, run_after=None
[2024-11-03T05:39:45.848+0000] {processor.py:208} INFO - Processing /home/airflow/.local/lib/python3.12/site-packages/airflow/example_dags/example_trigger_target_dag.py took 0.078 seconds
[2024-11-03T05:40:16.120+0000] {processor.py:186} INFO - Started process (PID=6493) to work on /home/airflow/.local/lib/python3.12/site-packages/airflow/example_dags/example_trigger_target_dag.py
[2024-11-03T05:40:16.121+0000] {processor.py:914} INFO - Processing file /home/airflow/.local/lib/python3.12/site-packages/airflow/example_dags/example_trigger_target_dag.py for tasks to queue
[2024-11-03T05:40:16.123+0000] {logging_mixin.py:190} INFO - [2024-11-03T05:40:16.123+0000] {dagbag.py:588} INFO - Filling up the DagBag from /home/airflow/.local/lib/python3.12/site-packages/airflow/example_dags/example_trigger_target_dag.py
[2024-11-03T05:40:16.130+0000] {processor.py:925} INFO - DAG(s) 'example_trigger_target_dag' retrieved from /home/airflow/.local/lib/python3.12/site-packages/airflow/example_dags/example_trigger_target_dag.py
[2024-11-03T05:40:16.151+0000] {logging_mixin.py:190} INFO - [2024-11-03T05:40:16.151+0000] {dag.py:3239} INFO - Sync 1 DAGs
[2024-11-03T05:40:16.167+0000] {logging_mixin.py:190} INFO - [2024-11-03T05:40:16.167+0000] {dag.py:4180} INFO - Setting next_dagrun for example_trigger_target_dag to None, run_after=None
[2024-11-03T05:40:16.190+0000] {processor.py:208} INFO - Processing /home/airflow/.local/lib/python3.12/site-packages/airflow/example_dags/example_trigger_target_dag.py took 0.076 seconds
[2024-11-03T05:40:46.701+0000] {processor.py:186} INFO - Started process (PID=6784) to work on /home/airflow/.local/lib/python3.12/site-packages/airflow/example_dags/example_trigger_target_dag.py
[2024-11-03T05:40:46.703+0000] {processor.py:914} INFO - Processing file /home/airflow/.local/lib/python3.12/site-packages/airflow/example_dags/example_trigger_target_dag.py for tasks to queue
[2024-11-03T05:40:46.706+0000] {logging_mixin.py:190} INFO - [2024-11-03T05:40:46.706+0000] {dagbag.py:588} INFO - Filling up the DagBag from /home/airflow/.local/lib/python3.12/site-packages/airflow/example_dags/example_trigger_target_dag.py
[2024-11-03T05:40:46.719+0000] {processor.py:925} INFO - DAG(s) 'example_trigger_target_dag' retrieved from /home/airflow/.local/lib/python3.12/site-packages/airflow/example_dags/example_trigger_target_dag.py
[2024-11-03T05:40:46.743+0000] {logging_mixin.py:190} INFO - [2024-11-03T05:40:46.743+0000] {dag.py:3239} INFO - Sync 1 DAGs
[2024-11-03T05:40:46.765+0000] {logging_mixin.py:190} INFO - [2024-11-03T05:40:46.765+0000] {dag.py:4180} INFO - Setting next_dagrun for example_trigger_target_dag to None, run_after=None
[2024-11-03T05:40:46.795+0000] {processor.py:208} INFO - Processing /home/airflow/.local/lib/python3.12/site-packages/airflow/example_dags/example_trigger_target_dag.py took 0.101 seconds
[2024-11-03T05:41:17.308+0000] {processor.py:186} INFO - Started process (PID=7075) to work on /home/airflow/.local/lib/python3.12/site-packages/airflow/example_dags/example_trigger_target_dag.py
[2024-11-03T05:41:17.310+0000] {processor.py:914} INFO - Processing file /home/airflow/.local/lib/python3.12/site-packages/airflow/example_dags/example_trigger_target_dag.py for tasks to queue
[2024-11-03T05:41:17.313+0000] {logging_mixin.py:190} INFO - [2024-11-03T05:41:17.313+0000] {dagbag.py:588} INFO - Filling up the DagBag from /home/airflow/.local/lib/python3.12/site-packages/airflow/example_dags/example_trigger_target_dag.py
[2024-11-03T05:41:17.321+0000] {processor.py:925} INFO - DAG(s) 'example_trigger_target_dag' retrieved from /home/airflow/.local/lib/python3.12/site-packages/airflow/example_dags/example_trigger_target_dag.py
[2024-11-03T05:41:17.342+0000] {logging_mixin.py:190} INFO - [2024-11-03T05:41:17.341+0000] {dag.py:3239} INFO - Sync 1 DAGs
[2024-11-03T05:41:17.360+0000] {logging_mixin.py:190} INFO - [2024-11-03T05:41:17.360+0000] {dag.py:4180} INFO - Setting next_dagrun for example_trigger_target_dag to None, run_after=None
[2024-11-03T05:41:17.381+0000] {processor.py:208} INFO - Processing /home/airflow/.local/lib/python3.12/site-packages/airflow/example_dags/example_trigger_target_dag.py took 0.082 seconds
[2024-11-03T05:41:47.838+0000] {processor.py:186} INFO - Started process (PID=7366) to work on /home/airflow/.local/lib/python3.12/site-packages/airflow/example_dags/example_trigger_target_dag.py
[2024-11-03T05:41:47.839+0000] {processor.py:914} INFO - Processing file /home/airflow/.local/lib/python3.12/site-packages/airflow/example_dags/example_trigger_target_dag.py for tasks to queue
[2024-11-03T05:41:47.841+0000] {logging_mixin.py:190} INFO - [2024-11-03T05:41:47.841+0000] {dagbag.py:588} INFO - Filling up the DagBag from /home/airflow/.local/lib/python3.12/site-packages/airflow/example_dags/example_trigger_target_dag.py
[2024-11-03T05:41:47.849+0000] {processor.py:925} INFO - DAG(s) 'example_trigger_target_dag' retrieved from /home/airflow/.local/lib/python3.12/site-packages/airflow/example_dags/example_trigger_target_dag.py
[2024-11-03T05:41:47.869+0000] {logging_mixin.py:190} INFO - [2024-11-03T05:41:47.869+0000] {dag.py:3239} INFO - Sync 1 DAGs
[2024-11-03T05:41:47.885+0000] {logging_mixin.py:190} INFO - [2024-11-03T05:41:47.885+0000] {dag.py:4180} INFO - Setting next_dagrun for example_trigger_target_dag to None, run_after=None
[2024-11-03T05:41:47.907+0000] {processor.py:208} INFO - Processing /home/airflow/.local/lib/python3.12/site-packages/airflow/example_dags/example_trigger_target_dag.py took 0.075 seconds
[2024-11-03T05:42:18.128+0000] {processor.py:186} INFO - Started process (PID=7657) to work on /home/airflow/.local/lib/python3.12/site-packages/airflow/example_dags/example_trigger_target_dag.py
[2024-11-03T05:42:18.129+0000] {processor.py:914} INFO - Processing file /home/airflow/.local/lib/python3.12/site-packages/airflow/example_dags/example_trigger_target_dag.py for tasks to queue
[2024-11-03T05:42:18.131+0000] {logging_mixin.py:190} INFO - [2024-11-03T05:42:18.131+0000] {dagbag.py:588} INFO - Filling up the DagBag from /home/airflow/.local/lib/python3.12/site-packages/airflow/example_dags/example_trigger_target_dag.py
[2024-11-03T05:42:18.140+0000] {processor.py:925} INFO - DAG(s) 'example_trigger_target_dag' retrieved from /home/airflow/.local/lib/python3.12/site-packages/airflow/example_dags/example_trigger_target_dag.py
[2024-11-03T05:42:18.159+0000] {logging_mixin.py:190} INFO - [2024-11-03T05:42:18.158+0000] {dag.py:3239} INFO - Sync 1 DAGs
[2024-11-03T05:42:18.175+0000] {logging_mixin.py:190} INFO - [2024-11-03T05:42:18.175+0000] {dag.py:4180} INFO - Setting next_dagrun for example_trigger_target_dag to None, run_after=None
[2024-11-03T05:42:18.198+0000] {processor.py:208} INFO - Processing /home/airflow/.local/lib/python3.12/site-packages/airflow/example_dags/example_trigger_target_dag.py took 0.076 seconds
[2024-11-03T05:42:48.919+0000] {processor.py:186} INFO - Started process (PID=7955) to work on /home/airflow/.local/lib/python3.12/site-packages/airflow/example_dags/example_trigger_target_dag.py
[2024-11-03T05:42:48.920+0000] {processor.py:914} INFO - Processing file /home/airflow/.local/lib/python3.12/site-packages/airflow/example_dags/example_trigger_target_dag.py for tasks to queue
[2024-11-03T05:42:48.922+0000] {logging_mixin.py:190} INFO - [2024-11-03T05:42:48.922+0000] {dagbag.py:588} INFO - Filling up the DagBag from /home/airflow/.local/lib/python3.12/site-packages/airflow/example_dags/example_trigger_target_dag.py
[2024-11-03T05:42:48.929+0000] {processor.py:925} INFO - DAG(s) 'example_trigger_target_dag' retrieved from /home/airflow/.local/lib/python3.12/site-packages/airflow/example_dags/example_trigger_target_dag.py
[2024-11-03T05:42:48.950+0000] {logging_mixin.py:190} INFO - [2024-11-03T05:42:48.950+0000] {dag.py:3239} INFO - Sync 1 DAGs
[2024-11-03T05:42:48.966+0000] {logging_mixin.py:190} INFO - [2024-11-03T05:42:48.966+0000] {dag.py:4180} INFO - Setting next_dagrun for example_trigger_target_dag to None, run_after=None
[2024-11-03T05:42:48.990+0000] {processor.py:208} INFO - Processing /home/airflow/.local/lib/python3.12/site-packages/airflow/example_dags/example_trigger_target_dag.py took 0.077 seconds
[2024-11-03T05:43:19.768+0000] {processor.py:186} INFO - Started process (PID=8246) to work on /home/airflow/.local/lib/python3.12/site-packages/airflow/example_dags/example_trigger_target_dag.py
[2024-11-03T05:43:19.769+0000] {processor.py:914} INFO - Processing file /home/airflow/.local/lib/python3.12/site-packages/airflow/example_dags/example_trigger_target_dag.py for tasks to queue
[2024-11-03T05:43:19.771+0000] {logging_mixin.py:190} INFO - [2024-11-03T05:43:19.771+0000] {dagbag.py:588} INFO - Filling up the DagBag from /home/airflow/.local/lib/python3.12/site-packages/airflow/example_dags/example_trigger_target_dag.py
[2024-11-03T05:43:19.780+0000] {processor.py:925} INFO - DAG(s) 'example_trigger_target_dag' retrieved from /home/airflow/.local/lib/python3.12/site-packages/airflow/example_dags/example_trigger_target_dag.py
[2024-11-03T05:43:19.800+0000] {logging_mixin.py:190} INFO - [2024-11-03T05:43:19.800+0000] {dag.py:3239} INFO - Sync 1 DAGs
[2024-11-03T05:43:19.815+0000] {logging_mixin.py:190} INFO - [2024-11-03T05:43:19.815+0000] {dag.py:4180} INFO - Setting next_dagrun for example_trigger_target_dag to None, run_after=None
[2024-11-03T05:43:19.837+0000] {processor.py:208} INFO - Processing /home/airflow/.local/lib/python3.12/site-packages/airflow/example_dags/example_trigger_target_dag.py took 0.076 seconds
[2024-11-03T05:43:50.073+0000] {processor.py:186} INFO - Started process (PID=8537) to work on /home/airflow/.local/lib/python3.12/site-packages/airflow/example_dags/example_trigger_target_dag.py
[2024-11-03T05:43:50.074+0000] {processor.py:914} INFO - Processing file /home/airflow/.local/lib/python3.12/site-packages/airflow/example_dags/example_trigger_target_dag.py for tasks to queue
[2024-11-03T05:43:50.076+0000] {logging_mixin.py:190} INFO - [2024-11-03T05:43:50.076+0000] {dagbag.py:588} INFO - Filling up the DagBag from /home/airflow/.local/lib/python3.12/site-packages/airflow/example_dags/example_trigger_target_dag.py
[2024-11-03T05:43:50.084+0000] {processor.py:925} INFO - DAG(s) 'example_trigger_target_dag' retrieved from /home/airflow/.local/lib/python3.12/site-packages/airflow/example_dags/example_trigger_target_dag.py
[2024-11-03T05:43:50.104+0000] {logging_mixin.py:190} INFO - [2024-11-03T05:43:50.104+0000] {dag.py:3239} INFO - Sync 1 DAGs
[2024-11-03T05:43:50.119+0000] {logging_mixin.py:190} INFO - [2024-11-03T05:43:50.119+0000] {dag.py:4180} INFO - Setting next_dagrun for example_trigger_target_dag to None, run_after=None
[2024-11-03T05:43:50.141+0000] {processor.py:208} INFO - Processing /home/airflow/.local/lib/python3.12/site-packages/airflow/example_dags/example_trigger_target_dag.py took 0.075 seconds
[2024-11-03T05:44:20.509+0000] {processor.py:186} INFO - Started process (PID=8828) to work on /home/airflow/.local/lib/python3.12/site-packages/airflow/example_dags/example_trigger_target_dag.py
[2024-11-03T05:44:20.510+0000] {processor.py:914} INFO - Processing file /home/airflow/.local/lib/python3.12/site-packages/airflow/example_dags/example_trigger_target_dag.py for tasks to queue
[2024-11-03T05:44:20.513+0000] {logging_mixin.py:190} INFO - [2024-11-03T05:44:20.512+0000] {dagbag.py:588} INFO - Filling up the DagBag from /home/airflow/.local/lib/python3.12/site-packages/airflow/example_dags/example_trigger_target_dag.py
[2024-11-03T05:44:20.521+0000] {processor.py:925} INFO - DAG(s) 'example_trigger_target_dag' retrieved from /home/airflow/.local/lib/python3.12/site-packages/airflow/example_dags/example_trigger_target_dag.py
[2024-11-03T05:44:20.542+0000] {logging_mixin.py:190} INFO - [2024-11-03T05:44:20.541+0000] {dag.py:3239} INFO - Sync 1 DAGs
[2024-11-03T05:44:20.557+0000] {logging_mixin.py:190} INFO - [2024-11-03T05:44:20.557+0000] {dag.py:4180} INFO - Setting next_dagrun for example_trigger_target_dag to None, run_after=None
[2024-11-03T05:44:20.580+0000] {processor.py:208} INFO - Processing /home/airflow/.local/lib/python3.12/site-packages/airflow/example_dags/example_trigger_target_dag.py took 0.079 seconds
[2024-11-03T05:44:50.845+0000] {processor.py:186} INFO - Started process (PID=9119) to work on /home/airflow/.local/lib/python3.12/site-packages/airflow/example_dags/example_trigger_target_dag.py
[2024-11-03T05:44:50.846+0000] {processor.py:914} INFO - Processing file /home/airflow/.local/lib/python3.12/site-packages/airflow/example_dags/example_trigger_target_dag.py for tasks to queue
[2024-11-03T05:44:50.849+0000] {logging_mixin.py:190} INFO - [2024-11-03T05:44:50.849+0000] {dagbag.py:588} INFO - Filling up the DagBag from /home/airflow/.local/lib/python3.12/site-packages/airflow/example_dags/example_trigger_target_dag.py
[2024-11-03T05:44:50.857+0000] {processor.py:925} INFO - DAG(s) 'example_trigger_target_dag' retrieved from /home/airflow/.local/lib/python3.12/site-packages/airflow/example_dags/example_trigger_target_dag.py
[2024-11-03T05:44:50.877+0000] {logging_mixin.py:190} INFO - [2024-11-03T05:44:50.876+0000] {dag.py:3239} INFO - Sync 1 DAGs
[2024-11-03T05:44:50.892+0000] {logging_mixin.py:190} INFO - [2024-11-03T05:44:50.892+0000] {dag.py:4180} INFO - Setting next_dagrun for example_trigger_target_dag to None, run_after=None
[2024-11-03T05:44:50.917+0000] {processor.py:208} INFO - Processing /home/airflow/.local/lib/python3.12/site-packages/airflow/example_dags/example_trigger_target_dag.py took 0.078 seconds
[2024-11-03T05:45:21.181+0000] {processor.py:186} INFO - Started process (PID=9410) to work on /home/airflow/.local/lib/python3.12/site-packages/airflow/example_dags/example_trigger_target_dag.py
[2024-11-03T05:45:21.183+0000] {processor.py:914} INFO - Processing file /home/airflow/.local/lib/python3.12/site-packages/airflow/example_dags/example_trigger_target_dag.py for tasks to queue
[2024-11-03T05:45:21.187+0000] {logging_mixin.py:190} INFO - [2024-11-03T05:45:21.186+0000] {dagbag.py:588} INFO - Filling up the DagBag from /home/airflow/.local/lib/python3.12/site-packages/airflow/example_dags/example_trigger_target_dag.py
[2024-11-03T05:45:21.197+0000] {processor.py:925} INFO - DAG(s) 'example_trigger_target_dag' retrieved from /home/airflow/.local/lib/python3.12/site-packages/airflow/example_dags/example_trigger_target_dag.py
[2024-11-03T05:45:21.227+0000] {logging_mixin.py:190} INFO - [2024-11-03T05:45:21.226+0000] {dag.py:3239} INFO - Sync 1 DAGs
[2024-11-03T05:45:21.250+0000] {logging_mixin.py:190} INFO - [2024-11-03T05:45:21.249+0000] {dag.py:4180} INFO - Setting next_dagrun for example_trigger_target_dag to None, run_after=None
[2024-11-03T05:45:21.279+0000] {processor.py:208} INFO - Processing /home/airflow/.local/lib/python3.12/site-packages/airflow/example_dags/example_trigger_target_dag.py took 0.106 seconds
[2024-11-03T05:45:51.833+0000] {processor.py:186} INFO - Started process (PID=9701) to work on /home/airflow/.local/lib/python3.12/site-packages/airflow/example_dags/example_trigger_target_dag.py
[2024-11-03T05:45:51.835+0000] {processor.py:914} INFO - Processing file /home/airflow/.local/lib/python3.12/site-packages/airflow/example_dags/example_trigger_target_dag.py for tasks to queue
[2024-11-03T05:45:51.837+0000] {logging_mixin.py:190} INFO - [2024-11-03T05:45:51.837+0000] {dagbag.py:588} INFO - Filling up the DagBag from /home/airflow/.local/lib/python3.12/site-packages/airflow/example_dags/example_trigger_target_dag.py
[2024-11-03T05:45:51.848+0000] {processor.py:925} INFO - DAG(s) 'example_trigger_target_dag' retrieved from /home/airflow/.local/lib/python3.12/site-packages/airflow/example_dags/example_trigger_target_dag.py
[2024-11-03T05:45:51.873+0000] {logging_mixin.py:190} INFO - [2024-11-03T05:45:51.873+0000] {dag.py:3239} INFO - Sync 1 DAGs
[2024-11-03T05:45:51.898+0000] {logging_mixin.py:190} INFO - [2024-11-03T05:45:51.897+0000] {dag.py:4180} INFO - Setting next_dagrun for example_trigger_target_dag to None, run_after=None
[2024-11-03T05:45:51.928+0000] {processor.py:208} INFO - Processing /home/airflow/.local/lib/python3.12/site-packages/airflow/example_dags/example_trigger_target_dag.py took 0.101 seconds
[2024-11-03T05:46:22.828+0000] {processor.py:186} INFO - Started process (PID=9992) to work on /home/airflow/.local/lib/python3.12/site-packages/airflow/example_dags/example_trigger_target_dag.py
[2024-11-03T05:46:22.829+0000] {processor.py:914} INFO - Processing file /home/airflow/.local/lib/python3.12/site-packages/airflow/example_dags/example_trigger_target_dag.py for tasks to queue
[2024-11-03T05:46:22.832+0000] {logging_mixin.py:190} INFO - [2024-11-03T05:46:22.832+0000] {dagbag.py:588} INFO - Filling up the DagBag from /home/airflow/.local/lib/python3.12/site-packages/airflow/example_dags/example_trigger_target_dag.py
[2024-11-03T05:46:22.840+0000] {processor.py:925} INFO - DAG(s) 'example_trigger_target_dag' retrieved from /home/airflow/.local/lib/python3.12/site-packages/airflow/example_dags/example_trigger_target_dag.py
[2024-11-03T05:46:22.860+0000] {logging_mixin.py:190} INFO - [2024-11-03T05:46:22.860+0000] {dag.py:3239} INFO - Sync 1 DAGs
[2024-11-03T05:46:22.878+0000] {logging_mixin.py:190} INFO - [2024-11-03T05:46:22.878+0000] {dag.py:4180} INFO - Setting next_dagrun for example_trigger_target_dag to None, run_after=None
[2024-11-03T05:46:22.900+0000] {processor.py:208} INFO - Processing /home/airflow/.local/lib/python3.12/site-packages/airflow/example_dags/example_trigger_target_dag.py took 0.078 seconds
[2024-11-03T05:46:53.035+0000] {processor.py:186} INFO - Started process (PID=10283) to work on /home/airflow/.local/lib/python3.12/site-packages/airflow/example_dags/example_trigger_target_dag.py
[2024-11-03T05:46:53.036+0000] {processor.py:914} INFO - Processing file /home/airflow/.local/lib/python3.12/site-packages/airflow/example_dags/example_trigger_target_dag.py for tasks to queue
[2024-11-03T05:46:53.040+0000] {logging_mixin.py:190} INFO - [2024-11-03T05:46:53.039+0000] {dagbag.py:588} INFO - Filling up the DagBag from /home/airflow/.local/lib/python3.12/site-packages/airflow/example_dags/example_trigger_target_dag.py
[2024-11-03T05:46:53.047+0000] {processor.py:925} INFO - DAG(s) 'example_trigger_target_dag' retrieved from /home/airflow/.local/lib/python3.12/site-packages/airflow/example_dags/example_trigger_target_dag.py
[2024-11-03T05:46:53.068+0000] {logging_mixin.py:190} INFO - [2024-11-03T05:46:53.067+0000] {dag.py:3239} INFO - Sync 1 DAGs
[2024-11-03T05:46:53.089+0000] {logging_mixin.py:190} INFO - [2024-11-03T05:46:53.089+0000] {dag.py:4180} INFO - Setting next_dagrun for example_trigger_target_dag to None, run_after=None
[2024-11-03T05:46:53.126+0000] {processor.py:208} INFO - Processing /home/airflow/.local/lib/python3.12/site-packages/airflow/example_dags/example_trigger_target_dag.py took 0.096 seconds
[2024-11-03T05:47:23.289+0000] {processor.py:186} INFO - Started process (PID=10571) to work on /home/airflow/.local/lib/python3.12/site-packages/airflow/example_dags/example_trigger_target_dag.py
[2024-11-03T05:47:23.290+0000] {processor.py:914} INFO - Processing file /home/airflow/.local/lib/python3.12/site-packages/airflow/example_dags/example_trigger_target_dag.py for tasks to queue
[2024-11-03T05:47:23.293+0000] {logging_mixin.py:190} INFO - [2024-11-03T05:47:23.293+0000] {dagbag.py:588} INFO - Filling up the DagBag from /home/airflow/.local/lib/python3.12/site-packages/airflow/example_dags/example_trigger_target_dag.py
[2024-11-03T05:47:23.300+0000] {processor.py:925} INFO - DAG(s) 'example_trigger_target_dag' retrieved from /home/airflow/.local/lib/python3.12/site-packages/airflow/example_dags/example_trigger_target_dag.py
[2024-11-03T05:47:23.319+0000] {logging_mixin.py:190} INFO - [2024-11-03T05:47:23.319+0000] {dag.py:3239} INFO - Sync 1 DAGs
[2024-11-03T05:47:23.334+0000] {logging_mixin.py:190} INFO - [2024-11-03T05:47:23.334+0000] {dag.py:4180} INFO - Setting next_dagrun for example_trigger_target_dag to None, run_after=None
[2024-11-03T05:47:23.363+0000] {processor.py:208} INFO - Processing /home/airflow/.local/lib/python3.12/site-packages/airflow/example_dags/example_trigger_target_dag.py took 0.079 seconds
[2024-11-03T05:47:53.604+0000] {processor.py:186} INFO - Started process (PID=10862) to work on /home/airflow/.local/lib/python3.12/site-packages/airflow/example_dags/example_trigger_target_dag.py
[2024-11-03T05:47:53.605+0000] {processor.py:914} INFO - Processing file /home/airflow/.local/lib/python3.12/site-packages/airflow/example_dags/example_trigger_target_dag.py for tasks to queue
[2024-11-03T05:47:53.608+0000] {logging_mixin.py:190} INFO - [2024-11-03T05:47:53.608+0000] {dagbag.py:588} INFO - Filling up the DagBag from /home/airflow/.local/lib/python3.12/site-packages/airflow/example_dags/example_trigger_target_dag.py
[2024-11-03T05:47:53.615+0000] {processor.py:925} INFO - DAG(s) 'example_trigger_target_dag' retrieved from /home/airflow/.local/lib/python3.12/site-packages/airflow/example_dags/example_trigger_target_dag.py
[2024-11-03T05:47:53.636+0000] {logging_mixin.py:190} INFO - [2024-11-03T05:47:53.636+0000] {dag.py:3239} INFO - Sync 1 DAGs
[2024-11-03T05:47:53.655+0000] {logging_mixin.py:190} INFO - [2024-11-03T05:47:53.655+0000] {dag.py:4180} INFO - Setting next_dagrun for example_trigger_target_dag to None, run_after=None
[2024-11-03T05:47:53.677+0000] {processor.py:208} INFO - Processing /home/airflow/.local/lib/python3.12/site-packages/airflow/example_dags/example_trigger_target_dag.py took 0.081 seconds
[2024-11-03T05:48:23.870+0000] {processor.py:186} INFO - Started process (PID=11153) to work on /home/airflow/.local/lib/python3.12/site-packages/airflow/example_dags/example_trigger_target_dag.py
[2024-11-03T05:48:23.871+0000] {processor.py:914} INFO - Processing file /home/airflow/.local/lib/python3.12/site-packages/airflow/example_dags/example_trigger_target_dag.py for tasks to queue
[2024-11-03T05:48:23.874+0000] {logging_mixin.py:190} INFO - [2024-11-03T05:48:23.873+0000] {dagbag.py:588} INFO - Filling up the DagBag from /home/airflow/.local/lib/python3.12/site-packages/airflow/example_dags/example_trigger_target_dag.py
[2024-11-03T05:48:23.881+0000] {processor.py:925} INFO - DAG(s) 'example_trigger_target_dag' retrieved from /home/airflow/.local/lib/python3.12/site-packages/airflow/example_dags/example_trigger_target_dag.py
[2024-11-03T05:48:23.902+0000] {logging_mixin.py:190} INFO - [2024-11-03T05:48:23.902+0000] {dag.py:3239} INFO - Sync 1 DAGs
[2024-11-03T05:48:23.920+0000] {logging_mixin.py:190} INFO - [2024-11-03T05:48:23.920+0000] {dag.py:4180} INFO - Setting next_dagrun for example_trigger_target_dag to None, run_after=None
[2024-11-03T05:48:23.944+0000] {processor.py:208} INFO - Processing /home/airflow/.local/lib/python3.12/site-packages/airflow/example_dags/example_trigger_target_dag.py took 0.080 seconds
[2024-11-03T05:48:54.218+0000] {processor.py:186} INFO - Started process (PID=11444) to work on /home/airflow/.local/lib/python3.12/site-packages/airflow/example_dags/example_trigger_target_dag.py
[2024-11-03T05:48:54.219+0000] {processor.py:914} INFO - Processing file /home/airflow/.local/lib/python3.12/site-packages/airflow/example_dags/example_trigger_target_dag.py for tasks to queue
[2024-11-03T05:48:54.222+0000] {logging_mixin.py:190} INFO - [2024-11-03T05:48:54.222+0000] {dagbag.py:588} INFO - Filling up the DagBag from /home/airflow/.local/lib/python3.12/site-packages/airflow/example_dags/example_trigger_target_dag.py
[2024-11-03T05:48:54.229+0000] {processor.py:925} INFO - DAG(s) 'example_trigger_target_dag' retrieved from /home/airflow/.local/lib/python3.12/site-packages/airflow/example_dags/example_trigger_target_dag.py
[2024-11-03T05:48:54.249+0000] {logging_mixin.py:190} INFO - [2024-11-03T05:48:54.248+0000] {dag.py:3239} INFO - Sync 1 DAGs
[2024-11-03T05:48:54.264+0000] {logging_mixin.py:190} INFO - [2024-11-03T05:48:54.263+0000] {dag.py:4180} INFO - Setting next_dagrun for example_trigger_target_dag to None, run_after=None
[2024-11-03T05:48:54.285+0000] {processor.py:208} INFO - Processing /home/airflow/.local/lib/python3.12/site-packages/airflow/example_dags/example_trigger_target_dag.py took 0.073 seconds
[2024-11-03T05:49:24.410+0000] {processor.py:186} INFO - Started process (PID=11735) to work on /home/airflow/.local/lib/python3.12/site-packages/airflow/example_dags/example_trigger_target_dag.py
[2024-11-03T05:49:24.411+0000] {processor.py:914} INFO - Processing file /home/airflow/.local/lib/python3.12/site-packages/airflow/example_dags/example_trigger_target_dag.py for tasks to queue
[2024-11-03T05:49:24.414+0000] {logging_mixin.py:190} INFO - [2024-11-03T05:49:24.413+0000] {dagbag.py:588} INFO - Filling up the DagBag from /home/airflow/.local/lib/python3.12/site-packages/airflow/example_dags/example_trigger_target_dag.py
[2024-11-03T05:49:24.422+0000] {processor.py:925} INFO - DAG(s) 'example_trigger_target_dag' retrieved from /home/airflow/.local/lib/python3.12/site-packages/airflow/example_dags/example_trigger_target_dag.py
[2024-11-03T05:49:24.441+0000] {logging_mixin.py:190} INFO - [2024-11-03T05:49:24.441+0000] {dag.py:3239} INFO - Sync 1 DAGs
[2024-11-03T05:49:24.456+0000] {logging_mixin.py:190} INFO - [2024-11-03T05:49:24.456+0000] {dag.py:4180} INFO - Setting next_dagrun for example_trigger_target_dag to None, run_after=None
[2024-11-03T05:49:24.477+0000] {processor.py:208} INFO - Processing /home/airflow/.local/lib/python3.12/site-packages/airflow/example_dags/example_trigger_target_dag.py took 0.073 seconds
[2024-11-03T05:49:54.819+0000] {processor.py:186} INFO - Started process (PID=12026) to work on /home/airflow/.local/lib/python3.12/site-packages/airflow/example_dags/example_trigger_target_dag.py
[2024-11-03T05:49:54.820+0000] {processor.py:914} INFO - Processing file /home/airflow/.local/lib/python3.12/site-packages/airflow/example_dags/example_trigger_target_dag.py for tasks to queue
[2024-11-03T05:49:54.823+0000] {logging_mixin.py:190} INFO - [2024-11-03T05:49:54.822+0000] {dagbag.py:588} INFO - Filling up the DagBag from /home/airflow/.local/lib/python3.12/site-packages/airflow/example_dags/example_trigger_target_dag.py
[2024-11-03T05:49:54.833+0000] {processor.py:925} INFO - DAG(s) 'example_trigger_target_dag' retrieved from /home/airflow/.local/lib/python3.12/site-packages/airflow/example_dags/example_trigger_target_dag.py
[2024-11-03T05:49:54.855+0000] {logging_mixin.py:190} INFO - [2024-11-03T05:49:54.855+0000] {dag.py:3239} INFO - Sync 1 DAGs
[2024-11-03T05:49:54.878+0000] {logging_mixin.py:190} INFO - [2024-11-03T05:49:54.878+0000] {dag.py:4180} INFO - Setting next_dagrun for example_trigger_target_dag to None, run_after=None
[2024-11-03T05:49:54.914+0000] {processor.py:208} INFO - Processing /home/airflow/.local/lib/python3.12/site-packages/airflow/example_dags/example_trigger_target_dag.py took 0.101 seconds
[2024-11-03T05:50:25.639+0000] {processor.py:186} INFO - Started process (PID=12317) to work on /home/airflow/.local/lib/python3.12/site-packages/airflow/example_dags/example_trigger_target_dag.py
[2024-11-03T05:50:25.640+0000] {processor.py:914} INFO - Processing file /home/airflow/.local/lib/python3.12/site-packages/airflow/example_dags/example_trigger_target_dag.py for tasks to queue
[2024-11-03T05:50:25.642+0000] {logging_mixin.py:190} INFO - [2024-11-03T05:50:25.642+0000] {dagbag.py:588} INFO - Filling up the DagBag from /home/airflow/.local/lib/python3.12/site-packages/airflow/example_dags/example_trigger_target_dag.py
[2024-11-03T05:50:25.649+0000] {processor.py:925} INFO - DAG(s) 'example_trigger_target_dag' retrieved from /home/airflow/.local/lib/python3.12/site-packages/airflow/example_dags/example_trigger_target_dag.py
[2024-11-03T05:50:25.669+0000] {logging_mixin.py:190} INFO - [2024-11-03T05:50:25.668+0000] {dag.py:3239} INFO - Sync 1 DAGs
[2024-11-03T05:50:25.683+0000] {logging_mixin.py:190} INFO - [2024-11-03T05:50:25.683+0000] {dag.py:4180} INFO - Setting next_dagrun for example_trigger_target_dag to None, run_after=None
[2024-11-03T05:50:25.705+0000] {processor.py:208} INFO - Processing /home/airflow/.local/lib/python3.12/site-packages/airflow/example_dags/example_trigger_target_dag.py took 0.072 seconds
[2024-11-03T05:50:55.756+0000] {processor.py:186} INFO - Started process (PID=12606) to work on /home/airflow/.local/lib/python3.12/site-packages/airflow/example_dags/example_trigger_target_dag.py
[2024-11-03T05:50:55.757+0000] {processor.py:914} INFO - Processing file /home/airflow/.local/lib/python3.12/site-packages/airflow/example_dags/example_trigger_target_dag.py for tasks to queue
[2024-11-03T05:50:55.759+0000] {logging_mixin.py:190} INFO - [2024-11-03T05:50:55.759+0000] {dagbag.py:588} INFO - Filling up the DagBag from /home/airflow/.local/lib/python3.12/site-packages/airflow/example_dags/example_trigger_target_dag.py
[2024-11-03T05:50:55.767+0000] {processor.py:925} INFO - DAG(s) 'example_trigger_target_dag' retrieved from /home/airflow/.local/lib/python3.12/site-packages/airflow/example_dags/example_trigger_target_dag.py
[2024-11-03T05:50:55.786+0000] {logging_mixin.py:190} INFO - [2024-11-03T05:50:55.786+0000] {dag.py:3239} INFO - Sync 1 DAGs
[2024-11-03T05:50:55.801+0000] {logging_mixin.py:190} INFO - [2024-11-03T05:50:55.801+0000] {dag.py:4180} INFO - Setting next_dagrun for example_trigger_target_dag to None, run_after=None
[2024-11-03T05:50:55.823+0000] {processor.py:208} INFO - Processing /home/airflow/.local/lib/python3.12/site-packages/airflow/example_dags/example_trigger_target_dag.py took 0.073 seconds
[2024-11-03T05:52:54.111+0000] {processor.py:186} INFO - Started process (PID=362) to work on /home/airflow/.local/lib/python3.12/site-packages/airflow/example_dags/example_trigger_target_dag.py
[2024-11-03T05:52:54.112+0000] {processor.py:914} INFO - Processing file /home/airflow/.local/lib/python3.12/site-packages/airflow/example_dags/example_trigger_target_dag.py for tasks to queue
[2024-11-03T05:52:54.116+0000] {logging_mixin.py:190} INFO - [2024-11-03T05:52:54.116+0000] {dagbag.py:588} INFO - Filling up the DagBag from /home/airflow/.local/lib/python3.12/site-packages/airflow/example_dags/example_trigger_target_dag.py
[2024-11-03T05:52:54.131+0000] {processor.py:925} INFO - DAG(s) 'example_trigger_target_dag' retrieved from /home/airflow/.local/lib/python3.12/site-packages/airflow/example_dags/example_trigger_target_dag.py
[2024-11-03T05:52:54.170+0000] {logging_mixin.py:190} INFO - [2024-11-03T05:52:54.169+0000] {dag.py:3239} INFO - Sync 1 DAGs
[2024-11-03T05:52:54.199+0000] {logging_mixin.py:190} INFO - [2024-11-03T05:52:54.199+0000] {dag.py:4180} INFO - Setting next_dagrun for example_trigger_target_dag to None, run_after=None
[2024-11-03T05:52:54.241+0000] {processor.py:208} INFO - Processing /home/airflow/.local/lib/python3.12/site-packages/airflow/example_dags/example_trigger_target_dag.py took 0.142 seconds
[2024-11-03T05:53:25.080+0000] {processor.py:186} INFO - Started process (PID=653) to work on /home/airflow/.local/lib/python3.12/site-packages/airflow/example_dags/example_trigger_target_dag.py
[2024-11-03T05:53:25.082+0000] {processor.py:914} INFO - Processing file /home/airflow/.local/lib/python3.12/site-packages/airflow/example_dags/example_trigger_target_dag.py for tasks to queue
[2024-11-03T05:53:25.084+0000] {logging_mixin.py:190} INFO - [2024-11-03T05:53:25.083+0000] {dagbag.py:588} INFO - Filling up the DagBag from /home/airflow/.local/lib/python3.12/site-packages/airflow/example_dags/example_trigger_target_dag.py
[2024-11-03T05:53:25.091+0000] {processor.py:925} INFO - DAG(s) 'example_trigger_target_dag' retrieved from /home/airflow/.local/lib/python3.12/site-packages/airflow/example_dags/example_trigger_target_dag.py
[2024-11-03T05:53:25.109+0000] {logging_mixin.py:190} INFO - [2024-11-03T05:53:25.109+0000] {dag.py:3239} INFO - Sync 1 DAGs
[2024-11-03T05:53:25.124+0000] {logging_mixin.py:190} INFO - [2024-11-03T05:53:25.124+0000] {dag.py:4180} INFO - Setting next_dagrun for example_trigger_target_dag to None, run_after=None
[2024-11-03T05:53:25.145+0000] {processor.py:208} INFO - Processing /home/airflow/.local/lib/python3.12/site-packages/airflow/example_dags/example_trigger_target_dag.py took 0.070 seconds
[2024-11-03T05:53:55.691+0000] {processor.py:186} INFO - Started process (PID=946) to work on /home/airflow/.local/lib/python3.12/site-packages/airflow/example_dags/example_trigger_target_dag.py
[2024-11-03T05:53:55.693+0000] {processor.py:914} INFO - Processing file /home/airflow/.local/lib/python3.12/site-packages/airflow/example_dags/example_trigger_target_dag.py for tasks to queue
[2024-11-03T05:53:55.697+0000] {logging_mixin.py:190} INFO - [2024-11-03T05:53:55.696+0000] {dagbag.py:588} INFO - Filling up the DagBag from /home/airflow/.local/lib/python3.12/site-packages/airflow/example_dags/example_trigger_target_dag.py
[2024-11-03T05:53:55.706+0000] {processor.py:925} INFO - DAG(s) 'example_trigger_target_dag' retrieved from /home/airflow/.local/lib/python3.12/site-packages/airflow/example_dags/example_trigger_target_dag.py
[2024-11-03T05:53:55.740+0000] {logging_mixin.py:190} INFO - [2024-11-03T05:53:55.740+0000] {dag.py:3239} INFO - Sync 1 DAGs
[2024-11-03T05:53:55.759+0000] {logging_mixin.py:190} INFO - [2024-11-03T05:53:55.759+0000] {dag.py:4180} INFO - Setting next_dagrun for example_trigger_target_dag to None, run_after=None
[2024-11-03T05:53:55.786+0000] {processor.py:208} INFO - Processing /home/airflow/.local/lib/python3.12/site-packages/airflow/example_dags/example_trigger_target_dag.py took 0.102 seconds
[2024-11-03T05:54:26.133+0000] {processor.py:186} INFO - Started process (PID=1237) to work on /home/airflow/.local/lib/python3.12/site-packages/airflow/example_dags/example_trigger_target_dag.py
[2024-11-03T05:54:26.134+0000] {processor.py:914} INFO - Processing file /home/airflow/.local/lib/python3.12/site-packages/airflow/example_dags/example_trigger_target_dag.py for tasks to queue
[2024-11-03T05:54:26.137+0000] {logging_mixin.py:190} INFO - [2024-11-03T05:54:26.136+0000] {dagbag.py:588} INFO - Filling up the DagBag from /home/airflow/.local/lib/python3.12/site-packages/airflow/example_dags/example_trigger_target_dag.py
[2024-11-03T05:54:26.144+0000] {processor.py:925} INFO - DAG(s) 'example_trigger_target_dag' retrieved from /home/airflow/.local/lib/python3.12/site-packages/airflow/example_dags/example_trigger_target_dag.py
[2024-11-03T05:54:26.165+0000] {logging_mixin.py:190} INFO - [2024-11-03T05:54:26.165+0000] {dag.py:3239} INFO - Sync 1 DAGs
[2024-11-03T05:54:26.180+0000] {logging_mixin.py:190} INFO - [2024-11-03T05:54:26.179+0000] {dag.py:4180} INFO - Setting next_dagrun for example_trigger_target_dag to None, run_after=None
[2024-11-03T05:54:26.203+0000] {processor.py:208} INFO - Processing /home/airflow/.local/lib/python3.12/site-packages/airflow/example_dags/example_trigger_target_dag.py took 0.075 seconds
[2024-11-03T05:54:57.013+0000] {processor.py:186} INFO - Started process (PID=1528) to work on /home/airflow/.local/lib/python3.12/site-packages/airflow/example_dags/example_trigger_target_dag.py
[2024-11-03T05:54:57.014+0000] {processor.py:914} INFO - Processing file /home/airflow/.local/lib/python3.12/site-packages/airflow/example_dags/example_trigger_target_dag.py for tasks to queue
[2024-11-03T05:54:57.016+0000] {logging_mixin.py:190} INFO - [2024-11-03T05:54:57.016+0000] {dagbag.py:588} INFO - Filling up the DagBag from /home/airflow/.local/lib/python3.12/site-packages/airflow/example_dags/example_trigger_target_dag.py
[2024-11-03T05:54:57.023+0000] {processor.py:925} INFO - DAG(s) 'example_trigger_target_dag' retrieved from /home/airflow/.local/lib/python3.12/site-packages/airflow/example_dags/example_trigger_target_dag.py
[2024-11-03T05:54:57.045+0000] {logging_mixin.py:190} INFO - [2024-11-03T05:54:57.044+0000] {dag.py:3239} INFO - Sync 1 DAGs
[2024-11-03T05:54:57.061+0000] {logging_mixin.py:190} INFO - [2024-11-03T05:54:57.061+0000] {dag.py:4180} INFO - Setting next_dagrun for example_trigger_target_dag to None, run_after=None
[2024-11-03T05:54:57.093+0000] {processor.py:208} INFO - Processing /home/airflow/.local/lib/python3.12/site-packages/airflow/example_dags/example_trigger_target_dag.py took 0.086 seconds
[2024-11-03T05:57:18.691+0000] {processor.py:186} INFO - Started process (PID=362) to work on /home/airflow/.local/lib/python3.12/site-packages/airflow/example_dags/example_trigger_target_dag.py
[2024-11-03T05:57:18.692+0000] {processor.py:914} INFO - Processing file /home/airflow/.local/lib/python3.12/site-packages/airflow/example_dags/example_trigger_target_dag.py for tasks to queue
[2024-11-03T05:57:18.698+0000] {logging_mixin.py:190} INFO - [2024-11-03T05:57:18.697+0000] {dagbag.py:588} INFO - Filling up the DagBag from /home/airflow/.local/lib/python3.12/site-packages/airflow/example_dags/example_trigger_target_dag.py
[2024-11-03T05:57:18.708+0000] {processor.py:925} INFO - DAG(s) 'example_trigger_target_dag' retrieved from /home/airflow/.local/lib/python3.12/site-packages/airflow/example_dags/example_trigger_target_dag.py
[2024-11-03T05:57:18.737+0000] {logging_mixin.py:190} INFO - [2024-11-03T05:57:18.736+0000] {dag.py:3239} INFO - Sync 1 DAGs
[2024-11-03T05:57:18.760+0000] {logging_mixin.py:190} INFO - [2024-11-03T05:57:18.759+0000] {dag.py:4180} INFO - Setting next_dagrun for example_trigger_target_dag to None, run_after=None
[2024-11-03T05:57:18.787+0000] {processor.py:208} INFO - Processing /home/airflow/.local/lib/python3.12/site-packages/airflow/example_dags/example_trigger_target_dag.py took 0.105 seconds
[2024-11-03T05:57:49.555+0000] {processor.py:186} INFO - Started process (PID=653) to work on /home/airflow/.local/lib/python3.12/site-packages/airflow/example_dags/example_trigger_target_dag.py
[2024-11-03T05:57:49.557+0000] {processor.py:914} INFO - Processing file /home/airflow/.local/lib/python3.12/site-packages/airflow/example_dags/example_trigger_target_dag.py for tasks to queue
[2024-11-03T05:57:49.560+0000] {logging_mixin.py:190} INFO - [2024-11-03T05:57:49.559+0000] {dagbag.py:588} INFO - Filling up the DagBag from /home/airflow/.local/lib/python3.12/site-packages/airflow/example_dags/example_trigger_target_dag.py
[2024-11-03T05:57:49.568+0000] {processor.py:925} INFO - DAG(s) 'example_trigger_target_dag' retrieved from /home/airflow/.local/lib/python3.12/site-packages/airflow/example_dags/example_trigger_target_dag.py
[2024-11-03T05:57:49.589+0000] {logging_mixin.py:190} INFO - [2024-11-03T05:57:49.589+0000] {dag.py:3239} INFO - Sync 1 DAGs
[2024-11-03T05:57:49.606+0000] {logging_mixin.py:190} INFO - [2024-11-03T05:57:49.606+0000] {dag.py:4180} INFO - Setting next_dagrun for example_trigger_target_dag to None, run_after=None
[2024-11-03T05:57:49.629+0000] {processor.py:208} INFO - Processing /home/airflow/.local/lib/python3.12/site-packages/airflow/example_dags/example_trigger_target_dag.py took 0.079 seconds
[2024-11-03T05:58:19.877+0000] {processor.py:186} INFO - Started process (PID=944) to work on /home/airflow/.local/lib/python3.12/site-packages/airflow/example_dags/example_trigger_target_dag.py
[2024-11-03T05:58:19.878+0000] {processor.py:914} INFO - Processing file /home/airflow/.local/lib/python3.12/site-packages/airflow/example_dags/example_trigger_target_dag.py for tasks to queue
[2024-11-03T05:58:19.880+0000] {logging_mixin.py:190} INFO - [2024-11-03T05:58:19.880+0000] {dagbag.py:588} INFO - Filling up the DagBag from /home/airflow/.local/lib/python3.12/site-packages/airflow/example_dags/example_trigger_target_dag.py
[2024-11-03T05:58:19.890+0000] {processor.py:925} INFO - DAG(s) 'example_trigger_target_dag' retrieved from /home/airflow/.local/lib/python3.12/site-packages/airflow/example_dags/example_trigger_target_dag.py
[2024-11-03T05:58:19.910+0000] {logging_mixin.py:190} INFO - [2024-11-03T05:58:19.910+0000] {dag.py:3239} INFO - Sync 1 DAGs
[2024-11-03T05:58:19.925+0000] {logging_mixin.py:190} INFO - [2024-11-03T05:58:19.925+0000] {dag.py:4180} INFO - Setting next_dagrun for example_trigger_target_dag to None, run_after=None
[2024-11-03T05:58:19.947+0000] {processor.py:208} INFO - Processing /home/airflow/.local/lib/python3.12/site-packages/airflow/example_dags/example_trigger_target_dag.py took 0.076 seconds
[2024-11-03T05:58:50.208+0000] {processor.py:186} INFO - Started process (PID=1235) to work on /home/airflow/.local/lib/python3.12/site-packages/airflow/example_dags/example_trigger_target_dag.py
[2024-11-03T05:58:50.209+0000] {processor.py:914} INFO - Processing file /home/airflow/.local/lib/python3.12/site-packages/airflow/example_dags/example_trigger_target_dag.py for tasks to queue
[2024-11-03T05:58:50.212+0000] {logging_mixin.py:190} INFO - [2024-11-03T05:58:50.211+0000] {dagbag.py:588} INFO - Filling up the DagBag from /home/airflow/.local/lib/python3.12/site-packages/airflow/example_dags/example_trigger_target_dag.py
[2024-11-03T05:58:50.220+0000] {processor.py:925} INFO - DAG(s) 'example_trigger_target_dag' retrieved from /home/airflow/.local/lib/python3.12/site-packages/airflow/example_dags/example_trigger_target_dag.py
[2024-11-03T05:58:50.241+0000] {logging_mixin.py:190} INFO - [2024-11-03T05:58:50.241+0000] {dag.py:3239} INFO - Sync 1 DAGs
[2024-11-03T05:58:50.256+0000] {logging_mixin.py:190} INFO - [2024-11-03T05:58:50.256+0000] {dag.py:4180} INFO - Setting next_dagrun for example_trigger_target_dag to None, run_after=None
[2024-11-03T05:58:50.277+0000] {processor.py:208} INFO - Processing /home/airflow/.local/lib/python3.12/site-packages/airflow/example_dags/example_trigger_target_dag.py took 0.075 seconds
[2024-11-03T05:59:21.138+0000] {processor.py:186} INFO - Started process (PID=1526) to work on /home/airflow/.local/lib/python3.12/site-packages/airflow/example_dags/example_trigger_target_dag.py
[2024-11-03T05:59:21.139+0000] {processor.py:914} INFO - Processing file /home/airflow/.local/lib/python3.12/site-packages/airflow/example_dags/example_trigger_target_dag.py for tasks to queue
[2024-11-03T05:59:21.142+0000] {logging_mixin.py:190} INFO - [2024-11-03T05:59:21.141+0000] {dagbag.py:588} INFO - Filling up the DagBag from /home/airflow/.local/lib/python3.12/site-packages/airflow/example_dags/example_trigger_target_dag.py
[2024-11-03T05:59:21.150+0000] {processor.py:925} INFO - DAG(s) 'example_trigger_target_dag' retrieved from /home/airflow/.local/lib/python3.12/site-packages/airflow/example_dags/example_trigger_target_dag.py
[2024-11-03T05:59:21.171+0000] {logging_mixin.py:190} INFO - [2024-11-03T05:59:21.171+0000] {dag.py:3239} INFO - Sync 1 DAGs
[2024-11-03T05:59:21.188+0000] {logging_mixin.py:190} INFO - [2024-11-03T05:59:21.187+0000] {dag.py:4180} INFO - Setting next_dagrun for example_trigger_target_dag to None, run_after=None
[2024-11-03T05:59:21.209+0000] {processor.py:208} INFO - Processing /home/airflow/.local/lib/python3.12/site-packages/airflow/example_dags/example_trigger_target_dag.py took 0.077 seconds
[2024-11-03T05:59:51.439+0000] {processor.py:186} INFO - Started process (PID=1817) to work on /home/airflow/.local/lib/python3.12/site-packages/airflow/example_dags/example_trigger_target_dag.py
[2024-11-03T05:59:51.440+0000] {processor.py:914} INFO - Processing file /home/airflow/.local/lib/python3.12/site-packages/airflow/example_dags/example_trigger_target_dag.py for tasks to queue
[2024-11-03T05:59:51.443+0000] {logging_mixin.py:190} INFO - [2024-11-03T05:59:51.443+0000] {dagbag.py:588} INFO - Filling up the DagBag from /home/airflow/.local/lib/python3.12/site-packages/airflow/example_dags/example_trigger_target_dag.py
[2024-11-03T05:59:51.451+0000] {processor.py:925} INFO - DAG(s) 'example_trigger_target_dag' retrieved from /home/airflow/.local/lib/python3.12/site-packages/airflow/example_dags/example_trigger_target_dag.py
[2024-11-03T05:59:51.475+0000] {logging_mixin.py:190} INFO - [2024-11-03T05:59:51.474+0000] {dag.py:3239} INFO - Sync 1 DAGs
[2024-11-03T05:59:51.491+0000] {logging_mixin.py:190} INFO - [2024-11-03T05:59:51.491+0000] {dag.py:4180} INFO - Setting next_dagrun for example_trigger_target_dag to None, run_after=None
[2024-11-03T05:59:51.523+0000] {processor.py:208} INFO - Processing /home/airflow/.local/lib/python3.12/site-packages/airflow/example_dags/example_trigger_target_dag.py took 0.090 seconds
[2024-11-03T06:00:22.494+0000] {processor.py:186} INFO - Started process (PID=2110) to work on /home/airflow/.local/lib/python3.12/site-packages/airflow/example_dags/example_trigger_target_dag.py
[2024-11-03T06:00:22.496+0000] {processor.py:914} INFO - Processing file /home/airflow/.local/lib/python3.12/site-packages/airflow/example_dags/example_trigger_target_dag.py for tasks to queue
[2024-11-03T06:00:22.498+0000] {logging_mixin.py:190} INFO - [2024-11-03T06:00:22.498+0000] {dagbag.py:588} INFO - Filling up the DagBag from /home/airflow/.local/lib/python3.12/site-packages/airflow/example_dags/example_trigger_target_dag.py
[2024-11-03T06:00:22.506+0000] {processor.py:925} INFO - DAG(s) 'example_trigger_target_dag' retrieved from /home/airflow/.local/lib/python3.12/site-packages/airflow/example_dags/example_trigger_target_dag.py
[2024-11-03T06:00:22.526+0000] {logging_mixin.py:190} INFO - [2024-11-03T06:00:22.526+0000] {dag.py:3239} INFO - Sync 1 DAGs
[2024-11-03T06:00:22.543+0000] {logging_mixin.py:190} INFO - [2024-11-03T06:00:22.542+0000] {dag.py:4180} INFO - Setting next_dagrun for example_trigger_target_dag to None, run_after=None
[2024-11-03T06:00:22.567+0000] {processor.py:208} INFO - Processing /home/airflow/.local/lib/python3.12/site-packages/airflow/example_dags/example_trigger_target_dag.py took 0.079 seconds
[2024-11-03T06:06:59.758+0000] {processor.py:186} INFO - Started process (PID=380) to work on /home/airflow/.local/lib/python3.12/site-packages/airflow/example_dags/example_trigger_target_dag.py
[2024-11-03T06:06:59.759+0000] {processor.py:914} INFO - Processing file /home/airflow/.local/lib/python3.12/site-packages/airflow/example_dags/example_trigger_target_dag.py for tasks to queue
[2024-11-03T06:06:59.763+0000] {logging_mixin.py:190} INFO - [2024-11-03T06:06:59.762+0000] {dagbag.py:588} INFO - Filling up the DagBag from /home/airflow/.local/lib/python3.12/site-packages/airflow/example_dags/example_trigger_target_dag.py
[2024-11-03T06:06:59.773+0000] {processor.py:925} INFO - DAG(s) 'example_trigger_target_dag' retrieved from /home/airflow/.local/lib/python3.12/site-packages/airflow/example_dags/example_trigger_target_dag.py
[2024-11-03T06:06:59.928+0000] {logging_mixin.py:190} INFO - [2024-11-03T06:06:59.927+0000] {override.py:1900} INFO - Created Permission View: can edit on DAG:example_trigger_target_dag
[2024-11-03T06:06:59.942+0000] {logging_mixin.py:190} INFO - [2024-11-03T06:06:59.942+0000] {override.py:1900} INFO - Created Permission View: can read on DAG:example_trigger_target_dag
[2024-11-03T06:06:59.953+0000] {logging_mixin.py:190} INFO - [2024-11-03T06:06:59.953+0000] {override.py:1900} INFO - Created Permission View: can delete on DAG:example_trigger_target_dag
[2024-11-03T06:06:59.969+0000] {logging_mixin.py:190} INFO - [2024-11-03T06:06:59.969+0000] {override.py:1900} INFO - Created Permission View: can create on DAG Run:example_trigger_target_dag
[2024-11-03T06:06:59.991+0000] {logging_mixin.py:190} INFO - [2024-11-03T06:06:59.991+0000] {override.py:1900} INFO - Created Permission View: menu access on DAG Run:example_trigger_target_dag
[2024-11-03T06:07:00.007+0000] {logging_mixin.py:190} INFO - [2024-11-03T06:07:00.007+0000] {override.py:1900} INFO - Created Permission View: can read on DAG Run:example_trigger_target_dag
[2024-11-03T06:07:00.023+0000] {logging_mixin.py:190} INFO - [2024-11-03T06:07:00.022+0000] {override.py:1900} INFO - Created Permission View: can delete on DAG Run:example_trigger_target_dag
[2024-11-03T06:07:00.024+0000] {logging_mixin.py:190} INFO - [2024-11-03T06:07:00.023+0000] {dag.py:3239} INFO - Sync 1 DAGs
[2024-11-03T06:07:00.048+0000] {logging_mixin.py:190} INFO - [2024-11-03T06:07:00.048+0000] {dag.py:3262} INFO - Creating ORM DAG for example_trigger_target_dag
[2024-11-03T06:07:00.049+0000] {logging_mixin.py:190} INFO - [2024-11-03T06:07:00.049+0000] {dag.py:4180} INFO - Setting next_dagrun for example_trigger_target_dag to None, run_after=None
[2024-11-03T06:07:00.076+0000] {processor.py:208} INFO - Processing /home/airflow/.local/lib/python3.12/site-packages/airflow/example_dags/example_trigger_target_dag.py took 0.326 seconds
[2024-11-03T06:07:30.982+0000] {processor.py:186} INFO - Started process (PID=673) to work on /home/airflow/.local/lib/python3.12/site-packages/airflow/example_dags/example_trigger_target_dag.py
[2024-11-03T06:07:30.984+0000] {processor.py:914} INFO - Processing file /home/airflow/.local/lib/python3.12/site-packages/airflow/example_dags/example_trigger_target_dag.py for tasks to queue
[2024-11-03T06:07:30.986+0000] {logging_mixin.py:190} INFO - [2024-11-03T06:07:30.986+0000] {dagbag.py:588} INFO - Filling up the DagBag from /home/airflow/.local/lib/python3.12/site-packages/airflow/example_dags/example_trigger_target_dag.py
[2024-11-03T06:07:30.994+0000] {processor.py:925} INFO - DAG(s) 'example_trigger_target_dag' retrieved from /home/airflow/.local/lib/python3.12/site-packages/airflow/example_dags/example_trigger_target_dag.py
[2024-11-03T06:07:31.016+0000] {logging_mixin.py:190} INFO - [2024-11-03T06:07:31.015+0000] {dag.py:3239} INFO - Sync 1 DAGs
[2024-11-03T06:07:31.035+0000] {logging_mixin.py:190} INFO - [2024-11-03T06:07:31.035+0000] {dag.py:4180} INFO - Setting next_dagrun for example_trigger_target_dag to None, run_after=None
[2024-11-03T06:07:31.068+0000] {processor.py:208} INFO - Processing /home/airflow/.local/lib/python3.12/site-packages/airflow/example_dags/example_trigger_target_dag.py took 0.092 seconds
[2024-11-03T06:10:51.232+0000] {processor.py:186} INFO - Started process (PID=377) to work on /home/airflow/.local/lib/python3.12/site-packages/airflow/example_dags/example_trigger_target_dag.py
[2024-11-03T06:10:51.234+0000] {processor.py:914} INFO - Processing file /home/airflow/.local/lib/python3.12/site-packages/airflow/example_dags/example_trigger_target_dag.py for tasks to queue
[2024-11-03T06:10:51.248+0000] {logging_mixin.py:190} INFO - [2024-11-03T06:10:51.247+0000] {dagbag.py:588} INFO - Filling up the DagBag from /home/airflow/.local/lib/python3.12/site-packages/airflow/example_dags/example_trigger_target_dag.py
[2024-11-03T06:10:51.275+0000] {processor.py:925} INFO - DAG(s) 'example_trigger_target_dag' retrieved from /home/airflow/.local/lib/python3.12/site-packages/airflow/example_dags/example_trigger_target_dag.py
[2024-11-03T06:10:51.332+0000] {logging_mixin.py:190} INFO - [2024-11-03T06:10:51.332+0000] {dag.py:3239} INFO - Sync 1 DAGs
[2024-11-03T06:10:51.365+0000] {logging_mixin.py:190} INFO - [2024-11-03T06:10:51.365+0000] {dag.py:4180} INFO - Setting next_dagrun for example_trigger_target_dag to None, run_after=None
[2024-11-03T06:10:51.396+0000] {processor.py:208} INFO - Processing /home/airflow/.local/lib/python3.12/site-packages/airflow/example_dags/example_trigger_target_dag.py took 0.180 seconds
[2024-11-03T06:11:21.445+0000] {processor.py:186} INFO - Started process (PID=666) to work on /home/airflow/.local/lib/python3.12/site-packages/airflow/example_dags/example_trigger_target_dag.py
[2024-11-03T06:11:21.446+0000] {processor.py:914} INFO - Processing file /home/airflow/.local/lib/python3.12/site-packages/airflow/example_dags/example_trigger_target_dag.py for tasks to queue
[2024-11-03T06:11:21.448+0000] {logging_mixin.py:190} INFO - [2024-11-03T06:11:21.448+0000] {dagbag.py:588} INFO - Filling up the DagBag from /home/airflow/.local/lib/python3.12/site-packages/airflow/example_dags/example_trigger_target_dag.py
[2024-11-03T06:11:21.456+0000] {processor.py:925} INFO - DAG(s) 'example_trigger_target_dag' retrieved from /home/airflow/.local/lib/python3.12/site-packages/airflow/example_dags/example_trigger_target_dag.py
[2024-11-03T06:11:21.479+0000] {logging_mixin.py:190} INFO - [2024-11-03T06:11:21.478+0000] {dag.py:3239} INFO - Sync 1 DAGs
[2024-11-03T06:11:21.500+0000] {logging_mixin.py:190} INFO - [2024-11-03T06:11:21.500+0000] {dag.py:4180} INFO - Setting next_dagrun for example_trigger_target_dag to None, run_after=None
[2024-11-03T06:11:21.527+0000] {processor.py:208} INFO - Processing /home/airflow/.local/lib/python3.12/site-packages/airflow/example_dags/example_trigger_target_dag.py took 0.088 seconds
[2024-11-03T06:11:52.165+0000] {processor.py:186} INFO - Started process (PID=957) to work on /home/airflow/.local/lib/python3.12/site-packages/airflow/example_dags/example_trigger_target_dag.py
[2024-11-03T06:11:52.166+0000] {processor.py:914} INFO - Processing file /home/airflow/.local/lib/python3.12/site-packages/airflow/example_dags/example_trigger_target_dag.py for tasks to queue
[2024-11-03T06:11:52.169+0000] {logging_mixin.py:190} INFO - [2024-11-03T06:11:52.169+0000] {dagbag.py:588} INFO - Filling up the DagBag from /home/airflow/.local/lib/python3.12/site-packages/airflow/example_dags/example_trigger_target_dag.py
[2024-11-03T06:11:52.180+0000] {processor.py:925} INFO - DAG(s) 'example_trigger_target_dag' retrieved from /home/airflow/.local/lib/python3.12/site-packages/airflow/example_dags/example_trigger_target_dag.py
[2024-11-03T06:11:52.204+0000] {logging_mixin.py:190} INFO - [2024-11-03T06:11:52.204+0000] {dag.py:3239} INFO - Sync 1 DAGs
[2024-11-03T06:11:52.224+0000] {logging_mixin.py:190} INFO - [2024-11-03T06:11:52.223+0000] {dag.py:4180} INFO - Setting next_dagrun for example_trigger_target_dag to None, run_after=None
[2024-11-03T06:11:52.252+0000] {processor.py:208} INFO - Processing /home/airflow/.local/lib/python3.12/site-packages/airflow/example_dags/example_trigger_target_dag.py took 0.097 seconds
[2024-11-03T06:12:23.000+0000] {processor.py:186} INFO - Started process (PID=1248) to work on /home/airflow/.local/lib/python3.12/site-packages/airflow/example_dags/example_trigger_target_dag.py
[2024-11-03T06:12:23.001+0000] {processor.py:914} INFO - Processing file /home/airflow/.local/lib/python3.12/site-packages/airflow/example_dags/example_trigger_target_dag.py for tasks to queue
[2024-11-03T06:12:23.003+0000] {logging_mixin.py:190} INFO - [2024-11-03T06:12:23.003+0000] {dagbag.py:588} INFO - Filling up the DagBag from /home/airflow/.local/lib/python3.12/site-packages/airflow/example_dags/example_trigger_target_dag.py
[2024-11-03T06:12:23.012+0000] {processor.py:925} INFO - DAG(s) 'example_trigger_target_dag' retrieved from /home/airflow/.local/lib/python3.12/site-packages/airflow/example_dags/example_trigger_target_dag.py
[2024-11-03T06:12:23.035+0000] {logging_mixin.py:190} INFO - [2024-11-03T06:12:23.035+0000] {dag.py:3239} INFO - Sync 1 DAGs
[2024-11-03T06:12:23.051+0000] {logging_mixin.py:190} INFO - [2024-11-03T06:12:23.051+0000] {dag.py:4180} INFO - Setting next_dagrun for example_trigger_target_dag to None, run_after=None
[2024-11-03T06:12:23.086+0000] {processor.py:208} INFO - Processing /home/airflow/.local/lib/python3.12/site-packages/airflow/example_dags/example_trigger_target_dag.py took 0.093 seconds
[2024-11-03T06:12:53.497+0000] {processor.py:186} INFO - Started process (PID=1539) to work on /home/airflow/.local/lib/python3.12/site-packages/airflow/example_dags/example_trigger_target_dag.py
[2024-11-03T06:12:53.498+0000] {processor.py:914} INFO - Processing file /home/airflow/.local/lib/python3.12/site-packages/airflow/example_dags/example_trigger_target_dag.py for tasks to queue
[2024-11-03T06:12:53.501+0000] {logging_mixin.py:190} INFO - [2024-11-03T06:12:53.500+0000] {dagbag.py:588} INFO - Filling up the DagBag from /home/airflow/.local/lib/python3.12/site-packages/airflow/example_dags/example_trigger_target_dag.py
[2024-11-03T06:12:53.509+0000] {processor.py:925} INFO - DAG(s) 'example_trigger_target_dag' retrieved from /home/airflow/.local/lib/python3.12/site-packages/airflow/example_dags/example_trigger_target_dag.py
[2024-11-03T06:12:53.529+0000] {logging_mixin.py:190} INFO - [2024-11-03T06:12:53.529+0000] {dag.py:3239} INFO - Sync 1 DAGs
[2024-11-03T06:12:53.545+0000] {logging_mixin.py:190} INFO - [2024-11-03T06:12:53.545+0000] {dag.py:4180} INFO - Setting next_dagrun for example_trigger_target_dag to None, run_after=None
[2024-11-03T06:12:53.567+0000] {processor.py:208} INFO - Processing /home/airflow/.local/lib/python3.12/site-packages/airflow/example_dags/example_trigger_target_dag.py took 0.077 seconds
[2024-11-03T06:13:24.817+0000] {processor.py:186} INFO - Started process (PID=1832) to work on /home/airflow/.local/lib/python3.12/site-packages/airflow/example_dags/example_trigger_target_dag.py
[2024-11-03T06:13:24.818+0000] {processor.py:914} INFO - Processing file /home/airflow/.local/lib/python3.12/site-packages/airflow/example_dags/example_trigger_target_dag.py for tasks to queue
[2024-11-03T06:13:24.821+0000] {logging_mixin.py:190} INFO - [2024-11-03T06:13:24.820+0000] {dagbag.py:588} INFO - Filling up the DagBag from /home/airflow/.local/lib/python3.12/site-packages/airflow/example_dags/example_trigger_target_dag.py
[2024-11-03T06:13:24.828+0000] {processor.py:925} INFO - DAG(s) 'example_trigger_target_dag' retrieved from /home/airflow/.local/lib/python3.12/site-packages/airflow/example_dags/example_trigger_target_dag.py
[2024-11-03T06:13:24.850+0000] {logging_mixin.py:190} INFO - [2024-11-03T06:13:24.849+0000] {dag.py:3239} INFO - Sync 1 DAGs
[2024-11-03T06:13:24.866+0000] {logging_mixin.py:190} INFO - [2024-11-03T06:13:24.866+0000] {dag.py:4180} INFO - Setting next_dagrun for example_trigger_target_dag to None, run_after=None
[2024-11-03T06:13:24.891+0000] {processor.py:208} INFO - Processing /home/airflow/.local/lib/python3.12/site-packages/airflow/example_dags/example_trigger_target_dag.py took 0.080 seconds
[2024-11-03T06:13:56.067+0000] {processor.py:186} INFO - Started process (PID=2123) to work on /home/airflow/.local/lib/python3.12/site-packages/airflow/example_dags/example_trigger_target_dag.py
[2024-11-03T06:13:56.068+0000] {processor.py:914} INFO - Processing file /home/airflow/.local/lib/python3.12/site-packages/airflow/example_dags/example_trigger_target_dag.py for tasks to queue
[2024-11-03T06:13:56.076+0000] {logging_mixin.py:190} INFO - [2024-11-03T06:13:56.075+0000] {dagbag.py:588} INFO - Filling up the DagBag from /home/airflow/.local/lib/python3.12/site-packages/airflow/example_dags/example_trigger_target_dag.py
[2024-11-03T06:13:56.085+0000] {processor.py:925} INFO - DAG(s) 'example_trigger_target_dag' retrieved from /home/airflow/.local/lib/python3.12/site-packages/airflow/example_dags/example_trigger_target_dag.py
[2024-11-03T06:13:56.118+0000] {logging_mixin.py:190} INFO - [2024-11-03T06:13:56.118+0000] {dag.py:3239} INFO - Sync 1 DAGs
[2024-11-03T06:13:56.144+0000] {logging_mixin.py:190} INFO - [2024-11-03T06:13:56.144+0000] {dag.py:4180} INFO - Setting next_dagrun for example_trigger_target_dag to None, run_after=None
[2024-11-03T06:13:56.175+0000] {processor.py:208} INFO - Processing /home/airflow/.local/lib/python3.12/site-packages/airflow/example_dags/example_trigger_target_dag.py took 0.117 seconds
[2024-11-03T06:14:26.230+0000] {processor.py:186} INFO - Started process (PID=2414) to work on /home/airflow/.local/lib/python3.12/site-packages/airflow/example_dags/example_trigger_target_dag.py
[2024-11-03T06:14:26.232+0000] {processor.py:914} INFO - Processing file /home/airflow/.local/lib/python3.12/site-packages/airflow/example_dags/example_trigger_target_dag.py for tasks to queue
[2024-11-03T06:14:26.234+0000] {logging_mixin.py:190} INFO - [2024-11-03T06:14:26.234+0000] {dagbag.py:588} INFO - Filling up the DagBag from /home/airflow/.local/lib/python3.12/site-packages/airflow/example_dags/example_trigger_target_dag.py
[2024-11-03T06:14:26.244+0000] {processor.py:925} INFO - DAG(s) 'example_trigger_target_dag' retrieved from /home/airflow/.local/lib/python3.12/site-packages/airflow/example_dags/example_trigger_target_dag.py
[2024-11-03T06:14:26.265+0000] {logging_mixin.py:190} INFO - [2024-11-03T06:14:26.264+0000] {dag.py:3239} INFO - Sync 1 DAGs
[2024-11-03T06:14:26.280+0000] {logging_mixin.py:190} INFO - [2024-11-03T06:14:26.279+0000] {dag.py:4180} INFO - Setting next_dagrun for example_trigger_target_dag to None, run_after=None
[2024-11-03T06:14:26.302+0000] {processor.py:208} INFO - Processing /home/airflow/.local/lib/python3.12/site-packages/airflow/example_dags/example_trigger_target_dag.py took 0.080 seconds
