[2024-11-03T05:29:37.238+0000] {processor.py:186} INFO - Started process (PID=438) to work on /home/airflow/.local/lib/python3.12/site-packages/airflow/example_dags/example_task_group_decorator.py
[2024-11-03T05:29:37.239+0000] {processor.py:914} INFO - Processing file /home/airflow/.local/lib/python3.12/site-packages/airflow/example_dags/example_task_group_decorator.py for tasks to queue
[2024-11-03T05:29:37.242+0000] {logging_mixin.py:190} INFO - [2024-11-03T05:29:37.242+0000] {dagbag.py:588} INFO - Filling up the DagBag from /home/airflow/.local/lib/python3.12/site-packages/airflow/example_dags/example_task_group_decorator.py
[2024-11-03T05:29:37.264+0000] {processor.py:925} INFO - DAG(s) 'example_task_group_decorator' retrieved from /home/airflow/.local/lib/python3.12/site-packages/airflow/example_dags/example_task_group_decorator.py
[2024-11-03T05:29:37.433+0000] {logging_mixin.py:190} INFO - [2024-11-03T05:29:37.432+0000] {override.py:1900} INFO - Created Permission View: can delete on DAG:example_task_group_decorator
[2024-11-03T05:29:37.457+0000] {logging_mixin.py:190} INFO - [2024-11-03T05:29:37.457+0000] {override.py:1900} INFO - Created Permission View: can edit on DAG:example_task_group_decorator
[2024-11-03T05:29:37.473+0000] {logging_mixin.py:190} INFO - [2024-11-03T05:29:37.473+0000] {override.py:1900} INFO - Created Permission View: can read on DAG:example_task_group_decorator
[2024-11-03T05:29:37.491+0000] {logging_mixin.py:190} INFO - [2024-11-03T05:29:37.491+0000] {override.py:1900} INFO - Created Permission View: can delete on DAG Run:example_task_group_decorator
[2024-11-03T05:29:37.505+0000] {logging_mixin.py:190} INFO - [2024-11-03T05:29:37.505+0000] {override.py:1900} INFO - Created Permission View: menu access on DAG Run:example_task_group_decorator
[2024-11-03T05:29:37.523+0000] {logging_mixin.py:190} INFO - [2024-11-03T05:29:37.523+0000] {override.py:1900} INFO - Created Permission View: can create on DAG Run:example_task_group_decorator
[2024-11-03T05:29:37.536+0000] {logging_mixin.py:190} INFO - [2024-11-03T05:29:37.536+0000] {override.py:1900} INFO - Created Permission View: can read on DAG Run:example_task_group_decorator
[2024-11-03T05:29:37.537+0000] {logging_mixin.py:190} INFO - [2024-11-03T05:29:37.537+0000] {dag.py:3239} INFO - Sync 1 DAGs
[2024-11-03T05:29:37.564+0000] {logging_mixin.py:190} INFO - [2024-11-03T05:29:37.564+0000] {dag.py:3262} INFO - Creating ORM DAG for example_task_group_decorator
[2024-11-03T05:29:37.566+0000] {logging_mixin.py:190} INFO - [2024-11-03T05:29:37.566+0000] {dag.py:4180} INFO - Setting next_dagrun for example_task_group_decorator to None, run_after=None
[2024-11-03T05:29:37.596+0000] {processor.py:208} INFO - Processing /home/airflow/.local/lib/python3.12/site-packages/airflow/example_dags/example_task_group_decorator.py took 0.365 seconds
[2024-11-03T05:30:08.641+0000] {processor.py:186} INFO - Started process (PID=729) to work on /home/airflow/.local/lib/python3.12/site-packages/airflow/example_dags/example_task_group_decorator.py
[2024-11-03T05:30:08.643+0000] {processor.py:914} INFO - Processing file /home/airflow/.local/lib/python3.12/site-packages/airflow/example_dags/example_task_group_decorator.py for tasks to queue
[2024-11-03T05:30:08.647+0000] {logging_mixin.py:190} INFO - [2024-11-03T05:30:08.647+0000] {dagbag.py:588} INFO - Filling up the DagBag from /home/airflow/.local/lib/python3.12/site-packages/airflow/example_dags/example_task_group_decorator.py
[2024-11-03T05:30:08.670+0000] {processor.py:925} INFO - DAG(s) 'example_task_group_decorator' retrieved from /home/airflow/.local/lib/python3.12/site-packages/airflow/example_dags/example_task_group_decorator.py
[2024-11-03T05:30:08.708+0000] {logging_mixin.py:190} INFO - [2024-11-03T05:30:08.707+0000] {dag.py:3239} INFO - Sync 1 DAGs
[2024-11-03T05:30:08.732+0000] {logging_mixin.py:190} INFO - [2024-11-03T05:30:08.731+0000] {dag.py:4180} INFO - Setting next_dagrun for example_task_group_decorator to None, run_after=None
[2024-11-03T05:30:08.763+0000] {processor.py:208} INFO - Processing /home/airflow/.local/lib/python3.12/site-packages/airflow/example_dags/example_task_group_decorator.py took 0.129 seconds
[2024-11-03T05:30:39.304+0000] {processor.py:186} INFO - Started process (PID=1020) to work on /home/airflow/.local/lib/python3.12/site-packages/airflow/example_dags/example_task_group_decorator.py
[2024-11-03T05:30:39.305+0000] {processor.py:914} INFO - Processing file /home/airflow/.local/lib/python3.12/site-packages/airflow/example_dags/example_task_group_decorator.py for tasks to queue
[2024-11-03T05:30:39.308+0000] {logging_mixin.py:190} INFO - [2024-11-03T05:30:39.308+0000] {dagbag.py:588} INFO - Filling up the DagBag from /home/airflow/.local/lib/python3.12/site-packages/airflow/example_dags/example_task_group_decorator.py
[2024-11-03T05:30:39.328+0000] {processor.py:925} INFO - DAG(s) 'example_task_group_decorator' retrieved from /home/airflow/.local/lib/python3.12/site-packages/airflow/example_dags/example_task_group_decorator.py
[2024-11-03T05:30:39.362+0000] {logging_mixin.py:190} INFO - [2024-11-03T05:30:39.362+0000] {dag.py:3239} INFO - Sync 1 DAGs
[2024-11-03T05:30:39.380+0000] {logging_mixin.py:190} INFO - [2024-11-03T05:30:39.380+0000] {dag.py:4180} INFO - Setting next_dagrun for example_task_group_decorator to None, run_after=None
[2024-11-03T05:30:39.412+0000] {processor.py:208} INFO - Processing /home/airflow/.local/lib/python3.12/site-packages/airflow/example_dags/example_task_group_decorator.py took 0.115 seconds
[2024-11-03T05:31:09.931+0000] {processor.py:186} INFO - Started process (PID=1311) to work on /home/airflow/.local/lib/python3.12/site-packages/airflow/example_dags/example_task_group_decorator.py
[2024-11-03T05:31:09.933+0000] {processor.py:914} INFO - Processing file /home/airflow/.local/lib/python3.12/site-packages/airflow/example_dags/example_task_group_decorator.py for tasks to queue
[2024-11-03T05:31:09.936+0000] {logging_mixin.py:190} INFO - [2024-11-03T05:31:09.935+0000] {dagbag.py:588} INFO - Filling up the DagBag from /home/airflow/.local/lib/python3.12/site-packages/airflow/example_dags/example_task_group_decorator.py
[2024-11-03T05:31:09.969+0000] {processor.py:925} INFO - DAG(s) 'example_task_group_decorator' retrieved from /home/airflow/.local/lib/python3.12/site-packages/airflow/example_dags/example_task_group_decorator.py
[2024-11-03T05:31:10.000+0000] {logging_mixin.py:190} INFO - [2024-11-03T05:31:10.000+0000] {dag.py:3239} INFO - Sync 1 DAGs
[2024-11-03T05:31:10.016+0000] {logging_mixin.py:190} INFO - [2024-11-03T05:31:10.016+0000] {dag.py:4180} INFO - Setting next_dagrun for example_task_group_decorator to None, run_after=None
[2024-11-03T05:31:10.036+0000] {processor.py:208} INFO - Processing /home/airflow/.local/lib/python3.12/site-packages/airflow/example_dags/example_task_group_decorator.py took 0.116 seconds
[2024-11-03T05:31:40.641+0000] {processor.py:186} INFO - Started process (PID=1602) to work on /home/airflow/.local/lib/python3.12/site-packages/airflow/example_dags/example_task_group_decorator.py
[2024-11-03T05:31:40.642+0000] {processor.py:914} INFO - Processing file /home/airflow/.local/lib/python3.12/site-packages/airflow/example_dags/example_task_group_decorator.py for tasks to queue
[2024-11-03T05:31:40.646+0000] {logging_mixin.py:190} INFO - [2024-11-03T05:31:40.645+0000] {dagbag.py:588} INFO - Filling up the DagBag from /home/airflow/.local/lib/python3.12/site-packages/airflow/example_dags/example_task_group_decorator.py
[2024-11-03T05:31:40.674+0000] {processor.py:925} INFO - DAG(s) 'example_task_group_decorator' retrieved from /home/airflow/.local/lib/python3.12/site-packages/airflow/example_dags/example_task_group_decorator.py
[2024-11-03T05:31:40.715+0000] {logging_mixin.py:190} INFO - [2024-11-03T05:31:40.715+0000] {dag.py:3239} INFO - Sync 1 DAGs
[2024-11-03T05:31:40.739+0000] {logging_mixin.py:190} INFO - [2024-11-03T05:31:40.739+0000] {dag.py:4180} INFO - Setting next_dagrun for example_task_group_decorator to None, run_after=None
[2024-11-03T05:31:40.768+0000] {processor.py:208} INFO - Processing /home/airflow/.local/lib/python3.12/site-packages/airflow/example_dags/example_task_group_decorator.py took 0.136 seconds
[2024-11-03T05:32:11.331+0000] {processor.py:186} INFO - Started process (PID=1893) to work on /home/airflow/.local/lib/python3.12/site-packages/airflow/example_dags/example_task_group_decorator.py
[2024-11-03T05:32:11.332+0000] {processor.py:914} INFO - Processing file /home/airflow/.local/lib/python3.12/site-packages/airflow/example_dags/example_task_group_decorator.py for tasks to queue
[2024-11-03T05:32:11.336+0000] {logging_mixin.py:190} INFO - [2024-11-03T05:32:11.335+0000] {dagbag.py:588} INFO - Filling up the DagBag from /home/airflow/.local/lib/python3.12/site-packages/airflow/example_dags/example_task_group_decorator.py
[2024-11-03T05:32:11.358+0000] {processor.py:925} INFO - DAG(s) 'example_task_group_decorator' retrieved from /home/airflow/.local/lib/python3.12/site-packages/airflow/example_dags/example_task_group_decorator.py
[2024-11-03T05:32:11.394+0000] {logging_mixin.py:190} INFO - [2024-11-03T05:32:11.394+0000] {dag.py:3239} INFO - Sync 1 DAGs
[2024-11-03T05:32:11.415+0000] {logging_mixin.py:190} INFO - [2024-11-03T05:32:11.414+0000] {dag.py:4180} INFO - Setting next_dagrun for example_task_group_decorator to None, run_after=None
[2024-11-03T05:32:11.450+0000] {processor.py:208} INFO - Processing /home/airflow/.local/lib/python3.12/site-packages/airflow/example_dags/example_task_group_decorator.py took 0.126 seconds
[2024-11-03T05:32:41.549+0000] {processor.py:186} INFO - Started process (PID=2184) to work on /home/airflow/.local/lib/python3.12/site-packages/airflow/example_dags/example_task_group_decorator.py
[2024-11-03T05:32:41.550+0000] {processor.py:914} INFO - Processing file /home/airflow/.local/lib/python3.12/site-packages/airflow/example_dags/example_task_group_decorator.py for tasks to queue
[2024-11-03T05:32:41.554+0000] {logging_mixin.py:190} INFO - [2024-11-03T05:32:41.553+0000] {dagbag.py:588} INFO - Filling up the DagBag from /home/airflow/.local/lib/python3.12/site-packages/airflow/example_dags/example_task_group_decorator.py
[2024-11-03T05:32:41.574+0000] {processor.py:925} INFO - DAG(s) 'example_task_group_decorator' retrieved from /home/airflow/.local/lib/python3.12/site-packages/airflow/example_dags/example_task_group_decorator.py
[2024-11-03T05:32:41.603+0000] {logging_mixin.py:190} INFO - [2024-11-03T05:32:41.603+0000] {dag.py:3239} INFO - Sync 1 DAGs
[2024-11-03T05:32:41.620+0000] {logging_mixin.py:190} INFO - [2024-11-03T05:32:41.619+0000] {dag.py:4180} INFO - Setting next_dagrun for example_task_group_decorator to None, run_after=None
[2024-11-03T05:32:41.645+0000] {processor.py:208} INFO - Processing /home/airflow/.local/lib/python3.12/site-packages/airflow/example_dags/example_task_group_decorator.py took 0.104 seconds
[2024-11-03T05:33:11.764+0000] {processor.py:186} INFO - Started process (PID=2474) to work on /home/airflow/.local/lib/python3.12/site-packages/airflow/example_dags/example_task_group_decorator.py
[2024-11-03T05:33:11.766+0000] {processor.py:914} INFO - Processing file /home/airflow/.local/lib/python3.12/site-packages/airflow/example_dags/example_task_group_decorator.py for tasks to queue
[2024-11-03T05:33:11.769+0000] {logging_mixin.py:190} INFO - [2024-11-03T05:33:11.768+0000] {dagbag.py:588} INFO - Filling up the DagBag from /home/airflow/.local/lib/python3.12/site-packages/airflow/example_dags/example_task_group_decorator.py
[2024-11-03T05:33:11.800+0000] {processor.py:925} INFO - DAG(s) 'example_task_group_decorator' retrieved from /home/airflow/.local/lib/python3.12/site-packages/airflow/example_dags/example_task_group_decorator.py
[2024-11-03T05:33:11.846+0000] {logging_mixin.py:190} INFO - [2024-11-03T05:33:11.846+0000] {dag.py:3239} INFO - Sync 1 DAGs
[2024-11-03T05:33:11.872+0000] {logging_mixin.py:190} INFO - [2024-11-03T05:33:11.872+0000] {dag.py:4180} INFO - Setting next_dagrun for example_task_group_decorator to None, run_after=None
[2024-11-03T05:33:11.910+0000] {processor.py:208} INFO - Processing /home/airflow/.local/lib/python3.12/site-packages/airflow/example_dags/example_task_group_decorator.py took 0.155 seconds
[2024-11-03T05:33:42.832+0000] {processor.py:186} INFO - Started process (PID=2765) to work on /home/airflow/.local/lib/python3.12/site-packages/airflow/example_dags/example_task_group_decorator.py
[2024-11-03T05:33:42.833+0000] {processor.py:914} INFO - Processing file /home/airflow/.local/lib/python3.12/site-packages/airflow/example_dags/example_task_group_decorator.py for tasks to queue
[2024-11-03T05:33:42.836+0000] {logging_mixin.py:190} INFO - [2024-11-03T05:33:42.835+0000] {dagbag.py:588} INFO - Filling up the DagBag from /home/airflow/.local/lib/python3.12/site-packages/airflow/example_dags/example_task_group_decorator.py
[2024-11-03T05:33:42.856+0000] {processor.py:925} INFO - DAG(s) 'example_task_group_decorator' retrieved from /home/airflow/.local/lib/python3.12/site-packages/airflow/example_dags/example_task_group_decorator.py
[2024-11-03T05:33:42.894+0000] {logging_mixin.py:190} INFO - [2024-11-03T05:33:42.893+0000] {dag.py:3239} INFO - Sync 1 DAGs
[2024-11-03T05:33:42.914+0000] {logging_mixin.py:190} INFO - [2024-11-03T05:33:42.914+0000] {dag.py:4180} INFO - Setting next_dagrun for example_task_group_decorator to None, run_after=None
[2024-11-03T05:33:42.940+0000] {processor.py:208} INFO - Processing /home/airflow/.local/lib/python3.12/site-packages/airflow/example_dags/example_task_group_decorator.py took 0.117 seconds
[2024-11-03T05:34:13.040+0000] {processor.py:186} INFO - Started process (PID=3053) to work on /home/airflow/.local/lib/python3.12/site-packages/airflow/example_dags/example_task_group_decorator.py
[2024-11-03T05:34:13.042+0000] {processor.py:914} INFO - Processing file /home/airflow/.local/lib/python3.12/site-packages/airflow/example_dags/example_task_group_decorator.py for tasks to queue
[2024-11-03T05:34:13.044+0000] {logging_mixin.py:190} INFO - [2024-11-03T05:34:13.044+0000] {dagbag.py:588} INFO - Filling up the DagBag from /home/airflow/.local/lib/python3.12/site-packages/airflow/example_dags/example_task_group_decorator.py
[2024-11-03T05:34:13.061+0000] {processor.py:925} INFO - DAG(s) 'example_task_group_decorator' retrieved from /home/airflow/.local/lib/python3.12/site-packages/airflow/example_dags/example_task_group_decorator.py
[2024-11-03T05:34:13.089+0000] {logging_mixin.py:190} INFO - [2024-11-03T05:34:13.089+0000] {dag.py:3239} INFO - Sync 1 DAGs
[2024-11-03T05:34:13.104+0000] {logging_mixin.py:190} INFO - [2024-11-03T05:34:13.104+0000] {dag.py:4180} INFO - Setting next_dagrun for example_task_group_decorator to None, run_after=None
[2024-11-03T05:34:13.126+0000] {processor.py:208} INFO - Processing /home/airflow/.local/lib/python3.12/site-packages/airflow/example_dags/example_task_group_decorator.py took 0.092 seconds
[2024-11-03T05:34:43.194+0000] {processor.py:186} INFO - Started process (PID=3344) to work on /home/airflow/.local/lib/python3.12/site-packages/airflow/example_dags/example_task_group_decorator.py
[2024-11-03T05:34:43.195+0000] {processor.py:914} INFO - Processing file /home/airflow/.local/lib/python3.12/site-packages/airflow/example_dags/example_task_group_decorator.py for tasks to queue
[2024-11-03T05:34:43.197+0000] {logging_mixin.py:190} INFO - [2024-11-03T05:34:43.197+0000] {dagbag.py:588} INFO - Filling up the DagBag from /home/airflow/.local/lib/python3.12/site-packages/airflow/example_dags/example_task_group_decorator.py
[2024-11-03T05:34:43.214+0000] {processor.py:925} INFO - DAG(s) 'example_task_group_decorator' retrieved from /home/airflow/.local/lib/python3.12/site-packages/airflow/example_dags/example_task_group_decorator.py
[2024-11-03T05:34:43.240+0000] {logging_mixin.py:190} INFO - [2024-11-03T05:34:43.240+0000] {dag.py:3239} INFO - Sync 1 DAGs
[2024-11-03T05:34:43.255+0000] {logging_mixin.py:190} INFO - [2024-11-03T05:34:43.255+0000] {dag.py:4180} INFO - Setting next_dagrun for example_task_group_decorator to None, run_after=None
[2024-11-03T05:34:43.276+0000] {processor.py:208} INFO - Processing /home/airflow/.local/lib/python3.12/site-packages/airflow/example_dags/example_task_group_decorator.py took 0.088 seconds
[2024-11-03T05:35:13.907+0000] {processor.py:186} INFO - Started process (PID=3635) to work on /home/airflow/.local/lib/python3.12/site-packages/airflow/example_dags/example_task_group_decorator.py
[2024-11-03T05:35:13.908+0000] {processor.py:914} INFO - Processing file /home/airflow/.local/lib/python3.12/site-packages/airflow/example_dags/example_task_group_decorator.py for tasks to queue
[2024-11-03T05:35:13.911+0000] {logging_mixin.py:190} INFO - [2024-11-03T05:35:13.910+0000] {dagbag.py:588} INFO - Filling up the DagBag from /home/airflow/.local/lib/python3.12/site-packages/airflow/example_dags/example_task_group_decorator.py
[2024-11-03T05:35:13.927+0000] {processor.py:925} INFO - DAG(s) 'example_task_group_decorator' retrieved from /home/airflow/.local/lib/python3.12/site-packages/airflow/example_dags/example_task_group_decorator.py
[2024-11-03T05:35:13.954+0000] {logging_mixin.py:190} INFO - [2024-11-03T05:35:13.954+0000] {dag.py:3239} INFO - Sync 1 DAGs
[2024-11-03T05:35:13.969+0000] {logging_mixin.py:190} INFO - [2024-11-03T05:35:13.969+0000] {dag.py:4180} INFO - Setting next_dagrun for example_task_group_decorator to None, run_after=None
[2024-11-03T05:35:13.991+0000] {processor.py:208} INFO - Processing /home/airflow/.local/lib/python3.12/site-packages/airflow/example_dags/example_task_group_decorator.py took 0.091 seconds
[2024-11-03T05:35:44.185+0000] {processor.py:186} INFO - Started process (PID=3926) to work on /home/airflow/.local/lib/python3.12/site-packages/airflow/example_dags/example_task_group_decorator.py
[2024-11-03T05:35:44.186+0000] {processor.py:914} INFO - Processing file /home/airflow/.local/lib/python3.12/site-packages/airflow/example_dags/example_task_group_decorator.py for tasks to queue
[2024-11-03T05:35:44.189+0000] {logging_mixin.py:190} INFO - [2024-11-03T05:35:44.189+0000] {dagbag.py:588} INFO - Filling up the DagBag from /home/airflow/.local/lib/python3.12/site-packages/airflow/example_dags/example_task_group_decorator.py
[2024-11-03T05:35:44.205+0000] {processor.py:925} INFO - DAG(s) 'example_task_group_decorator' retrieved from /home/airflow/.local/lib/python3.12/site-packages/airflow/example_dags/example_task_group_decorator.py
[2024-11-03T05:35:44.234+0000] {logging_mixin.py:190} INFO - [2024-11-03T05:35:44.234+0000] {dag.py:3239} INFO - Sync 1 DAGs
[2024-11-03T05:35:44.250+0000] {logging_mixin.py:190} INFO - [2024-11-03T05:35:44.250+0000] {dag.py:4180} INFO - Setting next_dagrun for example_task_group_decorator to None, run_after=None
[2024-11-03T05:35:44.284+0000] {processor.py:208} INFO - Processing /home/airflow/.local/lib/python3.12/site-packages/airflow/example_dags/example_task_group_decorator.py took 0.105 seconds
[2024-11-03T05:36:14.428+0000] {processor.py:186} INFO - Started process (PID=4217) to work on /home/airflow/.local/lib/python3.12/site-packages/airflow/example_dags/example_task_group_decorator.py
[2024-11-03T05:36:14.429+0000] {processor.py:914} INFO - Processing file /home/airflow/.local/lib/python3.12/site-packages/airflow/example_dags/example_task_group_decorator.py for tasks to queue
[2024-11-03T05:36:14.432+0000] {logging_mixin.py:190} INFO - [2024-11-03T05:36:14.432+0000] {dagbag.py:588} INFO - Filling up the DagBag from /home/airflow/.local/lib/python3.12/site-packages/airflow/example_dags/example_task_group_decorator.py
[2024-11-03T05:36:14.449+0000] {processor.py:925} INFO - DAG(s) 'example_task_group_decorator' retrieved from /home/airflow/.local/lib/python3.12/site-packages/airflow/example_dags/example_task_group_decorator.py
[2024-11-03T05:36:14.478+0000] {logging_mixin.py:190} INFO - [2024-11-03T05:36:14.478+0000] {dag.py:3239} INFO - Sync 1 DAGs
[2024-11-03T05:36:14.495+0000] {logging_mixin.py:190} INFO - [2024-11-03T05:36:14.494+0000] {dag.py:4180} INFO - Setting next_dagrun for example_task_group_decorator to None, run_after=None
[2024-11-03T05:36:14.518+0000] {processor.py:208} INFO - Processing /home/airflow/.local/lib/python3.12/site-packages/airflow/example_dags/example_task_group_decorator.py took 0.096 seconds
[2024-11-03T05:36:44.683+0000] {processor.py:186} INFO - Started process (PID=4508) to work on /home/airflow/.local/lib/python3.12/site-packages/airflow/example_dags/example_task_group_decorator.py
[2024-11-03T05:36:44.684+0000] {processor.py:914} INFO - Processing file /home/airflow/.local/lib/python3.12/site-packages/airflow/example_dags/example_task_group_decorator.py for tasks to queue
[2024-11-03T05:36:44.686+0000] {logging_mixin.py:190} INFO - [2024-11-03T05:36:44.686+0000] {dagbag.py:588} INFO - Filling up the DagBag from /home/airflow/.local/lib/python3.12/site-packages/airflow/example_dags/example_task_group_decorator.py
[2024-11-03T05:36:44.704+0000] {processor.py:925} INFO - DAG(s) 'example_task_group_decorator' retrieved from /home/airflow/.local/lib/python3.12/site-packages/airflow/example_dags/example_task_group_decorator.py
[2024-11-03T05:36:44.733+0000] {logging_mixin.py:190} INFO - [2024-11-03T05:36:44.732+0000] {dag.py:3239} INFO - Sync 1 DAGs
[2024-11-03T05:36:44.749+0000] {logging_mixin.py:190} INFO - [2024-11-03T05:36:44.749+0000] {dag.py:4180} INFO - Setting next_dagrun for example_task_group_decorator to None, run_after=None
[2024-11-03T05:36:44.771+0000] {processor.py:208} INFO - Processing /home/airflow/.local/lib/python3.12/site-packages/airflow/example_dags/example_task_group_decorator.py took 0.095 seconds
[2024-11-03T05:37:14.937+0000] {processor.py:186} INFO - Started process (PID=4799) to work on /home/airflow/.local/lib/python3.12/site-packages/airflow/example_dags/example_task_group_decorator.py
[2024-11-03T05:37:14.938+0000] {processor.py:914} INFO - Processing file /home/airflow/.local/lib/python3.12/site-packages/airflow/example_dags/example_task_group_decorator.py for tasks to queue
[2024-11-03T05:37:14.941+0000] {logging_mixin.py:190} INFO - [2024-11-03T05:37:14.941+0000] {dagbag.py:588} INFO - Filling up the DagBag from /home/airflow/.local/lib/python3.12/site-packages/airflow/example_dags/example_task_group_decorator.py
[2024-11-03T05:37:14.960+0000] {processor.py:925} INFO - DAG(s) 'example_task_group_decorator' retrieved from /home/airflow/.local/lib/python3.12/site-packages/airflow/example_dags/example_task_group_decorator.py
[2024-11-03T05:37:14.988+0000] {logging_mixin.py:190} INFO - [2024-11-03T05:37:14.988+0000] {dag.py:3239} INFO - Sync 1 DAGs
[2024-11-03T05:37:15.003+0000] {logging_mixin.py:190} INFO - [2024-11-03T05:37:15.003+0000] {dag.py:4180} INFO - Setting next_dagrun for example_task_group_decorator to None, run_after=None
[2024-11-03T05:37:15.025+0000] {processor.py:208} INFO - Processing /home/airflow/.local/lib/python3.12/site-packages/airflow/example_dags/example_task_group_decorator.py took 0.094 seconds
[2024-11-03T05:37:45.488+0000] {processor.py:186} INFO - Started process (PID=5090) to work on /home/airflow/.local/lib/python3.12/site-packages/airflow/example_dags/example_task_group_decorator.py
[2024-11-03T05:37:45.489+0000] {processor.py:914} INFO - Processing file /home/airflow/.local/lib/python3.12/site-packages/airflow/example_dags/example_task_group_decorator.py for tasks to queue
[2024-11-03T05:37:45.491+0000] {logging_mixin.py:190} INFO - [2024-11-03T05:37:45.491+0000] {dagbag.py:588} INFO - Filling up the DagBag from /home/airflow/.local/lib/python3.12/site-packages/airflow/example_dags/example_task_group_decorator.py
[2024-11-03T05:37:45.508+0000] {processor.py:925} INFO - DAG(s) 'example_task_group_decorator' retrieved from /home/airflow/.local/lib/python3.12/site-packages/airflow/example_dags/example_task_group_decorator.py
[2024-11-03T05:37:45.536+0000] {logging_mixin.py:190} INFO - [2024-11-03T05:37:45.535+0000] {dag.py:3239} INFO - Sync 1 DAGs
[2024-11-03T05:37:45.551+0000] {logging_mixin.py:190} INFO - [2024-11-03T05:37:45.551+0000] {dag.py:4180} INFO - Setting next_dagrun for example_task_group_decorator to None, run_after=None
[2024-11-03T05:37:45.574+0000] {processor.py:208} INFO - Processing /home/airflow/.local/lib/python3.12/site-packages/airflow/example_dags/example_task_group_decorator.py took 0.092 seconds
[2024-11-03T05:38:16.346+0000] {processor.py:186} INFO - Started process (PID=5381) to work on /home/airflow/.local/lib/python3.12/site-packages/airflow/example_dags/example_task_group_decorator.py
[2024-11-03T05:38:16.347+0000] {processor.py:914} INFO - Processing file /home/airflow/.local/lib/python3.12/site-packages/airflow/example_dags/example_task_group_decorator.py for tasks to queue
[2024-11-03T05:38:16.350+0000] {logging_mixin.py:190} INFO - [2024-11-03T05:38:16.350+0000] {dagbag.py:588} INFO - Filling up the DagBag from /home/airflow/.local/lib/python3.12/site-packages/airflow/example_dags/example_task_group_decorator.py
[2024-11-03T05:38:16.369+0000] {processor.py:925} INFO - DAG(s) 'example_task_group_decorator' retrieved from /home/airflow/.local/lib/python3.12/site-packages/airflow/example_dags/example_task_group_decorator.py
[2024-11-03T05:38:16.397+0000] {logging_mixin.py:190} INFO - [2024-11-03T05:38:16.397+0000] {dag.py:3239} INFO - Sync 1 DAGs
[2024-11-03T05:38:16.412+0000] {logging_mixin.py:190} INFO - [2024-11-03T05:38:16.412+0000] {dag.py:4180} INFO - Setting next_dagrun for example_task_group_decorator to None, run_after=None
[2024-11-03T05:38:16.436+0000] {processor.py:208} INFO - Processing /home/airflow/.local/lib/python3.12/site-packages/airflow/example_dags/example_task_group_decorator.py took 0.097 seconds
[2024-11-03T05:38:46.598+0000] {processor.py:186} INFO - Started process (PID=5672) to work on /home/airflow/.local/lib/python3.12/site-packages/airflow/example_dags/example_task_group_decorator.py
[2024-11-03T05:38:46.599+0000] {processor.py:914} INFO - Processing file /home/airflow/.local/lib/python3.12/site-packages/airflow/example_dags/example_task_group_decorator.py for tasks to queue
[2024-11-03T05:38:46.604+0000] {logging_mixin.py:190} INFO - [2024-11-03T05:38:46.603+0000] {dagbag.py:588} INFO - Filling up the DagBag from /home/airflow/.local/lib/python3.12/site-packages/airflow/example_dags/example_task_group_decorator.py
[2024-11-03T05:38:46.626+0000] {processor.py:925} INFO - DAG(s) 'example_task_group_decorator' retrieved from /home/airflow/.local/lib/python3.12/site-packages/airflow/example_dags/example_task_group_decorator.py
[2024-11-03T05:38:46.654+0000] {logging_mixin.py:190} INFO - [2024-11-03T05:38:46.654+0000] {dag.py:3239} INFO - Sync 1 DAGs
[2024-11-03T05:38:46.671+0000] {logging_mixin.py:190} INFO - [2024-11-03T05:38:46.671+0000] {dag.py:4180} INFO - Setting next_dagrun for example_task_group_decorator to None, run_after=None
[2024-11-03T05:38:46.692+0000] {processor.py:208} INFO - Processing /home/airflow/.local/lib/python3.12/site-packages/airflow/example_dags/example_task_group_decorator.py took 0.101 seconds
[2024-11-03T05:39:17.010+0000] {processor.py:186} INFO - Started process (PID=5963) to work on /home/airflow/.local/lib/python3.12/site-packages/airflow/example_dags/example_task_group_decorator.py
[2024-11-03T05:39:17.011+0000] {processor.py:914} INFO - Processing file /home/airflow/.local/lib/python3.12/site-packages/airflow/example_dags/example_task_group_decorator.py for tasks to queue
[2024-11-03T05:39:17.013+0000] {logging_mixin.py:190} INFO - [2024-11-03T05:39:17.013+0000] {dagbag.py:588} INFO - Filling up the DagBag from /home/airflow/.local/lib/python3.12/site-packages/airflow/example_dags/example_task_group_decorator.py
[2024-11-03T05:39:17.038+0000] {processor.py:925} INFO - DAG(s) 'example_task_group_decorator' retrieved from /home/airflow/.local/lib/python3.12/site-packages/airflow/example_dags/example_task_group_decorator.py
[2024-11-03T05:39:17.080+0000] {logging_mixin.py:190} INFO - [2024-11-03T05:39:17.080+0000] {dag.py:3239} INFO - Sync 1 DAGs
[2024-11-03T05:39:17.107+0000] {logging_mixin.py:190} INFO - [2024-11-03T05:39:17.106+0000] {dag.py:4180} INFO - Setting next_dagrun for example_task_group_decorator to None, run_after=None
[2024-11-03T05:39:17.130+0000] {processor.py:208} INFO - Processing /home/airflow/.local/lib/python3.12/site-packages/airflow/example_dags/example_task_group_decorator.py took 0.128 seconds
[2024-11-03T05:39:47.501+0000] {processor.py:186} INFO - Started process (PID=6254) to work on /home/airflow/.local/lib/python3.12/site-packages/airflow/example_dags/example_task_group_decorator.py
[2024-11-03T05:39:47.502+0000] {processor.py:914} INFO - Processing file /home/airflow/.local/lib/python3.12/site-packages/airflow/example_dags/example_task_group_decorator.py for tasks to queue
[2024-11-03T05:39:47.505+0000] {logging_mixin.py:190} INFO - [2024-11-03T05:39:47.504+0000] {dagbag.py:588} INFO - Filling up the DagBag from /home/airflow/.local/lib/python3.12/site-packages/airflow/example_dags/example_task_group_decorator.py
[2024-11-03T05:39:47.524+0000] {processor.py:925} INFO - DAG(s) 'example_task_group_decorator' retrieved from /home/airflow/.local/lib/python3.12/site-packages/airflow/example_dags/example_task_group_decorator.py
[2024-11-03T05:39:47.555+0000] {logging_mixin.py:190} INFO - [2024-11-03T05:39:47.555+0000] {dag.py:3239} INFO - Sync 1 DAGs
[2024-11-03T05:39:47.571+0000] {logging_mixin.py:190} INFO - [2024-11-03T05:39:47.571+0000] {dag.py:4180} INFO - Setting next_dagrun for example_task_group_decorator to None, run_after=None
[2024-11-03T05:39:47.594+0000] {processor.py:208} INFO - Processing /home/airflow/.local/lib/python3.12/site-packages/airflow/example_dags/example_task_group_decorator.py took 0.098 seconds
[2024-11-03T05:40:17.825+0000] {processor.py:186} INFO - Started process (PID=6545) to work on /home/airflow/.local/lib/python3.12/site-packages/airflow/example_dags/example_task_group_decorator.py
[2024-11-03T05:40:17.826+0000] {processor.py:914} INFO - Processing file /home/airflow/.local/lib/python3.12/site-packages/airflow/example_dags/example_task_group_decorator.py for tasks to queue
[2024-11-03T05:40:17.828+0000] {logging_mixin.py:190} INFO - [2024-11-03T05:40:17.828+0000] {dagbag.py:588} INFO - Filling up the DagBag from /home/airflow/.local/lib/python3.12/site-packages/airflow/example_dags/example_task_group_decorator.py
[2024-11-03T05:40:17.846+0000] {processor.py:925} INFO - DAG(s) 'example_task_group_decorator' retrieved from /home/airflow/.local/lib/python3.12/site-packages/airflow/example_dags/example_task_group_decorator.py
[2024-11-03T05:40:17.876+0000] {logging_mixin.py:190} INFO - [2024-11-03T05:40:17.875+0000] {dag.py:3239} INFO - Sync 1 DAGs
[2024-11-03T05:40:17.892+0000] {logging_mixin.py:190} INFO - [2024-11-03T05:40:17.892+0000] {dag.py:4180} INFO - Setting next_dagrun for example_task_group_decorator to None, run_after=None
[2024-11-03T05:40:17.918+0000] {processor.py:208} INFO - Processing /home/airflow/.local/lib/python3.12/site-packages/airflow/example_dags/example_task_group_decorator.py took 0.101 seconds
[2024-11-03T05:40:48.477+0000] {processor.py:186} INFO - Started process (PID=6836) to work on /home/airflow/.local/lib/python3.12/site-packages/airflow/example_dags/example_task_group_decorator.py
[2024-11-03T05:40:48.478+0000] {processor.py:914} INFO - Processing file /home/airflow/.local/lib/python3.12/site-packages/airflow/example_dags/example_task_group_decorator.py for tasks to queue
[2024-11-03T05:40:48.481+0000] {logging_mixin.py:190} INFO - [2024-11-03T05:40:48.480+0000] {dagbag.py:588} INFO - Filling up the DagBag from /home/airflow/.local/lib/python3.12/site-packages/airflow/example_dags/example_task_group_decorator.py
[2024-11-03T05:40:48.497+0000] {processor.py:925} INFO - DAG(s) 'example_task_group_decorator' retrieved from /home/airflow/.local/lib/python3.12/site-packages/airflow/example_dags/example_task_group_decorator.py
[2024-11-03T05:40:48.526+0000] {logging_mixin.py:190} INFO - [2024-11-03T05:40:48.525+0000] {dag.py:3239} INFO - Sync 1 DAGs
[2024-11-03T05:40:48.540+0000] {logging_mixin.py:190} INFO - [2024-11-03T05:40:48.540+0000] {dag.py:4180} INFO - Setting next_dagrun for example_task_group_decorator to None, run_after=None
[2024-11-03T05:40:48.587+0000] {processor.py:208} INFO - Processing /home/airflow/.local/lib/python3.12/site-packages/airflow/example_dags/example_task_group_decorator.py took 0.116 seconds
[2024-11-03T05:41:19.162+0000] {processor.py:186} INFO - Started process (PID=7133) to work on /home/airflow/.local/lib/python3.12/site-packages/airflow/example_dags/example_task_group_decorator.py
[2024-11-03T05:41:19.164+0000] {processor.py:914} INFO - Processing file /home/airflow/.local/lib/python3.12/site-packages/airflow/example_dags/example_task_group_decorator.py for tasks to queue
[2024-11-03T05:41:19.166+0000] {logging_mixin.py:190} INFO - [2024-11-03T05:41:19.166+0000] {dagbag.py:588} INFO - Filling up the DagBag from /home/airflow/.local/lib/python3.12/site-packages/airflow/example_dags/example_task_group_decorator.py
[2024-11-03T05:41:19.185+0000] {processor.py:925} INFO - DAG(s) 'example_task_group_decorator' retrieved from /home/airflow/.local/lib/python3.12/site-packages/airflow/example_dags/example_task_group_decorator.py
[2024-11-03T05:41:19.220+0000] {logging_mixin.py:190} INFO - [2024-11-03T05:41:19.219+0000] {dag.py:3239} INFO - Sync 1 DAGs
[2024-11-03T05:41:19.243+0000] {logging_mixin.py:190} INFO - [2024-11-03T05:41:19.243+0000] {dag.py:4180} INFO - Setting next_dagrun for example_task_group_decorator to None, run_after=None
[2024-11-03T05:41:19.272+0000] {processor.py:208} INFO - Processing /home/airflow/.local/lib/python3.12/site-packages/airflow/example_dags/example_task_group_decorator.py took 0.120 seconds
[2024-11-03T05:41:49.604+0000] {processor.py:186} INFO - Started process (PID=7424) to work on /home/airflow/.local/lib/python3.12/site-packages/airflow/example_dags/example_task_group_decorator.py
[2024-11-03T05:41:49.605+0000] {processor.py:914} INFO - Processing file /home/airflow/.local/lib/python3.12/site-packages/airflow/example_dags/example_task_group_decorator.py for tasks to queue
[2024-11-03T05:41:49.608+0000] {logging_mixin.py:190} INFO - [2024-11-03T05:41:49.607+0000] {dagbag.py:588} INFO - Filling up the DagBag from /home/airflow/.local/lib/python3.12/site-packages/airflow/example_dags/example_task_group_decorator.py
[2024-11-03T05:41:49.625+0000] {processor.py:925} INFO - DAG(s) 'example_task_group_decorator' retrieved from /home/airflow/.local/lib/python3.12/site-packages/airflow/example_dags/example_task_group_decorator.py
[2024-11-03T05:41:49.654+0000] {logging_mixin.py:190} INFO - [2024-11-03T05:41:49.654+0000] {dag.py:3239} INFO - Sync 1 DAGs
[2024-11-03T05:41:49.669+0000] {logging_mixin.py:190} INFO - [2024-11-03T05:41:49.669+0000] {dag.py:4180} INFO - Setting next_dagrun for example_task_group_decorator to None, run_after=None
[2024-11-03T05:41:49.692+0000] {processor.py:208} INFO - Processing /home/airflow/.local/lib/python3.12/site-packages/airflow/example_dags/example_task_group_decorator.py took 0.094 seconds
[2024-11-03T05:42:19.826+0000] {processor.py:186} INFO - Started process (PID=7716) to work on /home/airflow/.local/lib/python3.12/site-packages/airflow/example_dags/example_task_group_decorator.py
[2024-11-03T05:42:19.827+0000] {processor.py:914} INFO - Processing file /home/airflow/.local/lib/python3.12/site-packages/airflow/example_dags/example_task_group_decorator.py for tasks to queue
[2024-11-03T05:42:19.829+0000] {logging_mixin.py:190} INFO - [2024-11-03T05:42:19.829+0000] {dagbag.py:588} INFO - Filling up the DagBag from /home/airflow/.local/lib/python3.12/site-packages/airflow/example_dags/example_task_group_decorator.py
[2024-11-03T05:42:19.846+0000] {processor.py:925} INFO - DAG(s) 'example_task_group_decorator' retrieved from /home/airflow/.local/lib/python3.12/site-packages/airflow/example_dags/example_task_group_decorator.py
[2024-11-03T05:42:19.874+0000] {logging_mixin.py:190} INFO - [2024-11-03T05:42:19.873+0000] {dag.py:3239} INFO - Sync 1 DAGs
[2024-11-03T05:42:19.888+0000] {logging_mixin.py:190} INFO - [2024-11-03T05:42:19.888+0000] {dag.py:4180} INFO - Setting next_dagrun for example_task_group_decorator to None, run_after=None
[2024-11-03T05:42:19.911+0000] {processor.py:208} INFO - Processing /home/airflow/.local/lib/python3.12/site-packages/airflow/example_dags/example_task_group_decorator.py took 0.091 seconds
[2024-11-03T05:42:50.596+0000] {processor.py:186} INFO - Started process (PID=8007) to work on /home/airflow/.local/lib/python3.12/site-packages/airflow/example_dags/example_task_group_decorator.py
[2024-11-03T05:42:50.597+0000] {processor.py:914} INFO - Processing file /home/airflow/.local/lib/python3.12/site-packages/airflow/example_dags/example_task_group_decorator.py for tasks to queue
[2024-11-03T05:42:50.600+0000] {logging_mixin.py:190} INFO - [2024-11-03T05:42:50.599+0000] {dagbag.py:588} INFO - Filling up the DagBag from /home/airflow/.local/lib/python3.12/site-packages/airflow/example_dags/example_task_group_decorator.py
[2024-11-03T05:42:50.619+0000] {processor.py:925} INFO - DAG(s) 'example_task_group_decorator' retrieved from /home/airflow/.local/lib/python3.12/site-packages/airflow/example_dags/example_task_group_decorator.py
[2024-11-03T05:42:50.647+0000] {logging_mixin.py:190} INFO - [2024-11-03T05:42:50.647+0000] {dag.py:3239} INFO - Sync 1 DAGs
[2024-11-03T05:42:50.666+0000] {logging_mixin.py:190} INFO - [2024-11-03T05:42:50.666+0000] {dag.py:4180} INFO - Setting next_dagrun for example_task_group_decorator to None, run_after=None
[2024-11-03T05:42:50.693+0000] {processor.py:208} INFO - Processing /home/airflow/.local/lib/python3.12/site-packages/airflow/example_dags/example_task_group_decorator.py took 0.103 seconds
[2024-11-03T05:43:21.426+0000] {processor.py:186} INFO - Started process (PID=8298) to work on /home/airflow/.local/lib/python3.12/site-packages/airflow/example_dags/example_task_group_decorator.py
[2024-11-03T05:43:21.427+0000] {processor.py:914} INFO - Processing file /home/airflow/.local/lib/python3.12/site-packages/airflow/example_dags/example_task_group_decorator.py for tasks to queue
[2024-11-03T05:43:21.430+0000] {logging_mixin.py:190} INFO - [2024-11-03T05:43:21.430+0000] {dagbag.py:588} INFO - Filling up the DagBag from /home/airflow/.local/lib/python3.12/site-packages/airflow/example_dags/example_task_group_decorator.py
[2024-11-03T05:43:21.447+0000] {processor.py:925} INFO - DAG(s) 'example_task_group_decorator' retrieved from /home/airflow/.local/lib/python3.12/site-packages/airflow/example_dags/example_task_group_decorator.py
[2024-11-03T05:43:21.474+0000] {logging_mixin.py:190} INFO - [2024-11-03T05:43:21.474+0000] {dag.py:3239} INFO - Sync 1 DAGs
[2024-11-03T05:43:21.489+0000] {logging_mixin.py:190} INFO - [2024-11-03T05:43:21.488+0000] {dag.py:4180} INFO - Setting next_dagrun for example_task_group_decorator to None, run_after=None
[2024-11-03T05:43:21.514+0000] {processor.py:208} INFO - Processing /home/airflow/.local/lib/python3.12/site-packages/airflow/example_dags/example_task_group_decorator.py took 0.094 seconds
[2024-11-03T05:43:51.801+0000] {processor.py:186} INFO - Started process (PID=8589) to work on /home/airflow/.local/lib/python3.12/site-packages/airflow/example_dags/example_task_group_decorator.py
[2024-11-03T05:43:51.802+0000] {processor.py:914} INFO - Processing file /home/airflow/.local/lib/python3.12/site-packages/airflow/example_dags/example_task_group_decorator.py for tasks to queue
[2024-11-03T05:43:51.804+0000] {logging_mixin.py:190} INFO - [2024-11-03T05:43:51.804+0000] {dagbag.py:588} INFO - Filling up the DagBag from /home/airflow/.local/lib/python3.12/site-packages/airflow/example_dags/example_task_group_decorator.py
[2024-11-03T05:43:51.822+0000] {processor.py:925} INFO - DAG(s) 'example_task_group_decorator' retrieved from /home/airflow/.local/lib/python3.12/site-packages/airflow/example_dags/example_task_group_decorator.py
[2024-11-03T05:43:51.849+0000] {logging_mixin.py:190} INFO - [2024-11-03T05:43:51.849+0000] {dag.py:3239} INFO - Sync 1 DAGs
[2024-11-03T05:43:51.866+0000] {logging_mixin.py:190} INFO - [2024-11-03T05:43:51.865+0000] {dag.py:4180} INFO - Setting next_dagrun for example_task_group_decorator to None, run_after=None
[2024-11-03T05:43:51.888+0000] {processor.py:208} INFO - Processing /home/airflow/.local/lib/python3.12/site-packages/airflow/example_dags/example_task_group_decorator.py took 0.094 seconds
[2024-11-03T05:44:22.328+0000] {processor.py:186} INFO - Started process (PID=8880) to work on /home/airflow/.local/lib/python3.12/site-packages/airflow/example_dags/example_task_group_decorator.py
[2024-11-03T05:44:22.329+0000] {processor.py:914} INFO - Processing file /home/airflow/.local/lib/python3.12/site-packages/airflow/example_dags/example_task_group_decorator.py for tasks to queue
[2024-11-03T05:44:22.332+0000] {logging_mixin.py:190} INFO - [2024-11-03T05:44:22.331+0000] {dagbag.py:588} INFO - Filling up the DagBag from /home/airflow/.local/lib/python3.12/site-packages/airflow/example_dags/example_task_group_decorator.py
[2024-11-03T05:44:22.348+0000] {processor.py:925} INFO - DAG(s) 'example_task_group_decorator' retrieved from /home/airflow/.local/lib/python3.12/site-packages/airflow/example_dags/example_task_group_decorator.py
[2024-11-03T05:44:22.376+0000] {logging_mixin.py:190} INFO - [2024-11-03T05:44:22.376+0000] {dag.py:3239} INFO - Sync 1 DAGs
[2024-11-03T05:44:22.391+0000] {logging_mixin.py:190} INFO - [2024-11-03T05:44:22.391+0000] {dag.py:4180} INFO - Setting next_dagrun for example_task_group_decorator to None, run_after=None
[2024-11-03T05:44:22.413+0000] {processor.py:208} INFO - Processing /home/airflow/.local/lib/python3.12/site-packages/airflow/example_dags/example_task_group_decorator.py took 0.091 seconds
[2024-11-03T05:44:52.633+0000] {processor.py:186} INFO - Started process (PID=9171) to work on /home/airflow/.local/lib/python3.12/site-packages/airflow/example_dags/example_task_group_decorator.py
[2024-11-03T05:44:52.634+0000] {processor.py:914} INFO - Processing file /home/airflow/.local/lib/python3.12/site-packages/airflow/example_dags/example_task_group_decorator.py for tasks to queue
[2024-11-03T05:44:52.637+0000] {logging_mixin.py:190} INFO - [2024-11-03T05:44:52.636+0000] {dagbag.py:588} INFO - Filling up the DagBag from /home/airflow/.local/lib/python3.12/site-packages/airflow/example_dags/example_task_group_decorator.py
[2024-11-03T05:44:52.659+0000] {processor.py:925} INFO - DAG(s) 'example_task_group_decorator' retrieved from /home/airflow/.local/lib/python3.12/site-packages/airflow/example_dags/example_task_group_decorator.py
[2024-11-03T05:44:52.687+0000] {logging_mixin.py:190} INFO - [2024-11-03T05:44:52.686+0000] {dag.py:3239} INFO - Sync 1 DAGs
[2024-11-03T05:44:52.702+0000] {logging_mixin.py:190} INFO - [2024-11-03T05:44:52.701+0000] {dag.py:4180} INFO - Setting next_dagrun for example_task_group_decorator to None, run_after=None
[2024-11-03T05:44:52.725+0000] {processor.py:208} INFO - Processing /home/airflow/.local/lib/python3.12/site-packages/airflow/example_dags/example_task_group_decorator.py took 0.097 seconds
[2024-11-03T05:45:22.915+0000] {processor.py:186} INFO - Started process (PID=9462) to work on /home/airflow/.local/lib/python3.12/site-packages/airflow/example_dags/example_task_group_decorator.py
[2024-11-03T05:45:22.916+0000] {processor.py:914} INFO - Processing file /home/airflow/.local/lib/python3.12/site-packages/airflow/example_dags/example_task_group_decorator.py for tasks to queue
[2024-11-03T05:45:22.919+0000] {logging_mixin.py:190} INFO - [2024-11-03T05:45:22.918+0000] {dagbag.py:588} INFO - Filling up the DagBag from /home/airflow/.local/lib/python3.12/site-packages/airflow/example_dags/example_task_group_decorator.py
[2024-11-03T05:45:22.935+0000] {processor.py:925} INFO - DAG(s) 'example_task_group_decorator' retrieved from /home/airflow/.local/lib/python3.12/site-packages/airflow/example_dags/example_task_group_decorator.py
[2024-11-03T05:45:22.961+0000] {logging_mixin.py:190} INFO - [2024-11-03T05:45:22.961+0000] {dag.py:3239} INFO - Sync 1 DAGs
[2024-11-03T05:45:22.976+0000] {logging_mixin.py:190} INFO - [2024-11-03T05:45:22.976+0000] {dag.py:4180} INFO - Setting next_dagrun for example_task_group_decorator to None, run_after=None
[2024-11-03T05:45:22.999+0000] {processor.py:208} INFO - Processing /home/airflow/.local/lib/python3.12/site-packages/airflow/example_dags/example_task_group_decorator.py took 0.090 seconds
[2024-11-03T05:45:53.619+0000] {processor.py:186} INFO - Started process (PID=9753) to work on /home/airflow/.local/lib/python3.12/site-packages/airflow/example_dags/example_task_group_decorator.py
[2024-11-03T05:45:53.620+0000] {processor.py:914} INFO - Processing file /home/airflow/.local/lib/python3.12/site-packages/airflow/example_dags/example_task_group_decorator.py for tasks to queue
[2024-11-03T05:45:53.623+0000] {logging_mixin.py:190} INFO - [2024-11-03T05:45:53.623+0000] {dagbag.py:588} INFO - Filling up the DagBag from /home/airflow/.local/lib/python3.12/site-packages/airflow/example_dags/example_task_group_decorator.py
[2024-11-03T05:45:53.651+0000] {processor.py:925} INFO - DAG(s) 'example_task_group_decorator' retrieved from /home/airflow/.local/lib/python3.12/site-packages/airflow/example_dags/example_task_group_decorator.py
[2024-11-03T05:45:53.682+0000] {logging_mixin.py:190} INFO - [2024-11-03T05:45:53.682+0000] {dag.py:3239} INFO - Sync 1 DAGs
[2024-11-03T05:45:53.699+0000] {logging_mixin.py:190} INFO - [2024-11-03T05:45:53.699+0000] {dag.py:4180} INFO - Setting next_dagrun for example_task_group_decorator to None, run_after=None
[2024-11-03T05:45:53.722+0000] {processor.py:208} INFO - Processing /home/airflow/.local/lib/python3.12/site-packages/airflow/example_dags/example_task_group_decorator.py took 0.109 seconds
[2024-11-03T05:46:24.479+0000] {processor.py:186} INFO - Started process (PID=10044) to work on /home/airflow/.local/lib/python3.12/site-packages/airflow/example_dags/example_task_group_decorator.py
[2024-11-03T05:46:24.480+0000] {processor.py:914} INFO - Processing file /home/airflow/.local/lib/python3.12/site-packages/airflow/example_dags/example_task_group_decorator.py for tasks to queue
[2024-11-03T05:46:24.483+0000] {logging_mixin.py:190} INFO - [2024-11-03T05:46:24.483+0000] {dagbag.py:588} INFO - Filling up the DagBag from /home/airflow/.local/lib/python3.12/site-packages/airflow/example_dags/example_task_group_decorator.py
[2024-11-03T05:46:24.502+0000] {processor.py:925} INFO - DAG(s) 'example_task_group_decorator' retrieved from /home/airflow/.local/lib/python3.12/site-packages/airflow/example_dags/example_task_group_decorator.py
[2024-11-03T05:46:24.537+0000] {logging_mixin.py:190} INFO - [2024-11-03T05:46:24.536+0000] {dag.py:3239} INFO - Sync 1 DAGs
[2024-11-03T05:46:24.552+0000] {logging_mixin.py:190} INFO - [2024-11-03T05:46:24.551+0000] {dag.py:4180} INFO - Setting next_dagrun for example_task_group_decorator to None, run_after=None
[2024-11-03T05:46:24.576+0000] {processor.py:208} INFO - Processing /home/airflow/.local/lib/python3.12/site-packages/airflow/example_dags/example_task_group_decorator.py took 0.103 seconds
[2024-11-03T05:46:54.781+0000] {processor.py:186} INFO - Started process (PID=10335) to work on /home/airflow/.local/lib/python3.12/site-packages/airflow/example_dags/example_task_group_decorator.py
[2024-11-03T05:46:54.782+0000] {processor.py:914} INFO - Processing file /home/airflow/.local/lib/python3.12/site-packages/airflow/example_dags/example_task_group_decorator.py for tasks to queue
[2024-11-03T05:46:54.784+0000] {logging_mixin.py:190} INFO - [2024-11-03T05:46:54.784+0000] {dagbag.py:588} INFO - Filling up the DagBag from /home/airflow/.local/lib/python3.12/site-packages/airflow/example_dags/example_task_group_decorator.py
[2024-11-03T05:46:54.800+0000] {processor.py:925} INFO - DAG(s) 'example_task_group_decorator' retrieved from /home/airflow/.local/lib/python3.12/site-packages/airflow/example_dags/example_task_group_decorator.py
[2024-11-03T05:46:54.828+0000] {logging_mixin.py:190} INFO - [2024-11-03T05:46:54.828+0000] {dag.py:3239} INFO - Sync 1 DAGs
[2024-11-03T05:46:54.844+0000] {logging_mixin.py:190} INFO - [2024-11-03T05:46:54.844+0000] {dag.py:4180} INFO - Setting next_dagrun for example_task_group_decorator to None, run_after=None
[2024-11-03T05:46:54.866+0000] {processor.py:208} INFO - Processing /home/airflow/.local/lib/python3.12/site-packages/airflow/example_dags/example_task_group_decorator.py took 0.091 seconds
[2024-11-03T05:47:25.102+0000] {processor.py:186} INFO - Started process (PID=10626) to work on /home/airflow/.local/lib/python3.12/site-packages/airflow/example_dags/example_task_group_decorator.py
[2024-11-03T05:47:25.104+0000] {processor.py:914} INFO - Processing file /home/airflow/.local/lib/python3.12/site-packages/airflow/example_dags/example_task_group_decorator.py for tasks to queue
[2024-11-03T05:47:25.106+0000] {logging_mixin.py:190} INFO - [2024-11-03T05:47:25.106+0000] {dagbag.py:588} INFO - Filling up the DagBag from /home/airflow/.local/lib/python3.12/site-packages/airflow/example_dags/example_task_group_decorator.py
[2024-11-03T05:47:25.129+0000] {processor.py:925} INFO - DAG(s) 'example_task_group_decorator' retrieved from /home/airflow/.local/lib/python3.12/site-packages/airflow/example_dags/example_task_group_decorator.py
[2024-11-03T05:47:25.162+0000] {logging_mixin.py:190} INFO - [2024-11-03T05:47:25.161+0000] {dag.py:3239} INFO - Sync 1 DAGs
[2024-11-03T05:47:25.180+0000] {logging_mixin.py:190} INFO - [2024-11-03T05:47:25.180+0000] {dag.py:4180} INFO - Setting next_dagrun for example_task_group_decorator to None, run_after=None
[2024-11-03T05:47:25.203+0000] {processor.py:208} INFO - Processing /home/airflow/.local/lib/python3.12/site-packages/airflow/example_dags/example_task_group_decorator.py took 0.107 seconds
[2024-11-03T05:47:55.458+0000] {processor.py:186} INFO - Started process (PID=10917) to work on /home/airflow/.local/lib/python3.12/site-packages/airflow/example_dags/example_task_group_decorator.py
[2024-11-03T05:47:55.460+0000] {processor.py:914} INFO - Processing file /home/airflow/.local/lib/python3.12/site-packages/airflow/example_dags/example_task_group_decorator.py for tasks to queue
[2024-11-03T05:47:55.462+0000] {logging_mixin.py:190} INFO - [2024-11-03T05:47:55.461+0000] {dagbag.py:588} INFO - Filling up the DagBag from /home/airflow/.local/lib/python3.12/site-packages/airflow/example_dags/example_task_group_decorator.py
[2024-11-03T05:47:55.478+0000] {processor.py:925} INFO - DAG(s) 'example_task_group_decorator' retrieved from /home/airflow/.local/lib/python3.12/site-packages/airflow/example_dags/example_task_group_decorator.py
[2024-11-03T05:47:55.506+0000] {logging_mixin.py:190} INFO - [2024-11-03T05:47:55.505+0000] {dag.py:3239} INFO - Sync 1 DAGs
[2024-11-03T05:47:55.523+0000] {logging_mixin.py:190} INFO - [2024-11-03T05:47:55.523+0000] {dag.py:4180} INFO - Setting next_dagrun for example_task_group_decorator to None, run_after=None
[2024-11-03T05:47:55.547+0000] {processor.py:208} INFO - Processing /home/airflow/.local/lib/python3.12/site-packages/airflow/example_dags/example_task_group_decorator.py took 0.094 seconds
[2024-11-03T05:48:25.719+0000] {processor.py:186} INFO - Started process (PID=11208) to work on /home/airflow/.local/lib/python3.12/site-packages/airflow/example_dags/example_task_group_decorator.py
[2024-11-03T05:48:25.721+0000] {processor.py:914} INFO - Processing file /home/airflow/.local/lib/python3.12/site-packages/airflow/example_dags/example_task_group_decorator.py for tasks to queue
[2024-11-03T05:48:25.723+0000] {logging_mixin.py:190} INFO - [2024-11-03T05:48:25.723+0000] {dagbag.py:588} INFO - Filling up the DagBag from /home/airflow/.local/lib/python3.12/site-packages/airflow/example_dags/example_task_group_decorator.py
[2024-11-03T05:48:25.743+0000] {processor.py:925} INFO - DAG(s) 'example_task_group_decorator' retrieved from /home/airflow/.local/lib/python3.12/site-packages/airflow/example_dags/example_task_group_decorator.py
[2024-11-03T05:48:25.771+0000] {logging_mixin.py:190} INFO - [2024-11-03T05:48:25.770+0000] {dag.py:3239} INFO - Sync 1 DAGs
[2024-11-03T05:48:25.787+0000] {logging_mixin.py:190} INFO - [2024-11-03T05:48:25.786+0000] {dag.py:4180} INFO - Setting next_dagrun for example_task_group_decorator to None, run_after=None
[2024-11-03T05:48:25.810+0000] {processor.py:208} INFO - Processing /home/airflow/.local/lib/python3.12/site-packages/airflow/example_dags/example_task_group_decorator.py took 0.097 seconds
[2024-11-03T05:48:56.230+0000] {processor.py:186} INFO - Started process (PID=11499) to work on /home/airflow/.local/lib/python3.12/site-packages/airflow/example_dags/example_task_group_decorator.py
[2024-11-03T05:48:56.231+0000] {processor.py:914} INFO - Processing file /home/airflow/.local/lib/python3.12/site-packages/airflow/example_dags/example_task_group_decorator.py for tasks to queue
[2024-11-03T05:48:56.234+0000] {logging_mixin.py:190} INFO - [2024-11-03T05:48:56.234+0000] {dagbag.py:588} INFO - Filling up the DagBag from /home/airflow/.local/lib/python3.12/site-packages/airflow/example_dags/example_task_group_decorator.py
[2024-11-03T05:48:56.251+0000] {processor.py:925} INFO - DAG(s) 'example_task_group_decorator' retrieved from /home/airflow/.local/lib/python3.12/site-packages/airflow/example_dags/example_task_group_decorator.py
[2024-11-03T05:48:56.292+0000] {logging_mixin.py:190} INFO - [2024-11-03T05:48:56.292+0000] {dag.py:3239} INFO - Sync 1 DAGs
[2024-11-03T05:48:56.323+0000] {logging_mixin.py:190} INFO - [2024-11-03T05:48:56.322+0000] {dag.py:4180} INFO - Setting next_dagrun for example_task_group_decorator to None, run_after=None
[2024-11-03T05:48:56.359+0000] {processor.py:208} INFO - Processing /home/airflow/.local/lib/python3.12/site-packages/airflow/example_dags/example_task_group_decorator.py took 0.135 seconds
[2024-11-03T05:49:26.722+0000] {processor.py:186} INFO - Started process (PID=11790) to work on /home/airflow/.local/lib/python3.12/site-packages/airflow/example_dags/example_task_group_decorator.py
[2024-11-03T05:49:26.723+0000] {processor.py:914} INFO - Processing file /home/airflow/.local/lib/python3.12/site-packages/airflow/example_dags/example_task_group_decorator.py for tasks to queue
[2024-11-03T05:49:26.726+0000] {logging_mixin.py:190} INFO - [2024-11-03T05:49:26.726+0000] {dagbag.py:588} INFO - Filling up the DagBag from /home/airflow/.local/lib/python3.12/site-packages/airflow/example_dags/example_task_group_decorator.py
[2024-11-03T05:49:26.744+0000] {processor.py:925} INFO - DAG(s) 'example_task_group_decorator' retrieved from /home/airflow/.local/lib/python3.12/site-packages/airflow/example_dags/example_task_group_decorator.py
[2024-11-03T05:49:26.773+0000] {logging_mixin.py:190} INFO - [2024-11-03T05:49:26.773+0000] {dag.py:3239} INFO - Sync 1 DAGs
[2024-11-03T05:49:26.788+0000] {logging_mixin.py:190} INFO - [2024-11-03T05:49:26.788+0000] {dag.py:4180} INFO - Setting next_dagrun for example_task_group_decorator to None, run_after=None
[2024-11-03T05:49:26.816+0000] {processor.py:208} INFO - Processing /home/airflow/.local/lib/python3.12/site-packages/airflow/example_dags/example_task_group_decorator.py took 0.100 seconds
[2024-11-03T05:49:56.943+0000] {processor.py:186} INFO - Started process (PID=12081) to work on /home/airflow/.local/lib/python3.12/site-packages/airflow/example_dags/example_task_group_decorator.py
[2024-11-03T05:49:56.945+0000] {processor.py:914} INFO - Processing file /home/airflow/.local/lib/python3.12/site-packages/airflow/example_dags/example_task_group_decorator.py for tasks to queue
[2024-11-03T05:49:56.947+0000] {logging_mixin.py:190} INFO - [2024-11-03T05:49:56.947+0000] {dagbag.py:588} INFO - Filling up the DagBag from /home/airflow/.local/lib/python3.12/site-packages/airflow/example_dags/example_task_group_decorator.py
[2024-11-03T05:49:56.965+0000] {processor.py:925} INFO - DAG(s) 'example_task_group_decorator' retrieved from /home/airflow/.local/lib/python3.12/site-packages/airflow/example_dags/example_task_group_decorator.py
[2024-11-03T05:49:56.996+0000] {logging_mixin.py:190} INFO - [2024-11-03T05:49:56.995+0000] {dag.py:3239} INFO - Sync 1 DAGs
[2024-11-03T05:49:57.012+0000] {logging_mixin.py:190} INFO - [2024-11-03T05:49:57.012+0000] {dag.py:4180} INFO - Setting next_dagrun for example_task_group_decorator to None, run_after=None
[2024-11-03T05:49:57.035+0000] {processor.py:208} INFO - Processing /home/airflow/.local/lib/python3.12/site-packages/airflow/example_dags/example_task_group_decorator.py took 0.098 seconds
[2024-11-03T05:50:27.399+0000] {processor.py:186} INFO - Started process (PID=12370) to work on /home/airflow/.local/lib/python3.12/site-packages/airflow/example_dags/example_task_group_decorator.py
[2024-11-03T05:50:27.400+0000] {processor.py:914} INFO - Processing file /home/airflow/.local/lib/python3.12/site-packages/airflow/example_dags/example_task_group_decorator.py for tasks to queue
[2024-11-03T05:50:27.402+0000] {logging_mixin.py:190} INFO - [2024-11-03T05:50:27.402+0000] {dagbag.py:588} INFO - Filling up the DagBag from /home/airflow/.local/lib/python3.12/site-packages/airflow/example_dags/example_task_group_decorator.py
[2024-11-03T05:50:27.426+0000] {processor.py:925} INFO - DAG(s) 'example_task_group_decorator' retrieved from /home/airflow/.local/lib/python3.12/site-packages/airflow/example_dags/example_task_group_decorator.py
[2024-11-03T05:50:27.455+0000] {logging_mixin.py:190} INFO - [2024-11-03T05:50:27.455+0000] {dag.py:3239} INFO - Sync 1 DAGs
[2024-11-03T05:50:27.471+0000] {logging_mixin.py:190} INFO - [2024-11-03T05:50:27.471+0000] {dag.py:4180} INFO - Setting next_dagrun for example_task_group_decorator to None, run_after=None
[2024-11-03T05:50:27.493+0000] {processor.py:208} INFO - Processing /home/airflow/.local/lib/python3.12/site-packages/airflow/example_dags/example_task_group_decorator.py took 0.100 seconds
[2024-11-03T05:50:57.966+0000] {processor.py:186} INFO - Started process (PID=12661) to work on /home/airflow/.local/lib/python3.12/site-packages/airflow/example_dags/example_task_group_decorator.py
[2024-11-03T05:50:57.967+0000] {processor.py:914} INFO - Processing file /home/airflow/.local/lib/python3.12/site-packages/airflow/example_dags/example_task_group_decorator.py for tasks to queue
[2024-11-03T05:50:57.970+0000] {logging_mixin.py:190} INFO - [2024-11-03T05:50:57.970+0000] {dagbag.py:588} INFO - Filling up the DagBag from /home/airflow/.local/lib/python3.12/site-packages/airflow/example_dags/example_task_group_decorator.py
[2024-11-03T05:50:57.987+0000] {processor.py:925} INFO - DAG(s) 'example_task_group_decorator' retrieved from /home/airflow/.local/lib/python3.12/site-packages/airflow/example_dags/example_task_group_decorator.py
[2024-11-03T05:50:58.015+0000] {logging_mixin.py:190} INFO - [2024-11-03T05:50:58.015+0000] {dag.py:3239} INFO - Sync 1 DAGs
[2024-11-03T05:50:58.031+0000] {logging_mixin.py:190} INFO - [2024-11-03T05:50:58.031+0000] {dag.py:4180} INFO - Setting next_dagrun for example_task_group_decorator to None, run_after=None
[2024-11-03T05:50:58.054+0000] {processor.py:208} INFO - Processing /home/airflow/.local/lib/python3.12/site-packages/airflow/example_dags/example_task_group_decorator.py took 0.094 seconds
[2024-11-03T05:52:55.554+0000] {processor.py:186} INFO - Started process (PID=417) to work on /home/airflow/.local/lib/python3.12/site-packages/airflow/example_dags/example_task_group_decorator.py
[2024-11-03T05:52:55.556+0000] {processor.py:914} INFO - Processing file /home/airflow/.local/lib/python3.12/site-packages/airflow/example_dags/example_task_group_decorator.py for tasks to queue
[2024-11-03T05:52:55.559+0000] {logging_mixin.py:190} INFO - [2024-11-03T05:52:55.559+0000] {dagbag.py:588} INFO - Filling up the DagBag from /home/airflow/.local/lib/python3.12/site-packages/airflow/example_dags/example_task_group_decorator.py
[2024-11-03T05:52:55.581+0000] {processor.py:925} INFO - DAG(s) 'example_task_group_decorator' retrieved from /home/airflow/.local/lib/python3.12/site-packages/airflow/example_dags/example_task_group_decorator.py
[2024-11-03T05:52:55.624+0000] {logging_mixin.py:190} INFO - [2024-11-03T05:52:55.624+0000] {dag.py:3239} INFO - Sync 1 DAGs
[2024-11-03T05:52:55.645+0000] {logging_mixin.py:190} INFO - [2024-11-03T05:52:55.645+0000] {dag.py:4180} INFO - Setting next_dagrun for example_task_group_decorator to None, run_after=None
[2024-11-03T05:52:55.667+0000] {processor.py:208} INFO - Processing /home/airflow/.local/lib/python3.12/site-packages/airflow/example_dags/example_task_group_decorator.py took 0.125 seconds
[2024-11-03T05:53:26.214+0000] {processor.py:186} INFO - Started process (PID=710) to work on /home/airflow/.local/lib/python3.12/site-packages/airflow/example_dags/example_task_group_decorator.py
[2024-11-03T05:53:26.215+0000] {processor.py:914} INFO - Processing file /home/airflow/.local/lib/python3.12/site-packages/airflow/example_dags/example_task_group_decorator.py for tasks to queue
[2024-11-03T05:53:26.217+0000] {logging_mixin.py:190} INFO - [2024-11-03T05:53:26.217+0000] {dagbag.py:588} INFO - Filling up the DagBag from /home/airflow/.local/lib/python3.12/site-packages/airflow/example_dags/example_task_group_decorator.py
[2024-11-03T05:53:26.241+0000] {processor.py:925} INFO - DAG(s) 'example_task_group_decorator' retrieved from /home/airflow/.local/lib/python3.12/site-packages/airflow/example_dags/example_task_group_decorator.py
[2024-11-03T05:53:26.275+0000] {logging_mixin.py:190} INFO - [2024-11-03T05:53:26.275+0000] {dag.py:3239} INFO - Sync 1 DAGs
[2024-11-03T05:53:26.295+0000] {logging_mixin.py:190} INFO - [2024-11-03T05:53:26.295+0000] {dag.py:4180} INFO - Setting next_dagrun for example_task_group_decorator to None, run_after=None
[2024-11-03T05:53:26.320+0000] {processor.py:208} INFO - Processing /home/airflow/.local/lib/python3.12/site-packages/airflow/example_dags/example_task_group_decorator.py took 0.112 seconds
[2024-11-03T05:53:56.564+0000] {processor.py:186} INFO - Started process (PID=999) to work on /home/airflow/.local/lib/python3.12/site-packages/airflow/example_dags/example_task_group_decorator.py
[2024-11-03T05:53:56.565+0000] {processor.py:914} INFO - Processing file /home/airflow/.local/lib/python3.12/site-packages/airflow/example_dags/example_task_group_decorator.py for tasks to queue
[2024-11-03T05:53:56.567+0000] {logging_mixin.py:190} INFO - [2024-11-03T05:53:56.567+0000] {dagbag.py:588} INFO - Filling up the DagBag from /home/airflow/.local/lib/python3.12/site-packages/airflow/example_dags/example_task_group_decorator.py
[2024-11-03T05:53:56.585+0000] {processor.py:925} INFO - DAG(s) 'example_task_group_decorator' retrieved from /home/airflow/.local/lib/python3.12/site-packages/airflow/example_dags/example_task_group_decorator.py
[2024-11-03T05:53:56.612+0000] {logging_mixin.py:190} INFO - [2024-11-03T05:53:56.612+0000] {dag.py:3239} INFO - Sync 1 DAGs
[2024-11-03T05:53:56.627+0000] {logging_mixin.py:190} INFO - [2024-11-03T05:53:56.627+0000] {dag.py:4180} INFO - Setting next_dagrun for example_task_group_decorator to None, run_after=None
[2024-11-03T05:53:56.658+0000] {processor.py:208} INFO - Processing /home/airflow/.local/lib/python3.12/site-packages/airflow/example_dags/example_task_group_decorator.py took 0.100 seconds
[2024-11-03T05:54:26.927+0000] {processor.py:186} INFO - Started process (PID=1290) to work on /home/airflow/.local/lib/python3.12/site-packages/airflow/example_dags/example_task_group_decorator.py
[2024-11-03T05:54:26.928+0000] {processor.py:914} INFO - Processing file /home/airflow/.local/lib/python3.12/site-packages/airflow/example_dags/example_task_group_decorator.py for tasks to queue
[2024-11-03T05:54:26.930+0000] {logging_mixin.py:190} INFO - [2024-11-03T05:54:26.930+0000] {dagbag.py:588} INFO - Filling up the DagBag from /home/airflow/.local/lib/python3.12/site-packages/airflow/example_dags/example_task_group_decorator.py
[2024-11-03T05:54:26.946+0000] {processor.py:925} INFO - DAG(s) 'example_task_group_decorator' retrieved from /home/airflow/.local/lib/python3.12/site-packages/airflow/example_dags/example_task_group_decorator.py
[2024-11-03T05:54:26.976+0000] {logging_mixin.py:190} INFO - [2024-11-03T05:54:26.976+0000] {dag.py:3239} INFO - Sync 1 DAGs
[2024-11-03T05:54:26.990+0000] {logging_mixin.py:190} INFO - [2024-11-03T05:54:26.990+0000] {dag.py:4180} INFO - Setting next_dagrun for example_task_group_decorator to None, run_after=None
[2024-11-03T05:54:27.011+0000] {processor.py:208} INFO - Processing /home/airflow/.local/lib/python3.12/site-packages/airflow/example_dags/example_task_group_decorator.py took 0.090 seconds
[2024-11-03T05:54:57.846+0000] {processor.py:186} INFO - Started process (PID=1581) to work on /home/airflow/.local/lib/python3.12/site-packages/airflow/example_dags/example_task_group_decorator.py
[2024-11-03T05:54:57.847+0000] {processor.py:914} INFO - Processing file /home/airflow/.local/lib/python3.12/site-packages/airflow/example_dags/example_task_group_decorator.py for tasks to queue
[2024-11-03T05:54:57.850+0000] {logging_mixin.py:190} INFO - [2024-11-03T05:54:57.849+0000] {dagbag.py:588} INFO - Filling up the DagBag from /home/airflow/.local/lib/python3.12/site-packages/airflow/example_dags/example_task_group_decorator.py
[2024-11-03T05:54:57.867+0000] {processor.py:925} INFO - DAG(s) 'example_task_group_decorator' retrieved from /home/airflow/.local/lib/python3.12/site-packages/airflow/example_dags/example_task_group_decorator.py
[2024-11-03T05:54:57.900+0000] {logging_mixin.py:190} INFO - [2024-11-03T05:54:57.899+0000] {dag.py:3239} INFO - Sync 1 DAGs
[2024-11-03T05:54:57.914+0000] {logging_mixin.py:190} INFO - [2024-11-03T05:54:57.914+0000] {dag.py:4180} INFO - Setting next_dagrun for example_task_group_decorator to None, run_after=None
[2024-11-03T05:54:57.941+0000] {processor.py:208} INFO - Processing /home/airflow/.local/lib/python3.12/site-packages/airflow/example_dags/example_task_group_decorator.py took 0.101 seconds
[2024-11-03T05:57:20.132+0000] {processor.py:186} INFO - Started process (PID=419) to work on /home/airflow/.local/lib/python3.12/site-packages/airflow/example_dags/example_task_group_decorator.py
[2024-11-03T05:57:20.133+0000] {processor.py:914} INFO - Processing file /home/airflow/.local/lib/python3.12/site-packages/airflow/example_dags/example_task_group_decorator.py for tasks to queue
[2024-11-03T05:57:20.135+0000] {logging_mixin.py:190} INFO - [2024-11-03T05:57:20.134+0000] {dagbag.py:588} INFO - Filling up the DagBag from /home/airflow/.local/lib/python3.12/site-packages/airflow/example_dags/example_task_group_decorator.py
[2024-11-03T05:57:20.151+0000] {processor.py:925} INFO - DAG(s) 'example_task_group_decorator' retrieved from /home/airflow/.local/lib/python3.12/site-packages/airflow/example_dags/example_task_group_decorator.py
[2024-11-03T05:57:20.182+0000] {logging_mixin.py:190} INFO - [2024-11-03T05:57:20.182+0000] {dag.py:3239} INFO - Sync 1 DAGs
[2024-11-03T05:57:20.201+0000] {logging_mixin.py:190} INFO - [2024-11-03T05:57:20.200+0000] {dag.py:4180} INFO - Setting next_dagrun for example_task_group_decorator to None, run_after=None
[2024-11-03T05:57:20.228+0000] {processor.py:208} INFO - Processing /home/airflow/.local/lib/python3.12/site-packages/airflow/example_dags/example_task_group_decorator.py took 0.102 seconds
[2024-11-03T05:57:50.628+0000] {processor.py:186} INFO - Started process (PID=708) to work on /home/airflow/.local/lib/python3.12/site-packages/airflow/example_dags/example_task_group_decorator.py
[2024-11-03T05:57:50.629+0000] {processor.py:914} INFO - Processing file /home/airflow/.local/lib/python3.12/site-packages/airflow/example_dags/example_task_group_decorator.py for tasks to queue
[2024-11-03T05:57:50.633+0000] {logging_mixin.py:190} INFO - [2024-11-03T05:57:50.632+0000] {dagbag.py:588} INFO - Filling up the DagBag from /home/airflow/.local/lib/python3.12/site-packages/airflow/example_dags/example_task_group_decorator.py
[2024-11-03T05:57:50.658+0000] {processor.py:925} INFO - DAG(s) 'example_task_group_decorator' retrieved from /home/airflow/.local/lib/python3.12/site-packages/airflow/example_dags/example_task_group_decorator.py
[2024-11-03T05:57:50.693+0000] {logging_mixin.py:190} INFO - [2024-11-03T05:57:50.693+0000] {dag.py:3239} INFO - Sync 1 DAGs
[2024-11-03T05:57:50.711+0000] {logging_mixin.py:190} INFO - [2024-11-03T05:57:50.711+0000] {dag.py:4180} INFO - Setting next_dagrun for example_task_group_decorator to None, run_after=None
[2024-11-03T05:57:50.738+0000] {processor.py:208} INFO - Processing /home/airflow/.local/lib/python3.12/site-packages/airflow/example_dags/example_task_group_decorator.py took 0.117 seconds
[2024-11-03T05:58:20.943+0000] {processor.py:186} INFO - Started process (PID=999) to work on /home/airflow/.local/lib/python3.12/site-packages/airflow/example_dags/example_task_group_decorator.py
[2024-11-03T05:58:20.945+0000] {processor.py:914} INFO - Processing file /home/airflow/.local/lib/python3.12/site-packages/airflow/example_dags/example_task_group_decorator.py for tasks to queue
[2024-11-03T05:58:20.947+0000] {logging_mixin.py:190} INFO - [2024-11-03T05:58:20.947+0000] {dagbag.py:588} INFO - Filling up the DagBag from /home/airflow/.local/lib/python3.12/site-packages/airflow/example_dags/example_task_group_decorator.py
[2024-11-03T05:58:20.964+0000] {processor.py:925} INFO - DAG(s) 'example_task_group_decorator' retrieved from /home/airflow/.local/lib/python3.12/site-packages/airflow/example_dags/example_task_group_decorator.py
[2024-11-03T05:58:20.992+0000] {logging_mixin.py:190} INFO - [2024-11-03T05:58:20.992+0000] {dag.py:3239} INFO - Sync 1 DAGs
[2024-11-03T05:58:21.007+0000] {logging_mixin.py:190} INFO - [2024-11-03T05:58:21.007+0000] {dag.py:4180} INFO - Setting next_dagrun for example_task_group_decorator to None, run_after=None
[2024-11-03T05:58:21.032+0000] {processor.py:208} INFO - Processing /home/airflow/.local/lib/python3.12/site-packages/airflow/example_dags/example_task_group_decorator.py took 0.094 seconds
[2024-11-03T05:58:51.942+0000] {processor.py:186} INFO - Started process (PID=1290) to work on /home/airflow/.local/lib/python3.12/site-packages/airflow/example_dags/example_task_group_decorator.py
[2024-11-03T05:58:51.944+0000] {processor.py:914} INFO - Processing file /home/airflow/.local/lib/python3.12/site-packages/airflow/example_dags/example_task_group_decorator.py for tasks to queue
[2024-11-03T05:58:51.946+0000] {logging_mixin.py:190} INFO - [2024-11-03T05:58:51.946+0000] {dagbag.py:588} INFO - Filling up the DagBag from /home/airflow/.local/lib/python3.12/site-packages/airflow/example_dags/example_task_group_decorator.py
[2024-11-03T05:58:51.963+0000] {processor.py:925} INFO - DAG(s) 'example_task_group_decorator' retrieved from /home/airflow/.local/lib/python3.12/site-packages/airflow/example_dags/example_task_group_decorator.py
[2024-11-03T05:58:51.989+0000] {logging_mixin.py:190} INFO - [2024-11-03T05:58:51.989+0000] {dag.py:3239} INFO - Sync 1 DAGs
[2024-11-03T05:58:52.006+0000] {logging_mixin.py:190} INFO - [2024-11-03T05:58:52.006+0000] {dag.py:4180} INFO - Setting next_dagrun for example_task_group_decorator to None, run_after=None
[2024-11-03T05:58:52.030+0000] {processor.py:208} INFO - Processing /home/airflow/.local/lib/python3.12/site-packages/airflow/example_dags/example_task_group_decorator.py took 0.094 seconds
[2024-11-03T05:59:22.993+0000] {processor.py:186} INFO - Started process (PID=1581) to work on /home/airflow/.local/lib/python3.12/site-packages/airflow/example_dags/example_task_group_decorator.py
[2024-11-03T05:59:22.994+0000] {processor.py:914} INFO - Processing file /home/airflow/.local/lib/python3.12/site-packages/airflow/example_dags/example_task_group_decorator.py for tasks to queue
[2024-11-03T05:59:22.997+0000] {logging_mixin.py:190} INFO - [2024-11-03T05:59:22.996+0000] {dagbag.py:588} INFO - Filling up the DagBag from /home/airflow/.local/lib/python3.12/site-packages/airflow/example_dags/example_task_group_decorator.py
[2024-11-03T05:59:23.013+0000] {processor.py:925} INFO - DAG(s) 'example_task_group_decorator' retrieved from /home/airflow/.local/lib/python3.12/site-packages/airflow/example_dags/example_task_group_decorator.py
[2024-11-03T05:59:23.040+0000] {logging_mixin.py:190} INFO - [2024-11-03T05:59:23.040+0000] {dag.py:3239} INFO - Sync 1 DAGs
[2024-11-03T05:59:23.056+0000] {logging_mixin.py:190} INFO - [2024-11-03T05:59:23.055+0000] {dag.py:4180} INFO - Setting next_dagrun for example_task_group_decorator to None, run_after=None
[2024-11-03T05:59:23.077+0000] {processor.py:208} INFO - Processing /home/airflow/.local/lib/python3.12/site-packages/airflow/example_dags/example_task_group_decorator.py took 0.090 seconds
[2024-11-03T05:59:53.430+0000] {processor.py:186} INFO - Started process (PID=1874) to work on /home/airflow/.local/lib/python3.12/site-packages/airflow/example_dags/example_task_group_decorator.py
[2024-11-03T05:59:53.431+0000] {processor.py:914} INFO - Processing file /home/airflow/.local/lib/python3.12/site-packages/airflow/example_dags/example_task_group_decorator.py for tasks to queue
[2024-11-03T05:59:53.434+0000] {logging_mixin.py:190} INFO - [2024-11-03T05:59:53.434+0000] {dagbag.py:588} INFO - Filling up the DagBag from /home/airflow/.local/lib/python3.12/site-packages/airflow/example_dags/example_task_group_decorator.py
[2024-11-03T05:59:53.452+0000] {processor.py:925} INFO - DAG(s) 'example_task_group_decorator' retrieved from /home/airflow/.local/lib/python3.12/site-packages/airflow/example_dags/example_task_group_decorator.py
[2024-11-03T05:59:53.483+0000] {logging_mixin.py:190} INFO - [2024-11-03T05:59:53.482+0000] {dag.py:3239} INFO - Sync 1 DAGs
[2024-11-03T05:59:53.499+0000] {logging_mixin.py:190} INFO - [2024-11-03T05:59:53.499+0000] {dag.py:4180} INFO - Setting next_dagrun for example_task_group_decorator to None, run_after=None
[2024-11-03T05:59:53.523+0000] {processor.py:208} INFO - Processing /home/airflow/.local/lib/python3.12/site-packages/airflow/example_dags/example_task_group_decorator.py took 0.099 seconds
[2024-11-03T06:00:24.264+0000] {processor.py:186} INFO - Started process (PID=2163) to work on /home/airflow/.local/lib/python3.12/site-packages/airflow/example_dags/example_task_group_decorator.py
[2024-11-03T06:00:24.265+0000] {processor.py:914} INFO - Processing file /home/airflow/.local/lib/python3.12/site-packages/airflow/example_dags/example_task_group_decorator.py for tasks to queue
[2024-11-03T06:00:24.267+0000] {logging_mixin.py:190} INFO - [2024-11-03T06:00:24.267+0000] {dagbag.py:588} INFO - Filling up the DagBag from /home/airflow/.local/lib/python3.12/site-packages/airflow/example_dags/example_task_group_decorator.py
[2024-11-03T06:00:24.285+0000] {processor.py:925} INFO - DAG(s) 'example_task_group_decorator' retrieved from /home/airflow/.local/lib/python3.12/site-packages/airflow/example_dags/example_task_group_decorator.py
[2024-11-03T06:00:24.312+0000] {logging_mixin.py:190} INFO - [2024-11-03T06:00:24.312+0000] {dag.py:3239} INFO - Sync 1 DAGs
[2024-11-03T06:00:24.328+0000] {logging_mixin.py:190} INFO - [2024-11-03T06:00:24.328+0000] {dag.py:4180} INFO - Setting next_dagrun for example_task_group_decorator to None, run_after=None
[2024-11-03T06:00:24.351+0000] {processor.py:208} INFO - Processing /home/airflow/.local/lib/python3.12/site-packages/airflow/example_dags/example_task_group_decorator.py took 0.093 seconds
[2024-11-03T06:07:02.530+0000] {processor.py:186} INFO - Started process (PID=435) to work on /home/airflow/.local/lib/python3.12/site-packages/airflow/example_dags/example_task_group_decorator.py
[2024-11-03T06:07:02.531+0000] {processor.py:914} INFO - Processing file /home/airflow/.local/lib/python3.12/site-packages/airflow/example_dags/example_task_group_decorator.py for tasks to queue
[2024-11-03T06:07:02.534+0000] {logging_mixin.py:190} INFO - [2024-11-03T06:07:02.534+0000] {dagbag.py:588} INFO - Filling up the DagBag from /home/airflow/.local/lib/python3.12/site-packages/airflow/example_dags/example_task_group_decorator.py
[2024-11-03T06:07:02.557+0000] {processor.py:925} INFO - DAG(s) 'example_task_group_decorator' retrieved from /home/airflow/.local/lib/python3.12/site-packages/airflow/example_dags/example_task_group_decorator.py
[2024-11-03T06:07:02.707+0000] {logging_mixin.py:190} INFO - [2024-11-03T06:07:02.706+0000] {override.py:1900} INFO - Created Permission View: can edit on DAG:example_task_group_decorator
[2024-11-03T06:07:02.722+0000] {logging_mixin.py:190} INFO - [2024-11-03T06:07:02.721+0000] {override.py:1900} INFO - Created Permission View: can read on DAG:example_task_group_decorator
[2024-11-03T06:07:02.735+0000] {logging_mixin.py:190} INFO - [2024-11-03T06:07:02.734+0000] {override.py:1900} INFO - Created Permission View: can delete on DAG:example_task_group_decorator
[2024-11-03T06:07:02.749+0000] {logging_mixin.py:190} INFO - [2024-11-03T06:07:02.749+0000] {override.py:1900} INFO - Created Permission View: can create on DAG Run:example_task_group_decorator
[2024-11-03T06:07:02.760+0000] {logging_mixin.py:190} INFO - [2024-11-03T06:07:02.760+0000] {override.py:1900} INFO - Created Permission View: menu access on DAG Run:example_task_group_decorator
[2024-11-03T06:07:02.770+0000] {logging_mixin.py:190} INFO - [2024-11-03T06:07:02.770+0000] {override.py:1900} INFO - Created Permission View: can read on DAG Run:example_task_group_decorator
[2024-11-03T06:07:02.781+0000] {logging_mixin.py:190} INFO - [2024-11-03T06:07:02.780+0000] {override.py:1900} INFO - Created Permission View: can delete on DAG Run:example_task_group_decorator
[2024-11-03T06:07:02.781+0000] {logging_mixin.py:190} INFO - [2024-11-03T06:07:02.781+0000] {dag.py:3239} INFO - Sync 1 DAGs
[2024-11-03T06:07:02.803+0000] {logging_mixin.py:190} INFO - [2024-11-03T06:07:02.803+0000] {dag.py:3262} INFO - Creating ORM DAG for example_task_group_decorator
[2024-11-03T06:07:02.805+0000] {logging_mixin.py:190} INFO - [2024-11-03T06:07:02.804+0000] {dag.py:4180} INFO - Setting next_dagrun for example_task_group_decorator to None, run_after=None
[2024-11-03T06:07:02.828+0000] {processor.py:208} INFO - Processing /home/airflow/.local/lib/python3.12/site-packages/airflow/example_dags/example_task_group_decorator.py took 0.308 seconds
[2024-11-03T06:07:33.011+0000] {processor.py:186} INFO - Started process (PID=728) to work on /home/airflow/.local/lib/python3.12/site-packages/airflow/example_dags/example_task_group_decorator.py
[2024-11-03T06:07:33.012+0000] {processor.py:914} INFO - Processing file /home/airflow/.local/lib/python3.12/site-packages/airflow/example_dags/example_task_group_decorator.py for tasks to queue
[2024-11-03T06:07:33.014+0000] {logging_mixin.py:190} INFO - [2024-11-03T06:07:33.014+0000] {dagbag.py:588} INFO - Filling up the DagBag from /home/airflow/.local/lib/python3.12/site-packages/airflow/example_dags/example_task_group_decorator.py
[2024-11-03T06:07:33.033+0000] {processor.py:925} INFO - DAG(s) 'example_task_group_decorator' retrieved from /home/airflow/.local/lib/python3.12/site-packages/airflow/example_dags/example_task_group_decorator.py
[2024-11-03T06:07:33.066+0000] {logging_mixin.py:190} INFO - [2024-11-03T06:07:33.066+0000] {dag.py:3239} INFO - Sync 1 DAGs
[2024-11-03T06:07:33.083+0000] {logging_mixin.py:190} INFO - [2024-11-03T06:07:33.083+0000] {dag.py:4180} INFO - Setting next_dagrun for example_task_group_decorator to None, run_after=None
[2024-11-03T06:07:33.107+0000] {processor.py:208} INFO - Processing /home/airflow/.local/lib/python3.12/site-packages/airflow/example_dags/example_task_group_decorator.py took 0.104 seconds
[2024-11-03T06:10:52.632+0000] {processor.py:186} INFO - Started process (PID=430) to work on /home/airflow/.local/lib/python3.12/site-packages/airflow/example_dags/example_task_group_decorator.py
[2024-11-03T06:10:52.636+0000] {processor.py:914} INFO - Processing file /home/airflow/.local/lib/python3.12/site-packages/airflow/example_dags/example_task_group_decorator.py for tasks to queue
[2024-11-03T06:10:52.643+0000] {logging_mixin.py:190} INFO - [2024-11-03T06:10:52.642+0000] {dagbag.py:588} INFO - Filling up the DagBag from /home/airflow/.local/lib/python3.12/site-packages/airflow/example_dags/example_task_group_decorator.py
[2024-11-03T06:10:52.691+0000] {processor.py:925} INFO - DAG(s) 'example_task_group_decorator' retrieved from /home/airflow/.local/lib/python3.12/site-packages/airflow/example_dags/example_task_group_decorator.py
[2024-11-03T06:10:52.737+0000] {logging_mixin.py:190} INFO - [2024-11-03T06:10:52.737+0000] {dag.py:3239} INFO - Sync 1 DAGs
[2024-11-03T06:10:52.759+0000] {logging_mixin.py:190} INFO - [2024-11-03T06:10:52.759+0000] {dag.py:4180} INFO - Setting next_dagrun for example_task_group_decorator to None, run_after=None
[2024-11-03T06:10:52.791+0000] {processor.py:208} INFO - Processing /home/airflow/.local/lib/python3.12/site-packages/airflow/example_dags/example_task_group_decorator.py took 0.170 seconds
[2024-11-03T06:11:23.291+0000] {processor.py:186} INFO - Started process (PID=721) to work on /home/airflow/.local/lib/python3.12/site-packages/airflow/example_dags/example_task_group_decorator.py
[2024-11-03T06:11:23.292+0000] {processor.py:914} INFO - Processing file /home/airflow/.local/lib/python3.12/site-packages/airflow/example_dags/example_task_group_decorator.py for tasks to queue
[2024-11-03T06:11:23.295+0000] {logging_mixin.py:190} INFO - [2024-11-03T06:11:23.294+0000] {dagbag.py:588} INFO - Filling up the DagBag from /home/airflow/.local/lib/python3.12/site-packages/airflow/example_dags/example_task_group_decorator.py
[2024-11-03T06:11:23.314+0000] {processor.py:925} INFO - DAG(s) 'example_task_group_decorator' retrieved from /home/airflow/.local/lib/python3.12/site-packages/airflow/example_dags/example_task_group_decorator.py
[2024-11-03T06:11:23.349+0000] {logging_mixin.py:190} INFO - [2024-11-03T06:11:23.348+0000] {dag.py:3239} INFO - Sync 1 DAGs
[2024-11-03T06:11:23.367+0000] {logging_mixin.py:190} INFO - [2024-11-03T06:11:23.367+0000] {dag.py:4180} INFO - Setting next_dagrun for example_task_group_decorator to None, run_after=None
[2024-11-03T06:11:23.391+0000] {processor.py:208} INFO - Processing /home/airflow/.local/lib/python3.12/site-packages/airflow/example_dags/example_task_group_decorator.py took 0.108 seconds
[2024-11-03T06:11:54.027+0000] {processor.py:186} INFO - Started process (PID=1014) to work on /home/airflow/.local/lib/python3.12/site-packages/airflow/example_dags/example_task_group_decorator.py
[2024-11-03T06:11:54.028+0000] {processor.py:914} INFO - Processing file /home/airflow/.local/lib/python3.12/site-packages/airflow/example_dags/example_task_group_decorator.py for tasks to queue
[2024-11-03T06:11:54.031+0000] {logging_mixin.py:190} INFO - [2024-11-03T06:11:54.030+0000] {dagbag.py:588} INFO - Filling up the DagBag from /home/airflow/.local/lib/python3.12/site-packages/airflow/example_dags/example_task_group_decorator.py
[2024-11-03T06:11:54.048+0000] {processor.py:925} INFO - DAG(s) 'example_task_group_decorator' retrieved from /home/airflow/.local/lib/python3.12/site-packages/airflow/example_dags/example_task_group_decorator.py
[2024-11-03T06:11:54.077+0000] {logging_mixin.py:190} INFO - [2024-11-03T06:11:54.076+0000] {dag.py:3239} INFO - Sync 1 DAGs
[2024-11-03T06:11:54.093+0000] {logging_mixin.py:190} INFO - [2024-11-03T06:11:54.093+0000] {dag.py:4180} INFO - Setting next_dagrun for example_task_group_decorator to None, run_after=None
[2024-11-03T06:11:54.118+0000] {processor.py:208} INFO - Processing /home/airflow/.local/lib/python3.12/site-packages/airflow/example_dags/example_task_group_decorator.py took 0.097 seconds
[2024-11-03T06:12:24.858+0000] {processor.py:186} INFO - Started process (PID=1303) to work on /home/airflow/.local/lib/python3.12/site-packages/airflow/example_dags/example_task_group_decorator.py
[2024-11-03T06:12:24.859+0000] {processor.py:914} INFO - Processing file /home/airflow/.local/lib/python3.12/site-packages/airflow/example_dags/example_task_group_decorator.py for tasks to queue
[2024-11-03T06:12:24.862+0000] {logging_mixin.py:190} INFO - [2024-11-03T06:12:24.862+0000] {dagbag.py:588} INFO - Filling up the DagBag from /home/airflow/.local/lib/python3.12/site-packages/airflow/example_dags/example_task_group_decorator.py
[2024-11-03T06:12:24.879+0000] {processor.py:925} INFO - DAG(s) 'example_task_group_decorator' retrieved from /home/airflow/.local/lib/python3.12/site-packages/airflow/example_dags/example_task_group_decorator.py
[2024-11-03T06:12:24.912+0000] {logging_mixin.py:190} INFO - [2024-11-03T06:12:24.911+0000] {dag.py:3239} INFO - Sync 1 DAGs
[2024-11-03T06:12:24.929+0000] {logging_mixin.py:190} INFO - [2024-11-03T06:12:24.929+0000] {dag.py:4180} INFO - Setting next_dagrun for example_task_group_decorator to None, run_after=None
[2024-11-03T06:12:24.972+0000] {processor.py:208} INFO - Processing /home/airflow/.local/lib/python3.12/site-packages/airflow/example_dags/example_task_group_decorator.py took 0.121 seconds
[2024-11-03T06:12:55.582+0000] {processor.py:186} INFO - Started process (PID=1594) to work on /home/airflow/.local/lib/python3.12/site-packages/airflow/example_dags/example_task_group_decorator.py
[2024-11-03T06:12:55.584+0000] {processor.py:914} INFO - Processing file /home/airflow/.local/lib/python3.12/site-packages/airflow/example_dags/example_task_group_decorator.py for tasks to queue
[2024-11-03T06:12:55.586+0000] {logging_mixin.py:190} INFO - [2024-11-03T06:12:55.586+0000] {dagbag.py:588} INFO - Filling up the DagBag from /home/airflow/.local/lib/python3.12/site-packages/airflow/example_dags/example_task_group_decorator.py
[2024-11-03T06:12:55.609+0000] {processor.py:925} INFO - DAG(s) 'example_task_group_decorator' retrieved from /home/airflow/.local/lib/python3.12/site-packages/airflow/example_dags/example_task_group_decorator.py
[2024-11-03T06:12:55.643+0000] {logging_mixin.py:190} INFO - [2024-11-03T06:12:55.643+0000] {dag.py:3239} INFO - Sync 1 DAGs
[2024-11-03T06:12:55.661+0000] {logging_mixin.py:190} INFO - [2024-11-03T06:12:55.660+0000] {dag.py:4180} INFO - Setting next_dagrun for example_task_group_decorator to None, run_after=None
[2024-11-03T06:12:55.685+0000] {processor.py:208} INFO - Processing /home/airflow/.local/lib/python3.12/site-packages/airflow/example_dags/example_task_group_decorator.py took 0.109 seconds
[2024-11-03T06:13:25.903+0000] {processor.py:186} INFO - Started process (PID=1885) to work on /home/airflow/.local/lib/python3.12/site-packages/airflow/example_dags/example_task_group_decorator.py
[2024-11-03T06:13:25.904+0000] {processor.py:914} INFO - Processing file /home/airflow/.local/lib/python3.12/site-packages/airflow/example_dags/example_task_group_decorator.py for tasks to queue
[2024-11-03T06:13:25.907+0000] {logging_mixin.py:190} INFO - [2024-11-03T06:13:25.906+0000] {dagbag.py:588} INFO - Filling up the DagBag from /home/airflow/.local/lib/python3.12/site-packages/airflow/example_dags/example_task_group_decorator.py
[2024-11-03T06:13:25.925+0000] {processor.py:925} INFO - DAG(s) 'example_task_group_decorator' retrieved from /home/airflow/.local/lib/python3.12/site-packages/airflow/example_dags/example_task_group_decorator.py
[2024-11-03T06:13:25.953+0000] {logging_mixin.py:190} INFO - [2024-11-03T06:13:25.952+0000] {dag.py:3239} INFO - Sync 1 DAGs
[2024-11-03T06:13:25.969+0000] {logging_mixin.py:190} INFO - [2024-11-03T06:13:25.969+0000] {dag.py:4180} INFO - Setting next_dagrun for example_task_group_decorator to None, run_after=None
[2024-11-03T06:13:25.991+0000] {processor.py:208} INFO - Processing /home/airflow/.local/lib/python3.12/site-packages/airflow/example_dags/example_task_group_decorator.py took 0.094 seconds
[2024-11-03T06:13:56.997+0000] {processor.py:186} INFO - Started process (PID=2176) to work on /home/airflow/.local/lib/python3.12/site-packages/airflow/example_dags/example_task_group_decorator.py
[2024-11-03T06:13:56.998+0000] {processor.py:914} INFO - Processing file /home/airflow/.local/lib/python3.12/site-packages/airflow/example_dags/example_task_group_decorator.py for tasks to queue
[2024-11-03T06:13:57.000+0000] {logging_mixin.py:190} INFO - [2024-11-03T06:13:57.000+0000] {dagbag.py:588} INFO - Filling up the DagBag from /home/airflow/.local/lib/python3.12/site-packages/airflow/example_dags/example_task_group_decorator.py
[2024-11-03T06:13:57.017+0000] {processor.py:925} INFO - DAG(s) 'example_task_group_decorator' retrieved from /home/airflow/.local/lib/python3.12/site-packages/airflow/example_dags/example_task_group_decorator.py
[2024-11-03T06:13:57.047+0000] {logging_mixin.py:190} INFO - [2024-11-03T06:13:57.047+0000] {dag.py:3239} INFO - Sync 1 DAGs
[2024-11-03T06:13:57.063+0000] {logging_mixin.py:190} INFO - [2024-11-03T06:13:57.063+0000] {dag.py:4180} INFO - Setting next_dagrun for example_task_group_decorator to None, run_after=None
[2024-11-03T06:13:57.096+0000] {processor.py:208} INFO - Processing /home/airflow/.local/lib/python3.12/site-packages/airflow/example_dags/example_task_group_decorator.py took 0.105 seconds
[2024-11-03T06:14:27.380+0000] {processor.py:186} INFO - Started process (PID=2469) to work on /home/airflow/.local/lib/python3.12/site-packages/airflow/example_dags/example_task_group_decorator.py
[2024-11-03T06:14:27.381+0000] {processor.py:914} INFO - Processing file /home/airflow/.local/lib/python3.12/site-packages/airflow/example_dags/example_task_group_decorator.py for tasks to queue
[2024-11-03T06:14:27.383+0000] {logging_mixin.py:190} INFO - [2024-11-03T06:14:27.383+0000] {dagbag.py:588} INFO - Filling up the DagBag from /home/airflow/.local/lib/python3.12/site-packages/airflow/example_dags/example_task_group_decorator.py
[2024-11-03T06:14:27.399+0000] {processor.py:925} INFO - DAG(s) 'example_task_group_decorator' retrieved from /home/airflow/.local/lib/python3.12/site-packages/airflow/example_dags/example_task_group_decorator.py
[2024-11-03T06:14:27.426+0000] {logging_mixin.py:190} INFO - [2024-11-03T06:14:27.426+0000] {dag.py:3239} INFO - Sync 1 DAGs
[2024-11-03T06:14:27.442+0000] {logging_mixin.py:190} INFO - [2024-11-03T06:14:27.442+0000] {dag.py:4180} INFO - Setting next_dagrun for example_task_group_decorator to None, run_after=None
[2024-11-03T06:14:27.465+0000] {processor.py:208} INFO - Processing /home/airflow/.local/lib/python3.12/site-packages/airflow/example_dags/example_task_group_decorator.py took 0.091 seconds
[2024-11-03T06:14:57.861+0000] {processor.py:186} INFO - Started process (PID=2760) to work on /home/airflow/.local/lib/python3.12/site-packages/airflow/example_dags/example_task_group_decorator.py
[2024-11-03T06:14:57.862+0000] {processor.py:914} INFO - Processing file /home/airflow/.local/lib/python3.12/site-packages/airflow/example_dags/example_task_group_decorator.py for tasks to queue
[2024-11-03T06:14:57.865+0000] {logging_mixin.py:190} INFO - [2024-11-03T06:14:57.865+0000] {dagbag.py:588} INFO - Filling up the DagBag from /home/airflow/.local/lib/python3.12/site-packages/airflow/example_dags/example_task_group_decorator.py
[2024-11-03T06:14:57.889+0000] {processor.py:925} INFO - DAG(s) 'example_task_group_decorator' retrieved from /home/airflow/.local/lib/python3.12/site-packages/airflow/example_dags/example_task_group_decorator.py
[2024-11-03T06:14:57.918+0000] {logging_mixin.py:190} INFO - [2024-11-03T06:14:57.917+0000] {dag.py:3239} INFO - Sync 1 DAGs
[2024-11-03T06:14:57.934+0000] {logging_mixin.py:190} INFO - [2024-11-03T06:14:57.934+0000] {dag.py:4180} INFO - Setting next_dagrun for example_task_group_decorator to None, run_after=None
[2024-11-03T06:14:57.964+0000] {processor.py:208} INFO - Processing /home/airflow/.local/lib/python3.12/site-packages/airflow/example_dags/example_task_group_decorator.py took 0.108 seconds
[2024-11-03T06:15:28.733+0000] {processor.py:186} INFO - Started process (PID=3049) to work on /home/airflow/.local/lib/python3.12/site-packages/airflow/example_dags/example_task_group_decorator.py
[2024-11-03T06:15:28.734+0000] {processor.py:914} INFO - Processing file /home/airflow/.local/lib/python3.12/site-packages/airflow/example_dags/example_task_group_decorator.py for tasks to queue
[2024-11-03T06:15:28.736+0000] {logging_mixin.py:190} INFO - [2024-11-03T06:15:28.736+0000] {dagbag.py:588} INFO - Filling up the DagBag from /home/airflow/.local/lib/python3.12/site-packages/airflow/example_dags/example_task_group_decorator.py
[2024-11-03T06:15:28.759+0000] {processor.py:925} INFO - DAG(s) 'example_task_group_decorator' retrieved from /home/airflow/.local/lib/python3.12/site-packages/airflow/example_dags/example_task_group_decorator.py
[2024-11-03T06:15:28.813+0000] {logging_mixin.py:190} INFO - [2024-11-03T06:15:28.813+0000] {dag.py:3239} INFO - Sync 1 DAGs
[2024-11-03T06:15:28.835+0000] {logging_mixin.py:190} INFO - [2024-11-03T06:15:28.835+0000] {dag.py:4180} INFO - Setting next_dagrun for example_task_group_decorator to None, run_after=None
[2024-11-03T06:15:28.869+0000] {processor.py:208} INFO - Processing /home/airflow/.local/lib/python3.12/site-packages/airflow/example_dags/example_task_group_decorator.py took 0.142 seconds
