[2024-11-03T05:29:26.481+0000] {processor.py:186} INFO - Started process (PID=266) to work on /home/airflow/.local/lib/python3.12/site-packages/airflow/example_dags/example_dag_decorator.py
[2024-11-03T05:29:26.482+0000] {processor.py:914} INFO - Processing file /home/airflow/.local/lib/python3.12/site-packages/airflow/example_dags/example_dag_decorator.py for tasks to queue
[2024-11-03T05:29:26.485+0000] {logging_mixin.py:190} INFO - [2024-11-03T05:29:26.485+0000] {dagbag.py:588} INFO - Filling up the DagBag from /home/airflow/.local/lib/python3.12/site-packages/airflow/example_dags/example_dag_decorator.py
[2024-11-03T05:29:26.502+0000] {processor.py:925} INFO - DAG(s) 'example_dag_decorator' retrieved from /home/airflow/.local/lib/python3.12/site-packages/airflow/example_dags/example_dag_decorator.py
[2024-11-03T05:29:26.685+0000] {logging_mixin.py:190} INFO - [2024-11-03T05:29:26.684+0000] {override.py:1900} INFO - Created Permission View: can delete on DAG:example_dag_decorator
[2024-11-03T05:29:26.704+0000] {logging_mixin.py:190} INFO - [2024-11-03T05:29:26.703+0000] {override.py:1900} INFO - Created Permission View: can edit on DAG:example_dag_decorator
[2024-11-03T05:29:26.718+0000] {logging_mixin.py:190} INFO - [2024-11-03T05:29:26.718+0000] {override.py:1900} INFO - Created Permission View: can read on DAG:example_dag_decorator
[2024-11-03T05:29:26.735+0000] {logging_mixin.py:190} INFO - [2024-11-03T05:29:26.734+0000] {override.py:1900} INFO - Created Permission View: can delete on DAG Run:example_dag_decorator
[2024-11-03T05:29:26.750+0000] {logging_mixin.py:190} INFO - [2024-11-03T05:29:26.750+0000] {override.py:1900} INFO - Created Permission View: menu access on DAG Run:example_dag_decorator
[2024-11-03T05:29:26.767+0000] {logging_mixin.py:190} INFO - [2024-11-03T05:29:26.766+0000] {override.py:1900} INFO - Created Permission View: can create on DAG Run:example_dag_decorator
[2024-11-03T05:29:26.783+0000] {logging_mixin.py:190} INFO - [2024-11-03T05:29:26.782+0000] {override.py:1900} INFO - Created Permission View: can read on DAG Run:example_dag_decorator
[2024-11-03T05:29:26.784+0000] {logging_mixin.py:190} INFO - [2024-11-03T05:29:26.783+0000] {dag.py:3239} INFO - Sync 1 DAGs
[2024-11-03T05:29:26.811+0000] {logging_mixin.py:190} INFO - [2024-11-03T05:29:26.811+0000] {dag.py:3262} INFO - Creating ORM DAG for example_dag_decorator
[2024-11-03T05:29:26.812+0000] {logging_mixin.py:190} INFO - [2024-11-03T05:29:26.812+0000] {dag.py:4180} INFO - Setting next_dagrun for example_dag_decorator to None, run_after=None
[2024-11-03T05:29:26.840+0000] {processor.py:208} INFO - Processing /home/airflow/.local/lib/python3.12/site-packages/airflow/example_dags/example_dag_decorator.py took 0.368 seconds
[2024-11-03T05:29:57.334+0000] {processor.py:186} INFO - Started process (PID=557) to work on /home/airflow/.local/lib/python3.12/site-packages/airflow/example_dags/example_dag_decorator.py
[2024-11-03T05:29:57.336+0000] {processor.py:914} INFO - Processing file /home/airflow/.local/lib/python3.12/site-packages/airflow/example_dags/example_dag_decorator.py for tasks to queue
[2024-11-03T05:29:57.339+0000] {logging_mixin.py:190} INFO - [2024-11-03T05:29:57.339+0000] {dagbag.py:588} INFO - Filling up the DagBag from /home/airflow/.local/lib/python3.12/site-packages/airflow/example_dags/example_dag_decorator.py
[2024-11-03T05:29:57.365+0000] {processor.py:925} INFO - DAG(s) 'example_dag_decorator' retrieved from /home/airflow/.local/lib/python3.12/site-packages/airflow/example_dags/example_dag_decorator.py
[2024-11-03T05:29:57.594+0000] {logging_mixin.py:190} INFO - [2024-11-03T05:29:57.594+0000] {dag.py:3239} INFO - Sync 1 DAGs
[2024-11-03T05:29:57.622+0000] {logging_mixin.py:190} INFO - [2024-11-03T05:29:57.622+0000] {dag.py:4180} INFO - Setting next_dagrun for example_dag_decorator to None, run_after=None
[2024-11-03T05:29:57.654+0000] {processor.py:208} INFO - Processing /home/airflow/.local/lib/python3.12/site-packages/airflow/example_dags/example_dag_decorator.py took 0.328 seconds
[2024-11-03T05:30:28.537+0000] {processor.py:186} INFO - Started process (PID=850) to work on /home/airflow/.local/lib/python3.12/site-packages/airflow/example_dags/example_dag_decorator.py
[2024-11-03T05:30:28.539+0000] {processor.py:914} INFO - Processing file /home/airflow/.local/lib/python3.12/site-packages/airflow/example_dags/example_dag_decorator.py for tasks to queue
[2024-11-03T05:30:28.541+0000] {logging_mixin.py:190} INFO - [2024-11-03T05:30:28.541+0000] {dagbag.py:588} INFO - Filling up the DagBag from /home/airflow/.local/lib/python3.12/site-packages/airflow/example_dags/example_dag_decorator.py
[2024-11-03T05:30:28.553+0000] {processor.py:925} INFO - DAG(s) 'example_dag_decorator' retrieved from /home/airflow/.local/lib/python3.12/site-packages/airflow/example_dags/example_dag_decorator.py
[2024-11-03T05:30:28.579+0000] {logging_mixin.py:190} INFO - [2024-11-03T05:30:28.578+0000] {dag.py:3239} INFO - Sync 1 DAGs
[2024-11-03T05:30:28.596+0000] {logging_mixin.py:190} INFO - [2024-11-03T05:30:28.596+0000] {dag.py:4180} INFO - Setting next_dagrun for example_dag_decorator to None, run_after=None
[2024-11-03T05:30:28.621+0000] {processor.py:208} INFO - Processing /home/airflow/.local/lib/python3.12/site-packages/airflow/example_dags/example_dag_decorator.py took 0.091 seconds
[2024-11-03T05:30:59.082+0000] {processor.py:186} INFO - Started process (PID=1141) to work on /home/airflow/.local/lib/python3.12/site-packages/airflow/example_dags/example_dag_decorator.py
[2024-11-03T05:30:59.083+0000] {processor.py:914} INFO - Processing file /home/airflow/.local/lib/python3.12/site-packages/airflow/example_dags/example_dag_decorator.py for tasks to queue
[2024-11-03T05:30:59.086+0000] {logging_mixin.py:190} INFO - [2024-11-03T05:30:59.086+0000] {dagbag.py:588} INFO - Filling up the DagBag from /home/airflow/.local/lib/python3.12/site-packages/airflow/example_dags/example_dag_decorator.py
[2024-11-03T05:30:59.100+0000] {processor.py:925} INFO - DAG(s) 'example_dag_decorator' retrieved from /home/airflow/.local/lib/python3.12/site-packages/airflow/example_dags/example_dag_decorator.py
[2024-11-03T05:30:59.129+0000] {logging_mixin.py:190} INFO - [2024-11-03T05:30:59.129+0000] {dag.py:3239} INFO - Sync 1 DAGs
[2024-11-03T05:30:59.147+0000] {logging_mixin.py:190} INFO - [2024-11-03T05:30:59.147+0000] {dag.py:4180} INFO - Setting next_dagrun for example_dag_decorator to None, run_after=None
[2024-11-03T05:30:59.175+0000] {processor.py:208} INFO - Processing /home/airflow/.local/lib/python3.12/site-packages/airflow/example_dags/example_dag_decorator.py took 0.101 seconds
[2024-11-03T05:31:29.656+0000] {processor.py:186} INFO - Started process (PID=1432) to work on /home/airflow/.local/lib/python3.12/site-packages/airflow/example_dags/example_dag_decorator.py
[2024-11-03T05:31:29.657+0000] {processor.py:914} INFO - Processing file /home/airflow/.local/lib/python3.12/site-packages/airflow/example_dags/example_dag_decorator.py for tasks to queue
[2024-11-03T05:31:29.660+0000] {logging_mixin.py:190} INFO - [2024-11-03T05:31:29.659+0000] {dagbag.py:588} INFO - Filling up the DagBag from /home/airflow/.local/lib/python3.12/site-packages/airflow/example_dags/example_dag_decorator.py
[2024-11-03T05:31:29.671+0000] {processor.py:925} INFO - DAG(s) 'example_dag_decorator' retrieved from /home/airflow/.local/lib/python3.12/site-packages/airflow/example_dags/example_dag_decorator.py
[2024-11-03T05:31:29.799+0000] {logging_mixin.py:190} INFO - [2024-11-03T05:31:29.799+0000] {dag.py:3239} INFO - Sync 1 DAGs
[2024-11-03T05:31:29.815+0000] {logging_mixin.py:190} INFO - [2024-11-03T05:31:29.815+0000] {dag.py:4180} INFO - Setting next_dagrun for example_dag_decorator to None, run_after=None
[2024-11-03T05:31:29.838+0000] {processor.py:208} INFO - Processing /home/airflow/.local/lib/python3.12/site-packages/airflow/example_dags/example_dag_decorator.py took 0.189 seconds
[2024-11-03T05:32:00.516+0000] {processor.py:186} INFO - Started process (PID=1723) to work on /home/airflow/.local/lib/python3.12/site-packages/airflow/example_dags/example_dag_decorator.py
[2024-11-03T05:32:00.517+0000] {processor.py:914} INFO - Processing file /home/airflow/.local/lib/python3.12/site-packages/airflow/example_dags/example_dag_decorator.py for tasks to queue
[2024-11-03T05:32:00.520+0000] {logging_mixin.py:190} INFO - [2024-11-03T05:32:00.520+0000] {dagbag.py:588} INFO - Filling up the DagBag from /home/airflow/.local/lib/python3.12/site-packages/airflow/example_dags/example_dag_decorator.py
[2024-11-03T05:32:00.535+0000] {processor.py:925} INFO - DAG(s) 'example_dag_decorator' retrieved from /home/airflow/.local/lib/python3.12/site-packages/airflow/example_dags/example_dag_decorator.py
[2024-11-03T05:32:00.691+0000] {logging_mixin.py:190} INFO - [2024-11-03T05:32:00.691+0000] {dag.py:3239} INFO - Sync 1 DAGs
[2024-11-03T05:32:00.716+0000] {logging_mixin.py:190} INFO - [2024-11-03T05:32:00.716+0000] {dag.py:4180} INFO - Setting next_dagrun for example_dag_decorator to None, run_after=None
[2024-11-03T05:32:00.744+0000] {processor.py:208} INFO - Processing /home/airflow/.local/lib/python3.12/site-packages/airflow/example_dags/example_dag_decorator.py took 0.234 seconds
[2024-11-03T05:32:31.432+0000] {processor.py:186} INFO - Started process (PID=2014) to work on /home/airflow/.local/lib/python3.12/site-packages/airflow/example_dags/example_dag_decorator.py
[2024-11-03T05:32:31.434+0000] {processor.py:914} INFO - Processing file /home/airflow/.local/lib/python3.12/site-packages/airflow/example_dags/example_dag_decorator.py for tasks to queue
[2024-11-03T05:32:31.439+0000] {logging_mixin.py:190} INFO - [2024-11-03T05:32:31.439+0000] {dagbag.py:588} INFO - Filling up the DagBag from /home/airflow/.local/lib/python3.12/site-packages/airflow/example_dags/example_dag_decorator.py
[2024-11-03T05:32:31.478+0000] {processor.py:925} INFO - DAG(s) 'example_dag_decorator' retrieved from /home/airflow/.local/lib/python3.12/site-packages/airflow/example_dags/example_dag_decorator.py
[2024-11-03T05:32:31.809+0000] {logging_mixin.py:190} INFO - [2024-11-03T05:32:31.808+0000] {dag.py:3239} INFO - Sync 1 DAGs
[2024-11-03T05:32:31.825+0000] {logging_mixin.py:190} INFO - [2024-11-03T05:32:31.824+0000] {dag.py:4180} INFO - Setting next_dagrun for example_dag_decorator to None, run_after=None
[2024-11-03T05:32:31.853+0000] {processor.py:208} INFO - Processing /home/airflow/.local/lib/python3.12/site-packages/airflow/example_dags/example_dag_decorator.py took 0.432 seconds
[2024-11-03T05:33:02.709+0000] {processor.py:186} INFO - Started process (PID=2306) to work on /home/airflow/.local/lib/python3.12/site-packages/airflow/example_dags/example_dag_decorator.py
[2024-11-03T05:33:02.711+0000] {processor.py:914} INFO - Processing file /home/airflow/.local/lib/python3.12/site-packages/airflow/example_dags/example_dag_decorator.py for tasks to queue
[2024-11-03T05:33:02.713+0000] {logging_mixin.py:190} INFO - [2024-11-03T05:33:02.713+0000] {dagbag.py:588} INFO - Filling up the DagBag from /home/airflow/.local/lib/python3.12/site-packages/airflow/example_dags/example_dag_decorator.py
[2024-11-03T05:33:02.730+0000] {processor.py:925} INFO - DAG(s) 'example_dag_decorator' retrieved from /home/airflow/.local/lib/python3.12/site-packages/airflow/example_dags/example_dag_decorator.py
[2024-11-03T05:33:02.937+0000] {logging_mixin.py:190} INFO - [2024-11-03T05:33:02.937+0000] {dag.py:3239} INFO - Sync 1 DAGs
[2024-11-03T05:33:02.958+0000] {logging_mixin.py:190} INFO - [2024-11-03T05:33:02.957+0000] {dag.py:4180} INFO - Setting next_dagrun for example_dag_decorator to None, run_after=None
[2024-11-03T05:33:02.988+0000] {processor.py:208} INFO - Processing /home/airflow/.local/lib/python3.12/site-packages/airflow/example_dags/example_dag_decorator.py took 0.289 seconds
[2024-11-03T05:33:33.229+0000] {processor.py:186} INFO - Started process (PID=2597) to work on /home/airflow/.local/lib/python3.12/site-packages/airflow/example_dags/example_dag_decorator.py
[2024-11-03T05:33:33.230+0000] {processor.py:914} INFO - Processing file /home/airflow/.local/lib/python3.12/site-packages/airflow/example_dags/example_dag_decorator.py for tasks to queue
[2024-11-03T05:33:33.233+0000] {logging_mixin.py:190} INFO - [2024-11-03T05:33:33.232+0000] {dagbag.py:588} INFO - Filling up the DagBag from /home/airflow/.local/lib/python3.12/site-packages/airflow/example_dags/example_dag_decorator.py
[2024-11-03T05:33:33.247+0000] {processor.py:925} INFO - DAG(s) 'example_dag_decorator' retrieved from /home/airflow/.local/lib/python3.12/site-packages/airflow/example_dags/example_dag_decorator.py
[2024-11-03T05:33:33.274+0000] {logging_mixin.py:190} INFO - [2024-11-03T05:33:33.274+0000] {dag.py:3239} INFO - Sync 1 DAGs
[2024-11-03T05:33:33.290+0000] {logging_mixin.py:190} INFO - [2024-11-03T05:33:33.290+0000] {dag.py:4180} INFO - Setting next_dagrun for example_dag_decorator to None, run_after=None
[2024-11-03T05:33:33.315+0000] {processor.py:208} INFO - Processing /home/airflow/.local/lib/python3.12/site-packages/airflow/example_dags/example_dag_decorator.py took 0.093 seconds
[2024-11-03T05:34:03.956+0000] {processor.py:186} INFO - Started process (PID=2888) to work on /home/airflow/.local/lib/python3.12/site-packages/airflow/example_dags/example_dag_decorator.py
[2024-11-03T05:34:03.957+0000] {processor.py:914} INFO - Processing file /home/airflow/.local/lib/python3.12/site-packages/airflow/example_dags/example_dag_decorator.py for tasks to queue
[2024-11-03T05:34:03.959+0000] {logging_mixin.py:190} INFO - [2024-11-03T05:34:03.959+0000] {dagbag.py:588} INFO - Filling up the DagBag from /home/airflow/.local/lib/python3.12/site-packages/airflow/example_dags/example_dag_decorator.py
[2024-11-03T05:34:03.972+0000] {processor.py:925} INFO - DAG(s) 'example_dag_decorator' retrieved from /home/airflow/.local/lib/python3.12/site-packages/airflow/example_dags/example_dag_decorator.py
[2024-11-03T05:34:03.998+0000] {logging_mixin.py:190} INFO - [2024-11-03T05:34:03.998+0000] {dag.py:3239} INFO - Sync 1 DAGs
[2024-11-03T05:34:04.015+0000] {logging_mixin.py:190} INFO - [2024-11-03T05:34:04.015+0000] {dag.py:4180} INFO - Setting next_dagrun for example_dag_decorator to None, run_after=None
[2024-11-03T05:34:04.054+0000] {processor.py:208} INFO - Processing /home/airflow/.local/lib/python3.12/site-packages/airflow/example_dags/example_dag_decorator.py took 0.105 seconds
[2024-11-03T05:34:34.267+0000] {processor.py:186} INFO - Started process (PID=3179) to work on /home/airflow/.local/lib/python3.12/site-packages/airflow/example_dags/example_dag_decorator.py
[2024-11-03T05:34:34.268+0000] {processor.py:914} INFO - Processing file /home/airflow/.local/lib/python3.12/site-packages/airflow/example_dags/example_dag_decorator.py for tasks to queue
[2024-11-03T05:34:34.273+0000] {logging_mixin.py:190} INFO - [2024-11-03T05:34:34.272+0000] {dagbag.py:588} INFO - Filling up the DagBag from /home/airflow/.local/lib/python3.12/site-packages/airflow/example_dags/example_dag_decorator.py
[2024-11-03T05:34:34.327+0000] {processor.py:925} INFO - DAG(s) 'example_dag_decorator' retrieved from /home/airflow/.local/lib/python3.12/site-packages/airflow/example_dags/example_dag_decorator.py
[2024-11-03T05:34:34.962+0000] {logging_mixin.py:190} INFO - [2024-11-03T05:34:34.962+0000] {dag.py:3239} INFO - Sync 1 DAGs
[2024-11-03T05:34:35.040+0000] {logging_mixin.py:190} INFO - [2024-11-03T05:34:35.039+0000] {dag.py:4180} INFO - Setting next_dagrun for example_dag_decorator to None, run_after=None
[2024-11-03T05:34:35.138+0000] {processor.py:208} INFO - Processing /home/airflow/.local/lib/python3.12/site-packages/airflow/example_dags/example_dag_decorator.py took 0.903 seconds
[2024-11-03T05:35:05.662+0000] {processor.py:186} INFO - Started process (PID=3475) to work on /home/airflow/.local/lib/python3.12/site-packages/airflow/example_dags/example_dag_decorator.py
[2024-11-03T05:35:05.664+0000] {processor.py:914} INFO - Processing file /home/airflow/.local/lib/python3.12/site-packages/airflow/example_dags/example_dag_decorator.py for tasks to queue
[2024-11-03T05:35:05.667+0000] {logging_mixin.py:190} INFO - [2024-11-03T05:35:05.667+0000] {dagbag.py:588} INFO - Filling up the DagBag from /home/airflow/.local/lib/python3.12/site-packages/airflow/example_dags/example_dag_decorator.py
[2024-11-03T05:35:05.683+0000] {processor.py:925} INFO - DAG(s) 'example_dag_decorator' retrieved from /home/airflow/.local/lib/python3.12/site-packages/airflow/example_dags/example_dag_decorator.py
[2024-11-03T05:35:05.722+0000] {logging_mixin.py:190} INFO - [2024-11-03T05:35:05.722+0000] {dag.py:3239} INFO - Sync 1 DAGs
[2024-11-03T05:35:05.748+0000] {logging_mixin.py:190} INFO - [2024-11-03T05:35:05.747+0000] {dag.py:4180} INFO - Setting next_dagrun for example_dag_decorator to None, run_after=None
[2024-11-03T05:35:05.781+0000] {processor.py:208} INFO - Processing /home/airflow/.local/lib/python3.12/site-packages/airflow/example_dags/example_dag_decorator.py took 0.128 seconds
[2024-11-03T05:35:36.547+0000] {processor.py:186} INFO - Started process (PID=3766) to work on /home/airflow/.local/lib/python3.12/site-packages/airflow/example_dags/example_dag_decorator.py
[2024-11-03T05:35:36.548+0000] {processor.py:914} INFO - Processing file /home/airflow/.local/lib/python3.12/site-packages/airflow/example_dags/example_dag_decorator.py for tasks to queue
[2024-11-03T05:35:36.550+0000] {logging_mixin.py:190} INFO - [2024-11-03T05:35:36.550+0000] {dagbag.py:588} INFO - Filling up the DagBag from /home/airflow/.local/lib/python3.12/site-packages/airflow/example_dags/example_dag_decorator.py
[2024-11-03T05:35:36.562+0000] {processor.py:925} INFO - DAG(s) 'example_dag_decorator' retrieved from /home/airflow/.local/lib/python3.12/site-packages/airflow/example_dags/example_dag_decorator.py
[2024-11-03T05:35:36.704+0000] {logging_mixin.py:190} INFO - [2024-11-03T05:35:36.703+0000] {dag.py:3239} INFO - Sync 1 DAGs
[2024-11-03T05:35:36.719+0000] {logging_mixin.py:190} INFO - [2024-11-03T05:35:36.719+0000] {dag.py:4180} INFO - Setting next_dagrun for example_dag_decorator to None, run_after=None
[2024-11-03T05:35:36.750+0000] {processor.py:208} INFO - Processing /home/airflow/.local/lib/python3.12/site-packages/airflow/example_dags/example_dag_decorator.py took 0.209 seconds
[2024-11-03T05:36:07.290+0000] {processor.py:186} INFO - Started process (PID=4057) to work on /home/airflow/.local/lib/python3.12/site-packages/airflow/example_dags/example_dag_decorator.py
[2024-11-03T05:36:07.291+0000] {processor.py:914} INFO - Processing file /home/airflow/.local/lib/python3.12/site-packages/airflow/example_dags/example_dag_decorator.py for tasks to queue
[2024-11-03T05:36:07.293+0000] {logging_mixin.py:190} INFO - [2024-11-03T05:36:07.293+0000] {dagbag.py:588} INFO - Filling up the DagBag from /home/airflow/.local/lib/python3.12/site-packages/airflow/example_dags/example_dag_decorator.py
[2024-11-03T05:36:07.305+0000] {processor.py:925} INFO - DAG(s) 'example_dag_decorator' retrieved from /home/airflow/.local/lib/python3.12/site-packages/airflow/example_dags/example_dag_decorator.py
[2024-11-03T05:36:07.329+0000] {logging_mixin.py:190} INFO - [2024-11-03T05:36:07.329+0000] {dag.py:3239} INFO - Sync 1 DAGs
[2024-11-03T05:36:07.344+0000] {logging_mixin.py:190} INFO - [2024-11-03T05:36:07.344+0000] {dag.py:4180} INFO - Setting next_dagrun for example_dag_decorator to None, run_after=None
[2024-11-03T05:36:07.366+0000] {processor.py:208} INFO - Processing /home/airflow/.local/lib/python3.12/site-packages/airflow/example_dags/example_dag_decorator.py took 0.082 seconds
[2024-11-03T05:36:38.240+0000] {processor.py:186} INFO - Started process (PID=4348) to work on /home/airflow/.local/lib/python3.12/site-packages/airflow/example_dags/example_dag_decorator.py
[2024-11-03T05:36:38.241+0000] {processor.py:914} INFO - Processing file /home/airflow/.local/lib/python3.12/site-packages/airflow/example_dags/example_dag_decorator.py for tasks to queue
[2024-11-03T05:36:38.244+0000] {logging_mixin.py:190} INFO - [2024-11-03T05:36:38.244+0000] {dagbag.py:588} INFO - Filling up the DagBag from /home/airflow/.local/lib/python3.12/site-packages/airflow/example_dags/example_dag_decorator.py
[2024-11-03T05:36:38.258+0000] {processor.py:925} INFO - DAG(s) 'example_dag_decorator' retrieved from /home/airflow/.local/lib/python3.12/site-packages/airflow/example_dags/example_dag_decorator.py
[2024-11-03T05:36:38.402+0000] {logging_mixin.py:190} INFO - [2024-11-03T05:36:38.401+0000] {dag.py:3239} INFO - Sync 1 DAGs
[2024-11-03T05:36:38.430+0000] {logging_mixin.py:190} INFO - [2024-11-03T05:36:38.429+0000] {dag.py:4180} INFO - Setting next_dagrun for example_dag_decorator to None, run_after=None
[2024-11-03T05:36:38.454+0000] {processor.py:208} INFO - Processing /home/airflow/.local/lib/python3.12/site-packages/airflow/example_dags/example_dag_decorator.py took 0.219 seconds
[2024-11-03T05:37:08.569+0000] {processor.py:186} INFO - Started process (PID=4639) to work on /home/airflow/.local/lib/python3.12/site-packages/airflow/example_dags/example_dag_decorator.py
[2024-11-03T05:37:08.571+0000] {processor.py:914} INFO - Processing file /home/airflow/.local/lib/python3.12/site-packages/airflow/example_dags/example_dag_decorator.py for tasks to queue
[2024-11-03T05:37:08.573+0000] {logging_mixin.py:190} INFO - [2024-11-03T05:37:08.573+0000] {dagbag.py:588} INFO - Filling up the DagBag from /home/airflow/.local/lib/python3.12/site-packages/airflow/example_dags/example_dag_decorator.py
[2024-11-03T05:37:08.584+0000] {processor.py:925} INFO - DAG(s) 'example_dag_decorator' retrieved from /home/airflow/.local/lib/python3.12/site-packages/airflow/example_dags/example_dag_decorator.py
[2024-11-03T05:37:08.710+0000] {logging_mixin.py:190} INFO - [2024-11-03T05:37:08.709+0000] {dag.py:3239} INFO - Sync 1 DAGs
[2024-11-03T05:37:08.723+0000] {logging_mixin.py:190} INFO - [2024-11-03T05:37:08.723+0000] {dag.py:4180} INFO - Setting next_dagrun for example_dag_decorator to None, run_after=None
[2024-11-03T05:37:08.745+0000] {processor.py:208} INFO - Processing /home/airflow/.local/lib/python3.12/site-packages/airflow/example_dags/example_dag_decorator.py took 0.182 seconds
[2024-11-03T05:37:38.985+0000] {processor.py:186} INFO - Started process (PID=4930) to work on /home/airflow/.local/lib/python3.12/site-packages/airflow/example_dags/example_dag_decorator.py
[2024-11-03T05:37:38.987+0000] {processor.py:914} INFO - Processing file /home/airflow/.local/lib/python3.12/site-packages/airflow/example_dags/example_dag_decorator.py for tasks to queue
[2024-11-03T05:37:38.990+0000] {logging_mixin.py:190} INFO - [2024-11-03T05:37:38.989+0000] {dagbag.py:588} INFO - Filling up the DagBag from /home/airflow/.local/lib/python3.12/site-packages/airflow/example_dags/example_dag_decorator.py
[2024-11-03T05:37:39.014+0000] {processor.py:925} INFO - DAG(s) 'example_dag_decorator' retrieved from /home/airflow/.local/lib/python3.12/site-packages/airflow/example_dags/example_dag_decorator.py
[2024-11-03T05:37:39.248+0000] {logging_mixin.py:190} INFO - [2024-11-03T05:37:39.247+0000] {dag.py:3239} INFO - Sync 1 DAGs
[2024-11-03T05:37:39.268+0000] {logging_mixin.py:190} INFO - [2024-11-03T05:37:39.268+0000] {dag.py:4180} INFO - Setting next_dagrun for example_dag_decorator to None, run_after=None
[2024-11-03T05:37:39.299+0000] {processor.py:208} INFO - Processing /home/airflow/.local/lib/python3.12/site-packages/airflow/example_dags/example_dag_decorator.py took 0.322 seconds
[2024-11-03T05:38:09.375+0000] {processor.py:186} INFO - Started process (PID=5224) to work on /home/airflow/.local/lib/python3.12/site-packages/airflow/example_dags/example_dag_decorator.py
[2024-11-03T05:38:09.376+0000] {processor.py:914} INFO - Processing file /home/airflow/.local/lib/python3.12/site-packages/airflow/example_dags/example_dag_decorator.py for tasks to queue
[2024-11-03T05:38:09.379+0000] {logging_mixin.py:190} INFO - [2024-11-03T05:38:09.378+0000] {dagbag.py:588} INFO - Filling up the DagBag from /home/airflow/.local/lib/python3.12/site-packages/airflow/example_dags/example_dag_decorator.py
[2024-11-03T05:38:09.390+0000] {processor.py:925} INFO - DAG(s) 'example_dag_decorator' retrieved from /home/airflow/.local/lib/python3.12/site-packages/airflow/example_dags/example_dag_decorator.py
[2024-11-03T05:38:09.521+0000] {logging_mixin.py:190} INFO - [2024-11-03T05:38:09.521+0000] {dag.py:3239} INFO - Sync 1 DAGs
[2024-11-03T05:38:09.536+0000] {logging_mixin.py:190} INFO - [2024-11-03T05:38:09.535+0000] {dag.py:4180} INFO - Setting next_dagrun for example_dag_decorator to None, run_after=None
[2024-11-03T05:38:09.557+0000] {processor.py:208} INFO - Processing /home/airflow/.local/lib/python3.12/site-packages/airflow/example_dags/example_dag_decorator.py took 0.188 seconds
[2024-11-03T05:38:40.177+0000] {processor.py:186} INFO - Started process (PID=5512) to work on /home/airflow/.local/lib/python3.12/site-packages/airflow/example_dags/example_dag_decorator.py
[2024-11-03T05:38:40.178+0000] {processor.py:914} INFO - Processing file /home/airflow/.local/lib/python3.12/site-packages/airflow/example_dags/example_dag_decorator.py for tasks to queue
[2024-11-03T05:38:40.181+0000] {logging_mixin.py:190} INFO - [2024-11-03T05:38:40.181+0000] {dagbag.py:588} INFO - Filling up the DagBag from /home/airflow/.local/lib/python3.12/site-packages/airflow/example_dags/example_dag_decorator.py
[2024-11-03T05:38:40.195+0000] {processor.py:925} INFO - DAG(s) 'example_dag_decorator' retrieved from /home/airflow/.local/lib/python3.12/site-packages/airflow/example_dags/example_dag_decorator.py
[2024-11-03T05:38:40.395+0000] {logging_mixin.py:190} INFO - [2024-11-03T05:38:40.395+0000] {dag.py:3239} INFO - Sync 1 DAGs
[2024-11-03T05:38:40.411+0000] {logging_mixin.py:190} INFO - [2024-11-03T05:38:40.411+0000] {dag.py:4180} INFO - Setting next_dagrun for example_dag_decorator to None, run_after=None
[2024-11-03T05:38:40.446+0000] {processor.py:208} INFO - Processing /home/airflow/.local/lib/python3.12/site-packages/airflow/example_dags/example_dag_decorator.py took 0.279 seconds
[2024-11-03T05:39:10.606+0000] {processor.py:186} INFO - Started process (PID=5803) to work on /home/airflow/.local/lib/python3.12/site-packages/airflow/example_dags/example_dag_decorator.py
[2024-11-03T05:39:10.607+0000] {processor.py:914} INFO - Processing file /home/airflow/.local/lib/python3.12/site-packages/airflow/example_dags/example_dag_decorator.py for tasks to queue
[2024-11-03T05:39:10.611+0000] {logging_mixin.py:190} INFO - [2024-11-03T05:39:10.610+0000] {dagbag.py:588} INFO - Filling up the DagBag from /home/airflow/.local/lib/python3.12/site-packages/airflow/example_dags/example_dag_decorator.py
[2024-11-03T05:39:10.624+0000] {processor.py:925} INFO - DAG(s) 'example_dag_decorator' retrieved from /home/airflow/.local/lib/python3.12/site-packages/airflow/example_dags/example_dag_decorator.py
[2024-11-03T05:39:10.762+0000] {logging_mixin.py:190} INFO - [2024-11-03T05:39:10.762+0000] {dag.py:3239} INFO - Sync 1 DAGs
[2024-11-03T05:39:10.777+0000] {logging_mixin.py:190} INFO - [2024-11-03T05:39:10.777+0000] {dag.py:4180} INFO - Setting next_dagrun for example_dag_decorator to None, run_after=None
[2024-11-03T05:39:10.801+0000] {processor.py:208} INFO - Processing /home/airflow/.local/lib/python3.12/site-packages/airflow/example_dags/example_dag_decorator.py took 0.204 seconds
[2024-11-03T05:39:41.158+0000] {processor.py:186} INFO - Started process (PID=6094) to work on /home/airflow/.local/lib/python3.12/site-packages/airflow/example_dags/example_dag_decorator.py
[2024-11-03T05:39:41.159+0000] {processor.py:914} INFO - Processing file /home/airflow/.local/lib/python3.12/site-packages/airflow/example_dags/example_dag_decorator.py for tasks to queue
[2024-11-03T05:39:41.162+0000] {logging_mixin.py:190} INFO - [2024-11-03T05:39:41.161+0000] {dagbag.py:588} INFO - Filling up the DagBag from /home/airflow/.local/lib/python3.12/site-packages/airflow/example_dags/example_dag_decorator.py
[2024-11-03T05:39:41.173+0000] {processor.py:925} INFO - DAG(s) 'example_dag_decorator' retrieved from /home/airflow/.local/lib/python3.12/site-packages/airflow/example_dags/example_dag_decorator.py
[2024-11-03T05:39:41.295+0000] {logging_mixin.py:190} INFO - [2024-11-03T05:39:41.294+0000] {dag.py:3239} INFO - Sync 1 DAGs
[2024-11-03T05:39:41.309+0000] {logging_mixin.py:190} INFO - [2024-11-03T05:39:41.309+0000] {dag.py:4180} INFO - Setting next_dagrun for example_dag_decorator to None, run_after=None
[2024-11-03T05:39:41.332+0000] {processor.py:208} INFO - Processing /home/airflow/.local/lib/python3.12/site-packages/airflow/example_dags/example_dag_decorator.py took 0.180 seconds
[2024-11-03T05:40:11.556+0000] {processor.py:186} INFO - Started process (PID=6385) to work on /home/airflow/.local/lib/python3.12/site-packages/airflow/example_dags/example_dag_decorator.py
[2024-11-03T05:40:11.558+0000] {processor.py:914} INFO - Processing file /home/airflow/.local/lib/python3.12/site-packages/airflow/example_dags/example_dag_decorator.py for tasks to queue
[2024-11-03T05:40:11.560+0000] {logging_mixin.py:190} INFO - [2024-11-03T05:40:11.560+0000] {dagbag.py:588} INFO - Filling up the DagBag from /home/airflow/.local/lib/python3.12/site-packages/airflow/example_dags/example_dag_decorator.py
[2024-11-03T05:40:11.573+0000] {processor.py:925} INFO - DAG(s) 'example_dag_decorator' retrieved from /home/airflow/.local/lib/python3.12/site-packages/airflow/example_dags/example_dag_decorator.py
[2024-11-03T05:40:11.729+0000] {logging_mixin.py:190} INFO - [2024-11-03T05:40:11.729+0000] {dag.py:3239} INFO - Sync 1 DAGs
[2024-11-03T05:40:11.745+0000] {logging_mixin.py:190} INFO - [2024-11-03T05:40:11.745+0000] {dag.py:4180} INFO - Setting next_dagrun for example_dag_decorator to None, run_after=None
[2024-11-03T05:40:11.769+0000] {processor.py:208} INFO - Processing /home/airflow/.local/lib/python3.12/site-packages/airflow/example_dags/example_dag_decorator.py took 0.220 seconds
[2024-11-03T05:40:42.009+0000] {processor.py:186} INFO - Started process (PID=6676) to work on /home/airflow/.local/lib/python3.12/site-packages/airflow/example_dags/example_dag_decorator.py
[2024-11-03T05:40:42.010+0000] {processor.py:914} INFO - Processing file /home/airflow/.local/lib/python3.12/site-packages/airflow/example_dags/example_dag_decorator.py for tasks to queue
[2024-11-03T05:40:42.015+0000] {logging_mixin.py:190} INFO - [2024-11-03T05:40:42.014+0000] {dagbag.py:588} INFO - Filling up the DagBag from /home/airflow/.local/lib/python3.12/site-packages/airflow/example_dags/example_dag_decorator.py
[2024-11-03T05:40:42.069+0000] {processor.py:925} INFO - DAG(s) 'example_dag_decorator' retrieved from /home/airflow/.local/lib/python3.12/site-packages/airflow/example_dags/example_dag_decorator.py
[2024-11-03T05:40:42.746+0000] {logging_mixin.py:190} INFO - [2024-11-03T05:40:42.746+0000] {dag.py:3239} INFO - Sync 1 DAGs
[2024-11-03T05:40:42.800+0000] {logging_mixin.py:190} INFO - [2024-11-03T05:40:42.799+0000] {dag.py:4180} INFO - Setting next_dagrun for example_dag_decorator to None, run_after=None
[2024-11-03T05:40:42.859+0000] {processor.py:208} INFO - Processing /home/airflow/.local/lib/python3.12/site-packages/airflow/example_dags/example_dag_decorator.py took 0.869 seconds
[2024-11-03T05:41:13.651+0000] {processor.py:186} INFO - Started process (PID=6972) to work on /home/airflow/.local/lib/python3.12/site-packages/airflow/example_dags/example_dag_decorator.py
[2024-11-03T05:41:13.652+0000] {processor.py:914} INFO - Processing file /home/airflow/.local/lib/python3.12/site-packages/airflow/example_dags/example_dag_decorator.py for tasks to queue
[2024-11-03T05:41:13.654+0000] {logging_mixin.py:190} INFO - [2024-11-03T05:41:13.654+0000] {dagbag.py:588} INFO - Filling up the DagBag from /home/airflow/.local/lib/python3.12/site-packages/airflow/example_dags/example_dag_decorator.py
[2024-11-03T05:41:13.665+0000] {processor.py:925} INFO - DAG(s) 'example_dag_decorator' retrieved from /home/airflow/.local/lib/python3.12/site-packages/airflow/example_dags/example_dag_decorator.py
[2024-11-03T05:41:13.794+0000] {logging_mixin.py:190} INFO - [2024-11-03T05:41:13.793+0000] {dag.py:3239} INFO - Sync 1 DAGs
[2024-11-03T05:41:13.808+0000] {logging_mixin.py:190} INFO - [2024-11-03T05:41:13.808+0000] {dag.py:4180} INFO - Setting next_dagrun for example_dag_decorator to None, run_after=None
[2024-11-03T05:41:13.832+0000] {processor.py:208} INFO - Processing /home/airflow/.local/lib/python3.12/site-packages/airflow/example_dags/example_dag_decorator.py took 0.187 seconds
[2024-11-03T05:41:44.315+0000] {processor.py:186} INFO - Started process (PID=7263) to work on /home/airflow/.local/lib/python3.12/site-packages/airflow/example_dags/example_dag_decorator.py
[2024-11-03T05:41:44.316+0000] {processor.py:914} INFO - Processing file /home/airflow/.local/lib/python3.12/site-packages/airflow/example_dags/example_dag_decorator.py for tasks to queue
[2024-11-03T05:41:44.319+0000] {logging_mixin.py:190} INFO - [2024-11-03T05:41:44.318+0000] {dagbag.py:588} INFO - Filling up the DagBag from /home/airflow/.local/lib/python3.12/site-packages/airflow/example_dags/example_dag_decorator.py
[2024-11-03T05:41:44.330+0000] {processor.py:925} INFO - DAG(s) 'example_dag_decorator' retrieved from /home/airflow/.local/lib/python3.12/site-packages/airflow/example_dags/example_dag_decorator.py
[2024-11-03T05:41:44.357+0000] {logging_mixin.py:190} INFO - [2024-11-03T05:41:44.357+0000] {dag.py:3239} INFO - Sync 1 DAGs
[2024-11-03T05:41:44.376+0000] {logging_mixin.py:190} INFO - [2024-11-03T05:41:44.376+0000] {dag.py:4180} INFO - Setting next_dagrun for example_dag_decorator to None, run_after=None
[2024-11-03T05:41:44.399+0000] {processor.py:208} INFO - Processing /home/airflow/.local/lib/python3.12/site-packages/airflow/example_dags/example_dag_decorator.py took 0.092 seconds
[2024-11-03T05:42:14.685+0000] {processor.py:186} INFO - Started process (PID=7554) to work on /home/airflow/.local/lib/python3.12/site-packages/airflow/example_dags/example_dag_decorator.py
[2024-11-03T05:42:14.686+0000] {processor.py:914} INFO - Processing file /home/airflow/.local/lib/python3.12/site-packages/airflow/example_dags/example_dag_decorator.py for tasks to queue
[2024-11-03T05:42:14.689+0000] {logging_mixin.py:190} INFO - [2024-11-03T05:42:14.688+0000] {dagbag.py:588} INFO - Filling up the DagBag from /home/airflow/.local/lib/python3.12/site-packages/airflow/example_dags/example_dag_decorator.py
[2024-11-03T05:42:14.700+0000] {processor.py:925} INFO - DAG(s) 'example_dag_decorator' retrieved from /home/airflow/.local/lib/python3.12/site-packages/airflow/example_dags/example_dag_decorator.py
[2024-11-03T05:42:14.824+0000] {logging_mixin.py:190} INFO - [2024-11-03T05:42:14.824+0000] {dag.py:3239} INFO - Sync 1 DAGs
[2024-11-03T05:42:14.838+0000] {logging_mixin.py:190} INFO - [2024-11-03T05:42:14.838+0000] {dag.py:4180} INFO - Setting next_dagrun for example_dag_decorator to None, run_after=None
[2024-11-03T05:42:14.872+0000] {processor.py:208} INFO - Processing /home/airflow/.local/lib/python3.12/site-packages/airflow/example_dags/example_dag_decorator.py took 0.193 seconds
[2024-11-03T05:42:45.280+0000] {processor.py:186} INFO - Started process (PID=7846) to work on /home/airflow/.local/lib/python3.12/site-packages/airflow/example_dags/example_dag_decorator.py
[2024-11-03T05:42:45.281+0000] {processor.py:914} INFO - Processing file /home/airflow/.local/lib/python3.12/site-packages/airflow/example_dags/example_dag_decorator.py for tasks to queue
[2024-11-03T05:42:45.284+0000] {logging_mixin.py:190} INFO - [2024-11-03T05:42:45.284+0000] {dagbag.py:588} INFO - Filling up the DagBag from /home/airflow/.local/lib/python3.12/site-packages/airflow/example_dags/example_dag_decorator.py
[2024-11-03T05:42:45.302+0000] {processor.py:925} INFO - DAG(s) 'example_dag_decorator' retrieved from /home/airflow/.local/lib/python3.12/site-packages/airflow/example_dags/example_dag_decorator.py
[2024-11-03T05:42:45.520+0000] {logging_mixin.py:190} INFO - [2024-11-03T05:42:45.519+0000] {dag.py:3239} INFO - Sync 1 DAGs
[2024-11-03T05:42:45.534+0000] {logging_mixin.py:190} INFO - [2024-11-03T05:42:45.534+0000] {dag.py:4180} INFO - Setting next_dagrun for example_dag_decorator to None, run_after=None
[2024-11-03T05:42:45.558+0000] {processor.py:208} INFO - Processing /home/airflow/.local/lib/python3.12/site-packages/airflow/example_dags/example_dag_decorator.py took 0.289 seconds
[2024-11-03T05:43:16.231+0000] {processor.py:186} INFO - Started process (PID=8137) to work on /home/airflow/.local/lib/python3.12/site-packages/airflow/example_dags/example_dag_decorator.py
[2024-11-03T05:43:16.233+0000] {processor.py:914} INFO - Processing file /home/airflow/.local/lib/python3.12/site-packages/airflow/example_dags/example_dag_decorator.py for tasks to queue
[2024-11-03T05:43:16.237+0000] {logging_mixin.py:190} INFO - [2024-11-03T05:43:16.236+0000] {dagbag.py:588} INFO - Filling up the DagBag from /home/airflow/.local/lib/python3.12/site-packages/airflow/example_dags/example_dag_decorator.py
[2024-11-03T05:43:16.251+0000] {processor.py:925} INFO - DAG(s) 'example_dag_decorator' retrieved from /home/airflow/.local/lib/python3.12/site-packages/airflow/example_dags/example_dag_decorator.py
[2024-11-03T05:43:16.392+0000] {logging_mixin.py:190} INFO - [2024-11-03T05:43:16.391+0000] {dag.py:3239} INFO - Sync 1 DAGs
[2024-11-03T05:43:16.405+0000] {logging_mixin.py:190} INFO - [2024-11-03T05:43:16.405+0000] {dag.py:4180} INFO - Setting next_dagrun for example_dag_decorator to None, run_after=None
[2024-11-03T05:43:16.428+0000] {processor.py:208} INFO - Processing /home/airflow/.local/lib/python3.12/site-packages/airflow/example_dags/example_dag_decorator.py took 0.206 seconds
[2024-11-03T05:43:46.581+0000] {processor.py:186} INFO - Started process (PID=8428) to work on /home/airflow/.local/lib/python3.12/site-packages/airflow/example_dags/example_dag_decorator.py
[2024-11-03T05:43:46.582+0000] {processor.py:914} INFO - Processing file /home/airflow/.local/lib/python3.12/site-packages/airflow/example_dags/example_dag_decorator.py for tasks to queue
[2024-11-03T05:43:46.584+0000] {logging_mixin.py:190} INFO - [2024-11-03T05:43:46.584+0000] {dagbag.py:588} INFO - Filling up the DagBag from /home/airflow/.local/lib/python3.12/site-packages/airflow/example_dags/example_dag_decorator.py
[2024-11-03T05:43:46.595+0000] {processor.py:925} INFO - DAG(s) 'example_dag_decorator' retrieved from /home/airflow/.local/lib/python3.12/site-packages/airflow/example_dags/example_dag_decorator.py
[2024-11-03T05:43:46.721+0000] {logging_mixin.py:190} INFO - [2024-11-03T05:43:46.721+0000] {dag.py:3239} INFO - Sync 1 DAGs
[2024-11-03T05:43:46.737+0000] {logging_mixin.py:190} INFO - [2024-11-03T05:43:46.737+0000] {dag.py:4180} INFO - Setting next_dagrun for example_dag_decorator to None, run_after=None
[2024-11-03T05:43:46.760+0000] {processor.py:208} INFO - Processing /home/airflow/.local/lib/python3.12/site-packages/airflow/example_dags/example_dag_decorator.py took 0.185 seconds
[2024-11-03T05:44:16.930+0000] {processor.py:186} INFO - Started process (PID=8719) to work on /home/airflow/.local/lib/python3.12/site-packages/airflow/example_dags/example_dag_decorator.py
[2024-11-03T05:44:16.931+0000] {processor.py:914} INFO - Processing file /home/airflow/.local/lib/python3.12/site-packages/airflow/example_dags/example_dag_decorator.py for tasks to queue
[2024-11-03T05:44:16.934+0000] {logging_mixin.py:190} INFO - [2024-11-03T05:44:16.933+0000] {dagbag.py:588} INFO - Filling up the DagBag from /home/airflow/.local/lib/python3.12/site-packages/airflow/example_dags/example_dag_decorator.py
[2024-11-03T05:44:16.947+0000] {processor.py:925} INFO - DAG(s) 'example_dag_decorator' retrieved from /home/airflow/.local/lib/python3.12/site-packages/airflow/example_dags/example_dag_decorator.py
[2024-11-03T05:44:16.975+0000] {logging_mixin.py:190} INFO - [2024-11-03T05:44:16.974+0000] {dag.py:3239} INFO - Sync 1 DAGs
[2024-11-03T05:44:16.990+0000] {logging_mixin.py:190} INFO - [2024-11-03T05:44:16.990+0000] {dag.py:4180} INFO - Setting next_dagrun for example_dag_decorator to None, run_after=None
[2024-11-03T05:44:17.013+0000] {processor.py:208} INFO - Processing /home/airflow/.local/lib/python3.12/site-packages/airflow/example_dags/example_dag_decorator.py took 0.088 seconds
[2024-11-03T05:44:47.267+0000] {processor.py:186} INFO - Started process (PID=9010) to work on /home/airflow/.local/lib/python3.12/site-packages/airflow/example_dags/example_dag_decorator.py
[2024-11-03T05:44:47.268+0000] {processor.py:914} INFO - Processing file /home/airflow/.local/lib/python3.12/site-packages/airflow/example_dags/example_dag_decorator.py for tasks to queue
[2024-11-03T05:44:47.270+0000] {logging_mixin.py:190} INFO - [2024-11-03T05:44:47.270+0000] {dagbag.py:588} INFO - Filling up the DagBag from /home/airflow/.local/lib/python3.12/site-packages/airflow/example_dags/example_dag_decorator.py
[2024-11-03T05:44:47.281+0000] {processor.py:925} INFO - DAG(s) 'example_dag_decorator' retrieved from /home/airflow/.local/lib/python3.12/site-packages/airflow/example_dags/example_dag_decorator.py
[2024-11-03T05:44:47.403+0000] {logging_mixin.py:190} INFO - [2024-11-03T05:44:47.403+0000] {dag.py:3239} INFO - Sync 1 DAGs
[2024-11-03T05:44:47.417+0000] {logging_mixin.py:190} INFO - [2024-11-03T05:44:47.417+0000] {dag.py:4180} INFO - Setting next_dagrun for example_dag_decorator to None, run_after=None
[2024-11-03T05:44:47.438+0000] {processor.py:208} INFO - Processing /home/airflow/.local/lib/python3.12/site-packages/airflow/example_dags/example_dag_decorator.py took 0.177 seconds
[2024-11-03T05:45:17.484+0000] {processor.py:186} INFO - Started process (PID=9301) to work on /home/airflow/.local/lib/python3.12/site-packages/airflow/example_dags/example_dag_decorator.py
[2024-11-03T05:45:17.485+0000] {processor.py:914} INFO - Processing file /home/airflow/.local/lib/python3.12/site-packages/airflow/example_dags/example_dag_decorator.py for tasks to queue
[2024-11-03T05:45:17.488+0000] {logging_mixin.py:190} INFO - [2024-11-03T05:45:17.487+0000] {dagbag.py:588} INFO - Filling up the DagBag from /home/airflow/.local/lib/python3.12/site-packages/airflow/example_dags/example_dag_decorator.py
[2024-11-03T05:45:17.500+0000] {processor.py:925} INFO - DAG(s) 'example_dag_decorator' retrieved from /home/airflow/.local/lib/python3.12/site-packages/airflow/example_dags/example_dag_decorator.py
[2024-11-03T05:45:17.627+0000] {logging_mixin.py:190} INFO - [2024-11-03T05:45:17.627+0000] {dag.py:3239} INFO - Sync 1 DAGs
[2024-11-03T05:45:17.640+0000] {logging_mixin.py:190} INFO - [2024-11-03T05:45:17.640+0000] {dag.py:4180} INFO - Setting next_dagrun for example_dag_decorator to None, run_after=None
[2024-11-03T05:45:17.663+0000] {processor.py:208} INFO - Processing /home/airflow/.local/lib/python3.12/site-packages/airflow/example_dags/example_dag_decorator.py took 0.185 seconds
[2024-11-03T05:45:47.810+0000] {processor.py:186} INFO - Started process (PID=9592) to work on /home/airflow/.local/lib/python3.12/site-packages/airflow/example_dags/example_dag_decorator.py
[2024-11-03T05:45:47.811+0000] {processor.py:914} INFO - Processing file /home/airflow/.local/lib/python3.12/site-packages/airflow/example_dags/example_dag_decorator.py for tasks to queue
[2024-11-03T05:45:47.814+0000] {logging_mixin.py:190} INFO - [2024-11-03T05:45:47.813+0000] {dagbag.py:588} INFO - Filling up the DagBag from /home/airflow/.local/lib/python3.12/site-packages/airflow/example_dags/example_dag_decorator.py
[2024-11-03T05:45:47.825+0000] {processor.py:925} INFO - DAG(s) 'example_dag_decorator' retrieved from /home/airflow/.local/lib/python3.12/site-packages/airflow/example_dags/example_dag_decorator.py
[2024-11-03T05:45:47.852+0000] {logging_mixin.py:190} INFO - [2024-11-03T05:45:47.852+0000] {dag.py:3239} INFO - Sync 1 DAGs
[2024-11-03T05:45:47.868+0000] {logging_mixin.py:190} INFO - [2024-11-03T05:45:47.868+0000] {dag.py:4180} INFO - Setting next_dagrun for example_dag_decorator to None, run_after=None
[2024-11-03T05:45:47.892+0000] {processor.py:208} INFO - Processing /home/airflow/.local/lib/python3.12/site-packages/airflow/example_dags/example_dag_decorator.py took 0.088 seconds
[2024-11-03T05:46:18.805+0000] {processor.py:186} INFO - Started process (PID=9883) to work on /home/airflow/.local/lib/python3.12/site-packages/airflow/example_dags/example_dag_decorator.py
[2024-11-03T05:46:18.806+0000] {processor.py:914} INFO - Processing file /home/airflow/.local/lib/python3.12/site-packages/airflow/example_dags/example_dag_decorator.py for tasks to queue
[2024-11-03T05:46:18.809+0000] {logging_mixin.py:190} INFO - [2024-11-03T05:46:18.809+0000] {dagbag.py:588} INFO - Filling up the DagBag from /home/airflow/.local/lib/python3.12/site-packages/airflow/example_dags/example_dag_decorator.py
[2024-11-03T05:46:18.824+0000] {processor.py:925} INFO - DAG(s) 'example_dag_decorator' retrieved from /home/airflow/.local/lib/python3.12/site-packages/airflow/example_dags/example_dag_decorator.py
[2024-11-03T05:46:18.984+0000] {logging_mixin.py:190} INFO - [2024-11-03T05:46:18.983+0000] {dag.py:3239} INFO - Sync 1 DAGs
[2024-11-03T05:46:19.005+0000] {logging_mixin.py:190} INFO - [2024-11-03T05:46:19.004+0000] {dag.py:4180} INFO - Setting next_dagrun for example_dag_decorator to None, run_after=None
[2024-11-03T05:46:19.032+0000] {processor.py:208} INFO - Processing /home/airflow/.local/lib/python3.12/site-packages/airflow/example_dags/example_dag_decorator.py took 0.234 seconds
[2024-11-03T05:46:49.147+0000] {processor.py:186} INFO - Started process (PID=10174) to work on /home/airflow/.local/lib/python3.12/site-packages/airflow/example_dags/example_dag_decorator.py
[2024-11-03T05:46:49.149+0000] {processor.py:914} INFO - Processing file /home/airflow/.local/lib/python3.12/site-packages/airflow/example_dags/example_dag_decorator.py for tasks to queue
[2024-11-03T05:46:49.154+0000] {logging_mixin.py:190} INFO - [2024-11-03T05:46:49.154+0000] {dagbag.py:588} INFO - Filling up the DagBag from /home/airflow/.local/lib/python3.12/site-packages/airflow/example_dags/example_dag_decorator.py
[2024-11-03T05:46:49.171+0000] {processor.py:925} INFO - DAG(s) 'example_dag_decorator' retrieved from /home/airflow/.local/lib/python3.12/site-packages/airflow/example_dags/example_dag_decorator.py
[2024-11-03T05:46:49.340+0000] {logging_mixin.py:190} INFO - [2024-11-03T05:46:49.340+0000] {dag.py:3239} INFO - Sync 1 DAGs
[2024-11-03T05:46:49.353+0000] {logging_mixin.py:190} INFO - [2024-11-03T05:46:49.353+0000] {dag.py:4180} INFO - Setting next_dagrun for example_dag_decorator to None, run_after=None
[2024-11-03T05:46:49.375+0000] {processor.py:208} INFO - Processing /home/airflow/.local/lib/python3.12/site-packages/airflow/example_dags/example_dag_decorator.py took 0.234 seconds
[2024-11-03T05:47:19.451+0000] {processor.py:186} INFO - Started process (PID=10471) to work on /home/airflow/.local/lib/python3.12/site-packages/airflow/example_dags/example_dag_decorator.py
[2024-11-03T05:47:19.452+0000] {processor.py:914} INFO - Processing file /home/airflow/.local/lib/python3.12/site-packages/airflow/example_dags/example_dag_decorator.py for tasks to queue
[2024-11-03T05:47:19.455+0000] {logging_mixin.py:190} INFO - [2024-11-03T05:47:19.454+0000] {dagbag.py:588} INFO - Filling up the DagBag from /home/airflow/.local/lib/python3.12/site-packages/airflow/example_dags/example_dag_decorator.py
[2024-11-03T05:47:19.467+0000] {processor.py:925} INFO - DAG(s) 'example_dag_decorator' retrieved from /home/airflow/.local/lib/python3.12/site-packages/airflow/example_dags/example_dag_decorator.py
[2024-11-03T05:47:19.614+0000] {logging_mixin.py:190} INFO - [2024-11-03T05:47:19.614+0000] {dag.py:3239} INFO - Sync 1 DAGs
[2024-11-03T05:47:19.629+0000] {logging_mixin.py:190} INFO - [2024-11-03T05:47:19.628+0000] {dag.py:4180} INFO - Setting next_dagrun for example_dag_decorator to None, run_after=None
[2024-11-03T05:47:19.651+0000] {processor.py:208} INFO - Processing /home/airflow/.local/lib/python3.12/site-packages/airflow/example_dags/example_dag_decorator.py took 0.205 seconds
[2024-11-03T05:47:49.939+0000] {processor.py:186} INFO - Started process (PID=10762) to work on /home/airflow/.local/lib/python3.12/site-packages/airflow/example_dags/example_dag_decorator.py
[2024-11-03T05:47:49.940+0000] {processor.py:914} INFO - Processing file /home/airflow/.local/lib/python3.12/site-packages/airflow/example_dags/example_dag_decorator.py for tasks to queue
[2024-11-03T05:47:49.943+0000] {logging_mixin.py:190} INFO - [2024-11-03T05:47:49.943+0000] {dagbag.py:588} INFO - Filling up the DagBag from /home/airflow/.local/lib/python3.12/site-packages/airflow/example_dags/example_dag_decorator.py
[2024-11-03T05:47:49.954+0000] {processor.py:925} INFO - DAG(s) 'example_dag_decorator' retrieved from /home/airflow/.local/lib/python3.12/site-packages/airflow/example_dags/example_dag_decorator.py
[2024-11-03T05:47:50.074+0000] {logging_mixin.py:190} INFO - [2024-11-03T05:47:50.074+0000] {dag.py:3239} INFO - Sync 1 DAGs
[2024-11-03T05:47:50.087+0000] {logging_mixin.py:190} INFO - [2024-11-03T05:47:50.087+0000] {dag.py:4180} INFO - Setting next_dagrun for example_dag_decorator to None, run_after=None
[2024-11-03T05:47:50.117+0000] {processor.py:208} INFO - Processing /home/airflow/.local/lib/python3.12/site-packages/airflow/example_dags/example_dag_decorator.py took 0.184 seconds
[2024-11-03T05:48:20.403+0000] {processor.py:186} INFO - Started process (PID=11053) to work on /home/airflow/.local/lib/python3.12/site-packages/airflow/example_dags/example_dag_decorator.py
[2024-11-03T05:48:20.404+0000] {processor.py:914} INFO - Processing file /home/airflow/.local/lib/python3.12/site-packages/airflow/example_dags/example_dag_decorator.py for tasks to queue
[2024-11-03T05:48:20.408+0000] {logging_mixin.py:190} INFO - [2024-11-03T05:48:20.407+0000] {dagbag.py:588} INFO - Filling up the DagBag from /home/airflow/.local/lib/python3.12/site-packages/airflow/example_dags/example_dag_decorator.py
[2024-11-03T05:48:20.420+0000] {processor.py:925} INFO - DAG(s) 'example_dag_decorator' retrieved from /home/airflow/.local/lib/python3.12/site-packages/airflow/example_dags/example_dag_decorator.py
[2024-11-03T05:48:20.550+0000] {logging_mixin.py:190} INFO - [2024-11-03T05:48:20.550+0000] {dag.py:3239} INFO - Sync 1 DAGs
[2024-11-03T05:48:20.564+0000] {logging_mixin.py:190} INFO - [2024-11-03T05:48:20.563+0000] {dag.py:4180} INFO - Setting next_dagrun for example_dag_decorator to None, run_after=None
[2024-11-03T05:48:20.586+0000] {processor.py:208} INFO - Processing /home/airflow/.local/lib/python3.12/site-packages/airflow/example_dags/example_dag_decorator.py took 0.189 seconds
[2024-11-03T05:48:50.809+0000] {processor.py:186} INFO - Started process (PID=11342) to work on /home/airflow/.local/lib/python3.12/site-packages/airflow/example_dags/example_dag_decorator.py
[2024-11-03T05:48:50.810+0000] {processor.py:914} INFO - Processing file /home/airflow/.local/lib/python3.12/site-packages/airflow/example_dags/example_dag_decorator.py for tasks to queue
[2024-11-03T05:48:50.814+0000] {logging_mixin.py:190} INFO - [2024-11-03T05:48:50.813+0000] {dagbag.py:588} INFO - Filling up the DagBag from /home/airflow/.local/lib/python3.12/site-packages/airflow/example_dags/example_dag_decorator.py
[2024-11-03T05:48:50.830+0000] {processor.py:925} INFO - DAG(s) 'example_dag_decorator' retrieved from /home/airflow/.local/lib/python3.12/site-packages/airflow/example_dags/example_dag_decorator.py
[2024-11-03T05:48:51.005+0000] {logging_mixin.py:190} INFO - [2024-11-03T05:48:51.004+0000] {dag.py:3239} INFO - Sync 1 DAGs
[2024-11-03T05:48:51.023+0000] {logging_mixin.py:190} INFO - [2024-11-03T05:48:51.022+0000] {dag.py:4180} INFO - Setting next_dagrun for example_dag_decorator to None, run_after=None
[2024-11-03T05:48:51.049+0000] {processor.py:208} INFO - Processing /home/airflow/.local/lib/python3.12/site-packages/airflow/example_dags/example_dag_decorator.py took 0.250 seconds
[2024-11-03T05:49:21.640+0000] {processor.py:186} INFO - Started process (PID=11623) to work on /home/airflow/.local/lib/python3.12/site-packages/airflow/example_dags/example_dag_decorator.py
[2024-11-03T05:49:21.642+0000] {processor.py:914} INFO - Processing file /home/airflow/.local/lib/python3.12/site-packages/airflow/example_dags/example_dag_decorator.py for tasks to queue
[2024-11-03T05:49:21.646+0000] {logging_mixin.py:190} INFO - [2024-11-03T05:49:21.645+0000] {dagbag.py:588} INFO - Filling up the DagBag from /home/airflow/.local/lib/python3.12/site-packages/airflow/example_dags/example_dag_decorator.py
[2024-11-03T05:49:21.662+0000] {processor.py:925} INFO - DAG(s) 'example_dag_decorator' retrieved from /home/airflow/.local/lib/python3.12/site-packages/airflow/example_dags/example_dag_decorator.py
[2024-11-03T05:49:21.803+0000] {logging_mixin.py:190} INFO - [2024-11-03T05:49:21.803+0000] {dag.py:3239} INFO - Sync 1 DAGs
[2024-11-03T05:49:21.822+0000] {logging_mixin.py:190} INFO - [2024-11-03T05:49:21.822+0000] {dag.py:4180} INFO - Setting next_dagrun for example_dag_decorator to None, run_after=None
[2024-11-03T05:49:21.847+0000] {processor.py:208} INFO - Processing /home/airflow/.local/lib/python3.12/site-packages/airflow/example_dags/example_dag_decorator.py took 0.218 seconds
[2024-11-03T05:49:52.063+0000] {processor.py:186} INFO - Started process (PID=11914) to work on /home/airflow/.local/lib/python3.12/site-packages/airflow/example_dags/example_dag_decorator.py
[2024-11-03T05:49:52.064+0000] {processor.py:914} INFO - Processing file /home/airflow/.local/lib/python3.12/site-packages/airflow/example_dags/example_dag_decorator.py for tasks to queue
[2024-11-03T05:49:52.067+0000] {logging_mixin.py:190} INFO - [2024-11-03T05:49:52.066+0000] {dagbag.py:588} INFO - Filling up the DagBag from /home/airflow/.local/lib/python3.12/site-packages/airflow/example_dags/example_dag_decorator.py
[2024-11-03T05:49:52.079+0000] {processor.py:925} INFO - DAG(s) 'example_dag_decorator' retrieved from /home/airflow/.local/lib/python3.12/site-packages/airflow/example_dags/example_dag_decorator.py
[2024-11-03T05:49:52.209+0000] {logging_mixin.py:190} INFO - [2024-11-03T05:49:52.209+0000] {dag.py:3239} INFO - Sync 1 DAGs
[2024-11-03T05:49:52.222+0000] {logging_mixin.py:190} INFO - [2024-11-03T05:49:52.222+0000] {dag.py:4180} INFO - Setting next_dagrun for example_dag_decorator to None, run_after=None
[2024-11-03T05:49:52.247+0000] {processor.py:208} INFO - Processing /home/airflow/.local/lib/python3.12/site-packages/airflow/example_dags/example_dag_decorator.py took 0.191 seconds
[2024-11-03T05:50:22.629+0000] {processor.py:186} INFO - Started process (PID=12205) to work on /home/airflow/.local/lib/python3.12/site-packages/airflow/example_dags/example_dag_decorator.py
[2024-11-03T05:50:22.630+0000] {processor.py:914} INFO - Processing file /home/airflow/.local/lib/python3.12/site-packages/airflow/example_dags/example_dag_decorator.py for tasks to queue
[2024-11-03T05:50:22.633+0000] {logging_mixin.py:190} INFO - [2024-11-03T05:50:22.632+0000] {dagbag.py:588} INFO - Filling up the DagBag from /home/airflow/.local/lib/python3.12/site-packages/airflow/example_dags/example_dag_decorator.py
[2024-11-03T05:50:22.644+0000] {processor.py:925} INFO - DAG(s) 'example_dag_decorator' retrieved from /home/airflow/.local/lib/python3.12/site-packages/airflow/example_dags/example_dag_decorator.py
[2024-11-03T05:50:22.767+0000] {logging_mixin.py:190} INFO - [2024-11-03T05:50:22.766+0000] {dag.py:3239} INFO - Sync 1 DAGs
[2024-11-03T05:50:22.779+0000] {logging_mixin.py:190} INFO - [2024-11-03T05:50:22.779+0000] {dag.py:4180} INFO - Setting next_dagrun for example_dag_decorator to None, run_after=None
[2024-11-03T05:50:22.808+0000] {processor.py:208} INFO - Processing /home/airflow/.local/lib/python3.12/site-packages/airflow/example_dags/example_dag_decorator.py took 0.185 seconds
[2024-11-03T05:50:53.134+0000] {processor.py:186} INFO - Started process (PID=12498) to work on /home/airflow/.local/lib/python3.12/site-packages/airflow/example_dags/example_dag_decorator.py
[2024-11-03T05:50:53.135+0000] {processor.py:914} INFO - Processing file /home/airflow/.local/lib/python3.12/site-packages/airflow/example_dags/example_dag_decorator.py for tasks to queue
[2024-11-03T05:50:53.138+0000] {logging_mixin.py:190} INFO - [2024-11-03T05:50:53.137+0000] {dagbag.py:588} INFO - Filling up the DagBag from /home/airflow/.local/lib/python3.12/site-packages/airflow/example_dags/example_dag_decorator.py
[2024-11-03T05:50:53.149+0000] {processor.py:925} INFO - DAG(s) 'example_dag_decorator' retrieved from /home/airflow/.local/lib/python3.12/site-packages/airflow/example_dags/example_dag_decorator.py
[2024-11-03T05:50:53.272+0000] {logging_mixin.py:190} INFO - [2024-11-03T05:50:53.272+0000] {dag.py:3239} INFO - Sync 1 DAGs
[2024-11-03T05:50:53.285+0000] {logging_mixin.py:190} INFO - [2024-11-03T05:50:53.285+0000] {dag.py:4180} INFO - Setting next_dagrun for example_dag_decorator to None, run_after=None
[2024-11-03T05:50:53.309+0000] {processor.py:208} INFO - Processing /home/airflow/.local/lib/python3.12/site-packages/airflow/example_dags/example_dag_decorator.py took 0.181 seconds
[2024-11-03T05:52:51.264+0000] {processor.py:186} INFO - Started process (PID=247) to work on /home/airflow/.local/lib/python3.12/site-packages/airflow/example_dags/example_dag_decorator.py
[2024-11-03T05:52:51.265+0000] {processor.py:914} INFO - Processing file /home/airflow/.local/lib/python3.12/site-packages/airflow/example_dags/example_dag_decorator.py for tasks to queue
[2024-11-03T05:52:51.269+0000] {logging_mixin.py:190} INFO - [2024-11-03T05:52:51.269+0000] {dagbag.py:588} INFO - Filling up the DagBag from /home/airflow/.local/lib/python3.12/site-packages/airflow/example_dags/example_dag_decorator.py
[2024-11-03T05:52:51.289+0000] {processor.py:925} INFO - DAG(s) 'example_dag_decorator' retrieved from /home/airflow/.local/lib/python3.12/site-packages/airflow/example_dags/example_dag_decorator.py
[2024-11-03T05:52:51.500+0000] {logging_mixin.py:190} INFO - [2024-11-03T05:52:51.499+0000] {dag.py:3239} INFO - Sync 1 DAGs
[2024-11-03T05:52:51.524+0000] {logging_mixin.py:190} INFO - [2024-11-03T05:52:51.523+0000] {dag.py:4180} INFO - Setting next_dagrun for example_dag_decorator to None, run_after=None
[2024-11-03T05:52:51.553+0000] {processor.py:208} INFO - Processing /home/airflow/.local/lib/python3.12/site-packages/airflow/example_dags/example_dag_decorator.py took 0.300 seconds
[2024-11-03T05:53:22.406+0000] {processor.py:186} INFO - Started process (PID=540) to work on /home/airflow/.local/lib/python3.12/site-packages/airflow/example_dags/example_dag_decorator.py
[2024-11-03T05:53:22.407+0000] {processor.py:914} INFO - Processing file /home/airflow/.local/lib/python3.12/site-packages/airflow/example_dags/example_dag_decorator.py for tasks to queue
[2024-11-03T05:53:22.410+0000] {logging_mixin.py:190} INFO - [2024-11-03T05:53:22.410+0000] {dagbag.py:588} INFO - Filling up the DagBag from /home/airflow/.local/lib/python3.12/site-packages/airflow/example_dags/example_dag_decorator.py
[2024-11-03T05:53:22.421+0000] {processor.py:925} INFO - DAG(s) 'example_dag_decorator' retrieved from /home/airflow/.local/lib/python3.12/site-packages/airflow/example_dags/example_dag_decorator.py
[2024-11-03T05:53:22.445+0000] {logging_mixin.py:190} INFO - [2024-11-03T05:53:22.445+0000] {dag.py:3239} INFO - Sync 1 DAGs
[2024-11-03T05:53:22.461+0000] {logging_mixin.py:190} INFO - [2024-11-03T05:53:22.461+0000] {dag.py:4180} INFO - Setting next_dagrun for example_dag_decorator to None, run_after=None
[2024-11-03T05:53:22.486+0000] {processor.py:208} INFO - Processing /home/airflow/.local/lib/python3.12/site-packages/airflow/example_dags/example_dag_decorator.py took 0.086 seconds
[2024-11-03T05:53:52.970+0000] {processor.py:186} INFO - Started process (PID=831) to work on /home/airflow/.local/lib/python3.12/site-packages/airflow/example_dags/example_dag_decorator.py
[2024-11-03T05:53:52.971+0000] {processor.py:914} INFO - Processing file /home/airflow/.local/lib/python3.12/site-packages/airflow/example_dags/example_dag_decorator.py for tasks to queue
[2024-11-03T05:53:52.973+0000] {logging_mixin.py:190} INFO - [2024-11-03T05:53:52.973+0000] {dagbag.py:588} INFO - Filling up the DagBag from /home/airflow/.local/lib/python3.12/site-packages/airflow/example_dags/example_dag_decorator.py
[2024-11-03T05:53:52.984+0000] {processor.py:925} INFO - DAG(s) 'example_dag_decorator' retrieved from /home/airflow/.local/lib/python3.12/site-packages/airflow/example_dags/example_dag_decorator.py
[2024-11-03T05:53:53.009+0000] {logging_mixin.py:190} INFO - [2024-11-03T05:53:53.009+0000] {dag.py:3239} INFO - Sync 1 DAGs
[2024-11-03T05:53:53.025+0000] {logging_mixin.py:190} INFO - [2024-11-03T05:53:53.024+0000] {dag.py:4180} INFO - Setting next_dagrun for example_dag_decorator to None, run_after=None
[2024-11-03T05:53:53.049+0000] {processor.py:208} INFO - Processing /home/airflow/.local/lib/python3.12/site-packages/airflow/example_dags/example_dag_decorator.py took 0.085 seconds
[2024-11-03T05:54:23.371+0000] {processor.py:186} INFO - Started process (PID=1122) to work on /home/airflow/.local/lib/python3.12/site-packages/airflow/example_dags/example_dag_decorator.py
[2024-11-03T05:54:23.373+0000] {processor.py:914} INFO - Processing file /home/airflow/.local/lib/python3.12/site-packages/airflow/example_dags/example_dag_decorator.py for tasks to queue
[2024-11-03T05:54:23.380+0000] {logging_mixin.py:190} INFO - [2024-11-03T05:54:23.379+0000] {dagbag.py:588} INFO - Filling up the DagBag from /home/airflow/.local/lib/python3.12/site-packages/airflow/example_dags/example_dag_decorator.py
[2024-11-03T05:54:23.405+0000] {processor.py:925} INFO - DAG(s) 'example_dag_decorator' retrieved from /home/airflow/.local/lib/python3.12/site-packages/airflow/example_dags/example_dag_decorator.py
[2024-11-03T05:54:23.604+0000] {logging_mixin.py:190} INFO - [2024-11-03T05:54:23.603+0000] {dag.py:3239} INFO - Sync 1 DAGs
[2024-11-03T05:54:23.620+0000] {logging_mixin.py:190} INFO - [2024-11-03T05:54:23.620+0000] {dag.py:4180} INFO - Setting next_dagrun for example_dag_decorator to None, run_after=None
[2024-11-03T05:54:23.640+0000] {processor.py:208} INFO - Processing /home/airflow/.local/lib/python3.12/site-packages/airflow/example_dags/example_dag_decorator.py took 0.278 seconds
[2024-11-03T05:54:53.724+0000] {processor.py:186} INFO - Started process (PID=1418) to work on /home/airflow/.local/lib/python3.12/site-packages/airflow/example_dags/example_dag_decorator.py
[2024-11-03T05:54:53.725+0000] {processor.py:914} INFO - Processing file /home/airflow/.local/lib/python3.12/site-packages/airflow/example_dags/example_dag_decorator.py for tasks to queue
[2024-11-03T05:54:53.727+0000] {logging_mixin.py:190} INFO - [2024-11-03T05:54:53.727+0000] {dagbag.py:588} INFO - Filling up the DagBag from /home/airflow/.local/lib/python3.12/site-packages/airflow/example_dags/example_dag_decorator.py
[2024-11-03T05:54:53.739+0000] {processor.py:925} INFO - DAG(s) 'example_dag_decorator' retrieved from /home/airflow/.local/lib/python3.12/site-packages/airflow/example_dags/example_dag_decorator.py
[2024-11-03T05:54:53.867+0000] {logging_mixin.py:190} INFO - [2024-11-03T05:54:53.867+0000] {dag.py:3239} INFO - Sync 1 DAGs
[2024-11-03T05:54:53.884+0000] {logging_mixin.py:190} INFO - [2024-11-03T05:54:53.883+0000] {dag.py:4180} INFO - Setting next_dagrun for example_dag_decorator to None, run_after=None
[2024-11-03T05:54:53.908+0000] {processor.py:208} INFO - Processing /home/airflow/.local/lib/python3.12/site-packages/airflow/example_dags/example_dag_decorator.py took 0.191 seconds
[2024-11-03T05:57:15.912+0000] {processor.py:186} INFO - Started process (PID=247) to work on /home/airflow/.local/lib/python3.12/site-packages/airflow/example_dags/example_dag_decorator.py
[2024-11-03T05:57:15.913+0000] {processor.py:914} INFO - Processing file /home/airflow/.local/lib/python3.12/site-packages/airflow/example_dags/example_dag_decorator.py for tasks to queue
[2024-11-03T05:57:15.916+0000] {logging_mixin.py:190} INFO - [2024-11-03T05:57:15.916+0000] {dagbag.py:588} INFO - Filling up the DagBag from /home/airflow/.local/lib/python3.12/site-packages/airflow/example_dags/example_dag_decorator.py
[2024-11-03T05:57:15.932+0000] {processor.py:925} INFO - DAG(s) 'example_dag_decorator' retrieved from /home/airflow/.local/lib/python3.12/site-packages/airflow/example_dags/example_dag_decorator.py
[2024-11-03T05:57:16.132+0000] {logging_mixin.py:190} INFO - [2024-11-03T05:57:16.132+0000] {dag.py:3239} INFO - Sync 1 DAGs
[2024-11-03T05:57:16.156+0000] {logging_mixin.py:190} INFO - [2024-11-03T05:57:16.155+0000] {dag.py:4180} INFO - Setting next_dagrun for example_dag_decorator to None, run_after=None
[2024-11-03T05:57:16.205+0000] {processor.py:208} INFO - Processing /home/airflow/.local/lib/python3.12/site-packages/airflow/example_dags/example_dag_decorator.py took 0.303 seconds
[2024-11-03T05:57:46.954+0000] {processor.py:186} INFO - Started process (PID=538) to work on /home/airflow/.local/lib/python3.12/site-packages/airflow/example_dags/example_dag_decorator.py
[2024-11-03T05:57:46.955+0000] {processor.py:914} INFO - Processing file /home/airflow/.local/lib/python3.12/site-packages/airflow/example_dags/example_dag_decorator.py for tasks to queue
[2024-11-03T05:57:46.958+0000] {logging_mixin.py:190} INFO - [2024-11-03T05:57:46.957+0000] {dagbag.py:588} INFO - Filling up the DagBag from /home/airflow/.local/lib/python3.12/site-packages/airflow/example_dags/example_dag_decorator.py
[2024-11-03T05:57:46.969+0000] {processor.py:925} INFO - DAG(s) 'example_dag_decorator' retrieved from /home/airflow/.local/lib/python3.12/site-packages/airflow/example_dags/example_dag_decorator.py
[2024-11-03T05:57:47.090+0000] {logging_mixin.py:190} INFO - [2024-11-03T05:57:47.090+0000] {dag.py:3239} INFO - Sync 1 DAGs
[2024-11-03T05:57:47.105+0000] {logging_mixin.py:190} INFO - [2024-11-03T05:57:47.105+0000] {dag.py:4180} INFO - Setting next_dagrun for example_dag_decorator to None, run_after=None
[2024-11-03T05:57:47.135+0000] {processor.py:208} INFO - Processing /home/airflow/.local/lib/python3.12/site-packages/airflow/example_dags/example_dag_decorator.py took 0.187 seconds
[2024-11-03T05:58:17.312+0000] {processor.py:186} INFO - Started process (PID=831) to work on /home/airflow/.local/lib/python3.12/site-packages/airflow/example_dags/example_dag_decorator.py
[2024-11-03T05:58:17.313+0000] {processor.py:914} INFO - Processing file /home/airflow/.local/lib/python3.12/site-packages/airflow/example_dags/example_dag_decorator.py for tasks to queue
[2024-11-03T05:58:17.315+0000] {logging_mixin.py:190} INFO - [2024-11-03T05:58:17.315+0000] {dagbag.py:588} INFO - Filling up the DagBag from /home/airflow/.local/lib/python3.12/site-packages/airflow/example_dags/example_dag_decorator.py
[2024-11-03T05:58:17.326+0000] {processor.py:925} INFO - DAG(s) 'example_dag_decorator' retrieved from /home/airflow/.local/lib/python3.12/site-packages/airflow/example_dags/example_dag_decorator.py
[2024-11-03T05:58:17.450+0000] {logging_mixin.py:190} INFO - [2024-11-03T05:58:17.450+0000] {dag.py:3239} INFO - Sync 1 DAGs
[2024-11-03T05:58:17.464+0000] {logging_mixin.py:190} INFO - [2024-11-03T05:58:17.464+0000] {dag.py:4180} INFO - Setting next_dagrun for example_dag_decorator to None, run_after=None
[2024-11-03T05:58:17.485+0000] {processor.py:208} INFO - Processing /home/airflow/.local/lib/python3.12/site-packages/airflow/example_dags/example_dag_decorator.py took 0.179 seconds
[2024-11-03T05:58:47.659+0000] {processor.py:186} INFO - Started process (PID=1120) to work on /home/airflow/.local/lib/python3.12/site-packages/airflow/example_dags/example_dag_decorator.py
[2024-11-03T05:58:47.660+0000] {processor.py:914} INFO - Processing file /home/airflow/.local/lib/python3.12/site-packages/airflow/example_dags/example_dag_decorator.py for tasks to queue
[2024-11-03T05:58:47.663+0000] {logging_mixin.py:190} INFO - [2024-11-03T05:58:47.663+0000] {dagbag.py:588} INFO - Filling up the DagBag from /home/airflow/.local/lib/python3.12/site-packages/airflow/example_dags/example_dag_decorator.py
[2024-11-03T05:58:47.674+0000] {processor.py:925} INFO - DAG(s) 'example_dag_decorator' retrieved from /home/airflow/.local/lib/python3.12/site-packages/airflow/example_dags/example_dag_decorator.py
[2024-11-03T05:58:47.796+0000] {logging_mixin.py:190} INFO - [2024-11-03T05:58:47.796+0000] {dag.py:3239} INFO - Sync 1 DAGs
[2024-11-03T05:58:47.809+0000] {logging_mixin.py:190} INFO - [2024-11-03T05:58:47.809+0000] {dag.py:4180} INFO - Setting next_dagrun for example_dag_decorator to None, run_after=None
[2024-11-03T05:58:47.834+0000] {processor.py:208} INFO - Processing /home/airflow/.local/lib/python3.12/site-packages/airflow/example_dags/example_dag_decorator.py took 0.181 seconds
[2024-11-03T05:59:18.583+0000] {processor.py:186} INFO - Started process (PID=1411) to work on /home/airflow/.local/lib/python3.12/site-packages/airflow/example_dags/example_dag_decorator.py
[2024-11-03T05:59:18.584+0000] {processor.py:914} INFO - Processing file /home/airflow/.local/lib/python3.12/site-packages/airflow/example_dags/example_dag_decorator.py for tasks to queue
[2024-11-03T05:59:18.587+0000] {logging_mixin.py:190} INFO - [2024-11-03T05:59:18.586+0000] {dagbag.py:588} INFO - Filling up the DagBag from /home/airflow/.local/lib/python3.12/site-packages/airflow/example_dags/example_dag_decorator.py
[2024-11-03T05:59:18.599+0000] {processor.py:925} INFO - DAG(s) 'example_dag_decorator' retrieved from /home/airflow/.local/lib/python3.12/site-packages/airflow/example_dags/example_dag_decorator.py
[2024-11-03T05:59:18.720+0000] {logging_mixin.py:190} INFO - [2024-11-03T05:59:18.720+0000] {dag.py:3239} INFO - Sync 1 DAGs
[2024-11-03T05:59:18.733+0000] {logging_mixin.py:190} INFO - [2024-11-03T05:59:18.733+0000] {dag.py:4180} INFO - Setting next_dagrun for example_dag_decorator to None, run_after=None
[2024-11-03T05:59:18.756+0000] {processor.py:208} INFO - Processing /home/airflow/.local/lib/python3.12/site-packages/airflow/example_dags/example_dag_decorator.py took 0.180 seconds
[2024-11-03T05:59:49.599+0000] {processor.py:186} INFO - Started process (PID=1702) to work on /home/airflow/.local/lib/python3.12/site-packages/airflow/example_dags/example_dag_decorator.py
[2024-11-03T05:59:49.600+0000] {processor.py:914} INFO - Processing file /home/airflow/.local/lib/python3.12/site-packages/airflow/example_dags/example_dag_decorator.py for tasks to queue
[2024-11-03T05:59:49.603+0000] {logging_mixin.py:190} INFO - [2024-11-03T05:59:49.602+0000] {dagbag.py:588} INFO - Filling up the DagBag from /home/airflow/.local/lib/python3.12/site-packages/airflow/example_dags/example_dag_decorator.py
[2024-11-03T05:59:49.614+0000] {processor.py:925} INFO - DAG(s) 'example_dag_decorator' retrieved from /home/airflow/.local/lib/python3.12/site-packages/airflow/example_dags/example_dag_decorator.py
[2024-11-03T05:59:49.739+0000] {logging_mixin.py:190} INFO - [2024-11-03T05:59:49.738+0000] {dag.py:3239} INFO - Sync 1 DAGs
[2024-11-03T05:59:49.753+0000] {logging_mixin.py:190} INFO - [2024-11-03T05:59:49.753+0000] {dag.py:4180} INFO - Setting next_dagrun for example_dag_decorator to None, run_after=None
[2024-11-03T05:59:49.776+0000] {processor.py:208} INFO - Processing /home/airflow/.local/lib/python3.12/site-packages/airflow/example_dags/example_dag_decorator.py took 0.184 seconds
[2024-11-03T06:00:20.510+0000] {processor.py:186} INFO - Started process (PID=1993) to work on /home/airflow/.local/lib/python3.12/site-packages/airflow/example_dags/example_dag_decorator.py
[2024-11-03T06:00:20.511+0000] {processor.py:914} INFO - Processing file /home/airflow/.local/lib/python3.12/site-packages/airflow/example_dags/example_dag_decorator.py for tasks to queue
[2024-11-03T06:00:20.514+0000] {logging_mixin.py:190} INFO - [2024-11-03T06:00:20.514+0000] {dagbag.py:588} INFO - Filling up the DagBag from /home/airflow/.local/lib/python3.12/site-packages/airflow/example_dags/example_dag_decorator.py
[2024-11-03T06:00:20.526+0000] {processor.py:925} INFO - DAG(s) 'example_dag_decorator' retrieved from /home/airflow/.local/lib/python3.12/site-packages/airflow/example_dags/example_dag_decorator.py
[2024-11-03T06:00:20.656+0000] {logging_mixin.py:190} INFO - [2024-11-03T06:00:20.656+0000] {dag.py:3239} INFO - Sync 1 DAGs
[2024-11-03T06:00:20.671+0000] {logging_mixin.py:190} INFO - [2024-11-03T06:00:20.670+0000] {dag.py:4180} INFO - Setting next_dagrun for example_dag_decorator to None, run_after=None
[2024-11-03T06:00:20.694+0000] {processor.py:208} INFO - Processing /home/airflow/.local/lib/python3.12/site-packages/airflow/example_dags/example_dag_decorator.py took 0.190 seconds
[2024-11-03T06:06:54.768+0000] {processor.py:186} INFO - Started process (PID=265) to work on /home/airflow/.local/lib/python3.12/site-packages/airflow/example_dags/example_dag_decorator.py
[2024-11-03T06:06:54.770+0000] {processor.py:914} INFO - Processing file /home/airflow/.local/lib/python3.12/site-packages/airflow/example_dags/example_dag_decorator.py for tasks to queue
[2024-11-03T06:06:54.775+0000] {logging_mixin.py:190} INFO - [2024-11-03T06:06:54.774+0000] {dagbag.py:588} INFO - Filling up the DagBag from /home/airflow/.local/lib/python3.12/site-packages/airflow/example_dags/example_dag_decorator.py
[2024-11-03T06:06:54.803+0000] {processor.py:925} INFO - DAG(s) 'example_dag_decorator' retrieved from /home/airflow/.local/lib/python3.12/site-packages/airflow/example_dags/example_dag_decorator.py
[2024-11-03T06:06:54.980+0000] {logging_mixin.py:190} INFO - [2024-11-03T06:06:54.979+0000] {override.py:1900} INFO - Created Permission View: can edit on DAG:example_dag_decorator
[2024-11-03T06:06:54.995+0000] {logging_mixin.py:190} INFO - [2024-11-03T06:06:54.995+0000] {override.py:1900} INFO - Created Permission View: can read on DAG:example_dag_decorator
[2024-11-03T06:06:55.006+0000] {logging_mixin.py:190} INFO - [2024-11-03T06:06:55.005+0000] {override.py:1900} INFO - Created Permission View: can delete on DAG:example_dag_decorator
[2024-11-03T06:06:55.020+0000] {logging_mixin.py:190} INFO - [2024-11-03T06:06:55.019+0000] {override.py:1900} INFO - Created Permission View: can create on DAG Run:example_dag_decorator
[2024-11-03T06:06:55.032+0000] {logging_mixin.py:190} INFO - [2024-11-03T06:06:55.031+0000] {override.py:1900} INFO - Created Permission View: menu access on DAG Run:example_dag_decorator
[2024-11-03T06:06:55.050+0000] {logging_mixin.py:190} INFO - [2024-11-03T06:06:55.049+0000] {override.py:1900} INFO - Created Permission View: can read on DAG Run:example_dag_decorator
[2024-11-03T06:06:55.067+0000] {logging_mixin.py:190} INFO - [2024-11-03T06:06:55.067+0000] {override.py:1900} INFO - Created Permission View: can delete on DAG Run:example_dag_decorator
[2024-11-03T06:06:55.068+0000] {logging_mixin.py:190} INFO - [2024-11-03T06:06:55.068+0000] {dag.py:3239} INFO - Sync 1 DAGs
[2024-11-03T06:06:55.083+0000] {logging_mixin.py:190} INFO - [2024-11-03T06:06:55.083+0000] {dag.py:3262} INFO - Creating ORM DAG for example_dag_decorator
[2024-11-03T06:06:55.084+0000] {logging_mixin.py:190} INFO - [2024-11-03T06:06:55.084+0000] {dag.py:4180} INFO - Setting next_dagrun for example_dag_decorator to None, run_after=None
[2024-11-03T06:06:55.106+0000] {processor.py:208} INFO - Processing /home/airflow/.local/lib/python3.12/site-packages/airflow/example_dags/example_dag_decorator.py took 0.349 seconds
[2024-11-03T06:07:25.427+0000] {processor.py:186} INFO - Started process (PID=558) to work on /home/airflow/.local/lib/python3.12/site-packages/airflow/example_dags/example_dag_decorator.py
[2024-11-03T06:07:25.429+0000] {processor.py:914} INFO - Processing file /home/airflow/.local/lib/python3.12/site-packages/airflow/example_dags/example_dag_decorator.py for tasks to queue
[2024-11-03T06:07:25.431+0000] {logging_mixin.py:190} INFO - [2024-11-03T06:07:25.431+0000] {dagbag.py:588} INFO - Filling up the DagBag from /home/airflow/.local/lib/python3.12/site-packages/airflow/example_dags/example_dag_decorator.py
[2024-11-03T06:07:25.450+0000] {processor.py:925} INFO - DAG(s) 'example_dag_decorator' retrieved from /home/airflow/.local/lib/python3.12/site-packages/airflow/example_dags/example_dag_decorator.py
[2024-11-03T06:07:25.640+0000] {logging_mixin.py:190} INFO - [2024-11-03T06:07:25.639+0000] {dag.py:3239} INFO - Sync 1 DAGs
[2024-11-03T06:07:25.657+0000] {logging_mixin.py:190} INFO - [2024-11-03T06:07:25.656+0000] {dag.py:4180} INFO - Setting next_dagrun for example_dag_decorator to None, run_after=None
[2024-11-03T06:07:25.683+0000] {processor.py:208} INFO - Processing /home/airflow/.local/lib/python3.12/site-packages/airflow/example_dags/example_dag_decorator.py took 0.264 seconds
[2024-11-03T06:10:48.500+0000] {processor.py:186} INFO - Started process (PID=262) to work on /home/airflow/.local/lib/python3.12/site-packages/airflow/example_dags/example_dag_decorator.py
[2024-11-03T06:10:48.501+0000] {processor.py:914} INFO - Processing file /home/airflow/.local/lib/python3.12/site-packages/airflow/example_dags/example_dag_decorator.py for tasks to queue
[2024-11-03T06:10:48.503+0000] {logging_mixin.py:190} INFO - [2024-11-03T06:10:48.503+0000] {dagbag.py:588} INFO - Filling up the DagBag from /home/airflow/.local/lib/python3.12/site-packages/airflow/example_dags/example_dag_decorator.py
[2024-11-03T06:10:48.518+0000] {processor.py:925} INFO - DAG(s) 'example_dag_decorator' retrieved from /home/airflow/.local/lib/python3.12/site-packages/airflow/example_dags/example_dag_decorator.py
[2024-11-03T06:10:48.768+0000] {logging_mixin.py:190} INFO - [2024-11-03T06:10:48.768+0000] {dag.py:3239} INFO - Sync 1 DAGs
[2024-11-03T06:10:48.785+0000] {logging_mixin.py:190} INFO - [2024-11-03T06:10:48.785+0000] {dag.py:4180} INFO - Setting next_dagrun for example_dag_decorator to None, run_after=None
[2024-11-03T06:10:48.814+0000] {processor.py:208} INFO - Processing /home/airflow/.local/lib/python3.12/site-packages/airflow/example_dags/example_dag_decorator.py took 0.322 seconds
[2024-11-03T06:11:19.845+0000] {processor.py:186} INFO - Started process (PID=558) to work on /home/airflow/.local/lib/python3.12/site-packages/airflow/example_dags/example_dag_decorator.py
[2024-11-03T06:11:19.846+0000] {processor.py:914} INFO - Processing file /home/airflow/.local/lib/python3.12/site-packages/airflow/example_dags/example_dag_decorator.py for tasks to queue
[2024-11-03T06:11:19.848+0000] {logging_mixin.py:190} INFO - [2024-11-03T06:11:19.848+0000] {dagbag.py:588} INFO - Filling up the DagBag from /home/airflow/.local/lib/python3.12/site-packages/airflow/example_dags/example_dag_decorator.py
[2024-11-03T06:11:19.860+0000] {processor.py:925} INFO - DAG(s) 'example_dag_decorator' retrieved from /home/airflow/.local/lib/python3.12/site-packages/airflow/example_dags/example_dag_decorator.py
[2024-11-03T06:11:19.886+0000] {logging_mixin.py:190} INFO - [2024-11-03T06:11:19.886+0000] {dag.py:3239} INFO - Sync 1 DAGs
[2024-11-03T06:11:19.901+0000] {logging_mixin.py:190} INFO - [2024-11-03T06:11:19.900+0000] {dag.py:4180} INFO - Setting next_dagrun for example_dag_decorator to None, run_after=None
[2024-11-03T06:11:19.931+0000] {processor.py:208} INFO - Processing /home/airflow/.local/lib/python3.12/site-packages/airflow/example_dags/example_dag_decorator.py took 0.092 seconds
[2024-11-03T06:11:50.316+0000] {processor.py:186} INFO - Started process (PID=849) to work on /home/airflow/.local/lib/python3.12/site-packages/airflow/example_dags/example_dag_decorator.py
[2024-11-03T06:11:50.317+0000] {processor.py:914} INFO - Processing file /home/airflow/.local/lib/python3.12/site-packages/airflow/example_dags/example_dag_decorator.py for tasks to queue
[2024-11-03T06:11:50.320+0000] {logging_mixin.py:190} INFO - [2024-11-03T06:11:50.320+0000] {dagbag.py:588} INFO - Filling up the DagBag from /home/airflow/.local/lib/python3.12/site-packages/airflow/example_dags/example_dag_decorator.py
[2024-11-03T06:11:50.332+0000] {processor.py:925} INFO - DAG(s) 'example_dag_decorator' retrieved from /home/airflow/.local/lib/python3.12/site-packages/airflow/example_dags/example_dag_decorator.py
[2024-11-03T06:11:50.468+0000] {logging_mixin.py:190} INFO - [2024-11-03T06:11:50.468+0000] {dag.py:3239} INFO - Sync 1 DAGs
[2024-11-03T06:11:50.482+0000] {logging_mixin.py:190} INFO - [2024-11-03T06:11:50.481+0000] {dag.py:4180} INFO - Setting next_dagrun for example_dag_decorator to None, run_after=None
[2024-11-03T06:11:50.503+0000] {processor.py:208} INFO - Processing /home/airflow/.local/lib/python3.12/site-packages/airflow/example_dags/example_dag_decorator.py took 0.194 seconds
[2024-11-03T06:12:20.959+0000] {processor.py:186} INFO - Started process (PID=1140) to work on /home/airflow/.local/lib/python3.12/site-packages/airflow/example_dags/example_dag_decorator.py
[2024-11-03T06:12:20.960+0000] {processor.py:914} INFO - Processing file /home/airflow/.local/lib/python3.12/site-packages/airflow/example_dags/example_dag_decorator.py for tasks to queue
[2024-11-03T06:12:20.964+0000] {logging_mixin.py:190} INFO - [2024-11-03T06:12:20.964+0000] {dagbag.py:588} INFO - Filling up the DagBag from /home/airflow/.local/lib/python3.12/site-packages/airflow/example_dags/example_dag_decorator.py
[2024-11-03T06:12:20.981+0000] {processor.py:925} INFO - DAG(s) 'example_dag_decorator' retrieved from /home/airflow/.local/lib/python3.12/site-packages/airflow/example_dags/example_dag_decorator.py
[2024-11-03T06:12:21.148+0000] {logging_mixin.py:190} INFO - [2024-11-03T06:12:21.148+0000] {dag.py:3239} INFO - Sync 1 DAGs
[2024-11-03T06:12:21.164+0000] {logging_mixin.py:190} INFO - [2024-11-03T06:12:21.164+0000] {dag.py:4180} INFO - Setting next_dagrun for example_dag_decorator to None, run_after=None
[2024-11-03T06:12:21.197+0000] {processor.py:208} INFO - Processing /home/airflow/.local/lib/python3.12/site-packages/airflow/example_dags/example_dag_decorator.py took 0.247 seconds
[2024-11-03T06:12:51.795+0000] {processor.py:186} INFO - Started process (PID=1431) to work on /home/airflow/.local/lib/python3.12/site-packages/airflow/example_dags/example_dag_decorator.py
[2024-11-03T06:12:51.797+0000] {processor.py:914} INFO - Processing file /home/airflow/.local/lib/python3.12/site-packages/airflow/example_dags/example_dag_decorator.py for tasks to queue
[2024-11-03T06:12:51.799+0000] {logging_mixin.py:190} INFO - [2024-11-03T06:12:51.799+0000] {dagbag.py:588} INFO - Filling up the DagBag from /home/airflow/.local/lib/python3.12/site-packages/airflow/example_dags/example_dag_decorator.py
[2024-11-03T06:12:51.810+0000] {processor.py:925} INFO - DAG(s) 'example_dag_decorator' retrieved from /home/airflow/.local/lib/python3.12/site-packages/airflow/example_dags/example_dag_decorator.py
[2024-11-03T06:12:51.958+0000] {logging_mixin.py:190} INFO - [2024-11-03T06:12:51.957+0000] {dag.py:3239} INFO - Sync 1 DAGs
[2024-11-03T06:12:51.973+0000] {logging_mixin.py:190} INFO - [2024-11-03T06:12:51.973+0000] {dag.py:4180} INFO - Setting next_dagrun for example_dag_decorator to None, run_after=None
[2024-11-03T06:12:52.002+0000] {processor.py:208} INFO - Processing /home/airflow/.local/lib/python3.12/site-packages/airflow/example_dags/example_dag_decorator.py took 0.212 seconds
[2024-11-03T06:13:22.646+0000] {processor.py:186} INFO - Started process (PID=1722) to work on /home/airflow/.local/lib/python3.12/site-packages/airflow/example_dags/example_dag_decorator.py
[2024-11-03T06:13:22.647+0000] {processor.py:914} INFO - Processing file /home/airflow/.local/lib/python3.12/site-packages/airflow/example_dags/example_dag_decorator.py for tasks to queue
[2024-11-03T06:13:22.653+0000] {logging_mixin.py:190} INFO - [2024-11-03T06:13:22.649+0000] {dagbag.py:588} INFO - Filling up the DagBag from /home/airflow/.local/lib/python3.12/site-packages/airflow/example_dags/example_dag_decorator.py
[2024-11-03T06:13:22.676+0000] {processor.py:925} INFO - DAG(s) 'example_dag_decorator' retrieved from /home/airflow/.local/lib/python3.12/site-packages/airflow/example_dags/example_dag_decorator.py
[2024-11-03T06:13:22.842+0000] {logging_mixin.py:190} INFO - [2024-11-03T06:13:22.841+0000] {dag.py:3239} INFO - Sync 1 DAGs
[2024-11-03T06:13:22.856+0000] {logging_mixin.py:190} INFO - [2024-11-03T06:13:22.856+0000] {dag.py:4180} INFO - Setting next_dagrun for example_dag_decorator to None, run_after=None
[2024-11-03T06:13:22.876+0000] {processor.py:208} INFO - Processing /home/airflow/.local/lib/python3.12/site-packages/airflow/example_dags/example_dag_decorator.py took 0.236 seconds
[2024-11-03T06:13:53.028+0000] {processor.py:186} INFO - Started process (PID=2016) to work on /home/airflow/.local/lib/python3.12/site-packages/airflow/example_dags/example_dag_decorator.py
[2024-11-03T06:13:53.030+0000] {processor.py:914} INFO - Processing file /home/airflow/.local/lib/python3.12/site-packages/airflow/example_dags/example_dag_decorator.py for tasks to queue
[2024-11-03T06:13:53.034+0000] {logging_mixin.py:190} INFO - [2024-11-03T06:13:53.033+0000] {dagbag.py:588} INFO - Filling up the DagBag from /home/airflow/.local/lib/python3.12/site-packages/airflow/example_dags/example_dag_decorator.py
[2024-11-03T06:13:53.049+0000] {processor.py:925} INFO - DAG(s) 'example_dag_decorator' retrieved from /home/airflow/.local/lib/python3.12/site-packages/airflow/example_dags/example_dag_decorator.py
[2024-11-03T06:13:53.225+0000] {logging_mixin.py:190} INFO - [2024-11-03T06:13:53.224+0000] {dag.py:3239} INFO - Sync 1 DAGs
[2024-11-03T06:13:53.242+0000] {logging_mixin.py:190} INFO - [2024-11-03T06:13:53.241+0000] {dag.py:4180} INFO - Setting next_dagrun for example_dag_decorator to None, run_after=None
[2024-11-03T06:13:53.267+0000] {processor.py:208} INFO - Processing /home/airflow/.local/lib/python3.12/site-packages/airflow/example_dags/example_dag_decorator.py took 0.251 seconds
