[2024-11-03T05:29:22.555+0000] {processor.py:186} INFO - Started process (PID=211) to work on /home/airflow/.local/lib/python3.12/site-packages/airflow/example_dags/tutorial.py
[2024-11-03T05:29:22.556+0000] {processor.py:914} INFO - Processing file /home/airflow/.local/lib/python3.12/site-packages/airflow/example_dags/tutorial.py for tasks to queue
[2024-11-03T05:29:22.562+0000] {logging_mixin.py:190} INFO - [2024-11-03T05:29:22.561+0000] {dagbag.py:588} INFO - Filling up the DagBag from /home/airflow/.local/lib/python3.12/site-packages/airflow/example_dags/tutorial.py
[2024-11-03T05:29:22.589+0000] {processor.py:925} INFO - DAG(s) 'tutorial' retrieved from /home/airflow/.local/lib/python3.12/site-packages/airflow/example_dags/tutorial.py
[2024-11-03T05:29:23.087+0000] {logging_mixin.py:190} INFO - [2024-11-03T05:29:23.084+0000] {override.py:1900} INFO - Created Permission View: can delete on DAG:tutorial
[2024-11-03T05:29:23.106+0000] {logging_mixin.py:190} INFO - [2024-11-03T05:29:23.106+0000] {override.py:1900} INFO - Created Permission View: can edit on DAG:tutorial
[2024-11-03T05:29:23.120+0000] {logging_mixin.py:190} INFO - [2024-11-03T05:29:23.119+0000] {override.py:1900} INFO - Created Permission View: can read on DAG:tutorial
[2024-11-03T05:29:23.135+0000] {logging_mixin.py:190} INFO - [2024-11-03T05:29:23.135+0000] {override.py:1900} INFO - Created Permission View: can delete on DAG Run:tutorial
[2024-11-03T05:29:23.149+0000] {logging_mixin.py:190} INFO - [2024-11-03T05:29:23.149+0000] {override.py:1900} INFO - Created Permission View: menu access on DAG Run:tutorial
[2024-11-03T05:29:23.164+0000] {logging_mixin.py:190} INFO - [2024-11-03T05:29:23.164+0000] {override.py:1900} INFO - Created Permission View: can create on DAG Run:tutorial
[2024-11-03T05:29:23.185+0000] {logging_mixin.py:190} INFO - [2024-11-03T05:29:23.185+0000] {override.py:1900} INFO - Created Permission View: can read on DAG Run:tutorial
[2024-11-03T05:29:23.186+0000] {logging_mixin.py:190} INFO - [2024-11-03T05:29:23.186+0000] {dag.py:3239} INFO - Sync 1 DAGs
[2024-11-03T05:29:23.210+0000] {logging_mixin.py:190} INFO - [2024-11-03T05:29:23.210+0000] {dag.py:3262} INFO - Creating ORM DAG for tutorial
[2024-11-03T05:29:23.229+0000] {logging_mixin.py:190} INFO - [2024-11-03T05:29:23.229+0000] {dag.py:4180} INFO - Setting next_dagrun for tutorial to 2024-11-02 00:00:00+00:00, run_after=2024-11-03 00:00:00+00:00
[2024-11-03T05:29:23.262+0000] {processor.py:208} INFO - Processing /home/airflow/.local/lib/python3.12/site-packages/airflow/example_dags/tutorial.py took 0.721 seconds
[2024-11-03T05:29:53.956+0000] {processor.py:186} INFO - Started process (PID=499) to work on /home/airflow/.local/lib/python3.12/site-packages/airflow/example_dags/tutorial.py
[2024-11-03T05:29:53.957+0000] {processor.py:914} INFO - Processing file /home/airflow/.local/lib/python3.12/site-packages/airflow/example_dags/tutorial.py for tasks to queue
[2024-11-03T05:29:53.959+0000] {logging_mixin.py:190} INFO - [2024-11-03T05:29:53.959+0000] {dagbag.py:588} INFO - Filling up the DagBag from /home/airflow/.local/lib/python3.12/site-packages/airflow/example_dags/tutorial.py
[2024-11-03T05:29:53.969+0000] {processor.py:925} INFO - DAG(s) 'tutorial' retrieved from /home/airflow/.local/lib/python3.12/site-packages/airflow/example_dags/tutorial.py
[2024-11-03T05:29:53.991+0000] {logging_mixin.py:190} INFO - [2024-11-03T05:29:53.991+0000] {dag.py:3239} INFO - Sync 1 DAGs
[2024-11-03T05:29:54.017+0000] {logging_mixin.py:190} INFO - [2024-11-03T05:29:54.017+0000] {dag.py:4180} INFO - Setting next_dagrun for tutorial to 2024-11-02 00:00:00+00:00, run_after=2024-11-03 00:00:00+00:00
[2024-11-03T05:29:54.049+0000] {processor.py:208} INFO - Processing /home/airflow/.local/lib/python3.12/site-packages/airflow/example_dags/tutorial.py took 0.101 seconds
[2024-11-03T05:30:24.443+0000] {processor.py:186} INFO - Started process (PID=790) to work on /home/airflow/.local/lib/python3.12/site-packages/airflow/example_dags/tutorial.py
[2024-11-03T05:30:24.444+0000] {processor.py:914} INFO - Processing file /home/airflow/.local/lib/python3.12/site-packages/airflow/example_dags/tutorial.py for tasks to queue
[2024-11-03T05:30:24.447+0000] {logging_mixin.py:190} INFO - [2024-11-03T05:30:24.447+0000] {dagbag.py:588} INFO - Filling up the DagBag from /home/airflow/.local/lib/python3.12/site-packages/airflow/example_dags/tutorial.py
[2024-11-03T05:30:24.455+0000] {processor.py:925} INFO - DAG(s) 'tutorial' retrieved from /home/airflow/.local/lib/python3.12/site-packages/airflow/example_dags/tutorial.py
[2024-11-03T05:30:24.480+0000] {logging_mixin.py:190} INFO - [2024-11-03T05:30:24.480+0000] {dag.py:3239} INFO - Sync 1 DAGs
[2024-11-03T05:30:24.505+0000] {logging_mixin.py:190} INFO - [2024-11-03T05:30:24.505+0000] {dag.py:4180} INFO - Setting next_dagrun for tutorial to 2024-11-02 00:00:00+00:00, run_after=2024-11-03 00:00:00+00:00
[2024-11-03T05:30:24.528+0000] {processor.py:208} INFO - Processing /home/airflow/.local/lib/python3.12/site-packages/airflow/example_dags/tutorial.py took 0.092 seconds
[2024-11-03T05:30:54.956+0000] {processor.py:186} INFO - Started process (PID=1081) to work on /home/airflow/.local/lib/python3.12/site-packages/airflow/example_dags/tutorial.py
[2024-11-03T05:30:54.957+0000] {processor.py:914} INFO - Processing file /home/airflow/.local/lib/python3.12/site-packages/airflow/example_dags/tutorial.py for tasks to queue
[2024-11-03T05:30:54.960+0000] {logging_mixin.py:190} INFO - [2024-11-03T05:30:54.959+0000] {dagbag.py:588} INFO - Filling up the DagBag from /home/airflow/.local/lib/python3.12/site-packages/airflow/example_dags/tutorial.py
[2024-11-03T05:30:54.969+0000] {processor.py:925} INFO - DAG(s) 'tutorial' retrieved from /home/airflow/.local/lib/python3.12/site-packages/airflow/example_dags/tutorial.py
[2024-11-03T05:30:54.992+0000] {logging_mixin.py:190} INFO - [2024-11-03T05:30:54.992+0000] {dag.py:3239} INFO - Sync 1 DAGs
[2024-11-03T05:30:55.019+0000] {logging_mixin.py:190} INFO - [2024-11-03T05:30:55.019+0000] {dag.py:4180} INFO - Setting next_dagrun for tutorial to 2024-11-02 00:00:00+00:00, run_after=2024-11-03 00:00:00+00:00
[2024-11-03T05:30:55.044+0000] {processor.py:208} INFO - Processing /home/airflow/.local/lib/python3.12/site-packages/airflow/example_dags/tutorial.py took 0.095 seconds
[2024-11-03T05:31:25.591+0000] {processor.py:186} INFO - Started process (PID=1372) to work on /home/airflow/.local/lib/python3.12/site-packages/airflow/example_dags/tutorial.py
[2024-11-03T05:31:25.592+0000] {processor.py:914} INFO - Processing file /home/airflow/.local/lib/python3.12/site-packages/airflow/example_dags/tutorial.py for tasks to queue
[2024-11-03T05:31:25.595+0000] {logging_mixin.py:190} INFO - [2024-11-03T05:31:25.595+0000] {dagbag.py:588} INFO - Filling up the DagBag from /home/airflow/.local/lib/python3.12/site-packages/airflow/example_dags/tutorial.py
[2024-11-03T05:31:25.604+0000] {processor.py:925} INFO - DAG(s) 'tutorial' retrieved from /home/airflow/.local/lib/python3.12/site-packages/airflow/example_dags/tutorial.py
[2024-11-03T05:31:25.626+0000] {logging_mixin.py:190} INFO - [2024-11-03T05:31:25.626+0000] {dag.py:3239} INFO - Sync 1 DAGs
[2024-11-03T05:31:25.650+0000] {logging_mixin.py:190} INFO - [2024-11-03T05:31:25.650+0000] {dag.py:4180} INFO - Setting next_dagrun for tutorial to 2024-11-02 00:00:00+00:00, run_after=2024-11-03 00:00:00+00:00
[2024-11-03T05:31:25.674+0000] {processor.py:208} INFO - Processing /home/airflow/.local/lib/python3.12/site-packages/airflow/example_dags/tutorial.py took 0.090 seconds
[2024-11-03T05:31:56.371+0000] {processor.py:186} INFO - Started process (PID=1663) to work on /home/airflow/.local/lib/python3.12/site-packages/airflow/example_dags/tutorial.py
[2024-11-03T05:31:56.372+0000] {processor.py:914} INFO - Processing file /home/airflow/.local/lib/python3.12/site-packages/airflow/example_dags/tutorial.py for tasks to queue
[2024-11-03T05:31:56.375+0000] {logging_mixin.py:190} INFO - [2024-11-03T05:31:56.374+0000] {dagbag.py:588} INFO - Filling up the DagBag from /home/airflow/.local/lib/python3.12/site-packages/airflow/example_dags/tutorial.py
[2024-11-03T05:31:56.384+0000] {processor.py:925} INFO - DAG(s) 'tutorial' retrieved from /home/airflow/.local/lib/python3.12/site-packages/airflow/example_dags/tutorial.py
[2024-11-03T05:31:56.409+0000] {logging_mixin.py:190} INFO - [2024-11-03T05:31:56.409+0000] {dag.py:3239} INFO - Sync 1 DAGs
[2024-11-03T05:31:56.436+0000] {logging_mixin.py:190} INFO - [2024-11-03T05:31:56.436+0000] {dag.py:4180} INFO - Setting next_dagrun for tutorial to 2024-11-02 00:00:00+00:00, run_after=2024-11-03 00:00:00+00:00
[2024-11-03T05:31:56.470+0000] {processor.py:208} INFO - Processing /home/airflow/.local/lib/python3.12/site-packages/airflow/example_dags/tutorial.py took 0.105 seconds
[2024-11-03T05:32:27.174+0000] {processor.py:186} INFO - Started process (PID=1954) to work on /home/airflow/.local/lib/python3.12/site-packages/airflow/example_dags/tutorial.py
[2024-11-03T05:32:27.176+0000] {processor.py:914} INFO - Processing file /home/airflow/.local/lib/python3.12/site-packages/airflow/example_dags/tutorial.py for tasks to queue
[2024-11-03T05:32:27.179+0000] {logging_mixin.py:190} INFO - [2024-11-03T05:32:27.179+0000] {dagbag.py:588} INFO - Filling up the DagBag from /home/airflow/.local/lib/python3.12/site-packages/airflow/example_dags/tutorial.py
[2024-11-03T05:32:27.190+0000] {processor.py:925} INFO - DAG(s) 'tutorial' retrieved from /home/airflow/.local/lib/python3.12/site-packages/airflow/example_dags/tutorial.py
[2024-11-03T05:32:27.220+0000] {logging_mixin.py:190} INFO - [2024-11-03T05:32:27.219+0000] {dag.py:3239} INFO - Sync 1 DAGs
[2024-11-03T05:32:27.253+0000] {logging_mixin.py:190} INFO - [2024-11-03T05:32:27.253+0000] {dag.py:4180} INFO - Setting next_dagrun for tutorial to 2024-11-02 00:00:00+00:00, run_after=2024-11-03 00:00:00+00:00
[2024-11-03T05:32:27.284+0000] {processor.py:208} INFO - Processing /home/airflow/.local/lib/python3.12/site-packages/airflow/example_dags/tutorial.py took 0.117 seconds
[2024-11-03T05:32:57.334+0000] {processor.py:186} INFO - Started process (PID=2246) to work on /home/airflow/.local/lib/python3.12/site-packages/airflow/example_dags/tutorial.py
[2024-11-03T05:32:57.335+0000] {processor.py:914} INFO - Processing file /home/airflow/.local/lib/python3.12/site-packages/airflow/example_dags/tutorial.py for tasks to queue
[2024-11-03T05:32:57.338+0000] {logging_mixin.py:190} INFO - [2024-11-03T05:32:57.338+0000] {dagbag.py:588} INFO - Filling up the DagBag from /home/airflow/.local/lib/python3.12/site-packages/airflow/example_dags/tutorial.py
[2024-11-03T05:32:57.346+0000] {processor.py:925} INFO - DAG(s) 'tutorial' retrieved from /home/airflow/.local/lib/python3.12/site-packages/airflow/example_dags/tutorial.py
[2024-11-03T05:32:57.366+0000] {logging_mixin.py:190} INFO - [2024-11-03T05:32:57.366+0000] {dag.py:3239} INFO - Sync 1 DAGs
[2024-11-03T05:32:57.391+0000] {logging_mixin.py:190} INFO - [2024-11-03T05:32:57.391+0000] {dag.py:4180} INFO - Setting next_dagrun for tutorial to 2024-11-02 00:00:00+00:00, run_after=2024-11-03 00:00:00+00:00
[2024-11-03T05:32:57.415+0000] {processor.py:208} INFO - Processing /home/airflow/.local/lib/python3.12/site-packages/airflow/example_dags/tutorial.py took 0.087 seconds
[2024-11-03T05:33:28.056+0000] {processor.py:186} INFO - Started process (PID=2537) to work on /home/airflow/.local/lib/python3.12/site-packages/airflow/example_dags/tutorial.py
[2024-11-03T05:33:28.057+0000] {processor.py:914} INFO - Processing file /home/airflow/.local/lib/python3.12/site-packages/airflow/example_dags/tutorial.py for tasks to queue
[2024-11-03T05:33:28.059+0000] {logging_mixin.py:190} INFO - [2024-11-03T05:33:28.059+0000] {dagbag.py:588} INFO - Filling up the DagBag from /home/airflow/.local/lib/python3.12/site-packages/airflow/example_dags/tutorial.py
[2024-11-03T05:33:28.068+0000] {processor.py:925} INFO - DAG(s) 'tutorial' retrieved from /home/airflow/.local/lib/python3.12/site-packages/airflow/example_dags/tutorial.py
[2024-11-03T05:33:28.091+0000] {logging_mixin.py:190} INFO - [2024-11-03T05:33:28.090+0000] {dag.py:3239} INFO - Sync 1 DAGs
[2024-11-03T05:33:28.117+0000] {logging_mixin.py:190} INFO - [2024-11-03T05:33:28.117+0000] {dag.py:4180} INFO - Setting next_dagrun for tutorial to 2024-11-02 00:00:00+00:00, run_after=2024-11-03 00:00:00+00:00
[2024-11-03T05:33:28.139+0000] {processor.py:208} INFO - Processing /home/airflow/.local/lib/python3.12/site-packages/airflow/example_dags/tutorial.py took 0.090 seconds
[2024-11-03T05:33:58.786+0000] {processor.py:186} INFO - Started process (PID=2828) to work on /home/airflow/.local/lib/python3.12/site-packages/airflow/example_dags/tutorial.py
[2024-11-03T05:33:58.787+0000] {processor.py:914} INFO - Processing file /home/airflow/.local/lib/python3.12/site-packages/airflow/example_dags/tutorial.py for tasks to queue
[2024-11-03T05:33:58.790+0000] {logging_mixin.py:190} INFO - [2024-11-03T05:33:58.790+0000] {dagbag.py:588} INFO - Filling up the DagBag from /home/airflow/.local/lib/python3.12/site-packages/airflow/example_dags/tutorial.py
[2024-11-03T05:33:58.800+0000] {processor.py:925} INFO - DAG(s) 'tutorial' retrieved from /home/airflow/.local/lib/python3.12/site-packages/airflow/example_dags/tutorial.py
[2024-11-03T05:33:58.825+0000] {logging_mixin.py:190} INFO - [2024-11-03T05:33:58.825+0000] {dag.py:3239} INFO - Sync 1 DAGs
[2024-11-03T05:33:58.855+0000] {logging_mixin.py:190} INFO - [2024-11-03T05:33:58.855+0000] {dag.py:4180} INFO - Setting next_dagrun for tutorial to 2024-11-02 00:00:00+00:00, run_after=2024-11-03 00:00:00+00:00
[2024-11-03T05:33:58.881+0000] {processor.py:208} INFO - Processing /home/airflow/.local/lib/python3.12/site-packages/airflow/example_dags/tutorial.py took 0.102 seconds
[2024-11-03T05:34:29.284+0000] {processor.py:186} INFO - Started process (PID=3119) to work on /home/airflow/.local/lib/python3.12/site-packages/airflow/example_dags/tutorial.py
[2024-11-03T05:34:29.285+0000] {processor.py:914} INFO - Processing file /home/airflow/.local/lib/python3.12/site-packages/airflow/example_dags/tutorial.py for tasks to queue
[2024-11-03T05:34:29.288+0000] {logging_mixin.py:190} INFO - [2024-11-03T05:34:29.288+0000] {dagbag.py:588} INFO - Filling up the DagBag from /home/airflow/.local/lib/python3.12/site-packages/airflow/example_dags/tutorial.py
[2024-11-03T05:34:29.295+0000] {processor.py:925} INFO - DAG(s) 'tutorial' retrieved from /home/airflow/.local/lib/python3.12/site-packages/airflow/example_dags/tutorial.py
[2024-11-03T05:34:29.316+0000] {logging_mixin.py:190} INFO - [2024-11-03T05:34:29.316+0000] {dag.py:3239} INFO - Sync 1 DAGs
[2024-11-03T05:34:29.340+0000] {logging_mixin.py:190} INFO - [2024-11-03T05:34:29.340+0000] {dag.py:4180} INFO - Setting next_dagrun for tutorial to 2024-11-02 00:00:00+00:00, run_after=2024-11-03 00:00:00+00:00
[2024-11-03T05:34:29.372+0000] {processor.py:208} INFO - Processing /home/airflow/.local/lib/python3.12/site-packages/airflow/example_dags/tutorial.py took 0.094 seconds
[2024-11-03T05:35:00.212+0000] {processor.py:186} INFO - Started process (PID=3410) to work on /home/airflow/.local/lib/python3.12/site-packages/airflow/example_dags/tutorial.py
[2024-11-03T05:35:00.231+0000] {processor.py:914} INFO - Processing file /home/airflow/.local/lib/python3.12/site-packages/airflow/example_dags/tutorial.py for tasks to queue
[2024-11-03T05:35:00.249+0000] {logging_mixin.py:190} INFO - [2024-11-03T05:35:00.247+0000] {dagbag.py:588} INFO - Filling up the DagBag from /home/airflow/.local/lib/python3.12/site-packages/airflow/example_dags/tutorial.py
[2024-11-03T05:35:00.295+0000] {processor.py:925} INFO - DAG(s) 'tutorial' retrieved from /home/airflow/.local/lib/python3.12/site-packages/airflow/example_dags/tutorial.py
[2024-11-03T05:35:00.385+0000] {logging_mixin.py:190} INFO - [2024-11-03T05:35:00.384+0000] {dag.py:3239} INFO - Sync 1 DAGs
[2024-11-03T05:35:00.472+0000] {logging_mixin.py:190} INFO - [2024-11-03T05:35:00.471+0000] {dag.py:4180} INFO - Setting next_dagrun for tutorial to 2024-11-02 00:00:00+00:00, run_after=2024-11-03 00:00:00+00:00
[2024-11-03T05:35:00.518+0000] {processor.py:208} INFO - Processing /home/airflow/.local/lib/python3.12/site-packages/airflow/example_dags/tutorial.py took 0.319 seconds
[2024-11-03T05:35:30.682+0000] {processor.py:186} INFO - Started process (PID=3701) to work on /home/airflow/.local/lib/python3.12/site-packages/airflow/example_dags/tutorial.py
[2024-11-03T05:35:30.683+0000] {processor.py:914} INFO - Processing file /home/airflow/.local/lib/python3.12/site-packages/airflow/example_dags/tutorial.py for tasks to queue
[2024-11-03T05:35:30.685+0000] {logging_mixin.py:190} INFO - [2024-11-03T05:35:30.685+0000] {dagbag.py:588} INFO - Filling up the DagBag from /home/airflow/.local/lib/python3.12/site-packages/airflow/example_dags/tutorial.py
[2024-11-03T05:35:30.692+0000] {processor.py:925} INFO - DAG(s) 'tutorial' retrieved from /home/airflow/.local/lib/python3.12/site-packages/airflow/example_dags/tutorial.py
[2024-11-03T05:35:30.712+0000] {logging_mixin.py:190} INFO - [2024-11-03T05:35:30.712+0000] {dag.py:3239} INFO - Sync 1 DAGs
[2024-11-03T05:35:30.737+0000] {logging_mixin.py:190} INFO - [2024-11-03T05:35:30.736+0000] {dag.py:4180} INFO - Setting next_dagrun for tutorial to 2024-11-02 00:00:00+00:00, run_after=2024-11-03 00:00:00+00:00
[2024-11-03T05:35:30.759+0000] {processor.py:208} INFO - Processing /home/airflow/.local/lib/python3.12/site-packages/airflow/example_dags/tutorial.py took 0.083 seconds
[2024-11-03T05:36:01.269+0000] {processor.py:186} INFO - Started process (PID=3992) to work on /home/airflow/.local/lib/python3.12/site-packages/airflow/example_dags/tutorial.py
[2024-11-03T05:36:01.270+0000] {processor.py:914} INFO - Processing file /home/airflow/.local/lib/python3.12/site-packages/airflow/example_dags/tutorial.py for tasks to queue
[2024-11-03T05:36:01.272+0000] {logging_mixin.py:190} INFO - [2024-11-03T05:36:01.272+0000] {dagbag.py:588} INFO - Filling up the DagBag from /home/airflow/.local/lib/python3.12/site-packages/airflow/example_dags/tutorial.py
[2024-11-03T05:36:01.280+0000] {processor.py:925} INFO - DAG(s) 'tutorial' retrieved from /home/airflow/.local/lib/python3.12/site-packages/airflow/example_dags/tutorial.py
[2024-11-03T05:36:01.300+0000] {logging_mixin.py:190} INFO - [2024-11-03T05:36:01.300+0000] {dag.py:3239} INFO - Sync 1 DAGs
[2024-11-03T05:36:01.324+0000] {logging_mixin.py:190} INFO - [2024-11-03T05:36:01.324+0000] {dag.py:4180} INFO - Setting next_dagrun for tutorial to 2024-11-02 00:00:00+00:00, run_after=2024-11-03 00:00:00+00:00
[2024-11-03T05:36:01.348+0000] {processor.py:208} INFO - Processing /home/airflow/.local/lib/python3.12/site-packages/airflow/example_dags/tutorial.py took 0.086 seconds
[2024-11-03T05:36:32.233+0000] {processor.py:186} INFO - Started process (PID=4283) to work on /home/airflow/.local/lib/python3.12/site-packages/airflow/example_dags/tutorial.py
[2024-11-03T05:36:32.234+0000] {processor.py:914} INFO - Processing file /home/airflow/.local/lib/python3.12/site-packages/airflow/example_dags/tutorial.py for tasks to queue
[2024-11-03T05:36:32.237+0000] {logging_mixin.py:190} INFO - [2024-11-03T05:36:32.236+0000] {dagbag.py:588} INFO - Filling up the DagBag from /home/airflow/.local/lib/python3.12/site-packages/airflow/example_dags/tutorial.py
[2024-11-03T05:36:32.245+0000] {processor.py:925} INFO - DAG(s) 'tutorial' retrieved from /home/airflow/.local/lib/python3.12/site-packages/airflow/example_dags/tutorial.py
[2024-11-03T05:36:32.267+0000] {logging_mixin.py:190} INFO - [2024-11-03T05:36:32.267+0000] {dag.py:3239} INFO - Sync 1 DAGs
[2024-11-03T05:36:32.291+0000] {logging_mixin.py:190} INFO - [2024-11-03T05:36:32.290+0000] {dag.py:4180} INFO - Setting next_dagrun for tutorial to 2024-11-02 00:00:00+00:00, run_after=2024-11-03 00:00:00+00:00
[2024-11-03T05:36:32.323+0000] {processor.py:208} INFO - Processing /home/airflow/.local/lib/python3.12/site-packages/airflow/example_dags/tutorial.py took 0.097 seconds
[2024-11-03T05:37:02.398+0000] {processor.py:186} INFO - Started process (PID=4574) to work on /home/airflow/.local/lib/python3.12/site-packages/airflow/example_dags/tutorial.py
[2024-11-03T05:37:02.399+0000] {processor.py:914} INFO - Processing file /home/airflow/.local/lib/python3.12/site-packages/airflow/example_dags/tutorial.py for tasks to queue
[2024-11-03T05:37:02.402+0000] {logging_mixin.py:190} INFO - [2024-11-03T05:37:02.401+0000] {dagbag.py:588} INFO - Filling up the DagBag from /home/airflow/.local/lib/python3.12/site-packages/airflow/example_dags/tutorial.py
[2024-11-03T05:37:02.409+0000] {processor.py:925} INFO - DAG(s) 'tutorial' retrieved from /home/airflow/.local/lib/python3.12/site-packages/airflow/example_dags/tutorial.py
[2024-11-03T05:37:02.431+0000] {logging_mixin.py:190} INFO - [2024-11-03T05:37:02.431+0000] {dag.py:3239} INFO - Sync 1 DAGs
[2024-11-03T05:37:02.455+0000] {logging_mixin.py:190} INFO - [2024-11-03T05:37:02.455+0000] {dag.py:4180} INFO - Setting next_dagrun for tutorial to 2024-11-02 00:00:00+00:00, run_after=2024-11-03 00:00:00+00:00
[2024-11-03T05:37:02.478+0000] {processor.py:208} INFO - Processing /home/airflow/.local/lib/python3.12/site-packages/airflow/example_dags/tutorial.py took 0.086 seconds
[2024-11-03T05:37:32.755+0000] {processor.py:186} INFO - Started process (PID=4865) to work on /home/airflow/.local/lib/python3.12/site-packages/airflow/example_dags/tutorial.py
[2024-11-03T05:37:32.756+0000] {processor.py:914} INFO - Processing file /home/airflow/.local/lib/python3.12/site-packages/airflow/example_dags/tutorial.py for tasks to queue
[2024-11-03T05:37:32.759+0000] {logging_mixin.py:190} INFO - [2024-11-03T05:37:32.759+0000] {dagbag.py:588} INFO - Filling up the DagBag from /home/airflow/.local/lib/python3.12/site-packages/airflow/example_dags/tutorial.py
[2024-11-03T05:37:32.768+0000] {processor.py:925} INFO - DAG(s) 'tutorial' retrieved from /home/airflow/.local/lib/python3.12/site-packages/airflow/example_dags/tutorial.py
[2024-11-03T05:37:32.791+0000] {logging_mixin.py:190} INFO - [2024-11-03T05:37:32.790+0000] {dag.py:3239} INFO - Sync 1 DAGs
[2024-11-03T05:37:32.816+0000] {logging_mixin.py:190} INFO - [2024-11-03T05:37:32.816+0000] {dag.py:4180} INFO - Setting next_dagrun for tutorial to 2024-11-02 00:00:00+00:00, run_after=2024-11-03 00:00:00+00:00
[2024-11-03T05:37:32.837+0000] {processor.py:208} INFO - Processing /home/airflow/.local/lib/python3.12/site-packages/airflow/example_dags/tutorial.py took 0.089 seconds
[2024-11-03T05:38:03.142+0000] {processor.py:186} INFO - Started process (PID=5156) to work on /home/airflow/.local/lib/python3.12/site-packages/airflow/example_dags/tutorial.py
[2024-11-03T05:38:03.143+0000] {processor.py:914} INFO - Processing file /home/airflow/.local/lib/python3.12/site-packages/airflow/example_dags/tutorial.py for tasks to queue
[2024-11-03T05:38:03.145+0000] {logging_mixin.py:190} INFO - [2024-11-03T05:38:03.145+0000] {dagbag.py:588} INFO - Filling up the DagBag from /home/airflow/.local/lib/python3.12/site-packages/airflow/example_dags/tutorial.py
[2024-11-03T05:38:03.153+0000] {processor.py:925} INFO - DAG(s) 'tutorial' retrieved from /home/airflow/.local/lib/python3.12/site-packages/airflow/example_dags/tutorial.py
[2024-11-03T05:38:03.176+0000] {logging_mixin.py:190} INFO - [2024-11-03T05:38:03.176+0000] {dag.py:3239} INFO - Sync 1 DAGs
[2024-11-03T05:38:03.203+0000] {logging_mixin.py:190} INFO - [2024-11-03T05:38:03.202+0000] {dag.py:4180} INFO - Setting next_dagrun for tutorial to 2024-11-02 00:00:00+00:00, run_after=2024-11-03 00:00:00+00:00
[2024-11-03T05:38:03.235+0000] {processor.py:208} INFO - Processing /home/airflow/.local/lib/python3.12/site-packages/airflow/example_dags/tutorial.py took 0.100 seconds
[2024-11-03T05:38:34.036+0000] {processor.py:186} INFO - Started process (PID=5447) to work on /home/airflow/.local/lib/python3.12/site-packages/airflow/example_dags/tutorial.py
[2024-11-03T05:38:34.037+0000] {processor.py:914} INFO - Processing file /home/airflow/.local/lib/python3.12/site-packages/airflow/example_dags/tutorial.py for tasks to queue
[2024-11-03T05:38:34.040+0000] {logging_mixin.py:190} INFO - [2024-11-03T05:38:34.039+0000] {dagbag.py:588} INFO - Filling up the DagBag from /home/airflow/.local/lib/python3.12/site-packages/airflow/example_dags/tutorial.py
[2024-11-03T05:38:34.048+0000] {processor.py:925} INFO - DAG(s) 'tutorial' retrieved from /home/airflow/.local/lib/python3.12/site-packages/airflow/example_dags/tutorial.py
[2024-11-03T05:38:34.069+0000] {logging_mixin.py:190} INFO - [2024-11-03T05:38:34.069+0000] {dag.py:3239} INFO - Sync 1 DAGs
[2024-11-03T05:38:34.092+0000] {logging_mixin.py:190} INFO - [2024-11-03T05:38:34.092+0000] {dag.py:4180} INFO - Setting next_dagrun for tutorial to 2024-11-02 00:00:00+00:00, run_after=2024-11-03 00:00:00+00:00
[2024-11-03T05:38:34.115+0000] {processor.py:208} INFO - Processing /home/airflow/.local/lib/python3.12/site-packages/airflow/example_dags/tutorial.py took 0.085 seconds
[2024-11-03T05:39:04.438+0000] {processor.py:186} INFO - Started process (PID=5738) to work on /home/airflow/.local/lib/python3.12/site-packages/airflow/example_dags/tutorial.py
[2024-11-03T05:39:04.439+0000] {processor.py:914} INFO - Processing file /home/airflow/.local/lib/python3.12/site-packages/airflow/example_dags/tutorial.py for tasks to queue
[2024-11-03T05:39:04.441+0000] {logging_mixin.py:190} INFO - [2024-11-03T05:39:04.441+0000] {dagbag.py:588} INFO - Filling up the DagBag from /home/airflow/.local/lib/python3.12/site-packages/airflow/example_dags/tutorial.py
[2024-11-03T05:39:04.450+0000] {processor.py:925} INFO - DAG(s) 'tutorial' retrieved from /home/airflow/.local/lib/python3.12/site-packages/airflow/example_dags/tutorial.py
[2024-11-03T05:39:04.470+0000] {logging_mixin.py:190} INFO - [2024-11-03T05:39:04.469+0000] {dag.py:3239} INFO - Sync 1 DAGs
[2024-11-03T05:39:04.495+0000] {logging_mixin.py:190} INFO - [2024-11-03T05:39:04.495+0000] {dag.py:4180} INFO - Setting next_dagrun for tutorial to 2024-11-02 00:00:00+00:00, run_after=2024-11-03 00:00:00+00:00
[2024-11-03T05:39:04.516+0000] {processor.py:208} INFO - Processing /home/airflow/.local/lib/python3.12/site-packages/airflow/example_dags/tutorial.py took 0.084 seconds
[2024-11-03T05:39:34.928+0000] {processor.py:186} INFO - Started process (PID=6029) to work on /home/airflow/.local/lib/python3.12/site-packages/airflow/example_dags/tutorial.py
[2024-11-03T05:39:34.929+0000] {processor.py:914} INFO - Processing file /home/airflow/.local/lib/python3.12/site-packages/airflow/example_dags/tutorial.py for tasks to queue
[2024-11-03T05:39:34.932+0000] {logging_mixin.py:190} INFO - [2024-11-03T05:39:34.931+0000] {dagbag.py:588} INFO - Filling up the DagBag from /home/airflow/.local/lib/python3.12/site-packages/airflow/example_dags/tutorial.py
[2024-11-03T05:39:34.940+0000] {processor.py:925} INFO - DAG(s) 'tutorial' retrieved from /home/airflow/.local/lib/python3.12/site-packages/airflow/example_dags/tutorial.py
[2024-11-03T05:39:34.962+0000] {logging_mixin.py:190} INFO - [2024-11-03T05:39:34.961+0000] {dag.py:3239} INFO - Sync 1 DAGs
[2024-11-03T05:39:34.987+0000] {logging_mixin.py:190} INFO - [2024-11-03T05:39:34.987+0000] {dag.py:4180} INFO - Setting next_dagrun for tutorial to 2024-11-02 00:00:00+00:00, run_after=2024-11-03 00:00:00+00:00
[2024-11-03T05:39:35.012+0000] {processor.py:208} INFO - Processing /home/airflow/.local/lib/python3.12/site-packages/airflow/example_dags/tutorial.py took 0.090 seconds
[2024-11-03T05:40:05.309+0000] {processor.py:186} INFO - Started process (PID=6320) to work on /home/airflow/.local/lib/python3.12/site-packages/airflow/example_dags/tutorial.py
[2024-11-03T05:40:05.310+0000] {processor.py:914} INFO - Processing file /home/airflow/.local/lib/python3.12/site-packages/airflow/example_dags/tutorial.py for tasks to queue
[2024-11-03T05:40:05.313+0000] {logging_mixin.py:190} INFO - [2024-11-03T05:40:05.312+0000] {dagbag.py:588} INFO - Filling up the DagBag from /home/airflow/.local/lib/python3.12/site-packages/airflow/example_dags/tutorial.py
[2024-11-03T05:40:05.321+0000] {processor.py:925} INFO - DAG(s) 'tutorial' retrieved from /home/airflow/.local/lib/python3.12/site-packages/airflow/example_dags/tutorial.py
[2024-11-03T05:40:05.350+0000] {logging_mixin.py:190} INFO - [2024-11-03T05:40:05.349+0000] {dag.py:3239} INFO - Sync 1 DAGs
[2024-11-03T05:40:05.404+0000] {logging_mixin.py:190} INFO - [2024-11-03T05:40:05.404+0000] {dag.py:4180} INFO - Setting next_dagrun for tutorial to 2024-11-02 00:00:00+00:00, run_after=2024-11-03 00:00:00+00:00
[2024-11-03T05:40:05.445+0000] {processor.py:208} INFO - Processing /home/airflow/.local/lib/python3.12/site-packages/airflow/example_dags/tutorial.py took 0.142 seconds
[2024-11-03T05:40:35.564+0000] {processor.py:186} INFO - Started process (PID=6611) to work on /home/airflow/.local/lib/python3.12/site-packages/airflow/example_dags/tutorial.py
[2024-11-03T05:40:35.565+0000] {processor.py:914} INFO - Processing file /home/airflow/.local/lib/python3.12/site-packages/airflow/example_dags/tutorial.py for tasks to queue
[2024-11-03T05:40:35.569+0000] {logging_mixin.py:190} INFO - [2024-11-03T05:40:35.569+0000] {dagbag.py:588} INFO - Filling up the DagBag from /home/airflow/.local/lib/python3.12/site-packages/airflow/example_dags/tutorial.py
[2024-11-03T05:40:35.578+0000] {processor.py:925} INFO - DAG(s) 'tutorial' retrieved from /home/airflow/.local/lib/python3.12/site-packages/airflow/example_dags/tutorial.py
[2024-11-03T05:40:35.607+0000] {logging_mixin.py:190} INFO - [2024-11-03T05:40:35.606+0000] {dag.py:3239} INFO - Sync 1 DAGs
[2024-11-03T05:40:35.640+0000] {logging_mixin.py:190} INFO - [2024-11-03T05:40:35.640+0000] {dag.py:4180} INFO - Setting next_dagrun for tutorial to 2024-11-02 00:00:00+00:00, run_after=2024-11-03 00:00:00+00:00
[2024-11-03T05:40:35.663+0000] {processor.py:208} INFO - Processing /home/airflow/.local/lib/python3.12/site-packages/airflow/example_dags/tutorial.py took 0.107 seconds
[2024-11-03T05:41:06.300+0000] {processor.py:186} INFO - Started process (PID=6902) to work on /home/airflow/.local/lib/python3.12/site-packages/airflow/example_dags/tutorial.py
[2024-11-03T05:41:06.301+0000] {processor.py:914} INFO - Processing file /home/airflow/.local/lib/python3.12/site-packages/airflow/example_dags/tutorial.py for tasks to queue
[2024-11-03T05:41:06.303+0000] {logging_mixin.py:190} INFO - [2024-11-03T05:41:06.303+0000] {dagbag.py:588} INFO - Filling up the DagBag from /home/airflow/.local/lib/python3.12/site-packages/airflow/example_dags/tutorial.py
[2024-11-03T05:41:06.311+0000] {processor.py:925} INFO - DAG(s) 'tutorial' retrieved from /home/airflow/.local/lib/python3.12/site-packages/airflow/example_dags/tutorial.py
[2024-11-03T05:41:06.332+0000] {logging_mixin.py:190} INFO - [2024-11-03T05:41:06.331+0000] {dag.py:3239} INFO - Sync 1 DAGs
[2024-11-03T05:41:06.355+0000] {logging_mixin.py:190} INFO - [2024-11-03T05:41:06.355+0000] {dag.py:4180} INFO - Setting next_dagrun for tutorial to 2024-11-02 00:00:00+00:00, run_after=2024-11-03 00:00:00+00:00
[2024-11-03T05:41:06.380+0000] {processor.py:208} INFO - Processing /home/airflow/.local/lib/python3.12/site-packages/airflow/example_dags/tutorial.py took 0.086 seconds
[2024-11-03T05:41:37.044+0000] {processor.py:186} INFO - Started process (PID=7193) to work on /home/airflow/.local/lib/python3.12/site-packages/airflow/example_dags/tutorial.py
[2024-11-03T05:41:37.046+0000] {processor.py:914} INFO - Processing file /home/airflow/.local/lib/python3.12/site-packages/airflow/example_dags/tutorial.py for tasks to queue
[2024-11-03T05:41:37.049+0000] {logging_mixin.py:190} INFO - [2024-11-03T05:41:37.049+0000] {dagbag.py:588} INFO - Filling up the DagBag from /home/airflow/.local/lib/python3.12/site-packages/airflow/example_dags/tutorial.py
[2024-11-03T05:41:37.057+0000] {processor.py:925} INFO - DAG(s) 'tutorial' retrieved from /home/airflow/.local/lib/python3.12/site-packages/airflow/example_dags/tutorial.py
[2024-11-03T05:41:37.077+0000] {logging_mixin.py:190} INFO - [2024-11-03T05:41:37.077+0000] {dag.py:3239} INFO - Sync 1 DAGs
[2024-11-03T05:41:37.101+0000] {logging_mixin.py:190} INFO - [2024-11-03T05:41:37.101+0000] {dag.py:4180} INFO - Setting next_dagrun for tutorial to 2024-11-02 00:00:00+00:00, run_after=2024-11-03 00:00:00+00:00
[2024-11-03T05:41:37.124+0000] {processor.py:208} INFO - Processing /home/airflow/.local/lib/python3.12/site-packages/airflow/example_dags/tutorial.py took 0.086 seconds
[2024-11-03T05:42:07.388+0000] {processor.py:186} INFO - Started process (PID=7484) to work on /home/airflow/.local/lib/python3.12/site-packages/airflow/example_dags/tutorial.py
[2024-11-03T05:42:07.389+0000] {processor.py:914} INFO - Processing file /home/airflow/.local/lib/python3.12/site-packages/airflow/example_dags/tutorial.py for tasks to queue
[2024-11-03T05:42:07.391+0000] {logging_mixin.py:190} INFO - [2024-11-03T05:42:07.391+0000] {dagbag.py:588} INFO - Filling up the DagBag from /home/airflow/.local/lib/python3.12/site-packages/airflow/example_dags/tutorial.py
[2024-11-03T05:42:07.399+0000] {processor.py:925} INFO - DAG(s) 'tutorial' retrieved from /home/airflow/.local/lib/python3.12/site-packages/airflow/example_dags/tutorial.py
[2024-11-03T05:42:07.419+0000] {logging_mixin.py:190} INFO - [2024-11-03T05:42:07.419+0000] {dag.py:3239} INFO - Sync 1 DAGs
[2024-11-03T05:42:07.443+0000] {logging_mixin.py:190} INFO - [2024-11-03T05:42:07.442+0000] {dag.py:4180} INFO - Setting next_dagrun for tutorial to 2024-11-02 00:00:00+00:00, run_after=2024-11-03 00:00:00+00:00
[2024-11-03T05:42:07.464+0000] {processor.py:208} INFO - Processing /home/airflow/.local/lib/python3.12/site-packages/airflow/example_dags/tutorial.py took 0.082 seconds
[2024-11-03T05:42:37.604+0000] {processor.py:186} INFO - Started process (PID=7776) to work on /home/airflow/.local/lib/python3.12/site-packages/airflow/example_dags/tutorial.py
[2024-11-03T05:42:37.605+0000] {processor.py:914} INFO - Processing file /home/airflow/.local/lib/python3.12/site-packages/airflow/example_dags/tutorial.py for tasks to queue
[2024-11-03T05:42:37.607+0000] {logging_mixin.py:190} INFO - [2024-11-03T05:42:37.607+0000] {dagbag.py:588} INFO - Filling up the DagBag from /home/airflow/.local/lib/python3.12/site-packages/airflow/example_dags/tutorial.py
[2024-11-03T05:42:37.615+0000] {processor.py:925} INFO - DAG(s) 'tutorial' retrieved from /home/airflow/.local/lib/python3.12/site-packages/airflow/example_dags/tutorial.py
[2024-11-03T05:42:37.635+0000] {logging_mixin.py:190} INFO - [2024-11-03T05:42:37.635+0000] {dag.py:3239} INFO - Sync 1 DAGs
[2024-11-03T05:42:37.658+0000] {logging_mixin.py:190} INFO - [2024-11-03T05:42:37.658+0000] {dag.py:4180} INFO - Setting next_dagrun for tutorial to 2024-11-02 00:00:00+00:00, run_after=2024-11-03 00:00:00+00:00
[2024-11-03T05:42:37.679+0000] {processor.py:208} INFO - Processing /home/airflow/.local/lib/python3.12/site-packages/airflow/example_dags/tutorial.py took 0.082 seconds
[2024-11-03T05:43:08.160+0000] {processor.py:186} INFO - Started process (PID=8067) to work on /home/airflow/.local/lib/python3.12/site-packages/airflow/example_dags/tutorial.py
[2024-11-03T05:43:08.161+0000] {processor.py:914} INFO - Processing file /home/airflow/.local/lib/python3.12/site-packages/airflow/example_dags/tutorial.py for tasks to queue
[2024-11-03T05:43:08.164+0000] {logging_mixin.py:190} INFO - [2024-11-03T05:43:08.164+0000] {dagbag.py:588} INFO - Filling up the DagBag from /home/airflow/.local/lib/python3.12/site-packages/airflow/example_dags/tutorial.py
[2024-11-03T05:43:08.172+0000] {processor.py:925} INFO - DAG(s) 'tutorial' retrieved from /home/airflow/.local/lib/python3.12/site-packages/airflow/example_dags/tutorial.py
[2024-11-03T05:43:08.193+0000] {logging_mixin.py:190} INFO - [2024-11-03T05:43:08.193+0000] {dag.py:3239} INFO - Sync 1 DAGs
[2024-11-03T05:43:08.218+0000] {logging_mixin.py:190} INFO - [2024-11-03T05:43:08.218+0000] {dag.py:4180} INFO - Setting next_dagrun for tutorial to 2024-11-02 00:00:00+00:00, run_after=2024-11-03 00:00:00+00:00
[2024-11-03T05:43:08.241+0000] {processor.py:208} INFO - Processing /home/airflow/.local/lib/python3.12/site-packages/airflow/example_dags/tutorial.py took 0.087 seconds
[2024-11-03T05:43:38.341+0000] {processor.py:186} INFO - Started process (PID=8358) to work on /home/airflow/.local/lib/python3.12/site-packages/airflow/example_dags/tutorial.py
[2024-11-03T05:43:38.343+0000] {processor.py:914} INFO - Processing file /home/airflow/.local/lib/python3.12/site-packages/airflow/example_dags/tutorial.py for tasks to queue
[2024-11-03T05:43:38.346+0000] {logging_mixin.py:190} INFO - [2024-11-03T05:43:38.345+0000] {dagbag.py:588} INFO - Filling up the DagBag from /home/airflow/.local/lib/python3.12/site-packages/airflow/example_dags/tutorial.py
[2024-11-03T05:43:38.354+0000] {processor.py:925} INFO - DAG(s) 'tutorial' retrieved from /home/airflow/.local/lib/python3.12/site-packages/airflow/example_dags/tutorial.py
[2024-11-03T05:43:38.376+0000] {logging_mixin.py:190} INFO - [2024-11-03T05:43:38.376+0000] {dag.py:3239} INFO - Sync 1 DAGs
[2024-11-03T05:43:38.401+0000] {logging_mixin.py:190} INFO - [2024-11-03T05:43:38.401+0000] {dag.py:4180} INFO - Setting next_dagrun for tutorial to 2024-11-02 00:00:00+00:00, run_after=2024-11-03 00:00:00+00:00
[2024-11-03T05:43:38.433+0000] {processor.py:208} INFO - Processing /home/airflow/.local/lib/python3.12/site-packages/airflow/example_dags/tutorial.py took 0.099 seconds
[2024-11-03T05:44:08.637+0000] {processor.py:186} INFO - Started process (PID=8649) to work on /home/airflow/.local/lib/python3.12/site-packages/airflow/example_dags/tutorial.py
[2024-11-03T05:44:08.638+0000] {processor.py:914} INFO - Processing file /home/airflow/.local/lib/python3.12/site-packages/airflow/example_dags/tutorial.py for tasks to queue
[2024-11-03T05:44:08.640+0000] {logging_mixin.py:190} INFO - [2024-11-03T05:44:08.640+0000] {dagbag.py:588} INFO - Filling up the DagBag from /home/airflow/.local/lib/python3.12/site-packages/airflow/example_dags/tutorial.py
[2024-11-03T05:44:08.648+0000] {processor.py:925} INFO - DAG(s) 'tutorial' retrieved from /home/airflow/.local/lib/python3.12/site-packages/airflow/example_dags/tutorial.py
[2024-11-03T05:44:08.670+0000] {logging_mixin.py:190} INFO - [2024-11-03T05:44:08.670+0000] {dag.py:3239} INFO - Sync 1 DAGs
[2024-11-03T05:44:08.707+0000] {logging_mixin.py:190} INFO - [2024-11-03T05:44:08.707+0000] {dag.py:4180} INFO - Setting next_dagrun for tutorial to 2024-11-02 00:00:00+00:00, run_after=2024-11-03 00:00:00+00:00
[2024-11-03T05:44:08.735+0000] {processor.py:208} INFO - Processing /home/airflow/.local/lib/python3.12/site-packages/airflow/example_dags/tutorial.py took 0.104 seconds
[2024-11-03T05:44:38.908+0000] {processor.py:186} INFO - Started process (PID=8940) to work on /home/airflow/.local/lib/python3.12/site-packages/airflow/example_dags/tutorial.py
[2024-11-03T05:44:38.909+0000] {processor.py:914} INFO - Processing file /home/airflow/.local/lib/python3.12/site-packages/airflow/example_dags/tutorial.py for tasks to queue
[2024-11-03T05:44:38.912+0000] {logging_mixin.py:190} INFO - [2024-11-03T05:44:38.911+0000] {dagbag.py:588} INFO - Filling up the DagBag from /home/airflow/.local/lib/python3.12/site-packages/airflow/example_dags/tutorial.py
[2024-11-03T05:44:38.922+0000] {processor.py:925} INFO - DAG(s) 'tutorial' retrieved from /home/airflow/.local/lib/python3.12/site-packages/airflow/example_dags/tutorial.py
[2024-11-03T05:44:38.945+0000] {logging_mixin.py:190} INFO - [2024-11-03T05:44:38.945+0000] {dag.py:3239} INFO - Sync 1 DAGs
[2024-11-03T05:44:38.973+0000] {logging_mixin.py:190} INFO - [2024-11-03T05:44:38.973+0000] {dag.py:4180} INFO - Setting next_dagrun for tutorial to 2024-11-02 00:00:00+00:00, run_after=2024-11-03 00:00:00+00:00
[2024-11-03T05:44:38.996+0000] {processor.py:208} INFO - Processing /home/airflow/.local/lib/python3.12/site-packages/airflow/example_dags/tutorial.py took 0.094 seconds
[2024-11-03T05:45:09.164+0000] {processor.py:186} INFO - Started process (PID=9231) to work on /home/airflow/.local/lib/python3.12/site-packages/airflow/example_dags/tutorial.py
[2024-11-03T05:45:09.165+0000] {processor.py:914} INFO - Processing file /home/airflow/.local/lib/python3.12/site-packages/airflow/example_dags/tutorial.py for tasks to queue
[2024-11-03T05:45:09.168+0000] {logging_mixin.py:190} INFO - [2024-11-03T05:45:09.167+0000] {dagbag.py:588} INFO - Filling up the DagBag from /home/airflow/.local/lib/python3.12/site-packages/airflow/example_dags/tutorial.py
[2024-11-03T05:45:09.176+0000] {processor.py:925} INFO - DAG(s) 'tutorial' retrieved from /home/airflow/.local/lib/python3.12/site-packages/airflow/example_dags/tutorial.py
[2024-11-03T05:45:09.196+0000] {logging_mixin.py:190} INFO - [2024-11-03T05:45:09.196+0000] {dag.py:3239} INFO - Sync 1 DAGs
[2024-11-03T05:45:09.220+0000] {logging_mixin.py:190} INFO - [2024-11-03T05:45:09.220+0000] {dag.py:4180} INFO - Setting next_dagrun for tutorial to 2024-11-02 00:00:00+00:00, run_after=2024-11-03 00:00:00+00:00
[2024-11-03T05:45:09.242+0000] {processor.py:208} INFO - Processing /home/airflow/.local/lib/python3.12/site-packages/airflow/example_dags/tutorial.py took 0.084 seconds
[2024-11-03T05:45:39.457+0000] {processor.py:186} INFO - Started process (PID=9522) to work on /home/airflow/.local/lib/python3.12/site-packages/airflow/example_dags/tutorial.py
[2024-11-03T05:45:39.459+0000] {processor.py:914} INFO - Processing file /home/airflow/.local/lib/python3.12/site-packages/airflow/example_dags/tutorial.py for tasks to queue
[2024-11-03T05:45:39.461+0000] {logging_mixin.py:190} INFO - [2024-11-03T05:45:39.461+0000] {dagbag.py:588} INFO - Filling up the DagBag from /home/airflow/.local/lib/python3.12/site-packages/airflow/example_dags/tutorial.py
[2024-11-03T05:45:39.469+0000] {processor.py:925} INFO - DAG(s) 'tutorial' retrieved from /home/airflow/.local/lib/python3.12/site-packages/airflow/example_dags/tutorial.py
[2024-11-03T05:45:39.489+0000] {logging_mixin.py:190} INFO - [2024-11-03T05:45:39.488+0000] {dag.py:3239} INFO - Sync 1 DAGs
[2024-11-03T05:45:39.513+0000] {logging_mixin.py:190} INFO - [2024-11-03T05:45:39.512+0000] {dag.py:4180} INFO - Setting next_dagrun for tutorial to 2024-11-02 00:00:00+00:00, run_after=2024-11-03 00:00:00+00:00
[2024-11-03T05:45:39.533+0000] {processor.py:208} INFO - Processing /home/airflow/.local/lib/python3.12/site-packages/airflow/example_dags/tutorial.py took 0.081 seconds
[2024-11-03T05:46:09.766+0000] {processor.py:186} INFO - Started process (PID=9813) to work on /home/airflow/.local/lib/python3.12/site-packages/airflow/example_dags/tutorial.py
[2024-11-03T05:46:09.767+0000] {processor.py:914} INFO - Processing file /home/airflow/.local/lib/python3.12/site-packages/airflow/example_dags/tutorial.py for tasks to queue
[2024-11-03T05:46:09.770+0000] {logging_mixin.py:190} INFO - [2024-11-03T05:46:09.769+0000] {dagbag.py:588} INFO - Filling up the DagBag from /home/airflow/.local/lib/python3.12/site-packages/airflow/example_dags/tutorial.py
[2024-11-03T05:46:09.777+0000] {processor.py:925} INFO - DAG(s) 'tutorial' retrieved from /home/airflow/.local/lib/python3.12/site-packages/airflow/example_dags/tutorial.py
[2024-11-03T05:46:09.799+0000] {logging_mixin.py:190} INFO - [2024-11-03T05:46:09.799+0000] {dag.py:3239} INFO - Sync 1 DAGs
[2024-11-03T05:46:09.824+0000] {logging_mixin.py:190} INFO - [2024-11-03T05:46:09.824+0000] {dag.py:4180} INFO - Setting next_dagrun for tutorial to 2024-11-02 00:00:00+00:00, run_after=2024-11-03 00:00:00+00:00
[2024-11-03T05:46:09.849+0000] {processor.py:208} INFO - Processing /home/airflow/.local/lib/python3.12/site-packages/airflow/example_dags/tutorial.py took 0.089 seconds
[2024-11-03T05:46:40.014+0000] {processor.py:186} INFO - Started process (PID=10104) to work on /home/airflow/.local/lib/python3.12/site-packages/airflow/example_dags/tutorial.py
[2024-11-03T05:46:40.015+0000] {processor.py:914} INFO - Processing file /home/airflow/.local/lib/python3.12/site-packages/airflow/example_dags/tutorial.py for tasks to queue
[2024-11-03T05:46:40.017+0000] {logging_mixin.py:190} INFO - [2024-11-03T05:46:40.017+0000] {dagbag.py:588} INFO - Filling up the DagBag from /home/airflow/.local/lib/python3.12/site-packages/airflow/example_dags/tutorial.py
[2024-11-03T05:46:40.025+0000] {processor.py:925} INFO - DAG(s) 'tutorial' retrieved from /home/airflow/.local/lib/python3.12/site-packages/airflow/example_dags/tutorial.py
[2024-11-03T05:46:40.046+0000] {logging_mixin.py:190} INFO - [2024-11-03T05:46:40.046+0000] {dag.py:3239} INFO - Sync 1 DAGs
[2024-11-03T05:46:40.071+0000] {logging_mixin.py:190} INFO - [2024-11-03T05:46:40.071+0000] {dag.py:4180} INFO - Setting next_dagrun for tutorial to 2024-11-02 00:00:00+00:00, run_after=2024-11-03 00:00:00+00:00
[2024-11-03T05:46:40.093+0000] {processor.py:208} INFO - Processing /home/airflow/.local/lib/python3.12/site-packages/airflow/example_dags/tutorial.py took 0.085 seconds
[2024-11-03T05:47:10.305+0000] {processor.py:186} INFO - Started process (PID=10395) to work on /home/airflow/.local/lib/python3.12/site-packages/airflow/example_dags/tutorial.py
[2024-11-03T05:47:10.306+0000] {processor.py:914} INFO - Processing file /home/airflow/.local/lib/python3.12/site-packages/airflow/example_dags/tutorial.py for tasks to queue
[2024-11-03T05:47:10.308+0000] {logging_mixin.py:190} INFO - [2024-11-03T05:47:10.308+0000] {dagbag.py:588} INFO - Filling up the DagBag from /home/airflow/.local/lib/python3.12/site-packages/airflow/example_dags/tutorial.py
[2024-11-03T05:47:10.316+0000] {processor.py:925} INFO - DAG(s) 'tutorial' retrieved from /home/airflow/.local/lib/python3.12/site-packages/airflow/example_dags/tutorial.py
[2024-11-03T05:47:10.336+0000] {logging_mixin.py:190} INFO - [2024-11-03T05:47:10.336+0000] {dag.py:3239} INFO - Sync 1 DAGs
[2024-11-03T05:47:10.361+0000] {logging_mixin.py:190} INFO - [2024-11-03T05:47:10.361+0000] {dag.py:4180} INFO - Setting next_dagrun for tutorial to 2024-11-02 00:00:00+00:00, run_after=2024-11-03 00:00:00+00:00
[2024-11-03T05:47:10.384+0000] {processor.py:208} INFO - Processing /home/airflow/.local/lib/python3.12/site-packages/airflow/example_dags/tutorial.py took 0.086 seconds
[2024-11-03T05:47:40.806+0000] {processor.py:186} INFO - Started process (PID=10686) to work on /home/airflow/.local/lib/python3.12/site-packages/airflow/example_dags/tutorial.py
[2024-11-03T05:47:40.807+0000] {processor.py:914} INFO - Processing file /home/airflow/.local/lib/python3.12/site-packages/airflow/example_dags/tutorial.py for tasks to queue
[2024-11-03T05:47:40.809+0000] {logging_mixin.py:190} INFO - [2024-11-03T05:47:40.809+0000] {dagbag.py:588} INFO - Filling up the DagBag from /home/airflow/.local/lib/python3.12/site-packages/airflow/example_dags/tutorial.py
[2024-11-03T05:47:40.817+0000] {processor.py:925} INFO - DAG(s) 'tutorial' retrieved from /home/airflow/.local/lib/python3.12/site-packages/airflow/example_dags/tutorial.py
[2024-11-03T05:47:40.837+0000] {logging_mixin.py:190} INFO - [2024-11-03T05:47:40.837+0000] {dag.py:3239} INFO - Sync 1 DAGs
[2024-11-03T05:47:40.862+0000] {logging_mixin.py:190} INFO - [2024-11-03T05:47:40.862+0000] {dag.py:4180} INFO - Setting next_dagrun for tutorial to 2024-11-02 00:00:00+00:00, run_after=2024-11-03 00:00:00+00:00
[2024-11-03T05:47:40.883+0000] {processor.py:208} INFO - Processing /home/airflow/.local/lib/python3.12/site-packages/airflow/example_dags/tutorial.py took 0.083 seconds
[2024-11-03T05:48:11.118+0000] {processor.py:186} INFO - Started process (PID=10977) to work on /home/airflow/.local/lib/python3.12/site-packages/airflow/example_dags/tutorial.py
[2024-11-03T05:48:11.119+0000] {processor.py:914} INFO - Processing file /home/airflow/.local/lib/python3.12/site-packages/airflow/example_dags/tutorial.py for tasks to queue
[2024-11-03T05:48:11.122+0000] {logging_mixin.py:190} INFO - [2024-11-03T05:48:11.121+0000] {dagbag.py:588} INFO - Filling up the DagBag from /home/airflow/.local/lib/python3.12/site-packages/airflow/example_dags/tutorial.py
[2024-11-03T05:48:11.130+0000] {processor.py:925} INFO - DAG(s) 'tutorial' retrieved from /home/airflow/.local/lib/python3.12/site-packages/airflow/example_dags/tutorial.py
[2024-11-03T05:48:11.150+0000] {logging_mixin.py:190} INFO - [2024-11-03T05:48:11.150+0000] {dag.py:3239} INFO - Sync 1 DAGs
[2024-11-03T05:48:11.175+0000] {logging_mixin.py:190} INFO - [2024-11-03T05:48:11.175+0000] {dag.py:4180} INFO - Setting next_dagrun for tutorial to 2024-11-02 00:00:00+00:00, run_after=2024-11-03 00:00:00+00:00
[2024-11-03T05:48:11.197+0000] {processor.py:208} INFO - Processing /home/airflow/.local/lib/python3.12/site-packages/airflow/example_dags/tutorial.py took 0.085 seconds
[2024-11-03T05:48:41.261+0000] {processor.py:186} INFO - Started process (PID=11268) to work on /home/airflow/.local/lib/python3.12/site-packages/airflow/example_dags/tutorial.py
[2024-11-03T05:48:41.262+0000] {processor.py:914} INFO - Processing file /home/airflow/.local/lib/python3.12/site-packages/airflow/example_dags/tutorial.py for tasks to queue
[2024-11-03T05:48:41.265+0000] {logging_mixin.py:190} INFO - [2024-11-03T05:48:41.264+0000] {dagbag.py:588} INFO - Filling up the DagBag from /home/airflow/.local/lib/python3.12/site-packages/airflow/example_dags/tutorial.py
[2024-11-03T05:48:41.272+0000] {processor.py:925} INFO - DAG(s) 'tutorial' retrieved from /home/airflow/.local/lib/python3.12/site-packages/airflow/example_dags/tutorial.py
[2024-11-03T05:48:41.292+0000] {logging_mixin.py:190} INFO - [2024-11-03T05:48:41.292+0000] {dag.py:3239} INFO - Sync 1 DAGs
[2024-11-03T05:48:41.316+0000] {logging_mixin.py:190} INFO - [2024-11-03T05:48:41.316+0000] {dag.py:4180} INFO - Setting next_dagrun for tutorial to 2024-11-02 00:00:00+00:00, run_after=2024-11-03 00:00:00+00:00
[2024-11-03T05:48:41.338+0000] {processor.py:208} INFO - Processing /home/airflow/.local/lib/python3.12/site-packages/airflow/example_dags/tutorial.py took 0.083 seconds
[2024-11-03T05:49:11.382+0000] {processor.py:186} INFO - Started process (PID=11559) to work on /home/airflow/.local/lib/python3.12/site-packages/airflow/example_dags/tutorial.py
[2024-11-03T05:49:11.383+0000] {processor.py:914} INFO - Processing file /home/airflow/.local/lib/python3.12/site-packages/airflow/example_dags/tutorial.py for tasks to queue
[2024-11-03T05:49:11.386+0000] {logging_mixin.py:190} INFO - [2024-11-03T05:49:11.386+0000] {dagbag.py:588} INFO - Filling up the DagBag from /home/airflow/.local/lib/python3.12/site-packages/airflow/example_dags/tutorial.py
[2024-11-03T05:49:11.393+0000] {processor.py:925} INFO - DAG(s) 'tutorial' retrieved from /home/airflow/.local/lib/python3.12/site-packages/airflow/example_dags/tutorial.py
[2024-11-03T05:49:11.413+0000] {logging_mixin.py:190} INFO - [2024-11-03T05:49:11.413+0000] {dag.py:3239} INFO - Sync 1 DAGs
[2024-11-03T05:49:11.438+0000] {logging_mixin.py:190} INFO - [2024-11-03T05:49:11.438+0000] {dag.py:4180} INFO - Setting next_dagrun for tutorial to 2024-11-02 00:00:00+00:00, run_after=2024-11-03 00:00:00+00:00
[2024-11-03T05:49:11.462+0000] {processor.py:208} INFO - Processing /home/airflow/.local/lib/python3.12/site-packages/airflow/example_dags/tutorial.py took 0.085 seconds
[2024-11-03T05:49:41.829+0000] {processor.py:186} INFO - Started process (PID=11850) to work on /home/airflow/.local/lib/python3.12/site-packages/airflow/example_dags/tutorial.py
[2024-11-03T05:49:41.831+0000] {processor.py:914} INFO - Processing file /home/airflow/.local/lib/python3.12/site-packages/airflow/example_dags/tutorial.py for tasks to queue
[2024-11-03T05:49:41.833+0000] {logging_mixin.py:190} INFO - [2024-11-03T05:49:41.833+0000] {dagbag.py:588} INFO - Filling up the DagBag from /home/airflow/.local/lib/python3.12/site-packages/airflow/example_dags/tutorial.py
[2024-11-03T05:49:41.840+0000] {processor.py:925} INFO - DAG(s) 'tutorial' retrieved from /home/airflow/.local/lib/python3.12/site-packages/airflow/example_dags/tutorial.py
[2024-11-03T05:49:41.861+0000] {logging_mixin.py:190} INFO - [2024-11-03T05:49:41.860+0000] {dag.py:3239} INFO - Sync 1 DAGs
[2024-11-03T05:49:41.885+0000] {logging_mixin.py:190} INFO - [2024-11-03T05:49:41.885+0000] {dag.py:4180} INFO - Setting next_dagrun for tutorial to 2024-11-02 00:00:00+00:00, run_after=2024-11-03 00:00:00+00:00
[2024-11-03T05:49:41.907+0000] {processor.py:208} INFO - Processing /home/airflow/.local/lib/python3.12/site-packages/airflow/example_dags/tutorial.py took 0.084 seconds
[2024-11-03T05:50:12.473+0000] {processor.py:186} INFO - Started process (PID=12141) to work on /home/airflow/.local/lib/python3.12/site-packages/airflow/example_dags/tutorial.py
[2024-11-03T05:50:12.474+0000] {processor.py:914} INFO - Processing file /home/airflow/.local/lib/python3.12/site-packages/airflow/example_dags/tutorial.py for tasks to queue
[2024-11-03T05:50:12.477+0000] {logging_mixin.py:190} INFO - [2024-11-03T05:50:12.477+0000] {dagbag.py:588} INFO - Filling up the DagBag from /home/airflow/.local/lib/python3.12/site-packages/airflow/example_dags/tutorial.py
[2024-11-03T05:50:12.484+0000] {processor.py:925} INFO - DAG(s) 'tutorial' retrieved from /home/airflow/.local/lib/python3.12/site-packages/airflow/example_dags/tutorial.py
[2024-11-03T05:50:12.505+0000] {logging_mixin.py:190} INFO - [2024-11-03T05:50:12.505+0000] {dag.py:3239} INFO - Sync 1 DAGs
[2024-11-03T05:50:12.529+0000] {logging_mixin.py:190} INFO - [2024-11-03T05:50:12.529+0000] {dag.py:4180} INFO - Setting next_dagrun for tutorial to 2024-11-02 00:00:00+00:00, run_after=2024-11-03 00:00:00+00:00
[2024-11-03T05:50:12.560+0000] {processor.py:208} INFO - Processing /home/airflow/.local/lib/python3.12/site-packages/airflow/example_dags/tutorial.py took 0.093 seconds
[2024-11-03T05:50:42.967+0000] {processor.py:186} INFO - Started process (PID=12432) to work on /home/airflow/.local/lib/python3.12/site-packages/airflow/example_dags/tutorial.py
[2024-11-03T05:50:42.968+0000] {processor.py:914} INFO - Processing file /home/airflow/.local/lib/python3.12/site-packages/airflow/example_dags/tutorial.py for tasks to queue
[2024-11-03T05:50:42.971+0000] {logging_mixin.py:190} INFO - [2024-11-03T05:50:42.970+0000] {dagbag.py:588} INFO - Filling up the DagBag from /home/airflow/.local/lib/python3.12/site-packages/airflow/example_dags/tutorial.py
[2024-11-03T05:50:42.978+0000] {processor.py:925} INFO - DAG(s) 'tutorial' retrieved from /home/airflow/.local/lib/python3.12/site-packages/airflow/example_dags/tutorial.py
[2024-11-03T05:50:42.998+0000] {logging_mixin.py:190} INFO - [2024-11-03T05:50:42.998+0000] {dag.py:3239} INFO - Sync 1 DAGs
[2024-11-03T05:50:43.021+0000] {logging_mixin.py:190} INFO - [2024-11-03T05:50:43.021+0000] {dag.py:4180} INFO - Setting next_dagrun for tutorial to 2024-11-02 00:00:00+00:00, run_after=2024-11-03 00:00:00+00:00
[2024-11-03T05:50:43.043+0000] {processor.py:208} INFO - Processing /home/airflow/.local/lib/python3.12/site-packages/airflow/example_dags/tutorial.py took 0.082 seconds
[2024-11-03T05:51:13.582+0000] {processor.py:186} INFO - Started process (PID=12723) to work on /home/airflow/.local/lib/python3.12/site-packages/airflow/example_dags/tutorial.py
[2024-11-03T05:51:13.583+0000] {processor.py:914} INFO - Processing file /home/airflow/.local/lib/python3.12/site-packages/airflow/example_dags/tutorial.py for tasks to queue
[2024-11-03T05:51:13.588+0000] {logging_mixin.py:190} INFO - [2024-11-03T05:51:13.587+0000] {dagbag.py:588} INFO - Filling up the DagBag from /home/airflow/.local/lib/python3.12/site-packages/airflow/example_dags/tutorial.py
[2024-11-03T05:51:13.595+0000] {processor.py:925} INFO - DAG(s) 'tutorial' retrieved from /home/airflow/.local/lib/python3.12/site-packages/airflow/example_dags/tutorial.py
[2024-11-03T05:51:13.620+0000] {logging_mixin.py:190} INFO - [2024-11-03T05:51:13.619+0000] {dag.py:3239} INFO - Sync 1 DAGs
[2024-11-03T05:51:13.649+0000] {logging_mixin.py:190} INFO - [2024-11-03T05:51:13.648+0000] {dag.py:4180} INFO - Setting next_dagrun for tutorial to 2024-11-02 00:00:00+00:00, run_after=2024-11-03 00:00:00+00:00
[2024-11-03T05:51:13.676+0000] {processor.py:208} INFO - Processing /home/airflow/.local/lib/python3.12/site-packages/airflow/example_dags/tutorial.py took 0.100 seconds
[2024-11-03T05:52:49.328+0000] {processor.py:186} INFO - Started process (PID=186) to work on /home/airflow/.local/lib/python3.12/site-packages/airflow/example_dags/tutorial.py
[2024-11-03T05:52:49.329+0000] {processor.py:914} INFO - Processing file /home/airflow/.local/lib/python3.12/site-packages/airflow/example_dags/tutorial.py for tasks to queue
[2024-11-03T05:52:49.332+0000] {logging_mixin.py:190} INFO - [2024-11-03T05:52:49.332+0000] {dagbag.py:588} INFO - Filling up the DagBag from /home/airflow/.local/lib/python3.12/site-packages/airflow/example_dags/tutorial.py
[2024-11-03T05:52:49.342+0000] {processor.py:925} INFO - DAG(s) 'tutorial' retrieved from /home/airflow/.local/lib/python3.12/site-packages/airflow/example_dags/tutorial.py
[2024-11-03T05:52:49.386+0000] {logging_mixin.py:190} INFO - [2024-11-03T05:52:49.385+0000] {dag.py:3239} INFO - Sync 1 DAGs
[2024-11-03T05:52:49.479+0000] {logging_mixin.py:190} INFO - [2024-11-03T05:52:49.479+0000] {dag.py:4180} INFO - Setting next_dagrun for tutorial to 2024-11-02 00:00:00+00:00, run_after=2024-11-03 00:00:00+00:00
[2024-11-03T05:52:49.575+0000] {processor.py:208} INFO - Processing /home/airflow/.local/lib/python3.12/site-packages/airflow/example_dags/tutorial.py took 0.253 seconds
[2024-11-03T05:53:20.380+0000] {processor.py:186} INFO - Started process (PID=483) to work on /home/airflow/.local/lib/python3.12/site-packages/airflow/example_dags/tutorial.py
[2024-11-03T05:53:20.381+0000] {processor.py:914} INFO - Processing file /home/airflow/.local/lib/python3.12/site-packages/airflow/example_dags/tutorial.py for tasks to queue
[2024-11-03T05:53:20.384+0000] {logging_mixin.py:190} INFO - [2024-11-03T05:53:20.384+0000] {dagbag.py:588} INFO - Filling up the DagBag from /home/airflow/.local/lib/python3.12/site-packages/airflow/example_dags/tutorial.py
[2024-11-03T05:53:20.395+0000] {processor.py:925} INFO - DAG(s) 'tutorial' retrieved from /home/airflow/.local/lib/python3.12/site-packages/airflow/example_dags/tutorial.py
[2024-11-03T05:53:20.424+0000] {logging_mixin.py:190} INFO - [2024-11-03T05:53:20.424+0000] {dag.py:3239} INFO - Sync 1 DAGs
[2024-11-03T05:53:20.458+0000] {logging_mixin.py:190} INFO - [2024-11-03T05:53:20.458+0000] {dag.py:4180} INFO - Setting next_dagrun for tutorial to 2024-11-02 00:00:00+00:00, run_after=2024-11-03 00:00:00+00:00
[2024-11-03T05:53:20.483+0000] {processor.py:208} INFO - Processing /home/airflow/.local/lib/python3.12/site-packages/airflow/example_dags/tutorial.py took 0.112 seconds
[2024-11-03T05:53:50.980+0000] {processor.py:186} INFO - Started process (PID=774) to work on /home/airflow/.local/lib/python3.12/site-packages/airflow/example_dags/tutorial.py
[2024-11-03T05:53:50.981+0000] {processor.py:914} INFO - Processing file /home/airflow/.local/lib/python3.12/site-packages/airflow/example_dags/tutorial.py for tasks to queue
[2024-11-03T05:53:50.984+0000] {logging_mixin.py:190} INFO - [2024-11-03T05:53:50.984+0000] {dagbag.py:588} INFO - Filling up the DagBag from /home/airflow/.local/lib/python3.12/site-packages/airflow/example_dags/tutorial.py
[2024-11-03T05:53:50.991+0000] {processor.py:925} INFO - DAG(s) 'tutorial' retrieved from /home/airflow/.local/lib/python3.12/site-packages/airflow/example_dags/tutorial.py
[2024-11-03T05:53:51.015+0000] {logging_mixin.py:190} INFO - [2024-11-03T05:53:51.015+0000] {dag.py:3239} INFO - Sync 1 DAGs
[2024-11-03T05:53:51.039+0000] {logging_mixin.py:190} INFO - [2024-11-03T05:53:51.039+0000] {dag.py:4180} INFO - Setting next_dagrun for tutorial to 2024-11-02 00:00:00+00:00, run_after=2024-11-03 00:00:00+00:00
[2024-11-03T05:53:51.062+0000] {processor.py:208} INFO - Processing /home/airflow/.local/lib/python3.12/site-packages/airflow/example_dags/tutorial.py took 0.087 seconds
[2024-11-03T05:54:21.265+0000] {processor.py:186} INFO - Started process (PID=1065) to work on /home/airflow/.local/lib/python3.12/site-packages/airflow/example_dags/tutorial.py
[2024-11-03T05:54:21.266+0000] {processor.py:914} INFO - Processing file /home/airflow/.local/lib/python3.12/site-packages/airflow/example_dags/tutorial.py for tasks to queue
[2024-11-03T05:54:21.269+0000] {logging_mixin.py:190} INFO - [2024-11-03T05:54:21.269+0000] {dagbag.py:588} INFO - Filling up the DagBag from /home/airflow/.local/lib/python3.12/site-packages/airflow/example_dags/tutorial.py
[2024-11-03T05:54:21.279+0000] {processor.py:925} INFO - DAG(s) 'tutorial' retrieved from /home/airflow/.local/lib/python3.12/site-packages/airflow/example_dags/tutorial.py
[2024-11-03T05:54:21.305+0000] {logging_mixin.py:190} INFO - [2024-11-03T05:54:21.305+0000] {dag.py:3239} INFO - Sync 1 DAGs
[2024-11-03T05:54:21.333+0000] {logging_mixin.py:190} INFO - [2024-11-03T05:54:21.332+0000] {dag.py:4180} INFO - Setting next_dagrun for tutorial to 2024-11-02 00:00:00+00:00, run_after=2024-11-03 00:00:00+00:00
[2024-11-03T05:54:21.357+0000] {processor.py:208} INFO - Processing /home/airflow/.local/lib/python3.12/site-packages/airflow/example_dags/tutorial.py took 0.099 seconds
[2024-11-03T05:54:51.618+0000] {processor.py:186} INFO - Started process (PID=1356) to work on /home/airflow/.local/lib/python3.12/site-packages/airflow/example_dags/tutorial.py
[2024-11-03T05:54:51.619+0000] {processor.py:914} INFO - Processing file /home/airflow/.local/lib/python3.12/site-packages/airflow/example_dags/tutorial.py for tasks to queue
[2024-11-03T05:54:51.622+0000] {logging_mixin.py:190} INFO - [2024-11-03T05:54:51.621+0000] {dagbag.py:588} INFO - Filling up the DagBag from /home/airflow/.local/lib/python3.12/site-packages/airflow/example_dags/tutorial.py
[2024-11-03T05:54:51.631+0000] {processor.py:925} INFO - DAG(s) 'tutorial' retrieved from /home/airflow/.local/lib/python3.12/site-packages/airflow/example_dags/tutorial.py
[2024-11-03T05:54:51.654+0000] {logging_mixin.py:190} INFO - [2024-11-03T05:54:51.653+0000] {dag.py:3239} INFO - Sync 1 DAGs
[2024-11-03T05:54:51.681+0000] {logging_mixin.py:190} INFO - [2024-11-03T05:54:51.681+0000] {dag.py:4180} INFO - Setting next_dagrun for tutorial to 2024-11-02 00:00:00+00:00, run_after=2024-11-03 00:00:00+00:00
[2024-11-03T05:54:51.706+0000] {processor.py:208} INFO - Processing /home/airflow/.local/lib/python3.12/site-packages/airflow/example_dags/tutorial.py took 0.095 seconds
[2024-11-03T05:57:14.464+0000] {processor.py:186} INFO - Started process (PID=186) to work on /home/airflow/.local/lib/python3.12/site-packages/airflow/example_dags/tutorial.py
[2024-11-03T05:57:14.466+0000] {processor.py:914} INFO - Processing file /home/airflow/.local/lib/python3.12/site-packages/airflow/example_dags/tutorial.py for tasks to queue
[2024-11-03T05:57:14.469+0000] {logging_mixin.py:190} INFO - [2024-11-03T05:57:14.468+0000] {dagbag.py:588} INFO - Filling up the DagBag from /home/airflow/.local/lib/python3.12/site-packages/airflow/example_dags/tutorial.py
[2024-11-03T05:57:14.481+0000] {processor.py:925} INFO - DAG(s) 'tutorial' retrieved from /home/airflow/.local/lib/python3.12/site-packages/airflow/example_dags/tutorial.py
[2024-11-03T05:57:14.521+0000] {logging_mixin.py:190} INFO - [2024-11-03T05:57:14.521+0000] {dag.py:3239} INFO - Sync 1 DAGs
[2024-11-03T05:57:14.558+0000] {logging_mixin.py:190} INFO - [2024-11-03T05:57:14.558+0000] {dag.py:4180} INFO - Setting next_dagrun for tutorial to 2024-11-02 00:00:00+00:00, run_after=2024-11-03 00:00:00+00:00
[2024-11-03T05:57:14.587+0000] {processor.py:208} INFO - Processing /home/airflow/.local/lib/python3.12/site-packages/airflow/example_dags/tutorial.py took 0.132 seconds
[2024-11-03T05:57:44.978+0000] {processor.py:186} INFO - Started process (PID=483) to work on /home/airflow/.local/lib/python3.12/site-packages/airflow/example_dags/tutorial.py
[2024-11-03T05:57:44.979+0000] {processor.py:914} INFO - Processing file /home/airflow/.local/lib/python3.12/site-packages/airflow/example_dags/tutorial.py for tasks to queue
[2024-11-03T05:57:44.982+0000] {logging_mixin.py:190} INFO - [2024-11-03T05:57:44.981+0000] {dagbag.py:588} INFO - Filling up the DagBag from /home/airflow/.local/lib/python3.12/site-packages/airflow/example_dags/tutorial.py
[2024-11-03T05:57:44.989+0000] {processor.py:925} INFO - DAG(s) 'tutorial' retrieved from /home/airflow/.local/lib/python3.12/site-packages/airflow/example_dags/tutorial.py
[2024-11-03T05:57:45.010+0000] {logging_mixin.py:190} INFO - [2024-11-03T05:57:45.010+0000] {dag.py:3239} INFO - Sync 1 DAGs
[2024-11-03T05:57:45.037+0000] {logging_mixin.py:190} INFO - [2024-11-03T05:57:45.037+0000] {dag.py:4180} INFO - Setting next_dagrun for tutorial to 2024-11-02 00:00:00+00:00, run_after=2024-11-03 00:00:00+00:00
[2024-11-03T05:57:45.057+0000] {processor.py:208} INFO - Processing /home/airflow/.local/lib/python3.12/site-packages/airflow/example_dags/tutorial.py took 0.084 seconds
[2024-11-03T05:58:15.502+0000] {processor.py:186} INFO - Started process (PID=774) to work on /home/airflow/.local/lib/python3.12/site-packages/airflow/example_dags/tutorial.py
[2024-11-03T05:58:15.503+0000] {processor.py:914} INFO - Processing file /home/airflow/.local/lib/python3.12/site-packages/airflow/example_dags/tutorial.py for tasks to queue
[2024-11-03T05:58:15.505+0000] {logging_mixin.py:190} INFO - [2024-11-03T05:58:15.505+0000] {dagbag.py:588} INFO - Filling up the DagBag from /home/airflow/.local/lib/python3.12/site-packages/airflow/example_dags/tutorial.py
[2024-11-03T05:58:15.513+0000] {processor.py:925} INFO - DAG(s) 'tutorial' retrieved from /home/airflow/.local/lib/python3.12/site-packages/airflow/example_dags/tutorial.py
[2024-11-03T05:58:15.539+0000] {logging_mixin.py:190} INFO - [2024-11-03T05:58:15.539+0000] {dag.py:3239} INFO - Sync 1 DAGs
[2024-11-03T05:58:15.575+0000] {logging_mixin.py:190} INFO - [2024-11-03T05:58:15.575+0000] {dag.py:4180} INFO - Setting next_dagrun for tutorial to 2024-11-02 00:00:00+00:00, run_after=2024-11-03 00:00:00+00:00
[2024-11-03T05:58:15.600+0000] {processor.py:208} INFO - Processing /home/airflow/.local/lib/python3.12/site-packages/airflow/example_dags/tutorial.py took 0.104 seconds
[2024-11-03T05:58:45.686+0000] {processor.py:186} INFO - Started process (PID=1060) to work on /home/airflow/.local/lib/python3.12/site-packages/airflow/example_dags/tutorial.py
[2024-11-03T05:58:45.687+0000] {processor.py:914} INFO - Processing file /home/airflow/.local/lib/python3.12/site-packages/airflow/example_dags/tutorial.py for tasks to queue
[2024-11-03T05:58:45.690+0000] {logging_mixin.py:190} INFO - [2024-11-03T05:58:45.689+0000] {dagbag.py:588} INFO - Filling up the DagBag from /home/airflow/.local/lib/python3.12/site-packages/airflow/example_dags/tutorial.py
[2024-11-03T05:58:45.697+0000] {processor.py:925} INFO - DAG(s) 'tutorial' retrieved from /home/airflow/.local/lib/python3.12/site-packages/airflow/example_dags/tutorial.py
[2024-11-03T05:58:45.717+0000] {logging_mixin.py:190} INFO - [2024-11-03T05:58:45.717+0000] {dag.py:3239} INFO - Sync 1 DAGs
[2024-11-03T05:58:45.742+0000] {logging_mixin.py:190} INFO - [2024-11-03T05:58:45.742+0000] {dag.py:4180} INFO - Setting next_dagrun for tutorial to 2024-11-02 00:00:00+00:00, run_after=2024-11-03 00:00:00+00:00
[2024-11-03T05:58:45.764+0000] {processor.py:208} INFO - Processing /home/airflow/.local/lib/python3.12/site-packages/airflow/example_dags/tutorial.py took 0.085 seconds
[2024-11-03T05:59:16.776+0000] {processor.py:186} INFO - Started process (PID=1356) to work on /home/airflow/.local/lib/python3.12/site-packages/airflow/example_dags/tutorial.py
[2024-11-03T05:59:16.777+0000] {processor.py:914} INFO - Processing file /home/airflow/.local/lib/python3.12/site-packages/airflow/example_dags/tutorial.py for tasks to queue
[2024-11-03T05:59:16.779+0000] {logging_mixin.py:190} INFO - [2024-11-03T05:59:16.779+0000] {dagbag.py:588} INFO - Filling up the DagBag from /home/airflow/.local/lib/python3.12/site-packages/airflow/example_dags/tutorial.py
[2024-11-03T05:59:16.786+0000] {processor.py:925} INFO - DAG(s) 'tutorial' retrieved from /home/airflow/.local/lib/python3.12/site-packages/airflow/example_dags/tutorial.py
[2024-11-03T05:59:16.807+0000] {logging_mixin.py:190} INFO - [2024-11-03T05:59:16.806+0000] {dag.py:3239} INFO - Sync 1 DAGs
[2024-11-03T05:59:16.832+0000] {logging_mixin.py:190} INFO - [2024-11-03T05:59:16.831+0000] {dag.py:4180} INFO - Setting next_dagrun for tutorial to 2024-11-02 00:00:00+00:00, run_after=2024-11-03 00:00:00+00:00
[2024-11-03T05:59:16.855+0000] {processor.py:208} INFO - Processing /home/airflow/.local/lib/python3.12/site-packages/airflow/example_dags/tutorial.py took 0.085 seconds
[2024-11-03T05:59:47.771+0000] {processor.py:186} INFO - Started process (PID=1647) to work on /home/airflow/.local/lib/python3.12/site-packages/airflow/example_dags/tutorial.py
[2024-11-03T05:59:47.772+0000] {processor.py:914} INFO - Processing file /home/airflow/.local/lib/python3.12/site-packages/airflow/example_dags/tutorial.py for tasks to queue
[2024-11-03T05:59:47.775+0000] {logging_mixin.py:190} INFO - [2024-11-03T05:59:47.774+0000] {dagbag.py:588} INFO - Filling up the DagBag from /home/airflow/.local/lib/python3.12/site-packages/airflow/example_dags/tutorial.py
[2024-11-03T05:59:47.782+0000] {processor.py:925} INFO - DAG(s) 'tutorial' retrieved from /home/airflow/.local/lib/python3.12/site-packages/airflow/example_dags/tutorial.py
[2024-11-03T05:59:47.802+0000] {logging_mixin.py:190} INFO - [2024-11-03T05:59:47.802+0000] {dag.py:3239} INFO - Sync 1 DAGs
[2024-11-03T05:59:47.826+0000] {logging_mixin.py:190} INFO - [2024-11-03T05:59:47.826+0000] {dag.py:4180} INFO - Setting next_dagrun for tutorial to 2024-11-02 00:00:00+00:00, run_after=2024-11-03 00:00:00+00:00
[2024-11-03T05:59:47.848+0000] {processor.py:208} INFO - Processing /home/airflow/.local/lib/python3.12/site-packages/airflow/example_dags/tutorial.py took 0.083 seconds
[2024-11-03T06:00:18.218+0000] {processor.py:186} INFO - Started process (PID=1938) to work on /home/airflow/.local/lib/python3.12/site-packages/airflow/example_dags/tutorial.py
[2024-11-03T06:00:18.219+0000] {processor.py:914} INFO - Processing file /home/airflow/.local/lib/python3.12/site-packages/airflow/example_dags/tutorial.py for tasks to queue
[2024-11-03T06:00:18.222+0000] {logging_mixin.py:190} INFO - [2024-11-03T06:00:18.222+0000] {dagbag.py:588} INFO - Filling up the DagBag from /home/airflow/.local/lib/python3.12/site-packages/airflow/example_dags/tutorial.py
[2024-11-03T06:00:18.233+0000] {processor.py:925} INFO - DAG(s) 'tutorial' retrieved from /home/airflow/.local/lib/python3.12/site-packages/airflow/example_dags/tutorial.py
[2024-11-03T06:00:18.261+0000] {logging_mixin.py:190} INFO - [2024-11-03T06:00:18.260+0000] {dag.py:3239} INFO - Sync 1 DAGs
[2024-11-03T06:00:18.287+0000] {logging_mixin.py:190} INFO - [2024-11-03T06:00:18.287+0000] {dag.py:4180} INFO - Setting next_dagrun for tutorial to 2024-11-02 00:00:00+00:00, run_after=2024-11-03 00:00:00+00:00
[2024-11-03T06:00:18.316+0000] {processor.py:208} INFO - Processing /home/airflow/.local/lib/python3.12/site-packages/airflow/example_dags/tutorial.py took 0.105 seconds
[2024-11-03T06:06:51.938+0000] {processor.py:186} INFO - Started process (PID=210) to work on /home/airflow/.local/lib/python3.12/site-packages/airflow/example_dags/tutorial.py
[2024-11-03T06:06:51.939+0000] {processor.py:914} INFO - Processing file /home/airflow/.local/lib/python3.12/site-packages/airflow/example_dags/tutorial.py for tasks to queue
[2024-11-03T06:06:51.941+0000] {logging_mixin.py:190} INFO - [2024-11-03T06:06:51.941+0000] {dagbag.py:588} INFO - Filling up the DagBag from /home/airflow/.local/lib/python3.12/site-packages/airflow/example_dags/tutorial.py
[2024-11-03T06:06:51.958+0000] {processor.py:925} INFO - DAG(s) 'tutorial' retrieved from /home/airflow/.local/lib/python3.12/site-packages/airflow/example_dags/tutorial.py
[2024-11-03T06:06:52.341+0000] {logging_mixin.py:190} INFO - [2024-11-03T06:06:52.339+0000] {override.py:1900} INFO - Created Permission View: can edit on DAG:tutorial
[2024-11-03T06:06:52.354+0000] {logging_mixin.py:190} INFO - [2024-11-03T06:06:52.354+0000] {override.py:1900} INFO - Created Permission View: can read on DAG:tutorial
[2024-11-03T06:06:52.365+0000] {logging_mixin.py:190} INFO - [2024-11-03T06:06:52.364+0000] {override.py:1900} INFO - Created Permission View: can delete on DAG:tutorial
[2024-11-03T06:06:52.387+0000] {logging_mixin.py:190} INFO - [2024-11-03T06:06:52.386+0000] {override.py:1900} INFO - Created Permission View: can create on DAG Run:tutorial
[2024-11-03T06:06:52.398+0000] {logging_mixin.py:190} INFO - [2024-11-03T06:06:52.398+0000] {override.py:1900} INFO - Created Permission View: menu access on DAG Run:tutorial
[2024-11-03T06:06:52.408+0000] {logging_mixin.py:190} INFO - [2024-11-03T06:06:52.408+0000] {override.py:1900} INFO - Created Permission View: can read on DAG Run:tutorial
[2024-11-03T06:06:52.419+0000] {logging_mixin.py:190} INFO - [2024-11-03T06:06:52.418+0000] {override.py:1900} INFO - Created Permission View: can delete on DAG Run:tutorial
[2024-11-03T06:06:52.420+0000] {logging_mixin.py:190} INFO - [2024-11-03T06:06:52.419+0000] {dag.py:3239} INFO - Sync 1 DAGs
[2024-11-03T06:06:52.436+0000] {logging_mixin.py:190} INFO - [2024-11-03T06:06:52.436+0000] {dag.py:3262} INFO - Creating ORM DAG for tutorial
[2024-11-03T06:06:52.451+0000] {logging_mixin.py:190} INFO - [2024-11-03T06:06:52.451+0000] {dag.py:4180} INFO - Setting next_dagrun for tutorial to 2024-11-02 00:00:00+00:00, run_after=2024-11-03 00:00:00+00:00
[2024-11-03T06:06:52.486+0000] {processor.py:208} INFO - Processing /home/airflow/.local/lib/python3.12/site-packages/airflow/example_dags/tutorial.py took 0.556 seconds
[2024-11-03T06:07:22.983+0000] {processor.py:186} INFO - Started process (PID=498) to work on /home/airflow/.local/lib/python3.12/site-packages/airflow/example_dags/tutorial.py
[2024-11-03T06:07:22.984+0000] {processor.py:914} INFO - Processing file /home/airflow/.local/lib/python3.12/site-packages/airflow/example_dags/tutorial.py for tasks to queue
[2024-11-03T06:07:22.987+0000] {logging_mixin.py:190} INFO - [2024-11-03T06:07:22.987+0000] {dagbag.py:588} INFO - Filling up the DagBag from /home/airflow/.local/lib/python3.12/site-packages/airflow/example_dags/tutorial.py
[2024-11-03T06:07:22.995+0000] {processor.py:925} INFO - DAG(s) 'tutorial' retrieved from /home/airflow/.local/lib/python3.12/site-packages/airflow/example_dags/tutorial.py
[2024-11-03T06:07:23.015+0000] {logging_mixin.py:190} INFO - [2024-11-03T06:07:23.015+0000] {dag.py:3239} INFO - Sync 1 DAGs
[2024-11-03T06:07:23.039+0000] {logging_mixin.py:190} INFO - [2024-11-03T06:07:23.038+0000] {dag.py:4180} INFO - Setting next_dagrun for tutorial to 2024-11-02 00:00:00+00:00, run_after=2024-11-03 00:00:00+00:00
[2024-11-03T06:07:23.061+0000] {processor.py:208} INFO - Processing /home/airflow/.local/lib/python3.12/site-packages/airflow/example_dags/tutorial.py took 0.083 seconds
[2024-11-03T06:07:53.553+0000] {processor.py:186} INFO - Started process (PID=816) to work on /home/airflow/.local/lib/python3.12/site-packages/airflow/example_dags/tutorial.py
[2024-11-03T06:07:53.554+0000] {processor.py:914} INFO - Processing file /home/airflow/.local/lib/python3.12/site-packages/airflow/example_dags/tutorial.py for tasks to queue
[2024-11-03T06:07:53.557+0000] {logging_mixin.py:190} INFO - [2024-11-03T06:07:53.557+0000] {dagbag.py:588} INFO - Filling up the DagBag from /home/airflow/.local/lib/python3.12/site-packages/airflow/example_dags/tutorial.py
[2024-11-03T06:07:53.567+0000] {processor.py:925} INFO - DAG(s) 'tutorial' retrieved from /home/airflow/.local/lib/python3.12/site-packages/airflow/example_dags/tutorial.py
[2024-11-03T06:07:53.604+0000] {logging_mixin.py:190} INFO - [2024-11-03T06:07:53.604+0000] {dag.py:3239} INFO - Sync 1 DAGs
[2024-11-03T06:07:53.642+0000] {logging_mixin.py:190} INFO - [2024-11-03T06:07:53.642+0000] {dag.py:4180} INFO - Setting next_dagrun for tutorial to 2024-11-02 00:00:00+00:00, run_after=2024-11-03 00:00:00+00:00
[2024-11-03T06:07:53.675+0000] {processor.py:208} INFO - Processing /home/airflow/.local/lib/python3.12/site-packages/airflow/example_dags/tutorial.py took 0.128 seconds
[2024-11-03T06:10:46.322+0000] {processor.py:186} INFO - Started process (PID=199) to work on /home/airflow/.local/lib/python3.12/site-packages/airflow/example_dags/tutorial.py
[2024-11-03T06:10:46.323+0000] {processor.py:914} INFO - Processing file /home/airflow/.local/lib/python3.12/site-packages/airflow/example_dags/tutorial.py for tasks to queue
[2024-11-03T06:10:46.327+0000] {logging_mixin.py:190} INFO - [2024-11-03T06:10:46.326+0000] {dagbag.py:588} INFO - Filling up the DagBag from /home/airflow/.local/lib/python3.12/site-packages/airflow/example_dags/tutorial.py
[2024-11-03T06:10:46.356+0000] {processor.py:925} INFO - DAG(s) 'tutorial' retrieved from /home/airflow/.local/lib/python3.12/site-packages/airflow/example_dags/tutorial.py
[2024-11-03T06:10:46.415+0000] {logging_mixin.py:190} INFO - [2024-11-03T06:10:46.415+0000] {dag.py:3239} INFO - Sync 1 DAGs
[2024-11-03T06:10:46.449+0000] {logging_mixin.py:190} INFO - [2024-11-03T06:10:46.449+0000] {dag.py:4180} INFO - Setting next_dagrun for tutorial to 2024-11-02 00:00:00+00:00, run_after=2024-11-03 00:00:00+00:00
[2024-11-03T06:10:46.491+0000] {processor.py:208} INFO - Processing /home/airflow/.local/lib/python3.12/site-packages/airflow/example_dags/tutorial.py took 0.178 seconds
[2024-11-03T06:11:16.587+0000] {processor.py:186} INFO - Started process (PID=485) to work on /home/airflow/.local/lib/python3.12/site-packages/airflow/example_dags/tutorial.py
[2024-11-03T06:11:16.588+0000] {processor.py:914} INFO - Processing file /home/airflow/.local/lib/python3.12/site-packages/airflow/example_dags/tutorial.py for tasks to queue
[2024-11-03T06:11:16.590+0000] {logging_mixin.py:190} INFO - [2024-11-03T06:11:16.590+0000] {dagbag.py:588} INFO - Filling up the DagBag from /home/airflow/.local/lib/python3.12/site-packages/airflow/example_dags/tutorial.py
[2024-11-03T06:11:16.599+0000] {processor.py:925} INFO - DAG(s) 'tutorial' retrieved from /home/airflow/.local/lib/python3.12/site-packages/airflow/example_dags/tutorial.py
[2024-11-03T06:11:16.619+0000] {logging_mixin.py:190} INFO - [2024-11-03T06:11:16.618+0000] {dag.py:3239} INFO - Sync 1 DAGs
[2024-11-03T06:11:16.642+0000] {logging_mixin.py:190} INFO - [2024-11-03T06:11:16.642+0000] {dag.py:4180} INFO - Setting next_dagrun for tutorial to 2024-11-02 00:00:00+00:00, run_after=2024-11-03 00:00:00+00:00
[2024-11-03T06:11:16.662+0000] {processor.py:208} INFO - Processing /home/airflow/.local/lib/python3.12/site-packages/airflow/example_dags/tutorial.py took 0.083 seconds
[2024-11-03T06:11:47.007+0000] {processor.py:186} INFO - Started process (PID=782) to work on /home/airflow/.local/lib/python3.12/site-packages/airflow/example_dags/tutorial.py
[2024-11-03T06:11:47.009+0000] {processor.py:914} INFO - Processing file /home/airflow/.local/lib/python3.12/site-packages/airflow/example_dags/tutorial.py for tasks to queue
[2024-11-03T06:11:47.011+0000] {logging_mixin.py:190} INFO - [2024-11-03T06:11:47.011+0000] {dagbag.py:588} INFO - Filling up the DagBag from /home/airflow/.local/lib/python3.12/site-packages/airflow/example_dags/tutorial.py
[2024-11-03T06:11:47.024+0000] {processor.py:925} INFO - DAG(s) 'tutorial' retrieved from /home/airflow/.local/lib/python3.12/site-packages/airflow/example_dags/tutorial.py
[2024-11-03T06:11:47.045+0000] {logging_mixin.py:190} INFO - [2024-11-03T06:11:47.045+0000] {dag.py:3239} INFO - Sync 1 DAGs
[2024-11-03T06:11:47.077+0000] {logging_mixin.py:190} INFO - [2024-11-03T06:11:47.077+0000] {dag.py:4180} INFO - Setting next_dagrun for tutorial to 2024-11-02 00:00:00+00:00, run_after=2024-11-03 00:00:00+00:00
[2024-11-03T06:11:47.101+0000] {processor.py:208} INFO - Processing /home/airflow/.local/lib/python3.12/site-packages/airflow/example_dags/tutorial.py took 0.101 seconds
[2024-11-03T06:12:17.748+0000] {processor.py:186} INFO - Started process (PID=1073) to work on /home/airflow/.local/lib/python3.12/site-packages/airflow/example_dags/tutorial.py
[2024-11-03T06:12:17.750+0000] {processor.py:914} INFO - Processing file /home/airflow/.local/lib/python3.12/site-packages/airflow/example_dags/tutorial.py for tasks to queue
[2024-11-03T06:12:17.754+0000] {logging_mixin.py:190} INFO - [2024-11-03T06:12:17.753+0000] {dagbag.py:588} INFO - Filling up the DagBag from /home/airflow/.local/lib/python3.12/site-packages/airflow/example_dags/tutorial.py
[2024-11-03T06:12:17.765+0000] {processor.py:925} INFO - DAG(s) 'tutorial' retrieved from /home/airflow/.local/lib/python3.12/site-packages/airflow/example_dags/tutorial.py
[2024-11-03T06:12:17.793+0000] {logging_mixin.py:190} INFO - [2024-11-03T06:12:17.792+0000] {dag.py:3239} INFO - Sync 1 DAGs
[2024-11-03T06:12:17.822+0000] {logging_mixin.py:190} INFO - [2024-11-03T06:12:17.821+0000] {dag.py:4180} INFO - Setting next_dagrun for tutorial to 2024-11-02 00:00:00+00:00, run_after=2024-11-03 00:00:00+00:00
[2024-11-03T06:12:17.845+0000] {processor.py:208} INFO - Processing /home/airflow/.local/lib/python3.12/site-packages/airflow/example_dags/tutorial.py took 0.105 seconds
[2024-11-03T06:12:48.635+0000] {processor.py:186} INFO - Started process (PID=1364) to work on /home/airflow/.local/lib/python3.12/site-packages/airflow/example_dags/tutorial.py
[2024-11-03T06:12:48.636+0000] {processor.py:914} INFO - Processing file /home/airflow/.local/lib/python3.12/site-packages/airflow/example_dags/tutorial.py for tasks to queue
[2024-11-03T06:12:48.638+0000] {logging_mixin.py:190} INFO - [2024-11-03T06:12:48.638+0000] {dagbag.py:588} INFO - Filling up the DagBag from /home/airflow/.local/lib/python3.12/site-packages/airflow/example_dags/tutorial.py
[2024-11-03T06:12:48.647+0000] {processor.py:925} INFO - DAG(s) 'tutorial' retrieved from /home/airflow/.local/lib/python3.12/site-packages/airflow/example_dags/tutorial.py
[2024-11-03T06:12:48.672+0000] {logging_mixin.py:190} INFO - [2024-11-03T06:12:48.672+0000] {dag.py:3239} INFO - Sync 1 DAGs
[2024-11-03T06:12:48.704+0000] {logging_mixin.py:190} INFO - [2024-11-03T06:12:48.704+0000] {dag.py:4180} INFO - Setting next_dagrun for tutorial to 2024-11-02 00:00:00+00:00, run_after=2024-11-03 00:00:00+00:00
[2024-11-03T06:12:48.737+0000] {processor.py:208} INFO - Processing /home/airflow/.local/lib/python3.12/site-packages/airflow/example_dags/tutorial.py took 0.109 seconds
[2024-11-03T06:13:19.364+0000] {processor.py:186} INFO - Started process (PID=1655) to work on /home/airflow/.local/lib/python3.12/site-packages/airflow/example_dags/tutorial.py
[2024-11-03T06:13:19.365+0000] {processor.py:914} INFO - Processing file /home/airflow/.local/lib/python3.12/site-packages/airflow/example_dags/tutorial.py for tasks to queue
[2024-11-03T06:13:19.368+0000] {logging_mixin.py:190} INFO - [2024-11-03T06:13:19.368+0000] {dagbag.py:588} INFO - Filling up the DagBag from /home/airflow/.local/lib/python3.12/site-packages/airflow/example_dags/tutorial.py
[2024-11-03T06:13:19.378+0000] {processor.py:925} INFO - DAG(s) 'tutorial' retrieved from /home/airflow/.local/lib/python3.12/site-packages/airflow/example_dags/tutorial.py
[2024-11-03T06:13:19.404+0000] {logging_mixin.py:190} INFO - [2024-11-03T06:13:19.404+0000] {dag.py:3239} INFO - Sync 1 DAGs
[2024-11-03T06:13:19.433+0000] {logging_mixin.py:190} INFO - [2024-11-03T06:13:19.433+0000] {dag.py:4180} INFO - Setting next_dagrun for tutorial to 2024-11-02 00:00:00+00:00, run_after=2024-11-03 00:00:00+00:00
[2024-11-03T06:13:19.455+0000] {processor.py:208} INFO - Processing /home/airflow/.local/lib/python3.12/site-packages/airflow/example_dags/tutorial.py took 0.099 seconds
[2024-11-03T06:13:49.690+0000] {processor.py:186} INFO - Started process (PID=1946) to work on /home/airflow/.local/lib/python3.12/site-packages/airflow/example_dags/tutorial.py
[2024-11-03T06:13:49.691+0000] {processor.py:914} INFO - Processing file /home/airflow/.local/lib/python3.12/site-packages/airflow/example_dags/tutorial.py for tasks to queue
[2024-11-03T06:13:49.694+0000] {logging_mixin.py:190} INFO - [2024-11-03T06:13:49.694+0000] {dagbag.py:588} INFO - Filling up the DagBag from /home/airflow/.local/lib/python3.12/site-packages/airflow/example_dags/tutorial.py
[2024-11-03T06:13:49.704+0000] {processor.py:925} INFO - DAG(s) 'tutorial' retrieved from /home/airflow/.local/lib/python3.12/site-packages/airflow/example_dags/tutorial.py
[2024-11-03T06:13:49.729+0000] {logging_mixin.py:190} INFO - [2024-11-03T06:13:49.729+0000] {dag.py:3239} INFO - Sync 1 DAGs
[2024-11-03T06:13:49.758+0000] {logging_mixin.py:190} INFO - [2024-11-03T06:13:49.758+0000] {dag.py:4180} INFO - Setting next_dagrun for tutorial to 2024-11-02 00:00:00+00:00, run_after=2024-11-03 00:00:00+00:00
[2024-11-03T06:13:49.779+0000] {processor.py:208} INFO - Processing /home/airflow/.local/lib/python3.12/site-packages/airflow/example_dags/tutorial.py took 0.097 seconds
[2024-11-03T06:14:19.871+0000] {processor.py:186} INFO - Started process (PID=2239) to work on /home/airflow/.local/lib/python3.12/site-packages/airflow/example_dags/tutorial.py
[2024-11-03T06:14:19.872+0000] {processor.py:914} INFO - Processing file /home/airflow/.local/lib/python3.12/site-packages/airflow/example_dags/tutorial.py for tasks to queue
[2024-11-03T06:14:19.874+0000] {logging_mixin.py:190} INFO - [2024-11-03T06:14:19.874+0000] {dagbag.py:588} INFO - Filling up the DagBag from /home/airflow/.local/lib/python3.12/site-packages/airflow/example_dags/tutorial.py
[2024-11-03T06:14:19.882+0000] {processor.py:925} INFO - DAG(s) 'tutorial' retrieved from /home/airflow/.local/lib/python3.12/site-packages/airflow/example_dags/tutorial.py
[2024-11-03T06:14:19.903+0000] {logging_mixin.py:190} INFO - [2024-11-03T06:14:19.902+0000] {dag.py:3239} INFO - Sync 1 DAGs
[2024-11-03T06:14:19.926+0000] {logging_mixin.py:190} INFO - [2024-11-03T06:14:19.926+0000] {dag.py:4180} INFO - Setting next_dagrun for tutorial to 2024-11-02 00:00:00+00:00, run_after=2024-11-03 00:00:00+00:00
[2024-11-03T06:14:19.952+0000] {processor.py:208} INFO - Processing /home/airflow/.local/lib/python3.12/site-packages/airflow/example_dags/tutorial.py took 0.087 seconds
[2024-11-03T06:14:50.161+0000] {processor.py:186} INFO - Started process (PID=2528) to work on /home/airflow/.local/lib/python3.12/site-packages/airflow/example_dags/tutorial.py
[2024-11-03T06:14:50.162+0000] {processor.py:914} INFO - Processing file /home/airflow/.local/lib/python3.12/site-packages/airflow/example_dags/tutorial.py for tasks to queue
[2024-11-03T06:14:50.165+0000] {logging_mixin.py:190} INFO - [2024-11-03T06:14:50.164+0000] {dagbag.py:588} INFO - Filling up the DagBag from /home/airflow/.local/lib/python3.12/site-packages/airflow/example_dags/tutorial.py
[2024-11-03T06:14:50.174+0000] {processor.py:925} INFO - DAG(s) 'tutorial' retrieved from /home/airflow/.local/lib/python3.12/site-packages/airflow/example_dags/tutorial.py
[2024-11-03T06:14:50.196+0000] {logging_mixin.py:190} INFO - [2024-11-03T06:14:50.195+0000] {dag.py:3239} INFO - Sync 1 DAGs
[2024-11-03T06:14:50.222+0000] {logging_mixin.py:190} INFO - [2024-11-03T06:14:50.221+0000] {dag.py:4180} INFO - Setting next_dagrun for tutorial to 2024-11-02 00:00:00+00:00, run_after=2024-11-03 00:00:00+00:00
[2024-11-03T06:14:50.242+0000] {processor.py:208} INFO - Processing /home/airflow/.local/lib/python3.12/site-packages/airflow/example_dags/tutorial.py took 0.089 seconds
[2024-11-03T06:15:20.516+0000] {processor.py:186} INFO - Started process (PID=2819) to work on /home/airflow/.local/lib/python3.12/site-packages/airflow/example_dags/tutorial.py
[2024-11-03T06:15:20.517+0000] {processor.py:914} INFO - Processing file /home/airflow/.local/lib/python3.12/site-packages/airflow/example_dags/tutorial.py for tasks to queue
[2024-11-03T06:15:20.520+0000] {logging_mixin.py:190} INFO - [2024-11-03T06:15:20.519+0000] {dagbag.py:588} INFO - Filling up the DagBag from /home/airflow/.local/lib/python3.12/site-packages/airflow/example_dags/tutorial.py
[2024-11-03T06:15:20.529+0000] {processor.py:925} INFO - DAG(s) 'tutorial' retrieved from /home/airflow/.local/lib/python3.12/site-packages/airflow/example_dags/tutorial.py
[2024-11-03T06:15:20.549+0000] {logging_mixin.py:190} INFO - [2024-11-03T06:15:20.549+0000] {dag.py:3239} INFO - Sync 1 DAGs
[2024-11-03T06:15:20.576+0000] {logging_mixin.py:190} INFO - [2024-11-03T06:15:20.576+0000] {dag.py:4180} INFO - Setting next_dagrun for tutorial to 2024-11-02 00:00:00+00:00, run_after=2024-11-03 00:00:00+00:00
[2024-11-03T06:15:20.597+0000] {processor.py:208} INFO - Processing /home/airflow/.local/lib/python3.12/site-packages/airflow/example_dags/tutorial.py took 0.087 seconds
[2024-11-03T06:15:50.770+0000] {processor.py:186} INFO - Started process (PID=3149) to work on /home/airflow/.local/lib/python3.12/site-packages/airflow/example_dags/tutorial.py
[2024-11-03T06:15:50.771+0000] {processor.py:914} INFO - Processing file /home/airflow/.local/lib/python3.12/site-packages/airflow/example_dags/tutorial.py for tasks to queue
[2024-11-03T06:15:50.775+0000] {logging_mixin.py:190} INFO - [2024-11-03T06:15:50.774+0000] {dagbag.py:588} INFO - Filling up the DagBag from /home/airflow/.local/lib/python3.12/site-packages/airflow/example_dags/tutorial.py
[2024-11-03T06:15:50.797+0000] {processor.py:925} INFO - DAG(s) 'tutorial' retrieved from /home/airflow/.local/lib/python3.12/site-packages/airflow/example_dags/tutorial.py
[2024-11-03T06:15:50.836+0000] {logging_mixin.py:190} INFO - [2024-11-03T06:15:50.835+0000] {dag.py:3239} INFO - Sync 1 DAGs
[2024-11-03T06:15:50.894+0000] {logging_mixin.py:190} INFO - [2024-11-03T06:15:50.894+0000] {dag.py:4180} INFO - Setting next_dagrun for tutorial to 2024-11-02 00:00:00+00:00, run_after=2024-11-03 00:00:00+00:00
[2024-11-03T06:15:50.942+0000] {processor.py:208} INFO - Processing /home/airflow/.local/lib/python3.12/site-packages/airflow/example_dags/tutorial.py took 0.184 seconds
