[2024-11-03T05:29:25.292+0000] {processor.py:186} INFO - Started process (PID=241) to work on /home/airflow/.local/lib/python3.12/site-packages/airflow/example_dags/tutorial_objectstorage.py
[2024-11-03T05:29:25.293+0000] {processor.py:914} INFO - Processing file /home/airflow/.local/lib/python3.12/site-packages/airflow/example_dags/tutorial_objectstorage.py for tasks to queue
[2024-11-03T05:29:25.298+0000] {logging_mixin.py:190} INFO - [2024-11-03T05:29:25.297+0000] {dagbag.py:588} INFO - Filling up the DagBag from /home/airflow/.local/lib/python3.12/site-packages/airflow/example_dags/tutorial_objectstorage.py
[2024-11-03T05:29:25.318+0000] {processor.py:925} INFO - DAG(s) 'tutorial_objectstorage' retrieved from /home/airflow/.local/lib/python3.12/site-packages/airflow/example_dags/tutorial_objectstorage.py
[2024-11-03T05:29:25.585+0000] {logging_mixin.py:190} INFO - [2024-11-03T05:29:25.583+0000] {override.py:1900} INFO - Created Permission View: can delete on DAG:tutorial_objectstorage
[2024-11-03T05:29:25.622+0000] {logging_mixin.py:190} INFO - [2024-11-03T05:29:25.621+0000] {override.py:1900} INFO - Created Permission View: can edit on DAG:tutorial_objectstorage
[2024-11-03T05:29:25.637+0000] {logging_mixin.py:190} INFO - [2024-11-03T05:29:25.636+0000] {override.py:1900} INFO - Created Permission View: can read on DAG:tutorial_objectstorage
[2024-11-03T05:29:25.672+0000] {logging_mixin.py:190} INFO - [2024-11-03T05:29:25.672+0000] {override.py:1900} INFO - Created Permission View: can delete on DAG Run:tutorial_objectstorage
[2024-11-03T05:29:25.689+0000] {logging_mixin.py:190} INFO - [2024-11-03T05:29:25.689+0000] {override.py:1900} INFO - Created Permission View: menu access on DAG Run:tutorial_objectstorage
[2024-11-03T05:29:25.703+0000] {logging_mixin.py:190} INFO - [2024-11-03T05:29:25.703+0000] {override.py:1900} INFO - Created Permission View: can create on DAG Run:tutorial_objectstorage
[2024-11-03T05:29:25.721+0000] {logging_mixin.py:190} INFO - [2024-11-03T05:29:25.720+0000] {override.py:1900} INFO - Created Permission View: can read on DAG Run:tutorial_objectstorage
[2024-11-03T05:29:25.722+0000] {logging_mixin.py:190} INFO - [2024-11-03T05:29:25.722+0000] {dag.py:3239} INFO - Sync 1 DAGs
[2024-11-03T05:29:25.750+0000] {logging_mixin.py:190} INFO - [2024-11-03T05:29:25.749+0000] {dag.py:3262} INFO - Creating ORM DAG for tutorial_objectstorage
[2024-11-03T05:29:25.752+0000] {logging_mixin.py:190} INFO - [2024-11-03T05:29:25.751+0000] {dag.py:4180} INFO - Setting next_dagrun for tutorial_objectstorage to None, run_after=None
[2024-11-03T05:29:25.790+0000] {processor.py:208} INFO - Processing /home/airflow/.local/lib/python3.12/site-packages/airflow/example_dags/tutorial_objectstorage.py took 0.508 seconds
[2024-11-03T05:29:56.746+0000] {processor.py:186} INFO - Started process (PID=534) to work on /home/airflow/.local/lib/python3.12/site-packages/airflow/example_dags/tutorial_objectstorage.py
[2024-11-03T05:29:56.748+0000] {processor.py:914} INFO - Processing file /home/airflow/.local/lib/python3.12/site-packages/airflow/example_dags/tutorial_objectstorage.py for tasks to queue
[2024-11-03T05:29:56.751+0000] {logging_mixin.py:190} INFO - [2024-11-03T05:29:56.751+0000] {dagbag.py:588} INFO - Filling up the DagBag from /home/airflow/.local/lib/python3.12/site-packages/airflow/example_dags/tutorial_objectstorage.py
[2024-11-03T05:29:56.762+0000] {processor.py:925} INFO - DAG(s) 'tutorial_objectstorage' retrieved from /home/airflow/.local/lib/python3.12/site-packages/airflow/example_dags/tutorial_objectstorage.py
[2024-11-03T05:29:56.795+0000] {logging_mixin.py:190} INFO - [2024-11-03T05:29:56.795+0000] {dag.py:3239} INFO - Sync 1 DAGs
[2024-11-03T05:29:56.824+0000] {logging_mixin.py:190} INFO - [2024-11-03T05:29:56.822+0000] {dag.py:4180} INFO - Setting next_dagrun for tutorial_objectstorage to None, run_after=None
[2024-11-03T05:29:56.860+0000] {processor.py:208} INFO - Processing /home/airflow/.local/lib/python3.12/site-packages/airflow/example_dags/tutorial_objectstorage.py took 0.123 seconds
[2024-11-03T05:30:27.097+0000] {processor.py:186} INFO - Started process (PID=825) to work on /home/airflow/.local/lib/python3.12/site-packages/airflow/example_dags/tutorial_objectstorage.py
[2024-11-03T05:30:27.098+0000] {processor.py:914} INFO - Processing file /home/airflow/.local/lib/python3.12/site-packages/airflow/example_dags/tutorial_objectstorage.py for tasks to queue
[2024-11-03T05:30:27.101+0000] {logging_mixin.py:190} INFO - [2024-11-03T05:30:27.101+0000] {dagbag.py:588} INFO - Filling up the DagBag from /home/airflow/.local/lib/python3.12/site-packages/airflow/example_dags/tutorial_objectstorage.py
[2024-11-03T05:30:27.112+0000] {processor.py:925} INFO - DAG(s) 'tutorial_objectstorage' retrieved from /home/airflow/.local/lib/python3.12/site-packages/airflow/example_dags/tutorial_objectstorage.py
[2024-11-03T05:30:27.135+0000] {logging_mixin.py:190} INFO - [2024-11-03T05:30:27.135+0000] {dag.py:3239} INFO - Sync 1 DAGs
[2024-11-03T05:30:27.152+0000] {logging_mixin.py:190} INFO - [2024-11-03T05:30:27.152+0000] {dag.py:4180} INFO - Setting next_dagrun for tutorial_objectstorage to None, run_after=None
[2024-11-03T05:30:27.175+0000] {processor.py:208} INFO - Processing /home/airflow/.local/lib/python3.12/site-packages/airflow/example_dags/tutorial_objectstorage.py took 0.086 seconds
[2024-11-03T05:30:57.591+0000] {processor.py:186} INFO - Started process (PID=1116) to work on /home/airflow/.local/lib/python3.12/site-packages/airflow/example_dags/tutorial_objectstorage.py
[2024-11-03T05:30:57.593+0000] {processor.py:914} INFO - Processing file /home/airflow/.local/lib/python3.12/site-packages/airflow/example_dags/tutorial_objectstorage.py for tasks to queue
[2024-11-03T05:30:57.595+0000] {logging_mixin.py:190} INFO - [2024-11-03T05:30:57.595+0000] {dagbag.py:588} INFO - Filling up the DagBag from /home/airflow/.local/lib/python3.12/site-packages/airflow/example_dags/tutorial_objectstorage.py
[2024-11-03T05:30:57.606+0000] {processor.py:925} INFO - DAG(s) 'tutorial_objectstorage' retrieved from /home/airflow/.local/lib/python3.12/site-packages/airflow/example_dags/tutorial_objectstorage.py
[2024-11-03T05:30:57.627+0000] {logging_mixin.py:190} INFO - [2024-11-03T05:30:57.627+0000] {dag.py:3239} INFO - Sync 1 DAGs
[2024-11-03T05:30:57.644+0000] {logging_mixin.py:190} INFO - [2024-11-03T05:30:57.644+0000] {dag.py:4180} INFO - Setting next_dagrun for tutorial_objectstorage to None, run_after=None
[2024-11-03T05:30:57.671+0000] {processor.py:208} INFO - Processing /home/airflow/.local/lib/python3.12/site-packages/airflow/example_dags/tutorial_objectstorage.py took 0.088 seconds
[2024-11-03T05:31:28.217+0000] {processor.py:186} INFO - Started process (PID=1407) to work on /home/airflow/.local/lib/python3.12/site-packages/airflow/example_dags/tutorial_objectstorage.py
[2024-11-03T05:31:28.218+0000] {processor.py:914} INFO - Processing file /home/airflow/.local/lib/python3.12/site-packages/airflow/example_dags/tutorial_objectstorage.py for tasks to queue
[2024-11-03T05:31:28.221+0000] {logging_mixin.py:190} INFO - [2024-11-03T05:31:28.221+0000] {dagbag.py:588} INFO - Filling up the DagBag from /home/airflow/.local/lib/python3.12/site-packages/airflow/example_dags/tutorial_objectstorage.py
[2024-11-03T05:31:28.232+0000] {processor.py:925} INFO - DAG(s) 'tutorial_objectstorage' retrieved from /home/airflow/.local/lib/python3.12/site-packages/airflow/example_dags/tutorial_objectstorage.py
[2024-11-03T05:31:28.260+0000] {logging_mixin.py:190} INFO - [2024-11-03T05:31:28.260+0000] {dag.py:3239} INFO - Sync 1 DAGs
[2024-11-03T05:31:28.279+0000] {logging_mixin.py:190} INFO - [2024-11-03T05:31:28.279+0000] {dag.py:4180} INFO - Setting next_dagrun for tutorial_objectstorage to None, run_after=None
[2024-11-03T05:31:28.311+0000] {processor.py:208} INFO - Processing /home/airflow/.local/lib/python3.12/site-packages/airflow/example_dags/tutorial_objectstorage.py took 0.100 seconds
[2024-11-03T05:31:59.110+0000] {processor.py:186} INFO - Started process (PID=1698) to work on /home/airflow/.local/lib/python3.12/site-packages/airflow/example_dags/tutorial_objectstorage.py
[2024-11-03T05:31:59.111+0000] {processor.py:914} INFO - Processing file /home/airflow/.local/lib/python3.12/site-packages/airflow/example_dags/tutorial_objectstorage.py for tasks to queue
[2024-11-03T05:31:59.114+0000] {logging_mixin.py:190} INFO - [2024-11-03T05:31:59.113+0000] {dagbag.py:588} INFO - Filling up the DagBag from /home/airflow/.local/lib/python3.12/site-packages/airflow/example_dags/tutorial_objectstorage.py
[2024-11-03T05:31:59.123+0000] {processor.py:925} INFO - DAG(s) 'tutorial_objectstorage' retrieved from /home/airflow/.local/lib/python3.12/site-packages/airflow/example_dags/tutorial_objectstorage.py
[2024-11-03T05:31:59.144+0000] {logging_mixin.py:190} INFO - [2024-11-03T05:31:59.143+0000] {dag.py:3239} INFO - Sync 1 DAGs
[2024-11-03T05:31:59.160+0000] {logging_mixin.py:190} INFO - [2024-11-03T05:31:59.159+0000] {dag.py:4180} INFO - Setting next_dagrun for tutorial_objectstorage to None, run_after=None
[2024-11-03T05:31:59.186+0000] {processor.py:208} INFO - Processing /home/airflow/.local/lib/python3.12/site-packages/airflow/example_dags/tutorial_objectstorage.py took 0.082 seconds
[2024-11-03T05:32:29.963+0000] {processor.py:186} INFO - Started process (PID=1989) to work on /home/airflow/.local/lib/python3.12/site-packages/airflow/example_dags/tutorial_objectstorage.py
[2024-11-03T05:32:29.964+0000] {processor.py:914} INFO - Processing file /home/airflow/.local/lib/python3.12/site-packages/airflow/example_dags/tutorial_objectstorage.py for tasks to queue
[2024-11-03T05:32:29.968+0000] {logging_mixin.py:190} INFO - [2024-11-03T05:32:29.968+0000] {dagbag.py:588} INFO - Filling up the DagBag from /home/airflow/.local/lib/python3.12/site-packages/airflow/example_dags/tutorial_objectstorage.py
[2024-11-03T05:32:29.982+0000] {processor.py:925} INFO - DAG(s) 'tutorial_objectstorage' retrieved from /home/airflow/.local/lib/python3.12/site-packages/airflow/example_dags/tutorial_objectstorage.py
[2024-11-03T05:32:30.023+0000] {logging_mixin.py:190} INFO - [2024-11-03T05:32:30.022+0000] {dag.py:3239} INFO - Sync 1 DAGs
[2024-11-03T05:32:30.048+0000] {logging_mixin.py:190} INFO - [2024-11-03T05:32:30.048+0000] {dag.py:4180} INFO - Setting next_dagrun for tutorial_objectstorage to None, run_after=None
[2024-11-03T05:32:30.071+0000] {processor.py:208} INFO - Processing /home/airflow/.local/lib/python3.12/site-packages/airflow/example_dags/tutorial_objectstorage.py took 0.119 seconds
[2024-11-03T05:33:00.245+0000] {processor.py:186} INFO - Started process (PID=2286) to work on /home/airflow/.local/lib/python3.12/site-packages/airflow/example_dags/tutorial_objectstorage.py
[2024-11-03T05:33:00.246+0000] {processor.py:914} INFO - Processing file /home/airflow/.local/lib/python3.12/site-packages/airflow/example_dags/tutorial_objectstorage.py for tasks to queue
[2024-11-03T05:33:00.249+0000] {logging_mixin.py:190} INFO - [2024-11-03T05:33:00.248+0000] {dagbag.py:588} INFO - Filling up the DagBag from /home/airflow/.local/lib/python3.12/site-packages/airflow/example_dags/tutorial_objectstorage.py
[2024-11-03T05:33:00.259+0000] {processor.py:925} INFO - DAG(s) 'tutorial_objectstorage' retrieved from /home/airflow/.local/lib/python3.12/site-packages/airflow/example_dags/tutorial_objectstorage.py
[2024-11-03T05:33:00.279+0000] {logging_mixin.py:190} INFO - [2024-11-03T05:33:00.279+0000] {dag.py:3239} INFO - Sync 1 DAGs
[2024-11-03T05:33:00.294+0000] {logging_mixin.py:190} INFO - [2024-11-03T05:33:00.294+0000] {dag.py:4180} INFO - Setting next_dagrun for tutorial_objectstorage to None, run_after=None
[2024-11-03T05:33:00.318+0000] {processor.py:208} INFO - Processing /home/airflow/.local/lib/python3.12/site-packages/airflow/example_dags/tutorial_objectstorage.py took 0.079 seconds
[2024-11-03T05:33:30.828+0000] {processor.py:186} INFO - Started process (PID=2572) to work on /home/airflow/.local/lib/python3.12/site-packages/airflow/example_dags/tutorial_objectstorage.py
[2024-11-03T05:33:30.829+0000] {processor.py:914} INFO - Processing file /home/airflow/.local/lib/python3.12/site-packages/airflow/example_dags/tutorial_objectstorage.py for tasks to queue
[2024-11-03T05:33:30.832+0000] {logging_mixin.py:190} INFO - [2024-11-03T05:33:30.831+0000] {dagbag.py:588} INFO - Filling up the DagBag from /home/airflow/.local/lib/python3.12/site-packages/airflow/example_dags/tutorial_objectstorage.py
[2024-11-03T05:33:30.841+0000] {processor.py:925} INFO - DAG(s) 'tutorial_objectstorage' retrieved from /home/airflow/.local/lib/python3.12/site-packages/airflow/example_dags/tutorial_objectstorage.py
[2024-11-03T05:33:30.860+0000] {logging_mixin.py:190} INFO - [2024-11-03T05:33:30.860+0000] {dag.py:3239} INFO - Sync 1 DAGs
[2024-11-03T05:33:30.875+0000] {logging_mixin.py:190} INFO - [2024-11-03T05:33:30.875+0000] {dag.py:4180} INFO - Setting next_dagrun for tutorial_objectstorage to None, run_after=None
[2024-11-03T05:33:30.897+0000] {processor.py:208} INFO - Processing /home/airflow/.local/lib/python3.12/site-packages/airflow/example_dags/tutorial_objectstorage.py took 0.076 seconds
[2024-11-03T05:34:01.525+0000] {processor.py:186} INFO - Started process (PID=2863) to work on /home/airflow/.local/lib/python3.12/site-packages/airflow/example_dags/tutorial_objectstorage.py
[2024-11-03T05:34:01.527+0000] {processor.py:914} INFO - Processing file /home/airflow/.local/lib/python3.12/site-packages/airflow/example_dags/tutorial_objectstorage.py for tasks to queue
[2024-11-03T05:34:01.529+0000] {logging_mixin.py:190} INFO - [2024-11-03T05:34:01.529+0000] {dagbag.py:588} INFO - Filling up the DagBag from /home/airflow/.local/lib/python3.12/site-packages/airflow/example_dags/tutorial_objectstorage.py
[2024-11-03T05:34:01.538+0000] {processor.py:925} INFO - DAG(s) 'tutorial_objectstorage' retrieved from /home/airflow/.local/lib/python3.12/site-packages/airflow/example_dags/tutorial_objectstorage.py
[2024-11-03T05:34:01.559+0000] {logging_mixin.py:190} INFO - [2024-11-03T05:34:01.559+0000] {dag.py:3239} INFO - Sync 1 DAGs
[2024-11-03T05:34:01.575+0000] {logging_mixin.py:190} INFO - [2024-11-03T05:34:01.575+0000] {dag.py:4180} INFO - Setting next_dagrun for tutorial_objectstorage to None, run_after=None
[2024-11-03T05:34:01.600+0000] {processor.py:208} INFO - Processing /home/airflow/.local/lib/python3.12/site-packages/airflow/example_dags/tutorial_objectstorage.py took 0.081 seconds
[2024-11-03T05:34:32.543+0000] {processor.py:186} INFO - Started process (PID=3154) to work on /home/airflow/.local/lib/python3.12/site-packages/airflow/example_dags/tutorial_objectstorage.py
[2024-11-03T05:34:32.544+0000] {processor.py:914} INFO - Processing file /home/airflow/.local/lib/python3.12/site-packages/airflow/example_dags/tutorial_objectstorage.py for tasks to queue
[2024-11-03T05:34:32.547+0000] {logging_mixin.py:190} INFO - [2024-11-03T05:34:32.546+0000] {dagbag.py:588} INFO - Filling up the DagBag from /home/airflow/.local/lib/python3.12/site-packages/airflow/example_dags/tutorial_objectstorage.py
[2024-11-03T05:34:32.556+0000] {processor.py:925} INFO - DAG(s) 'tutorial_objectstorage' retrieved from /home/airflow/.local/lib/python3.12/site-packages/airflow/example_dags/tutorial_objectstorage.py
[2024-11-03T05:34:32.577+0000] {logging_mixin.py:190} INFO - [2024-11-03T05:34:32.577+0000] {dag.py:3239} INFO - Sync 1 DAGs
[2024-11-03T05:34:32.597+0000] {logging_mixin.py:190} INFO - [2024-11-03T05:34:32.596+0000] {dag.py:4180} INFO - Setting next_dagrun for tutorial_objectstorage to None, run_after=None
[2024-11-03T05:34:32.636+0000] {processor.py:208} INFO - Processing /home/airflow/.local/lib/python3.12/site-packages/airflow/example_dags/tutorial_objectstorage.py took 0.099 seconds
[2024-11-03T05:35:02.921+0000] {processor.py:186} INFO - Started process (PID=3443) to work on /home/airflow/.local/lib/python3.12/site-packages/airflow/example_dags/tutorial_objectstorage.py
[2024-11-03T05:35:02.922+0000] {processor.py:914} INFO - Processing file /home/airflow/.local/lib/python3.12/site-packages/airflow/example_dags/tutorial_objectstorage.py for tasks to queue
[2024-11-03T05:35:02.924+0000] {logging_mixin.py:190} INFO - [2024-11-03T05:35:02.924+0000] {dagbag.py:588} INFO - Filling up the DagBag from /home/airflow/.local/lib/python3.12/site-packages/airflow/example_dags/tutorial_objectstorage.py
[2024-11-03T05:35:02.934+0000] {processor.py:925} INFO - DAG(s) 'tutorial_objectstorage' retrieved from /home/airflow/.local/lib/python3.12/site-packages/airflow/example_dags/tutorial_objectstorage.py
[2024-11-03T05:35:02.961+0000] {logging_mixin.py:190} INFO - [2024-11-03T05:35:02.960+0000] {dag.py:3239} INFO - Sync 1 DAGs
[2024-11-03T05:35:02.990+0000] {logging_mixin.py:190} INFO - [2024-11-03T05:35:02.989+0000] {dag.py:4180} INFO - Setting next_dagrun for tutorial_objectstorage to None, run_after=None
[2024-11-03T05:35:03.026+0000] {processor.py:208} INFO - Processing /home/airflow/.local/lib/python3.12/site-packages/airflow/example_dags/tutorial_objectstorage.py took 0.113 seconds
[2024-11-03T05:35:33.241+0000] {processor.py:186} INFO - Started process (PID=3734) to work on /home/airflow/.local/lib/python3.12/site-packages/airflow/example_dags/tutorial_objectstorage.py
[2024-11-03T05:35:33.242+0000] {processor.py:914} INFO - Processing file /home/airflow/.local/lib/python3.12/site-packages/airflow/example_dags/tutorial_objectstorage.py for tasks to queue
[2024-11-03T05:35:33.244+0000] {logging_mixin.py:190} INFO - [2024-11-03T05:35:33.244+0000] {dagbag.py:588} INFO - Filling up the DagBag from /home/airflow/.local/lib/python3.12/site-packages/airflow/example_dags/tutorial_objectstorage.py
[2024-11-03T05:35:33.254+0000] {processor.py:925} INFO - DAG(s) 'tutorial_objectstorage' retrieved from /home/airflow/.local/lib/python3.12/site-packages/airflow/example_dags/tutorial_objectstorage.py
[2024-11-03T05:35:33.274+0000] {logging_mixin.py:190} INFO - [2024-11-03T05:35:33.273+0000] {dag.py:3239} INFO - Sync 1 DAGs
[2024-11-03T05:35:33.289+0000] {logging_mixin.py:190} INFO - [2024-11-03T05:35:33.289+0000] {dag.py:4180} INFO - Setting next_dagrun for tutorial_objectstorage to None, run_after=None
[2024-11-03T05:35:33.312+0000] {processor.py:208} INFO - Processing /home/airflow/.local/lib/python3.12/site-packages/airflow/example_dags/tutorial_objectstorage.py took 0.077 seconds
[2024-11-03T05:36:03.986+0000] {processor.py:186} INFO - Started process (PID=4027) to work on /home/airflow/.local/lib/python3.12/site-packages/airflow/example_dags/tutorial_objectstorage.py
[2024-11-03T05:36:03.988+0000] {processor.py:914} INFO - Processing file /home/airflow/.local/lib/python3.12/site-packages/airflow/example_dags/tutorial_objectstorage.py for tasks to queue
[2024-11-03T05:36:03.991+0000] {logging_mixin.py:190} INFO - [2024-11-03T05:36:03.990+0000] {dagbag.py:588} INFO - Filling up the DagBag from /home/airflow/.local/lib/python3.12/site-packages/airflow/example_dags/tutorial_objectstorage.py
[2024-11-03T05:36:04.000+0000] {processor.py:925} INFO - DAG(s) 'tutorial_objectstorage' retrieved from /home/airflow/.local/lib/python3.12/site-packages/airflow/example_dags/tutorial_objectstorage.py
[2024-11-03T05:36:04.021+0000] {logging_mixin.py:190} INFO - [2024-11-03T05:36:04.021+0000] {dag.py:3239} INFO - Sync 1 DAGs
[2024-11-03T05:36:04.044+0000] {logging_mixin.py:190} INFO - [2024-11-03T05:36:04.044+0000] {dag.py:4180} INFO - Setting next_dagrun for tutorial_objectstorage to None, run_after=None
[2024-11-03T05:36:04.072+0000] {processor.py:208} INFO - Processing /home/airflow/.local/lib/python3.12/site-packages/airflow/example_dags/tutorial_objectstorage.py took 0.091 seconds
[2024-11-03T05:36:34.949+0000] {processor.py:186} INFO - Started process (PID=4318) to work on /home/airflow/.local/lib/python3.12/site-packages/airflow/example_dags/tutorial_objectstorage.py
[2024-11-03T05:36:34.950+0000] {processor.py:914} INFO - Processing file /home/airflow/.local/lib/python3.12/site-packages/airflow/example_dags/tutorial_objectstorage.py for tasks to queue
[2024-11-03T05:36:34.952+0000] {logging_mixin.py:190} INFO - [2024-11-03T05:36:34.952+0000] {dagbag.py:588} INFO - Filling up the DagBag from /home/airflow/.local/lib/python3.12/site-packages/airflow/example_dags/tutorial_objectstorage.py
[2024-11-03T05:36:34.961+0000] {processor.py:925} INFO - DAG(s) 'tutorial_objectstorage' retrieved from /home/airflow/.local/lib/python3.12/site-packages/airflow/example_dags/tutorial_objectstorage.py
[2024-11-03T05:36:34.980+0000] {logging_mixin.py:190} INFO - [2024-11-03T05:36:34.979+0000] {dag.py:3239} INFO - Sync 1 DAGs
[2024-11-03T05:36:34.994+0000] {logging_mixin.py:190} INFO - [2024-11-03T05:36:34.994+0000] {dag.py:4180} INFO - Setting next_dagrun for tutorial_objectstorage to None, run_after=None
[2024-11-03T05:36:35.017+0000] {processor.py:208} INFO - Processing /home/airflow/.local/lib/python3.12/site-packages/airflow/example_dags/tutorial_objectstorage.py took 0.074 seconds
[2024-11-03T05:37:06.167+0000] {processor.py:186} INFO - Started process (PID=4609) to work on /home/airflow/.local/lib/python3.12/site-packages/airflow/example_dags/tutorial_objectstorage.py
[2024-11-03T05:37:06.168+0000] {processor.py:914} INFO - Processing file /home/airflow/.local/lib/python3.12/site-packages/airflow/example_dags/tutorial_objectstorage.py for tasks to queue
[2024-11-03T05:37:06.171+0000] {logging_mixin.py:190} INFO - [2024-11-03T05:37:06.170+0000] {dagbag.py:588} INFO - Filling up the DagBag from /home/airflow/.local/lib/python3.12/site-packages/airflow/example_dags/tutorial_objectstorage.py
[2024-11-03T05:37:06.180+0000] {processor.py:925} INFO - DAG(s) 'tutorial_objectstorage' retrieved from /home/airflow/.local/lib/python3.12/site-packages/airflow/example_dags/tutorial_objectstorage.py
[2024-11-03T05:37:06.200+0000] {logging_mixin.py:190} INFO - [2024-11-03T05:37:06.199+0000] {dag.py:3239} INFO - Sync 1 DAGs
[2024-11-03T05:37:06.215+0000] {logging_mixin.py:190} INFO - [2024-11-03T05:37:06.215+0000] {dag.py:4180} INFO - Setting next_dagrun for tutorial_objectstorage to None, run_after=None
[2024-11-03T05:37:06.237+0000] {processor.py:208} INFO - Processing /home/airflow/.local/lib/python3.12/site-packages/airflow/example_dags/tutorial_objectstorage.py took 0.075 seconds
[2024-11-03T05:37:36.528+0000] {processor.py:186} INFO - Started process (PID=4900) to work on /home/airflow/.local/lib/python3.12/site-packages/airflow/example_dags/tutorial_objectstorage.py
[2024-11-03T05:37:36.529+0000] {processor.py:914} INFO - Processing file /home/airflow/.local/lib/python3.12/site-packages/airflow/example_dags/tutorial_objectstorage.py for tasks to queue
[2024-11-03T05:37:36.531+0000] {logging_mixin.py:190} INFO - [2024-11-03T05:37:36.531+0000] {dagbag.py:588} INFO - Filling up the DagBag from /home/airflow/.local/lib/python3.12/site-packages/airflow/example_dags/tutorial_objectstorage.py
[2024-11-03T05:37:36.540+0000] {processor.py:925} INFO - DAG(s) 'tutorial_objectstorage' retrieved from /home/airflow/.local/lib/python3.12/site-packages/airflow/example_dags/tutorial_objectstorage.py
[2024-11-03T05:37:36.560+0000] {logging_mixin.py:190} INFO - [2024-11-03T05:37:36.559+0000] {dag.py:3239} INFO - Sync 1 DAGs
[2024-11-03T05:37:36.575+0000] {logging_mixin.py:190} INFO - [2024-11-03T05:37:36.575+0000] {dag.py:4180} INFO - Setting next_dagrun for tutorial_objectstorage to None, run_after=None
[2024-11-03T05:37:36.602+0000] {processor.py:208} INFO - Processing /home/airflow/.local/lib/python3.12/site-packages/airflow/example_dags/tutorial_objectstorage.py took 0.080 seconds
[2024-11-03T05:38:06.859+0000] {processor.py:186} INFO - Started process (PID=5191) to work on /home/airflow/.local/lib/python3.12/site-packages/airflow/example_dags/tutorial_objectstorage.py
[2024-11-03T05:38:06.860+0000] {processor.py:914} INFO - Processing file /home/airflow/.local/lib/python3.12/site-packages/airflow/example_dags/tutorial_objectstorage.py for tasks to queue
[2024-11-03T05:38:06.862+0000] {logging_mixin.py:190} INFO - [2024-11-03T05:38:06.862+0000] {dagbag.py:588} INFO - Filling up the DagBag from /home/airflow/.local/lib/python3.12/site-packages/airflow/example_dags/tutorial_objectstorage.py
[2024-11-03T05:38:06.874+0000] {processor.py:925} INFO - DAG(s) 'tutorial_objectstorage' retrieved from /home/airflow/.local/lib/python3.12/site-packages/airflow/example_dags/tutorial_objectstorage.py
[2024-11-03T05:38:06.895+0000] {logging_mixin.py:190} INFO - [2024-11-03T05:38:06.894+0000] {dag.py:3239} INFO - Sync 1 DAGs
[2024-11-03T05:38:06.910+0000] {logging_mixin.py:190} INFO - [2024-11-03T05:38:06.909+0000] {dag.py:4180} INFO - Setting next_dagrun for tutorial_objectstorage to None, run_after=None
[2024-11-03T05:38:06.943+0000] {processor.py:208} INFO - Processing /home/airflow/.local/lib/python3.12/site-packages/airflow/example_dags/tutorial_objectstorage.py took 0.091 seconds
[2024-11-03T05:38:37.741+0000] {processor.py:186} INFO - Started process (PID=5482) to work on /home/airflow/.local/lib/python3.12/site-packages/airflow/example_dags/tutorial_objectstorage.py
[2024-11-03T05:38:37.742+0000] {processor.py:914} INFO - Processing file /home/airflow/.local/lib/python3.12/site-packages/airflow/example_dags/tutorial_objectstorage.py for tasks to queue
[2024-11-03T05:38:37.744+0000] {logging_mixin.py:190} INFO - [2024-11-03T05:38:37.744+0000] {dagbag.py:588} INFO - Filling up the DagBag from /home/airflow/.local/lib/python3.12/site-packages/airflow/example_dags/tutorial_objectstorage.py
[2024-11-03T05:38:37.753+0000] {processor.py:925} INFO - DAG(s) 'tutorial_objectstorage' retrieved from /home/airflow/.local/lib/python3.12/site-packages/airflow/example_dags/tutorial_objectstorage.py
[2024-11-03T05:38:37.772+0000] {logging_mixin.py:190} INFO - [2024-11-03T05:38:37.772+0000] {dag.py:3239} INFO - Sync 1 DAGs
[2024-11-03T05:38:37.787+0000] {logging_mixin.py:190} INFO - [2024-11-03T05:38:37.786+0000] {dag.py:4180} INFO - Setting next_dagrun for tutorial_objectstorage to None, run_after=None
[2024-11-03T05:38:37.813+0000] {processor.py:208} INFO - Processing /home/airflow/.local/lib/python3.12/site-packages/airflow/example_dags/tutorial_objectstorage.py took 0.079 seconds
[2024-11-03T05:39:08.145+0000] {processor.py:186} INFO - Started process (PID=5773) to work on /home/airflow/.local/lib/python3.12/site-packages/airflow/example_dags/tutorial_objectstorage.py
[2024-11-03T05:39:08.146+0000] {processor.py:914} INFO - Processing file /home/airflow/.local/lib/python3.12/site-packages/airflow/example_dags/tutorial_objectstorage.py for tasks to queue
[2024-11-03T05:39:08.149+0000] {logging_mixin.py:190} INFO - [2024-11-03T05:39:08.148+0000] {dagbag.py:588} INFO - Filling up the DagBag from /home/airflow/.local/lib/python3.12/site-packages/airflow/example_dags/tutorial_objectstorage.py
[2024-11-03T05:39:08.157+0000] {processor.py:925} INFO - DAG(s) 'tutorial_objectstorage' retrieved from /home/airflow/.local/lib/python3.12/site-packages/airflow/example_dags/tutorial_objectstorage.py
[2024-11-03T05:39:08.178+0000] {logging_mixin.py:190} INFO - [2024-11-03T05:39:08.178+0000] {dag.py:3239} INFO - Sync 1 DAGs
[2024-11-03T05:39:08.193+0000] {logging_mixin.py:190} INFO - [2024-11-03T05:39:08.193+0000] {dag.py:4180} INFO - Setting next_dagrun for tutorial_objectstorage to None, run_after=None
[2024-11-03T05:39:08.217+0000] {processor.py:208} INFO - Processing /home/airflow/.local/lib/python3.12/site-packages/airflow/example_dags/tutorial_objectstorage.py took 0.077 seconds
[2024-11-03T05:39:38.745+0000] {processor.py:186} INFO - Started process (PID=6064) to work on /home/airflow/.local/lib/python3.12/site-packages/airflow/example_dags/tutorial_objectstorage.py
[2024-11-03T05:39:38.746+0000] {processor.py:914} INFO - Processing file /home/airflow/.local/lib/python3.12/site-packages/airflow/example_dags/tutorial_objectstorage.py for tasks to queue
[2024-11-03T05:39:38.750+0000] {logging_mixin.py:190} INFO - [2024-11-03T05:39:38.749+0000] {dagbag.py:588} INFO - Filling up the DagBag from /home/airflow/.local/lib/python3.12/site-packages/airflow/example_dags/tutorial_objectstorage.py
[2024-11-03T05:39:38.760+0000] {processor.py:925} INFO - DAG(s) 'tutorial_objectstorage' retrieved from /home/airflow/.local/lib/python3.12/site-packages/airflow/example_dags/tutorial_objectstorage.py
[2024-11-03T05:39:38.781+0000] {logging_mixin.py:190} INFO - [2024-11-03T05:39:38.781+0000] {dag.py:3239} INFO - Sync 1 DAGs
[2024-11-03T05:39:38.797+0000] {logging_mixin.py:190} INFO - [2024-11-03T05:39:38.796+0000] {dag.py:4180} INFO - Setting next_dagrun for tutorial_objectstorage to None, run_after=None
[2024-11-03T05:39:38.822+0000] {processor.py:208} INFO - Processing /home/airflow/.local/lib/python3.12/site-packages/airflow/example_dags/tutorial_objectstorage.py took 0.085 seconds
[2024-11-03T05:40:09.108+0000] {processor.py:186} INFO - Started process (PID=6355) to work on /home/airflow/.local/lib/python3.12/site-packages/airflow/example_dags/tutorial_objectstorage.py
[2024-11-03T05:40:09.109+0000] {processor.py:914} INFO - Processing file /home/airflow/.local/lib/python3.12/site-packages/airflow/example_dags/tutorial_objectstorage.py for tasks to queue
[2024-11-03T05:40:09.112+0000] {logging_mixin.py:190} INFO - [2024-11-03T05:40:09.112+0000] {dagbag.py:588} INFO - Filling up the DagBag from /home/airflow/.local/lib/python3.12/site-packages/airflow/example_dags/tutorial_objectstorage.py
[2024-11-03T05:40:09.122+0000] {processor.py:925} INFO - DAG(s) 'tutorial_objectstorage' retrieved from /home/airflow/.local/lib/python3.12/site-packages/airflow/example_dags/tutorial_objectstorage.py
[2024-11-03T05:40:09.145+0000] {logging_mixin.py:190} INFO - [2024-11-03T05:40:09.145+0000] {dag.py:3239} INFO - Sync 1 DAGs
[2024-11-03T05:40:09.161+0000] {logging_mixin.py:190} INFO - [2024-11-03T05:40:09.161+0000] {dag.py:4180} INFO - Setting next_dagrun for tutorial_objectstorage to None, run_after=None
[2024-11-03T05:40:09.184+0000] {processor.py:208} INFO - Processing /home/airflow/.local/lib/python3.12/site-packages/airflow/example_dags/tutorial_objectstorage.py took 0.083 seconds
[2024-11-03T05:40:39.501+0000] {processor.py:186} INFO - Started process (PID=6646) to work on /home/airflow/.local/lib/python3.12/site-packages/airflow/example_dags/tutorial_objectstorage.py
[2024-11-03T05:40:39.503+0000] {processor.py:914} INFO - Processing file /home/airflow/.local/lib/python3.12/site-packages/airflow/example_dags/tutorial_objectstorage.py for tasks to queue
[2024-11-03T05:40:39.505+0000] {logging_mixin.py:190} INFO - [2024-11-03T05:40:39.505+0000] {dagbag.py:588} INFO - Filling up the DagBag from /home/airflow/.local/lib/python3.12/site-packages/airflow/example_dags/tutorial_objectstorage.py
[2024-11-03T05:40:39.517+0000] {processor.py:925} INFO - DAG(s) 'tutorial_objectstorage' retrieved from /home/airflow/.local/lib/python3.12/site-packages/airflow/example_dags/tutorial_objectstorage.py
[2024-11-03T05:40:39.541+0000] {logging_mixin.py:190} INFO - [2024-11-03T05:40:39.540+0000] {dag.py:3239} INFO - Sync 1 DAGs
[2024-11-03T05:40:39.559+0000] {logging_mixin.py:190} INFO - [2024-11-03T05:40:39.558+0000] {dag.py:4180} INFO - Setting next_dagrun for tutorial_objectstorage to None, run_after=None
[2024-11-03T05:40:39.580+0000] {processor.py:208} INFO - Processing /home/airflow/.local/lib/python3.12/site-packages/airflow/example_dags/tutorial_objectstorage.py took 0.089 seconds
[2024-11-03T05:41:10.107+0000] {processor.py:186} INFO - Started process (PID=6937) to work on /home/airflow/.local/lib/python3.12/site-packages/airflow/example_dags/tutorial_objectstorage.py
[2024-11-03T05:41:10.109+0000] {processor.py:914} INFO - Processing file /home/airflow/.local/lib/python3.12/site-packages/airflow/example_dags/tutorial_objectstorage.py for tasks to queue
[2024-11-03T05:41:10.112+0000] {logging_mixin.py:190} INFO - [2024-11-03T05:41:10.111+0000] {dagbag.py:588} INFO - Filling up the DagBag from /home/airflow/.local/lib/python3.12/site-packages/airflow/example_dags/tutorial_objectstorage.py
[2024-11-03T05:41:10.122+0000] {processor.py:925} INFO - DAG(s) 'tutorial_objectstorage' retrieved from /home/airflow/.local/lib/python3.12/site-packages/airflow/example_dags/tutorial_objectstorage.py
[2024-11-03T05:41:10.149+0000] {logging_mixin.py:190} INFO - [2024-11-03T05:41:10.149+0000] {dag.py:3239} INFO - Sync 1 DAGs
[2024-11-03T05:41:10.169+0000] {logging_mixin.py:190} INFO - [2024-11-03T05:41:10.168+0000] {dag.py:4180} INFO - Setting next_dagrun for tutorial_objectstorage to None, run_after=None
[2024-11-03T05:41:10.196+0000] {processor.py:208} INFO - Processing /home/airflow/.local/lib/python3.12/site-packages/airflow/example_dags/tutorial_objectstorage.py took 0.095 seconds
[2024-11-03T05:41:40.786+0000] {processor.py:186} INFO - Started process (PID=7228) to work on /home/airflow/.local/lib/python3.12/site-packages/airflow/example_dags/tutorial_objectstorage.py
[2024-11-03T05:41:40.788+0000] {processor.py:914} INFO - Processing file /home/airflow/.local/lib/python3.12/site-packages/airflow/example_dags/tutorial_objectstorage.py for tasks to queue
[2024-11-03T05:41:40.790+0000] {logging_mixin.py:190} INFO - [2024-11-03T05:41:40.790+0000] {dagbag.py:588} INFO - Filling up the DagBag from /home/airflow/.local/lib/python3.12/site-packages/airflow/example_dags/tutorial_objectstorage.py
[2024-11-03T05:41:40.800+0000] {processor.py:925} INFO - DAG(s) 'tutorial_objectstorage' retrieved from /home/airflow/.local/lib/python3.12/site-packages/airflow/example_dags/tutorial_objectstorage.py
[2024-11-03T05:41:40.820+0000] {logging_mixin.py:190} INFO - [2024-11-03T05:41:40.819+0000] {dag.py:3239} INFO - Sync 1 DAGs
[2024-11-03T05:41:40.834+0000] {logging_mixin.py:190} INFO - [2024-11-03T05:41:40.834+0000] {dag.py:4180} INFO - Setting next_dagrun for tutorial_objectstorage to None, run_after=None
[2024-11-03T05:41:40.859+0000] {processor.py:208} INFO - Processing /home/airflow/.local/lib/python3.12/site-packages/airflow/example_dags/tutorial_objectstorage.py took 0.079 seconds
[2024-11-03T05:42:11.122+0000] {processor.py:186} INFO - Started process (PID=7519) to work on /home/airflow/.local/lib/python3.12/site-packages/airflow/example_dags/tutorial_objectstorage.py
[2024-11-03T05:42:11.124+0000] {processor.py:914} INFO - Processing file /home/airflow/.local/lib/python3.12/site-packages/airflow/example_dags/tutorial_objectstorage.py for tasks to queue
[2024-11-03T05:42:11.126+0000] {logging_mixin.py:190} INFO - [2024-11-03T05:42:11.126+0000] {dagbag.py:588} INFO - Filling up the DagBag from /home/airflow/.local/lib/python3.12/site-packages/airflow/example_dags/tutorial_objectstorage.py
[2024-11-03T05:42:11.135+0000] {processor.py:925} INFO - DAG(s) 'tutorial_objectstorage' retrieved from /home/airflow/.local/lib/python3.12/site-packages/airflow/example_dags/tutorial_objectstorage.py
[2024-11-03T05:42:11.154+0000] {logging_mixin.py:190} INFO - [2024-11-03T05:42:11.153+0000] {dag.py:3239} INFO - Sync 1 DAGs
[2024-11-03T05:42:11.169+0000] {logging_mixin.py:190} INFO - [2024-11-03T05:42:11.168+0000] {dag.py:4180} INFO - Setting next_dagrun for tutorial_objectstorage to None, run_after=None
[2024-11-03T05:42:11.191+0000] {processor.py:208} INFO - Processing /home/airflow/.local/lib/python3.12/site-packages/airflow/example_dags/tutorial_objectstorage.py took 0.077 seconds
[2024-11-03T05:42:42.572+0000] {processor.py:186} INFO - Started process (PID=7811) to work on /home/airflow/.local/lib/python3.12/site-packages/airflow/example_dags/tutorial_objectstorage.py
[2024-11-03T05:42:42.573+0000] {processor.py:914} INFO - Processing file /home/airflow/.local/lib/python3.12/site-packages/airflow/example_dags/tutorial_objectstorage.py for tasks to queue
[2024-11-03T05:42:42.576+0000] {logging_mixin.py:190} INFO - [2024-11-03T05:42:42.575+0000] {dagbag.py:588} INFO - Filling up the DagBag from /home/airflow/.local/lib/python3.12/site-packages/airflow/example_dags/tutorial_objectstorage.py
[2024-11-03T05:42:42.585+0000] {processor.py:925} INFO - DAG(s) 'tutorial_objectstorage' retrieved from /home/airflow/.local/lib/python3.12/site-packages/airflow/example_dags/tutorial_objectstorage.py
[2024-11-03T05:42:42.610+0000] {logging_mixin.py:190} INFO - [2024-11-03T05:42:42.610+0000] {dag.py:3239} INFO - Sync 1 DAGs
[2024-11-03T05:42:42.631+0000] {logging_mixin.py:190} INFO - [2024-11-03T05:42:42.630+0000] {dag.py:4180} INFO - Setting next_dagrun for tutorial_objectstorage to None, run_after=None
[2024-11-03T05:42:42.669+0000] {processor.py:208} INFO - Processing /home/airflow/.local/lib/python3.12/site-packages/airflow/example_dags/tutorial_objectstorage.py took 0.104 seconds
[2024-11-03T05:43:12.902+0000] {processor.py:186} INFO - Started process (PID=8102) to work on /home/airflow/.local/lib/python3.12/site-packages/airflow/example_dags/tutorial_objectstorage.py
[2024-11-03T05:43:12.903+0000] {processor.py:914} INFO - Processing file /home/airflow/.local/lib/python3.12/site-packages/airflow/example_dags/tutorial_objectstorage.py for tasks to queue
[2024-11-03T05:43:12.905+0000] {logging_mixin.py:190} INFO - [2024-11-03T05:43:12.905+0000] {dagbag.py:588} INFO - Filling up the DagBag from /home/airflow/.local/lib/python3.12/site-packages/airflow/example_dags/tutorial_objectstorage.py
[2024-11-03T05:43:12.914+0000] {processor.py:925} INFO - DAG(s) 'tutorial_objectstorage' retrieved from /home/airflow/.local/lib/python3.12/site-packages/airflow/example_dags/tutorial_objectstorage.py
[2024-11-03T05:43:12.932+0000] {logging_mixin.py:190} INFO - [2024-11-03T05:43:12.932+0000] {dag.py:3239} INFO - Sync 1 DAGs
[2024-11-03T05:43:12.947+0000] {logging_mixin.py:190} INFO - [2024-11-03T05:43:12.947+0000] {dag.py:4180} INFO - Setting next_dagrun for tutorial_objectstorage to None, run_after=None
[2024-11-03T05:43:12.970+0000] {processor.py:208} INFO - Processing /home/airflow/.local/lib/python3.12/site-packages/airflow/example_dags/tutorial_objectstorage.py took 0.074 seconds
[2024-11-03T05:43:44.072+0000] {processor.py:186} INFO - Started process (PID=8393) to work on /home/airflow/.local/lib/python3.12/site-packages/airflow/example_dags/tutorial_objectstorage.py
[2024-11-03T05:43:44.073+0000] {processor.py:914} INFO - Processing file /home/airflow/.local/lib/python3.12/site-packages/airflow/example_dags/tutorial_objectstorage.py for tasks to queue
[2024-11-03T05:43:44.076+0000] {logging_mixin.py:190} INFO - [2024-11-03T05:43:44.076+0000] {dagbag.py:588} INFO - Filling up the DagBag from /home/airflow/.local/lib/python3.12/site-packages/airflow/example_dags/tutorial_objectstorage.py
[2024-11-03T05:43:44.084+0000] {processor.py:925} INFO - DAG(s) 'tutorial_objectstorage' retrieved from /home/airflow/.local/lib/python3.12/site-packages/airflow/example_dags/tutorial_objectstorage.py
[2024-11-03T05:43:44.103+0000] {logging_mixin.py:190} INFO - [2024-11-03T05:43:44.103+0000] {dag.py:3239} INFO - Sync 1 DAGs
[2024-11-03T05:43:44.118+0000] {logging_mixin.py:190} INFO - [2024-11-03T05:43:44.118+0000] {dag.py:4180} INFO - Setting next_dagrun for tutorial_objectstorage to None, run_after=None
[2024-11-03T05:43:44.139+0000] {processor.py:208} INFO - Processing /home/airflow/.local/lib/python3.12/site-packages/airflow/example_dags/tutorial_objectstorage.py took 0.073 seconds
[2024-11-03T05:44:14.372+0000] {processor.py:186} INFO - Started process (PID=8684) to work on /home/airflow/.local/lib/python3.12/site-packages/airflow/example_dags/tutorial_objectstorage.py
[2024-11-03T05:44:14.373+0000] {processor.py:914} INFO - Processing file /home/airflow/.local/lib/python3.12/site-packages/airflow/example_dags/tutorial_objectstorage.py for tasks to queue
[2024-11-03T05:44:14.375+0000] {logging_mixin.py:190} INFO - [2024-11-03T05:44:14.375+0000] {dagbag.py:588} INFO - Filling up the DagBag from /home/airflow/.local/lib/python3.12/site-packages/airflow/example_dags/tutorial_objectstorage.py
[2024-11-03T05:44:14.384+0000] {processor.py:925} INFO - DAG(s) 'tutorial_objectstorage' retrieved from /home/airflow/.local/lib/python3.12/site-packages/airflow/example_dags/tutorial_objectstorage.py
[2024-11-03T05:44:14.404+0000] {logging_mixin.py:190} INFO - [2024-11-03T05:44:14.403+0000] {dag.py:3239} INFO - Sync 1 DAGs
[2024-11-03T05:44:14.419+0000] {logging_mixin.py:190} INFO - [2024-11-03T05:44:14.419+0000] {dag.py:4180} INFO - Setting next_dagrun for tutorial_objectstorage to None, run_after=None
[2024-11-03T05:44:14.445+0000] {processor.py:208} INFO - Processing /home/airflow/.local/lib/python3.12/site-packages/airflow/example_dags/tutorial_objectstorage.py took 0.079 seconds
[2024-11-03T05:44:44.727+0000] {processor.py:186} INFO - Started process (PID=8975) to work on /home/airflow/.local/lib/python3.12/site-packages/airflow/example_dags/tutorial_objectstorage.py
[2024-11-03T05:44:44.728+0000] {processor.py:914} INFO - Processing file /home/airflow/.local/lib/python3.12/site-packages/airflow/example_dags/tutorial_objectstorage.py for tasks to queue
[2024-11-03T05:44:44.732+0000] {logging_mixin.py:190} INFO - [2024-11-03T05:44:44.731+0000] {dagbag.py:588} INFO - Filling up the DagBag from /home/airflow/.local/lib/python3.12/site-packages/airflow/example_dags/tutorial_objectstorage.py
[2024-11-03T05:44:44.744+0000] {processor.py:925} INFO - DAG(s) 'tutorial_objectstorage' retrieved from /home/airflow/.local/lib/python3.12/site-packages/airflow/example_dags/tutorial_objectstorage.py
[2024-11-03T05:44:44.767+0000] {logging_mixin.py:190} INFO - [2024-11-03T05:44:44.766+0000] {dag.py:3239} INFO - Sync 1 DAGs
[2024-11-03T05:44:44.784+0000] {logging_mixin.py:190} INFO - [2024-11-03T05:44:44.784+0000] {dag.py:4180} INFO - Setting next_dagrun for tutorial_objectstorage to None, run_after=None
[2024-11-03T05:44:44.810+0000] {processor.py:208} INFO - Processing /home/airflow/.local/lib/python3.12/site-packages/airflow/example_dags/tutorial_objectstorage.py took 0.091 seconds
[2024-11-03T05:45:15.794+0000] {processor.py:186} INFO - Started process (PID=9264) to work on /home/airflow/.local/lib/python3.12/site-packages/airflow/example_dags/tutorial_objectstorage.py
[2024-11-03T05:45:15.795+0000] {processor.py:914} INFO - Processing file /home/airflow/.local/lib/python3.12/site-packages/airflow/example_dags/tutorial_objectstorage.py for tasks to queue
[2024-11-03T05:45:15.797+0000] {logging_mixin.py:190} INFO - [2024-11-03T05:45:15.797+0000] {dagbag.py:588} INFO - Filling up the DagBag from /home/airflow/.local/lib/python3.12/site-packages/airflow/example_dags/tutorial_objectstorage.py
[2024-11-03T05:45:15.807+0000] {processor.py:925} INFO - DAG(s) 'tutorial_objectstorage' retrieved from /home/airflow/.local/lib/python3.12/site-packages/airflow/example_dags/tutorial_objectstorage.py
[2024-11-03T05:45:15.828+0000] {logging_mixin.py:190} INFO - [2024-11-03T05:45:15.828+0000] {dag.py:3239} INFO - Sync 1 DAGs
[2024-11-03T05:45:15.843+0000] {logging_mixin.py:190} INFO - [2024-11-03T05:45:15.843+0000] {dag.py:4180} INFO - Setting next_dagrun for tutorial_objectstorage to None, run_after=None
[2024-11-03T05:45:15.865+0000] {processor.py:208} INFO - Processing /home/airflow/.local/lib/python3.12/site-packages/airflow/example_dags/tutorial_objectstorage.py took 0.078 seconds
[2024-11-03T05:45:46.281+0000] {processor.py:186} INFO - Started process (PID=9557) to work on /home/airflow/.local/lib/python3.12/site-packages/airflow/example_dags/tutorial_objectstorage.py
[2024-11-03T05:45:46.282+0000] {processor.py:914} INFO - Processing file /home/airflow/.local/lib/python3.12/site-packages/airflow/example_dags/tutorial_objectstorage.py for tasks to queue
[2024-11-03T05:45:46.284+0000] {logging_mixin.py:190} INFO - [2024-11-03T05:45:46.284+0000] {dagbag.py:588} INFO - Filling up the DagBag from /home/airflow/.local/lib/python3.12/site-packages/airflow/example_dags/tutorial_objectstorage.py
[2024-11-03T05:45:46.294+0000] {processor.py:925} INFO - DAG(s) 'tutorial_objectstorage' retrieved from /home/airflow/.local/lib/python3.12/site-packages/airflow/example_dags/tutorial_objectstorage.py
[2024-11-03T05:45:46.314+0000] {logging_mixin.py:190} INFO - [2024-11-03T05:45:46.314+0000] {dag.py:3239} INFO - Sync 1 DAGs
[2024-11-03T05:45:46.331+0000] {logging_mixin.py:190} INFO - [2024-11-03T05:45:46.331+0000] {dag.py:4180} INFO - Setting next_dagrun for tutorial_objectstorage to None, run_after=None
[2024-11-03T05:45:46.353+0000] {processor.py:208} INFO - Processing /home/airflow/.local/lib/python3.12/site-packages/airflow/example_dags/tutorial_objectstorage.py took 0.078 seconds
[2024-11-03T05:46:17.084+0000] {processor.py:186} INFO - Started process (PID=9848) to work on /home/airflow/.local/lib/python3.12/site-packages/airflow/example_dags/tutorial_objectstorage.py
[2024-11-03T05:46:17.085+0000] {processor.py:914} INFO - Processing file /home/airflow/.local/lib/python3.12/site-packages/airflow/example_dags/tutorial_objectstorage.py for tasks to queue
[2024-11-03T05:46:17.090+0000] {logging_mixin.py:190} INFO - [2024-11-03T05:46:17.089+0000] {dagbag.py:588} INFO - Filling up the DagBag from /home/airflow/.local/lib/python3.12/site-packages/airflow/example_dags/tutorial_objectstorage.py
[2024-11-03T05:46:17.104+0000] {processor.py:925} INFO - DAG(s) 'tutorial_objectstorage' retrieved from /home/airflow/.local/lib/python3.12/site-packages/airflow/example_dags/tutorial_objectstorage.py
[2024-11-03T05:46:17.132+0000] {logging_mixin.py:190} INFO - [2024-11-03T05:46:17.131+0000] {dag.py:3239} INFO - Sync 1 DAGs
[2024-11-03T05:46:17.157+0000] {logging_mixin.py:190} INFO - [2024-11-03T05:46:17.157+0000] {dag.py:4180} INFO - Setting next_dagrun for tutorial_objectstorage to None, run_after=None
[2024-11-03T05:46:17.191+0000] {processor.py:208} INFO - Processing /home/airflow/.local/lib/python3.12/site-packages/airflow/example_dags/tutorial_objectstorage.py took 0.118 seconds
[2024-11-03T05:46:47.670+0000] {processor.py:186} INFO - Started process (PID=10137) to work on /home/airflow/.local/lib/python3.12/site-packages/airflow/example_dags/tutorial_objectstorage.py
[2024-11-03T05:46:47.671+0000] {processor.py:914} INFO - Processing file /home/airflow/.local/lib/python3.12/site-packages/airflow/example_dags/tutorial_objectstorage.py for tasks to queue
[2024-11-03T05:46:47.674+0000] {logging_mixin.py:190} INFO - [2024-11-03T05:46:47.673+0000] {dagbag.py:588} INFO - Filling up the DagBag from /home/airflow/.local/lib/python3.12/site-packages/airflow/example_dags/tutorial_objectstorage.py
[2024-11-03T05:46:47.682+0000] {processor.py:925} INFO - DAG(s) 'tutorial_objectstorage' retrieved from /home/airflow/.local/lib/python3.12/site-packages/airflow/example_dags/tutorial_objectstorage.py
[2024-11-03T05:46:47.702+0000] {logging_mixin.py:190} INFO - [2024-11-03T05:46:47.702+0000] {dag.py:3239} INFO - Sync 1 DAGs
[2024-11-03T05:46:47.717+0000] {logging_mixin.py:190} INFO - [2024-11-03T05:46:47.717+0000] {dag.py:4180} INFO - Setting next_dagrun for tutorial_objectstorage to None, run_after=None
[2024-11-03T05:46:47.749+0000] {processor.py:208} INFO - Processing /home/airflow/.local/lib/python3.12/site-packages/airflow/example_dags/tutorial_objectstorage.py took 0.085 seconds
[2024-11-03T05:47:18.015+0000] {processor.py:186} INFO - Started process (PID=10428) to work on /home/airflow/.local/lib/python3.12/site-packages/airflow/example_dags/tutorial_objectstorage.py
[2024-11-03T05:47:18.016+0000] {processor.py:914} INFO - Processing file /home/airflow/.local/lib/python3.12/site-packages/airflow/example_dags/tutorial_objectstorage.py for tasks to queue
[2024-11-03T05:47:18.018+0000] {logging_mixin.py:190} INFO - [2024-11-03T05:47:18.018+0000] {dagbag.py:588} INFO - Filling up the DagBag from /home/airflow/.local/lib/python3.12/site-packages/airflow/example_dags/tutorial_objectstorage.py
[2024-11-03T05:47:18.027+0000] {processor.py:925} INFO - DAG(s) 'tutorial_objectstorage' retrieved from /home/airflow/.local/lib/python3.12/site-packages/airflow/example_dags/tutorial_objectstorage.py
[2024-11-03T05:47:18.047+0000] {logging_mixin.py:190} INFO - [2024-11-03T05:47:18.047+0000] {dag.py:3239} INFO - Sync 1 DAGs
[2024-11-03T05:47:18.063+0000] {logging_mixin.py:190} INFO - [2024-11-03T05:47:18.063+0000] {dag.py:4180} INFO - Setting next_dagrun for tutorial_objectstorage to None, run_after=None
[2024-11-03T05:47:18.085+0000] {processor.py:208} INFO - Processing /home/airflow/.local/lib/python3.12/site-packages/airflow/example_dags/tutorial_objectstorage.py took 0.076 seconds
[2024-11-03T05:47:48.446+0000] {processor.py:186} INFO - Started process (PID=10721) to work on /home/airflow/.local/lib/python3.12/site-packages/airflow/example_dags/tutorial_objectstorage.py
[2024-11-03T05:47:48.447+0000] {processor.py:914} INFO - Processing file /home/airflow/.local/lib/python3.12/site-packages/airflow/example_dags/tutorial_objectstorage.py for tasks to queue
[2024-11-03T05:47:48.449+0000] {logging_mixin.py:190} INFO - [2024-11-03T05:47:48.449+0000] {dagbag.py:588} INFO - Filling up the DagBag from /home/airflow/.local/lib/python3.12/site-packages/airflow/example_dags/tutorial_objectstorage.py
[2024-11-03T05:47:48.458+0000] {processor.py:925} INFO - DAG(s) 'tutorial_objectstorage' retrieved from /home/airflow/.local/lib/python3.12/site-packages/airflow/example_dags/tutorial_objectstorage.py
[2024-11-03T05:47:48.477+0000] {logging_mixin.py:190} INFO - [2024-11-03T05:47:48.477+0000] {dag.py:3239} INFO - Sync 1 DAGs
[2024-11-03T05:47:48.491+0000] {logging_mixin.py:190} INFO - [2024-11-03T05:47:48.491+0000] {dag.py:4180} INFO - Setting next_dagrun for tutorial_objectstorage to None, run_after=None
[2024-11-03T05:47:48.513+0000] {processor.py:208} INFO - Processing /home/airflow/.local/lib/python3.12/site-packages/airflow/example_dags/tutorial_objectstorage.py took 0.073 seconds
[2024-11-03T05:48:18.941+0000] {processor.py:186} INFO - Started process (PID=11010) to work on /home/airflow/.local/lib/python3.12/site-packages/airflow/example_dags/tutorial_objectstorage.py
[2024-11-03T05:48:18.943+0000] {processor.py:914} INFO - Processing file /home/airflow/.local/lib/python3.12/site-packages/airflow/example_dags/tutorial_objectstorage.py for tasks to queue
[2024-11-03T05:48:18.946+0000] {logging_mixin.py:190} INFO - [2024-11-03T05:48:18.945+0000] {dagbag.py:588} INFO - Filling up the DagBag from /home/airflow/.local/lib/python3.12/site-packages/airflow/example_dags/tutorial_objectstorage.py
[2024-11-03T05:48:18.961+0000] {processor.py:925} INFO - DAG(s) 'tutorial_objectstorage' retrieved from /home/airflow/.local/lib/python3.12/site-packages/airflow/example_dags/tutorial_objectstorage.py
[2024-11-03T05:48:18.999+0000] {logging_mixin.py:190} INFO - [2024-11-03T05:48:18.999+0000] {dag.py:3239} INFO - Sync 1 DAGs
[2024-11-03T05:48:19.018+0000] {logging_mixin.py:190} INFO - [2024-11-03T05:48:19.018+0000] {dag.py:4180} INFO - Setting next_dagrun for tutorial_objectstorage to None, run_after=None
[2024-11-03T05:48:19.047+0000] {processor.py:208} INFO - Processing /home/airflow/.local/lib/python3.12/site-packages/airflow/example_dags/tutorial_objectstorage.py took 0.118 seconds
[2024-11-03T05:48:50.186+0000] {processor.py:186} INFO - Started process (PID=11307) to work on /home/airflow/.local/lib/python3.12/site-packages/airflow/example_dags/tutorial_objectstorage.py
[2024-11-03T05:48:50.187+0000] {processor.py:914} INFO - Processing file /home/airflow/.local/lib/python3.12/site-packages/airflow/example_dags/tutorial_objectstorage.py for tasks to queue
[2024-11-03T05:48:50.190+0000] {logging_mixin.py:190} INFO - [2024-11-03T05:48:50.190+0000] {dagbag.py:588} INFO - Filling up the DagBag from /home/airflow/.local/lib/python3.12/site-packages/airflow/example_dags/tutorial_objectstorage.py
[2024-11-03T05:48:50.201+0000] {processor.py:925} INFO - DAG(s) 'tutorial_objectstorage' retrieved from /home/airflow/.local/lib/python3.12/site-packages/airflow/example_dags/tutorial_objectstorage.py
[2024-11-03T05:48:50.228+0000] {logging_mixin.py:190} INFO - [2024-11-03T05:48:50.228+0000] {dag.py:3239} INFO - Sync 1 DAGs
[2024-11-03T05:48:50.251+0000] {logging_mixin.py:190} INFO - [2024-11-03T05:48:50.251+0000] {dag.py:4180} INFO - Setting next_dagrun for tutorial_objectstorage to None, run_after=None
[2024-11-03T05:48:50.284+0000] {processor.py:208} INFO - Processing /home/airflow/.local/lib/python3.12/site-packages/airflow/example_dags/tutorial_objectstorage.py took 0.106 seconds
[2024-11-03T05:49:21.236+0000] {processor.py:186} INFO - Started process (PID=11598) to work on /home/airflow/.local/lib/python3.12/site-packages/airflow/example_dags/tutorial_objectstorage.py
[2024-11-03T05:49:21.237+0000] {processor.py:914} INFO - Processing file /home/airflow/.local/lib/python3.12/site-packages/airflow/example_dags/tutorial_objectstorage.py for tasks to queue
[2024-11-03T05:49:21.239+0000] {logging_mixin.py:190} INFO - [2024-11-03T05:49:21.239+0000] {dagbag.py:588} INFO - Filling up the DagBag from /home/airflow/.local/lib/python3.12/site-packages/airflow/example_dags/tutorial_objectstorage.py
[2024-11-03T05:49:21.247+0000] {processor.py:925} INFO - DAG(s) 'tutorial_objectstorage' retrieved from /home/airflow/.local/lib/python3.12/site-packages/airflow/example_dags/tutorial_objectstorage.py
[2024-11-03T05:49:21.268+0000] {logging_mixin.py:190} INFO - [2024-11-03T05:49:21.268+0000] {dag.py:3239} INFO - Sync 1 DAGs
[2024-11-03T05:49:21.285+0000] {logging_mixin.py:190} INFO - [2024-11-03T05:49:21.285+0000] {dag.py:4180} INFO - Setting next_dagrun for tutorial_objectstorage to None, run_after=None
[2024-11-03T05:49:21.310+0000] {processor.py:208} INFO - Processing /home/airflow/.local/lib/python3.12/site-packages/airflow/example_dags/tutorial_objectstorage.py took 0.081 seconds
[2024-11-03T05:49:51.746+0000] {processor.py:186} INFO - Started process (PID=11889) to work on /home/airflow/.local/lib/python3.12/site-packages/airflow/example_dags/tutorial_objectstorage.py
[2024-11-03T05:49:51.747+0000] {processor.py:914} INFO - Processing file /home/airflow/.local/lib/python3.12/site-packages/airflow/example_dags/tutorial_objectstorage.py for tasks to queue
[2024-11-03T05:49:51.750+0000] {logging_mixin.py:190} INFO - [2024-11-03T05:49:51.749+0000] {dagbag.py:588} INFO - Filling up the DagBag from /home/airflow/.local/lib/python3.12/site-packages/airflow/example_dags/tutorial_objectstorage.py
[2024-11-03T05:49:51.760+0000] {processor.py:925} INFO - DAG(s) 'tutorial_objectstorage' retrieved from /home/airflow/.local/lib/python3.12/site-packages/airflow/example_dags/tutorial_objectstorage.py
[2024-11-03T05:49:51.781+0000] {logging_mixin.py:190} INFO - [2024-11-03T05:49:51.781+0000] {dag.py:3239} INFO - Sync 1 DAGs
[2024-11-03T05:49:51.797+0000] {logging_mixin.py:190} INFO - [2024-11-03T05:49:51.797+0000] {dag.py:4180} INFO - Setting next_dagrun for tutorial_objectstorage to None, run_after=None
[2024-11-03T05:49:51.828+0000] {processor.py:208} INFO - Processing /home/airflow/.local/lib/python3.12/site-packages/airflow/example_dags/tutorial_objectstorage.py took 0.088 seconds
[2024-11-03T05:50:22.266+0000] {processor.py:186} INFO - Started process (PID=12180) to work on /home/airflow/.local/lib/python3.12/site-packages/airflow/example_dags/tutorial_objectstorage.py
[2024-11-03T05:50:22.267+0000] {processor.py:914} INFO - Processing file /home/airflow/.local/lib/python3.12/site-packages/airflow/example_dags/tutorial_objectstorage.py for tasks to queue
[2024-11-03T05:50:22.270+0000] {logging_mixin.py:190} INFO - [2024-11-03T05:50:22.270+0000] {dagbag.py:588} INFO - Filling up the DagBag from /home/airflow/.local/lib/python3.12/site-packages/airflow/example_dags/tutorial_objectstorage.py
[2024-11-03T05:50:22.280+0000] {processor.py:925} INFO - DAG(s) 'tutorial_objectstorage' retrieved from /home/airflow/.local/lib/python3.12/site-packages/airflow/example_dags/tutorial_objectstorage.py
[2024-11-03T05:50:22.301+0000] {logging_mixin.py:190} INFO - [2024-11-03T05:50:22.301+0000] {dag.py:3239} INFO - Sync 1 DAGs
[2024-11-03T05:50:22.316+0000] {logging_mixin.py:190} INFO - [2024-11-03T05:50:22.316+0000] {dag.py:4180} INFO - Setting next_dagrun for tutorial_objectstorage to None, run_after=None
[2024-11-03T05:50:22.338+0000] {processor.py:208} INFO - Processing /home/airflow/.local/lib/python3.12/site-packages/airflow/example_dags/tutorial_objectstorage.py took 0.080 seconds
[2024-11-03T05:50:52.772+0000] {processor.py:186} INFO - Started process (PID=12471) to work on /home/airflow/.local/lib/python3.12/site-packages/airflow/example_dags/tutorial_objectstorage.py
[2024-11-03T05:50:52.773+0000] {processor.py:914} INFO - Processing file /home/airflow/.local/lib/python3.12/site-packages/airflow/example_dags/tutorial_objectstorage.py for tasks to queue
[2024-11-03T05:50:52.776+0000] {logging_mixin.py:190} INFO - [2024-11-03T05:50:52.776+0000] {dagbag.py:588} INFO - Filling up the DagBag from /home/airflow/.local/lib/python3.12/site-packages/airflow/example_dags/tutorial_objectstorage.py
[2024-11-03T05:50:52.785+0000] {processor.py:925} INFO - DAG(s) 'tutorial_objectstorage' retrieved from /home/airflow/.local/lib/python3.12/site-packages/airflow/example_dags/tutorial_objectstorage.py
[2024-11-03T05:50:52.804+0000] {logging_mixin.py:190} INFO - [2024-11-03T05:50:52.804+0000] {dag.py:3239} INFO - Sync 1 DAGs
[2024-11-03T05:50:52.819+0000] {logging_mixin.py:190} INFO - [2024-11-03T05:50:52.819+0000] {dag.py:4180} INFO - Setting next_dagrun for tutorial_objectstorage to None, run_after=None
[2024-11-03T05:50:52.840+0000] {processor.py:208} INFO - Processing /home/airflow/.local/lib/python3.12/site-packages/airflow/example_dags/tutorial_objectstorage.py took 0.074 seconds
[2024-11-03T05:52:50.479+0000] {processor.py:186} INFO - Started process (PID=222) to work on /home/airflow/.local/lib/python3.12/site-packages/airflow/example_dags/tutorial_objectstorage.py
[2024-11-03T05:52:50.480+0000] {processor.py:914} INFO - Processing file /home/airflow/.local/lib/python3.12/site-packages/airflow/example_dags/tutorial_objectstorage.py for tasks to queue
[2024-11-03T05:52:50.491+0000] {logging_mixin.py:190} INFO - [2024-11-03T05:52:50.485+0000] {dagbag.py:588} INFO - Filling up the DagBag from /home/airflow/.local/lib/python3.12/site-packages/airflow/example_dags/tutorial_objectstorage.py
[2024-11-03T05:52:50.509+0000] {processor.py:925} INFO - DAG(s) 'tutorial_objectstorage' retrieved from /home/airflow/.local/lib/python3.12/site-packages/airflow/example_dags/tutorial_objectstorage.py
[2024-11-03T05:52:50.558+0000] {logging_mixin.py:190} INFO - [2024-11-03T05:52:50.558+0000] {dag.py:3239} INFO - Sync 1 DAGs
[2024-11-03T05:52:50.594+0000] {logging_mixin.py:190} INFO - [2024-11-03T05:52:50.593+0000] {dag.py:4180} INFO - Setting next_dagrun for tutorial_objectstorage to None, run_after=None
[2024-11-03T05:52:50.629+0000] {processor.py:208} INFO - Processing /home/airflow/.local/lib/python3.12/site-packages/airflow/example_dags/tutorial_objectstorage.py took 0.160 seconds
[2024-11-03T05:53:21.033+0000] {processor.py:186} INFO - Started process (PID=515) to work on /home/airflow/.local/lib/python3.12/site-packages/airflow/example_dags/tutorial_objectstorage.py
[2024-11-03T05:53:21.034+0000] {processor.py:914} INFO - Processing file /home/airflow/.local/lib/python3.12/site-packages/airflow/example_dags/tutorial_objectstorage.py for tasks to queue
[2024-11-03T05:53:21.036+0000] {logging_mixin.py:190} INFO - [2024-11-03T05:53:21.036+0000] {dagbag.py:588} INFO - Filling up the DagBag from /home/airflow/.local/lib/python3.12/site-packages/airflow/example_dags/tutorial_objectstorage.py
[2024-11-03T05:53:21.044+0000] {processor.py:925} INFO - DAG(s) 'tutorial_objectstorage' retrieved from /home/airflow/.local/lib/python3.12/site-packages/airflow/example_dags/tutorial_objectstorage.py
[2024-11-03T05:53:21.064+0000] {logging_mixin.py:190} INFO - [2024-11-03T05:53:21.063+0000] {dag.py:3239} INFO - Sync 1 DAGs
[2024-11-03T05:53:21.079+0000] {logging_mixin.py:190} INFO - [2024-11-03T05:53:21.079+0000] {dag.py:4180} INFO - Setting next_dagrun for tutorial_objectstorage to None, run_after=None
[2024-11-03T05:53:21.101+0000] {processor.py:208} INFO - Processing /home/airflow/.local/lib/python3.12/site-packages/airflow/example_dags/tutorial_objectstorage.py took 0.074 seconds
[2024-11-03T05:53:51.594+0000] {processor.py:186} INFO - Started process (PID=806) to work on /home/airflow/.local/lib/python3.12/site-packages/airflow/example_dags/tutorial_objectstorage.py
[2024-11-03T05:53:51.596+0000] {processor.py:914} INFO - Processing file /home/airflow/.local/lib/python3.12/site-packages/airflow/example_dags/tutorial_objectstorage.py for tasks to queue
[2024-11-03T05:53:51.598+0000] {logging_mixin.py:190} INFO - [2024-11-03T05:53:51.597+0000] {dagbag.py:588} INFO - Filling up the DagBag from /home/airflow/.local/lib/python3.12/site-packages/airflow/example_dags/tutorial_objectstorage.py
[2024-11-03T05:53:51.606+0000] {processor.py:925} INFO - DAG(s) 'tutorial_objectstorage' retrieved from /home/airflow/.local/lib/python3.12/site-packages/airflow/example_dags/tutorial_objectstorage.py
[2024-11-03T05:53:51.626+0000] {logging_mixin.py:190} INFO - [2024-11-03T05:53:51.625+0000] {dag.py:3239} INFO - Sync 1 DAGs
[2024-11-03T05:53:51.640+0000] {logging_mixin.py:190} INFO - [2024-11-03T05:53:51.640+0000] {dag.py:4180} INFO - Setting next_dagrun for tutorial_objectstorage to None, run_after=None
[2024-11-03T05:53:51.668+0000] {processor.py:208} INFO - Processing /home/airflow/.local/lib/python3.12/site-packages/airflow/example_dags/tutorial_objectstorage.py took 0.079 seconds
[2024-11-03T05:54:21.915+0000] {processor.py:186} INFO - Started process (PID=1097) to work on /home/airflow/.local/lib/python3.12/site-packages/airflow/example_dags/tutorial_objectstorage.py
[2024-11-03T05:54:21.919+0000] {processor.py:914} INFO - Processing file /home/airflow/.local/lib/python3.12/site-packages/airflow/example_dags/tutorial_objectstorage.py for tasks to queue
[2024-11-03T05:54:21.922+0000] {logging_mixin.py:190} INFO - [2024-11-03T05:54:21.922+0000] {dagbag.py:588} INFO - Filling up the DagBag from /home/airflow/.local/lib/python3.12/site-packages/airflow/example_dags/tutorial_objectstorage.py
[2024-11-03T05:54:21.936+0000] {processor.py:925} INFO - DAG(s) 'tutorial_objectstorage' retrieved from /home/airflow/.local/lib/python3.12/site-packages/airflow/example_dags/tutorial_objectstorage.py
[2024-11-03T05:54:21.959+0000] {logging_mixin.py:190} INFO - [2024-11-03T05:54:21.959+0000] {dag.py:3239} INFO - Sync 1 DAGs
[2024-11-03T05:54:21.978+0000] {logging_mixin.py:190} INFO - [2024-11-03T05:54:21.977+0000] {dag.py:4180} INFO - Setting next_dagrun for tutorial_objectstorage to None, run_after=None
[2024-11-03T05:54:22.023+0000] {processor.py:208} INFO - Processing /home/airflow/.local/lib/python3.12/site-packages/airflow/example_dags/tutorial_objectstorage.py took 0.117 seconds
[2024-11-03T05:54:52.185+0000] {processor.py:186} INFO - Started process (PID=1386) to work on /home/airflow/.local/lib/python3.12/site-packages/airflow/example_dags/tutorial_objectstorage.py
[2024-11-03T05:54:52.186+0000] {processor.py:914} INFO - Processing file /home/airflow/.local/lib/python3.12/site-packages/airflow/example_dags/tutorial_objectstorage.py for tasks to queue
[2024-11-03T05:54:52.189+0000] {logging_mixin.py:190} INFO - [2024-11-03T05:54:52.188+0000] {dagbag.py:588} INFO - Filling up the DagBag from /home/airflow/.local/lib/python3.12/site-packages/airflow/example_dags/tutorial_objectstorage.py
[2024-11-03T05:54:52.199+0000] {processor.py:925} INFO - DAG(s) 'tutorial_objectstorage' retrieved from /home/airflow/.local/lib/python3.12/site-packages/airflow/example_dags/tutorial_objectstorage.py
[2024-11-03T05:54:52.222+0000] {logging_mixin.py:190} INFO - [2024-11-03T05:54:52.222+0000] {dag.py:3239} INFO - Sync 1 DAGs
[2024-11-03T05:54:52.239+0000] {logging_mixin.py:190} INFO - [2024-11-03T05:54:52.239+0000] {dag.py:4180} INFO - Setting next_dagrun for tutorial_objectstorage to None, run_after=None
[2024-11-03T05:54:52.266+0000] {processor.py:208} INFO - Processing /home/airflow/.local/lib/python3.12/site-packages/airflow/example_dags/tutorial_objectstorage.py took 0.087 seconds
[2024-11-03T05:57:15.349+0000] {processor.py:186} INFO - Started process (PID=222) to work on /home/airflow/.local/lib/python3.12/site-packages/airflow/example_dags/tutorial_objectstorage.py
[2024-11-03T05:57:15.350+0000] {processor.py:914} INFO - Processing file /home/airflow/.local/lib/python3.12/site-packages/airflow/example_dags/tutorial_objectstorage.py for tasks to queue
[2024-11-03T05:57:15.352+0000] {logging_mixin.py:190} INFO - [2024-11-03T05:57:15.352+0000] {dagbag.py:588} INFO - Filling up the DagBag from /home/airflow/.local/lib/python3.12/site-packages/airflow/example_dags/tutorial_objectstorage.py
[2024-11-03T05:57:15.365+0000] {processor.py:925} INFO - DAG(s) 'tutorial_objectstorage' retrieved from /home/airflow/.local/lib/python3.12/site-packages/airflow/example_dags/tutorial_objectstorage.py
[2024-11-03T05:57:15.394+0000] {logging_mixin.py:190} INFO - [2024-11-03T05:57:15.394+0000] {dag.py:3239} INFO - Sync 1 DAGs
[2024-11-03T05:57:15.416+0000] {logging_mixin.py:190} INFO - [2024-11-03T05:57:15.416+0000] {dag.py:4180} INFO - Setting next_dagrun for tutorial_objectstorage to None, run_after=None
[2024-11-03T05:57:15.442+0000] {processor.py:208} INFO - Processing /home/airflow/.local/lib/python3.12/site-packages/airflow/example_dags/tutorial_objectstorage.py took 0.100 seconds
[2024-11-03T05:57:45.498+0000] {processor.py:186} INFO - Started process (PID=510) to work on /home/airflow/.local/lib/python3.12/site-packages/airflow/example_dags/tutorial_objectstorage.py
[2024-11-03T05:57:45.499+0000] {processor.py:914} INFO - Processing file /home/airflow/.local/lib/python3.12/site-packages/airflow/example_dags/tutorial_objectstorage.py for tasks to queue
[2024-11-03T05:57:45.502+0000] {logging_mixin.py:190} INFO - [2024-11-03T05:57:45.501+0000] {dagbag.py:588} INFO - Filling up the DagBag from /home/airflow/.local/lib/python3.12/site-packages/airflow/example_dags/tutorial_objectstorage.py
[2024-11-03T05:57:45.510+0000] {processor.py:925} INFO - DAG(s) 'tutorial_objectstorage' retrieved from /home/airflow/.local/lib/python3.12/site-packages/airflow/example_dags/tutorial_objectstorage.py
[2024-11-03T05:57:45.529+0000] {logging_mixin.py:190} INFO - [2024-11-03T05:57:45.529+0000] {dag.py:3239} INFO - Sync 1 DAGs
[2024-11-03T05:57:45.544+0000] {logging_mixin.py:190} INFO - [2024-11-03T05:57:45.544+0000] {dag.py:4180} INFO - Setting next_dagrun for tutorial_objectstorage to None, run_after=None
[2024-11-03T05:57:45.568+0000] {processor.py:208} INFO - Processing /home/airflow/.local/lib/python3.12/site-packages/airflow/example_dags/tutorial_objectstorage.py took 0.076 seconds
[2024-11-03T05:58:16.013+0000] {processor.py:186} INFO - Started process (PID=804) to work on /home/airflow/.local/lib/python3.12/site-packages/airflow/example_dags/tutorial_objectstorage.py
[2024-11-03T05:58:16.014+0000] {processor.py:914} INFO - Processing file /home/airflow/.local/lib/python3.12/site-packages/airflow/example_dags/tutorial_objectstorage.py for tasks to queue
[2024-11-03T05:58:16.016+0000] {logging_mixin.py:190} INFO - [2024-11-03T05:58:16.016+0000] {dagbag.py:588} INFO - Filling up the DagBag from /home/airflow/.local/lib/python3.12/site-packages/airflow/example_dags/tutorial_objectstorage.py
[2024-11-03T05:58:16.025+0000] {processor.py:925} INFO - DAG(s) 'tutorial_objectstorage' retrieved from /home/airflow/.local/lib/python3.12/site-packages/airflow/example_dags/tutorial_objectstorage.py
[2024-11-03T05:58:16.046+0000] {logging_mixin.py:190} INFO - [2024-11-03T05:58:16.046+0000] {dag.py:3239} INFO - Sync 1 DAGs
[2024-11-03T05:58:16.062+0000] {logging_mixin.py:190} INFO - [2024-11-03T05:58:16.061+0000] {dag.py:4180} INFO - Setting next_dagrun for tutorial_objectstorage to None, run_after=None
[2024-11-03T05:58:16.084+0000] {processor.py:208} INFO - Processing /home/airflow/.local/lib/python3.12/site-packages/airflow/example_dags/tutorial_objectstorage.py took 0.077 seconds
[2024-11-03T05:58:46.381+0000] {processor.py:186} INFO - Started process (PID=1095) to work on /home/airflow/.local/lib/python3.12/site-packages/airflow/example_dags/tutorial_objectstorage.py
[2024-11-03T05:58:46.382+0000] {processor.py:914} INFO - Processing file /home/airflow/.local/lib/python3.12/site-packages/airflow/example_dags/tutorial_objectstorage.py for tasks to queue
[2024-11-03T05:58:46.384+0000] {logging_mixin.py:190} INFO - [2024-11-03T05:58:46.384+0000] {dagbag.py:588} INFO - Filling up the DagBag from /home/airflow/.local/lib/python3.12/site-packages/airflow/example_dags/tutorial_objectstorage.py
[2024-11-03T05:58:46.395+0000] {processor.py:925} INFO - DAG(s) 'tutorial_objectstorage' retrieved from /home/airflow/.local/lib/python3.12/site-packages/airflow/example_dags/tutorial_objectstorage.py
[2024-11-03T05:58:46.415+0000] {logging_mixin.py:190} INFO - [2024-11-03T05:58:46.415+0000] {dag.py:3239} INFO - Sync 1 DAGs
[2024-11-03T05:58:46.441+0000] {logging_mixin.py:190} INFO - [2024-11-03T05:58:46.441+0000] {dag.py:4180} INFO - Setting next_dagrun for tutorial_objectstorage to None, run_after=None
[2024-11-03T05:58:46.471+0000] {processor.py:208} INFO - Processing /home/airflow/.local/lib/python3.12/site-packages/airflow/example_dags/tutorial_objectstorage.py took 0.097 seconds
[2024-11-03T05:59:17.290+0000] {processor.py:186} INFO - Started process (PID=1386) to work on /home/airflow/.local/lib/python3.12/site-packages/airflow/example_dags/tutorial_objectstorage.py
[2024-11-03T05:59:17.291+0000] {processor.py:914} INFO - Processing file /home/airflow/.local/lib/python3.12/site-packages/airflow/example_dags/tutorial_objectstorage.py for tasks to queue
[2024-11-03T05:59:17.293+0000] {logging_mixin.py:190} INFO - [2024-11-03T05:59:17.293+0000] {dagbag.py:588} INFO - Filling up the DagBag from /home/airflow/.local/lib/python3.12/site-packages/airflow/example_dags/tutorial_objectstorage.py
[2024-11-03T05:59:17.302+0000] {processor.py:925} INFO - DAG(s) 'tutorial_objectstorage' retrieved from /home/airflow/.local/lib/python3.12/site-packages/airflow/example_dags/tutorial_objectstorage.py
[2024-11-03T05:59:17.321+0000] {logging_mixin.py:190} INFO - [2024-11-03T05:59:17.321+0000] {dag.py:3239} INFO - Sync 1 DAGs
[2024-11-03T05:59:17.337+0000] {logging_mixin.py:190} INFO - [2024-11-03T05:59:17.337+0000] {dag.py:4180} INFO - Setting next_dagrun for tutorial_objectstorage to None, run_after=None
[2024-11-03T05:59:17.360+0000] {processor.py:208} INFO - Processing /home/airflow/.local/lib/python3.12/site-packages/airflow/example_dags/tutorial_objectstorage.py took 0.076 seconds
[2024-11-03T05:59:48.260+0000] {processor.py:186} INFO - Started process (PID=1677) to work on /home/airflow/.local/lib/python3.12/site-packages/airflow/example_dags/tutorial_objectstorage.py
[2024-11-03T05:59:48.261+0000] {processor.py:914} INFO - Processing file /home/airflow/.local/lib/python3.12/site-packages/airflow/example_dags/tutorial_objectstorage.py for tasks to queue
[2024-11-03T05:59:48.263+0000] {logging_mixin.py:190} INFO - [2024-11-03T05:59:48.263+0000] {dagbag.py:588} INFO - Filling up the DagBag from /home/airflow/.local/lib/python3.12/site-packages/airflow/example_dags/tutorial_objectstorage.py
[2024-11-03T05:59:48.272+0000] {processor.py:925} INFO - DAG(s) 'tutorial_objectstorage' retrieved from /home/airflow/.local/lib/python3.12/site-packages/airflow/example_dags/tutorial_objectstorage.py
[2024-11-03T05:59:48.293+0000] {logging_mixin.py:190} INFO - [2024-11-03T05:59:48.293+0000] {dag.py:3239} INFO - Sync 1 DAGs
[2024-11-03T05:59:48.312+0000] {logging_mixin.py:190} INFO - [2024-11-03T05:59:48.311+0000] {dag.py:4180} INFO - Setting next_dagrun for tutorial_objectstorage to None, run_after=None
[2024-11-03T05:59:48.335+0000] {processor.py:208} INFO - Processing /home/airflow/.local/lib/python3.12/site-packages/airflow/example_dags/tutorial_objectstorage.py took 0.082 seconds
[2024-11-03T06:00:19.127+0000] {processor.py:186} INFO - Started process (PID=1968) to work on /home/airflow/.local/lib/python3.12/site-packages/airflow/example_dags/tutorial_objectstorage.py
[2024-11-03T06:00:19.128+0000] {processor.py:914} INFO - Processing file /home/airflow/.local/lib/python3.12/site-packages/airflow/example_dags/tutorial_objectstorage.py for tasks to queue
[2024-11-03T06:00:19.132+0000] {logging_mixin.py:190} INFO - [2024-11-03T06:00:19.131+0000] {dagbag.py:588} INFO - Filling up the DagBag from /home/airflow/.local/lib/python3.12/site-packages/airflow/example_dags/tutorial_objectstorage.py
[2024-11-03T06:00:19.145+0000] {processor.py:925} INFO - DAG(s) 'tutorial_objectstorage' retrieved from /home/airflow/.local/lib/python3.12/site-packages/airflow/example_dags/tutorial_objectstorage.py
[2024-11-03T06:00:19.170+0000] {logging_mixin.py:190} INFO - [2024-11-03T06:00:19.170+0000] {dag.py:3239} INFO - Sync 1 DAGs
[2024-11-03T06:00:19.193+0000] {logging_mixin.py:190} INFO - [2024-11-03T06:00:19.193+0000] {dag.py:4180} INFO - Setting next_dagrun for tutorial_objectstorage to None, run_after=None
[2024-11-03T06:00:19.230+0000] {processor.py:208} INFO - Processing /home/airflow/.local/lib/python3.12/site-packages/airflow/example_dags/tutorial_objectstorage.py took 0.113 seconds
[2024-11-03T06:06:53.929+0000] {processor.py:186} INFO - Started process (PID=240) to work on /home/airflow/.local/lib/python3.12/site-packages/airflow/example_dags/tutorial_objectstorage.py
[2024-11-03T06:06:53.930+0000] {processor.py:914} INFO - Processing file /home/airflow/.local/lib/python3.12/site-packages/airflow/example_dags/tutorial_objectstorage.py for tasks to queue
[2024-11-03T06:06:53.933+0000] {logging_mixin.py:190} INFO - [2024-11-03T06:06:53.933+0000] {dagbag.py:588} INFO - Filling up the DagBag from /home/airflow/.local/lib/python3.12/site-packages/airflow/example_dags/tutorial_objectstorage.py
[2024-11-03T06:06:53.946+0000] {processor.py:925} INFO - DAG(s) 'tutorial_objectstorage' retrieved from /home/airflow/.local/lib/python3.12/site-packages/airflow/example_dags/tutorial_objectstorage.py
[2024-11-03T06:06:54.103+0000] {logging_mixin.py:190} INFO - [2024-11-03T06:06:54.103+0000] {override.py:1900} INFO - Created Permission View: can edit on DAG:tutorial_objectstorage
[2024-11-03T06:06:54.121+0000] {logging_mixin.py:190} INFO - [2024-11-03T06:06:54.120+0000] {override.py:1900} INFO - Created Permission View: can read on DAG:tutorial_objectstorage
[2024-11-03T06:06:54.132+0000] {logging_mixin.py:190} INFO - [2024-11-03T06:06:54.132+0000] {override.py:1900} INFO - Created Permission View: can delete on DAG:tutorial_objectstorage
[2024-11-03T06:06:54.145+0000] {logging_mixin.py:190} INFO - [2024-11-03T06:06:54.144+0000] {override.py:1900} INFO - Created Permission View: can create on DAG Run:tutorial_objectstorage
[2024-11-03T06:06:54.154+0000] {logging_mixin.py:190} INFO - [2024-11-03T06:06:54.154+0000] {override.py:1900} INFO - Created Permission View: menu access on DAG Run:tutorial_objectstorage
[2024-11-03T06:06:54.166+0000] {logging_mixin.py:190} INFO - [2024-11-03T06:06:54.166+0000] {override.py:1900} INFO - Created Permission View: can read on DAG Run:tutorial_objectstorage
[2024-11-03T06:06:54.184+0000] {logging_mixin.py:190} INFO - [2024-11-03T06:06:54.183+0000] {override.py:1900} INFO - Created Permission View: can delete on DAG Run:tutorial_objectstorage
[2024-11-03T06:06:54.184+0000] {logging_mixin.py:190} INFO - [2024-11-03T06:06:54.184+0000] {dag.py:3239} INFO - Sync 1 DAGs
[2024-11-03T06:06:54.198+0000] {logging_mixin.py:190} INFO - [2024-11-03T06:06:54.198+0000] {dag.py:3262} INFO - Creating ORM DAG for tutorial_objectstorage
[2024-11-03T06:06:54.199+0000] {logging_mixin.py:190} INFO - [2024-11-03T06:06:54.199+0000] {dag.py:4180} INFO - Setting next_dagrun for tutorial_objectstorage to None, run_after=None
[2024-11-03T06:06:54.225+0000] {processor.py:208} INFO - Processing /home/airflow/.local/lib/python3.12/site-packages/airflow/example_dags/tutorial_objectstorage.py took 0.304 seconds
[2024-11-03T06:07:24.851+0000] {processor.py:186} INFO - Started process (PID=533) to work on /home/airflow/.local/lib/python3.12/site-packages/airflow/example_dags/tutorial_objectstorage.py
[2024-11-03T06:07:24.852+0000] {processor.py:914} INFO - Processing file /home/airflow/.local/lib/python3.12/site-packages/airflow/example_dags/tutorial_objectstorage.py for tasks to queue
[2024-11-03T06:07:24.854+0000] {logging_mixin.py:190} INFO - [2024-11-03T06:07:24.854+0000] {dagbag.py:588} INFO - Filling up the DagBag from /home/airflow/.local/lib/python3.12/site-packages/airflow/example_dags/tutorial_objectstorage.py
[2024-11-03T06:07:24.863+0000] {processor.py:925} INFO - DAG(s) 'tutorial_objectstorage' retrieved from /home/airflow/.local/lib/python3.12/site-packages/airflow/example_dags/tutorial_objectstorage.py
[2024-11-03T06:07:24.890+0000] {logging_mixin.py:190} INFO - [2024-11-03T06:07:24.890+0000] {dag.py:3239} INFO - Sync 1 DAGs
[2024-11-03T06:07:24.914+0000] {logging_mixin.py:190} INFO - [2024-11-03T06:07:24.913+0000] {dag.py:4180} INFO - Setting next_dagrun for tutorial_objectstorage to None, run_after=None
[2024-11-03T06:07:24.946+0000] {processor.py:208} INFO - Processing /home/airflow/.local/lib/python3.12/site-packages/airflow/example_dags/tutorial_objectstorage.py took 0.104 seconds
[2024-11-03T06:10:47.979+0000] {processor.py:186} INFO - Started process (PID=237) to work on /home/airflow/.local/lib/python3.12/site-packages/airflow/example_dags/tutorial_objectstorage.py
[2024-11-03T06:10:47.980+0000] {processor.py:914} INFO - Processing file /home/airflow/.local/lib/python3.12/site-packages/airflow/example_dags/tutorial_objectstorage.py for tasks to queue
[2024-11-03T06:10:47.983+0000] {logging_mixin.py:190} INFO - [2024-11-03T06:10:47.983+0000] {dagbag.py:588} INFO - Filling up the DagBag from /home/airflow/.local/lib/python3.12/site-packages/airflow/example_dags/tutorial_objectstorage.py
[2024-11-03T06:10:47.997+0000] {processor.py:925} INFO - DAG(s) 'tutorial_objectstorage' retrieved from /home/airflow/.local/lib/python3.12/site-packages/airflow/example_dags/tutorial_objectstorage.py
[2024-11-03T06:10:48.035+0000] {logging_mixin.py:190} INFO - [2024-11-03T06:10:48.035+0000] {dag.py:3239} INFO - Sync 1 DAGs
[2024-11-03T06:10:48.060+0000] {logging_mixin.py:190} INFO - [2024-11-03T06:10:48.060+0000] {dag.py:4180} INFO - Setting next_dagrun for tutorial_objectstorage to None, run_after=None
[2024-11-03T06:10:48.089+0000] {processor.py:208} INFO - Processing /home/airflow/.local/lib/python3.12/site-packages/airflow/example_dags/tutorial_objectstorage.py took 0.120 seconds
[2024-11-03T06:11:18.275+0000] {processor.py:186} INFO - Started process (PID=528) to work on /home/airflow/.local/lib/python3.12/site-packages/airflow/example_dags/tutorial_objectstorage.py
[2024-11-03T06:11:18.277+0000] {processor.py:914} INFO - Processing file /home/airflow/.local/lib/python3.12/site-packages/airflow/example_dags/tutorial_objectstorage.py for tasks to queue
[2024-11-03T06:11:18.279+0000] {logging_mixin.py:190} INFO - [2024-11-03T06:11:18.279+0000] {dagbag.py:588} INFO - Filling up the DagBag from /home/airflow/.local/lib/python3.12/site-packages/airflow/example_dags/tutorial_objectstorage.py
[2024-11-03T06:11:18.288+0000] {processor.py:925} INFO - DAG(s) 'tutorial_objectstorage' retrieved from /home/airflow/.local/lib/python3.12/site-packages/airflow/example_dags/tutorial_objectstorage.py
[2024-11-03T06:11:18.308+0000] {logging_mixin.py:190} INFO - [2024-11-03T06:11:18.308+0000] {dag.py:3239} INFO - Sync 1 DAGs
[2024-11-03T06:11:18.323+0000] {logging_mixin.py:190} INFO - [2024-11-03T06:11:18.323+0000] {dag.py:4180} INFO - Setting next_dagrun for tutorial_objectstorage to None, run_after=None
[2024-11-03T06:11:18.347+0000] {processor.py:208} INFO - Processing /home/airflow/.local/lib/python3.12/site-packages/airflow/example_dags/tutorial_objectstorage.py took 0.077 seconds
[2024-11-03T06:11:48.851+0000] {processor.py:186} INFO - Started process (PID=819) to work on /home/airflow/.local/lib/python3.12/site-packages/airflow/example_dags/tutorial_objectstorage.py
[2024-11-03T06:11:48.852+0000] {processor.py:914} INFO - Processing file /home/airflow/.local/lib/python3.12/site-packages/airflow/example_dags/tutorial_objectstorage.py for tasks to queue
[2024-11-03T06:11:48.855+0000] {logging_mixin.py:190} INFO - [2024-11-03T06:11:48.854+0000] {dagbag.py:588} INFO - Filling up the DagBag from /home/airflow/.local/lib/python3.12/site-packages/airflow/example_dags/tutorial_objectstorage.py
[2024-11-03T06:11:48.867+0000] {processor.py:925} INFO - DAG(s) 'tutorial_objectstorage' retrieved from /home/airflow/.local/lib/python3.12/site-packages/airflow/example_dags/tutorial_objectstorage.py
[2024-11-03T06:11:48.890+0000] {logging_mixin.py:190} INFO - [2024-11-03T06:11:48.889+0000] {dag.py:3239} INFO - Sync 1 DAGs
[2024-11-03T06:11:48.908+0000] {logging_mixin.py:190} INFO - [2024-11-03T06:11:48.908+0000] {dag.py:4180} INFO - Setting next_dagrun for tutorial_objectstorage to None, run_after=None
[2024-11-03T06:11:48.934+0000] {processor.py:208} INFO - Processing /home/airflow/.local/lib/python3.12/site-packages/airflow/example_dags/tutorial_objectstorage.py took 0.090 seconds
[2024-11-03T06:12:19.521+0000] {processor.py:186} INFO - Started process (PID=1110) to work on /home/airflow/.local/lib/python3.12/site-packages/airflow/example_dags/tutorial_objectstorage.py
[2024-11-03T06:12:19.522+0000] {processor.py:914} INFO - Processing file /home/airflow/.local/lib/python3.12/site-packages/airflow/example_dags/tutorial_objectstorage.py for tasks to queue
[2024-11-03T06:12:19.525+0000] {logging_mixin.py:190} INFO - [2024-11-03T06:12:19.524+0000] {dagbag.py:588} INFO - Filling up the DagBag from /home/airflow/.local/lib/python3.12/site-packages/airflow/example_dags/tutorial_objectstorage.py
[2024-11-03T06:12:19.533+0000] {processor.py:925} INFO - DAG(s) 'tutorial_objectstorage' retrieved from /home/airflow/.local/lib/python3.12/site-packages/airflow/example_dags/tutorial_objectstorage.py
[2024-11-03T06:12:19.554+0000] {logging_mixin.py:190} INFO - [2024-11-03T06:12:19.553+0000] {dag.py:3239} INFO - Sync 1 DAGs
[2024-11-03T06:12:19.569+0000] {logging_mixin.py:190} INFO - [2024-11-03T06:12:19.569+0000] {dag.py:4180} INFO - Setting next_dagrun for tutorial_objectstorage to None, run_after=None
[2024-11-03T06:12:19.593+0000] {processor.py:208} INFO - Processing /home/airflow/.local/lib/python3.12/site-packages/airflow/example_dags/tutorial_objectstorage.py took 0.078 seconds
[2024-11-03T06:12:50.374+0000] {processor.py:186} INFO - Started process (PID=1401) to work on /home/airflow/.local/lib/python3.12/site-packages/airflow/example_dags/tutorial_objectstorage.py
[2024-11-03T06:12:50.375+0000] {processor.py:914} INFO - Processing file /home/airflow/.local/lib/python3.12/site-packages/airflow/example_dags/tutorial_objectstorage.py for tasks to queue
[2024-11-03T06:12:50.377+0000] {logging_mixin.py:190} INFO - [2024-11-03T06:12:50.377+0000] {dagbag.py:588} INFO - Filling up the DagBag from /home/airflow/.local/lib/python3.12/site-packages/airflow/example_dags/tutorial_objectstorage.py
[2024-11-03T06:12:50.388+0000] {processor.py:925} INFO - DAG(s) 'tutorial_objectstorage' retrieved from /home/airflow/.local/lib/python3.12/site-packages/airflow/example_dags/tutorial_objectstorage.py
[2024-11-03T06:12:50.407+0000] {logging_mixin.py:190} INFO - [2024-11-03T06:12:50.407+0000] {dag.py:3239} INFO - Sync 1 DAGs
[2024-11-03T06:12:50.423+0000] {logging_mixin.py:190} INFO - [2024-11-03T06:12:50.423+0000] {dag.py:4180} INFO - Setting next_dagrun for tutorial_objectstorage to None, run_after=None
[2024-11-03T06:12:50.446+0000] {processor.py:208} INFO - Processing /home/airflow/.local/lib/python3.12/site-packages/airflow/example_dags/tutorial_objectstorage.py took 0.078 seconds
[2024-11-03T06:13:21.152+0000] {processor.py:186} INFO - Started process (PID=1692) to work on /home/airflow/.local/lib/python3.12/site-packages/airflow/example_dags/tutorial_objectstorage.py
[2024-11-03T06:13:21.153+0000] {processor.py:914} INFO - Processing file /home/airflow/.local/lib/python3.12/site-packages/airflow/example_dags/tutorial_objectstorage.py for tasks to queue
[2024-11-03T06:13:21.156+0000] {logging_mixin.py:190} INFO - [2024-11-03T06:13:21.155+0000] {dagbag.py:588} INFO - Filling up the DagBag from /home/airflow/.local/lib/python3.12/site-packages/airflow/example_dags/tutorial_objectstorage.py
[2024-11-03T06:13:21.165+0000] {processor.py:925} INFO - DAG(s) 'tutorial_objectstorage' retrieved from /home/airflow/.local/lib/python3.12/site-packages/airflow/example_dags/tutorial_objectstorage.py
[2024-11-03T06:13:21.191+0000] {logging_mixin.py:190} INFO - [2024-11-03T06:13:21.191+0000] {dag.py:3239} INFO - Sync 1 DAGs
[2024-11-03T06:13:21.208+0000] {logging_mixin.py:190} INFO - [2024-11-03T06:13:21.208+0000] {dag.py:4180} INFO - Setting next_dagrun for tutorial_objectstorage to None, run_after=None
[2024-11-03T06:13:21.229+0000] {processor.py:208} INFO - Processing /home/airflow/.local/lib/python3.12/site-packages/airflow/example_dags/tutorial_objectstorage.py took 0.087 seconds
[2024-11-03T06:13:51.316+0000] {processor.py:186} INFO - Started process (PID=1981) to work on /home/airflow/.local/lib/python3.12/site-packages/airflow/example_dags/tutorial_objectstorage.py
[2024-11-03T06:13:51.317+0000] {processor.py:914} INFO - Processing file /home/airflow/.local/lib/python3.12/site-packages/airflow/example_dags/tutorial_objectstorage.py for tasks to queue
[2024-11-03T06:13:51.319+0000] {logging_mixin.py:190} INFO - [2024-11-03T06:13:51.319+0000] {dagbag.py:588} INFO - Filling up the DagBag from /home/airflow/.local/lib/python3.12/site-packages/airflow/example_dags/tutorial_objectstorage.py
[2024-11-03T06:13:51.328+0000] {processor.py:925} INFO - DAG(s) 'tutorial_objectstorage' retrieved from /home/airflow/.local/lib/python3.12/site-packages/airflow/example_dags/tutorial_objectstorage.py
[2024-11-03T06:13:51.347+0000] {logging_mixin.py:190} INFO - [2024-11-03T06:13:51.347+0000] {dag.py:3239} INFO - Sync 1 DAGs
[2024-11-03T06:13:51.363+0000] {logging_mixin.py:190} INFO - [2024-11-03T06:13:51.362+0000] {dag.py:4180} INFO - Setting next_dagrun for tutorial_objectstorage to None, run_after=None
[2024-11-03T06:13:51.392+0000] {processor.py:208} INFO - Processing /home/airflow/.local/lib/python3.12/site-packages/airflow/example_dags/tutorial_objectstorage.py took 0.083 seconds
