[2024-11-03T05:29:25.479+0000] {processor.py:186} INFO - Started process (PID=246) to work on /home/airflow/.local/lib/python3.12/site-packages/airflow/example_dags/tutorial_dag.py
[2024-11-03T05:29:25.480+0000] {processor.py:914} INFO - Processing file /home/airflow/.local/lib/python3.12/site-packages/airflow/example_dags/tutorial_dag.py for tasks to queue
[2024-11-03T05:29:25.484+0000] {logging_mixin.py:190} INFO - [2024-11-03T05:29:25.484+0000] {dagbag.py:588} INFO - Filling up the DagBag from /home/airflow/.local/lib/python3.12/site-packages/airflow/example_dags/tutorial_dag.py
[2024-11-03T05:29:25.500+0000] {processor.py:925} INFO - DAG(s) 'tutorial_dag' retrieved from /home/airflow/.local/lib/python3.12/site-packages/airflow/example_dags/tutorial_dag.py
[2024-11-03T05:29:25.733+0000] {logging_mixin.py:190} INFO - [2024-11-03T05:29:25.732+0000] {override.py:1900} INFO - Created Permission View: can delete on DAG:tutorial_dag
[2024-11-03T05:29:25.754+0000] {logging_mixin.py:190} INFO - [2024-11-03T05:29:25.754+0000] {override.py:1900} INFO - Created Permission View: can edit on DAG:tutorial_dag
[2024-11-03T05:29:25.777+0000] {logging_mixin.py:190} INFO - [2024-11-03T05:29:25.776+0000] {override.py:1900} INFO - Created Permission View: can read on DAG:tutorial_dag
[2024-11-03T05:29:25.794+0000] {logging_mixin.py:190} INFO - [2024-11-03T05:29:25.793+0000] {override.py:1900} INFO - Created Permission View: can delete on DAG Run:tutorial_dag
[2024-11-03T05:29:25.808+0000] {logging_mixin.py:190} INFO - [2024-11-03T05:29:25.807+0000] {override.py:1900} INFO - Created Permission View: menu access on DAG Run:tutorial_dag
[2024-11-03T05:29:25.826+0000] {logging_mixin.py:190} INFO - [2024-11-03T05:29:25.825+0000] {override.py:1900} INFO - Created Permission View: can create on DAG Run:tutorial_dag
[2024-11-03T05:29:25.841+0000] {logging_mixin.py:190} INFO - [2024-11-03T05:29:25.841+0000] {override.py:1900} INFO - Created Permission View: can read on DAG Run:tutorial_dag
[2024-11-03T05:29:25.843+0000] {logging_mixin.py:190} INFO - [2024-11-03T05:29:25.842+0000] {dag.py:3239} INFO - Sync 1 DAGs
[2024-11-03T05:29:25.868+0000] {logging_mixin.py:190} INFO - [2024-11-03T05:29:25.868+0000] {dag.py:3262} INFO - Creating ORM DAG for tutorial_dag
[2024-11-03T05:29:25.870+0000] {logging_mixin.py:190} INFO - [2024-11-03T05:29:25.870+0000] {dag.py:4180} INFO - Setting next_dagrun for tutorial_dag to None, run_after=None
[2024-11-03T05:29:25.901+0000] {processor.py:208} INFO - Processing /home/airflow/.local/lib/python3.12/site-packages/airflow/example_dags/tutorial_dag.py took 0.436 seconds
[2024-11-03T05:29:56.749+0000] {processor.py:186} INFO - Started process (PID=537) to work on /home/airflow/.local/lib/python3.12/site-packages/airflow/example_dags/tutorial_dag.py
[2024-11-03T05:29:56.751+0000] {processor.py:914} INFO - Processing file /home/airflow/.local/lib/python3.12/site-packages/airflow/example_dags/tutorial_dag.py for tasks to queue
[2024-11-03T05:29:56.753+0000] {logging_mixin.py:190} INFO - [2024-11-03T05:29:56.753+0000] {dagbag.py:588} INFO - Filling up the DagBag from /home/airflow/.local/lib/python3.12/site-packages/airflow/example_dags/tutorial_dag.py
[2024-11-03T05:29:56.764+0000] {processor.py:925} INFO - DAG(s) 'tutorial_dag' retrieved from /home/airflow/.local/lib/python3.12/site-packages/airflow/example_dags/tutorial_dag.py
[2024-11-03T05:29:56.799+0000] {logging_mixin.py:190} INFO - [2024-11-03T05:29:56.799+0000] {dag.py:3239} INFO - Sync 1 DAGs
[2024-11-03T05:29:56.826+0000] {logging_mixin.py:190} INFO - [2024-11-03T05:29:56.825+0000] {dag.py:4180} INFO - Setting next_dagrun for tutorial_dag to None, run_after=None
[2024-11-03T05:29:56.861+0000] {processor.py:208} INFO - Processing /home/airflow/.local/lib/python3.12/site-packages/airflow/example_dags/tutorial_dag.py took 0.121 seconds
[2024-11-03T05:30:27.097+0000] {processor.py:186} INFO - Started process (PID=828) to work on /home/airflow/.local/lib/python3.12/site-packages/airflow/example_dags/tutorial_dag.py
[2024-11-03T05:30:27.098+0000] {processor.py:914} INFO - Processing file /home/airflow/.local/lib/python3.12/site-packages/airflow/example_dags/tutorial_dag.py for tasks to queue
[2024-11-03T05:30:27.101+0000] {logging_mixin.py:190} INFO - [2024-11-03T05:30:27.101+0000] {dagbag.py:588} INFO - Filling up the DagBag from /home/airflow/.local/lib/python3.12/site-packages/airflow/example_dags/tutorial_dag.py
[2024-11-03T05:30:27.109+0000] {processor.py:925} INFO - DAG(s) 'tutorial_dag' retrieved from /home/airflow/.local/lib/python3.12/site-packages/airflow/example_dags/tutorial_dag.py
[2024-11-03T05:30:27.131+0000] {logging_mixin.py:190} INFO - [2024-11-03T05:30:27.131+0000] {dag.py:3239} INFO - Sync 1 DAGs
[2024-11-03T05:30:27.147+0000] {logging_mixin.py:190} INFO - [2024-11-03T05:30:27.147+0000] {dag.py:4180} INFO - Setting next_dagrun for tutorial_dag to None, run_after=None
[2024-11-03T05:30:27.171+0000] {processor.py:208} INFO - Processing /home/airflow/.local/lib/python3.12/site-packages/airflow/example_dags/tutorial_dag.py took 0.082 seconds
[2024-11-03T05:30:57.592+0000] {processor.py:186} INFO - Started process (PID=1119) to work on /home/airflow/.local/lib/python3.12/site-packages/airflow/example_dags/tutorial_dag.py
[2024-11-03T05:30:57.593+0000] {processor.py:914} INFO - Processing file /home/airflow/.local/lib/python3.12/site-packages/airflow/example_dags/tutorial_dag.py for tasks to queue
[2024-11-03T05:30:57.596+0000] {logging_mixin.py:190} INFO - [2024-11-03T05:30:57.596+0000] {dagbag.py:588} INFO - Filling up the DagBag from /home/airflow/.local/lib/python3.12/site-packages/airflow/example_dags/tutorial_dag.py
[2024-11-03T05:30:57.606+0000] {processor.py:925} INFO - DAG(s) 'tutorial_dag' retrieved from /home/airflow/.local/lib/python3.12/site-packages/airflow/example_dags/tutorial_dag.py
[2024-11-03T05:30:57.627+0000] {logging_mixin.py:190} INFO - [2024-11-03T05:30:57.627+0000] {dag.py:3239} INFO - Sync 1 DAGs
[2024-11-03T05:30:57.643+0000] {logging_mixin.py:190} INFO - [2024-11-03T05:30:57.642+0000] {dag.py:4180} INFO - Setting next_dagrun for tutorial_dag to None, run_after=None
[2024-11-03T05:30:57.668+0000] {processor.py:208} INFO - Processing /home/airflow/.local/lib/python3.12/site-packages/airflow/example_dags/tutorial_dag.py took 0.084 seconds
[2024-11-03T05:31:28.218+0000] {processor.py:186} INFO - Started process (PID=1410) to work on /home/airflow/.local/lib/python3.12/site-packages/airflow/example_dags/tutorial_dag.py
[2024-11-03T05:31:28.219+0000] {processor.py:914} INFO - Processing file /home/airflow/.local/lib/python3.12/site-packages/airflow/example_dags/tutorial_dag.py for tasks to queue
[2024-11-03T05:31:28.222+0000] {logging_mixin.py:190} INFO - [2024-11-03T05:31:28.221+0000] {dagbag.py:588} INFO - Filling up the DagBag from /home/airflow/.local/lib/python3.12/site-packages/airflow/example_dags/tutorial_dag.py
[2024-11-03T05:31:28.234+0000] {processor.py:925} INFO - DAG(s) 'tutorial_dag' retrieved from /home/airflow/.local/lib/python3.12/site-packages/airflow/example_dags/tutorial_dag.py
[2024-11-03T05:31:28.261+0000] {logging_mixin.py:190} INFO - [2024-11-03T05:31:28.260+0000] {dag.py:3239} INFO - Sync 1 DAGs
[2024-11-03T05:31:28.279+0000] {logging_mixin.py:190} INFO - [2024-11-03T05:31:28.279+0000] {dag.py:4180} INFO - Setting next_dagrun for tutorial_dag to None, run_after=None
[2024-11-03T05:31:28.306+0000] {processor.py:208} INFO - Processing /home/airflow/.local/lib/python3.12/site-packages/airflow/example_dags/tutorial_dag.py took 0.096 seconds
[2024-11-03T05:31:59.111+0000] {processor.py:186} INFO - Started process (PID=1701) to work on /home/airflow/.local/lib/python3.12/site-packages/airflow/example_dags/tutorial_dag.py
[2024-11-03T05:31:59.112+0000] {processor.py:914} INFO - Processing file /home/airflow/.local/lib/python3.12/site-packages/airflow/example_dags/tutorial_dag.py for tasks to queue
[2024-11-03T05:31:59.115+0000] {logging_mixin.py:190} INFO - [2024-11-03T05:31:59.114+0000] {dagbag.py:588} INFO - Filling up the DagBag from /home/airflow/.local/lib/python3.12/site-packages/airflow/example_dags/tutorial_dag.py
[2024-11-03T05:31:59.122+0000] {processor.py:925} INFO - DAG(s) 'tutorial_dag' retrieved from /home/airflow/.local/lib/python3.12/site-packages/airflow/example_dags/tutorial_dag.py
[2024-11-03T05:31:59.143+0000] {logging_mixin.py:190} INFO - [2024-11-03T05:31:59.143+0000] {dag.py:3239} INFO - Sync 1 DAGs
[2024-11-03T05:31:59.159+0000] {logging_mixin.py:190} INFO - [2024-11-03T05:31:59.159+0000] {dag.py:4180} INFO - Setting next_dagrun for tutorial_dag to None, run_after=None
[2024-11-03T05:31:59.182+0000] {processor.py:208} INFO - Processing /home/airflow/.local/lib/python3.12/site-packages/airflow/example_dags/tutorial_dag.py took 0.078 seconds
[2024-11-03T05:32:29.962+0000] {processor.py:186} INFO - Started process (PID=1992) to work on /home/airflow/.local/lib/python3.12/site-packages/airflow/example_dags/tutorial_dag.py
[2024-11-03T05:32:29.964+0000] {processor.py:914} INFO - Processing file /home/airflow/.local/lib/python3.12/site-packages/airflow/example_dags/tutorial_dag.py for tasks to queue
[2024-11-03T05:32:29.968+0000] {logging_mixin.py:190} INFO - [2024-11-03T05:32:29.968+0000] {dagbag.py:588} INFO - Filling up the DagBag from /home/airflow/.local/lib/python3.12/site-packages/airflow/example_dags/tutorial_dag.py
[2024-11-03T05:32:29.978+0000] {processor.py:925} INFO - DAG(s) 'tutorial_dag' retrieved from /home/airflow/.local/lib/python3.12/site-packages/airflow/example_dags/tutorial_dag.py
[2024-11-03T05:32:30.015+0000] {logging_mixin.py:190} INFO - [2024-11-03T05:32:30.015+0000] {dag.py:3239} INFO - Sync 1 DAGs
[2024-11-03T05:32:30.037+0000] {logging_mixin.py:190} INFO - [2024-11-03T05:32:30.037+0000] {dag.py:4180} INFO - Setting next_dagrun for tutorial_dag to None, run_after=None
[2024-11-03T05:32:30.064+0000] {processor.py:208} INFO - Processing /home/airflow/.local/lib/python3.12/site-packages/airflow/example_dags/tutorial_dag.py took 0.112 seconds
[2024-11-03T05:33:00.121+0000] {processor.py:186} INFO - Started process (PID=2281) to work on /home/airflow/.local/lib/python3.12/site-packages/airflow/example_dags/tutorial_dag.py
[2024-11-03T05:33:00.122+0000] {processor.py:914} INFO - Processing file /home/airflow/.local/lib/python3.12/site-packages/airflow/example_dags/tutorial_dag.py for tasks to queue
[2024-11-03T05:33:00.125+0000] {logging_mixin.py:190} INFO - [2024-11-03T05:33:00.124+0000] {dagbag.py:588} INFO - Filling up the DagBag from /home/airflow/.local/lib/python3.12/site-packages/airflow/example_dags/tutorial_dag.py
[2024-11-03T05:33:00.132+0000] {processor.py:925} INFO - DAG(s) 'tutorial_dag' retrieved from /home/airflow/.local/lib/python3.12/site-packages/airflow/example_dags/tutorial_dag.py
[2024-11-03T05:33:00.155+0000] {logging_mixin.py:190} INFO - [2024-11-03T05:33:00.155+0000] {dag.py:3239} INFO - Sync 1 DAGs
[2024-11-03T05:33:00.175+0000] {logging_mixin.py:190} INFO - [2024-11-03T05:33:00.175+0000] {dag.py:4180} INFO - Setting next_dagrun for tutorial_dag to None, run_after=None
[2024-11-03T05:33:00.196+0000] {processor.py:208} INFO - Processing /home/airflow/.local/lib/python3.12/site-packages/airflow/example_dags/tutorial_dag.py took 0.082 seconds
[2024-11-03T05:33:30.830+0000] {processor.py:186} INFO - Started process (PID=2575) to work on /home/airflow/.local/lib/python3.12/site-packages/airflow/example_dags/tutorial_dag.py
[2024-11-03T05:33:30.831+0000] {processor.py:914} INFO - Processing file /home/airflow/.local/lib/python3.12/site-packages/airflow/example_dags/tutorial_dag.py for tasks to queue
[2024-11-03T05:33:30.834+0000] {logging_mixin.py:190} INFO - [2024-11-03T05:33:30.834+0000] {dagbag.py:588} INFO - Filling up the DagBag from /home/airflow/.local/lib/python3.12/site-packages/airflow/example_dags/tutorial_dag.py
[2024-11-03T05:33:30.841+0000] {processor.py:925} INFO - DAG(s) 'tutorial_dag' retrieved from /home/airflow/.local/lib/python3.12/site-packages/airflow/example_dags/tutorial_dag.py
[2024-11-03T05:33:30.860+0000] {logging_mixin.py:190} INFO - [2024-11-03T05:33:30.860+0000] {dag.py:3239} INFO - Sync 1 DAGs
[2024-11-03T05:33:30.875+0000] {logging_mixin.py:190} INFO - [2024-11-03T05:33:30.875+0000] {dag.py:4180} INFO - Setting next_dagrun for tutorial_dag to None, run_after=None
[2024-11-03T05:33:30.897+0000] {processor.py:208} INFO - Processing /home/airflow/.local/lib/python3.12/site-packages/airflow/example_dags/tutorial_dag.py took 0.075 seconds
[2024-11-03T05:34:01.526+0000] {processor.py:186} INFO - Started process (PID=2866) to work on /home/airflow/.local/lib/python3.12/site-packages/airflow/example_dags/tutorial_dag.py
[2024-11-03T05:34:01.527+0000] {processor.py:914} INFO - Processing file /home/airflow/.local/lib/python3.12/site-packages/airflow/example_dags/tutorial_dag.py for tasks to queue
[2024-11-03T05:34:01.529+0000] {logging_mixin.py:190} INFO - [2024-11-03T05:34:01.529+0000] {dagbag.py:588} INFO - Filling up the DagBag from /home/airflow/.local/lib/python3.12/site-packages/airflow/example_dags/tutorial_dag.py
[2024-11-03T05:34:01.537+0000] {processor.py:925} INFO - DAG(s) 'tutorial_dag' retrieved from /home/airflow/.local/lib/python3.12/site-packages/airflow/example_dags/tutorial_dag.py
[2024-11-03T05:34:01.559+0000] {logging_mixin.py:190} INFO - [2024-11-03T05:34:01.559+0000] {dag.py:3239} INFO - Sync 1 DAGs
[2024-11-03T05:34:01.575+0000] {logging_mixin.py:190} INFO - [2024-11-03T05:34:01.575+0000] {dag.py:4180} INFO - Setting next_dagrun for tutorial_dag to None, run_after=None
[2024-11-03T05:34:01.603+0000] {processor.py:208} INFO - Processing /home/airflow/.local/lib/python3.12/site-packages/airflow/example_dags/tutorial_dag.py took 0.084 seconds
[2024-11-03T05:34:32.544+0000] {processor.py:186} INFO - Started process (PID=3157) to work on /home/airflow/.local/lib/python3.12/site-packages/airflow/example_dags/tutorial_dag.py
[2024-11-03T05:34:32.546+0000] {processor.py:914} INFO - Processing file /home/airflow/.local/lib/python3.12/site-packages/airflow/example_dags/tutorial_dag.py for tasks to queue
[2024-11-03T05:34:32.548+0000] {logging_mixin.py:190} INFO - [2024-11-03T05:34:32.548+0000] {dagbag.py:588} INFO - Filling up the DagBag from /home/airflow/.local/lib/python3.12/site-packages/airflow/example_dags/tutorial_dag.py
[2024-11-03T05:34:32.556+0000] {processor.py:925} INFO - DAG(s) 'tutorial_dag' retrieved from /home/airflow/.local/lib/python3.12/site-packages/airflow/example_dags/tutorial_dag.py
[2024-11-03T05:34:32.577+0000] {logging_mixin.py:190} INFO - [2024-11-03T05:34:32.577+0000] {dag.py:3239} INFO - Sync 1 DAGs
[2024-11-03T05:34:32.595+0000] {logging_mixin.py:190} INFO - [2024-11-03T05:34:32.594+0000] {dag.py:4180} INFO - Setting next_dagrun for tutorial_dag to None, run_after=None
[2024-11-03T05:34:32.634+0000] {processor.py:208} INFO - Processing /home/airflow/.local/lib/python3.12/site-packages/airflow/example_dags/tutorial_dag.py took 0.096 seconds
[2024-11-03T05:35:03.006+0000] {processor.py:186} INFO - Started process (PID=3448) to work on /home/airflow/.local/lib/python3.12/site-packages/airflow/example_dags/tutorial_dag.py
[2024-11-03T05:35:03.008+0000] {processor.py:914} INFO - Processing file /home/airflow/.local/lib/python3.12/site-packages/airflow/example_dags/tutorial_dag.py for tasks to queue
[2024-11-03T05:35:03.012+0000] {logging_mixin.py:190} INFO - [2024-11-03T05:35:03.012+0000] {dagbag.py:588} INFO - Filling up the DagBag from /home/airflow/.local/lib/python3.12/site-packages/airflow/example_dags/tutorial_dag.py
[2024-11-03T05:35:03.022+0000] {processor.py:925} INFO - DAG(s) 'tutorial_dag' retrieved from /home/airflow/.local/lib/python3.12/site-packages/airflow/example_dags/tutorial_dag.py
[2024-11-03T05:35:03.050+0000] {logging_mixin.py:190} INFO - [2024-11-03T05:35:03.049+0000] {dag.py:3239} INFO - Sync 1 DAGs
[2024-11-03T05:35:03.077+0000] {logging_mixin.py:190} INFO - [2024-11-03T05:35:03.077+0000] {dag.py:4180} INFO - Setting next_dagrun for tutorial_dag to None, run_after=None
[2024-11-03T05:35:03.105+0000] {processor.py:208} INFO - Processing /home/airflow/.local/lib/python3.12/site-packages/airflow/example_dags/tutorial_dag.py took 0.110 seconds
[2024-11-03T05:35:33.266+0000] {processor.py:186} INFO - Started process (PID=3739) to work on /home/airflow/.local/lib/python3.12/site-packages/airflow/example_dags/tutorial_dag.py
[2024-11-03T05:35:33.267+0000] {processor.py:914} INFO - Processing file /home/airflow/.local/lib/python3.12/site-packages/airflow/example_dags/tutorial_dag.py for tasks to queue
[2024-11-03T05:35:33.269+0000] {logging_mixin.py:190} INFO - [2024-11-03T05:35:33.269+0000] {dagbag.py:588} INFO - Filling up the DagBag from /home/airflow/.local/lib/python3.12/site-packages/airflow/example_dags/tutorial_dag.py
[2024-11-03T05:35:33.277+0000] {processor.py:925} INFO - DAG(s) 'tutorial_dag' retrieved from /home/airflow/.local/lib/python3.12/site-packages/airflow/example_dags/tutorial_dag.py
[2024-11-03T05:35:33.297+0000] {logging_mixin.py:190} INFO - [2024-11-03T05:35:33.297+0000] {dag.py:3239} INFO - Sync 1 DAGs
[2024-11-03T05:35:33.313+0000] {logging_mixin.py:190} INFO - [2024-11-03T05:35:33.312+0000] {dag.py:4180} INFO - Setting next_dagrun for tutorial_dag to None, run_after=None
[2024-11-03T05:35:33.345+0000] {processor.py:208} INFO - Processing /home/airflow/.local/lib/python3.12/site-packages/airflow/example_dags/tutorial_dag.py took 0.086 seconds
[2024-11-03T05:36:03.990+0000] {processor.py:186} INFO - Started process (PID=4030) to work on /home/airflow/.local/lib/python3.12/site-packages/airflow/example_dags/tutorial_dag.py
[2024-11-03T05:36:03.991+0000] {processor.py:914} INFO - Processing file /home/airflow/.local/lib/python3.12/site-packages/airflow/example_dags/tutorial_dag.py for tasks to queue
[2024-11-03T05:36:03.994+0000] {logging_mixin.py:190} INFO - [2024-11-03T05:36:03.993+0000] {dagbag.py:588} INFO - Filling up the DagBag from /home/airflow/.local/lib/python3.12/site-packages/airflow/example_dags/tutorial_dag.py
[2024-11-03T05:36:04.003+0000] {processor.py:925} INFO - DAG(s) 'tutorial_dag' retrieved from /home/airflow/.local/lib/python3.12/site-packages/airflow/example_dags/tutorial_dag.py
[2024-11-03T05:36:04.025+0000] {logging_mixin.py:190} INFO - [2024-11-03T05:36:04.025+0000] {dag.py:3239} INFO - Sync 1 DAGs
[2024-11-03T05:36:04.051+0000] {logging_mixin.py:190} INFO - [2024-11-03T05:36:04.050+0000] {dag.py:4180} INFO - Setting next_dagrun for tutorial_dag to None, run_after=None
[2024-11-03T05:36:04.077+0000] {processor.py:208} INFO - Processing /home/airflow/.local/lib/python3.12/site-packages/airflow/example_dags/tutorial_dag.py took 0.095 seconds
[2024-11-03T05:36:34.949+0000] {processor.py:186} INFO - Started process (PID=4321) to work on /home/airflow/.local/lib/python3.12/site-packages/airflow/example_dags/tutorial_dag.py
[2024-11-03T05:36:34.950+0000] {processor.py:914} INFO - Processing file /home/airflow/.local/lib/python3.12/site-packages/airflow/example_dags/tutorial_dag.py for tasks to queue
[2024-11-03T05:36:34.952+0000] {logging_mixin.py:190} INFO - [2024-11-03T05:36:34.952+0000] {dagbag.py:588} INFO - Filling up the DagBag from /home/airflow/.local/lib/python3.12/site-packages/airflow/example_dags/tutorial_dag.py
[2024-11-03T05:36:34.960+0000] {processor.py:925} INFO - DAG(s) 'tutorial_dag' retrieved from /home/airflow/.local/lib/python3.12/site-packages/airflow/example_dags/tutorial_dag.py
[2024-11-03T05:36:34.980+0000] {logging_mixin.py:190} INFO - [2024-11-03T05:36:34.979+0000] {dag.py:3239} INFO - Sync 1 DAGs
[2024-11-03T05:36:34.994+0000] {logging_mixin.py:190} INFO - [2024-11-03T05:36:34.994+0000] {dag.py:4180} INFO - Setting next_dagrun for tutorial_dag to None, run_after=None
[2024-11-03T05:36:35.029+0000] {processor.py:208} INFO - Processing /home/airflow/.local/lib/python3.12/site-packages/airflow/example_dags/tutorial_dag.py took 0.085 seconds
[2024-11-03T05:37:06.168+0000] {processor.py:186} INFO - Started process (PID=4612) to work on /home/airflow/.local/lib/python3.12/site-packages/airflow/example_dags/tutorial_dag.py
[2024-11-03T05:37:06.169+0000] {processor.py:914} INFO - Processing file /home/airflow/.local/lib/python3.12/site-packages/airflow/example_dags/tutorial_dag.py for tasks to queue
[2024-11-03T05:37:06.171+0000] {logging_mixin.py:190} INFO - [2024-11-03T05:37:06.171+0000] {dagbag.py:588} INFO - Filling up the DagBag from /home/airflow/.local/lib/python3.12/site-packages/airflow/example_dags/tutorial_dag.py
[2024-11-03T05:37:06.178+0000] {processor.py:925} INFO - DAG(s) 'tutorial_dag' retrieved from /home/airflow/.local/lib/python3.12/site-packages/airflow/example_dags/tutorial_dag.py
[2024-11-03T05:37:06.198+0000] {logging_mixin.py:190} INFO - [2024-11-03T05:37:06.198+0000] {dag.py:3239} INFO - Sync 1 DAGs
[2024-11-03T05:37:06.213+0000] {logging_mixin.py:190} INFO - [2024-11-03T05:37:06.213+0000] {dag.py:4180} INFO - Setting next_dagrun for tutorial_dag to None, run_after=None
[2024-11-03T05:37:06.234+0000] {processor.py:208} INFO - Processing /home/airflow/.local/lib/python3.12/site-packages/airflow/example_dags/tutorial_dag.py took 0.072 seconds
[2024-11-03T05:37:36.528+0000] {processor.py:186} INFO - Started process (PID=4903) to work on /home/airflow/.local/lib/python3.12/site-packages/airflow/example_dags/tutorial_dag.py
[2024-11-03T05:37:36.529+0000] {processor.py:914} INFO - Processing file /home/airflow/.local/lib/python3.12/site-packages/airflow/example_dags/tutorial_dag.py for tasks to queue
[2024-11-03T05:37:36.531+0000] {logging_mixin.py:190} INFO - [2024-11-03T05:37:36.531+0000] {dagbag.py:588} INFO - Filling up the DagBag from /home/airflow/.local/lib/python3.12/site-packages/airflow/example_dags/tutorial_dag.py
[2024-11-03T05:37:36.538+0000] {processor.py:925} INFO - DAG(s) 'tutorial_dag' retrieved from /home/airflow/.local/lib/python3.12/site-packages/airflow/example_dags/tutorial_dag.py
[2024-11-03T05:37:36.559+0000] {logging_mixin.py:190} INFO - [2024-11-03T05:37:36.558+0000] {dag.py:3239} INFO - Sync 1 DAGs
[2024-11-03T05:37:36.575+0000] {logging_mixin.py:190} INFO - [2024-11-03T05:37:36.575+0000] {dag.py:4180} INFO - Setting next_dagrun for tutorial_dag to None, run_after=None
[2024-11-03T05:37:36.604+0000] {processor.py:208} INFO - Processing /home/airflow/.local/lib/python3.12/site-packages/airflow/example_dags/tutorial_dag.py took 0.082 seconds
[2024-11-03T05:38:06.859+0000] {processor.py:186} INFO - Started process (PID=5194) to work on /home/airflow/.local/lib/python3.12/site-packages/airflow/example_dags/tutorial_dag.py
[2024-11-03T05:38:06.860+0000] {processor.py:914} INFO - Processing file /home/airflow/.local/lib/python3.12/site-packages/airflow/example_dags/tutorial_dag.py for tasks to queue
[2024-11-03T05:38:06.862+0000] {logging_mixin.py:190} INFO - [2024-11-03T05:38:06.862+0000] {dagbag.py:588} INFO - Filling up the DagBag from /home/airflow/.local/lib/python3.12/site-packages/airflow/example_dags/tutorial_dag.py
[2024-11-03T05:38:06.872+0000] {processor.py:925} INFO - DAG(s) 'tutorial_dag' retrieved from /home/airflow/.local/lib/python3.12/site-packages/airflow/example_dags/tutorial_dag.py
[2024-11-03T05:38:06.895+0000] {logging_mixin.py:190} INFO - [2024-11-03T05:38:06.895+0000] {dag.py:3239} INFO - Sync 1 DAGs
[2024-11-03T05:38:06.910+0000] {logging_mixin.py:190} INFO - [2024-11-03T05:38:06.909+0000] {dag.py:4180} INFO - Setting next_dagrun for tutorial_dag to None, run_after=None
[2024-11-03T05:38:06.945+0000] {processor.py:208} INFO - Processing /home/airflow/.local/lib/python3.12/site-packages/airflow/example_dags/tutorial_dag.py took 0.092 seconds
[2024-11-03T05:38:37.741+0000] {processor.py:186} INFO - Started process (PID=5485) to work on /home/airflow/.local/lib/python3.12/site-packages/airflow/example_dags/tutorial_dag.py
[2024-11-03T05:38:37.742+0000] {processor.py:914} INFO - Processing file /home/airflow/.local/lib/python3.12/site-packages/airflow/example_dags/tutorial_dag.py for tasks to queue
[2024-11-03T05:38:37.744+0000] {logging_mixin.py:190} INFO - [2024-11-03T05:38:37.744+0000] {dagbag.py:588} INFO - Filling up the DagBag from /home/airflow/.local/lib/python3.12/site-packages/airflow/example_dags/tutorial_dag.py
[2024-11-03T05:38:37.751+0000] {processor.py:925} INFO - DAG(s) 'tutorial_dag' retrieved from /home/airflow/.local/lib/python3.12/site-packages/airflow/example_dags/tutorial_dag.py
[2024-11-03T05:38:37.772+0000] {logging_mixin.py:190} INFO - [2024-11-03T05:38:37.772+0000] {dag.py:3239} INFO - Sync 1 DAGs
[2024-11-03T05:38:37.787+0000] {logging_mixin.py:190} INFO - [2024-11-03T05:38:37.786+0000] {dag.py:4180} INFO - Setting next_dagrun for tutorial_dag to None, run_after=None
[2024-11-03T05:38:37.811+0000] {processor.py:208} INFO - Processing /home/airflow/.local/lib/python3.12/site-packages/airflow/example_dags/tutorial_dag.py took 0.076 seconds
[2024-11-03T05:39:08.145+0000] {processor.py:186} INFO - Started process (PID=5776) to work on /home/airflow/.local/lib/python3.12/site-packages/airflow/example_dags/tutorial_dag.py
[2024-11-03T05:39:08.146+0000] {processor.py:914} INFO - Processing file /home/airflow/.local/lib/python3.12/site-packages/airflow/example_dags/tutorial_dag.py for tasks to queue
[2024-11-03T05:39:08.149+0000] {logging_mixin.py:190} INFO - [2024-11-03T05:39:08.149+0000] {dagbag.py:588} INFO - Filling up the DagBag from /home/airflow/.local/lib/python3.12/site-packages/airflow/example_dags/tutorial_dag.py
[2024-11-03T05:39:08.156+0000] {processor.py:925} INFO - DAG(s) 'tutorial_dag' retrieved from /home/airflow/.local/lib/python3.12/site-packages/airflow/example_dags/tutorial_dag.py
[2024-11-03T05:39:08.176+0000] {logging_mixin.py:190} INFO - [2024-11-03T05:39:08.176+0000] {dag.py:3239} INFO - Sync 1 DAGs
[2024-11-03T05:39:08.191+0000] {logging_mixin.py:190} INFO - [2024-11-03T05:39:08.191+0000] {dag.py:4180} INFO - Setting next_dagrun for tutorial_dag to None, run_after=None
[2024-11-03T05:39:08.214+0000] {processor.py:208} INFO - Processing /home/airflow/.local/lib/python3.12/site-packages/airflow/example_dags/tutorial_dag.py took 0.074 seconds
[2024-11-03T05:39:38.746+0000] {processor.py:186} INFO - Started process (PID=6067) to work on /home/airflow/.local/lib/python3.12/site-packages/airflow/example_dags/tutorial_dag.py
[2024-11-03T05:39:38.747+0000] {processor.py:914} INFO - Processing file /home/airflow/.local/lib/python3.12/site-packages/airflow/example_dags/tutorial_dag.py for tasks to queue
[2024-11-03T05:39:38.751+0000] {logging_mixin.py:190} INFO - [2024-11-03T05:39:38.751+0000] {dagbag.py:588} INFO - Filling up the DagBag from /home/airflow/.local/lib/python3.12/site-packages/airflow/example_dags/tutorial_dag.py
[2024-11-03T05:39:38.760+0000] {processor.py:925} INFO - DAG(s) 'tutorial_dag' retrieved from /home/airflow/.local/lib/python3.12/site-packages/airflow/example_dags/tutorial_dag.py
[2024-11-03T05:39:38.781+0000] {logging_mixin.py:190} INFO - [2024-11-03T05:39:38.781+0000] {dag.py:3239} INFO - Sync 1 DAGs
[2024-11-03T05:39:38.797+0000] {logging_mixin.py:190} INFO - [2024-11-03T05:39:38.796+0000] {dag.py:4180} INFO - Setting next_dagrun for tutorial_dag to None, run_after=None
[2024-11-03T05:39:38.822+0000] {processor.py:208} INFO - Processing /home/airflow/.local/lib/python3.12/site-packages/airflow/example_dags/tutorial_dag.py took 0.082 seconds
[2024-11-03T05:40:09.109+0000] {processor.py:186} INFO - Started process (PID=6358) to work on /home/airflow/.local/lib/python3.12/site-packages/airflow/example_dags/tutorial_dag.py
[2024-11-03T05:40:09.110+0000] {processor.py:914} INFO - Processing file /home/airflow/.local/lib/python3.12/site-packages/airflow/example_dags/tutorial_dag.py for tasks to queue
[2024-11-03T05:40:09.112+0000] {logging_mixin.py:190} INFO - [2024-11-03T05:40:09.112+0000] {dagbag.py:588} INFO - Filling up the DagBag from /home/airflow/.local/lib/python3.12/site-packages/airflow/example_dags/tutorial_dag.py
[2024-11-03T05:40:09.120+0000] {processor.py:925} INFO - DAG(s) 'tutorial_dag' retrieved from /home/airflow/.local/lib/python3.12/site-packages/airflow/example_dags/tutorial_dag.py
[2024-11-03T05:40:09.145+0000] {logging_mixin.py:190} INFO - [2024-11-03T05:40:09.145+0000] {dag.py:3239} INFO - Sync 1 DAGs
[2024-11-03T05:40:09.161+0000] {logging_mixin.py:190} INFO - [2024-11-03T05:40:09.160+0000] {dag.py:4180} INFO - Setting next_dagrun for tutorial_dag to None, run_after=None
[2024-11-03T05:40:09.184+0000] {processor.py:208} INFO - Processing /home/airflow/.local/lib/python3.12/site-packages/airflow/example_dags/tutorial_dag.py took 0.082 seconds
[2024-11-03T05:40:39.502+0000] {processor.py:186} INFO - Started process (PID=6649) to work on /home/airflow/.local/lib/python3.12/site-packages/airflow/example_dags/tutorial_dag.py
[2024-11-03T05:40:39.503+0000] {processor.py:914} INFO - Processing file /home/airflow/.local/lib/python3.12/site-packages/airflow/example_dags/tutorial_dag.py for tasks to queue
[2024-11-03T05:40:39.505+0000] {logging_mixin.py:190} INFO - [2024-11-03T05:40:39.505+0000] {dagbag.py:588} INFO - Filling up the DagBag from /home/airflow/.local/lib/python3.12/site-packages/airflow/example_dags/tutorial_dag.py
[2024-11-03T05:40:39.515+0000] {processor.py:925} INFO - DAG(s) 'tutorial_dag' retrieved from /home/airflow/.local/lib/python3.12/site-packages/airflow/example_dags/tutorial_dag.py
[2024-11-03T05:40:39.540+0000] {logging_mixin.py:190} INFO - [2024-11-03T05:40:39.539+0000] {dag.py:3239} INFO - Sync 1 DAGs
[2024-11-03T05:40:39.559+0000] {logging_mixin.py:190} INFO - [2024-11-03T05:40:39.558+0000] {dag.py:4180} INFO - Setting next_dagrun for tutorial_dag to None, run_after=None
[2024-11-03T05:40:39.580+0000] {processor.py:208} INFO - Processing /home/airflow/.local/lib/python3.12/site-packages/airflow/example_dags/tutorial_dag.py took 0.087 seconds
[2024-11-03T05:41:10.110+0000] {processor.py:186} INFO - Started process (PID=6940) to work on /home/airflow/.local/lib/python3.12/site-packages/airflow/example_dags/tutorial_dag.py
[2024-11-03T05:41:10.112+0000] {processor.py:914} INFO - Processing file /home/airflow/.local/lib/python3.12/site-packages/airflow/example_dags/tutorial_dag.py for tasks to queue
[2024-11-03T05:41:10.114+0000] {logging_mixin.py:190} INFO - [2024-11-03T05:41:10.114+0000] {dagbag.py:588} INFO - Filling up the DagBag from /home/airflow/.local/lib/python3.12/site-packages/airflow/example_dags/tutorial_dag.py
[2024-11-03T05:41:10.123+0000] {processor.py:925} INFO - DAG(s) 'tutorial_dag' retrieved from /home/airflow/.local/lib/python3.12/site-packages/airflow/example_dags/tutorial_dag.py
[2024-11-03T05:41:10.152+0000] {logging_mixin.py:190} INFO - [2024-11-03T05:41:10.151+0000] {dag.py:3239} INFO - Sync 1 DAGs
[2024-11-03T05:41:10.175+0000] {logging_mixin.py:190} INFO - [2024-11-03T05:41:10.174+0000] {dag.py:4180} INFO - Setting next_dagrun for tutorial_dag to None, run_after=None
[2024-11-03T05:41:10.198+0000] {processor.py:208} INFO - Processing /home/airflow/.local/lib/python3.12/site-packages/airflow/example_dags/tutorial_dag.py took 0.097 seconds
[2024-11-03T05:41:40.786+0000] {processor.py:186} INFO - Started process (PID=7231) to work on /home/airflow/.local/lib/python3.12/site-packages/airflow/example_dags/tutorial_dag.py
[2024-11-03T05:41:40.787+0000] {processor.py:914} INFO - Processing file /home/airflow/.local/lib/python3.12/site-packages/airflow/example_dags/tutorial_dag.py for tasks to queue
[2024-11-03T05:41:40.789+0000] {logging_mixin.py:190} INFO - [2024-11-03T05:41:40.789+0000] {dagbag.py:588} INFO - Filling up the DagBag from /home/airflow/.local/lib/python3.12/site-packages/airflow/example_dags/tutorial_dag.py
[2024-11-03T05:41:40.797+0000] {processor.py:925} INFO - DAG(s) 'tutorial_dag' retrieved from /home/airflow/.local/lib/python3.12/site-packages/airflow/example_dags/tutorial_dag.py
[2024-11-03T05:41:40.818+0000] {logging_mixin.py:190} INFO - [2024-11-03T05:41:40.818+0000] {dag.py:3239} INFO - Sync 1 DAGs
[2024-11-03T05:41:40.833+0000] {logging_mixin.py:190} INFO - [2024-11-03T05:41:40.833+0000] {dag.py:4180} INFO - Setting next_dagrun for tutorial_dag to None, run_after=None
[2024-11-03T05:41:40.855+0000] {processor.py:208} INFO - Processing /home/airflow/.local/lib/python3.12/site-packages/airflow/example_dags/tutorial_dag.py took 0.075 seconds
[2024-11-03T05:42:11.123+0000] {processor.py:186} INFO - Started process (PID=7522) to work on /home/airflow/.local/lib/python3.12/site-packages/airflow/example_dags/tutorial_dag.py
[2024-11-03T05:42:11.124+0000] {processor.py:914} INFO - Processing file /home/airflow/.local/lib/python3.12/site-packages/airflow/example_dags/tutorial_dag.py for tasks to queue
[2024-11-03T05:42:11.126+0000] {logging_mixin.py:190} INFO - [2024-11-03T05:42:11.126+0000] {dagbag.py:588} INFO - Filling up the DagBag from /home/airflow/.local/lib/python3.12/site-packages/airflow/example_dags/tutorial_dag.py
[2024-11-03T05:42:11.134+0000] {processor.py:925} INFO - DAG(s) 'tutorial_dag' retrieved from /home/airflow/.local/lib/python3.12/site-packages/airflow/example_dags/tutorial_dag.py
[2024-11-03T05:42:11.154+0000] {logging_mixin.py:190} INFO - [2024-11-03T05:42:11.154+0000] {dag.py:3239} INFO - Sync 1 DAGs
[2024-11-03T05:42:11.169+0000] {logging_mixin.py:190} INFO - [2024-11-03T05:42:11.168+0000] {dag.py:4180} INFO - Setting next_dagrun for tutorial_dag to None, run_after=None
[2024-11-03T05:42:11.195+0000] {processor.py:208} INFO - Processing /home/airflow/.local/lib/python3.12/site-packages/airflow/example_dags/tutorial_dag.py took 0.080 seconds
[2024-11-03T05:42:42.572+0000] {processor.py:186} INFO - Started process (PID=7814) to work on /home/airflow/.local/lib/python3.12/site-packages/airflow/example_dags/tutorial_dag.py
[2024-11-03T05:42:42.573+0000] {processor.py:914} INFO - Processing file /home/airflow/.local/lib/python3.12/site-packages/airflow/example_dags/tutorial_dag.py for tasks to queue
[2024-11-03T05:42:42.576+0000] {logging_mixin.py:190} INFO - [2024-11-03T05:42:42.575+0000] {dagbag.py:588} INFO - Filling up the DagBag from /home/airflow/.local/lib/python3.12/site-packages/airflow/example_dags/tutorial_dag.py
[2024-11-03T05:42:42.584+0000] {processor.py:925} INFO - DAG(s) 'tutorial_dag' retrieved from /home/airflow/.local/lib/python3.12/site-packages/airflow/example_dags/tutorial_dag.py
[2024-11-03T05:42:42.609+0000] {logging_mixin.py:190} INFO - [2024-11-03T05:42:42.609+0000] {dag.py:3239} INFO - Sync 1 DAGs
[2024-11-03T05:42:42.634+0000] {logging_mixin.py:190} INFO - [2024-11-03T05:42:42.634+0000] {dag.py:4180} INFO - Setting next_dagrun for tutorial_dag to None, run_after=None
[2024-11-03T05:42:42.672+0000] {processor.py:208} INFO - Processing /home/airflow/.local/lib/python3.12/site-packages/airflow/example_dags/tutorial_dag.py took 0.106 seconds
[2024-11-03T05:43:12.902+0000] {processor.py:186} INFO - Started process (PID=8105) to work on /home/airflow/.local/lib/python3.12/site-packages/airflow/example_dags/tutorial_dag.py
[2024-11-03T05:43:12.903+0000] {processor.py:914} INFO - Processing file /home/airflow/.local/lib/python3.12/site-packages/airflow/example_dags/tutorial_dag.py for tasks to queue
[2024-11-03T05:43:12.905+0000] {logging_mixin.py:190} INFO - [2024-11-03T05:43:12.905+0000] {dagbag.py:588} INFO - Filling up the DagBag from /home/airflow/.local/lib/python3.12/site-packages/airflow/example_dags/tutorial_dag.py
[2024-11-03T05:43:12.912+0000] {processor.py:925} INFO - DAG(s) 'tutorial_dag' retrieved from /home/airflow/.local/lib/python3.12/site-packages/airflow/example_dags/tutorial_dag.py
[2024-11-03T05:43:12.932+0000] {logging_mixin.py:190} INFO - [2024-11-03T05:43:12.932+0000] {dag.py:3239} INFO - Sync 1 DAGs
[2024-11-03T05:43:12.947+0000] {logging_mixin.py:190} INFO - [2024-11-03T05:43:12.947+0000] {dag.py:4180} INFO - Setting next_dagrun for tutorial_dag to None, run_after=None
[2024-11-03T05:43:12.972+0000] {processor.py:208} INFO - Processing /home/airflow/.local/lib/python3.12/site-packages/airflow/example_dags/tutorial_dag.py took 0.076 seconds
[2024-11-03T05:43:44.073+0000] {processor.py:186} INFO - Started process (PID=8396) to work on /home/airflow/.local/lib/python3.12/site-packages/airflow/example_dags/tutorial_dag.py
[2024-11-03T05:43:44.074+0000] {processor.py:914} INFO - Processing file /home/airflow/.local/lib/python3.12/site-packages/airflow/example_dags/tutorial_dag.py for tasks to queue
[2024-11-03T05:43:44.076+0000] {logging_mixin.py:190} INFO - [2024-11-03T05:43:44.076+0000] {dagbag.py:588} INFO - Filling up the DagBag from /home/airflow/.local/lib/python3.12/site-packages/airflow/example_dags/tutorial_dag.py
[2024-11-03T05:43:44.083+0000] {processor.py:925} INFO - DAG(s) 'tutorial_dag' retrieved from /home/airflow/.local/lib/python3.12/site-packages/airflow/example_dags/tutorial_dag.py
[2024-11-03T05:43:44.103+0000] {logging_mixin.py:190} INFO - [2024-11-03T05:43:44.103+0000] {dag.py:3239} INFO - Sync 1 DAGs
[2024-11-03T05:43:44.118+0000] {logging_mixin.py:190} INFO - [2024-11-03T05:43:44.118+0000] {dag.py:4180} INFO - Setting next_dagrun for tutorial_dag to None, run_after=None
[2024-11-03T05:43:44.153+0000] {processor.py:208} INFO - Processing /home/airflow/.local/lib/python3.12/site-packages/airflow/example_dags/tutorial_dag.py took 0.086 seconds
[2024-11-03T05:44:14.372+0000] {processor.py:186} INFO - Started process (PID=8687) to work on /home/airflow/.local/lib/python3.12/site-packages/airflow/example_dags/tutorial_dag.py
[2024-11-03T05:44:14.373+0000] {processor.py:914} INFO - Processing file /home/airflow/.local/lib/python3.12/site-packages/airflow/example_dags/tutorial_dag.py for tasks to queue
[2024-11-03T05:44:14.375+0000] {logging_mixin.py:190} INFO - [2024-11-03T05:44:14.375+0000] {dagbag.py:588} INFO - Filling up the DagBag from /home/airflow/.local/lib/python3.12/site-packages/airflow/example_dags/tutorial_dag.py
[2024-11-03T05:44:14.383+0000] {processor.py:925} INFO - DAG(s) 'tutorial_dag' retrieved from /home/airflow/.local/lib/python3.12/site-packages/airflow/example_dags/tutorial_dag.py
[2024-11-03T05:44:14.404+0000] {logging_mixin.py:190} INFO - [2024-11-03T05:44:14.403+0000] {dag.py:3239} INFO - Sync 1 DAGs
[2024-11-03T05:44:14.419+0000] {logging_mixin.py:190} INFO - [2024-11-03T05:44:14.419+0000] {dag.py:4180} INFO - Setting next_dagrun for tutorial_dag to None, run_after=None
[2024-11-03T05:44:14.442+0000] {processor.py:208} INFO - Processing /home/airflow/.local/lib/python3.12/site-packages/airflow/example_dags/tutorial_dag.py took 0.076 seconds
[2024-11-03T05:44:44.728+0000] {processor.py:186} INFO - Started process (PID=8978) to work on /home/airflow/.local/lib/python3.12/site-packages/airflow/example_dags/tutorial_dag.py
[2024-11-03T05:44:44.729+0000] {processor.py:914} INFO - Processing file /home/airflow/.local/lib/python3.12/site-packages/airflow/example_dags/tutorial_dag.py for tasks to queue
[2024-11-03T05:44:44.732+0000] {logging_mixin.py:190} INFO - [2024-11-03T05:44:44.732+0000] {dagbag.py:588} INFO - Filling up the DagBag from /home/airflow/.local/lib/python3.12/site-packages/airflow/example_dags/tutorial_dag.py
[2024-11-03T05:44:44.739+0000] {processor.py:925} INFO - DAG(s) 'tutorial_dag' retrieved from /home/airflow/.local/lib/python3.12/site-packages/airflow/example_dags/tutorial_dag.py
[2024-11-03T05:44:44.764+0000] {logging_mixin.py:190} INFO - [2024-11-03T05:44:44.764+0000] {dag.py:3239} INFO - Sync 1 DAGs
[2024-11-03T05:44:44.782+0000] {logging_mixin.py:190} INFO - [2024-11-03T05:44:44.782+0000] {dag.py:4180} INFO - Setting next_dagrun for tutorial_dag to None, run_after=None
[2024-11-03T05:44:44.807+0000] {processor.py:208} INFO - Processing /home/airflow/.local/lib/python3.12/site-packages/airflow/example_dags/tutorial_dag.py took 0.086 seconds
[2024-11-03T05:45:15.908+0000] {processor.py:186} INFO - Started process (PID=9271) to work on /home/airflow/.local/lib/python3.12/site-packages/airflow/example_dags/tutorial_dag.py
[2024-11-03T05:45:15.909+0000] {processor.py:914} INFO - Processing file /home/airflow/.local/lib/python3.12/site-packages/airflow/example_dags/tutorial_dag.py for tasks to queue
[2024-11-03T05:45:15.912+0000] {logging_mixin.py:190} INFO - [2024-11-03T05:45:15.911+0000] {dagbag.py:588} INFO - Filling up the DagBag from /home/airflow/.local/lib/python3.12/site-packages/airflow/example_dags/tutorial_dag.py
[2024-11-03T05:45:15.919+0000] {processor.py:925} INFO - DAG(s) 'tutorial_dag' retrieved from /home/airflow/.local/lib/python3.12/site-packages/airflow/example_dags/tutorial_dag.py
[2024-11-03T05:45:15.939+0000] {logging_mixin.py:190} INFO - [2024-11-03T05:45:15.939+0000] {dag.py:3239} INFO - Sync 1 DAGs
[2024-11-03T05:45:15.954+0000] {logging_mixin.py:190} INFO - [2024-11-03T05:45:15.954+0000] {dag.py:4180} INFO - Setting next_dagrun for tutorial_dag to None, run_after=None
[2024-11-03T05:45:15.977+0000] {processor.py:208} INFO - Processing /home/airflow/.local/lib/python3.12/site-packages/airflow/example_dags/tutorial_dag.py took 0.074 seconds
[2024-11-03T05:45:46.281+0000] {processor.py:186} INFO - Started process (PID=9560) to work on /home/airflow/.local/lib/python3.12/site-packages/airflow/example_dags/tutorial_dag.py
[2024-11-03T05:45:46.282+0000] {processor.py:914} INFO - Processing file /home/airflow/.local/lib/python3.12/site-packages/airflow/example_dags/tutorial_dag.py for tasks to queue
[2024-11-03T05:45:46.284+0000] {logging_mixin.py:190} INFO - [2024-11-03T05:45:46.284+0000] {dagbag.py:588} INFO - Filling up the DagBag from /home/airflow/.local/lib/python3.12/site-packages/airflow/example_dags/tutorial_dag.py
[2024-11-03T05:45:46.293+0000] {processor.py:925} INFO - DAG(s) 'tutorial_dag' retrieved from /home/airflow/.local/lib/python3.12/site-packages/airflow/example_dags/tutorial_dag.py
[2024-11-03T05:45:46.314+0000] {logging_mixin.py:190} INFO - [2024-11-03T05:45:46.314+0000] {dag.py:3239} INFO - Sync 1 DAGs
[2024-11-03T05:45:46.331+0000] {logging_mixin.py:190} INFO - [2024-11-03T05:45:46.331+0000] {dag.py:4180} INFO - Setting next_dagrun for tutorial_dag to None, run_after=None
[2024-11-03T05:45:46.365+0000] {processor.py:208} INFO - Processing /home/airflow/.local/lib/python3.12/site-packages/airflow/example_dags/tutorial_dag.py took 0.090 seconds
[2024-11-03T05:46:17.092+0000] {processor.py:186} INFO - Started process (PID=9851) to work on /home/airflow/.local/lib/python3.12/site-packages/airflow/example_dags/tutorial_dag.py
[2024-11-03T05:46:17.095+0000] {processor.py:914} INFO - Processing file /home/airflow/.local/lib/python3.12/site-packages/airflow/example_dags/tutorial_dag.py for tasks to queue
[2024-11-03T05:46:17.098+0000] {logging_mixin.py:190} INFO - [2024-11-03T05:46:17.098+0000] {dagbag.py:588} INFO - Filling up the DagBag from /home/airflow/.local/lib/python3.12/site-packages/airflow/example_dags/tutorial_dag.py
[2024-11-03T05:46:17.110+0000] {processor.py:925} INFO - DAG(s) 'tutorial_dag' retrieved from /home/airflow/.local/lib/python3.12/site-packages/airflow/example_dags/tutorial_dag.py
[2024-11-03T05:46:17.135+0000] {logging_mixin.py:190} INFO - [2024-11-03T05:46:17.135+0000] {dag.py:3239} INFO - Sync 1 DAGs
[2024-11-03T05:46:17.158+0000] {logging_mixin.py:190} INFO - [2024-11-03T05:46:17.158+0000] {dag.py:4180} INFO - Setting next_dagrun for tutorial_dag to None, run_after=None
[2024-11-03T05:46:17.188+0000] {processor.py:208} INFO - Processing /home/airflow/.local/lib/python3.12/site-packages/airflow/example_dags/tutorial_dag.py took 0.107 seconds
[2024-11-03T05:46:47.756+0000] {processor.py:186} INFO - Started process (PID=10142) to work on /home/airflow/.local/lib/python3.12/site-packages/airflow/example_dags/tutorial_dag.py
[2024-11-03T05:46:47.757+0000] {processor.py:914} INFO - Processing file /home/airflow/.local/lib/python3.12/site-packages/airflow/example_dags/tutorial_dag.py for tasks to queue
[2024-11-03T05:46:47.760+0000] {logging_mixin.py:190} INFO - [2024-11-03T05:46:47.760+0000] {dagbag.py:588} INFO - Filling up the DagBag from /home/airflow/.local/lib/python3.12/site-packages/airflow/example_dags/tutorial_dag.py
[2024-11-03T05:46:47.769+0000] {processor.py:925} INFO - DAG(s) 'tutorial_dag' retrieved from /home/airflow/.local/lib/python3.12/site-packages/airflow/example_dags/tutorial_dag.py
[2024-11-03T05:46:47.788+0000] {logging_mixin.py:190} INFO - [2024-11-03T05:46:47.788+0000] {dag.py:3239} INFO - Sync 1 DAGs
[2024-11-03T05:46:47.804+0000] {logging_mixin.py:190} INFO - [2024-11-03T05:46:47.804+0000] {dag.py:4180} INFO - Setting next_dagrun for tutorial_dag to None, run_after=None
[2024-11-03T05:46:47.835+0000] {processor.py:208} INFO - Processing /home/airflow/.local/lib/python3.12/site-packages/airflow/example_dags/tutorial_dag.py took 0.085 seconds
[2024-11-03T05:47:18.064+0000] {processor.py:186} INFO - Started process (PID=10433) to work on /home/airflow/.local/lib/python3.12/site-packages/airflow/example_dags/tutorial_dag.py
[2024-11-03T05:47:18.066+0000] {processor.py:914} INFO - Processing file /home/airflow/.local/lib/python3.12/site-packages/airflow/example_dags/tutorial_dag.py for tasks to queue
[2024-11-03T05:47:18.068+0000] {logging_mixin.py:190} INFO - [2024-11-03T05:47:18.068+0000] {dagbag.py:588} INFO - Filling up the DagBag from /home/airflow/.local/lib/python3.12/site-packages/airflow/example_dags/tutorial_dag.py
[2024-11-03T05:47:18.075+0000] {processor.py:925} INFO - DAG(s) 'tutorial_dag' retrieved from /home/airflow/.local/lib/python3.12/site-packages/airflow/example_dags/tutorial_dag.py
[2024-11-03T05:47:18.096+0000] {logging_mixin.py:190} INFO - [2024-11-03T05:47:18.096+0000] {dag.py:3239} INFO - Sync 1 DAGs
[2024-11-03T05:47:18.112+0000] {logging_mixin.py:190} INFO - [2024-11-03T05:47:18.112+0000] {dag.py:4180} INFO - Setting next_dagrun for tutorial_dag to None, run_after=None
[2024-11-03T05:47:18.144+0000] {processor.py:208} INFO - Processing /home/airflow/.local/lib/python3.12/site-packages/airflow/example_dags/tutorial_dag.py took 0.086 seconds
[2024-11-03T05:47:48.557+0000] {processor.py:186} INFO - Started process (PID=10726) to work on /home/airflow/.local/lib/python3.12/site-packages/airflow/example_dags/tutorial_dag.py
[2024-11-03T05:47:48.558+0000] {processor.py:914} INFO - Processing file /home/airflow/.local/lib/python3.12/site-packages/airflow/example_dags/tutorial_dag.py for tasks to queue
[2024-11-03T05:47:48.561+0000] {logging_mixin.py:190} INFO - [2024-11-03T05:47:48.560+0000] {dagbag.py:588} INFO - Filling up the DagBag from /home/airflow/.local/lib/python3.12/site-packages/airflow/example_dags/tutorial_dag.py
[2024-11-03T05:47:48.568+0000] {processor.py:925} INFO - DAG(s) 'tutorial_dag' retrieved from /home/airflow/.local/lib/python3.12/site-packages/airflow/example_dags/tutorial_dag.py
[2024-11-03T05:47:48.589+0000] {logging_mixin.py:190} INFO - [2024-11-03T05:47:48.589+0000] {dag.py:3239} INFO - Sync 1 DAGs
[2024-11-03T05:47:48.603+0000] {logging_mixin.py:190} INFO - [2024-11-03T05:47:48.603+0000] {dag.py:4180} INFO - Setting next_dagrun for tutorial_dag to None, run_after=None
[2024-11-03T05:47:48.625+0000] {processor.py:208} INFO - Processing /home/airflow/.local/lib/python3.12/site-packages/airflow/example_dags/tutorial_dag.py took 0.074 seconds
[2024-11-03T05:48:18.990+0000] {processor.py:186} INFO - Started process (PID=11015) to work on /home/airflow/.local/lib/python3.12/site-packages/airflow/example_dags/tutorial_dag.py
[2024-11-03T05:48:18.991+0000] {processor.py:914} INFO - Processing file /home/airflow/.local/lib/python3.12/site-packages/airflow/example_dags/tutorial_dag.py for tasks to queue
[2024-11-03T05:48:18.995+0000] {logging_mixin.py:190} INFO - [2024-11-03T05:48:18.995+0000] {dagbag.py:588} INFO - Filling up the DagBag from /home/airflow/.local/lib/python3.12/site-packages/airflow/example_dags/tutorial_dag.py
[2024-11-03T05:48:19.006+0000] {processor.py:925} INFO - DAG(s) 'tutorial_dag' retrieved from /home/airflow/.local/lib/python3.12/site-packages/airflow/example_dags/tutorial_dag.py
[2024-11-03T05:48:19.031+0000] {logging_mixin.py:190} INFO - [2024-11-03T05:48:19.030+0000] {dag.py:3239} INFO - Sync 1 DAGs
[2024-11-03T05:48:19.052+0000] {logging_mixin.py:190} INFO - [2024-11-03T05:48:19.051+0000] {dag.py:4180} INFO - Setting next_dagrun for tutorial_dag to None, run_after=None
[2024-11-03T05:48:19.075+0000] {processor.py:208} INFO - Processing /home/airflow/.local/lib/python3.12/site-packages/airflow/example_dags/tutorial_dag.py took 0.093 seconds
[2024-11-03T05:48:50.351+0000] {processor.py:186} INFO - Started process (PID=11314) to work on /home/airflow/.local/lib/python3.12/site-packages/airflow/example_dags/tutorial_dag.py
[2024-11-03T05:48:50.354+0000] {processor.py:914} INFO - Processing file /home/airflow/.local/lib/python3.12/site-packages/airflow/example_dags/tutorial_dag.py for tasks to queue
[2024-11-03T05:48:50.356+0000] {logging_mixin.py:190} INFO - [2024-11-03T05:48:50.356+0000] {dagbag.py:588} INFO - Filling up the DagBag from /home/airflow/.local/lib/python3.12/site-packages/airflow/example_dags/tutorial_dag.py
[2024-11-03T05:48:50.364+0000] {processor.py:925} INFO - DAG(s) 'tutorial_dag' retrieved from /home/airflow/.local/lib/python3.12/site-packages/airflow/example_dags/tutorial_dag.py
[2024-11-03T05:48:50.382+0000] {logging_mixin.py:190} INFO - [2024-11-03T05:48:50.382+0000] {dag.py:3239} INFO - Sync 1 DAGs
[2024-11-03T05:48:50.397+0000] {logging_mixin.py:190} INFO - [2024-11-03T05:48:50.397+0000] {dag.py:4180} INFO - Setting next_dagrun for tutorial_dag to None, run_after=None
[2024-11-03T05:48:50.418+0000] {processor.py:208} INFO - Processing /home/airflow/.local/lib/python3.12/site-packages/airflow/example_dags/tutorial_dag.py took 0.075 seconds
[2024-11-03T05:49:21.354+0000] {processor.py:186} INFO - Started process (PID=11605) to work on /home/airflow/.local/lib/python3.12/site-packages/airflow/example_dags/tutorial_dag.py
[2024-11-03T05:49:21.355+0000] {processor.py:914} INFO - Processing file /home/airflow/.local/lib/python3.12/site-packages/airflow/example_dags/tutorial_dag.py for tasks to queue
[2024-11-03T05:49:21.358+0000] {logging_mixin.py:190} INFO - [2024-11-03T05:49:21.357+0000] {dagbag.py:588} INFO - Filling up the DagBag from /home/airflow/.local/lib/python3.12/site-packages/airflow/example_dags/tutorial_dag.py
[2024-11-03T05:49:21.366+0000] {processor.py:925} INFO - DAG(s) 'tutorial_dag' retrieved from /home/airflow/.local/lib/python3.12/site-packages/airflow/example_dags/tutorial_dag.py
[2024-11-03T05:49:21.389+0000] {logging_mixin.py:190} INFO - [2024-11-03T05:49:21.389+0000] {dag.py:3239} INFO - Sync 1 DAGs
[2024-11-03T05:49:21.404+0000] {logging_mixin.py:190} INFO - [2024-11-03T05:49:21.404+0000] {dag.py:4180} INFO - Setting next_dagrun for tutorial_dag to None, run_after=None
[2024-11-03T05:49:21.426+0000] {processor.py:208} INFO - Processing /home/airflow/.local/lib/python3.12/site-packages/airflow/example_dags/tutorial_dag.py took 0.078 seconds
[2024-11-03T05:49:51.789+0000] {processor.py:186} INFO - Started process (PID=11894) to work on /home/airflow/.local/lib/python3.12/site-packages/airflow/example_dags/tutorial_dag.py
[2024-11-03T05:49:51.790+0000] {processor.py:914} INFO - Processing file /home/airflow/.local/lib/python3.12/site-packages/airflow/example_dags/tutorial_dag.py for tasks to queue
[2024-11-03T05:49:51.792+0000] {logging_mixin.py:190} INFO - [2024-11-03T05:49:51.792+0000] {dagbag.py:588} INFO - Filling up the DagBag from /home/airflow/.local/lib/python3.12/site-packages/airflow/example_dags/tutorial_dag.py
[2024-11-03T05:49:51.800+0000] {processor.py:925} INFO - DAG(s) 'tutorial_dag' retrieved from /home/airflow/.local/lib/python3.12/site-packages/airflow/example_dags/tutorial_dag.py
[2024-11-03T05:49:51.819+0000] {logging_mixin.py:190} INFO - [2024-11-03T05:49:51.818+0000] {dag.py:3239} INFO - Sync 1 DAGs
[2024-11-03T05:49:51.835+0000] {logging_mixin.py:190} INFO - [2024-11-03T05:49:51.835+0000] {dag.py:4180} INFO - Setting next_dagrun for tutorial_dag to None, run_after=None
[2024-11-03T05:49:51.859+0000] {processor.py:208} INFO - Processing /home/airflow/.local/lib/python3.12/site-packages/airflow/example_dags/tutorial_dag.py took 0.077 seconds
[2024-11-03T05:50:22.379+0000] {processor.py:186} INFO - Started process (PID=12187) to work on /home/airflow/.local/lib/python3.12/site-packages/airflow/example_dags/tutorial_dag.py
[2024-11-03T05:50:22.380+0000] {processor.py:914} INFO - Processing file /home/airflow/.local/lib/python3.12/site-packages/airflow/example_dags/tutorial_dag.py for tasks to queue
[2024-11-03T05:50:22.382+0000] {logging_mixin.py:190} INFO - [2024-11-03T05:50:22.382+0000] {dagbag.py:588} INFO - Filling up the DagBag from /home/airflow/.local/lib/python3.12/site-packages/airflow/example_dags/tutorial_dag.py
[2024-11-03T05:50:22.389+0000] {processor.py:925} INFO - DAG(s) 'tutorial_dag' retrieved from /home/airflow/.local/lib/python3.12/site-packages/airflow/example_dags/tutorial_dag.py
[2024-11-03T05:50:22.408+0000] {logging_mixin.py:190} INFO - [2024-11-03T05:50:22.408+0000] {dag.py:3239} INFO - Sync 1 DAGs
[2024-11-03T05:50:22.423+0000] {logging_mixin.py:190} INFO - [2024-11-03T05:50:22.423+0000] {dag.py:4180} INFO - Setting next_dagrun for tutorial_dag to None, run_after=None
[2024-11-03T05:50:22.443+0000] {processor.py:208} INFO - Processing /home/airflow/.local/lib/python3.12/site-packages/airflow/example_dags/tutorial_dag.py took 0.070 seconds
[2024-11-03T05:50:52.799+0000] {processor.py:186} INFO - Started process (PID=12476) to work on /home/airflow/.local/lib/python3.12/site-packages/airflow/example_dags/tutorial_dag.py
[2024-11-03T05:50:52.801+0000] {processor.py:914} INFO - Processing file /home/airflow/.local/lib/python3.12/site-packages/airflow/example_dags/tutorial_dag.py for tasks to queue
[2024-11-03T05:50:52.803+0000] {logging_mixin.py:190} INFO - [2024-11-03T05:50:52.803+0000] {dagbag.py:588} INFO - Filling up the DagBag from /home/airflow/.local/lib/python3.12/site-packages/airflow/example_dags/tutorial_dag.py
[2024-11-03T05:50:52.810+0000] {processor.py:925} INFO - DAG(s) 'tutorial_dag' retrieved from /home/airflow/.local/lib/python3.12/site-packages/airflow/example_dags/tutorial_dag.py
[2024-11-03T05:50:52.829+0000] {logging_mixin.py:190} INFO - [2024-11-03T05:50:52.829+0000] {dag.py:3239} INFO - Sync 1 DAGs
[2024-11-03T05:50:52.844+0000] {logging_mixin.py:190} INFO - [2024-11-03T05:50:52.844+0000] {dag.py:4180} INFO - Setting next_dagrun for tutorial_dag to None, run_after=None
[2024-11-03T05:50:52.867+0000] {processor.py:208} INFO - Processing /home/airflow/.local/lib/python3.12/site-packages/airflow/example_dags/tutorial_dag.py took 0.074 seconds
[2024-11-03T05:52:50.683+0000] {processor.py:186} INFO - Started process (PID=227) to work on /home/airflow/.local/lib/python3.12/site-packages/airflow/example_dags/tutorial_dag.py
[2024-11-03T05:52:50.686+0000] {processor.py:914} INFO - Processing file /home/airflow/.local/lib/python3.12/site-packages/airflow/example_dags/tutorial_dag.py for tasks to queue
[2024-11-03T05:52:50.689+0000] {logging_mixin.py:190} INFO - [2024-11-03T05:52:50.688+0000] {dagbag.py:588} INFO - Filling up the DagBag from /home/airflow/.local/lib/python3.12/site-packages/airflow/example_dags/tutorial_dag.py
[2024-11-03T05:52:50.701+0000] {processor.py:925} INFO - DAG(s) 'tutorial_dag' retrieved from /home/airflow/.local/lib/python3.12/site-packages/airflow/example_dags/tutorial_dag.py
[2024-11-03T05:52:50.745+0000] {logging_mixin.py:190} INFO - [2024-11-03T05:52:50.744+0000] {dag.py:3239} INFO - Sync 1 DAGs
[2024-11-03T05:52:50.779+0000] {logging_mixin.py:190} INFO - [2024-11-03T05:52:50.779+0000] {dag.py:4180} INFO - Setting next_dagrun for tutorial_dag to None, run_after=None
[2024-11-03T05:52:50.826+0000] {processor.py:208} INFO - Processing /home/airflow/.local/lib/python3.12/site-packages/airflow/example_dags/tutorial_dag.py took 0.152 seconds
[2024-11-03T05:53:21.140+0000] {processor.py:186} INFO - Started process (PID=520) to work on /home/airflow/.local/lib/python3.12/site-packages/airflow/example_dags/tutorial_dag.py
[2024-11-03T05:53:21.141+0000] {processor.py:914} INFO - Processing file /home/airflow/.local/lib/python3.12/site-packages/airflow/example_dags/tutorial_dag.py for tasks to queue
[2024-11-03T05:53:21.144+0000] {logging_mixin.py:190} INFO - [2024-11-03T05:53:21.143+0000] {dagbag.py:588} INFO - Filling up the DagBag from /home/airflow/.local/lib/python3.12/site-packages/airflow/example_dags/tutorial_dag.py
[2024-11-03T05:53:21.150+0000] {processor.py:925} INFO - DAG(s) 'tutorial_dag' retrieved from /home/airflow/.local/lib/python3.12/site-packages/airflow/example_dags/tutorial_dag.py
[2024-11-03T05:53:21.170+0000] {logging_mixin.py:190} INFO - [2024-11-03T05:53:21.169+0000] {dag.py:3239} INFO - Sync 1 DAGs
[2024-11-03T05:53:21.185+0000] {logging_mixin.py:190} INFO - [2024-11-03T05:53:21.185+0000] {dag.py:4180} INFO - Setting next_dagrun for tutorial_dag to None, run_after=None
[2024-11-03T05:53:21.208+0000] {processor.py:208} INFO - Processing /home/airflow/.local/lib/python3.12/site-packages/airflow/example_dags/tutorial_dag.py took 0.073 seconds
[2024-11-03T05:53:51.708+0000] {processor.py:186} INFO - Started process (PID=811) to work on /home/airflow/.local/lib/python3.12/site-packages/airflow/example_dags/tutorial_dag.py
[2024-11-03T05:53:51.709+0000] {processor.py:914} INFO - Processing file /home/airflow/.local/lib/python3.12/site-packages/airflow/example_dags/tutorial_dag.py for tasks to queue
[2024-11-03T05:53:51.712+0000] {logging_mixin.py:190} INFO - [2024-11-03T05:53:51.711+0000] {dagbag.py:588} INFO - Filling up the DagBag from /home/airflow/.local/lib/python3.12/site-packages/airflow/example_dags/tutorial_dag.py
[2024-11-03T05:53:51.719+0000] {processor.py:925} INFO - DAG(s) 'tutorial_dag' retrieved from /home/airflow/.local/lib/python3.12/site-packages/airflow/example_dags/tutorial_dag.py
[2024-11-03T05:53:51.743+0000] {logging_mixin.py:190} INFO - [2024-11-03T05:53:51.742+0000] {dag.py:3239} INFO - Sync 1 DAGs
[2024-11-03T05:53:51.761+0000] {logging_mixin.py:190} INFO - [2024-11-03T05:53:51.760+0000] {dag.py:4180} INFO - Setting next_dagrun for tutorial_dag to None, run_after=None
[2024-11-03T05:53:51.788+0000] {processor.py:208} INFO - Processing /home/airflow/.local/lib/python3.12/site-packages/airflow/example_dags/tutorial_dag.py took 0.085 seconds
[2024-11-03T05:54:22.076+0000] {processor.py:186} INFO - Started process (PID=1102) to work on /home/airflow/.local/lib/python3.12/site-packages/airflow/example_dags/tutorial_dag.py
[2024-11-03T05:54:22.078+0000] {processor.py:914} INFO - Processing file /home/airflow/.local/lib/python3.12/site-packages/airflow/example_dags/tutorial_dag.py for tasks to queue
[2024-11-03T05:54:22.082+0000] {logging_mixin.py:190} INFO - [2024-11-03T05:54:22.081+0000] {dagbag.py:588} INFO - Filling up the DagBag from /home/airflow/.local/lib/python3.12/site-packages/airflow/example_dags/tutorial_dag.py
[2024-11-03T05:54:22.090+0000] {processor.py:925} INFO - DAG(s) 'tutorial_dag' retrieved from /home/airflow/.local/lib/python3.12/site-packages/airflow/example_dags/tutorial_dag.py
[2024-11-03T05:54:22.116+0000] {logging_mixin.py:190} INFO - [2024-11-03T05:54:22.116+0000] {dag.py:3239} INFO - Sync 1 DAGs
[2024-11-03T05:54:22.132+0000] {logging_mixin.py:190} INFO - [2024-11-03T05:54:22.132+0000] {dag.py:4180} INFO - Setting next_dagrun for tutorial_dag to None, run_after=None
[2024-11-03T05:54:22.169+0000] {processor.py:208} INFO - Processing /home/airflow/.local/lib/python3.12/site-packages/airflow/example_dags/tutorial_dag.py took 0.103 seconds
[2024-11-03T05:54:52.282+0000] {processor.py:186} INFO - Started process (PID=1391) to work on /home/airflow/.local/lib/python3.12/site-packages/airflow/example_dags/tutorial_dag.py
[2024-11-03T05:54:52.284+0000] {processor.py:914} INFO - Processing file /home/airflow/.local/lib/python3.12/site-packages/airflow/example_dags/tutorial_dag.py for tasks to queue
[2024-11-03T05:54:52.286+0000] {logging_mixin.py:190} INFO - [2024-11-03T05:54:52.286+0000] {dagbag.py:588} INFO - Filling up the DagBag from /home/airflow/.local/lib/python3.12/site-packages/airflow/example_dags/tutorial_dag.py
[2024-11-03T05:54:52.294+0000] {processor.py:925} INFO - DAG(s) 'tutorial_dag' retrieved from /home/airflow/.local/lib/python3.12/site-packages/airflow/example_dags/tutorial_dag.py
[2024-11-03T05:54:52.314+0000] {logging_mixin.py:190} INFO - [2024-11-03T05:54:52.314+0000] {dag.py:3239} INFO - Sync 1 DAGs
[2024-11-03T05:54:52.329+0000] {logging_mixin.py:190} INFO - [2024-11-03T05:54:52.329+0000] {dag.py:4180} INFO - Setting next_dagrun for tutorial_dag to None, run_after=None
[2024-11-03T05:54:52.349+0000] {processor.py:208} INFO - Processing /home/airflow/.local/lib/python3.12/site-packages/airflow/example_dags/tutorial_dag.py took 0.073 seconds
[2024-11-03T05:57:15.484+0000] {processor.py:186} INFO - Started process (PID=227) to work on /home/airflow/.local/lib/python3.12/site-packages/airflow/example_dags/tutorial_dag.py
[2024-11-03T05:57:15.485+0000] {processor.py:914} INFO - Processing file /home/airflow/.local/lib/python3.12/site-packages/airflow/example_dags/tutorial_dag.py for tasks to queue
[2024-11-03T05:57:15.488+0000] {logging_mixin.py:190} INFO - [2024-11-03T05:57:15.488+0000] {dagbag.py:588} INFO - Filling up the DagBag from /home/airflow/.local/lib/python3.12/site-packages/airflow/example_dags/tutorial_dag.py
[2024-11-03T05:57:15.499+0000] {processor.py:925} INFO - DAG(s) 'tutorial_dag' retrieved from /home/airflow/.local/lib/python3.12/site-packages/airflow/example_dags/tutorial_dag.py
[2024-11-03T05:57:15.551+0000] {logging_mixin.py:190} INFO - [2024-11-03T05:57:15.551+0000] {dag.py:3239} INFO - Sync 1 DAGs
[2024-11-03T05:57:15.582+0000] {logging_mixin.py:190} INFO - [2024-11-03T05:57:15.582+0000] {dag.py:4180} INFO - Setting next_dagrun for tutorial_dag to None, run_after=None
[2024-11-03T05:57:15.616+0000] {processor.py:208} INFO - Processing /home/airflow/.local/lib/python3.12/site-packages/airflow/example_dags/tutorial_dag.py took 0.141 seconds
[2024-11-03T05:57:45.732+0000] {processor.py:186} INFO - Started process (PID=520) to work on /home/airflow/.local/lib/python3.12/site-packages/airflow/example_dags/tutorial_dag.py
[2024-11-03T05:57:45.733+0000] {processor.py:914} INFO - Processing file /home/airflow/.local/lib/python3.12/site-packages/airflow/example_dags/tutorial_dag.py for tasks to queue
[2024-11-03T05:57:45.736+0000] {logging_mixin.py:190} INFO - [2024-11-03T05:57:45.735+0000] {dagbag.py:588} INFO - Filling up the DagBag from /home/airflow/.local/lib/python3.12/site-packages/airflow/example_dags/tutorial_dag.py
[2024-11-03T05:57:45.742+0000] {processor.py:925} INFO - DAG(s) 'tutorial_dag' retrieved from /home/airflow/.local/lib/python3.12/site-packages/airflow/example_dags/tutorial_dag.py
[2024-11-03T05:57:45.761+0000] {logging_mixin.py:190} INFO - [2024-11-03T05:57:45.761+0000] {dag.py:3239} INFO - Sync 1 DAGs
[2024-11-03T05:57:45.777+0000] {logging_mixin.py:190} INFO - [2024-11-03T05:57:45.776+0000] {dag.py:4180} INFO - Setting next_dagrun for tutorial_dag to None, run_after=None
[2024-11-03T05:57:45.800+0000] {processor.py:208} INFO - Processing /home/airflow/.local/lib/python3.12/site-packages/airflow/example_dags/tutorial_dag.py took 0.075 seconds
[2024-11-03T05:58:16.066+0000] {processor.py:186} INFO - Started process (PID=809) to work on /home/airflow/.local/lib/python3.12/site-packages/airflow/example_dags/tutorial_dag.py
[2024-11-03T05:58:16.067+0000] {processor.py:914} INFO - Processing file /home/airflow/.local/lib/python3.12/site-packages/airflow/example_dags/tutorial_dag.py for tasks to queue
[2024-11-03T05:58:16.070+0000] {logging_mixin.py:190} INFO - [2024-11-03T05:58:16.070+0000] {dagbag.py:588} INFO - Filling up the DagBag from /home/airflow/.local/lib/python3.12/site-packages/airflow/example_dags/tutorial_dag.py
[2024-11-03T05:58:16.077+0000] {processor.py:925} INFO - DAG(s) 'tutorial_dag' retrieved from /home/airflow/.local/lib/python3.12/site-packages/airflow/example_dags/tutorial_dag.py
[2024-11-03T05:58:16.098+0000] {logging_mixin.py:190} INFO - [2024-11-03T05:58:16.098+0000] {dag.py:3239} INFO - Sync 1 DAGs
[2024-11-03T05:58:16.115+0000] {logging_mixin.py:190} INFO - [2024-11-03T05:58:16.114+0000] {dag.py:4180} INFO - Setting next_dagrun for tutorial_dag to None, run_after=None
[2024-11-03T05:58:16.135+0000] {processor.py:208} INFO - Processing /home/airflow/.local/lib/python3.12/site-packages/airflow/example_dags/tutorial_dag.py took 0.075 seconds
[2024-11-03T05:58:46.410+0000] {processor.py:186} INFO - Started process (PID=1100) to work on /home/airflow/.local/lib/python3.12/site-packages/airflow/example_dags/tutorial_dag.py
[2024-11-03T05:58:46.411+0000] {processor.py:914} INFO - Processing file /home/airflow/.local/lib/python3.12/site-packages/airflow/example_dags/tutorial_dag.py for tasks to queue
[2024-11-03T05:58:46.414+0000] {logging_mixin.py:190} INFO - [2024-11-03T05:58:46.413+0000] {dagbag.py:588} INFO - Filling up the DagBag from /home/airflow/.local/lib/python3.12/site-packages/airflow/example_dags/tutorial_dag.py
[2024-11-03T05:58:46.420+0000] {processor.py:925} INFO - DAG(s) 'tutorial_dag' retrieved from /home/airflow/.local/lib/python3.12/site-packages/airflow/example_dags/tutorial_dag.py
[2024-11-03T05:58:46.455+0000] {logging_mixin.py:190} INFO - [2024-11-03T05:58:46.455+0000] {dag.py:3239} INFO - Sync 1 DAGs
[2024-11-03T05:58:46.474+0000] {logging_mixin.py:190} INFO - [2024-11-03T05:58:46.474+0000] {dag.py:4180} INFO - Setting next_dagrun for tutorial_dag to None, run_after=None
[2024-11-03T05:58:46.498+0000] {processor.py:208} INFO - Processing /home/airflow/.local/lib/python3.12/site-packages/airflow/example_dags/tutorial_dag.py took 0.094 seconds
[2024-11-03T05:59:17.361+0000] {processor.py:186} INFO - Started process (PID=1391) to work on /home/airflow/.local/lib/python3.12/site-packages/airflow/example_dags/tutorial_dag.py
[2024-11-03T05:59:17.362+0000] {processor.py:914} INFO - Processing file /home/airflow/.local/lib/python3.12/site-packages/airflow/example_dags/tutorial_dag.py for tasks to queue
[2024-11-03T05:59:17.364+0000] {logging_mixin.py:190} INFO - [2024-11-03T05:59:17.364+0000] {dagbag.py:588} INFO - Filling up the DagBag from /home/airflow/.local/lib/python3.12/site-packages/airflow/example_dags/tutorial_dag.py
[2024-11-03T05:59:17.372+0000] {processor.py:925} INFO - DAG(s) 'tutorial_dag' retrieved from /home/airflow/.local/lib/python3.12/site-packages/airflow/example_dags/tutorial_dag.py
[2024-11-03T05:59:17.392+0000] {logging_mixin.py:190} INFO - [2024-11-03T05:59:17.392+0000] {dag.py:3239} INFO - Sync 1 DAGs
[2024-11-03T05:59:17.408+0000] {logging_mixin.py:190} INFO - [2024-11-03T05:59:17.408+0000] {dag.py:4180} INFO - Setting next_dagrun for tutorial_dag to None, run_after=None
[2024-11-03T05:59:17.429+0000] {processor.py:208} INFO - Processing /home/airflow/.local/lib/python3.12/site-packages/airflow/example_dags/tutorial_dag.py took 0.074 seconds
[2024-11-03T05:59:48.322+0000] {processor.py:186} INFO - Started process (PID=1682) to work on /home/airflow/.local/lib/python3.12/site-packages/airflow/example_dags/tutorial_dag.py
[2024-11-03T05:59:48.323+0000] {processor.py:914} INFO - Processing file /home/airflow/.local/lib/python3.12/site-packages/airflow/example_dags/tutorial_dag.py for tasks to queue
[2024-11-03T05:59:48.326+0000] {logging_mixin.py:190} INFO - [2024-11-03T05:59:48.325+0000] {dagbag.py:588} INFO - Filling up the DagBag from /home/airflow/.local/lib/python3.12/site-packages/airflow/example_dags/tutorial_dag.py
[2024-11-03T05:59:48.333+0000] {processor.py:925} INFO - DAG(s) 'tutorial_dag' retrieved from /home/airflow/.local/lib/python3.12/site-packages/airflow/example_dags/tutorial_dag.py
[2024-11-03T05:59:48.363+0000] {logging_mixin.py:190} INFO - [2024-11-03T05:59:48.362+0000] {dag.py:3239} INFO - Sync 1 DAGs
[2024-11-03T05:59:48.390+0000] {logging_mixin.py:190} INFO - [2024-11-03T05:59:48.389+0000] {dag.py:4180} INFO - Setting next_dagrun for tutorial_dag to None, run_after=None
[2024-11-03T05:59:48.413+0000] {processor.py:208} INFO - Processing /home/airflow/.local/lib/python3.12/site-packages/airflow/example_dags/tutorial_dag.py took 0.098 seconds
[2024-11-03T06:00:19.232+0000] {processor.py:186} INFO - Started process (PID=1973) to work on /home/airflow/.local/lib/python3.12/site-packages/airflow/example_dags/tutorial_dag.py
[2024-11-03T06:00:19.234+0000] {processor.py:914} INFO - Processing file /home/airflow/.local/lib/python3.12/site-packages/airflow/example_dags/tutorial_dag.py for tasks to queue
[2024-11-03T06:00:19.237+0000] {logging_mixin.py:190} INFO - [2024-11-03T06:00:19.237+0000] {dagbag.py:588} INFO - Filling up the DagBag from /home/airflow/.local/lib/python3.12/site-packages/airflow/example_dags/tutorial_dag.py
[2024-11-03T06:00:19.246+0000] {processor.py:925} INFO - DAG(s) 'tutorial_dag' retrieved from /home/airflow/.local/lib/python3.12/site-packages/airflow/example_dags/tutorial_dag.py
[2024-11-03T06:00:19.280+0000] {logging_mixin.py:190} INFO - [2024-11-03T06:00:19.280+0000] {dag.py:3239} INFO - Sync 1 DAGs
[2024-11-03T06:00:19.306+0000] {logging_mixin.py:190} INFO - [2024-11-03T06:00:19.306+0000] {dag.py:4180} INFO - Setting next_dagrun for tutorial_dag to None, run_after=None
[2024-11-03T06:00:19.334+0000] {processor.py:208} INFO - Processing /home/airflow/.local/lib/python3.12/site-packages/airflow/example_dags/tutorial_dag.py took 0.111 seconds
[2024-11-03T06:06:54.018+0000] {processor.py:186} INFO - Started process (PID=245) to work on /home/airflow/.local/lib/python3.12/site-packages/airflow/example_dags/tutorial_dag.py
[2024-11-03T06:06:54.019+0000] {processor.py:914} INFO - Processing file /home/airflow/.local/lib/python3.12/site-packages/airflow/example_dags/tutorial_dag.py for tasks to queue
[2024-11-03T06:06:54.022+0000] {logging_mixin.py:190} INFO - [2024-11-03T06:06:54.021+0000] {dagbag.py:588} INFO - Filling up the DagBag from /home/airflow/.local/lib/python3.12/site-packages/airflow/example_dags/tutorial_dag.py
[2024-11-03T06:06:54.031+0000] {processor.py:925} INFO - DAG(s) 'tutorial_dag' retrieved from /home/airflow/.local/lib/python3.12/site-packages/airflow/example_dags/tutorial_dag.py
[2024-11-03T06:06:54.181+0000] {logging_mixin.py:190} INFO - [2024-11-03T06:06:54.181+0000] {override.py:1900} INFO - Created Permission View: can edit on DAG:tutorial_dag
[2024-11-03T06:06:54.197+0000] {logging_mixin.py:190} INFO - [2024-11-03T06:06:54.197+0000] {override.py:1900} INFO - Created Permission View: can read on DAG:tutorial_dag
[2024-11-03T06:06:54.207+0000] {logging_mixin.py:190} INFO - [2024-11-03T06:06:54.207+0000] {override.py:1900} INFO - Created Permission View: can delete on DAG:tutorial_dag
[2024-11-03T06:06:54.225+0000] {logging_mixin.py:190} INFO - [2024-11-03T06:06:54.224+0000] {override.py:1900} INFO - Created Permission View: can create on DAG Run:tutorial_dag
[2024-11-03T06:06:54.235+0000] {logging_mixin.py:190} INFO - [2024-11-03T06:06:54.235+0000] {override.py:1900} INFO - Created Permission View: menu access on DAG Run:tutorial_dag
[2024-11-03T06:06:54.246+0000] {logging_mixin.py:190} INFO - [2024-11-03T06:06:54.246+0000] {override.py:1900} INFO - Created Permission View: can read on DAG Run:tutorial_dag
[2024-11-03T06:06:54.263+0000] {logging_mixin.py:190} INFO - [2024-11-03T06:06:54.263+0000] {override.py:1900} INFO - Created Permission View: can delete on DAG Run:tutorial_dag
[2024-11-03T06:06:54.264+0000] {logging_mixin.py:190} INFO - [2024-11-03T06:06:54.264+0000] {dag.py:3239} INFO - Sync 1 DAGs
[2024-11-03T06:06:54.279+0000] {logging_mixin.py:190} INFO - [2024-11-03T06:06:54.279+0000] {dag.py:3262} INFO - Creating ORM DAG for tutorial_dag
[2024-11-03T06:06:54.280+0000] {logging_mixin.py:190} INFO - [2024-11-03T06:06:54.280+0000] {dag.py:4180} INFO - Setting next_dagrun for tutorial_dag to None, run_after=None
[2024-11-03T06:06:54.305+0000] {processor.py:208} INFO - Processing /home/airflow/.local/lib/python3.12/site-packages/airflow/example_dags/tutorial_dag.py took 0.294 seconds
[2024-11-03T06:07:24.853+0000] {processor.py:186} INFO - Started process (PID=536) to work on /home/airflow/.local/lib/python3.12/site-packages/airflow/example_dags/tutorial_dag.py
[2024-11-03T06:07:24.854+0000] {processor.py:914} INFO - Processing file /home/airflow/.local/lib/python3.12/site-packages/airflow/example_dags/tutorial_dag.py for tasks to queue
[2024-11-03T06:07:24.857+0000] {logging_mixin.py:190} INFO - [2024-11-03T06:07:24.856+0000] {dagbag.py:588} INFO - Filling up the DagBag from /home/airflow/.local/lib/python3.12/site-packages/airflow/example_dags/tutorial_dag.py
[2024-11-03T06:07:24.866+0000] {processor.py:925} INFO - DAG(s) 'tutorial_dag' retrieved from /home/airflow/.local/lib/python3.12/site-packages/airflow/example_dags/tutorial_dag.py
[2024-11-03T06:07:24.897+0000] {logging_mixin.py:190} INFO - [2024-11-03T06:07:24.897+0000] {dag.py:3239} INFO - Sync 1 DAGs
[2024-11-03T06:07:24.921+0000] {logging_mixin.py:190} INFO - [2024-11-03T06:07:24.921+0000] {dag.py:4180} INFO - Setting next_dagrun for tutorial_dag to None, run_after=None
[2024-11-03T06:07:24.977+0000] {processor.py:208} INFO - Processing /home/airflow/.local/lib/python3.12/site-packages/airflow/example_dags/tutorial_dag.py took 0.133 seconds
[2024-11-03T06:10:47.990+0000] {processor.py:186} INFO - Started process (PID=240) to work on /home/airflow/.local/lib/python3.12/site-packages/airflow/example_dags/tutorial_dag.py
[2024-11-03T06:10:47.992+0000] {processor.py:914} INFO - Processing file /home/airflow/.local/lib/python3.12/site-packages/airflow/example_dags/tutorial_dag.py for tasks to queue
[2024-11-03T06:10:47.995+0000] {logging_mixin.py:190} INFO - [2024-11-03T06:10:47.995+0000] {dagbag.py:588} INFO - Filling up the DagBag from /home/airflow/.local/lib/python3.12/site-packages/airflow/example_dags/tutorial_dag.py
[2024-11-03T06:10:48.008+0000] {processor.py:925} INFO - DAG(s) 'tutorial_dag' retrieved from /home/airflow/.local/lib/python3.12/site-packages/airflow/example_dags/tutorial_dag.py
[2024-11-03T06:10:48.056+0000] {logging_mixin.py:190} INFO - [2024-11-03T06:10:48.055+0000] {dag.py:3239} INFO - Sync 1 DAGs
[2024-11-03T06:10:48.084+0000] {logging_mixin.py:190} INFO - [2024-11-03T06:10:48.084+0000] {dag.py:4180} INFO - Setting next_dagrun for tutorial_dag to None, run_after=None
[2024-11-03T06:10:48.115+0000] {processor.py:208} INFO - Processing /home/airflow/.local/lib/python3.12/site-packages/airflow/example_dags/tutorial_dag.py took 0.132 seconds
[2024-11-03T06:11:18.275+0000] {processor.py:186} INFO - Started process (PID=531) to work on /home/airflow/.local/lib/python3.12/site-packages/airflow/example_dags/tutorial_dag.py
[2024-11-03T06:11:18.277+0000] {processor.py:914} INFO - Processing file /home/airflow/.local/lib/python3.12/site-packages/airflow/example_dags/tutorial_dag.py for tasks to queue
[2024-11-03T06:11:18.279+0000] {logging_mixin.py:190} INFO - [2024-11-03T06:11:18.279+0000] {dagbag.py:588} INFO - Filling up the DagBag from /home/airflow/.local/lib/python3.12/site-packages/airflow/example_dags/tutorial_dag.py
[2024-11-03T06:11:18.286+0000] {processor.py:925} INFO - DAG(s) 'tutorial_dag' retrieved from /home/airflow/.local/lib/python3.12/site-packages/airflow/example_dags/tutorial_dag.py
[2024-11-03T06:11:18.308+0000] {logging_mixin.py:190} INFO - [2024-11-03T06:11:18.307+0000] {dag.py:3239} INFO - Sync 1 DAGs
[2024-11-03T06:11:18.323+0000] {logging_mixin.py:190} INFO - [2024-11-03T06:11:18.323+0000] {dag.py:4180} INFO - Setting next_dagrun for tutorial_dag to None, run_after=None
[2024-11-03T06:11:18.347+0000] {processor.py:208} INFO - Processing /home/airflow/.local/lib/python3.12/site-packages/airflow/example_dags/tutorial_dag.py took 0.078 seconds
[2024-11-03T06:11:48.985+0000] {processor.py:186} INFO - Started process (PID=824) to work on /home/airflow/.local/lib/python3.12/site-packages/airflow/example_dags/tutorial_dag.py
[2024-11-03T06:11:48.986+0000] {processor.py:914} INFO - Processing file /home/airflow/.local/lib/python3.12/site-packages/airflow/example_dags/tutorial_dag.py for tasks to queue
[2024-11-03T06:11:48.989+0000] {logging_mixin.py:190} INFO - [2024-11-03T06:11:48.989+0000] {dagbag.py:588} INFO - Filling up the DagBag from /home/airflow/.local/lib/python3.12/site-packages/airflow/example_dags/tutorial_dag.py
[2024-11-03T06:11:49.001+0000] {processor.py:925} INFO - DAG(s) 'tutorial_dag' retrieved from /home/airflow/.local/lib/python3.12/site-packages/airflow/example_dags/tutorial_dag.py
[2024-11-03T06:11:49.028+0000] {logging_mixin.py:190} INFO - [2024-11-03T06:11:49.027+0000] {dag.py:3239} INFO - Sync 1 DAGs
[2024-11-03T06:11:49.048+0000] {logging_mixin.py:190} INFO - [2024-11-03T06:11:49.047+0000] {dag.py:4180} INFO - Setting next_dagrun for tutorial_dag to None, run_after=None
[2024-11-03T06:11:49.081+0000] {processor.py:208} INFO - Processing /home/airflow/.local/lib/python3.12/site-packages/airflow/example_dags/tutorial_dag.py took 0.106 seconds
[2024-11-03T06:12:19.521+0000] {processor.py:186} INFO - Started process (PID=1113) to work on /home/airflow/.local/lib/python3.12/site-packages/airflow/example_dags/tutorial_dag.py
[2024-11-03T06:12:19.522+0000] {processor.py:914} INFO - Processing file /home/airflow/.local/lib/python3.12/site-packages/airflow/example_dags/tutorial_dag.py for tasks to queue
[2024-11-03T06:12:19.525+0000] {logging_mixin.py:190} INFO - [2024-11-03T06:12:19.525+0000] {dagbag.py:588} INFO - Filling up the DagBag from /home/airflow/.local/lib/python3.12/site-packages/airflow/example_dags/tutorial_dag.py
[2024-11-03T06:12:19.532+0000] {processor.py:925} INFO - DAG(s) 'tutorial_dag' retrieved from /home/airflow/.local/lib/python3.12/site-packages/airflow/example_dags/tutorial_dag.py
[2024-11-03T06:12:19.553+0000] {logging_mixin.py:190} INFO - [2024-11-03T06:12:19.553+0000] {dag.py:3239} INFO - Sync 1 DAGs
[2024-11-03T06:12:19.569+0000] {logging_mixin.py:190} INFO - [2024-11-03T06:12:19.569+0000] {dag.py:4180} INFO - Setting next_dagrun for tutorial_dag to None, run_after=None
[2024-11-03T06:12:19.595+0000] {processor.py:208} INFO - Processing /home/airflow/.local/lib/python3.12/site-packages/airflow/example_dags/tutorial_dag.py took 0.080 seconds
[2024-11-03T06:12:50.374+0000] {processor.py:186} INFO - Started process (PID=1404) to work on /home/airflow/.local/lib/python3.12/site-packages/airflow/example_dags/tutorial_dag.py
[2024-11-03T06:12:50.375+0000] {processor.py:914} INFO - Processing file /home/airflow/.local/lib/python3.12/site-packages/airflow/example_dags/tutorial_dag.py for tasks to queue
[2024-11-03T06:12:50.377+0000] {logging_mixin.py:190} INFO - [2024-11-03T06:12:50.377+0000] {dagbag.py:588} INFO - Filling up the DagBag from /home/airflow/.local/lib/python3.12/site-packages/airflow/example_dags/tutorial_dag.py
[2024-11-03T06:12:50.387+0000] {processor.py:925} INFO - DAG(s) 'tutorial_dag' retrieved from /home/airflow/.local/lib/python3.12/site-packages/airflow/example_dags/tutorial_dag.py
[2024-11-03T06:12:50.408+0000] {logging_mixin.py:190} INFO - [2024-11-03T06:12:50.408+0000] {dag.py:3239} INFO - Sync 1 DAGs
[2024-11-03T06:12:50.424+0000] {logging_mixin.py:190} INFO - [2024-11-03T06:12:50.424+0000] {dag.py:4180} INFO - Setting next_dagrun for tutorial_dag to None, run_after=None
[2024-11-03T06:12:50.448+0000] {processor.py:208} INFO - Processing /home/airflow/.local/lib/python3.12/site-packages/airflow/example_dags/tutorial_dag.py took 0.080 seconds
[2024-11-03T06:13:21.155+0000] {processor.py:186} INFO - Started process (PID=1695) to work on /home/airflow/.local/lib/python3.12/site-packages/airflow/example_dags/tutorial_dag.py
[2024-11-03T06:13:21.157+0000] {processor.py:914} INFO - Processing file /home/airflow/.local/lib/python3.12/site-packages/airflow/example_dags/tutorial_dag.py for tasks to queue
[2024-11-03T06:13:21.160+0000] {logging_mixin.py:190} INFO - [2024-11-03T06:13:21.160+0000] {dagbag.py:588} INFO - Filling up the DagBag from /home/airflow/.local/lib/python3.12/site-packages/airflow/example_dags/tutorial_dag.py
[2024-11-03T06:13:21.172+0000] {processor.py:925} INFO - DAG(s) 'tutorial_dag' retrieved from /home/airflow/.local/lib/python3.12/site-packages/airflow/example_dags/tutorial_dag.py
[2024-11-03T06:13:21.197+0000] {logging_mixin.py:190} INFO - [2024-11-03T06:13:21.197+0000] {dag.py:3239} INFO - Sync 1 DAGs
[2024-11-03T06:13:21.213+0000] {logging_mixin.py:190} INFO - [2024-11-03T06:13:21.213+0000] {dag.py:4180} INFO - Setting next_dagrun for tutorial_dag to None, run_after=None
[2024-11-03T06:13:21.235+0000] {processor.py:208} INFO - Processing /home/airflow/.local/lib/python3.12/site-packages/airflow/example_dags/tutorial_dag.py took 0.090 seconds
[2024-11-03T06:13:51.341+0000] {processor.py:186} INFO - Started process (PID=1986) to work on /home/airflow/.local/lib/python3.12/site-packages/airflow/example_dags/tutorial_dag.py
[2024-11-03T06:13:51.342+0000] {processor.py:914} INFO - Processing file /home/airflow/.local/lib/python3.12/site-packages/airflow/example_dags/tutorial_dag.py for tasks to queue
[2024-11-03T06:13:51.344+0000] {logging_mixin.py:190} INFO - [2024-11-03T06:13:51.344+0000] {dagbag.py:588} INFO - Filling up the DagBag from /home/airflow/.local/lib/python3.12/site-packages/airflow/example_dags/tutorial_dag.py
[2024-11-03T06:13:51.352+0000] {processor.py:925} INFO - DAG(s) 'tutorial_dag' retrieved from /home/airflow/.local/lib/python3.12/site-packages/airflow/example_dags/tutorial_dag.py
[2024-11-03T06:13:51.372+0000] {logging_mixin.py:190} INFO - [2024-11-03T06:13:51.372+0000] {dag.py:3239} INFO - Sync 1 DAGs
[2024-11-03T06:13:51.397+0000] {logging_mixin.py:190} INFO - [2024-11-03T06:13:51.397+0000] {dag.py:4180} INFO - Setting next_dagrun for tutorial_dag to None, run_after=None
[2024-11-03T06:13:51.433+0000] {processor.py:208} INFO - Processing /home/airflow/.local/lib/python3.12/site-packages/airflow/example_dags/tutorial_dag.py took 0.098 seconds
