[2024-11-05T05:11:33.613+0000] {local_task_job_runner.py:123} INFO - ::group::Pre task execution logs
[2024-11-05T05:11:33.637+0000] {taskinstance.py:2612} INFO - Dependencies all met for dep_context=non-requeueable deps ti=<TaskInstance: marketvol.query manual__2024-11-05T05:01:10.865380+00:00 [queued]>
[2024-11-05T05:11:33.651+0000] {taskinstance.py:2612} INFO - Dependencies all met for dep_context=requeueable deps ti=<TaskInstance: marketvol.query manual__2024-11-05T05:01:10.865380+00:00 [queued]>
[2024-11-05T05:11:33.652+0000] {taskinstance.py:2865} INFO - Starting attempt 3 of 3
[2024-11-05T05:11:33.673+0000] {taskinstance.py:2888} INFO - Executing <Task(PythonOperator): query> on 2024-11-05 05:01:10.865380+00:00
[2024-11-05T05:11:33.681+0000] {warnings.py:112} WARNING - /home/***/.local/lib/python3.12/site-packages/***/task/task_runner/standard_task_runner.py:70: DeprecationWarning: This process (pid=787) is multi-threaded, use of fork() may lead to deadlocks in the child.
  pid = os.fork()

[2024-11-05T05:11:33.683+0000] {standard_task_runner.py:72} INFO - Started process 789 to run task
[2024-11-05T05:11:33.684+0000] {standard_task_runner.py:104} INFO - Running: ['***', 'tasks', 'run', 'marketvol', 'query', 'manual__2024-11-05T05:01:10.865380+00:00', '--job-id', '33', '--raw', '--subdir', 'DAGS_FOLDER/Airflow_Miniproj.py', '--cfg-path', '/tmp/tmpvi8nlzns']
[2024-11-05T05:11:33.686+0000] {standard_task_runner.py:105} INFO - Job 33: Subtask query
[2024-11-05T05:11:33.752+0000] {task_command.py:467} INFO - Running <TaskInstance: marketvol.query manual__2024-11-05T05:01:10.865380+00:00 [running]> on host 86283349870f
[2024-11-05T05:11:33.889+0000] {taskinstance.py:3131} INFO - Exporting env vars: AIRFLOW_CTX_DAG_OWNER='Margaret' AIRFLOW_CTX_DAG_ID='marketvol' AIRFLOW_CTX_TASK_ID='query' AIRFLOW_CTX_EXECUTION_DATE='2024-11-05T05:01:10.865380+00:00' AIRFLOW_CTX_TRY_NUMBER='3' AIRFLOW_CTX_DAG_RUN_ID='manual__2024-11-05T05:01:10.865380+00:00'
[2024-11-05T05:11:33.891+0000] {logging_mixin.py:190} INFO - Task instance is in running state
[2024-11-05T05:11:33.892+0000] {logging_mixin.py:190} INFO -  Previous state of the Task instance: queued
[2024-11-05T05:11:33.893+0000] {logging_mixin.py:190} INFO - Current task name:query state:running start_date:2024-11-05 05:11:33.638419+00:00
[2024-11-05T05:11:33.894+0000] {logging_mixin.py:190} INFO - Dag name:marketvol and current dag run status:running
[2024-11-05T05:11:33.895+0000] {taskinstance.py:731} INFO - ::endgroup::
[2024-11-05T05:11:33.909+0000] {logging_mixin.py:190} INFO - Sample AAPL data
[2024-11-05T05:11:33.940+0000] {logging_mixin.py:190} INFO -    2024-11-04 14:30:00+00:00  222.00999450683594  ...  221.01199340820312.1  2164941
0  2024-11-04 14:31:00+00:00          221.529999  ...            221.960007   292805
1  2024-11-04 14:32:00+00:00          220.830093  ...            221.529999   268455
2  2024-11-04 14:33:00+00:00          221.360001  ...            220.860001   221273
3  2024-11-04 14:34:00+00:00          220.664993  ...            221.312607   168013
4  2024-11-04 14:35:00+00:00          220.178696  ...            220.679993   230314

[5 rows x 7 columns]
[2024-11-05T05:11:33.945+0000] {logging_mixin.py:190} INFO - Sample TSLA data
[2024-11-05T05:11:33.973+0000] {logging_mixin.py:190} INFO -    2024-11-04 14:30:00+00:00  244.55999755859375  ...  244.50999450683594  3887099
0  2024-11-04 14:31:00+00:00          242.990005  ...          244.692505   748756
1  2024-11-04 14:32:00+00:00          242.009995  ...          242.999893   661055
2  2024-11-04 14:33:00+00:00          241.585007  ...          242.009995   556079
3  2024-11-04 14:34:00+00:00          241.677399  ...          241.600006   468337
4  2024-11-04 14:35:00+00:00          240.919998  ...          241.720001   679752

[5 rows x 7 columns]
[2024-11-05T05:11:33.974+0000] {python.py:240} INFO - Done. Returned value was: None
[2024-11-05T05:11:33.988+0000] {taskinstance.py:340} INFO - ::group::Post task execution logs
[2024-11-05T05:11:33.989+0000] {taskinstance.py:352} INFO - Marking task as SUCCESS. dag_id=marketvol, task_id=query, run_id=manual__2024-11-05T05:01:10.865380+00:00, execution_date=20241105T050110, start_date=20241105T051133, end_date=20241105T051133
[2024-11-05T05:11:34.007+0000] {logging_mixin.py:190} INFO - Task instance in success state
[2024-11-05T05:11:34.008+0000] {logging_mixin.py:190} INFO -  Previous state of the Task instance: running
[2024-11-05T05:11:34.009+0000] {logging_mixin.py:190} INFO - Dag name:marketvol queued_at:2024-11-05 05:01:10.902209+00:00
[2024-11-05T05:11:34.010+0000] {logging_mixin.py:190} INFO - Task hostname:86283349870f operator:PythonOperator
[2024-11-05T05:11:34.060+0000] {local_task_job_runner.py:266} INFO - Task exited with return code 0
[2024-11-05T05:11:34.085+0000] {taskinstance.py:3900} INFO - 0 downstream tasks scheduled from follow-on schedule check
[2024-11-05T05:11:34.089+0000] {local_task_job_runner.py:245} INFO - ::endgroup::
