[2024-11-05T05:11:15.319+0000] {local_task_job_runner.py:123} INFO - ::group::Pre task execution logs
[2024-11-05T05:11:15.350+0000] {taskinstance.py:2612} INFO - Dependencies all met for dep_context=non-requeueable deps ti=<TaskInstance: marketvol.get_data_AAPL manual__2024-11-05T05:11:08.089700+00:00 [queued]>
[2024-11-05T05:11:15.366+0000] {taskinstance.py:2612} INFO - Dependencies all met for dep_context=requeueable deps ti=<TaskInstance: marketvol.get_data_AAPL manual__2024-11-05T05:11:08.089700+00:00 [queued]>
[2024-11-05T05:11:15.367+0000] {taskinstance.py:2865} INFO - Starting attempt 1 of 3
[2024-11-05T05:11:15.401+0000] {taskinstance.py:2888} INFO - Executing <Task(PythonOperator): get_data_AAPL> on 2024-11-05 05:11:08.089700+00:00
[2024-11-05T05:11:15.412+0000] {warnings.py:112} WARNING - /home/***/.local/lib/python3.12/site-packages/***/task/task_runner/standard_task_runner.py:70: DeprecationWarning: This process (pid=757) is multi-threaded, use of fork() may lead to deadlocks in the child.
  pid = os.fork()

[2024-11-05T05:11:15.415+0000] {standard_task_runner.py:72} INFO - Started process 767 to run task
[2024-11-05T05:11:15.416+0000] {standard_task_runner.py:104} INFO - Running: ['***', 'tasks', 'run', 'marketvol', 'get_data_AAPL', 'manual__2024-11-05T05:11:08.089700+00:00', '--job-id', '28', '--raw', '--subdir', 'DAGS_FOLDER/Airflow_Miniproj.py', '--cfg-path', '/tmp/tmp5xaz_6dp']
[2024-11-05T05:11:15.418+0000] {standard_task_runner.py:105} INFO - Job 28: Subtask get_data_AAPL
[2024-11-05T05:11:15.510+0000] {task_command.py:467} INFO - Running <TaskInstance: marketvol.get_data_AAPL manual__2024-11-05T05:11:08.089700+00:00 [running]> on host 86283349870f
[2024-11-05T05:11:15.682+0000] {taskinstance.py:3131} INFO - Exporting env vars: AIRFLOW_CTX_DAG_OWNER='Margaret' AIRFLOW_CTX_DAG_ID='marketvol' AIRFLOW_CTX_TASK_ID='get_data_AAPL' AIRFLOW_CTX_EXECUTION_DATE='2024-11-05T05:11:08.089700+00:00' AIRFLOW_CTX_TRY_NUMBER='1' AIRFLOW_CTX_DAG_RUN_ID='manual__2024-11-05T05:11:08.089700+00:00'
[2024-11-05T05:11:15.685+0000] {logging_mixin.py:190} INFO - Task instance is in running state
[2024-11-05T05:11:15.687+0000] {logging_mixin.py:190} INFO -  Previous state of the Task instance: queued
[2024-11-05T05:11:15.689+0000] {logging_mixin.py:190} INFO - Current task name:get_data_AAPL state:running start_date:2024-11-05 05:11:15.351929+00:00
[2024-11-05T05:11:15.689+0000] {logging_mixin.py:190} INFO - Dag name:marketvol and current dag run status:running
[2024-11-05T05:11:15.690+0000] {taskinstance.py:731} INFO - ::endgroup::
[2024-11-05T05:11:16.111+0000] {logging_mixin.py:190} WARNING - [*********************100%***********************]  1 of 1 completed
[2024-11-05T05:11:16.150+0000] {python.py:240} INFO - Done. Returned value was: None
[2024-11-05T05:11:16.173+0000] {taskinstance.py:340} INFO - ::group::Post task execution logs
[2024-11-05T05:11:16.174+0000] {taskinstance.py:352} INFO - Marking task as SUCCESS. dag_id=marketvol, task_id=get_data_AAPL, run_id=manual__2024-11-05T05:11:08.089700+00:00, execution_date=20241105T051108, start_date=20241105T051115, end_date=20241105T051116
[2024-11-05T05:11:16.202+0000] {logging_mixin.py:190} INFO - Task instance in success state
[2024-11-05T05:11:16.203+0000] {logging_mixin.py:190} INFO -  Previous state of the Task instance: running
[2024-11-05T05:11:16.204+0000] {logging_mixin.py:190} INFO - Dag name:marketvol queued_at:2024-11-05 05:11:08.113228+00:00
[2024-11-05T05:11:16.205+0000] {logging_mixin.py:190} INFO - Task hostname:86283349870f operator:PythonOperator
[2024-11-05T05:11:16.276+0000] {local_task_job_runner.py:266} INFO - Task exited with return code 0
[2024-11-05T05:11:16.366+0000] {taskinstance.py:3900} INFO - 1 downstream tasks scheduled from follow-on schedule check
[2024-11-05T05:11:16.404+0000] {local_task_job_runner.py:245} INFO - ::endgroup::
