[2024-11-05T00:53:49.022+0000] {local_task_job_runner.py:123} INFO - ::group::Pre task execution logs
[2024-11-05T00:53:49.053+0000] {taskinstance.py:2612} INFO - Dependencies all met for dep_context=non-requeueable deps ti=<TaskInstance: marketvol.temp_dir manual__2024-11-04T23:53:26.624508+00:00 [queued]>
[2024-11-05T00:53:49.070+0000] {taskinstance.py:2612} INFO - Dependencies all met for dep_context=requeueable deps ti=<TaskInstance: marketvol.temp_dir manual__2024-11-04T23:53:26.624508+00:00 [queued]>
[2024-11-05T00:53:49.073+0000] {taskinstance.py:2865} INFO - Starting attempt 2 of 4
[2024-11-05T00:53:49.099+0000] {taskinstance.py:2888} INFO - Executing <Task(BashOperator): temp_dir> on 2024-11-04 23:53:26.624508+00:00
[2024-11-05T00:53:49.110+0000] {warnings.py:112} WARNING - /home/***/.local/lib/python3.12/site-packages/***/task/task_runner/standard_task_runner.py:70: DeprecationWarning: This process (pid=106) is multi-threaded, use of fork() may lead to deadlocks in the child.
  pid = os.fork()

[2024-11-05T00:53:49.114+0000] {standard_task_runner.py:72} INFO - Started process 108 to run task
[2024-11-05T00:53:49.115+0000] {standard_task_runner.py:104} INFO - Running: ['***', 'tasks', 'run', 'marketvol', 'temp_dir', 'manual__2024-11-04T23:53:26.624508+00:00', '--job-id', '15', '--raw', '--subdir', 'DAGS_FOLDER/Airflow_Miniproj.py', '--cfg-path', '/tmp/tmphh2_p5bm']
[2024-11-05T00:53:49.117+0000] {standard_task_runner.py:105} INFO - Job 15: Subtask temp_dir
[2024-11-05T00:53:49.188+0000] {task_command.py:467} INFO - Running <TaskInstance: marketvol.temp_dir manual__2024-11-04T23:53:26.624508+00:00 [running]> on host d7b7a8e3e7b2
[2024-11-05T00:53:49.332+0000] {taskinstance.py:3131} INFO - Exporting env vars: AIRFLOW_CTX_DAG_OWNER='Margaret' AIRFLOW_CTX_DAG_ID='marketvol' AIRFLOW_CTX_TASK_ID='temp_dir' AIRFLOW_CTX_EXECUTION_DATE='2024-11-04T23:53:26.624508+00:00' AIRFLOW_CTX_TRY_NUMBER='2' AIRFLOW_CTX_DAG_RUN_ID='manual__2024-11-04T23:53:26.624508+00:00'
[2024-11-05T00:53:49.334+0000] {logging_mixin.py:190} INFO - Task instance is in running state
[2024-11-05T00:53:49.335+0000] {logging_mixin.py:190} INFO -  Previous state of the Task instance: queued
[2024-11-05T00:53:49.336+0000] {logging_mixin.py:190} INFO - Current task name:temp_dir state:running start_date:2024-11-05 00:53:49.054033+00:00
[2024-11-05T00:53:49.336+0000] {logging_mixin.py:190} INFO - Dag name:marketvol and current dag run status:running
[2024-11-05T00:53:49.337+0000] {taskinstance.py:731} INFO - ::endgroup::
[2024-11-05T00:53:49.338+0000] {subprocess.py:63} INFO - Tmp dir root location: /tmp
[2024-11-05T00:53:49.340+0000] {subprocess.py:75} INFO - Running command: ['/usr/bin/bash', '-c', 'mkdir -p /tmp/data/2024-11-04']
[2024-11-05T00:53:49.358+0000] {subprocess.py:86} INFO - Output:
[2024-11-05T00:53:49.364+0000] {subprocess.py:97} INFO - Command exited with return code 0
[2024-11-05T00:53:49.402+0000] {taskinstance.py:340} INFO - ::group::Post task execution logs
[2024-11-05T00:53:49.403+0000] {taskinstance.py:352} INFO - Marking task as SUCCESS. dag_id=marketvol, task_id=temp_dir, run_id=manual__2024-11-04T23:53:26.624508+00:00, execution_date=20241104T235326, start_date=20241105T005349, end_date=20241105T005349
[2024-11-05T00:53:49.426+0000] {logging_mixin.py:190} INFO - Task instance in success state
[2024-11-05T00:53:49.427+0000] {logging_mixin.py:190} INFO -  Previous state of the Task instance: running
[2024-11-05T00:53:49.427+0000] {logging_mixin.py:190} INFO - Dag name:marketvol queued_at:2024-11-05 00:53:39.040164+00:00
[2024-11-05T00:53:49.428+0000] {logging_mixin.py:190} INFO - Task hostname:d7b7a8e3e7b2 operator:BashOperator
[2024-11-05T00:53:49.452+0000] {local_task_job_runner.py:266} INFO - Task exited with return code 0
[2024-11-05T00:53:49.498+0000] {taskinstance.py:3900} INFO - 2 downstream tasks scheduled from follow-on schedule check
[2024-11-05T00:53:49.503+0000] {local_task_job_runner.py:245} INFO - ::endgroup::
