[2024-11-05T05:01:22.267+0000] {local_task_job_runner.py:123} INFO - ::group::Pre task execution logs
[2024-11-05T05:01:22.302+0000] {taskinstance.py:2612} INFO - Dependencies all met for dep_context=non-requeueable deps ti=<TaskInstance: marketvol.tmp_move_TSLA manual__2024-11-05T05:01:10.865380+00:00 [queued]>
[2024-11-05T05:01:22.321+0000] {taskinstance.py:2612} INFO - Dependencies all met for dep_context=requeueable deps ti=<TaskInstance: marketvol.tmp_move_TSLA manual__2024-11-05T05:01:10.865380+00:00 [queued]>
[2024-11-05T05:01:22.322+0000] {taskinstance.py:2865} INFO - Starting attempt 1 of 3
[2024-11-05T05:01:22.358+0000] {taskinstance.py:2888} INFO - Executing <Task(BashOperator): tmp_move_TSLA> on 2024-11-05 05:01:10.865380+00:00
[2024-11-05T05:01:22.368+0000] {warnings.py:112} WARNING - /home/***/.local/lib/python3.12/site-packages/***/task/task_runner/standard_task_runner.py:70: DeprecationWarning: This process (pid=582) is multi-threaded, use of fork() may lead to deadlocks in the child.
  pid = os.fork()

[2024-11-05T05:01:22.372+0000] {standard_task_runner.py:72} INFO - Started process 593 to run task
[2024-11-05T05:01:22.374+0000] {standard_task_runner.py:104} INFO - Running: ['***', 'tasks', 'run', 'marketvol', 'tmp_move_TSLA', 'manual__2024-11-05T05:01:10.865380+00:00', '--job-id', '17', '--raw', '--subdir', 'DAGS_FOLDER/Airflow_Miniproj.py', '--cfg-path', '/tmp/tmpblh_51x3']
[2024-11-05T05:01:22.377+0000] {standard_task_runner.py:105} INFO - Job 17: Subtask tmp_move_TSLA
[2024-11-05T05:01:22.500+0000] {task_command.py:467} INFO - Running <TaskInstance: marketvol.tmp_move_TSLA manual__2024-11-05T05:01:10.865380+00:00 [running]> on host 86283349870f
[2024-11-05T05:01:22.694+0000] {taskinstance.py:3131} INFO - Exporting env vars: AIRFLOW_CTX_DAG_OWNER='Margaret' AIRFLOW_CTX_DAG_ID='marketvol' AIRFLOW_CTX_TASK_ID='tmp_move_TSLA' AIRFLOW_CTX_EXECUTION_DATE='2024-11-05T05:01:10.865380+00:00' AIRFLOW_CTX_TRY_NUMBER='1' AIRFLOW_CTX_DAG_RUN_ID='manual__2024-11-05T05:01:10.865380+00:00'
[2024-11-05T05:01:22.698+0000] {logging_mixin.py:190} INFO - Task instance is in running state
[2024-11-05T05:01:22.700+0000] {logging_mixin.py:190} INFO -  Previous state of the Task instance: queued
[2024-11-05T05:01:22.702+0000] {logging_mixin.py:190} INFO - Current task name:tmp_move_TSLA state:running start_date:2024-11-05 05:01:22.303241+00:00
[2024-11-05T05:01:22.703+0000] {logging_mixin.py:190} INFO - Dag name:marketvol and current dag run status:running
[2024-11-05T05:01:22.704+0000] {taskinstance.py:731} INFO - ::endgroup::
[2024-11-05T05:01:22.706+0000] {subprocess.py:63} INFO - Tmp dir root location: /tmp
[2024-11-05T05:01:22.708+0000] {subprocess.py:75} INFO - Running command: ['/usr/bin/bash', '-c', 'mv /opt/***/TSLA_data.csv /tmp/data/2024-11-05/']
[2024-11-05T05:01:22.730+0000] {subprocess.py:86} INFO - Output:
[2024-11-05T05:01:22.739+0000] {subprocess.py:97} INFO - Command exited with return code 0
[2024-11-05T05:01:22.801+0000] {taskinstance.py:340} INFO - ::group::Post task execution logs
[2024-11-05T05:01:22.802+0000] {taskinstance.py:352} INFO - Marking task as SUCCESS. dag_id=marketvol, task_id=tmp_move_TSLA, run_id=manual__2024-11-05T05:01:10.865380+00:00, execution_date=20241105T050110, start_date=20241105T050122, end_date=20241105T050122
[2024-11-05T05:01:22.835+0000] {logging_mixin.py:190} INFO - Task instance in success state
[2024-11-05T05:01:22.836+0000] {logging_mixin.py:190} INFO -  Previous state of the Task instance: running
[2024-11-05T05:01:22.837+0000] {logging_mixin.py:190} INFO - Dag name:marketvol queued_at:2024-11-05 05:01:10.902209+00:00
[2024-11-05T05:01:22.838+0000] {logging_mixin.py:190} INFO - Task hostname:86283349870f operator:BashOperator
[2024-11-05T05:01:22.874+0000] {local_task_job_runner.py:266} INFO - Task exited with return code 0
[2024-11-05T05:01:22.941+0000] {taskinstance.py:3900} INFO - 0 downstream tasks scheduled from follow-on schedule check
[2024-11-05T05:01:22.949+0000] {local_task_job_runner.py:245} INFO - ::endgroup::
