[2024-11-04T23:53:36.935+0000] {local_task_job_runner.py:123} INFO - ::group::Pre task execution logs
[2024-11-04T23:53:36.959+0000] {taskinstance.py:2612} INFO - Dependencies all met for dep_context=non-requeueable deps ti=<TaskInstance: marketvol.get_data_TSLA manual__2024-11-04T23:53:26.624508+00:00 [queued]>
[2024-11-04T23:53:36.968+0000] {taskinstance.py:2612} INFO - Dependencies all met for dep_context=requeueable deps ti=<TaskInstance: marketvol.get_data_TSLA manual__2024-11-04T23:53:26.624508+00:00 [queued]>
[2024-11-04T23:53:36.973+0000] {taskinstance.py:2865} INFO - Starting attempt 1 of 3
[2024-11-04T23:53:36.999+0000] {taskinstance.py:2888} INFO - Executing <Task(PythonOperator): get_data_TSLA> on 2024-11-04 23:53:26.624508+00:00
[2024-11-04T23:53:37.007+0000] {warnings.py:112} WARNING - /home/***/.local/lib/python3.12/site-packages/***/task/task_runner/standard_task_runner.py:70: DeprecationWarning: This process (pid=15836) is multi-threaded, use of fork() may lead to deadlocks in the child.
  pid = os.fork()

[2024-11-04T23:53:37.009+0000] {standard_task_runner.py:72} INFO - Started process 15849 to run task
[2024-11-04T23:53:37.009+0000] {standard_task_runner.py:104} INFO - Running: ['***', 'tasks', 'run', 'marketvol', 'get_data_TSLA', 'manual__2024-11-04T23:53:26.624508+00:00', '--job-id', '6', '--raw', '--subdir', 'DAGS_FOLDER/Airflow_Miniproj.py', '--cfg-path', '/tmp/tmp9l9o479s']
[2024-11-04T23:53:37.011+0000] {standard_task_runner.py:105} INFO - Job 6: Subtask get_data_TSLA
[2024-11-04T23:53:37.068+0000] {task_command.py:467} INFO - Running <TaskInstance: marketvol.get_data_TSLA manual__2024-11-04T23:53:26.624508+00:00 [running]> on host 2e0e50a1433f
[2024-11-04T23:53:37.221+0000] {taskinstance.py:3131} INFO - Exporting env vars: AIRFLOW_CTX_DAG_OWNER='Margaret' AIRFLOW_CTX_DAG_ID='marketvol' AIRFLOW_CTX_TASK_ID='get_data_TSLA' AIRFLOW_CTX_EXECUTION_DATE='2024-11-04T23:53:26.624508+00:00' AIRFLOW_CTX_TRY_NUMBER='1' AIRFLOW_CTX_DAG_RUN_ID='manual__2024-11-04T23:53:26.624508+00:00'
[2024-11-04T23:53:37.224+0000] {logging_mixin.py:190} INFO - Task instance is in running state
[2024-11-04T23:53:37.224+0000] {logging_mixin.py:190} INFO -  Previous state of the Task instance: queued
[2024-11-04T23:53:37.225+0000] {logging_mixin.py:190} INFO - Current task name:get_data_TSLA state:running start_date:2024-11-04 23:53:36.959774+00:00
[2024-11-04T23:53:37.226+0000] {logging_mixin.py:190} INFO - Dag name:marketvol and current dag run status:running
[2024-11-04T23:53:37.227+0000] {taskinstance.py:731} INFO - ::endgroup::
[2024-11-04T23:53:37.597+0000] {logging_mixin.py:190} WARNING - [*********************100%***********************]  1 of 1 completed
[2024-11-04T23:53:37.637+0000] {python.py:240} INFO - Done. Returned value was: None
[2024-11-04T23:53:37.654+0000] {taskinstance.py:340} INFO - ::group::Post task execution logs
[2024-11-04T23:53:37.656+0000] {taskinstance.py:352} INFO - Marking task as SUCCESS. dag_id=marketvol, task_id=get_data_TSLA, run_id=manual__2024-11-04T23:53:26.624508+00:00, execution_date=20241104T235326, start_date=20241104T235336, end_date=20241104T235337
[2024-11-04T23:53:37.676+0000] {logging_mixin.py:190} INFO - Task instance in success state
[2024-11-04T23:53:37.678+0000] {logging_mixin.py:190} INFO -  Previous state of the Task instance: running
[2024-11-04T23:53:37.679+0000] {logging_mixin.py:190} INFO - Dag name:marketvol queued_at:2024-11-04 23:53:26.683633+00:00
[2024-11-04T23:53:37.680+0000] {logging_mixin.py:190} INFO - Task hostname:2e0e50a1433f operator:PythonOperator
[2024-11-04T23:53:37.707+0000] {local_task_job_runner.py:266} INFO - Task exited with return code 0
[2024-11-04T23:53:37.766+0000] {taskinstance.py:3900} INFO - 1 downstream tasks scheduled from follow-on schedule check
[2024-11-04T23:53:37.782+0000] {local_task_job_runner.py:245} INFO - ::endgroup::
