[2024-11-05T00:59:02.583+0000] {local_task_job_runner.py:123} INFO - ::group::Pre task execution logs
[2024-11-05T00:59:02.621+0000] {taskinstance.py:2612} INFO - Dependencies all met for dep_context=non-requeueable deps ti=<TaskInstance: marketvol.tmp_move_TSLA manual__2024-11-04T23:53:26.624508+00:00 [queued]>
[2024-11-05T00:59:02.642+0000] {taskinstance.py:2612} INFO - Dependencies all met for dep_context=requeueable deps ti=<TaskInstance: marketvol.tmp_move_TSLA manual__2024-11-04T23:53:26.624508+00:00 [queued]>
[2024-11-05T00:59:02.645+0000] {taskinstance.py:2865} INFO - Starting attempt 5 of 6
[2024-11-05T00:59:02.688+0000] {taskinstance.py:2888} INFO - Executing <Task(BashOperator): tmp_move_TSLA> on 2024-11-04 23:53:26.624508+00:00
[2024-11-05T00:59:02.700+0000] {warnings.py:112} WARNING - /home/***/.local/lib/python3.12/site-packages/***/task/task_runner/standard_task_runner.py:70: DeprecationWarning: This process (pid=198) is multi-threaded, use of fork() may lead to deadlocks in the child.
  pid = os.fork()

[2024-11-05T00:59:02.703+0000] {standard_task_runner.py:72} INFO - Started process 203 to run task
[2024-11-05T00:59:02.704+0000] {standard_task_runner.py:104} INFO - Running: ['***', 'tasks', 'run', 'marketvol', 'tmp_move_TSLA', 'manual__2024-11-04T23:53:26.624508+00:00', '--job-id', '20', '--raw', '--subdir', 'DAGS_FOLDER/Airflow_Miniproj.py', '--cfg-path', '/tmp/tmpx_mx0heq']
[2024-11-05T00:59:02.707+0000] {standard_task_runner.py:105} INFO - Job 20: Subtask tmp_move_TSLA
[2024-11-05T00:59:02.829+0000] {task_command.py:467} INFO - Running <TaskInstance: marketvol.tmp_move_TSLA manual__2024-11-04T23:53:26.624508+00:00 [running]> on host d7b7a8e3e7b2
[2024-11-05T00:59:03.059+0000] {taskinstance.py:3131} INFO - Exporting env vars: AIRFLOW_CTX_DAG_OWNER='Margaret' AIRFLOW_CTX_DAG_ID='marketvol' AIRFLOW_CTX_TASK_ID='tmp_move_TSLA' AIRFLOW_CTX_EXECUTION_DATE='2024-11-04T23:53:26.624508+00:00' AIRFLOW_CTX_TRY_NUMBER='5' AIRFLOW_CTX_DAG_RUN_ID='manual__2024-11-04T23:53:26.624508+00:00'
[2024-11-05T00:59:03.062+0000] {logging_mixin.py:190} INFO - Task instance is in running state
[2024-11-05T00:59:03.064+0000] {logging_mixin.py:190} INFO -  Previous state of the Task instance: queued
[2024-11-05T00:59:03.065+0000] {logging_mixin.py:190} INFO - Current task name:tmp_move_TSLA state:running start_date:2024-11-05 00:59:02.622785+00:00
[2024-11-05T00:59:03.066+0000] {logging_mixin.py:190} INFO - Dag name:marketvol and current dag run status:running
[2024-11-05T00:59:03.067+0000] {taskinstance.py:731} INFO - ::endgroup::
[2024-11-05T00:59:03.070+0000] {subprocess.py:63} INFO - Tmp dir root location: /tmp
[2024-11-05T00:59:03.072+0000] {subprocess.py:75} INFO - Running command: ['/usr/bin/bash', '-c', 'mv /opt/***/TSLA_data.csv /tmp/data/2024-11-04/']
[2024-11-05T00:59:03.092+0000] {subprocess.py:86} INFO - Output:
[2024-11-05T00:59:03.101+0000] {subprocess.py:97} INFO - Command exited with return code 0
[2024-11-05T00:59:03.157+0000] {taskinstance.py:340} INFO - ::group::Post task execution logs
[2024-11-05T00:59:03.159+0000] {taskinstance.py:352} INFO - Marking task as SUCCESS. dag_id=marketvol, task_id=tmp_move_TSLA, run_id=manual__2024-11-04T23:53:26.624508+00:00, execution_date=20241104T235326, start_date=20241105T005902, end_date=20241105T005903
[2024-11-05T00:59:03.191+0000] {logging_mixin.py:190} INFO - Task instance in success state
[2024-11-05T00:59:03.192+0000] {logging_mixin.py:190} INFO -  Previous state of the Task instance: running
[2024-11-05T00:59:03.194+0000] {logging_mixin.py:190} INFO - Dag name:marketvol queued_at:2024-11-05 00:53:39.040164+00:00
[2024-11-05T00:59:03.195+0000] {logging_mixin.py:190} INFO - Task hostname:d7b7a8e3e7b2 operator:BashOperator
[2024-11-05T00:59:03.244+0000] {local_task_job_runner.py:266} INFO - Task exited with return code 0
[2024-11-05T00:59:03.290+0000] {taskinstance.py:3900} INFO - 0 downstream tasks scheduled from follow-on schedule check
[2024-11-05T00:59:03.294+0000] {local_task_job_runner.py:245} INFO - ::endgroup::
