[2024-11-05T01:03:42.520-0500] {local_task_job_runner.py:123} INFO - ::group::Pre task execution logs
[2024-11-05T01:03:42.544-0500] {taskinstance.py:2612} INFO - Dependencies all met for dep_context=non-requeueable deps ti=<TaskInstance: marketvol.get_data_TSLA manual__2024-11-05T06:03:33.987465+00:00 [queued]>
[2024-11-05T01:03:42.557-0500] {taskinstance.py:2612} INFO - Dependencies all met for dep_context=requeueable deps ti=<TaskInstance: marketvol.get_data_TSLA manual__2024-11-05T06:03:33.987465+00:00 [queued]>
[2024-11-05T01:03:42.558-0500] {taskinstance.py:2865} INFO - Starting attempt 1 of 3
[2024-11-05T01:03:42.575-0500] {taskinstance.py:2888} INFO - Executing <Task(PythonOperator): get_data_TSLA> on 2024-11-05 06:03:33.987465+00:00
[2024-11-05T01:03:42.582-0500] {warnings.py:112} WARNING - /home/***/.local/lib/python3.12/site-packages/***/task/task_runner/standard_task_runner.py:70: DeprecationWarning: This process (pid=350) is multi-threaded, use of fork() may lead to deadlocks in the child.
  pid = os.fork()

[2024-11-05T01:03:42.585-0500] {standard_task_runner.py:72} INFO - Started process 354 to run task
[2024-11-05T01:03:42.586-0500] {standard_task_runner.py:104} INFO - Running: ['***', 'tasks', 'run', 'marketvol', 'get_data_TSLA', 'manual__2024-11-05T06:03:33.987465+00:00', '--job-id', '4', '--raw', '--subdir', 'DAGS_FOLDER/Airflow_Miniproj.py', '--cfg-path', '/tmp/tmpb5kwm2sr']
[2024-11-05T01:03:42.587-0500] {standard_task_runner.py:105} INFO - Job 4: Subtask get_data_TSLA
[2024-11-05T01:03:42.665-0500] {task_command.py:467} INFO - Running <TaskInstance: marketvol.get_data_TSLA manual__2024-11-05T06:03:33.987465+00:00 [running]> on host a88b4f89c887
[2024-11-05T01:03:42.775-0500] {taskinstance.py:3131} INFO - Exporting env vars: AIRFLOW_CTX_DAG_OWNER='Margaret' AIRFLOW_CTX_DAG_ID='marketvol' AIRFLOW_CTX_TASK_ID='get_data_TSLA' AIRFLOW_CTX_EXECUTION_DATE='2024-11-05T06:03:33.987465+00:00' AIRFLOW_CTX_TRY_NUMBER='1' AIRFLOW_CTX_DAG_RUN_ID='manual__2024-11-05T06:03:33.987465+00:00'
[2024-11-05T01:03:42.777-0500] {logging_mixin.py:190} INFO - Task instance is in running state
[2024-11-05T01:03:42.778-0500] {logging_mixin.py:190} INFO -  Previous state of the Task instance: queued
[2024-11-05T01:03:42.778-0500] {logging_mixin.py:190} INFO - Current task name:get_data_TSLA state:running start_date:2024-11-05 06:03:42.545809+00:00
[2024-11-05T01:03:42.779-0500] {logging_mixin.py:190} INFO - Dag name:marketvol and current dag run status:running
[2024-11-05T01:03:42.780-0500] {taskinstance.py:731} INFO - ::endgroup::
[2024-11-05T01:03:43.377-0500] {logging_mixin.py:190} WARNING - [*********************100%***********************]  1 of 1 completed
[2024-11-05T01:03:43.400-0500] {python.py:240} INFO - Done. Returned value was: None
[2024-11-05T01:03:43.410-0500] {taskinstance.py:340} INFO - ::group::Post task execution logs
[2024-11-05T01:03:43.411-0500] {taskinstance.py:352} INFO - Marking task as SUCCESS. dag_id=marketvol, task_id=get_data_TSLA, run_id=manual__2024-11-05T06:03:33.987465+00:00, execution_date=20241105T060333, start_date=20241105T060342, end_date=20241105T060343
[2024-11-05T01:03:43.426-0500] {logging_mixin.py:190} INFO - Task instance in success state
[2024-11-05T01:03:43.427-0500] {logging_mixin.py:190} INFO -  Previous state of the Task instance: running
[2024-11-05T01:03:43.428-0500] {logging_mixin.py:190} INFO - Dag name:marketvol queued_at:2024-11-05 06:03:34.014739+00:00
[2024-11-05T01:03:43.429-0500] {logging_mixin.py:190} INFO - Task hostname:a88b4f89c887 operator:PythonOperator
[2024-11-05T01:03:43.444-0500] {local_task_job_runner.py:266} INFO - Task exited with return code 0
[2024-11-05T01:03:43.477-0500] {taskinstance.py:3900} INFO - 1 downstream tasks scheduled from follow-on schedule check
[2024-11-05T01:03:43.494-0500] {local_task_job_runner.py:245} INFO - ::endgroup::
